[
  {
    "Plan": {
      "Node Type": "Aggregate",
      "Strategy": "Sorted",
      "Partial Mode": "Finalize",
      "Parallel Aware": false,
      "Async Capable": false,
      "Startup Cost": 222004.84,
      "Total Cost": 222083.88,
      "Plan Rows": 7,
      "Plan Width": 19,
      "Actual Startup Time": 1234.046,
      "Actual Total Time": 1240.661,
      "Actual Rows": 7,
      "Actual Loops": 1,
      "Group Key": [
        "lineitem.l_shipmode"
      ],
      "Shared Hit Blocks": 1606,
      "Shared Read Blocks": 148360,
      "Shared Dirtied Blocks": 0,
      "Shared Written Blocks": 0,
      "Local Hit Blocks": 0,
      "Local Read Blocks": 0,
      "Local Dirtied Blocks": 0,
      "Local Written Blocks": 0,
      "Temp Read Blocks": 0,
      "Temp Written Blocks": 0,
      "Plans": [
        {
          "Node Type": "Gather Merge",
          "Parent Relationship": "Outer",
          "Parallel Aware": false,
          "Async Capable": false,
          "Startup Cost": 222004.84,
          "Total Cost": 222083.74,
          "Plan Rows": 14,
          "Plan Width": 19,
          "Actual Startup Time": 1233.274,
          "Actual Total Time": 1240.637,
          "Actual Rows": 21,
          "Actual Loops": 1,
          "Workers Planned": 2,
          "Workers Launched": 2,
          "Shared Hit Blocks": 1606,
          "Shared Read Blocks": 148360,
          "Shared Dirtied Blocks": 0,
          "Shared Written Blocks": 0,
          "Local Hit Blocks": 0,
          "Local Read Blocks": 0,
          "Local Dirtied Blocks": 0,
          "Local Written Blocks": 0,
          "Temp Read Blocks": 0,
          "Temp Written Blocks": 0,
          "Plans": [
            {
              "Node Type": "Aggregate",
              "Strategy": "Sorted",
              "Partial Mode": "Partial",
              "Parent Relationship": "Outer",
              "Parallel Aware": false,
              "Async Capable": false,
              "Startup Cost": 221004.81,
              "Total Cost": 221082.1,
              "Plan Rows": 7,
              "Plan Width": 19,
              "Actual Startup Time": 1192.506,
              "Actual Total Time": 1195.955,
              "Actual Rows": 7,
              "Actual Loops": 3,
              "Group Key": [
                "lineitem.l_shipmode"
              ],
              "Shared Hit Blocks": 1606,
              "Shared Read Blocks": 148360,
              "Shared Dirtied Blocks": 0,
              "Shared Written Blocks": 0,
              "Local Hit Blocks": 0,
              "Local Read Blocks": 0,
              "Local Dirtied Blocks": 0,
              "Local Written Blocks": 0,
              "Temp Read Blocks": 0,
              "Temp Written Blocks": 0,
              "Workers": [],
              "Plans": [
                {
                  "Node Type": "Sort",
                  "Parent Relationship": "Outer",
                  "Parallel Aware": false,
                  "Async Capable": false,
                  "Startup Cost": 221004.81,
                  "Total Cost": 221030.55,
                  "Plan Rows": 10296,
                  "Plan Width": 11,
                  "Actual Startup Time": 1191.953,
                  "Actual Total Time": 1193.175,
                  "Actual Rows": 29847,
                  "Actual Loops": 3,
                  "Sort Key": [
                    "lineitem.l_shipmode"
                  ],
                  "Sort Method": "quicksort",
                  "Sort Space Used": 769,
                  "Sort Space Type": "Memory",
                  "Shared Hit Blocks": 1606,
                  "Shared Read Blocks": 148360,
                  "Shared Dirtied Blocks": 0,
                  "Shared Written Blocks": 0,
                  "Local Hit Blocks": 0,
                  "Local Read Blocks": 0,
                  "Local Dirtied Blocks": 0,
                  "Local Written Blocks": 0,
                  "Temp Read Blocks": 0,
                  "Temp Written Blocks": 0,
                  "Workers": [
                    {
                      "Worker Number": 0,
                      "Sort Method": "quicksort",
                      "Sort Space Used": 1537,
                      "Sort Space Type": "Memory"
                    },
                    {
                      "Worker Number": 1,
                      "Sort Method": "quicksort",
                      "Sort Space Used": 769,
                      "Sort Space Type": "Memory"
                    }
                  ],
                  "Plans": [
                    {
                      "Node Type": "Hash Join",
                      "Parent Relationship": "Outer",
                      "Parallel Aware": true,
                      "Async Capable": false,
                      "Join Type": "Inner",
                      "Startup Cost": 178219.67,
                      "Total Cost": 220318.6,
                      "Plan Rows": 10296,
                      "Plan Width": 11,
                      "Actual Startup Time": 924.41,
                      "Actual Total Time": 1179.538,
                      "Actual Rows": 29847,
                      "Actual Loops": 3,
                      "Inner Unique": false,
                      "Hash Cond": "(orders.o_orderkey = lineitem.l_orderkey)",
                      "Join Filter": "(lineitem.l_extendedprice <= orders.o_totalprice)",
                      "Rows Removed by Join Filter": 64,
                      "Shared Hit Blocks": 1494,
                      "Shared Read Blocks": 148360,
                      "Shared Dirtied Blocks": 0,
                      "Shared Written Blocks": 0,
                      "Local Hit Blocks": 0,
                      "Local Read Blocks": 0,
                      "Local Dirtied Blocks": 0,
                      "Local Written Blocks": 0,
                      "Temp Read Blocks": 0,
                      "Temp Written Blocks": 0,
                      "Workers": [],
                      "Plans": [
                        {
                          "Node Type": "Seq Scan",
                          "Parent Relationship": "Outer",
                          "Parallel Aware": true,
                          "Async Capable": false,
                          "Relation Name": "orders",
                          "Alias": "orders",
                          "Startup Cost": 0.0,
                          "Total Cost": 36150.5,
                          "Plan Rows": 514449,
                          "Plan Width": 16,
                          "Actual Startup Time": 1.145,
                          "Actual Total Time": 150.842,
                          "Actual Rows": 410025,
                          "Actual Loops": 3,
                          "Filter": "(o_totalprice > '60000'::numeric)",
                          "Rows Removed by Filter": 89975,
                          "Shared Hit Blocks": 320,
                          "Shared Read Blocks": 28018,
                          "Shared Dirtied Blocks": 0,
                          "Shared Written Blocks": 0,
                          "Local Hit Blocks": 0,
                          "Local Read Blocks": 0,
                          "Local Dirtied Blocks": 0,
                          "Local Written Blocks": 0,
                          "Temp Read Blocks": 0,
                          "Temp Written Blocks": 0,
                          "Workers": []
                        },
                        {
                          "Node Type": "Hash",
                          "Parent Relationship": "Inner",
                          "Parallel Aware": true,
                          "Async Capable": false,
                          "Startup Cost": 177750.61,
                          "Total Cost": 177750.61,
                          "Plan Rows": 37525,
                          "Plan Width": 27,
                          "Actual Startup Time": 922.947,
                          "Actual Total Time": 922.948,
                          "Actual Rows": 32289,
                          "Actual Loops": 3,
                          "Hash Buckets": 131072,
                          "Original Hash Buckets": 131072,
                          "Hash Batches": 1,
                          "Original Hash Batches": 1,
                          "Peak Memory Usage": 7744,
                          "Shared Hit Blocks": 1144,
                          "Shared Read Blocks": 120342,
                          "Shared Dirtied Blocks": 0,
                          "Shared Written Blocks": 0,
                          "Local Hit Blocks": 0,
                          "Local Read Blocks": 0,
                          "Local Dirtied Blocks": 0,
                          "Local Written Blocks": 0,
                          "Temp Read Blocks": 0,
                          "Temp Written Blocks": 0,
                          "Workers": [],
                          "Plans": [
                            {
                              "Node Type": "Seq Scan",
                              "Parent Relationship": "Outer",
                              "Parallel Aware": true,
                              "Async Capable": false,
                              "Relation Name": "lineitem",
                              "Alias": "lineitem",
                              "Startup Cost": 0.0,
                              "Total Cost": 177750.61,
                              "Plan Rows": 37525,
                              "Plan Width": 27,
                              "Actual Startup Time": 0.738,
                              "Actual Total Time": 904.464,
                              "Actual Rows": 32289,
                              "Actual Loops": 3,
                              "Filter": "((l_commitdate < l_receiptdate) AND (l_shipdate < l_commitdate) AND (l_receiptdate >= '1994-01-01'::date) AND (l_receiptdate < '1995-01-01'::date) AND (l_extendedprice <= '70000'::numeric))",
                              "Rows Removed by Filter": 1968116,
                              "Shared Hit Blocks": 1144,
                              "Shared Read Blocks": 120342,
                              "Shared Dirtied Blocks": 0,
                              "Shared Written Blocks": 0,
                              "Local Hit Blocks": 0,
                              "Local Read Blocks": 0,
                              "Local Dirtied Blocks": 0,
                              "Local Written Blocks": 0,
                              "Temp Read Blocks": 0,
                              "Temp Written Blocks": 0,
                              "Workers": []
                            }
                          ]
                        }
                      ]
                    }
                  ]
                }
              ]
            }
          ]
        }
      ]
    },
    "Planning": {
      "Shared Hit Blocks": 32,
      "Shared Read Blocks": 2,
      "Shared Dirtied Blocks": 0,
      "Shared Written Blocks": 0,
      "Local Hit Blocks": 0,
      "Local Read Blocks": 0,
      "Local Dirtied Blocks": 0,
      "Local Written Blocks": 0,
      "Temp Read Blocks": 0,
      "Temp Written Blocks": 0
    },
    "Planning Time": 0.581,
    "Triggers": [],
    "Execution Time": 1241.118
  }
]