{
  "Node Type": "Aggregate",
  "Strategy": "Sorted",
  "Partial Mode": "Finalize",
  "Parallel Aware": false,
  "Async Capable": false,
  "Startup Cost": 194094.76,
  "Total Cost": 194096.03,
  "Plan Rows": 5,
  "Plan Width": 24,
  "Group Key": [
    "orders.o_orderpriority"
  ],
  "Plans": [
    {
      "Node Type": "Gather Merge",
      "Parent Relationship": "Outer",
      "Parallel Aware": false,
      "Async Capable": false,
      "Startup Cost": 194094.76,
      "Total Cost": 194095.93,
      "Plan Rows": 10,
      "Plan Width": 24,
      "Workers Planned": 2,
      "Workers Launched": 2,
      "Plans": [
        {
          "Node Type": "Sort",
          "Parent Relationship": "Outer",
          "Parallel Aware": false,
          "Async Capable": false,
          "Startup Cost": 193094.74,
          "Total Cost": 193094.75,
          "Plan Rows": 5,
          "Plan Width": 24,
          "Sort Key": [
            "orders.o_orderpriority"
          ],
          "Sort Method": "quicksort",
          "Sort Space Used": 25,
          "Sort Space Type": "Memory",
          "Workers": [
            {
              "Worker Number": 0,
              "Sort Method": "quicksort",
              "Sort Space Used": 25,
              "Sort Space Type": "Memory"
            },
            {
              "Worker Number": 1,
              "Sort Method": "quicksort",
              "Sort Space Used": 25,
              "Sort Space Type": "Memory"
            }
          ],
          "Plans": [
            {
              "Node Type": "Aggregate",
              "Strategy": "Hashed",
              "Partial Mode": "Partial",
              "Parent Relationship": "Outer",
              "Parallel Aware": false,
              "Async Capable": false,
              "Startup Cost": 193094.63,
              "Total Cost": 193094.68,
              "Plan Rows": 5,
              "Plan Width": 24,
              "Group Key": [
                "orders.o_orderpriority"
              ],
              "Planned Partitions": 0,
              "HashAgg Batches": 1,
              "Peak Memory Usage": 24,
              "Disk Usage": 0,
              "Workers": [
                {
                  "Worker Number": 0,
                  "HashAgg Batches": 1,
                  "Peak Memory Usage": 24,
                  "Disk Usage": 0
                },
                {
                  "Worker Number": 1,
                  "HashAgg Batches": 1,
                  "Peak Memory Usage": 24,
                  "Disk Usage": 0
                }
              ],
              "Plans": [
                {
                  "Node Type": "Hash Join",
                  "Parent Relationship": "Outer",
                  "Parallel Aware": true,
                  "Async Capable": false,
                  "Join Type": "Inner",
                  "Startup Cost": 38006.09,
                  "Total Cost": 192938.28,
                  "Plan Rows": 31270,
                  "Plan Width": 16,
                  "Inner Unique": true,
                  "Hash Cond": "(lineitem.l_orderkey = orders.o_orderkey)",
                  "Workers": [],
                  "Plans": [
                    {
                      "Node Type": "Seq Scan",
                      "Parent Relationship": "Outer",
                      "Parallel Aware": true,
                      "Async Capable": false,
                      "Relation Name": "lineitem",
                      "Alias": "lineitem",
                      "Startup Cost": 0.0,
                      "Total Cost": 152744.11,
                      "Plan Rows": 833550,
                      "Plan Width": 8,
                      "Filter": "(l_commitdate <= l_receiptdate)",
                      "Rows Removed by Filter": 719394,
                      "Workers": []
                    },
                    {
                      "Node Type": "Hash",
                      "Parent Relationship": "Inner",
                      "Parallel Aware": true,
                      "Async Capable": false,
                      "Startup Cost": 37713.0,
                      "Total Cost": 37713.0,
                      "Plan Rows": 23447,
                      "Plan Width": 24,
                      "Hash Buckets": 65536,
                      "Original Hash Buckets": 65536,
                      "Hash Batches": 1,
                      "Original Hash Batches": 1,
                      "Peak Memory Usage": 3680,
                      "Workers": [],
                      "Plans": [
                        {
                          "Node Type": "Seq Scan",
                          "Parent Relationship": "Outer",
                          "Parallel Aware": true,
                          "Async Capable": false,
                          "Relation Name": "orders",
                          "Alias": "orders",
                          "Startup Cost": 0.0,
                          "Total Cost": 37713.0,
                          "Plan Rows": 23447,
                          "Plan Width": 24,
                          "Filter": "((o_orderdate >= '1993-07-01'::date) AND (o_orderdate < '1993-10-01'::date))",
                          "Rows Removed by Filter": 480927,
                          "Workers": []
                        }
                      ]
                    }
                  ]
                }
              ]
            }
          ]
        }
      ]
    }
  ]
}