[
  {
    "Plan": {
      "Node Type": "Sort",
      "Parallel Aware": false,
      "Async Capable": false,
      "Startup Cost": 218527.61,
      "Total Cost": 218557.68,
      "Plan Rows": 12030,
      "Plan Width": 51,
      "Actual Startup Time": 1021.404,
      "Actual Total Time": 1033.624,
      "Actual Rows": 6910,
      "Actual Loops": 1,
      "Sort Key": [
        "(sum(((lineitem.l_extendedprice * ('1'::numeric - lineitem.l_discount)) + lineitem.l_quantity))) DESC",
        "orders.o_orderdate",
        "orders.o_shippriority"
      ],
      "Sort Method": "quicksort",
      "Sort Space Used": 516,
      "Sort Space Type": "Memory",
      "Shared Hit Blocks": 12156,
      "Shared Read Blocks": 141493,
      "Shared Dirtied Blocks": 0,
      "Shared Written Blocks": 0,
      "Local Hit Blocks": 0,
      "Local Read Blocks": 0,
      "Local Dirtied Blocks": 0,
      "Local Written Blocks": 0,
      "Temp Read Blocks": 0,
      "Temp Written Blocks": 0,
      "Plans": [
        {
          "Node Type": "Aggregate",
          "Strategy": "Sorted",
          "Partial Mode": "Finalize",
          "Parent Relationship": "Outer",
          "Parallel Aware": false,
          "Async Capable": false,
          "Startup Cost": 214453.99,
          "Total Cost": 217712.31,
          "Plan Rows": 12030,
          "Plan Width": 51,
          "Actual Startup Time": 987.426,
          "Actual Total Time": 1027.123,
          "Actual Rows": 6910,
          "Actual Loops": 1,
          "Group Key": [
            "orders.o_orderdate",
            "orders.o_shippriority",
            "customer.c_mktsegment"
          ],
          "Shared Hit Blocks": 12156,
          "Shared Read Blocks": 141493,
          "Shared Dirtied Blocks": 0,
          "Shared Written Blocks": 0,
          "Local Hit Blocks": 0,
          "Local Read Blocks": 0,
          "Local Dirtied Blocks": 0,
          "Local Written Blocks": 0,
          "Temp Read Blocks": 0,
          "Temp Written Blocks": 0,
          "Plans": [
            {
              "Node Type": "Gather Merge",
              "Parent Relationship": "Outer",
              "Parallel Aware": false,
              "Async Capable": false,
              "Startup Cost": 214453.99,
              "Total Cost": 217261.19,
              "Plan Rows": 24060,
              "Plan Width": 51,
              "Actual Startup Time": 987.407,
              "Actual Total Time": 1011.907,
              "Actual Rows": 20436,
              "Actual Loops": 1,
              "Workers Planned": 2,
              "Workers Launched": 2,
              "Shared Hit Blocks": 12156,
              "Shared Read Blocks": 141493,
              "Shared Dirtied Blocks": 0,
              "Shared Written Blocks": 0,
              "Local Hit Blocks": 0,
              "Local Read Blocks": 0,
              "Local Dirtied Blocks": 0,
              "Local Written Blocks": 0,
              "Temp Read Blocks": 0,
              "Temp Written Blocks": 0,
              "Plans": [
                {
                  "Node Type": "Sort",
                  "Parent Relationship": "Outer",
                  "Parallel Aware": false,
                  "Async Capable": false,
                  "Startup Cost": 213453.97,
                  "Total Cost": 213484.04,
                  "Plan Rows": 12030,
                  "Plan Width": 51,
                  "Actual Startup Time": 935.705,
                  "Actual Total Time": 936.503,
                  "Actual Rows": 6812,
                  "Actual Loops": 3,
                  "Sort Key": [
                    "orders.o_orderdate",
                    "orders.o_shippriority",
                    "customer.c_mktsegment"
                  ],
                  "Sort Method": "quicksort",
                  "Sort Space Used": 872,
                  "Sort Space Type": "Memory",
                  "Shared Hit Blocks": 12156,
                  "Shared Read Blocks": 141493,
                  "Shared Dirtied Blocks": 0,
                  "Shared Written Blocks": 0,
                  "Local Hit Blocks": 0,
                  "Local Read Blocks": 0,
                  "Local Dirtied Blocks": 0,
                  "Local Written Blocks": 0,
                  "Temp Read Blocks": 0,
                  "Temp Written Blocks": 0,
                  "Workers": [
                    {
                      "Worker Number": 0,
                      "Sort Method": "quicksort",
                      "Sort Space Used": 891,
                      "Sort Space Type": "Memory"
                    },
                    {
                      "Worker Number": 1,
                      "Sort Method": "quicksort",
                      "Sort Space Used": 890,
                      "Sort Space Type": "Memory"
                    }
                  ],
                  "Plans": [
                    {
                      "Node Type": "Aggregate",
                      "Strategy": "Hashed",
                      "Partial Mode": "Partial",
                      "Parent Relationship": "Outer",
                      "Parallel Aware": false,
                      "Async Capable": false,
                      "Startup Cost": 212488.3,
                      "Total Cost": 212638.67,
                      "Plan Rows": 12030,
                      "Plan Width": 51,
                      "Actual Startup Time": 926.782,
                      "Actual Total Time": 929.675,
                      "Actual Rows": 6812,
                      "Actual Loops": 3,
                      "Group Key": [
                        "orders.o_orderdate",
                        "orders.o_shippriority",
                        "customer.c_mktsegment"
                      ],
                      "Planned Partitions": 0,
                      "HashAgg Batches": 1,
                      "Peak Memory Usage": 3217,
                      "Disk Usage": 0,
                      "Shared Hit Blocks": 12112,
                      "Shared Read Blocks": 141493,
                      "Shared Dirtied Blocks": 0,
                      "Shared Written Blocks": 0,
                      "Local Hit Blocks": 0,
                      "Local Read Blocks": 0,
                      "Local Dirtied Blocks": 0,
                      "Local Written Blocks": 0,
                      "Temp Read Blocks": 0,
                      "Temp Written Blocks": 0,
                      "Workers": [
                        {
                          "Worker Number": 0,
                          "HashAgg Batches": 1,
                          "Peak Memory Usage": 3217,
                          "Disk Usage": 0
                        },
                        {
                          "Worker Number": 1,
                          "HashAgg Batches": 1,
                          "Peak Memory Usage": 3217,
                          "Disk Usage": 0
                        }
                      ],
                      "Plans": [
                        {
                          "Node Type": "Hash Join",
                          "Parent Relationship": "Outer",
                          "Parallel Aware": true,
                          "Async Capable": false,
                          "Join Type": "Inner",
                          "Startup Cost": 171300.15,
                          "Total Cost": 211764.39,
                          "Plan Rows": 41366,
                          "Plan Width": 36,
                          "Actual Startup Time": 669.88,
                          "Actual Total Time": 892.47,
                          "Actual Rows": 35057,
                          "Actual Loops": 3,
                          "Inner Unique": true,
                          "Hash Cond": "(orders.o_custkey = customer.c_custkey)",
                          "Shared Hit Blocks": 12112,
                          "Shared Read Blocks": 141493,
                          "Shared Dirtied Blocks": 0,
                          "Shared Written Blocks": 0,
                          "Local Hit Blocks": 0,
                          "Local Read Blocks": 0,
                          "Local Dirtied Blocks": 0,
                          "Local Written Blocks": 0,
                          "Temp Read Blocks": 0,
                          "Temp Written Blocks": 0,
                          "Workers": [],
                          "Plans": [
                            {
                              "Node Type": "Hash Join",
                              "Parent Relationship": "Outer",
                              "Parallel Aware": true,
                              "Async Capable": false,
                              "Join Type": "Inner",
                              "Startup Cost": 166148.9,
                              "Total Cost": 206504.56,
                              "Plan Rows": 41366,
                              "Plan Width": 29,
                              "Actual Startup Time": 633.32,
                              "Actual Total Time": 834.974,
                              "Actual Rows": 35057,
                              "Actual Loops": 3,
                              "Inner Unique": false,
                              "Hash Cond": "(orders.o_orderkey = lineitem.l_orderkey)",
                              "Shared Hit Blocks": 8361,
                              "Shared Read Blocks": 141493,
                              "Shared Dirtied Blocks": 0,
                              "Shared Written Blocks": 0,
                              "Local Hit Blocks": 0,
                              "Local Read Blocks": 0,
                              "Local Dirtied Blocks": 0,
                              "Local Written Blocks": 0,
                              "Temp Read Blocks": 0,
                              "Temp Written Blocks": 0,
                              "Workers": [],
                              "Plans": [
                                {
                                  "Node Type": "Seq Scan",
                                  "Parent Relationship": "Outer",
                                  "Parallel Aware": true,
                                  "Async Capable": false,
                                  "Relation Name": "orders",
                                  "Alias": "orders",
                                  "Startup Cost": 0.0,
                                  "Total Cost": 36150.5,
                                  "Plan Rows": 358471,
                                  "Plan Width": 20,
                                  "Actual Startup Time": 0.836,
                                  "Actual Total Time": 116.268,
                                  "Actual Rows": 286943,
                                  "Actual Loops": 3,
                                  "Filter": "(o_orderdate <= '1995-10-13'::date)",
                                  "Rows Removed by Filter": 213057,
                                  "Shared Hit Blocks": 375,
                                  "Shared Read Blocks": 27963,
                                  "Shared Dirtied Blocks": 0,
                                  "Shared Written Blocks": 0,
                                  "Local Hit Blocks": 0,
                                  "Local Read Blocks": 0,
                                  "Local Dirtied Blocks": 0,
                                  "Local Written Blocks": 0,
                                  "Temp Read Blocks": 0,
                                  "Temp Written Blocks": 0,
                                  "Workers": []
                                },
                                {
                                  "Node Type": "Hash",
                                  "Parent Relationship": "Inner",
                                  "Parallel Aware": true,
                                  "Async Capable": false,
                                  "Startup Cost": 165247.36,
                                  "Total Cost": 165247.36,
                                  "Plan Rows": 72123,
                                  "Plan Width": 25,
                                  "Actual Startup Time": 631.634,
                                  "Actual Total Time": 631.636,
                                  "Actual Rows": 61155,
                                  "Actual Loops": 3,
                                  "Hash Buckets": 262144,
                                  "Original Hash Buckets": 262144,
                                  "Hash Batches": 1,
                                  "Original Hash Batches": 1,
                                  "Peak Memory Usage": 13408,
                                  "Shared Hit Blocks": 7956,
                                  "Shared Read Blocks": 113530,
                                  "Shared Dirtied Blocks": 0,
                                  "Shared Written Blocks": 0,
                                  "Local Hit Blocks": 0,
                                  "Local Read Blocks": 0,
                                  "Local Dirtied Blocks": 0,
                                  "Local Written Blocks": 0,
                                  "Temp Read Blocks": 0,
                                  "Temp Written Blocks": 0,
                                  "Workers": [],
                                  "Plans": [
                                    {
                                      "Node Type": "Seq Scan",
                                      "Parent Relationship": "Outer",
                                      "Parallel Aware": true,
                                      "Async Capable": false,
                                      "Relation Name": "lineitem",
                                      "Alias": "lineitem",
                                      "Startup Cost": 0.0,
                                      "Total Cost": 165247.36,
                                      "Plan Rows": 72123,
                                      "Plan Width": 25,
                                      "Actual Startup Time": 0.825,
                                      "Actual Total Time": 608.019,
                                      "Actual Rows": 61155,
                                      "Actual Loops": 3,
                                      "Filter": "((l_extendedprice >= '212'::numeric) AND (l_extendedprice <= '3000'::numeric) AND (l_quantity <= '123'::numeric))",
                                      "Rows Removed by Filter": 1939250,
                                      "Shared Hit Blocks": 7956,
                                      "Shared Read Blocks": 113530,
                                      "Shared Dirtied Blocks": 0,
                                      "Shared Written Blocks": 0,
                                      "Local Hit Blocks": 0,
                                      "Local Read Blocks": 0,
                                      "Local Dirtied Blocks": 0,
                                      "Local Written Blocks": 0,
                                      "Temp Read Blocks": 0,
                                      "Temp Written Blocks": 0,
                                      "Workers": []
                                    }
                                  ]
                                }
                              ]
                            },
                            {
                              "Node Type": "Hash",
                              "Parent Relationship": "Inner",
                              "Parallel Aware": true,
                              "Async Capable": false,
                              "Startup Cost": 4370.0,
                              "Total Cost": 4370.0,
                              "Plan Rows": 62500,
                              "Plan Width": 15,
                              "Actual Startup Time": 35.567,
                              "Actual Total Time": 35.568,
                              "Actual Rows": 50000,
                              "Actual Loops": 3,
                              "Hash Buckets": 262144,
                              "Original Hash Buckets": 262144,
                              "Hash Batches": 1,
                              "Original Hash Batches": 1,
                              "Peak Memory Usage": 9120,
                              "Shared Hit Blocks": 3745,
                              "Shared Read Blocks": 0,
                              "Shared Dirtied Blocks": 0,
                              "Shared Written Blocks": 0,
                              "Local Hit Blocks": 0,
                              "Local Read Blocks": 0,
                              "Local Dirtied Blocks": 0,
                              "Local Written Blocks": 0,
                              "Temp Read Blocks": 0,
                              "Temp Written Blocks": 0,
                              "Workers": [],
                              "Plans": [
                                {
                                  "Node Type": "Seq Scan",
                                  "Parent Relationship": "Outer",
                                  "Parallel Aware": true,
                                  "Async Capable": false,
                                  "Relation Name": "customer",
                                  "Alias": "customer",
                                  "Startup Cost": 0.0,
                                  "Total Cost": 4370.0,
                                  "Plan Rows": 62500,
                                  "Plan Width": 15,
                                  "Actual Startup Time": 0.013,
                                  "Actual Total Time": 16.506,
                                  "Actual Rows": 50000,
                                  "Actual Loops": 3,
                                  "Shared Hit Blocks": 3745,
                                  "Shared Read Blocks": 0,
                                  "Shared Dirtied Blocks": 0,
                                  "Shared Written Blocks": 0,
                                  "Local Hit Blocks": 0,
                                  "Local Read Blocks": 0,
                                  "Local Dirtied Blocks": 0,
                                  "Local Written Blocks": 0,
                                  "Temp Read Blocks": 0,
                                  "Temp Written Blocks": 0,
                                  "Workers": []
                                }
                              ]
                            }
                          ]
                        }
                      ]
                    }
                  ]
                }
              ]
            }
          ]
        }
      ]
    },
    "Planning": {
      "Shared Hit Blocks": 27,
      "Shared Read Blocks": 0,
      "Shared Dirtied Blocks": 0,
      "Shared Written Blocks": 0,
      "Local Hit Blocks": 0,
      "Local Read Blocks": 0,
      "Local Dirtied Blocks": 0,
      "Local Written Blocks": 0,
      "Temp Read Blocks": 0,
      "Temp Written Blocks": 0
    },
    "Planning Time": 0.625,
    "Triggers": [],
    "Execution Time": 1035.66
  }
]