[
  {
    "Plan": {
      "Node Type": "Aggregate",
      "Strategy": "Sorted",
      "Partial Mode": "Finalize",
      "Parallel Aware": false,
      "Async Capable": false,
      "Startup Cost": 105011.24,
      "Total Cost": 105836.71,
      "Plan Rows": 6108,
      "Plan Width": 116,
      "Actual Startup Time": 1113.286,
      "Actual Total Time": 1123.623,
      "Actual Rows": 4,
      "Actual Loops": 1,
      "Group Key": [
        "n1.n_name",
        "n2.n_name",
        "(EXTRACT(year FROM lineitem.l_shipdate))"
      ],
      "Shared Hit Blocks": 389575,
      "Shared Read Blocks": 136109,
      "Shared Dirtied Blocks": 0,
      "Shared Written Blocks": 0,
      "Local Hit Blocks": 0,
      "Local Read Blocks": 0,
      "Local Dirtied Blocks": 0,
      "Local Written Blocks": 0,
      "Temp Read Blocks": 0,
      "Temp Written Blocks": 0,
      "Plans": [
        {
          "Node Type": "Gather Merge",
          "Parent Relationship": "Outer",
          "Parallel Aware": false,
          "Async Capable": false,
          "Startup Cost": 105011.24,
          "Total Cost": 105681.47,
          "Plan Rows": 5090,
          "Plan Width": 116,
          "Actual Startup Time": 1112.848,
          "Actual Total Time": 1123.599,
          "Actual Rows": 12,
          "Actual Loops": 1,
          "Workers Planned": 2,
          "Workers Launched": 2,
          "Shared Hit Blocks": 389575,
          "Shared Read Blocks": 136109,
          "Shared Dirtied Blocks": 0,
          "Shared Written Blocks": 0,
          "Local Hit Blocks": 0,
          "Local Read Blocks": 0,
          "Local Dirtied Blocks": 0,
          "Local Written Blocks": 0,
          "Temp Read Blocks": 0,
          "Temp Written Blocks": 0,
          "Plans": [
            {
              "Node Type": "Aggregate",
              "Strategy": "Sorted",
              "Partial Mode": "Partial",
              "Parent Relationship": "Outer",
              "Parallel Aware": false,
              "Async Capable": false,
              "Startup Cost": 104011.22,
              "Total Cost": 104093.93,
              "Plan Rows": 2545,
              "Plan Width": 116,
              "Actual Startup Time": 1069.086,
              "Actual Total Time": 1069.917,
              "Actual Rows": 4,
              "Actual Loops": 3,
              "Group Key": [
                "n1.n_name",
                "n2.n_name",
                "(EXTRACT(year FROM lineitem.l_shipdate))"
              ],
              "Shared Hit Blocks": 389575,
              "Shared Read Blocks": 136109,
              "Shared Dirtied Blocks": 0,
              "Shared Written Blocks": 0,
              "Local Hit Blocks": 0,
              "Local Read Blocks": 0,
              "Local Dirtied Blocks": 0,
              "Local Written Blocks": 0,
              "Temp Read Blocks": 0,
              "Temp Written Blocks": 0,
              "Workers": [],
              "Plans": [
                {
                  "Node Type": "Sort",
                  "Parent Relationship": "Outer",
                  "Parallel Aware": false,
                  "Async Capable": false,
                  "Startup Cost": 104011.22,
                  "Total Cost": 104017.58,
                  "Plan Rows": 2545,
                  "Plan Width": 96,
                  "Actual Startup Time": 1068.804,
                  "Actual Total Time": 1068.908,
                  "Actual Rows": 1975,
                  "Actual Loops": 3,
                  "Sort Key": [
                    "n1.n_name",
                    "n2.n_name",
                    "(EXTRACT(year FROM lineitem.l_shipdate))"
                  ],
                  "Sort Method": "quicksort",
                  "Sort Space Used": 162,
                  "Sort Space Type": "Memory",
                  "Shared Hit Blocks": 389575,
                  "Shared Read Blocks": 136109,
                  "Shared Dirtied Blocks": 0,
                  "Shared Written Blocks": 0,
                  "Local Hit Blocks": 0,
                  "Local Read Blocks": 0,
                  "Local Dirtied Blocks": 0,
                  "Local Written Blocks": 0,
                  "Temp Read Blocks": 0,
                  "Temp Written Blocks": 0,
                  "Workers": [
                    {
                      "Worker Number": 0,
                      "Sort Method": "quicksort",
                      "Sort Space Used": 297,
                      "Sort Space Type": "Memory"
                    },
                    {
                      "Worker Number": 1,
                      "Sort Method": "quicksort",
                      "Sort Space Used": 292,
                      "Sort Space Type": "Memory"
                    }
                  ],
                  "Plans": [
                    {
                      "Node Type": "Hash Join",
                      "Parent Relationship": "Outer",
                      "Parallel Aware": false,
                      "Async Capable": false,
                      "Join Type": "Inner",
                      "Startup Cost": 4991.31,
                      "Total Cost": 103867.25,
                      "Plan Rows": 2545,
                      "Plan Width": 96,
                      "Actual Startup Time": 38.533,
                      "Actual Total Time": 1065.586,
                      "Actual Rows": 1975,
                      "Actual Loops": 3,
                      "Inner Unique": false,
                      "Hash Cond": "(lineitem.l_suppkey = supplier.s_suppkey)",
                      "Join Filter": "(((n1.n_name = 'FRANCE'::bpchar) AND (n2.n_name = 'GERMANY'::bpchar)) OR ((n2.n_name = 'FRANCE'::bpchar) AND (n1.n_name = 'GERMANY'::bpchar)))",
                      "Rows Removed by Join Filter": 1933,
                      "Shared Hit Blocks": 389554,
                      "Shared Read Blocks": 136102,
                      "Shared Dirtied Blocks": 0,
                      "Shared Written Blocks": 0,
                      "Local Hit Blocks": 0,
                      "Local Read Blocks": 0,
                      "Local Dirtied Blocks": 0,
                      "Local Written Blocks": 0,
                      "Temp Read Blocks": 0,
                      "Temp Written Blocks": 0,
                      "Workers": [],
                      "Plans": [
                        {
                          "Node Type": "Nested Loop",
                          "Parent Relationship": "Outer",
                          "Parallel Aware": false,
                          "Async Capable": false,
                          "Join Type": "Inner",
                          "Startup Cost": 4626.21,
                          "Total Cost": 103168.59,
                          "Plan Rows": 61158,
                          "Plan Width": 46,
                          "Actual Startup Time": 33.077,
                          "Actual Total Time": 1041.598,
                          "Actual Rows": 49457,
                          "Actual Loops": 3,
                          "Inner Unique": false,
                          "Shared Hit Blocks": 389084,
                          "Shared Read Blocks": 135872,
                          "Shared Dirtied Blocks": 0,
                          "Shared Written Blocks": 0,
                          "Local Hit Blocks": 0,
                          "Local Read Blocks": 0,
                          "Local Dirtied Blocks": 0,
                          "Local Written Blocks": 0,
                          "Temp Read Blocks": 0,
                          "Temp Written Blocks": 0,
                          "Workers": [],
                          "Plans": [
                            {
                              "Node Type": "Hash Join",
                              "Parent Relationship": "Outer",
                              "Parallel Aware": true,
                              "Async Capable": false,
                              "Join Type": "Inner",
                              "Startup Cost": 4625.77,
                              "Total Cost": 41765.86,
                              "Plan Rows": 50000,
                              "Plan Width": 34,
                              "Actual Startup Time": 32.013,
                              "Actual Total Time": 276.734,
                              "Actual Rows": 40441,
                              "Actual Loops": 3,
                              "Inner Unique": false,
                              "Hash Cond": "(orders.o_custkey = customer.c_custkey)",
                              "Shared Hit Blocks": 3,
                              "Shared Read Blocks": 32083,
                              "Shared Dirtied Blocks": 0,
                              "Shared Written Blocks": 0,
                              "Local Hit Blocks": 0,
                              "Local Read Blocks": 0,
                              "Local Dirtied Blocks": 0,
                              "Local Written Blocks": 0,
                              "Temp Read Blocks": 0,
                              "Temp Written Blocks": 0,
                              "Workers": [],
                              "Plans": [
                                {
                                  "Node Type": "Seq Scan",
                                  "Parent Relationship": "Outer",
                                  "Parallel Aware": true,
                                  "Async Capable": false,
                                  "Relation Name": "orders",
                                  "Alias": "orders",
                                  "Startup Cost": 0.0,
                                  "Total Cost": 34588.0,
                                  "Plan Rows": 625000,
                                  "Plan Width": 12,
                                  "Actual Startup Time": 0.744,
                                  "Actual Total Time": 102.185,
                                  "Actual Rows": 500000,
                                  "Actual Loops": 3,
                                  "Shared Hit Blocks": 0,
                                  "Shared Read Blocks": 28338,
                                  "Shared Dirtied Blocks": 0,
                                  "Shared Written Blocks": 0,
                                  "Local Hit Blocks": 0,
                                  "Local Read Blocks": 0,
                                  "Local Dirtied Blocks": 0,
                                  "Local Written Blocks": 0,
                                  "Temp Read Blocks": 0,
                                  "Temp Written Blocks": 0,
                                  "Workers": []
                                },
                                {
                                  "Node Type": "Hash",
                                  "Parent Relationship": "Inner",
                                  "Parallel Aware": true,
                                  "Async Capable": false,
                                  "Startup Cost": 4563.27,
                                  "Total Cost": 4563.27,
                                  "Plan Rows": 5000,
                                  "Plan Width": 30,
                                  "Actual Startup Time": 31.136,
                                  "Actual Total Time": 31.138,
                                  "Actual Rows": 4003,
                                  "Actual Loops": 3,
                                  "Hash Buckets": 16384,
                                  "Original Hash Buckets": 16384,
                                  "Hash Batches": 1,
                                  "Original Hash Batches": 1,
                                  "Peak Memory Usage": 928,
                                  "Shared Hit Blocks": 3,
                                  "Shared Read Blocks": 3745,
                                  "Shared Dirtied Blocks": 0,
                                  "Shared Written Blocks": 0,
                                  "Local Hit Blocks": 0,
                                  "Local Read Blocks": 0,
                                  "Local Dirtied Blocks": 0,
                                  "Local Written Blocks": 0,
                                  "Temp Read Blocks": 0,
                                  "Temp Written Blocks": 0,
                                  "Workers": [],
                                  "Plans": [
                                    {
                                      "Node Type": "Hash Join",
                                      "Parent Relationship": "Outer",
                                      "Parallel Aware": false,
                                      "Async Capable": false,
                                      "Join Type": "Inner",
                                      "Startup Cost": 1.4,
                                      "Total Cost": 4563.27,
                                      "Plan Rows": 5000,
                                      "Plan Width": 30,
                                      "Actual Startup Time": 0.712,
                                      "Actual Total Time": 28.933,
                                      "Actual Rows": 4003,
                                      "Actual Loops": 3,
                                      "Inner Unique": true,
                                      "Hash Cond": "(customer.c_nationkey = n2.n_nationkey)",
                                      "Shared Hit Blocks": 3,
                                      "Shared Read Blocks": 3745,
                                      "Shared Dirtied Blocks": 0,
                                      "Shared Written Blocks": 0,
                                      "Local Hit Blocks": 0,
                                      "Local Read Blocks": 0,
                                      "Local Dirtied Blocks": 0,
                                      "Local Written Blocks": 0,
                                      "Temp Read Blocks": 0,
                                      "Temp Written Blocks": 0,
                                      "Workers": [],
                                      "Plans": [
                                        {
                                          "Node Type": "Seq Scan",
                                          "Parent Relationship": "Outer",
                                          "Parallel Aware": true,
                                          "Async Capable": false,
                                          "Relation Name": "customer",
                                          "Alias": "customer",
                                          "Startup Cost": 0.0,
                                          "Total Cost": 4370.0,
                                          "Plan Rows": 62500,
                                          "Plan Width": 8,
                                          "Actual Startup Time": 0.602,
                                          "Actual Total Time": 20.921,
                                          "Actual Rows": 50000,
                                          "Actual Loops": 3,
                                          "Shared Hit Blocks": 0,
                                          "Shared Read Blocks": 3745,
                                          "Shared Dirtied Blocks": 0,
                                          "Shared Written Blocks": 0,
                                          "Local Hit Blocks": 0,
                                          "Local Read Blocks": 0,
                                          "Local Dirtied Blocks": 0,
                                          "Local Written Blocks": 0,
                                          "Temp Read Blocks": 0,
                                          "Temp Written Blocks": 0,
                                          "Workers": []
                                        },
                                        {
                                          "Node Type": "Hash",
                                          "Parent Relationship": "Inner",
                                          "Parallel Aware": false,
                                          "Async Capable": false,
                                          "Startup Cost": 1.38,
                                          "Total Cost": 1.38,
                                          "Plan Rows": 2,
                                          "Plan Width": 30,
                                          "Actual Startup Time": 0.083,
                                          "Actual Total Time": 0.084,
                                          "Actual Rows": 2,
                                          "Actual Loops": 3,
                                          "Hash Buckets": 1024,
                                          "Original Hash Buckets": 1024,
                                          "Hash Batches": 1,
                                          "Original Hash Batches": 1,
                                          "Peak Memory Usage": 9,
                                          "Shared Hit Blocks": 3,
                                          "Shared Read Blocks": 0,
                                          "Shared Dirtied Blocks": 0,
                                          "Shared Written Blocks": 0,
                                          "Local Hit Blocks": 0,
                                          "Local Read Blocks": 0,
                                          "Local Dirtied Blocks": 0,
                                          "Local Written Blocks": 0,
                                          "Temp Read Blocks": 0,
                                          "Temp Written Blocks": 0,
                                          "Workers": [],
                                          "Plans": [
                                            {
                                              "Node Type": "Seq Scan",
                                              "Parent Relationship": "Outer",
                                              "Parallel Aware": false,
                                              "Async Capable": false,
                                              "Relation Name": "nation",
                                              "Alias": "n2",
                                              "Startup Cost": 0.0,
                                              "Total Cost": 1.38,
                                              "Plan Rows": 2,
                                              "Plan Width": 30,
                                              "Actual Startup Time": 0.026,
                                              "Actual Total Time": 0.033,
                                              "Actual Rows": 2,
                                              "Actual Loops": 3,
                                              "Filter": "((n_name = 'GERMANY'::bpchar) OR (n_name = 'FRANCE'::bpchar))",
                                              "Rows Removed by Filter": 23,
                                              "Shared Hit Blocks": 3,
                                              "Shared Read Blocks": 0,
                                              "Shared Dirtied Blocks": 0,
                                              "Shared Written Blocks": 0,
                                              "Local Hit Blocks": 0,
                                              "Local Read Blocks": 0,
                                              "Local Dirtied Blocks": 0,
                                              "Local Written Blocks": 0,
                                              "Temp Read Blocks": 0,
                                              "Temp Written Blocks": 0,
                                              "Workers": []
                                            }
                                          ]
                                        }
                                      ]
                                    }
                                  ]
                                }
                              ]
                            },
                            {
                              "Node Type": "Index Scan",
                              "Parent Relationship": "Inner",
                              "Parallel Aware": false,
                              "Async Capable": false,
                              "Scan Direction": "Forward",
                              "Index Name": "pk_lineitem",
                              "Relation Name": "lineitem",
                              "Alias": "lineitem",
                              "Startup Cost": 0.43,
                              "Total Cost": 1.18,
                              "Plan Rows": 5,
                              "Plan Width": 28,
                              "Actual Startup Time": 0.018,
                              "Actual Total Time": 0.018,
                              "Actual Rows": 1,
                              "Actual Loops": 121324,
                              "Index Cond": "(l_orderkey = orders.o_orderkey)",
                              "Rows Removed by Index Recheck": 0,
                              "Filter": "((l_shipdate >= '1995-01-01'::date) AND (l_shipdate <= '1996-12-31'::date))",
                              "Rows Removed by Filter": 3,
                              "Shared Hit Blocks": 389081,
                              "Shared Read Blocks": 103789,
                              "Shared Dirtied Blocks": 0,
                              "Shared Written Blocks": 0,
                              "Local Hit Blocks": 0,
                              "Local Read Blocks": 0,
                              "Local Dirtied Blocks": 0,
                              "Local Written Blocks": 0,
                              "Temp Read Blocks": 0,
                              "Temp Written Blocks": 0,
                              "Workers": []
                            }
                          ]
                        },
                        {
                          "Node Type": "Hash",
                          "Parent Relationship": "Inner",
                          "Parallel Aware": false,
                          "Async Capable": false,
                          "Startup Cost": 355.1,
                          "Total Cost": 355.1,
                          "Plan Rows": 800,
                          "Plan Width": 30,
                          "Actual Startup Time": 4.344,
                          "Actual Total Time": 4.345,
                          "Actual Rows": 798,
                          "Actual Loops": 3,
                          "Hash Buckets": 1024,
                          "Original Hash Buckets": 1024,
                          "Hash Batches": 1,
                          "Original Hash Batches": 1,
                          "Peak Memory Usage": 58,
                          "Shared Hit Blocks": 448,
                          "Shared Read Blocks": 224,
                          "Shared Dirtied Blocks": 0,
                          "Shared Written Blocks": 0,
                          "Local Hit Blocks": 0,
                          "Local Read Blocks": 0,
                          "Local Dirtied Blocks": 0,
                          "Local Written Blocks": 0,
                          "Temp Read Blocks": 0,
                          "Temp Written Blocks": 0,
                          "Workers": [],
                          "Plans": [
                            {
                              "Node Type": "Hash Join",
                              "Parent Relationship": "Outer",
                              "Parallel Aware": false,
                              "Async Capable": false,
                              "Join Type": "Inner",
                              "Startup Cost": 1.4,
                              "Total Cost": 355.1,
                              "Plan Rows": 800,
                              "Plan Width": 30,
                              "Actual Startup Time": 1.027,
                              "Actual Total Time": 4.166,
                              "Actual Rows": 798,
                              "Actual Loops": 3,
                              "Inner Unique": true,
                              "Hash Cond": "(supplier.s_nationkey = n1.n_nationkey)",
                              "Shared Hit Blocks": 448,
                              "Shared Read Blocks": 224,
                              "Shared Dirtied Blocks": 0,
                              "Shared Written Blocks": 0,
                              "Local Hit Blocks": 0,
                              "Local Read Blocks": 0,
                              "Local Dirtied Blocks": 0,
                              "Local Written Blocks": 0,
                              "Temp Read Blocks": 0,
                              "Temp Written Blocks": 0,
                              "Workers": [],
                              "Plans": [
                                {
                                  "Node Type": "Seq Scan",
                                  "Parent Relationship": "Outer",
                                  "Parallel Aware": false,
                                  "Async Capable": false,
                                  "Relation Name": "supplier",
                                  "Alias": "supplier",
                                  "Startup Cost": 0.0,
                                  "Total Cost": 323.0,
                                  "Plan Rows": 10000,
                                  "Plan Width": 8,
                                  "Actual Startup Time": 0.571,
                                  "Actual Total Time": 2.276,
                                  "Actual Rows": 10000,
                                  "Actual Loops": 3,
                                  "Shared Hit Blocks": 446,
                                  "Shared Read Blocks": 223,
                                  "Shared Dirtied Blocks": 0,
                                  "Shared Written Blocks": 0,
                                  "Local Hit Blocks": 0,
                                  "Local Read Blocks": 0,
                                  "Local Dirtied Blocks": 0,
                                  "Local Written Blocks": 0,
                                  "Temp Read Blocks": 0,
                                  "Temp Written Blocks": 0,
                                  "Workers": []
                                },
                                {
                                  "Node Type": "Hash",
                                  "Parent Relationship": "Inner",
                                  "Parallel Aware": false,
                                  "Async Capable": false,
                                  "Startup Cost": 1.38,
                                  "Total Cost": 1.38,
                                  "Plan Rows": 2,
                                  "Plan Width": 30,
                                  "Actual Startup Time": 0.43,
                                  "Actual Total Time": 0.431,
                                  "Actual Rows": 2,
                                  "Actual Loops": 3,
                                  "Hash Buckets": 1024,
                                  "Original Hash Buckets": 1024,
                                  "Hash Batches": 1,
                                  "Original Hash Batches": 1,
                                  "Peak Memory Usage": 9,
                                  "Shared Hit Blocks": 2,
                                  "Shared Read Blocks": 1,
                                  "Shared Dirtied Blocks": 0,
                                  "Shared Written Blocks": 0,
                                  "Local Hit Blocks": 0,
                                  "Local Read Blocks": 0,
                                  "Local Dirtied Blocks": 0,
                                  "Local Written Blocks": 0,
                                  "Temp Read Blocks": 0,
                                  "Temp Written Blocks": 0,
                                  "Workers": [],
                                  "Plans": [
                                    {
                                      "Node Type": "Seq Scan",
                                      "Parent Relationship": "Outer",
                                      "Parallel Aware": false,
                                      "Async Capable": false,
                                      "Relation Name": "nation",
                                      "Alias": "n1",
                                      "Startup Cost": 0.0,
                                      "Total Cost": 1.38,
                                      "Plan Rows": 2,
                                      "Plan Width": 30,
                                      "Actual Startup Time": 0.389,
                                      "Actual Total Time": 0.395,
                                      "Actual Rows": 2,
                                      "Actual Loops": 3,
                                      "Filter": "((n_name = 'FRANCE'::bpchar) OR (n_name = 'GERMANY'::bpchar))",
                                      "Rows Removed by Filter": 23,
                                      "Shared Hit Blocks": 2,
                                      "Shared Read Blocks": 1,
                                      "Shared Dirtied Blocks": 0,
                                      "Shared Written Blocks": 0,
                                      "Local Hit Blocks": 0,
                                      "Local Read Blocks": 0,
                                      "Local Dirtied Blocks": 0,
                                      "Local Written Blocks": 0,
                                      "Temp Read Blocks": 0,
                                      "Temp Written Blocks": 0,
                                      "Workers": []
                                    }
                                  ]
                                }
                              ]
                            }
                          ]
                        }
                      ]
                    }
                  ]
                }
              ]
            }
          ]
        }
      ]
    },
    "Planning": {
      "Shared Hit Blocks": 15,
      "Shared Read Blocks": 23,
      "Shared Dirtied Blocks": 0,
      "Shared Written Blocks": 0,
      "Local Hit Blocks": 0,
      "Local Read Blocks": 0,
      "Local Dirtied Blocks": 0,
      "Local Written Blocks": 0,
      "Temp Read Blocks": 0,
      "Temp Written Blocks": 0
    },
    "Planning Time": 2.471,
    "Triggers": [],
    "Execution Time": 1123.871
  }
]