{
  "Node Type": "Group",
  "Parallel Aware": false,
  "Async Capable": false,
  "Startup Cost": 972797.9,
  "Total Cost": 1008550.35,
  "Plan Rows": 150000,
  "Plan Width": 25,
  "Group Key": [
    "customer.c_address"
  ],
  "Plans": [
    {
      "Node Type": "Gather Merge",
      "Parent Relationship": "Outer",
      "Parallel Aware": false,
      "Async Capable": false,
      "Startup Cost": 972797.9,
      "Total Cost": 1007800.35,
      "Plan Rows": 300000,
      "Plan Width": 25,
      "Workers Planned": 2,
      "Workers Launched": 2,
      "Plans": [
        {
          "Node Type": "Sort",
          "Parent Relationship": "Outer",
          "Parallel Aware": false,
          "Async Capable": false,
          "Startup Cost": 971797.88,
          "Total Cost": 972172.88,
          "Plan Rows": 150000,
          "Plan Width": 25,
          "Sort Key": [
            "customer.c_address"
          ],
          "Sort Method": "quicksort",
          "Sort Space Used": 769,
          "Sort Space Type": "Memory",
          "Workers": [
            {
              "Worker Number": 0,
              "Sort Method": "quicksort",
              "Sort Space Used": 769,
              "Sort Space Type": "Memory"
            },
            {
              "Worker Number": 1,
              "Sort Method": "quicksort",
              "Sort Space Used": 769,
              "Sort Space Type": "Memory"
            }
          ],
          "Plans": [
            {
              "Node Type": "Aggregate",
              "Strategy": "Hashed",
              "Partial Mode": "Partial",
              "Parent Relationship": "Outer",
              "Parallel Aware": false,
              "Async Capable": false,
              "Startup Cost": 851320.98,
              "Total Cost": 955310.93,
              "Plan Rows": 150000,
              "Plan Width": 25,
              "Group Key": [
                "customer.c_address"
              ],
              "Planned Partitions": 4,
              "HashAgg Batches": 1,
              "Peak Memory Usage": 3345,
              "Disk Usage": 0,
              "Workers": [
                {
                  "Worker Number": 0,
                  "HashAgg Batches": 1,
                  "Peak Memory Usage": 3345,
                  "Disk Usage": 0
                },
                {
                  "Worker Number": 1,
                  "HashAgg Batches": 1,
                  "Peak Memory Usage": 3089,
                  "Disk Usage": 0
                }
              ],
              "Plans": [
                {
                  "Node Type": "Hash Join",
                  "Parent Relationship": "Outer",
                  "Parallel Aware": true,
                  "Async Capable": false,
                  "Join Type": "Inner",
                  "Startup Cost": 70768.12,
                  "Total Cost": 272691.98,
                  "Plan Rows": 7496408,
                  "Plan Width": 25,
                  "Inner Unique": false,
                  "Hash Cond": "(lineitem.l_suppkey = partsupp.ps_suppkey)",
                  "Workers": [],
                  "Plans": [
                    {
                      "Node Type": "Hash Join",
                      "Parent Relationship": "Outer",
                      "Parallel Aware": true,
                      "Async Capable": false,
                      "Join Type": "Inner",
                      "Startup Cost": 49132.7,
                      "Total Cost": 203986.86,
                      "Plan Rows": 93790,
                      "Plan Width": 29,
                      "Inner Unique": true,
                      "Hash Cond": "(lineitem.l_partkey = part.p_partkey)",
                      "Workers": [],
                      "Plans": [
                        {
                          "Node Type": "Hash Join",
                          "Parent Relationship": "Outer",
                          "Parallel Aware": true,
                          "Async Capable": false,
                          "Join Type": "Inner",
                          "Startup Cost": 44053.29,
                          "Total Cost": 198661.25,
                          "Plan Rows": 93790,
                          "Plan Width": 33,
                          "Inner Unique": true,
                          "Hash Cond": "(orders.o_custkey = customer.c_custkey)",
                          "Workers": [],
                          "Plans": [
                            {
                              "Node Type": "Hash Join",
                              "Parent Relationship": "Outer",
                              "Parallel Aware": true,
                              "Async Capable": false,
                              "Join Type": "Inner",
                              "Startup Cost": 38902.04,
                              "Total Cost": 193263.79,
                              "Plan Rows": 93790,
                              "Plan Width": 12,
                              "Inner Unique": true,
                              "Hash Cond": "(lineitem.l_orderkey = orders.o_orderkey)",
                              "Workers": [],
                              "Plans": [
                                {
                                  "Node Type": "Seq Scan",
                                  "Parent Relationship": "Outer",
                                  "Parallel Aware": true,
                                  "Async Capable": false,
                                  "Relation Name": "lineitem",
                                  "Alias": "lineitem",
                                  "Startup Cost": 0.0,
                                  "Total Cost": 152744.11,
                                  "Plan Rows": 616243,
                                  "Plan Width": 16,
                                  "Filter": "(l_returnflag = 'R'::bpchar)",
                                  "Rows Removed by Filter": 1507448,
                                  "Workers": []
                                },
                                {
                                  "Node Type": "Hash",
                                  "Parent Relationship": "Inner",
                                  "Parallel Aware": true,
                                  "Async Capable": false,
                                  "Startup Cost": 37713.0,
                                  "Total Cost": 37713.0,
                                  "Plan Rows": 95123,
                                  "Plan Width": 12,
                                  "Hash Buckets": 262144,
                                  "Original Hash Buckets": 262144,
                                  "Hash Batches": 1,
                                  "Original Hash Batches": 1,
                                  "Peak Memory Usage": 12832,
                                  "Workers": [],
                                  "Plans": [
                                    {
                                      "Node Type": "Seq Scan",
                                      "Parent Relationship": "Outer",
                                      "Parallel Aware": true,
                                      "Async Capable": false,
                                      "Relation Name": "orders",
                                      "Alias": "orders",
                                      "Startup Cost": 0.0,
                                      "Total Cost": 37713.0,
                                      "Plan Rows": 95123,
                                      "Plan Width": 12,
                                      "Filter": "((o_orderdate >= '1995-01-01'::date) AND (o_orderdate <= '1995-12-31'::date))",
                                      "Rows Removed by Filter": 423788,
                                      "Workers": []
                                    }
                                  ]
                                }
                              ]
                            },
                            {
                              "Node Type": "Hash",
                              "Parent Relationship": "Inner",
                              "Parallel Aware": true,
                              "Async Capable": false,
                              "Startup Cost": 4370.0,
                              "Total Cost": 4370.0,
                              "Plan Rows": 62500,
                              "Plan Width": 29,
                              "Hash Buckets": 262144,
                              "Original Hash Buckets": 262144,
                              "Hash Batches": 1,
                              "Original Hash Batches": 1,
                              "Peak Memory Usage": 11744,
                              "Workers": [],
                              "Plans": [
                                {
                                  "Node Type": "Seq Scan",
                                  "Parent Relationship": "Outer",
                                  "Parallel Aware": true,
                                  "Async Capable": false,
                                  "Relation Name": "customer",
                                  "Alias": "customer",
                                  "Startup Cost": 0.0,
                                  "Total Cost": 4370.0,
                                  "Plan Rows": 62500,
                                  "Plan Width": 29,
                                  "Workers": []
                                }
                              ]
                            }
                          ]
                        },
                        {
                          "Node Type": "Hash",
                          "Parent Relationship": "Inner",
                          "Parallel Aware": true,
                          "Async Capable": false,
                          "Startup Cost": 4037.75,
                          "Total Cost": 4037.75,
                          "Plan Rows": 83333,
                          "Plan Width": 4,
                          "Hash Buckets": 262144,
                          "Original Hash Buckets": 262144,
                          "Hash Batches": 1,
                          "Original Hash Batches": 1,
                          "Peak Memory Usage": 9920,
                          "Workers": [],
                          "Plans": [
                            {
                              "Node Type": "Index Only Scan",
                              "Parent Relationship": "Outer",
                              "Parallel Aware": true,
                              "Async Capable": false,
                              "Scan Direction": "Forward",
                              "Index Name": "pk_part",
                              "Relation Name": "part",
                              "Alias": "part",
                              "Startup Cost": 0.42,
                              "Total Cost": 4037.75,
                              "Plan Rows": 83333,
                              "Plan Width": 4,
                              "Heap Fetches": 0,
                              "Workers": []
                            }
                          ]
                        }
                      ]
                    },
                    {
                      "Node Type": "Hash",
                      "Parent Relationship": "Inner",
                      "Parallel Aware": true,
                      "Async Capable": false,
                      "Startup Cost": 16165.76,
                      "Total Cost": 16165.76,
                      "Plan Rows": 333333,
                      "Plan Width": 4,
                      "Hash Buckets": 262144,
                      "Original Hash Buckets": 262144,
                      "Hash Batches": 8,
                      "Original Hash Batches": 8,
                      "Peak Memory Usage": 6080,
                      "Workers": [],
                      "Plans": [
                        {
                          "Node Type": "Index Only Scan",
                          "Parent Relationship": "Outer",
                          "Parallel Aware": true,
                          "Async Capable": false,
                          "Scan Direction": "Forward",
                          "Index Name": "pk_partsupp",
                          "Relation Name": "partsupp",
                          "Alias": "partsupp",
                          "Startup Cost": 0.42,
                          "Total Cost": 16165.76,
                          "Plan Rows": 333333,
                          "Plan Width": 4,
                          "Heap Fetches": 0,
                          "Workers": []
                        }
                      ]
                    }
                  ]
                }
              ]
            }
          ]
        }
      ]
    }
  ]
}