[
  {
    "Plan": {
      "Node Type": "Group",
      "Parallel Aware": false,
      "Async Capable": false,
      "Startup Cost": 216954.16,
      "Total Cost": 241044.09,
      "Plan Rows": 225097,
      "Plan Width": 43,
      "Actual Startup Time": 1317.789,
      "Actual Total Time": 1426.758,
      "Actual Rows": 109172,
      "Actual Loops": 1,
      "Group Key": [
        "(\"right\"((customer.c_address)::text, 5))",
        "part.p_brand"
      ],
      "Shared Hit Blocks": 3026,
      "Shared Read Blocks": 155063,
      "Shared Dirtied Blocks": 0,
      "Shared Written Blocks": 0,
      "Local Hit Blocks": 0,
      "Local Read Blocks": 0,
      "Local Dirtied Blocks": 0,
      "Local Written Blocks": 0,
      "Temp Read Blocks": 0,
      "Temp Written Blocks": 0,
      "Plans": [
        {
          "Node Type": "Gather Merge",
          "Parent Relationship": "Outer",
          "Parallel Aware": false,
          "Async Capable": false,
          "Startup Cost": 216954.16,
          "Total Cost": 239543.45,
          "Plan Rows": 187580,
          "Plan Width": 43,
          "Actual Startup Time": 1317.787,
          "Actual Total Time": 1407.144,
          "Actual Rows": 110997,
          "Actual Loops": 1,
          "Workers Planned": 2,
          "Workers Launched": 2,
          "Shared Hit Blocks": 3026,
          "Shared Read Blocks": 155063,
          "Shared Dirtied Blocks": 0,
          "Shared Written Blocks": 0,
          "Local Hit Blocks": 0,
          "Local Read Blocks": 0,
          "Local Dirtied Blocks": 0,
          "Local Written Blocks": 0,
          "Temp Read Blocks": 0,
          "Temp Written Blocks": 0,
          "Plans": [
            {
              "Node Type": "Group",
              "Parent Relationship": "Outer",
              "Parallel Aware": false,
              "Async Capable": false,
              "Startup Cost": 215954.14,
              "Total Cost": 216892.04,
              "Plan Rows": 93790,
              "Plan Width": 43,
              "Actual Startup Time": 1260.629,
              "Actual Total Time": 1271.528,
              "Actual Rows": 36999,
              "Actual Loops": 3,
              "Group Key": [
                "(\"right\"((customer.c_address)::text, 5))",
                "part.p_brand"
              ],
              "Shared Hit Blocks": 3026,
              "Shared Read Blocks": 155063,
              "Shared Dirtied Blocks": 0,
              "Shared Written Blocks": 0,
              "Local Hit Blocks": 0,
              "Local Read Blocks": 0,
              "Local Dirtied Blocks": 0,
              "Local Written Blocks": 0,
              "Temp Read Blocks": 0,
              "Temp Written Blocks": 0,
              "Workers": [],
              "Plans": [
                {
                  "Node Type": "Sort",
                  "Parent Relationship": "Outer",
                  "Parallel Aware": false,
                  "Async Capable": false,
                  "Startup Cost": 215954.14,
                  "Total Cost": 216188.61,
                  "Plan Rows": 93790,
                  "Plan Width": 43,
                  "Actual Startup Time": 1260.626,
                  "Actual Total Time": 1264.444,
                  "Actual Rows": 38464,
                  "Actual Loops": 3,
                  "Sort Key": [
                    "(\"right\"((customer.c_address)::text, 5))",
                    "part.p_brand"
                  ],
                  "Sort Method": "quicksort",
                  "Sort Space Used": 3034,
                  "Sort Space Type": "Memory",
                  "Shared Hit Blocks": 3026,
                  "Shared Read Blocks": 155063,
                  "Shared Dirtied Blocks": 0,
                  "Shared Written Blocks": 0,
                  "Local Hit Blocks": 0,
                  "Local Read Blocks": 0,
                  "Local Dirtied Blocks": 0,
                  "Local Written Blocks": 0,
                  "Temp Read Blocks": 0,
                  "Temp Written Blocks": 0,
                  "Workers": [
                    {
                      "Worker Number": 0,
                      "Sort Method": "quicksort",
                      "Sort Space Used": 3021,
                      "Sort Space Type": "Memory"
                    },
                    {
                      "Worker Number": 1,
                      "Sort Method": "quicksort",
                      "Sort Space Used": 3061,
                      "Sort Space Type": "Memory"
                    }
                  ],
                  "Plans": [
                    {
                      "Node Type": "Hash Join",
                      "Parent Relationship": "Outer",
                      "Parallel Aware": true,
                      "Async Capable": false,
                      "Join Type": "Inner",
                      "Startup Cost": 50232.28,
                      "Total Cost": 205320.92,
                      "Plan Rows": 93790,
                      "Plan Width": 43,
                      "Actual Startup Time": 215.783,
                      "Actual Total Time": 1111.979,
                      "Actual Rows": 38464,
                      "Actual Loops": 3,
                      "Inner Unique": true,
                      "Hash Cond": "(lineitem.l_partkey = part.p_partkey)",
                      "Shared Hit Blocks": 2901,
                      "Shared Read Blocks": 155060,
                      "Shared Dirtied Blocks": 0,
                      "Shared Written Blocks": 0,
                      "Local Hit Blocks": 0,
                      "Local Read Blocks": 0,
                      "Local Dirtied Blocks": 0,
                      "Local Written Blocks": 0,
                      "Temp Read Blocks": 0,
                      "Temp Written Blocks": 0,
                      "Workers": [],
                      "Plans": [
                        {
                          "Node Type": "Hash Join",
                          "Parent Relationship": "Outer",
                          "Parallel Aware": true,
                          "Async Capable": false,
                          "Join Type": "Inner",
                          "Startup Cost": 44053.29,
                          "Total Cost": 198661.25,
                          "Plan Rows": 93790,
                          "Plan Width": 29,
                          "Actual Startup Time": 181.007,
                          "Actual Total Time": 1040.819,
                          "Actual Rows": 38464,
                          "Actual Loops": 3,
                          "Inner Unique": true,
                          "Hash Cond": "(orders.o_custkey = customer.c_custkey)",
                          "Shared Hit Blocks": 2848,
                          "Shared Read Blocks": 150751,
                          "Shared Dirtied Blocks": 0,
                          "Shared Written Blocks": 0,
                          "Local Hit Blocks": 0,
                          "Local Read Blocks": 0,
                          "Local Dirtied Blocks": 0,
                          "Local Written Blocks": 0,
                          "Temp Read Blocks": 0,
                          "Temp Written Blocks": 0,
                          "Workers": [],
                          "Plans": [
                            {
                              "Node Type": "Hash Join",
                              "Parent Relationship": "Outer",
                              "Parallel Aware": true,
                              "Async Capable": false,
                              "Join Type": "Inner",
                              "Startup Cost": 38902.04,
                              "Total Cost": 193263.79,
                              "Plan Rows": 93790,
                              "Plan Width": 8,
                              "Actual Startup Time": 138.344,
                              "Actual Total Time": 976.075,
                              "Actual Rows": 38464,
                              "Actual Loops": 3,
                              "Inner Unique": true,
                              "Hash Cond": "(lineitem.l_orderkey = orders.o_orderkey)",
                              "Shared Hit Blocks": 2848,
                              "Shared Read Blocks": 147006,
                              "Shared Dirtied Blocks": 0,
                              "Shared Written Blocks": 0,
                              "Local Hit Blocks": 0,
                              "Local Read Blocks": 0,
                              "Local Dirtied Blocks": 0,
                              "Local Written Blocks": 0,
                              "Temp Read Blocks": 0,
                              "Temp Written Blocks": 0,
                              "Workers": [],
                              "Plans": [
                                {
                                  "Node Type": "Seq Scan",
                                  "Parent Relationship": "Outer",
                                  "Parallel Aware": true,
                                  "Async Capable": false,
                                  "Relation Name": "lineitem",
                                  "Alias": "lineitem",
                                  "Startup Cost": 0.0,
                                  "Total Cost": 152744.11,
                                  "Plan Rows": 616243,
                                  "Plan Width": 12,
                                  "Actual Startup Time": 0.841,
                                  "Actual Total Time": 722.47,
                                  "Actual Rows": 492957,
                                  "Actual Loops": 3,
                                  "Filter": "(l_returnflag = 'R'::bpchar)",
                                  "Rows Removed by Filter": 1507448,
                                  "Shared Hit Blocks": 1626,
                                  "Shared Read Blocks": 119860,
                                  "Shared Dirtied Blocks": 0,
                                  "Shared Written Blocks": 0,
                                  "Local Hit Blocks": 0,
                                  "Local Read Blocks": 0,
                                  "Local Dirtied Blocks": 0,
                                  "Local Written Blocks": 0,
                                  "Temp Read Blocks": 0,
                                  "Temp Written Blocks": 0,
                                  "Workers": []
                                },
                                {
                                  "Node Type": "Hash",
                                  "Parent Relationship": "Inner",
                                  "Parallel Aware": true,
                                  "Async Capable": false,
                                  "Startup Cost": 37713.0,
                                  "Total Cost": 37713.0,
                                  "Plan Rows": 95123,
                                  "Plan Width": 12,
                                  "Actual Startup Time": 136.889,
                                  "Actual Total Time": 136.89,
                                  "Actual Rows": 76212,
                                  "Actual Loops": 3,
                                  "Hash Buckets": 262144,
                                  "Original Hash Buckets": 262144,
                                  "Hash Batches": 1,
                                  "Original Hash Batches": 1,
                                  "Peak Memory Usage": 12832,
                                  "Shared Hit Blocks": 1193,
                                  "Shared Read Blocks": 27145,
                                  "Shared Dirtied Blocks": 0,
                                  "Shared Written Blocks": 0,
                                  "Local Hit Blocks": 0,
                                  "Local Read Blocks": 0,
                                  "Local Dirtied Blocks": 0,
                                  "Local Written Blocks": 0,
                                  "Temp Read Blocks": 0,
                                  "Temp Written Blocks": 0,
                                  "Workers": [],
                                  "Plans": [
                                    {
                                      "Node Type": "Seq Scan",
                                      "Parent Relationship": "Outer",
                                      "Parallel Aware": true,
                                      "Async Capable": false,
                                      "Relation Name": "orders",
                                      "Alias": "orders",
                                      "Startup Cost": 0.0,
                                      "Total Cost": 37713.0,
                                      "Plan Rows": 95123,
                                      "Plan Width": 12,
                                      "Actual Startup Time": 0.811,
                                      "Actual Total Time": 114.964,
                                      "Actual Rows": 76212,
                                      "Actual Loops": 3,
                                      "Filter": "((o_orderdate >= '1995-01-01'::date) AND (o_orderdate <= '1995-12-31'::date))",
                                      "Rows Removed by Filter": 423788,
                                      "Shared Hit Blocks": 1193,
                                      "Shared Read Blocks": 27145,
                                      "Shared Dirtied Blocks": 0,
                                      "Shared Written Blocks": 0,
                                      "Local Hit Blocks": 0,
                                      "Local Read Blocks": 0,
                                      "Local Dirtied Blocks": 0,
                                      "Local Written Blocks": 0,
                                      "Temp Read Blocks": 0,
                                      "Temp Written Blocks": 0,
                                      "Workers": []
                                    }
                                  ]
                                }
                              ]
                            },
                            {
                              "Node Type": "Hash",
                              "Parent Relationship": "Inner",
                              "Parallel Aware": true,
                              "Async Capable": false,
                              "Startup Cost": 4370.0,
                              "Total Cost": 4370.0,
                              "Plan Rows": 62500,
                              "Plan Width": 29,
                              "Actual Startup Time": 42.005,
                              "Actual Total Time": 42.006,
                              "Actual Rows": 50000,
                              "Actual Loops": 3,
                              "Hash Buckets": 262144,
                              "Original Hash Buckets": 262144,
                              "Hash Batches": 1,
                              "Original Hash Batches": 1,
                              "Peak Memory Usage": 11712,
                              "Shared Hit Blocks": 0,
                              "Shared Read Blocks": 3745,
                              "Shared Dirtied Blocks": 0,
                              "Shared Written Blocks": 0,
                              "Local Hit Blocks": 0,
                              "Local Read Blocks": 0,
                              "Local Dirtied Blocks": 0,
                              "Local Written Blocks": 0,
                              "Temp Read Blocks": 0,
                              "Temp Written Blocks": 0,
                              "Workers": [],
                              "Plans": [
                                {
                                  "Node Type": "Seq Scan",
                                  "Parent Relationship": "Outer",
                                  "Parallel Aware": true,
                                  "Async Capable": false,
                                  "Relation Name": "customer",
                                  "Alias": "customer",
                                  "Startup Cost": 0.0,
                                  "Total Cost": 4370.0,
                                  "Plan Rows": 62500,
                                  "Plan Width": 29,
                                  "Actual Startup Time": 0.764,
                                  "Actual Total Time": 23.457,
                                  "Actual Rows": 50000,
                                  "Actual Loops": 3,
                                  "Shared Hit Blocks": 0,
                                  "Shared Read Blocks": 3745,
                                  "Shared Dirtied Blocks": 0,
                                  "Shared Written Blocks": 0,
                                  "Local Hit Blocks": 0,
                                  "Local Read Blocks": 0,
                                  "Local Dirtied Blocks": 0,
                                  "Local Written Blocks": 0,
                                  "Temp Read Blocks": 0,
                                  "Temp Written Blocks": 0,
                                  "Workers": []
                                }
                              ]
                            }
                          ]
                        },
                        {
                          "Node Type": "Hash",
                          "Parent Relationship": "Inner",
                          "Parallel Aware": true,
                          "Async Capable": false,
                          "Startup Cost": 5137.33,
                          "Total Cost": 5137.33,
                          "Plan Rows": 83333,
                          "Plan Width": 15,
                          "Actual Startup Time": 33.238,
                          "Actual Total Time": 33.239,
                          "Actual Rows": 66667,
                          "Actual Loops": 3,
                          "Hash Buckets": 262144,
                          "Original Hash Buckets": 262144,
                          "Hash Batches": 1,
                          "Original Hash Batches": 1,
                          "Peak Memory Usage": 11488,
                          "Shared Hit Blocks": 0,
                          "Shared Read Blocks": 4304,
                          "Shared Dirtied Blocks": 0,
                          "Shared Written Blocks": 0,
                          "Local Hit Blocks": 0,
                          "Local Read Blocks": 0,
                          "Local Dirtied Blocks": 0,
                          "Local Written Blocks": 0,
                          "Temp Read Blocks": 0,
                          "Temp Written Blocks": 0,
                          "Workers": [],
                          "Plans": [
                            {
                              "Node Type": "Seq Scan",
                              "Parent Relationship": "Outer",
                              "Parallel Aware": true,
                              "Async Capable": false,
                              "Relation Name": "part",
                              "Alias": "part",
                              "Startup Cost": 0.0,
                              "Total Cost": 5137.33,
                              "Plan Rows": 83333,
                              "Plan Width": 15,
                              "Actual Startup Time": 0.594,
                              "Actual Total Time": 15.96,
                              "Actual Rows": 66667,
                              "Actual Loops": 3,
                              "Shared Hit Blocks": 0,
                              "Shared Read Blocks": 4304,
                              "Shared Dirtied Blocks": 0,
                              "Shared Written Blocks": 0,
                              "Local Hit Blocks": 0,
                              "Local Read Blocks": 0,
                              "Local Dirtied Blocks": 0,
                              "Local Written Blocks": 0,
                              "Temp Read Blocks": 0,
                              "Temp Written Blocks": 0,
                              "Workers": []
                            }
                          ]
                        }
                      ]
                    }
                  ]
                }
              ]
            }
          ]
        }
      ]
    },
    "Planning": {
      "Shared Hit Blocks": 94,
      "Shared Read Blocks": 48,
      "Shared Dirtied Blocks": 0,
      "Shared Written Blocks": 0,
      "Local Hit Blocks": 0,
      "Local Read Blocks": 0,
      "Local Dirtied Blocks": 0,
      "Local Written Blocks": 0,
      "Temp Read Blocks": 0,
      "Temp Written Blocks": 0
    },
    "Planning Time": 4.662,
    "Triggers": [],
    "Execution Time": 1430.686
  }
]