{
  "Node Type": "Aggregate",
  "Strategy": "Sorted",
  "Partial Mode": "Finalize",
  "Parallel Aware": false,
  "Async Capable": false,
  "Startup Cost": 241254.4,
  "Total Cost": 241256.35,
  "Plan Rows": 6,
  "Plan Width": 236,
  "Group Key": [
    "l_returnflag",
    "l_linestatus"
  ],
  "Plans": [
    {
      "Node Type": "Gather Merge",
      "Parent Relationship": "Outer",
      "Parallel Aware": false,
      "Async Capable": false,
      "Startup Cost": 241254.4,
      "Total Cost": 241255.8,
      "Plan Rows": 12,
      "Plan Width": 236,
      "Workers Planned": 2,
      "Workers Launched": 2,
      "Plans": [
        {
          "Node Type": "Sort",
          "Parent Relationship": "Outer",
          "Parallel Aware": false,
          "Async Capable": false,
          "Startup Cost": 240254.37,
          "Total Cost": 240254.39,
          "Plan Rows": 6,
          "Plan Width": 236,
          "Sort Key": [
            "l_returnflag",
            "l_linestatus"
          ],
          "Sort Method": "quicksort",
          "Sort Space Used": 26,
          "Sort Space Type": "Memory",
          "Workers": [
            {
              "Worker Number": 0,
              "Sort Method": "quicksort",
              "Sort Space Used": 26,
              "Sort Space Type": "Memory"
            },
            {
              "Worker Number": 1,
              "Sort Method": "quicksort",
              "Sort Space Used": 26,
              "Sort Space Type": "Memory"
            }
          ],
          "Plans": [
            {
              "Node Type": "Aggregate",
              "Strategy": "Hashed",
              "Partial Mode": "Partial",
              "Parent Relationship": "Outer",
              "Parallel Aware": false,
              "Async Capable": false,
              "Startup Cost": 240254.16,
              "Total Cost": 240254.29,
              "Plan Rows": 6,
              "Plan Width": 236,
              "Group Key": [
                "l_returnflag",
                "l_linestatus"
              ],
              "Planned Partitions": 0,
              "HashAgg Batches": 1,
              "Peak Memory Usage": 24,
              "Disk Usage": 0,
              "Workers": [
                {
                  "Worker Number": 0,
                  "HashAgg Batches": 1,
                  "Peak Memory Usage": 24,
                  "Disk Usage": 0
                },
                {
                  "Worker Number": 1,
                  "HashAgg Batches": 1,
                  "Peak Memory Usage": 24,
                  "Disk Usage": 0
                }
              ],
              "Plans": [
                {
                  "Node Type": "Seq Scan",
                  "Parent Relationship": "Outer",
                  "Parallel Aware": true,
                  "Async Capable": false,
                  "Relation Name": "lineitem",
                  "Alias": "lineitem",
                  "Startup Cost": 0.0,
                  "Total Cost": 152744.11,
                  "Plan Rows": 2500287,
                  "Plan Width": 25,
                  "Filter": "(l_shipdate <= '1998-11-28 00:00:00'::timestamp without time zone)",
                  "Rows Removed by Filter": 33,
                  "Workers": []
                }
              ]
            }
          ]
        }
      ]
    }
  ]
}