{
  "Node Type": "Aggregate",
  "Strategy": "Sorted",
  "Partial Mode": "Simple",
  "Parallel Aware": false,
  "Async Capable": false,
  "Startup Cost": 196396.84,
  "Total Cost": 205907.59,
  "Plan Rows": 5,
  "Plan Width": 24,
  "Group Key": [
    "orders.o_orderpriority"
  ],
  "Plans": [
    {
      "Node Type": "Gather Merge",
      "Parent Relationship": "Outer",
      "Parallel Aware": false,
      "Async Capable": false,
      "Startup Cost": 196396.84,
      "Total Cost": 205516.05,
      "Plan Rows": 78299,
      "Plan Width": 24,
      "Workers Planned": 2,
      "Workers Launched": 2,
      "Plans": [
        {
          "Node Type": "Sort",
          "Parent Relationship": "Outer",
          "Parallel Aware": false,
          "Async Capable": false,
          "Startup Cost": 195396.82,
          "Total Cost": 195478.38,
          "Plan Rows": 32625,
          "Plan Width": 24,
          "Sort Key": [
            "orders.o_orderpriority",
            "orders.o_orderkey"
          ],
          "Sort Method": "quicksort",
          "Sort Space Used": 2016,
          "Sort Space Type": "Memory",
          "Workers": [
            {
              "Worker Number": 0,
              "Sort Method": "quicksort",
              "Sort Space Used": 3726,
              "Sort Space Type": "Memory"
            },
            {
              "Worker Number": 1,
              "Sort Method": "quicksort",
              "Sort Space Used": 3674,
              "Sort Space Type": "Memory"
            }
          ],
          "Plans": [
            {
              "Node Type": "Hash Join",
              "Parent Relationship": "Outer",
              "Parallel Aware": true,
              "Async Capable": false,
              "Join Type": "Inner",
              "Startup Cost": 38018.78,
              "Total Cost": 192950.97,
              "Plan Rows": 32625,
              "Plan Width": 24,
              "Inner Unique": true,
              "Hash Cond": "(lineitem.l_orderkey = orders.o_orderkey)",
              "Workers": [],
              "Plans": [
                {
                  "Node Type": "Seq Scan",
                  "Parent Relationship": "Outer",
                  "Parallel Aware": true,
                  "Async Capable": false,
                  "Relation Name": "lineitem",
                  "Alias": "lineitem",
                  "Startup Cost": 0.0,
                  "Total Cost": 152744.11,
                  "Plan Rows": 833550,
                  "Plan Width": 8,
                  "Filter": "(l_commitdate < l_receiptdate)",
                  "Rows Removed by Filter": 735973,
                  "Workers": []
                },
                {
                  "Node Type": "Hash",
                  "Parent Relationship": "Inner",
                  "Parallel Aware": true,
                  "Async Capable": false,
                  "Startup Cost": 37713.0,
                  "Total Cost": 37713.0,
                  "Plan Rows": 24462,
                  "Plan Width": 24,
                  "Hash Buckets": 65536,
                  "Original Hash Buckets": 65536,
                  "Hash Batches": 1,
                  "Original Hash Batches": 1,
                  "Peak Memory Usage": 3648,
                  "Workers": [],
                  "Plans": [
                    {
                      "Node Type": "Seq Scan",
                      "Parent Relationship": "Outer",
                      "Parallel Aware": true,
                      "Async Capable": false,
                      "Relation Name": "orders",
                      "Alias": "orders",
                      "Startup Cost": 0.0,
                      "Total Cost": 37713.0,
                      "Plan Rows": 24462,
                      "Plan Width": 24,
                      "Filter": "((o_orderdate >= '1995-01-01'::date) AND (o_orderdate <= '1995-03-31'::date))",
                      "Rows Removed by Filter": 481165,
                      "Workers": []
                    }
                  ]
                }
              ]
            }
          ]
        }
      ]
    }
  ]
}