[
  {
    "Plan": {
      "Node Type": "Nested Loop",
      "Parallel Aware": false,
      "Async Capable": false,
      "Join Type": "Inner",
      "Startup Cost": 163925.94,
      "Total Cost": 164457.26,
      "Plan Rows": 50,
      "Plan Width": 103,
      "Actual Startup Time": 579.373,
      "Actual Total Time": 589.298,
      "Actual Rows": 1,
      "Actual Loops": 1,
      "Inner Unique": true,
      "Shared Hit Blocks": 113,
      "Shared Read Blocks": 121390,
      "Shared Dirtied Blocks": 0,
      "Shared Written Blocks": 0,
      "Local Hit Blocks": 0,
      "Local Read Blocks": 0,
      "Local Dirtied Blocks": 0,
      "Local Written Blocks": 0,
      "Temp Read Blocks": 0,
      "Temp Written Blocks": 0,
      "Plans": [
        {
          "Node Type": "Aggregate",
          "Strategy": "Sorted",
          "Partial Mode": "Finalize",
          "Parent Relationship": "InitPlan",
          "Subplan Name": "CTE revenue",
          "Parallel Aware": false,
          "Async Capable": false,
          "Startup Cost": 161098.67,
          "Total Cost": 163701.16,
          "Plan Rows": 9977,
          "Plan Width": 36,
          "Actual Startup Time": 529.226,
          "Actual Total Time": 574.392,
          "Actual Rows": 9998,
          "Actual Loops": 1,
          "Group Key": [
            "lineitem.l_suppkey"
          ],
          "Shared Hit Blocks": 110,
          "Shared Read Blocks": 121390,
          "Shared Dirtied Blocks": 0,
          "Shared Written Blocks": 0,
          "Local Hit Blocks": 0,
          "Local Read Blocks": 0,
          "Local Dirtied Blocks": 0,
          "Local Written Blocks": 0,
          "Temp Read Blocks": 0,
          "Temp Written Blocks": 0,
          "Plans": [
            {
              "Node Type": "Gather Merge",
              "Parent Relationship": "Outer",
              "Parallel Aware": false,
              "Async Capable": false,
              "Startup Cost": 161098.67,
              "Total Cost": 163426.79,
              "Plan Rows": 19954,
              "Plan Width": 36,
              "Actual Startup Time": 529.212,
              "Actual Total Time": 547.618,
              "Actual Rows": 27457,
              "Actual Loops": 1,
              "Workers Planned": 2,
              "Workers Launched": 2,
              "Shared Hit Blocks": 110,
              "Shared Read Blocks": 121390,
              "Shared Dirtied Blocks": 0,
              "Shared Written Blocks": 0,
              "Local Hit Blocks": 0,
              "Local Read Blocks": 0,
              "Local Dirtied Blocks": 0,
              "Local Written Blocks": 0,
              "Temp Read Blocks": 0,
              "Temp Written Blocks": 0,
              "Plans": [
                {
                  "Node Type": "Sort",
                  "Parent Relationship": "Outer",
                  "Parallel Aware": false,
                  "Async Capable": false,
                  "Startup Cost": 160098.64,
                  "Total Cost": 160123.58,
                  "Plan Rows": 9977,
                  "Plan Width": 36,
                  "Actual Startup Time": 493.251,
                  "Actual Total Time": 494.723,
                  "Actual Rows": 9152,
                  "Actual Loops": 3,
                  "Sort Key": [
                    "lineitem.l_suppkey"
                  ],
                  "Sort Method": "quicksort",
                  "Sort Space Used": 1118,
                  "Sort Space Type": "Memory",
                  "Shared Hit Blocks": 110,
                  "Shared Read Blocks": 121390,
                  "Shared Dirtied Blocks": 0,
                  "Shared Written Blocks": 0,
                  "Local Hit Blocks": 0,
                  "Local Read Blocks": 0,
                  "Local Dirtied Blocks": 0,
                  "Local Written Blocks": 0,
                  "Temp Read Blocks": 0,
                  "Temp Written Blocks": 0,
                  "Workers": [
                    {
                      "Worker Number": 0,
                      "Sort Method": "quicksort",
                      "Sort Space Used": 1192,
                      "Sort Space Type": "Memory"
                    },
                    {
                      "Worker Number": 1,
                      "Sort Method": "quicksort",
                      "Sort Space Used": 1202,
                      "Sort Space Type": "Memory"
                    }
                  ],
                  "Plans": [
                    {
                      "Node Type": "Aggregate",
                      "Strategy": "Hashed",
                      "Partial Mode": "Partial",
                      "Parent Relationship": "Outer",
                      "Parallel Aware": false,
                      "Async Capable": false,
                      "Startup Cost": 159311.24,
                      "Total Cost": 159435.95,
                      "Plan Rows": 9977,
                      "Plan Width": 36,
                      "Actual Startup Time": 486.97,
                      "Actual Total Time": 490.653,
                      "Actual Rows": 9152,
                      "Actual Loops": 3,
                      "Group Key": [
                        "lineitem.l_suppkey"
                      ],
                      "Planned Partitions": 0,
                      "HashAgg Batches": 1,
                      "Peak Memory Usage": 3729,
                      "Disk Usage": 0,
                      "Shared Hit Blocks": 96,
                      "Shared Read Blocks": 121390,
                      "Shared Dirtied Blocks": 0,
                      "Shared Written Blocks": 0,
                      "Local Hit Blocks": 0,
                      "Local Read Blocks": 0,
                      "Local Dirtied Blocks": 0,
                      "Local Written Blocks": 0,
                      "Temp Read Blocks": 0,
                      "Temp Written Blocks": 0,
                      "Workers": [
                        {
                          "Worker Number": 0,
                          "HashAgg Batches": 1,
                          "Peak Memory Usage": 3985,
                          "Disk Usage": 0
                        },
                        {
                          "Worker Number": 1,
                          "HashAgg Batches": 1,
                          "Peak Memory Usage": 3985,
                          "Disk Usage": 0
                        }
                      ],
                      "Plans": [
                        {
                          "Node Type": "Seq Scan",
                          "Parent Relationship": "Outer",
                          "Parallel Aware": true,
                          "Async Capable": false,
                          "Relation Name": "lineitem",
                          "Alias": "lineitem",
                          "Startup Cost": 0.0,
                          "Total Cost": 158995.74,
                          "Plan Rows": 31550,
                          "Plan Width": 16,
                          "Actual Startup Time": 0.51,
                          "Actual Total Time": 463.624,
                          "Actual Rows": 25785,
                          "Actual Loops": 3,
                          "Filter": "((l_shipdate >= '1995-01-01'::date) AND (l_shipdate < '1995-02-01 00:00:00'::timestamp without time zone))",
                          "Rows Removed by Filter": 1974620,
                          "Shared Hit Blocks": 96,
                          "Shared Read Blocks": 121390,
                          "Shared Dirtied Blocks": 0,
                          "Shared Written Blocks": 0,
                          "Local Hit Blocks": 0,
                          "Local Read Blocks": 0,
                          "Local Dirtied Blocks": 0,
                          "Local Written Blocks": 0,
                          "Temp Read Blocks": 0,
                          "Temp Written Blocks": 0,
                          "Workers": []
                        }
                      ]
                    }
                  ]
                }
              ]
            }
          ]
        },
        {
          "Node Type": "Aggregate",
          "Strategy": "Plain",
          "Partial Mode": "Simple",
          "Parent Relationship": "InitPlan",
          "Subplan Name": "InitPlan 2",
          "Parallel Aware": false,
          "Async Capable": false,
          "Startup Cost": 224.48,
          "Total Cost": 224.49,
          "Plan Rows": 1,
          "Plan Width": 32,
          "Actual Startup Time": 48.832,
          "Actual Total Time": 48.834,
          "Actual Rows": 1,
          "Actual Loops": 1,
          "Shared Hit Blocks": 0,
          "Shared Read Blocks": 0,
          "Shared Dirtied Blocks": 0,
          "Shared Written Blocks": 0,
          "Local Hit Blocks": 0,
          "Local Read Blocks": 0,
          "Local Dirtied Blocks": 0,
          "Local Written Blocks": 0,
          "Temp Read Blocks": 0,
          "Temp Written Blocks": 0,
          "Plans": [
            {
              "Node Type": "CTE Scan",
              "Parent Relationship": "Outer",
              "Parallel Aware": false,
              "Async Capable": false,
              "CTE Name": "revenue",
              "Alias": "revenue_1",
              "Startup Cost": 0.0,
              "Total Cost": 199.54,
              "Plan Rows": 9977,
              "Plan Width": 32,
              "Actual Startup Time": 0.001,
              "Actual Total Time": 46.2,
              "Actual Rows": 9998,
              "Actual Loops": 1,
              "Shared Hit Blocks": 0,
              "Shared Read Blocks": 0,
              "Shared Dirtied Blocks": 0,
              "Shared Written Blocks": 0,
              "Local Hit Blocks": 0,
              "Local Read Blocks": 0,
              "Local Dirtied Blocks": 0,
              "Local Written Blocks": 0,
              "Temp Read Blocks": 0,
              "Temp Written Blocks": 0
            }
          ]
        },
        {
          "Node Type": "CTE Scan",
          "Parent Relationship": "Outer",
          "Parallel Aware": false,
          "Async Capable": false,
          "CTE Name": "revenue",
          "Alias": "revenue",
          "Startup Cost": 0.0,
          "Total Cost": 224.48,
          "Plan Rows": 50,
          "Plan Width": 36,
          "Actual Startup Time": 579.265,
          "Actual Total Time": 585.163,
          "Actual Rows": 1,
          "Actual Loops": 1,
          "Filter": "(total_revenue = (InitPlan 2).col1)",
          "Rows Removed by Filter": 9997,
          "Shared Hit Blocks": 22,
          "Shared Read Blocks": 29765,
          "Shared Dirtied Blocks": 0,
          "Shared Written Blocks": 0,
          "Local Hit Blocks": 0,
          "Local Read Blocks": 0,
          "Local Dirtied Blocks": 0,
          "Local Written Blocks": 0,
          "Temp Read Blocks": 0,
          "Temp Written Blocks": 0
        },
        {
          "Node Type": "Index Scan",
          "Parent Relationship": "Inner",
          "Parallel Aware": false,
          "Async Capable": false,
          "Scan Direction": "Forward",
          "Index Name": "pk_supplier",
          "Relation Name": "supplier",
          "Alias": "supplier",
          "Startup Cost": 0.29,
          "Total Cost": 6.14,
          "Plan Rows": 1,
          "Plan Width": 71,
          "Actual Startup Time": 0.087,
          "Actual Total Time": 0.088,
          "Actual Rows": 1,
          "Actual Loops": 1,
          "Index Cond": "(s_suppkey = revenue.supplier_no)",
          "Rows Removed by Index Recheck": 0,
          "Shared Hit Blocks": 3,
          "Shared Read Blocks": 0,
          "Shared Dirtied Blocks": 0,
          "Shared Written Blocks": 0,
          "Local Hit Blocks": 0,
          "Local Read Blocks": 0,
          "Local Dirtied Blocks": 0,
          "Local Written Blocks": 0,
          "Temp Read Blocks": 0,
          "Temp Written Blocks": 0
        }
      ]
    },
    "Planning": {
      "Shared Hit Blocks": 2,
      "Shared Read Blocks": 1,
      "Shared Dirtied Blocks": 0,
      "Shared Written Blocks": 0,
      "Local Hit Blocks": 0,
      "Local Read Blocks": 0,
      "Local Dirtied Blocks": 0,
      "Local Written Blocks": 0,
      "Temp Read Blocks": 0,
      "Temp Written Blocks": 0
    },
    "Planning Time": 0.476,
    "Triggers": [],
    "Execution Time": 595.694
  }
]