{
  "Node Type": "Aggregate",
  "Strategy": "Sorted",
  "Partial Mode": "Finalize",
  "Parallel Aware": false,
  "Async Capable": false,
  "Startup Cost": 221422.38,
  "Total Cost": 221610.69,
  "Plan Rows": 7,
  "Plan Width": 27,
  "Group Key": [
    "lineitem.l_shipmode"
  ],
  "Plans": [
    {
      "Node Type": "Gather Merge",
      "Parent Relationship": "Outer",
      "Parallel Aware": false,
      "Async Capable": false,
      "Startup Cost": 221422.38,
      "Total Cost": 221610.52,
      "Plan Rows": 14,
      "Plan Width": 27,
      "Workers Planned": 2,
      "Workers Launched": 2,
      "Plans": [
        {
          "Node Type": "Aggregate",
          "Strategy": "Sorted",
          "Partial Mode": "Partial",
          "Parent Relationship": "Outer",
          "Parallel Aware": false,
          "Async Capable": false,
          "Startup Cost": 220422.36,
          "Total Cost": 220608.88,
          "Plan Rows": 7,
          "Plan Width": 27,
          "Group Key": [
            "lineitem.l_shipmode"
          ],
          "Workers": [],
          "Plans": [
            {
              "Node Type": "Sort",
              "Parent Relationship": "Outer",
              "Parallel Aware": false,
              "Async Capable": false,
              "Startup Cost": 220422.36,
              "Total Cost": 220453.43,
              "Plan Rows": 12430,
              "Plan Width": 27,
              "Sort Key": [
                "lineitem.l_shipmode"
              ],
              "Sort Method": "quicksort",
              "Sort Space Used": 543,
              "Sort Space Type": "Memory",
              "Workers": [
                {
                  "Worker Number": 0,
                  "Sort Method": "quicksort",
                  "Sort Space Used": 920,
                  "Sort Space Type": "Memory"
                },
                {
                  "Worker Number": 1,
                  "Sort Method": "quicksort",
                  "Sort Space Used": 963,
                  "Sort Space Type": "Memory"
                }
              ],
              "Plans": [
                {
                  "Node Type": "Hash Join",
                  "Parent Relationship": "Outer",
                  "Parallel Aware": true,
                  "Async Capable": false,
                  "Join Type": "Inner",
                  "Startup Cost": 177905.98,
                  "Total Cost": 219577.02,
                  "Plan Rows": 12430,
                  "Plan Width": 27,
                  "Inner Unique": false,
                  "Hash Cond": "(orders.o_orderkey = lineitem.l_orderkey)",
                  "Workers": [],
                  "Plans": [
                    {
                      "Node Type": "Seq Scan",
                      "Parent Relationship": "Outer",
                      "Parallel Aware": true,
                      "Async Capable": false,
                      "Relation Name": "orders",
                      "Alias": "orders",
                      "Startup Cost": 0.0,
                      "Total Cost": 34588.0,
                      "Plan Rows": 625000,
                      "Plan Width": 24,
                      "Workers": []
                    },
                    {
                      "Node Type": "Hash",
                      "Parent Relationship": "Inner",
                      "Parallel Aware": true,
                      "Async Capable": false,
                      "Startup Cost": 177750.61,
                      "Total Cost": 177750.61,
                      "Plan Rows": 12430,
                      "Plan Width": 19,
                      "Hash Buckets": 32768,
                      "Original Hash Buckets": 32768,
                      "Hash Batches": 1,
                      "Original Hash Batches": 1,
                      "Peak Memory Usage": 2016,
                      "Workers": [],
                      "Plans": [
                        {
                          "Node Type": "Seq Scan",
                          "Parent Relationship": "Outer",
                          "Parallel Aware": true,
                          "Async Capable": false,
                          "Relation Name": "lineitem",
                          "Alias": "lineitem",
                          "Startup Cost": 0.0,
                          "Total Cost": 177750.61,
                          "Plan Rows": 12430,
                          "Plan Width": 19,
                          "Filter": "((l_shipdate < l_commitdate) AND (l_commitdate < l_receiptdate) AND (l_shipmode = ANY ('{SHIP,TRUCK}'::bpchar[])) AND (l_receiptdate >= '1995-01-01'::date) AND (l_receiptdate <= '1995-12-31'::date))",
                          "Rows Removed by Filter": 1989990,
                          "Workers": []
                        }
                      ]
                    }
                  ]
                }
              ]
            }
          ]
        }
      ]
    }
  ]
}