{
  "Node Type": "Aggregate",
  "Strategy": "Sorted",
  "Partial Mode": "Finalize",
  "Parallel Aware": false,
  "Async Capable": false,
  "Startup Cost": 52995.18,
  "Total Cost": 53095.47,
  "Plan Rows": 752,
  "Plan Width": 72,
  "Group Key": [
    "(SUBSTRING(customer.c_phone FROM 1 FOR 2))"
  ],
  "Plans": [
    {
      "Node Type": "Aggregate",
      "Strategy": "Plain",
      "Partial Mode": "Finalize",
      "Parent Relationship": "InitPlan",
      "Subplan Name": "InitPlan 1",
      "Parallel Aware": false,
      "Async Capable": false,
      "Startup Cost": 6390.82,
      "Total Cost": 6390.83,
      "Plan Rows": 1,
      "Plan Width": 32,
      "Plans": [
        {
          "Node Type": "Gather",
          "Parent Relationship": "Outer",
          "Parallel Aware": false,
          "Async Capable": false,
          "Startup Cost": 6390.6,
          "Total Cost": 6390.81,
          "Plan Rows": 2,
          "Plan Width": 32,
          "Workers Planned": 2,
          "Workers Launched": 2,
          "Single Copy": false,
          "Plans": [
            {
              "Node Type": "Aggregate",
              "Strategy": "Plain",
              "Partial Mode": "Partial",
              "Parent Relationship": "Outer",
              "Parallel Aware": false,
              "Async Capable": false,
              "Startup Cost": 5390.6,
              "Total Cost": 5390.61,
              "Plan Rows": 1,
              "Plan Width": 32,
              "Workers": [],
              "Plans": [
                {
                  "Node Type": "Seq Scan",
                  "Parent Relationship": "Outer",
                  "Parallel Aware": true,
                  "Async Capable": false,
                  "Relation Name": "customer",
                  "Alias": "customer_1",
                  "Startup Cost": 0.0,
                  "Total Cost": 5385.62,
                  "Plan Rows": 1988,
                  "Plan Width": 6,
                  "Filter": "((c_acctbal > 0.00) AND (SUBSTRING(c_phone FROM 1 FOR 2) = ANY ('{13,31,23,29,30,18,17}'::text[])))",
                  "Rows Removed by Filter": 37293,
                  "Workers": []
                }
              ]
            }
          ]
        }
      ]
    },
    {
      "Node Type": "Gather Merge",
      "Parent Relationship": "Outer",
      "Parallel Aware": false,
      "Async Capable": false,
      "Startup Cost": 46604.35,
      "Total Cost": 46685.22,
      "Plan Rows": 626,
      "Plan Width": 72,
      "Workers Planned": 2,
      "Workers Launched": 2,
      "Plans": [
        {
          "Node Type": "Aggregate",
          "Strategy": "Sorted",
          "Partial Mode": "Partial",
          "Parent Relationship": "Outer",
          "Parallel Aware": false,
          "Async Capable": false,
          "Startup Cost": 45604.33,
          "Total Cost": 45612.94,
          "Plan Rows": 313,
          "Plan Width": 72,
          "Group Key": [
            "(SUBSTRING(customer.c_phone FROM 1 FOR 2))"
          ],
          "Workers": [],
          "Plans": [
            {
              "Node Type": "Sort",
              "Parent Relationship": "Outer",
              "Parallel Aware": false,
              "Async Capable": false,
              "Startup Cost": 45604.33,
              "Total Cost": 45605.11,
              "Plan Rows": 313,
              "Plan Width": 38,
              "Sort Key": [
                "(SUBSTRING(customer.c_phone FROM 1 FOR 2))"
              ],
              "Sort Method": "quicksort",
              "Sort Space Used": 25,
              "Sort Space Type": "Memory",
              "Workers": [
                {
                  "Worker Number": 0,
                  "Sort Method": "quicksort",
                  "Sort Space Used": 25,
                  "Sort Space Type": "Memory"
                },
                {
                  "Worker Number": 1,
                  "Sort Method": "quicksort",
                  "Sort Space Used": 392,
                  "Sort Space Type": "Memory"
                }
              ],
              "Plans": [
                {
                  "Node Type": "Hash Join",
                  "Parent Relationship": "Outer",
                  "Parallel Aware": true,
                  "Async Capable": false,
                  "Join Type": "Right Anti",
                  "Startup Cost": 5394.74,
                  "Total Cost": 45591.36,
                  "Plan Rows": 313,
                  "Plan Width": 38,
                  "Inner Unique": true,
                  "Hash Cond": "(orders.o_custkey = customer.c_custkey)",
                  "Workers": [],
                  "Plans": [
                    {
                      "Node Type": "Seq Scan",
                      "Parent Relationship": "Outer",
                      "Parallel Aware": true,
                      "Async Capable": false,
                      "Relation Name": "orders",
                      "Alias": "orders",
                      "Startup Cost": 0.0,
                      "Total Cost": 34588.0,
                      "Plan Rows": 625000,
                      "Plan Width": 4,
                      "Workers": []
                    },
                    {
                      "Node Type": "Hash",
                      "Parent Relationship": "Inner",
                      "Parallel Aware": true,
                      "Async Capable": false,
                      "Startup Cost": 5385.62,
                      "Total Cost": 5385.62,
                      "Plan Rows": 729,
                      "Plan Width": 26,
                      "Hash Buckets": 32768,
                      "Original Hash Buckets": 2048,
                      "Hash Batches": 1,
                      "Original Hash Batches": 1,
                      "Peak Memory Usage": 1712,
                      "Workers": [],
                      "Plans": [
                        {
                          "Node Type": "Seq Scan",
                          "Parent Relationship": "Outer",
                          "Parallel Aware": true,
                          "Async Capable": false,
                          "Relation Name": "customer",
                          "Alias": "customer",
                          "Startup Cost": 0.0,
                          "Total Cost": 5385.62,
                          "Plan Rows": 729,
                          "Plan Width": 26,
                          "Filter": "((c_acctbal > (InitPlan 1).col1) AND (SUBSTRING(c_phone FROM 1 FOR 2) = ANY ('{13,31,23,29,30,18,17}'::text[])))",
                          "Rows Removed by Filter": 43667,
                          "Workers": []
                        }
                      ]
                    }
                  ]
                }
              ]
            }
          ]
        }
      ]
    }
  ]
}