[
  {
    "Plan": {
      "Node Type": "Sort",
      "Parallel Aware": false,
      "Async Capable": false,
      "Startup Cost": 179180.17,
      "Total Cost": 179180.18,
      "Plan Rows": 1,
      "Plan Width": 34,
      "Actual Startup Time": 1248.125,
      "Actual Total Time": 1248.228,
      "Actual Rows": 413,
      "Actual Loops": 1,
      "Sort Key": [
        "(count(*)) DESC",
        "supplier.s_name"
      ],
      "Sort Method": "quicksort",
      "Sort Space Used": 47,
      "Sort Space Type": "Memory",
      "Shared Hit Blocks": 673129,
      "Shared Read Blocks": 163766,
      "Shared Dirtied Blocks": 0,
      "Shared Written Blocks": 0,
      "Local Hit Blocks": 0,
      "Local Read Blocks": 0,
      "Local Dirtied Blocks": 0,
      "Local Written Blocks": 0,
      "Temp Read Blocks": 0,
      "Temp Written Blocks": 0,
      "Plans": [
        {
          "Node Type": "Aggregate",
          "Strategy": "Sorted",
          "Partial Mode": "Simple",
          "Parent Relationship": "Outer",
          "Parallel Aware": false,
          "Async Capable": false,
          "Startup Cost": 179180.14,
          "Total Cost": 179180.16,
          "Plan Rows": 1,
          "Plan Width": 34,
          "Actual Startup Time": 1246.952,
          "Actual Total Time": 1247.601,
          "Actual Rows": 413,
          "Actual Loops": 1,
          "Group Key": [
            "supplier.s_name"
          ],
          "Shared Hit Blocks": 673123,
          "Shared Read Blocks": 163766,
          "Shared Dirtied Blocks": 0,
          "Shared Written Blocks": 0,
          "Local Hit Blocks": 0,
          "Local Read Blocks": 0,
          "Local Dirtied Blocks": 0,
          "Local Written Blocks": 0,
          "Temp Read Blocks": 0,
          "Temp Written Blocks": 0,
          "Plans": [
            {
              "Node Type": "Sort",
              "Parent Relationship": "Outer",
              "Parallel Aware": false,
              "Async Capable": false,
              "Startup Cost": 179180.14,
              "Total Cost": 179180.15,
              "Plan Rows": 1,
              "Plan Width": 26,
              "Actual Startup Time": 1246.942,
              "Actual Total Time": 1247.176,
              "Actual Rows": 4164,
              "Actual Loops": 1,
              "Sort Key": [
                "supplier.s_name"
              ],
              "Sort Method": "quicksort",
              "Sort Space Used": 193,
              "Sort Space Type": "Memory",
              "Shared Hit Blocks": 673123,
              "Shared Read Blocks": 163766,
              "Shared Dirtied Blocks": 0,
              "Shared Written Blocks": 0,
              "Local Hit Blocks": 0,
              "Local Read Blocks": 0,
              "Local Dirtied Blocks": 0,
              "Local Written Blocks": 0,
              "Temp Read Blocks": 0,
              "Temp Written Blocks": 0,
              "Plans": [
                {
                  "Node Type": "Nested Loop",
                  "Parent Relationship": "Outer",
                  "Parallel Aware": false,
                  "Async Capable": false,
                  "Join Type": "Semi",
                  "Startup Cost": 1361.32,
                  "Total Cost": 179180.13,
                  "Plan Rows": 1,
                  "Plan Width": 26,
                  "Actual Startup Time": 4.621,
                  "Actual Total Time": 1238.605,
                  "Actual Rows": 4164,
                  "Actual Loops": 1,
                  "Inner Unique": false,
                  "Shared Hit Blocks": 673123,
                  "Shared Read Blocks": 163766,
                  "Shared Dirtied Blocks": 0,
                  "Shared Written Blocks": 0,
                  "Local Hit Blocks": 0,
                  "Local Read Blocks": 0,
                  "Local Dirtied Blocks": 0,
                  "Local Written Blocks": 0,
                  "Temp Read Blocks": 0,
                  "Temp Written Blocks": 0,
                  "Plans": [
                    {
                      "Node Type": "Nested Loop",
                      "Parent Relationship": "Outer",
                      "Parallel Aware": false,
                      "Async Capable": false,
                      "Join Type": "Inner",
                      "Startup Cost": 1360.88,
                      "Total Cost": 179179.07,
                      "Plan Rows": 1,
                      "Plan Width": 46,
                      "Actual Startup Time": 3.876,
                      "Actual Total Time": 1082.91,
                      "Actual Rows": 6941,
                      "Actual Loops": 1,
                      "Inner Unique": true,
                      "Shared Hit Blocks": 649964,
                      "Shared Read Blocks": 159124,
                      "Shared Dirtied Blocks": 0,
                      "Shared Written Blocks": 0,
                      "Local Hit Blocks": 0,
                      "Local Read Blocks": 0,
                      "Local Dirtied Blocks": 0,
                      "Local Written Blocks": 0,
                      "Temp Read Blocks": 0,
                      "Temp Written Blocks": 0,
                      "Plans": [
                        {
                          "Node Type": "Gather",
                          "Parent Relationship": "Outer",
                          "Parallel Aware": false,
                          "Async Capable": false,
                          "Startup Cost": 1360.46,
                          "Total Cost": 179178.56,
                          "Plan Rows": 1,
                          "Plan Width": 38,
                          "Actual Startup Time": 3.781,
                          "Actual Total Time": 875.649,
                          "Actual Rows": 14141,
                          "Actual Loops": 1,
                          "Workers Planned": 2,
                          "Workers Launched": 2,
                          "Single Copy": false,
                          "Shared Hit Blocks": 608555,
                          "Shared Read Blocks": 143969,
                          "Shared Dirtied Blocks": 0,
                          "Shared Written Blocks": 0,
                          "Local Hit Blocks": 0,
                          "Local Read Blocks": 0,
                          "Local Dirtied Blocks": 0,
                          "Local Written Blocks": 0,
                          "Temp Read Blocks": 0,
                          "Temp Written Blocks": 0,
                          "Plans": [
                            {
                              "Node Type": "Nested Loop",
                              "Parent Relationship": "Outer",
                              "Parallel Aware": false,
                              "Async Capable": false,
                              "Join Type": "Anti",
                              "Startup Cost": 360.46,
                              "Total Cost": 178178.46,
                              "Plan Rows": 1,
                              "Plan Width": 38,
                              "Actual Startup Time": 4.312,
                              "Actual Total Time": 1073.407,
                              "Actual Rows": 4714,
                              "Actual Loops": 3,
                              "Inner Unique": false,
                              "Shared Hit Blocks": 608555,
                              "Shared Read Blocks": 143969,
                              "Shared Dirtied Blocks": 0,
                              "Shared Written Blocks": 0,
                              "Local Hit Blocks": 0,
                              "Local Read Blocks": 0,
                              "Local Dirtied Blocks": 0,
                              "Local Written Blocks": 0,
                              "Temp Read Blocks": 0,
                              "Temp Written Blocks": 0,
                              "Workers": [],
                              "Plans": [
                                {
                                  "Node Type": "Hash Join",
                                  "Parent Relationship": "Outer",
                                  "Parallel Aware": false,
                                  "Async Capable": false,
                                  "Join Type": "Inner",
                                  "Startup Cost": 360.02,
                                  "Total Cost": 156563.37,
                                  "Plan Rows": 33342,
                                  "Plan Width": 38,
                                  "Actual Startup Time": 3.834,
                                  "Actual Total Time": 833.003,
                                  "Actual Rows": 52299,
                                  "Actual Loops": 3,
                                  "Inner Unique": false,
                                  "Hash Cond": "(l1.l_suppkey = supplier.s_suppkey)",
                                  "Shared Hit Blocks": 1682,
                                  "Shared Read Blocks": 120572,
                                  "Shared Dirtied Blocks": 0,
                                  "Shared Written Blocks": 0,
                                  "Local Hit Blocks": 0,
                                  "Local Read Blocks": 0,
                                  "Local Dirtied Blocks": 0,
                                  "Local Written Blocks": 0,
                                  "Temp Read Blocks": 0,
                                  "Temp Written Blocks": 0,
                                  "Workers": [],
                                  "Plans": [
                                    {
                                      "Node Type": "Seq Scan",
                                      "Parent Relationship": "Outer",
                                      "Parallel Aware": true,
                                      "Async Capable": false,
                                      "Relation Name": "lineitem",
                                      "Alias": "l1",
                                      "Startup Cost": 0.0,
                                      "Total Cost": 152744.11,
                                      "Plan Rows": 833550,
                                      "Plan Width": 12,
                                      "Actual Startup Time": 0.439,
                                      "Actual Total Time": 719.231,
                                      "Actual Rows": 1264432,
                                      "Actual Loops": 3,
                                      "Filter": "(l_commitdate < l_receiptdate)",
                                      "Rows Removed by Filter": 735973,
                                      "Shared Hit Blocks": 920,
                                      "Shared Read Blocks": 120566,
                                      "Shared Dirtied Blocks": 0,
                                      "Shared Written Blocks": 0,
                                      "Local Hit Blocks": 0,
                                      "Local Read Blocks": 0,
                                      "Local Dirtied Blocks": 0,
                                      "Local Written Blocks": 0,
                                      "Temp Read Blocks": 0,
                                      "Temp Written Blocks": 0,
                                      "Workers": []
                                    },
                                    {
                                      "Node Type": "Hash",
                                      "Parent Relationship": "Inner",
                                      "Parallel Aware": false,
                                      "Async Capable": false,
                                      "Startup Cost": 355.02,
                                      "Total Cost": 355.02,
                                      "Plan Rows": 400,
                                      "Plan Width": 30,
                                      "Actual Startup Time": 3.284,
                                      "Actual Total Time": 3.285,
                                      "Actual Rows": 413,
                                      "Actual Loops": 3,
                                      "Hash Buckets": 1024,
                                      "Original Hash Buckets": 1024,
                                      "Hash Batches": 1,
                                      "Original Hash Batches": 1,
                                      "Peak Memory Usage": 34,
                                      "Shared Hit Blocks": 666,
                                      "Shared Read Blocks": 6,
                                      "Shared Dirtied Blocks": 0,
                                      "Shared Written Blocks": 0,
                                      "Local Hit Blocks": 0,
                                      "Local Read Blocks": 0,
                                      "Local Dirtied Blocks": 0,
                                      "Local Written Blocks": 0,
                                      "Temp Read Blocks": 0,
                                      "Temp Written Blocks": 0,
                                      "Workers": [],
                                      "Plans": [
                                        {
                                          "Node Type": "Hash Join",
                                          "Parent Relationship": "Outer",
                                          "Parallel Aware": false,
                                          "Async Capable": false,
                                          "Join Type": "Inner",
                                          "Startup Cost": 1.32,
                                          "Total Cost": 355.02,
                                          "Plan Rows": 400,
                                          "Plan Width": 30,
                                          "Actual Startup Time": 0.95,
                                          "Actual Total Time": 3.212,
                                          "Actual Rows": 413,
                                          "Actual Loops": 3,
                                          "Inner Unique": true,
                                          "Hash Cond": "(supplier.s_nationkey = nation.n_nationkey)",
                                          "Shared Hit Blocks": 666,
                                          "Shared Read Blocks": 6,
                                          "Shared Dirtied Blocks": 0,
                                          "Shared Written Blocks": 0,
                                          "Local Hit Blocks": 0,
                                          "Local Read Blocks": 0,
                                          "Local Dirtied Blocks": 0,
                                          "Local Written Blocks": 0,
                                          "Temp Read Blocks": 0,
                                          "Temp Written Blocks": 0,
                                          "Workers": [],
                                          "Plans": [
                                            {
                                              "Node Type": "Seq Scan",
                                              "Parent Relationship": "Outer",
                                              "Parallel Aware": false,
                                              "Async Capable": false,
                                              "Relation Name": "supplier",
                                              "Alias": "supplier",
                                              "Startup Cost": 0.0,
                                              "Total Cost": 323.0,
                                              "Plan Rows": 10000,
                                              "Plan Width": 34,
                                              "Actual Startup Time": 0.501,
                                              "Actual Total Time": 1.587,
                                              "Actual Rows": 10000,
                                              "Actual Loops": 3,
                                              "Shared Hit Blocks": 663,
                                              "Shared Read Blocks": 6,
                                              "Shared Dirtied Blocks": 0,
                                              "Shared Written Blocks": 0,
                                              "Local Hit Blocks": 0,
                                              "Local Read Blocks": 0,
                                              "Local Dirtied Blocks": 0,
                                              "Local Written Blocks": 0,
                                              "Temp Read Blocks": 0,
                                              "Temp Written Blocks": 0,
                                              "Workers": []
                                            },
                                            {
                                              "Node Type": "Hash",
                                              "Parent Relationship": "Inner",
                                              "Parallel Aware": false,
                                              "Async Capable": false,
                                              "Startup Cost": 1.31,
                                              "Total Cost": 1.31,
                                              "Plan Rows": 1,
                                              "Plan Width": 4,
                                              "Actual Startup Time": 0.427,
                                              "Actual Total Time": 0.428,
                                              "Actual Rows": 1,
                                              "Actual Loops": 3,
                                              "Hash Buckets": 1024,
                                              "Original Hash Buckets": 1024,
                                              "Hash Batches": 1,
                                              "Original Hash Batches": 1,
                                              "Peak Memory Usage": 9,
                                              "Shared Hit Blocks": 3,
                                              "Shared Read Blocks": 0,
                                              "Shared Dirtied Blocks": 0,
                                              "Shared Written Blocks": 0,
                                              "Local Hit Blocks": 0,
                                              "Local Read Blocks": 0,
                                              "Local Dirtied Blocks": 0,
                                              "Local Written Blocks": 0,
                                              "Temp Read Blocks": 0,
                                              "Temp Written Blocks": 0,
                                              "Workers": [],
                                              "Plans": [
                                                {
                                                  "Node Type": "Seq Scan",
                                                  "Parent Relationship": "Outer",
                                                  "Parallel Aware": false,
                                                  "Async Capable": false,
                                                  "Relation Name": "nation",
                                                  "Alias": "nation",
                                                  "Startup Cost": 0.0,
                                                  "Total Cost": 1.31,
                                                  "Plan Rows": 1,
                                                  "Plan Width": 4,
                                                  "Actual Startup Time": 0.415,
                                                  "Actual Total Time": 0.418,
                                                  "Actual Rows": 1,
                                                  "Actual Loops": 3,
                                                  "Filter": "(n_name = 'ARGENTINA'::bpchar)",
                                                  "Rows Removed by Filter": 24,
                                                  "Shared Hit Blocks": 3,
                                                  "Shared Read Blocks": 0,
                                                  "Shared Dirtied Blocks": 0,
                                                  "Shared Written Blocks": 0,
                                                  "Local Hit Blocks": 0,
                                                  "Local Read Blocks": 0,
                                                  "Local Dirtied Blocks": 0,
                                                  "Local Written Blocks": 0,
                                                  "Temp Read Blocks": 0,
                                                  "Temp Written Blocks": 0,
                                                  "Workers": []
                                                }
                                              ]
                                            }
                                          ]
                                        }
                                      ]
                                    }
                                  ]
                                },
                                {
                                  "Node Type": "Index Scan",
                                  "Parent Relationship": "Inner",
                                  "Parallel Aware": false,
                                  "Async Capable": false,
                                  "Scan Direction": "Forward",
                                  "Index Name": "pk_lineitem",
                                  "Relation Name": "lineitem",
                                  "Alias": "l3",
                                  "Startup Cost": 0.43,
                                  "Total Cost": 1.08,
                                  "Plan Rows": 5,
                                  "Plan Width": 12,
                                  "Actual Startup Time": 0.004,
                                  "Actual Total Time": 0.004,
                                  "Actual Rows": 1,
                                  "Actual Loops": 156898,
                                  "Index Cond": "(l_orderkey = l1.l_orderkey)",
                                  "Rows Removed by Index Recheck": 0,
                                  "Filter": "((l_commitdate < l_receiptdate) AND (l1.l_suppkey <> l_suppkey))",
                                  "Rows Removed by Filter": 1,
                                  "Shared Hit Blocks": 606873,
                                  "Shared Read Blocks": 23397,
                                  "Shared Dirtied Blocks": 0,
                                  "Shared Written Blocks": 0,
                                  "Local Hit Blocks": 0,
                                  "Local Read Blocks": 0,
                                  "Local Dirtied Blocks": 0,
                                  "Local Written Blocks": 0,
                                  "Temp Read Blocks": 0,
                                  "Temp Written Blocks": 0,
                                  "Workers": []
                                }
                              ]
                            }
                          ]
                        },
                        {
                          "Node Type": "Index Scan",
                          "Parent Relationship": "Inner",
                          "Parallel Aware": false,
                          "Async Capable": false,
                          "Scan Direction": "Forward",
                          "Index Name": "pk_orders",
                          "Relation Name": "orders",
                          "Alias": "orders",
                          "Startup Cost": 0.43,
                          "Total Cost": 0.51,
                          "Plan Rows": 1,
                          "Plan Width": 8,
                          "Actual Startup Time": 0.014,
                          "Actual Total Time": 0.014,
                          "Actual Rows": 0,
                          "Actual Loops": 14141,
                          "Index Cond": "(o_orderkey = l1.l_orderkey)",
                          "Rows Removed by Index Recheck": 0,
                          "Filter": "(o_orderstatus = 'F'::bpchar)",
                          "Rows Removed by Filter": 1,
                          "Shared Hit Blocks": 41409,
                          "Shared Read Blocks": 15155,
                          "Shared Dirtied Blocks": 0,
                          "Shared Written Blocks": 0,
                          "Local Hit Blocks": 0,
                          "Local Read Blocks": 0,
                          "Local Dirtied Blocks": 0,
                          "Local Written Blocks": 0,
                          "Temp Read Blocks": 0,
                          "Temp Written Blocks": 0
                        }
                      ]
                    },
                    {
                      "Node Type": "Index Scan",
                      "Parent Relationship": "Inner",
                      "Parallel Aware": false,
                      "Async Capable": false,
                      "Scan Direction": "Forward",
                      "Index Name": "pk_lineitem",
                      "Relation Name": "lineitem",
                      "Alias": "l2",
                      "Startup Cost": 0.43,
                      "Total Cost": 1.04,
                      "Plan Rows": 16,
                      "Plan Width": 12,
                      "Actual Startup Time": 0.022,
                      "Actual Total Time": 0.022,
                      "Actual Rows": 1,
                      "Actual Loops": 6941,
                      "Index Cond": "(l_orderkey = l1.l_orderkey)",
                      "Rows Removed by Index Recheck": 0,
                      "Filter": "(l1.l_suppkey <> l_suppkey)",
                      "Rows Removed by Filter": 1,
                      "Shared Hit Blocks": 23159,
                      "Shared Read Blocks": 4642,
                      "Shared Dirtied Blocks": 0,
                      "Shared Written Blocks": 0,
                      "Local Hit Blocks": 0,
                      "Local Read Blocks": 0,
                      "Local Dirtied Blocks": 0,
                      "Local Written Blocks": 0,
                      "Temp Read Blocks": 0,
                      "Temp Written Blocks": 0
                    }
                  ]
                }
              ]
            }
          ]
        }
      ]
    },
    "Planning": {
      "Shared Hit Blocks": 356,
      "Shared Read Blocks": 11,
      "Shared Dirtied Blocks": 0,
      "Shared Written Blocks": 0,
      "Local Hit Blocks": 0,
      "Local Read Blocks": 0,
      "Local Dirtied Blocks": 0,
      "Local Written Blocks": 0,
      "Temp Read Blocks": 0,
      "Temp Written Blocks": 0
    },
    "Planning Time": 6.75,
    "Triggers": [],
    "Execution Time": 1248.553
  }
]