{
  "Node Type": "Append",
  "Parallel Aware": false,
  "Async Capable": false,
  "Startup Cost": 5572.21,
  "Total Cost": 121803.05,
  "Plan Rows": 380,
  "Plan Width": 50,
  "Subplans Removed": 0,
  "Plans": [
    {
      "Node Type": "Gather",
      "Parent Relationship": "Member",
      "Parallel Aware": false,
      "Async Capable": false,
      "Startup Cost": 5572.21,
      "Total Cost": 43534.38,
      "Plan Rows": 360,
      "Plan Width": 25,
      "Workers Planned": 2,
      "Workers Launched": 2,
      "Single Copy": false,
      "Plans": [
        {
          "Node Type": "Hash Join",
          "Parent Relationship": "Outer",
          "Parallel Aware": true,
          "Async Capable": false,
          "Join Type": "Inner",
          "Startup Cost": 4572.21,
          "Total Cost": 42498.38,
          "Plan Rows": 150,
          "Plan Width": 25,
          "Inner Unique": false,
          "Hash Cond": "(orders.o_custkey = customer.c_custkey)",
          "Join Filter": "(orders.o_totalprice <= customer.c_acctbal)",
          "Rows Removed by Join Filter": 361,
          "Workers": [],
          "Plans": [
            {
              "Node Type": "Seq Scan",
              "Parent Relationship": "Outer",
              "Parallel Aware": true,
              "Async Capable": false,
              "Relation Name": "orders",
              "Alias": "orders",
              "Startup Cost": 0.0,
              "Total Cost": 37713.0,
              "Plan Rows": 56223,
              "Plan Width": 12,
              "Filter": "((o_orderdate >= '1998-01-01'::date) AND (o_orderdate <= '1998-12-05'::date))",
              "Rows Removed by Filter": 455459,
              "Workers": []
            },
            {
              "Node Type": "Hash",
              "Parent Relationship": "Inner",
              "Parallel Aware": true,
              "Async Capable": false,
              "Startup Cost": 4565.96,
              "Total Cost": 4565.96,
              "Plan Rows": 500,
              "Plan Width": 29,
              "Hash Buckets": 2048,
              "Original Hash Buckets": 2048,
              "Hash Batches": 1,
              "Original Hash Batches": 1,
              "Peak Memory Usage": 112,
              "Workers": [],
              "Plans": [
                {
                  "Node Type": "Hash Join",
                  "Parent Relationship": "Outer",
                  "Parallel Aware": false,
                  "Async Capable": false,
                  "Join Type": "Inner",
                  "Startup Cost": 1.32,
                  "Total Cost": 4565.96,
                  "Plan Rows": 500,
                  "Plan Width": 29,
                  "Inner Unique": true,
                  "Hash Cond": "(customer.c_nationkey = nation.n_nationkey)",
                  "Workers": [],
                  "Plans": [
                    {
                      "Node Type": "Seq Scan",
                      "Parent Relationship": "Outer",
                      "Parallel Aware": true,
                      "Async Capable": false,
                      "Relation Name": "customer",
                      "Alias": "customer",
                      "Startup Cost": 0.0,
                      "Total Cost": 4526.25,
                      "Plan Rows": 12502,
                      "Plan Width": 33,
                      "Filter": "(c_mktsegment = 'FURNITURE'::bpchar)",
                      "Rows Removed by Filter": 120032,
                      "Workers": []
                    },
                    {
                      "Node Type": "Hash",
                      "Parent Relationship": "Inner",
                      "Parallel Aware": false,
                      "Async Capable": false,
                      "Startup Cost": 1.31,
                      "Total Cost": 1.31,
                      "Plan Rows": 1,
                      "Plan Width": 4,
                      "Hash Buckets": 1024,
                      "Original Hash Buckets": 1024,
                      "Hash Batches": 1,
                      "Original Hash Batches": 1,
                      "Peak Memory Usage": 9,
                      "Workers": [],
                      "Plans": [
                        {
                          "Node Type": "Seq Scan",
                          "Parent Relationship": "Outer",
                          "Parallel Aware": false,
                          "Async Capable": false,
                          "Relation Name": "nation",
                          "Alias": "nation",
                          "Startup Cost": 0.0,
                          "Total Cost": 1.31,
                          "Plan Rows": 1,
                          "Plan Width": 4,
                          "Filter": "(n_name = 'INDIA'::bpchar)",
                          "Rows Removed by Filter": 24,
                          "Workers": []
                        }
                      ]
                    }
                  ]
                }
              ]
            }
          ]
        }
      ]
    },
    {
      "Node Type": "Subquery Scan",
      "Parent Relationship": "Member",
      "Parallel Aware": false,
      "Async Capable": false,
      "Alias": "*SELECT* 2",
      "Startup Cost": 78264.19,
      "Total Cost": 78266.77,
      "Plan Rows": 20,
      "Plan Width": 38,
      "Plans": [
        {
          "Node Type": "Limit",
          "Parent Relationship": "Subquery",
          "Parallel Aware": false,
          "Async Capable": false,
          "Startup Cost": 78264.19,
          "Total Cost": 78266.52,
          "Plan Rows": 20,
          "Plan Width": 32,
          "Plans": [
            {
              "Node Type": "Gather Merge",
              "Parent Relationship": "Outer",
              "Parallel Aware": false,
              "Async Capable": false,
              "Startup Cost": 78264.19,
              "Total Cost": 78279.59,
              "Plan Rows": 132,
              "Plan Width": 32,
              "Workers Planned": 2,
              "Workers Launched": 2,
              "Plans": [
                {
                  "Node Type": "Sort",
                  "Parent Relationship": "Outer",
                  "Parallel Aware": false,
                  "Async Capable": false,
                  "Startup Cost": 77264.16,
                  "Total Cost": 77264.33,
                  "Plan Rows": 66,
                  "Plan Width": 32,
                  "Sort Key": [
                    "supplier.s_acctbal DESC"
                  ],
                  "Sort Method": "top-N heapsort",
                  "Sort Space Used": 27,
                  "Sort Space Type": "Memory",
                  "Workers": [
                    {
                      "Worker Number": 0,
                      "Sort Method": "top-N heapsort",
                      "Sort Space Used": 27,
                      "Sort Space Type": "Memory"
                    },
                    {
                      "Worker Number": 1,
                      "Sort Method": "top-N heapsort",
                      "Sort Space Used": 27,
                      "Sort Space Type": "Memory"
                    }
                  ],
                  "Plans": [
                    {
                      "Node Type": "Hash Join",
                      "Parent Relationship": "Outer",
                      "Parallel Aware": false,
                      "Async Capable": false,
                      "Join Type": "Inner",
                      "Startup Cost": 385.45,
                      "Total Cost": 77262.41,
                      "Plan Rows": 66,
                      "Plan Width": 32,
                      "Inner Unique": false,
                      "Hash Cond": "(lineitem.l_suppkey = supplier.s_suppkey)",
                      "Join Filter": "(orders_1.o_totalprice > supplier.s_acctbal)",
                      "Rows Removed by Join Filter": 0,
                      "Workers": [],
                      "Plans": [
                        {
                          "Node Type": "Nested Loop",
                          "Parent Relationship": "Outer",
                          "Parallel Aware": false,
                          "Async Capable": false,
                          "Join Type": "Inner",
                          "Startup Cost": 0.43,
                          "Total Cost": 76856.26,
                          "Plan Rows": 4971,
                          "Plan Width": 12,
                          "Inner Unique": false,
                          "Workers": [],
                          "Plans": [
                            {
                              "Node Type": "Seq Scan",
                              "Parent Relationship": "Outer",
                              "Parallel Aware": true,
                              "Async Capable": false,
                              "Relation Name": "orders",
                              "Alias": "orders_1",
                              "Startup Cost": 0.0,
                              "Total Cost": 39275.5,
                              "Plan Rows": 1242,
                              "Plan Width": 16,
                              "Filter": "((o_orderdate >= '1998-01-01'::date) AND (o_orderdate <= '1998-01-05'::date) AND (o_totalprice >= '30000'::numeric))",
                              "Rows Removed by Filter": 499034,
                              "Workers": []
                            },
                            {
                              "Node Type": "Index Scan",
                              "Parent Relationship": "Inner",
                              "Parallel Aware": false,
                              "Async Capable": false,
                              "Scan Direction": "Forward",
                              "Index Name": "pk_lineitem",
                              "Relation Name": "lineitem",
                              "Alias": "lineitem",
                              "Startup Cost": 0.43,
                              "Total Cost": 30.1,
                              "Plan Rows": 16,
                              "Plan Width": 12,
                              "Index Cond": "(l_orderkey = orders_1.o_orderkey)",
                              "Rows Removed by Index Recheck": 0,
                              "Workers": []
                            }
                          ]
                        },
                        {
                          "Node Type": "Hash",
                          "Parent Relationship": "Inner",
                          "Parallel Aware": false,
                          "Async Capable": false,
                          "Startup Cost": 380.02,
                          "Total Cost": 380.02,
                          "Plan Rows": 400,
                          "Plan Width": 36,
                          "Hash Buckets": 1024,
                          "Original Hash Buckets": 1024,
                          "Hash Batches": 1,
                          "Original Hash Batches": 1,
                          "Peak Memory Usage": 38,
                          "Workers": [],
                          "Plans": [
                            {
                              "Node Type": "Hash Join",
                              "Parent Relationship": "Outer",
                              "Parallel Aware": false,
                              "Async Capable": false,
                              "Join Type": "Inner",
                              "Startup Cost": 1.32,
                              "Total Cost": 380.02,
                              "Plan Rows": 400,
                              "Plan Width": 36,
                              "Inner Unique": true,
                              "Hash Cond": "(supplier.s_nationkey = nation_1.n_nationkey)",
                              "Workers": [],
                              "Plans": [
                                {
                                  "Node Type": "Seq Scan",
                                  "Parent Relationship": "Outer",
                                  "Parallel Aware": false,
                                  "Async Capable": false,
                                  "Relation Name": "supplier",
                                  "Alias": "supplier",
                                  "Startup Cost": 0.0,
                                  "Total Cost": 348.0,
                                  "Plan Rows": 9999,
                                  "Plan Width": 40,
                                  "Filter": "('50000'::numeric >= s_acctbal)",
                                  "Rows Removed by Filter": 0,
                                  "Workers": []
                                },
                                {
                                  "Node Type": "Hash",
                                  "Parent Relationship": "Inner",
                                  "Parallel Aware": false,
                                  "Async Capable": false,
                                  "Startup Cost": 1.31,
                                  "Total Cost": 1.31,
                                  "Plan Rows": 1,
                                  "Plan Width": 4,
                                  "Hash Buckets": 1024,
                                  "Original Hash Buckets": 1024,
                                  "Hash Batches": 1,
                                  "Original Hash Batches": 1,
                                  "Peak Memory Usage": 9,
                                  "Workers": [],
                                  "Plans": [
                                    {
                                      "Node Type": "Seq Scan",
                                      "Parent Relationship": "Outer",
                                      "Parallel Aware": false,
                                      "Async Capable": false,
                                      "Relation Name": "nation",
                                      "Alias": "nation_1",
                                      "Startup Cost": 0.0,
                                      "Total Cost": 1.31,
                                      "Plan Rows": 1,
                                      "Plan Width": 4,
                                      "Filter": "(n_name = 'ARGENTINA'::bpchar)",
                                      "Rows Removed by Filter": 24,
                                      "Workers": []
                                    }
                                  ]
                                }
                              ]
                            }
                          ]
                        }
                      ]
                    }
                  ]
                }
              ]
            }
          ]
        }
      ]
    }
  ]
}