[
  {
    "Plan": {
      "Node Type": "Append",
      "Parallel Aware": false,
      "Async Capable": false,
      "Startup Cost": 30.58,
      "Total Cost": 44927.96,
      "Plan Rows": 176,
      "Plan Width": 19,
      "Actual Startup Time": 1624.997,
      "Actual Total Time": 4373.721,
      "Actual Rows": 191,
      "Actual Loops": 1,
      "Shared Hit Blocks": 3645,
      "Shared Read Blocks": 176189,
      "Shared Dirtied Blocks": 0,
      "Shared Written Blocks": 0,
      "Local Hit Blocks": 0,
      "Local Read Blocks": 0,
      "Local Dirtied Blocks": 0,
      "Local Written Blocks": 0,
      "Temp Read Blocks": 0,
      "Temp Written Blocks": 0,
      "Subplans Removed": 0,
      "Plans": [
        {
          "Node Type": "Limit",
          "Parent Relationship": "Member",
          "Parallel Aware": false,
          "Async Capable": false,
          "Startup Cost": 30.58,
          "Total Cost": 3005.97,
          "Plan Rows": 100,
          "Plan Width": 20,
          "Actual Startup Time": 1624.996,
          "Actual Total Time": 4143.338,
          "Actual Rows": 100,
          "Actual Loops": 1,
          "Shared Hit Blocks": 3435,
          "Shared Read Blocks": 144078,
          "Shared Dirtied Blocks": 0,
          "Shared Written Blocks": 0,
          "Local Hit Blocks": 0,
          "Local Read Blocks": 0,
          "Local Dirtied Blocks": 0,
          "Local Written Blocks": 0,
          "Temp Read Blocks": 0,
          "Temp Written Blocks": 0,
          "Plans": [
            {
              "Node Type": "Incremental Sort",
              "Parent Relationship": "Outer",
              "Parallel Aware": false,
              "Async Capable": false,
              "Startup Cost": 30.58,
              "Total Cost": 529292.48,
              "Plan Rows": 17788,
              "Plan Width": 20,
              "Actual Startup Time": 1624.994,
              "Actual Total Time": 4143.321,
              "Actual Rows": 100,
              "Actual Loops": 1,
              "Sort Key": [
                "lineitem.l_orderkey",
                "lineitem.l_extendedprice DESC"
              ],
              "Presorted Key": [
                "lineitem.l_orderkey"
              ],
              "Full-sort Groups": {
                "Group Count": 4,
                "Sort Methods Used": [
                  "quicksort"
                ],
                "Sort Space Memory": {
                  "Average Sort Space Used": 27,
                  "Peak Sort Space Used": 27
                }
              },
              "Shared Hit Blocks": 3435,
              "Shared Read Blocks": 144078,
              "Shared Dirtied Blocks": 0,
              "Shared Written Blocks": 0,
              "Local Hit Blocks": 0,
              "Local Read Blocks": 0,
              "Local Dirtied Blocks": 0,
              "Local Written Blocks": 0,
              "Temp Read Blocks": 0,
              "Temp Written Blocks": 0,
              "Plans": [
                {
                  "Node Type": "Nested Loop",
                  "Parent Relationship": "Outer",
                  "Parallel Aware": false,
                  "Async Capable": false,
                  "Join Type": "Inner",
                  "Startup Cost": 0.86,
                  "Total Cost": 528492.02,
                  "Plan Rows": 17788,
                  "Plan Width": 20,
                  "Actual Startup Time": 4.237,
                  "Actual Total Time": 4142.928,
                  "Actual Rows": 100,
                  "Actual Loops": 1,
                  "Inner Unique": true,
                  "Shared Hit Blocks": 3435,
                  "Shared Read Blocks": 144078,
                  "Shared Dirtied Blocks": 0,
                  "Shared Written Blocks": 0,
                  "Local Hit Blocks": 0,
                  "Local Read Blocks": 0,
                  "Local Dirtied Blocks": 0,
                  "Local Written Blocks": 0,
                  "Temp Read Blocks": 0,
                  "Temp Written Blocks": 0,
                  "Plans": [
                    {
                      "Node Type": "Index Scan",
                      "Parent Relationship": "Outer",
                      "Parallel Aware": false,
                      "Async Capable": false,
                      "Scan Direction": "Forward",
                      "Index Name": "pk_lineitem",
                      "Relation Name": "lineitem",
                      "Alias": "lineitem",
                      "Startup Cost": 0.43,
                      "Total Cost": 478353.96,
                      "Plan Rows": 90905,
                      "Plan Width": 20,
                      "Actual Startup Time": 0.053,
                      "Actual Total Time": 3997.246,
                      "Actual Rows": 90292,
                      "Actual Loops": 1,
                      "Filter": "(l_partkey < 3010)",
                      "Rows Removed by Filter": 5910923,
                      "Shared Hit Blocks": 3401,
                      "Shared Read Blocks": 144076,
                      "Shared Dirtied Blocks": 0,
                      "Shared Written Blocks": 0,
                      "Local Hit Blocks": 0,
                      "Local Read Blocks": 0,
                      "Local Dirtied Blocks": 0,
                      "Local Written Blocks": 0,
                      "Temp Read Blocks": 0,
                      "Temp Written Blocks": 0
                    },
                    {
                      "Node Type": "Memoize",
                      "Parent Relationship": "Inner",
                      "Parallel Aware": false,
                      "Async Capable": false,
                      "Startup Cost": 0.43,
                      "Total Cost": 0.67,
                      "Plan Rows": 1,
                      "Plan Width": 4,
                      "Actual Startup Time": 0.001,
                      "Actual Total Time": 0.001,
                      "Actual Rows": 0,
                      "Actual Loops": 90292,
                      "Cache Key": "lineitem.l_partkey",
                      "Cache Mode": "logical",
                      "Cache Hits": 87283,
                      "Cache Misses": 3009,
                      "Cache Evictions": 0,
                      "Cache Overflows": 0,
                      "Peak Memory Usage": 200,
                      "Shared Hit Blocks": 34,
                      "Shared Read Blocks": 2,
                      "Shared Dirtied Blocks": 0,
                      "Shared Written Blocks": 0,
                      "Local Hit Blocks": 0,
                      "Local Read Blocks": 0,
                      "Local Dirtied Blocks": 0,
                      "Local Written Blocks": 0,
                      "Temp Read Blocks": 0,
                      "Temp Written Blocks": 0,
                      "Plans": [
                        {
                          "Node Type": "Index Scan",
                          "Parent Relationship": "Outer",
                          "Parallel Aware": false,
                          "Async Capable": false,
                          "Scan Direction": "Forward",
                          "Index Name": "pk_part",
                          "Relation Name": "part",
                          "Alias": "part",
                          "Startup Cost": 0.42,
                          "Total Cost": 0.66,
                          "Plan Rows": 1,
                          "Plan Width": 4,
                          "Actual Startup Time": 0.001,
                          "Actual Total Time": 0.001,
                          "Actual Rows": 0,
                          "Actual Loops": 3009,
                          "Index Cond": "((p_partkey = lineitem.l_partkey) AND (p_partkey > 3000))",
                          "Rows Removed by Index Recheck": 0,
                          "Filter": "(p_container ~~ 'JUMBO%'::text)",
                          "Rows Removed by Filter": 0,
                          "Shared Hit Blocks": 34,
                          "Shared Read Blocks": 2,
                          "Shared Dirtied Blocks": 0,
                          "Shared Written Blocks": 0,
                          "Local Hit Blocks": 0,
                          "Local Read Blocks": 0,
                          "Local Dirtied Blocks": 0,
                          "Local Written Blocks": 0,
                          "Temp Read Blocks": 0,
                          "Temp Written Blocks": 0
                        }
                      ]
                    }
                  ]
                }
              ]
            }
          ]
        },
        {
          "Node Type": "Limit",
          "Parent Relationship": "Member",
          "Parallel Aware": false,
          "Async Capable": false,
          "Startup Cost": 41912.24,
          "Total Cost": 41921.11,
          "Plan Rows": 76,
          "Plan Width": 18,
          "Actual Startup Time": 223.679,
          "Actual Total Time": 230.355,
          "Actual Rows": 91,
          "Actual Loops": 1,
          "Shared Hit Blocks": 210,
          "Shared Read Blocks": 32111,
          "Shared Dirtied Blocks": 0,
          "Shared Written Blocks": 0,
          "Local Hit Blocks": 0,
          "Local Read Blocks": 0,
          "Local Dirtied Blocks": 0,
          "Local Written Blocks": 0,
          "Temp Read Blocks": 0,
          "Temp Written Blocks": 0,
          "Plans": [
            {
              "Node Type": "Gather Merge",
              "Parent Relationship": "Outer",
              "Parallel Aware": false,
              "Async Capable": false,
              "Startup Cost": 41912.24,
              "Total Cost": 41921.11,
              "Plan Rows": 76,
              "Plan Width": 18,
              "Actual Startup Time": 223.677,
              "Actual Total Time": 230.342,
              "Actual Rows": 91,
              "Actual Loops": 1,
              "Workers Planned": 2,
              "Workers Launched": 2,
              "Shared Hit Blocks": 210,
              "Shared Read Blocks": 32111,
              "Shared Dirtied Blocks": 0,
              "Shared Written Blocks": 0,
              "Local Hit Blocks": 0,
              "Local Read Blocks": 0,
              "Local Dirtied Blocks": 0,
              "Local Written Blocks": 0,
              "Temp Read Blocks": 0,
              "Temp Written Blocks": 0,
              "Plans": [
                {
                  "Node Type": "Sort",
                  "Parent Relationship": "Outer",
                  "Parallel Aware": false,
                  "Async Capable": false,
                  "Startup Cost": 40912.22,
                  "Total Cost": 40912.31,
                  "Plan Rows": 38,
                  "Plan Width": 18,
                  "Actual Startup Time": 170.076,
                  "Actual Total Time": 170.079,
                  "Actual Rows": 30,
                  "Actual Loops": 3,
                  "Sort Key": [
                    "customer.c_acctbal DESC",
                    "orders.o_orderkey",
                    "customer.c_custkey"
                  ],
                  "Sort Method": "quicksort",
                  "Sort Space Used": 26,
                  "Sort Space Type": "Memory",
                  "Shared Hit Blocks": 210,
                  "Shared Read Blocks": 32111,
                  "Shared Dirtied Blocks": 0,
                  "Shared Written Blocks": 0,
                  "Local Hit Blocks": 0,
                  "Local Read Blocks": 0,
                  "Local Dirtied Blocks": 0,
                  "Local Written Blocks": 0,
                  "Temp Read Blocks": 0,
                  "Temp Written Blocks": 0,
                  "Workers": [
                    {
                      "Worker Number": 0,
                      "Sort Method": "quicksort",
                      "Sort Space Used": 27,
                      "Sort Space Type": "Memory"
                    },
                    {
                      "Worker Number": 1,
                      "Sort Method": "quicksort",
                      "Sort Space Used": 27,
                      "Sort Space Type": "Memory"
                    }
                  ],
                  "Plans": [
                    {
                      "Node Type": "Hash Join",
                      "Parent Relationship": "Outer",
                      "Parallel Aware": true,
                      "Async Capable": false,
                      "Join Type": "Right",
                      "Startup Cost": 4682.55,
                      "Total Cost": 40911.22,
                      "Plan Rows": 38,
                      "Plan Width": 18,
                      "Actual Startup Time": 20.259,
                      "Actual Total Time": 169.135,
                      "Actual Rows": 30,
                      "Actual Loops": 3,
                      "Inner Unique": true,
                      "Hash Cond": "(orders.o_custkey = customer.c_custkey)",
                      "Shared Hit Blocks": 83,
                      "Shared Read Blocks": 32096,
                      "Shared Dirtied Blocks": 0,
                      "Shared Written Blocks": 0,
                      "Local Hit Blocks": 0,
                      "Local Read Blocks": 0,
                      "Local Dirtied Blocks": 0,
                      "Local Written Blocks": 0,
                      "Temp Read Blocks": 0,
                      "Temp Written Blocks": 0,
                      "Workers": [],
                      "Plans": [
                        {
                          "Node Type": "Seq Scan",
                          "Parent Relationship": "Outer",
                          "Parallel Aware": true,
                          "Async Capable": false,
                          "Relation Name": "orders",
                          "Alias": "orders",
                          "Startup Cost": 0.0,
                          "Total Cost": 34588.0,
                          "Plan Rows": 625000,
                          "Plan Width": 12,
                          "Actual Startup Time": 0.611,
                          "Actual Total Time": 89.468,
                          "Actual Rows": 500000,
                          "Actual Loops": 3,
                          "Shared Hit Blocks": 0,
                          "Shared Read Blocks": 28338,
                          "Shared Dirtied Blocks": 0,
                          "Shared Written Blocks": 0,
                          "Local Hit Blocks": 0,
                          "Local Read Blocks": 0,
                          "Local Dirtied Blocks": 0,
                          "Local Written Blocks": 0,
                          "Temp Read Blocks": 0,
                          "Temp Written Blocks": 0,
                          "Workers": []
                        },
                        {
                          "Node Type": "Hash",
                          "Parent Relationship": "Inner",
                          "Parallel Aware": true,
                          "Async Capable": false,
                          "Startup Cost": 4682.5,
                          "Total Cost": 4682.5,
                          "Plan Rows": 4,
                          "Plan Width": 10,
                          "Actual Startup Time": 15.531,
                          "Actual Total Time": 15.531,
                          "Actual Rows": 3,
                          "Actual Loops": 3,
                          "Hash Buckets": 1024,
                          "Original Hash Buckets": 1024,
                          "Hash Batches": 1,
                          "Original Hash Batches": 1,
                          "Peak Memory Usage": 40,
                          "Shared Hit Blocks": 0,
                          "Shared Read Blocks": 3745,
                          "Shared Dirtied Blocks": 0,
                          "Shared Written Blocks": 0,
                          "Local Hit Blocks": 0,
                          "Local Read Blocks": 0,
                          "Local Dirtied Blocks": 0,
                          "Local Written Blocks": 0,
                          "Temp Read Blocks": 0,
                          "Temp Written Blocks": 0,
                          "Workers": [],
                          "Plans": [
                            {
                              "Node Type": "Seq Scan",
                              "Parent Relationship": "Outer",
                              "Parallel Aware": true,
                              "Async Capable": false,
                              "Relation Name": "customer",
                              "Alias": "customer",
                              "Startup Cost": 0.0,
                              "Total Cost": 4682.5,
                              "Plan Rows": 4,
                              "Plan Width": 10,
                              "Actual Startup Time": 0.462,
                              "Actual Total Time": 46.518,
                              "Actual Rows": 9,
                              "Actual Loops": 1,
                              "Filter": "((c_custkey > 1000) AND (c_custkey < 1010))",
                              "Rows Removed by Filter": 149991,
                              "Shared Hit Blocks": 0,
                              "Shared Read Blocks": 3745,
                              "Shared Dirtied Blocks": 0,
                              "Shared Written Blocks": 0,
                              "Local Hit Blocks": 0,
                              "Local Read Blocks": 0,
                              "Local Dirtied Blocks": 0,
                              "Local Written Blocks": 0,
                              "Temp Read Blocks": 0,
                              "Temp Written Blocks": 0,
                              "Workers": []
                            }
                          ]
                        }
                      ]
                    }
                  ]
                }
              ]
            }
          ]
        }
      ]
    },
    "Planning": {
      "Shared Hit Blocks": 27,
      "Shared Read Blocks": 3,
      "Shared Dirtied Blocks": 0,
      "Shared Written Blocks": 0,
      "Local Hit Blocks": 0,
      "Local Read Blocks": 0,
      "Local Dirtied Blocks": 0,
      "Local Written Blocks": 0,
      "Temp Read Blocks": 0,
      "Temp Written Blocks": 0
    },
    "Planning Time": 0.861,
    "Triggers": [],
    "Execution Time": 4374.166
  }
]