{
  "Node Type": "Limit",
  "Parallel Aware": false,
  "Async Capable": false,
  "Startup Cost": 200901.57,
  "Total Cost": 200901.82,
  "Plan Rows": 100,
  "Plan Width": 34,
  "Plans": [
    {
      "Node Type": "Sort",
      "Parent Relationship": "Outer",
      "Parallel Aware": false,
      "Async Capable": false,
      "Startup Cost": 200901.57,
      "Total Cost": 200926.57,
      "Plan Rows": 10000,
      "Plan Width": 34,
      "Sort Key": [
        "(count(*)) DESC",
        "supplier.s_name"
      ],
      "Sort Method": "top-N heapsort",
      "Sort Space Used": 36,
      "Sort Space Type": "Memory",
      "Plans": [
        {
          "Node Type": "Aggregate",
          "Strategy": "Sorted",
          "Partial Mode": "Finalize",
          "Parent Relationship": "Outer",
          "Parallel Aware": false,
          "Async Capable": false,
          "Startup Cost": 197985.88,
          "Total Cost": 200519.38,
          "Plan Rows": 10000,
          "Plan Width": 34,
          "Group Key": [
            "supplier.s_name"
          ],
          "Plans": [
            {
              "Node Type": "Gather Merge",
              "Parent Relationship": "Outer",
              "Parallel Aware": false,
              "Async Capable": false,
              "Startup Cost": 197985.88,
              "Total Cost": 200319.38,
              "Plan Rows": 20000,
              "Plan Width": 34,
              "Workers Planned": 2,
              "Workers Launched": 2,
              "Plans": [
                {
                  "Node Type": "Sort",
                  "Parent Relationship": "Outer",
                  "Parallel Aware": false,
                  "Async Capable": false,
                  "Startup Cost": 196985.86,
                  "Total Cost": 197010.86,
                  "Plan Rows": 10000,
                  "Plan Width": 34,
                  "Sort Key": [
                    "supplier.s_name"
                  ],
                  "Sort Method": "quicksort",
                  "Sort Space Used": 46,
                  "Sort Space Type": "Memory",
                  "Workers": [
                    {
                      "Worker Number": 0,
                      "Sort Method": "quicksort",
                      "Sort Space Used": 46,
                      "Sort Space Type": "Memory"
                    },
                    {
                      "Worker Number": 1,
                      "Sort Method": "quicksort",
                      "Sort Space Used": 46,
                      "Sort Space Type": "Memory"
                    }
                  ],
                  "Plans": [
                    {
                      "Node Type": "Aggregate",
                      "Strategy": "Hashed",
                      "Partial Mode": "Partial",
                      "Parent Relationship": "Outer",
                      "Parallel Aware": false,
                      "Async Capable": false,
                      "Startup Cost": 196221.47,
                      "Total Cost": 196321.47,
                      "Plan Rows": 10000,
                      "Plan Width": 34,
                      "Group Key": [
                        "supplier.s_name"
                      ],
                      "Planned Partitions": 0,
                      "HashAgg Batches": 1,
                      "Peak Memory Usage": 465,
                      "Disk Usage": 0,
                      "Workers": [
                        {
                          "Worker Number": 0,
                          "HashAgg Batches": 1,
                          "Peak Memory Usage": 465,
                          "Disk Usage": 0
                        },
                        {
                          "Worker Number": 1,
                          "HashAgg Batches": 1,
                          "Peak Memory Usage": 465,
                          "Disk Usage": 0
                        }
                      ],
                      "Plans": [
                        {
                          "Node Type": "Hash Join",
                          "Parent Relationship": "Outer",
                          "Parallel Aware": true,
                          "Async Capable": false,
                          "Join Type": "Inner",
                          "Startup Cost": 158480.54,
                          "Total Cost": 195977.53,
                          "Plan Rows": 48789,
                          "Plan Width": 26,
                          "Inner Unique": false,
                          "Hash Cond": "(orders.o_orderkey = l1.l_orderkey)",
                          "Workers": [],
                          "Plans": [
                            {
                              "Node Type": "Seq Scan",
                              "Parent Relationship": "Outer",
                              "Parallel Aware": true,
                              "Async Capable": false,
                              "Relation Name": "orders",
                              "Alias": "orders",
                              "Startup Cost": 0.0,
                              "Total Cost": 36150.5,
                              "Plan Rows": 304854,
                              "Plan Width": 8,
                              "Filter": "(o_orderstatus = 'F'::bpchar)",
                              "Rows Removed by Filter": 256862,
                              "Workers": []
                            },
                            {
                              "Node Type": "Hash",
                              "Parent Relationship": "Inner",
                              "Parallel Aware": true,
                              "Async Capable": false,
                              "Startup Cost": 157230.21,
                              "Total Cost": 157230.21,
                              "Plan Rows": 100026,
                              "Plan Width": 34,
                              "Hash Buckets": 262144,
                              "Original Hash Buckets": 262144,
                              "Hash Batches": 1,
                              "Original Hash Batches": 1,
                              "Peak Memory Usage": 18880,
                              "Workers": [],
                              "Plans": [
                                {
                                  "Node Type": "Hash Join",
                                  "Parent Relationship": "Outer",
                                  "Parallel Aware": false,
                                  "Async Capable": false,
                                  "Join Type": "Inner",
                                  "Startup Cost": 360.02,
                                  "Total Cost": 157230.21,
                                  "Plan Rows": 100026,
                                  "Plan Width": 34,
                                  "Inner Unique": false,
                                  "Hash Cond": "(l1.l_suppkey = supplier.s_suppkey)",
                                  "Workers": [],
                                  "Plans": [
                                    {
                                      "Node Type": "Seq Scan",
                                      "Parent Relationship": "Outer",
                                      "Parallel Aware": true,
                                      "Async Capable": false,
                                      "Relation Name": "lineitem",
                                      "Alias": "l1",
                                      "Startup Cost": 0.0,
                                      "Total Cost": 146492.49,
                                      "Plan Rows": 2500649,
                                      "Plan Width": 12,
                                      "Workers": []
                                    },
                                    {
                                      "Node Type": "Hash",
                                      "Parent Relationship": "Inner",
                                      "Parallel Aware": false,
                                      "Async Capable": false,
                                      "Startup Cost": 355.02,
                                      "Total Cost": 355.02,
                                      "Plan Rows": 400,
                                      "Plan Width": 30,
                                      "Hash Buckets": 1024,
                                      "Original Hash Buckets": 1024,
                                      "Hash Batches": 1,
                                      "Original Hash Batches": 1,
                                      "Peak Memory Usage": 33,
                                      "Workers": [],
                                      "Plans": [
                                        {
                                          "Node Type": "Hash Join",
                                          "Parent Relationship": "Outer",
                                          "Parallel Aware": false,
                                          "Async Capable": false,
                                          "Join Type": "Inner",
                                          "Startup Cost": 1.32,
                                          "Total Cost": 355.02,
                                          "Plan Rows": 400,
                                          "Plan Width": 30,
                                          "Inner Unique": true,
                                          "Hash Cond": "(supplier.s_nationkey = nation.n_nationkey)",
                                          "Workers": [],
                                          "Plans": [
                                            {
                                              "Node Type": "Seq Scan",
                                              "Parent Relationship": "Outer",
                                              "Parallel Aware": false,
                                              "Async Capable": false,
                                              "Relation Name": "supplier",
                                              "Alias": "supplier",
                                              "Startup Cost": 0.0,
                                              "Total Cost": 323.0,
                                              "Plan Rows": 10000,
                                              "Plan Width": 34,
                                              "Workers": []
                                            },
                                            {
                                              "Node Type": "Hash",
                                              "Parent Relationship": "Inner",
                                              "Parallel Aware": false,
                                              "Async Capable": false,
                                              "Startup Cost": 1.31,
                                              "Total Cost": 1.31,
                                              "Plan Rows": 1,
                                              "Plan Width": 4,
                                              "Hash Buckets": 1024,
                                              "Original Hash Buckets": 1024,
                                              "Hash Batches": 1,
                                              "Original Hash Batches": 1,
                                              "Peak Memory Usage": 9,
                                              "Workers": [],
                                              "Plans": [
                                                {
                                                  "Node Type": "Seq Scan",
                                                  "Parent Relationship": "Outer",
                                                  "Parallel Aware": false,
                                                  "Async Capable": false,
                                                  "Relation Name": "nation",
                                                  "Alias": "nation",
                                                  "Startup Cost": 0.0,
                                                  "Total Cost": 1.31,
                                                  "Plan Rows": 1,
                                                  "Plan Width": 4,
                                                  "Filter": "(n_name = 'GERMANY'::bpchar)",
                                                  "Rows Removed by Filter": 24,
                                                  "Workers": []
                                                }
                                              ]
                                            }
                                          ]
                                        }
                                      ]
                                    }
                                  ]
                                }
                              ]
                            }
                          ]
                        }
                      ]
                    }
                  ]
                }
              ]
            }
          ]
        }
      ]
    }
  ]
}