[
  {
    "Plan": {
      "Node Type": "Limit",
      "Parallel Aware": false,
      "Async Capable": false,
      "Startup Cost": 206035.13,
      "Total Cost": 206035.15,
      "Plan Rows": 10,
      "Plan Width": 48,
      "Actual Startup Time": 1091.052,
      "Actual Total Time": 1099.846,
      "Actual Rows": 10,
      "Actual Loops": 1,
      "Shared Hit Blocks": 489015,
      "Shared Read Blocks": 140836,
      "Shared Dirtied Blocks": 0,
      "Shared Written Blocks": 0,
      "Local Hit Blocks": 0,
      "Local Read Blocks": 0,
      "Local Dirtied Blocks": 0,
      "Local Written Blocks": 0,
      "Temp Read Blocks": 0,
      "Temp Written Blocks": 0,
      "Plans": [
        {
          "Node Type": "Sort",
          "Parent Relationship": "Outer",
          "Parallel Aware": false,
          "Async Capable": false,
          "Startup Cost": 206035.13,
          "Total Cost": 206828.8,
          "Plan Rows": 317468,
          "Plan Width": 48,
          "Actual Startup Time": 1091.05,
          "Actual Total Time": 1099.841,
          "Actual Rows": 10,
          "Actual Loops": 1,
          "Sort Key": [
            "(sum((lineitem.l_extendedprice * ('1'::numeric - lineitem.l_discount)))) DESC",
            "orders.o_orderdate"
          ],
          "Sort Method": "top-N heapsort",
          "Sort Space Used": 26,
          "Sort Space Type": "Memory",
          "Shared Hit Blocks": 489015,
          "Shared Read Blocks": 140836,
          "Shared Dirtied Blocks": 0,
          "Shared Written Blocks": 0,
          "Local Hit Blocks": 0,
          "Local Read Blocks": 0,
          "Local Dirtied Blocks": 0,
          "Local Written Blocks": 0,
          "Temp Read Blocks": 0,
          "Temp Written Blocks": 0,
          "Plans": [
            {
              "Node Type": "Aggregate",
              "Strategy": "Sorted",
              "Partial Mode": "Finalize",
              "Parent Relationship": "Outer",
              "Parallel Aware": false,
              "Async Capable": false,
              "Startup Cost": 157394.79,
              "Total Cost": 199174.76,
              "Plan Rows": 317468,
              "Plan Width": 48,
              "Actual Startup Time": 1059.5,
              "Actual Total Time": 1096.116,
              "Actual Rows": 11620,
              "Actual Loops": 1,
              "Group Key": [
                "lineitem.l_orderkey",
                "orders.o_orderdate",
                "orders.o_shippriority"
              ],
              "Shared Hit Blocks": 489015,
              "Shared Read Blocks": 140836,
              "Shared Dirtied Blocks": 0,
              "Shared Written Blocks": 0,
              "Local Hit Blocks": 0,
              "Local Read Blocks": 0,
              "Local Dirtied Blocks": 0,
              "Local Written Blocks": 0,
              "Temp Read Blocks": 0,
              "Temp Written Blocks": 0,
              "Plans": [
                {
                  "Node Type": "Gather Merge",
                  "Parent Relationship": "Outer",
                  "Parallel Aware": false,
                  "Async Capable": false,
                  "Startup Cost": 157394.79,
                  "Total Cost": 191899.46,
                  "Plan Rows": 264556,
                  "Plan Width": 48,
                  "Actual Startup Time": 1059.487,
                  "Actual Total Time": 1083.786,
                  "Actual Rows": 11620,
                  "Actual Loops": 1,
                  "Workers Planned": 2,
                  "Workers Launched": 2,
                  "Shared Hit Blocks": 489015,
                  "Shared Read Blocks": 140836,
                  "Shared Dirtied Blocks": 0,
                  "Shared Written Blocks": 0,
                  "Local Hit Blocks": 0,
                  "Local Read Blocks": 0,
                  "Local Dirtied Blocks": 0,
                  "Local Written Blocks": 0,
                  "Temp Read Blocks": 0,
                  "Temp Written Blocks": 0,
                  "Plans": [
                    {
                      "Node Type": "Aggregate",
                      "Strategy": "Sorted",
                      "Partial Mode": "Partial",
                      "Parent Relationship": "Outer",
                      "Parallel Aware": false,
                      "Async Capable": false,
                      "Startup Cost": 156394.77,
                      "Total Cost": 160363.11,
                      "Plan Rows": 132278,
                      "Plan Width": 48,
                      "Actual Startup Time": 1019.579,
                      "Actual Total Time": 1028.359,
                      "Actual Rows": 3873,
                      "Actual Loops": 3,
                      "Group Key": [
                        "lineitem.l_orderkey",
                        "orders.o_orderdate",
                        "orders.o_shippriority"
                      ],
                      "Shared Hit Blocks": 489015,
                      "Shared Read Blocks": 140836,
                      "Shared Dirtied Blocks": 0,
                      "Shared Written Blocks": 0,
                      "Local Hit Blocks": 0,
                      "Local Read Blocks": 0,
                      "Local Dirtied Blocks": 0,
                      "Local Written Blocks": 0,
                      "Temp Read Blocks": 0,
                      "Temp Written Blocks": 0,
                      "Workers": [],
                      "Plans": [
                        {
                          "Node Type": "Sort",
                          "Parent Relationship": "Outer",
                          "Parallel Aware": false,
                          "Async Capable": false,
                          "Startup Cost": 156394.77,
                          "Total Cost": 156725.46,
                          "Plan Rows": 132278,
                          "Plan Width": 28,
                          "Actual Startup Time": 1019.563,
                          "Actual Total Time": 1020.467,
                          "Actual Rows": 10173,
                          "Actual Loops": 3,
                          "Sort Key": [
                            "lineitem.l_orderkey",
                            "orders.o_orderdate",
                            "orders.o_shippriority"
                          ],
                          "Sort Method": "quicksort",
                          "Sort Space Used": 494,
                          "Sort Space Type": "Memory",
                          "Shared Hit Blocks": 489015,
                          "Shared Read Blocks": 140836,
                          "Shared Dirtied Blocks": 0,
                          "Shared Written Blocks": 0,
                          "Local Hit Blocks": 0,
                          "Local Read Blocks": 0,
                          "Local Dirtied Blocks": 0,
                          "Local Written Blocks": 0,
                          "Temp Read Blocks": 0,
                          "Temp Written Blocks": 0,
                          "Workers": [
                            {
                              "Worker Number": 0,
                              "Sort Method": "quicksort",
                              "Sort Space Used": 930,
                              "Sort Space Type": "Memory"
                            },
                            {
                              "Worker Number": 1,
                              "Sort Method": "quicksort",
                              "Sort Space Used": 969,
                              "Sort Space Type": "Memory"
                            }
                          ],
                          "Plans": [
                            {
                              "Node Type": "Nested Loop",
                              "Parent Relationship": "Outer",
                              "Parallel Aware": false,
                              "Async Capable": false,
                              "Join Type": "Inner",
                              "Startup Cost": 4684.37,
                              "Total Cost": 141974.9,
                              "Plan Rows": 132278,
                              "Plan Width": 28,
                              "Actual Startup Time": 19.301,
                              "Actual Total Time": 1014.864,
                              "Actual Rows": 10173,
                              "Actual Loops": 3,
                              "Inner Unique": false,
                              "Shared Hit Blocks": 488969,
                              "Shared Read Blocks": 140836,
                              "Shared Dirtied Blocks": 0,
                              "Shared Written Blocks": 0,
                              "Local Hit Blocks": 0,
                              "Local Read Blocks": 0,
                              "Local Dirtied Blocks": 0,
                              "Local Written Blocks": 0,
                              "Temp Read Blocks": 0,
                              "Temp Written Blocks": 0,
                              "Workers": [],
                              "Plans": [
                                {
                                  "Node Type": "Hash Join",
                                  "Parent Relationship": "Outer",
                                  "Parallel Aware": true,
                                  "Async Capable": false,
                                  "Join Type": "Inner",
                                  "Startup Cost": 4683.94,
                                  "Total Cost": 41632.65,
                                  "Plan Rows": 61372,
                                  "Plan Width": 16,
                                  "Actual Startup Time": 17.832,
                                  "Actual Total Time": 239.665,
                                  "Actual Rows": 49042,
                                  "Actual Loops": 3,
                                  "Inner Unique": true,
                                  "Hash Cond": "(orders.o_custkey = customer.c_custkey)",
                                  "Shared Hit Blocks": 3752,
                                  "Shared Read Blocks": 28353,
                                  "Shared Dirtied Blocks": 0,
                                  "Shared Written Blocks": 0,
                                  "Local Hit Blocks": 0,
                                  "Local Read Blocks": 0,
                                  "Local Dirtied Blocks": 0,
                                  "Local Written Blocks": 0,
                                  "Temp Read Blocks": 0,
                                  "Temp Written Blocks": 0,
                                  "Workers": [],
                                  "Plans": [
                                    {
                                      "Node Type": "Seq Scan",
                                      "Parent Relationship": "Outer",
                                      "Parallel Aware": true,
                                      "Async Capable": false,
                                      "Relation Name": "orders",
                                      "Alias": "orders",
                                      "Startup Cost": 0.0,
                                      "Total Cost": 36150.5,
                                      "Plan Rows": 304071,
                                      "Plan Width": 20,
                                      "Actual Startup Time": 1.039,
                                      "Actual Total Time": 133.61,
                                      "Actual Rows": 242435,
                                      "Actual Loops": 3,
                                      "Filter": "(o_orderdate < '1995-03-15'::date)",
                                      "Rows Removed by Filter": 257565,
                                      "Shared Hit Blocks": 0,
                                      "Shared Read Blocks": 28338,
                                      "Shared Dirtied Blocks": 0,
                                      "Shared Written Blocks": 0,
                                      "Local Hit Blocks": 0,
                                      "Local Read Blocks": 0,
                                      "Local Dirtied Blocks": 0,
                                      "Local Written Blocks": 0,
                                      "Temp Read Blocks": 0,
                                      "Temp Written Blocks": 0,
                                      "Workers": []
                                    },
                                    {
                                      "Node Type": "Hash",
                                      "Parent Relationship": "Inner",
                                      "Parallel Aware": true,
                                      "Async Capable": false,
                                      "Startup Cost": 4526.25,
                                      "Total Cost": 4526.25,
                                      "Plan Rows": 12615,
                                      "Plan Width": 4,
                                      "Actual Startup Time": 16.541,
                                      "Actual Total Time": 16.541,
                                      "Actual Rows": 10047,
                                      "Actual Loops": 3,
                                      "Hash Buckets": 32768,
                                      "Original Hash Buckets": 32768,
                                      "Hash Batches": 1,
                                      "Original Hash Batches": 1,
                                      "Peak Memory Usage": 1440,
                                      "Shared Hit Blocks": 3730,
                                      "Shared Read Blocks": 15,
                                      "Shared Dirtied Blocks": 0,
                                      "Shared Written Blocks": 0,
                                      "Local Hit Blocks": 0,
                                      "Local Read Blocks": 0,
                                      "Local Dirtied Blocks": 0,
                                      "Local Written Blocks": 0,
                                      "Temp Read Blocks": 0,
                                      "Temp Written Blocks": 0,
                                      "Workers": [],
                                      "Plans": [
                                        {
                                          "Node Type": "Seq Scan",
                                          "Parent Relationship": "Outer",
                                          "Parallel Aware": true,
                                          "Async Capable": false,
                                          "Relation Name": "customer",
                                          "Alias": "customer",
                                          "Startup Cost": 0.0,
                                          "Total Cost": 4526.25,
                                          "Plan Rows": 12615,
                                          "Plan Width": 4,
                                          "Actual Startup Time": 0.051,
                                          "Actual Total Time": 39.358,
                                          "Actual Rows": 30142,
                                          "Actual Loops": 1,
                                          "Filter": "(c_mktsegment = 'BUILDING'::bpchar)",
                                          "Rows Removed by Filter": 119858,
                                          "Shared Hit Blocks": 3730,
                                          "Shared Read Blocks": 15,
                                          "Shared Dirtied Blocks": 0,
                                          "Shared Written Blocks": 0,
                                          "Local Hit Blocks": 0,
                                          "Local Read Blocks": 0,
                                          "Local Dirtied Blocks": 0,
                                          "Local Written Blocks": 0,
                                          "Temp Read Blocks": 0,
                                          "Temp Written Blocks": 0,
                                          "Workers": []
                                        }
                                      ]
                                    }
                                  ]
                                },
                                {
                                  "Node Type": "Index Scan",
                                  "Parent Relationship": "Inner",
                                  "Parallel Aware": false,
                                  "Async Capable": false,
                                  "Scan Direction": "Forward",
                                  "Index Name": "pk_lineitem",
                                  "Relation Name": "lineitem",
                                  "Alias": "lineitem",
                                  "Startup Cost": 0.43,
                                  "Total Cost": 1.54,
                                  "Plan Rows": 9,
                                  "Plan Width": 20,
                                  "Actual Startup Time": 0.015,
                                  "Actual Total Time": 0.015,
                                  "Actual Rows": 0,
                                  "Actual Loops": 147126,
                                  "Index Cond": "(l_orderkey = orders.o_orderkey)",
                                  "Rows Removed by Index Recheck": 0,
                                  "Filter": "(l_shipdate > '1995-03-15'::date)",
                                  "Rows Removed by Filter": 4,
                                  "Shared Hit Blocks": 485217,
                                  "Shared Read Blocks": 112483,
                                  "Shared Dirtied Blocks": 0,
                                  "Shared Written Blocks": 0,
                                  "Local Hit Blocks": 0,
                                  "Local Read Blocks": 0,
                                  "Local Dirtied Blocks": 0,
                                  "Local Written Blocks": 0,
                                  "Temp Read Blocks": 0,
                                  "Temp Written Blocks": 0,
                                  "Workers": []
                                }
                              ]
                            }
                          ]
                        }
                      ]
                    }
                  ]
                }
              ]
            }
          ]
        }
      ]
    },
    "Planning": {
      "Shared Hit Blocks": 14,
      "Shared Read Blocks": 22,
      "Shared Dirtied Blocks": 0,
      "Shared Written Blocks": 0,
      "Local Hit Blocks": 0,
      "Local Read Blocks": 0,
      "Local Dirtied Blocks": 0,
      "Local Written Blocks": 0,
      "Temp Read Blocks": 0,
      "Temp Written Blocks": 0
    },
    "Planning Time": 1.12,
    "Triggers": [],
    "Execution Time": 1100.292
  }
]