[
  {
    "Plan": {
      "Node Type": "Limit",
      "Parallel Aware": false,
      "Async Capable": false,
      "Startup Cost": 39824.96,
      "Total Cost": 39827.54,
      "Plan Rows": 10,
      "Plan Width": 28,
      "Actual Startup Time": 173.907,
      "Actual Total Time": 180.547,
      "Actual Rows": 10,
      "Actual Loops": 1,
      "Shared Hit Blocks": 126,
      "Shared Read Blocks": 28242,
      "Shared Dirtied Blocks": 0,
      "Shared Written Blocks": 0,
      "Local Hit Blocks": 0,
      "Local Read Blocks": 0,
      "Local Dirtied Blocks": 0,
      "Local Written Blocks": 0,
      "Temp Read Blocks": 0,
      "Temp Written Blocks": 0,
      "Plans": [
        {
          "Node Type": "Aggregate",
          "Strategy": "Sorted",
          "Partial Mode": "Finalize",
          "Parent Relationship": "Outer",
          "Parallel Aware": false,
          "Async Capable": false,
          "Startup Cost": 39824.96,
          "Total Cost": 42911.46,
          "Plan Rows": 11947,
          "Plan Width": 28,
          "Actual Startup Time": 173.906,
          "Actual Total Time": 180.517,
          "Actual Rows": 10,
          "Actual Loops": 1,
          "Group Key": [
            "o_orderpriority",
            "o_orderdate"
          ],
          "Shared Hit Blocks": 126,
          "Shared Read Blocks": 28242,
          "Shared Dirtied Blocks": 0,
          "Shared Written Blocks": 0,
          "Local Hit Blocks": 0,
          "Local Read Blocks": 0,
          "Local Dirtied Blocks": 0,
          "Local Written Blocks": 0,
          "Temp Read Blocks": 0,
          "Temp Written Blocks": 0,
          "Plans": [
            {
              "Node Type": "Gather Merge",
              "Parent Relationship": "Outer",
              "Parallel Aware": false,
              "Async Capable": false,
              "Startup Cost": 39824.96,
              "Total Cost": 42612.78,
              "Plan Rows": 23894,
              "Plan Width": 28,
              "Actual Startup Time": 173.897,
              "Actual Total Time": 180.499,
              "Actual Rows": 31,
              "Actual Loops": 1,
              "Workers Planned": 2,
              "Workers Launched": 2,
              "Shared Hit Blocks": 126,
              "Shared Read Blocks": 28242,
              "Shared Dirtied Blocks": 0,
              "Shared Written Blocks": 0,
              "Local Hit Blocks": 0,
              "Local Read Blocks": 0,
              "Local Dirtied Blocks": 0,
              "Local Written Blocks": 0,
              "Temp Read Blocks": 0,
              "Temp Written Blocks": 0,
              "Plans": [
                {
                  "Node Type": "Sort",
                  "Parent Relationship": "Outer",
                  "Parallel Aware": false,
                  "Async Capable": false,
                  "Startup Cost": 38824.93,
                  "Total Cost": 38854.8,
                  "Plan Rows": 11947,
                  "Plan Width": 28,
                  "Actual Startup Time": 126.292,
                  "Actual Total Time": 126.304,
                  "Actual Rows": 310,
                  "Actual Loops": 3,
                  "Sort Key": [
                    "o_orderpriority",
                    "o_orderdate"
                  ],
                  "Sort Method": "quicksort",
                  "Sort Space Used": 46,
                  "Sort Space Type": "Memory",
                  "Shared Hit Blocks": 126,
                  "Shared Read Blocks": 28242,
                  "Shared Dirtied Blocks": 0,
                  "Shared Written Blocks": 0,
                  "Local Hit Blocks": 0,
                  "Local Read Blocks": 0,
                  "Local Dirtied Blocks": 0,
                  "Local Written Blocks": 0,
                  "Temp Read Blocks": 0,
                  "Temp Written Blocks": 0,
                  "Workers": [
                    {
                      "Worker Number": 0,
                      "Sort Method": "quicksort",
                      "Sort Space Used": 46,
                      "Sort Space Type": "Memory"
                    },
                    {
                      "Worker Number": 1,
                      "Sort Method": "quicksort",
                      "Sort Space Used": 46,
                      "Sort Space Type": "Memory"
                    }
                  ],
                  "Plans": [
                    {
                      "Node Type": "Aggregate",
                      "Strategy": "Hashed",
                      "Partial Mode": "Partial",
                      "Parent Relationship": "Outer",
                      "Parallel Aware": false,
                      "Async Capable": false,
                      "Startup Cost": 37896.39,
                      "Total Cost": 38015.86,
                      "Plan Rows": 11947,
                      "Plan Width": 28,
                      "Actual Startup Time": 125.657,
                      "Actual Total Time": 125.774,
                      "Actual Rows": 460,
                      "Actual Loops": 3,
                      "Group Key": [
                        "o_orderpriority",
                        "o_orderdate"
                      ],
                      "Planned Partitions": 0,
                      "HashAgg Batches": 1,
                      "Peak Memory Usage": 465,
                      "Disk Usage": 0,
                      "Shared Hit Blocks": 96,
                      "Shared Read Blocks": 28242,
                      "Shared Dirtied Blocks": 0,
                      "Shared Written Blocks": 0,
                      "Local Hit Blocks": 0,
                      "Local Read Blocks": 0,
                      "Local Dirtied Blocks": 0,
                      "Local Written Blocks": 0,
                      "Temp Read Blocks": 0,
                      "Temp Written Blocks": 0,
                      "Workers": [
                        {
                          "Worker Number": 0,
                          "HashAgg Batches": 1,
                          "Peak Memory Usage": 465,
                          "Disk Usage": 0
                        },
                        {
                          "Worker Number": 1,
                          "HashAgg Batches": 1,
                          "Peak Memory Usage": 465,
                          "Disk Usage": 0
                        }
                      ],
                      "Plans": [
                        {
                          "Node Type": "Seq Scan",
                          "Parent Relationship": "Outer",
                          "Parallel Aware": true,
                          "Async Capable": false,
                          "Relation Name": "orders",
                          "Alias": "orders",
                          "Startup Cost": 0.0,
                          "Total Cost": 37713.0,
                          "Plan Rows": 24452,
                          "Plan Width": 20,
                          "Actual Startup Time": 1.105,
                          "Actual Total Time": 118.147,
                          "Actual Rows": 19120,
                          "Actual Loops": 3,
                          "Filter": "((o_orderdate >= '1997-07-01'::date) AND (o_orderdate < '1997-10-01 00:00:00'::timestamp without time zone))",
                          "Rows Removed by Filter": 480880,
                          "Shared Hit Blocks": 96,
                          "Shared Read Blocks": 28242,
                          "Shared Dirtied Blocks": 0,
                          "Shared Written Blocks": 0,
                          "Local Hit Blocks": 0,
                          "Local Read Blocks": 0,
                          "Local Dirtied Blocks": 0,
                          "Local Written Blocks": 0,
                          "Temp Read Blocks": 0,
                          "Temp Written Blocks": 0,
                          "Workers": []
                        }
                      ]
                    }
                  ]
                }
              ]
            }
          ]
        }
      ]
    },
    "Planning": {
      "Shared Hit Blocks": 0,
      "Shared Read Blocks": 6,
      "Shared Dirtied Blocks": 0,
      "Shared Written Blocks": 0,
      "Local Hit Blocks": 0,
      "Local Read Blocks": 0,
      "Local Dirtied Blocks": 0,
      "Local Written Blocks": 0,
      "Temp Read Blocks": 0,
      "Temp Written Blocks": 0
    },
    "Planning Time": 0.149,
    "Triggers": [],
    "Execution Time": 180.814
  }
]