{
  "Node Type": "Limit",
  "Parallel Aware": false,
  "Async Capable": false,
  "Startup Cost": 10349.07,
  "Total Cost": 10352.53,
  "Plan Rows": 10,
  "Plan Width": 53,
  "Plans": [
    {
      "Node Type": "Aggregate",
      "Strategy": "Sorted",
      "Partial Mode": "Simple",
      "Parent Relationship": "Outer",
      "Parallel Aware": false,
      "Async Capable": false,
      "Startup Cost": 10349.07,
      "Total Cost": 62300.23,
      "Plan Rows": 150000,
      "Plan Width": 53,
      "Group Key": [
        "customer.c_name",
        "nation.n_name"
      ],
      "Plans": [
        {
          "Node Type": "Incremental Sort",
          "Parent Relationship": "Outer",
          "Parallel Aware": false,
          "Async Capable": false,
          "Startup Cost": 10349.07,
          "Total Cost": 59675.23,
          "Plan Rows": 150000,
          "Plan Width": 45,
          "Sort Key": [
            "customer.c_name",
            "nation.n_name DESC"
          ],
          "Presorted Key": [
            "customer.c_name"
          ],
          "Full-sort Groups": {
            "Group Count": 1,
            "Sort Methods Used": [
              "quicksort"
            ],
            "Sort Space Memory": {
              "Average Sort Space Used": 26,
              "Peak Sort Space Used": 26
            }
          },
          "Plans": [
            {
              "Node Type": "Nested Loop",
              "Parent Relationship": "Outer",
              "Parallel Aware": false,
              "Async Capable": false,
              "Join Type": "Left",
              "Startup Cost": 10348.78,
              "Total Cost": 52925.23,
              "Plan Rows": 150000,
              "Plan Width": 45,
              "Inner Unique": true,
              "Join Filter": "(customer.c_acctbal < '1000'::numeric)",
              "Rows Removed by Join Filter": 26,
              "Plans": [
                {
                  "Node Type": "Gather Merge",
                  "Parent Relationship": "Outer",
                  "Parallel Aware": false,
                  "Async Capable": false,
                  "Startup Cost": 10348.64,
                  "Total Cost": 27818.61,
                  "Plan Rows": 150000,
                  "Plan Width": 29,
                  "Workers Planned": 2,
                  "Workers Launched": 2,
                  "Plans": [
                    {
                      "Node Type": "Sort",
                      "Parent Relationship": "Outer",
                      "Parallel Aware": false,
                      "Async Capable": false,
                      "Startup Cost": 9348.62,
                      "Total Cost": 9504.87,
                      "Plan Rows": 62500,
                      "Plan Width": 29,
                      "Sort Key": [
                        "customer.c_name"
                      ],
                      "Sort Method": "external merge",
                      "Sort Space Used": 2368,
                      "Sort Space Type": "Disk",
                      "Workers": [
                        {
                          "Worker Number": 0,
                          "Sort Method": "quicksort",
                          "Sort Space Used": 2991,
                          "Sort Space Type": "Memory"
                        },
                        {
                          "Worker Number": 1,
                          "Sort Method": "quicksort",
                          "Sort Space Used": 4011,
                          "Sort Space Type": "Memory"
                        }
                      ],
                      "Plans": [
                        {
                          "Node Type": "Seq Scan",
                          "Parent Relationship": "Outer",
                          "Parallel Aware": true,
                          "Async Capable": false,
                          "Relation Name": "customer",
                          "Alias": "customer",
                          "Startup Cost": 0.0,
                          "Total Cost": 4370.0,
                          "Plan Rows": 62500,
                          "Plan Width": 29,
                          "Workers": []
                        }
                      ]
                    }
                  ]
                },
                {
                  "Node Type": "Index Scan",
                  "Parent Relationship": "Inner",
                  "Parallel Aware": false,
                  "Async Capable": false,
                  "Scan Direction": "Forward",
                  "Index Name": "pk_nation",
                  "Relation Name": "nation",
                  "Alias": "nation",
                  "Startup Cost": 0.14,
                  "Total Cost": 0.16,
                  "Plan Rows": 1,
                  "Plan Width": 30,
                  "Index Cond": "(n_nationkey = customer.c_nationkey)",
                  "Rows Removed by Index Recheck": 0
                }
              ]
            }
          ]
        }
      ]
    }
  ]
}