{
  "Node Type": "Limit",
  "Parallel Aware": false,
  "Async Capable": false,
  "Startup Cost": 209337.81,
  "Total Cost": 209339.11,
  "Plan Rows": 5,
  "Plan Width": 23,
  "Plans": [
    {
      "Node Type": "Aggregate",
      "Strategy": "Sorted",
      "Partial Mode": "Finalize",
      "Parent Relationship": "Outer",
      "Parallel Aware": false,
      "Async Capable": false,
      "Startup Cost": 209337.81,
      "Total Cost": 209339.62,
      "Plan Rows": 7,
      "Plan Width": 23,
      "Group Key": [
        "lineitem.l_shipmode",
        "orders.o_shippriority"
      ],
      "Plans": [
        {
          "Node Type": "Gather Merge",
          "Parent Relationship": "Outer",
          "Parallel Aware": false,
          "Async Capable": false,
          "Startup Cost": 209337.81,
          "Total Cost": 209339.45,
          "Plan Rows": 14,
          "Plan Width": 23,
          "Workers Planned": 2,
          "Workers Launched": 2,
          "Plans": [
            {
              "Node Type": "Sort",
              "Parent Relationship": "Outer",
              "Parallel Aware": false,
              "Async Capable": false,
              "Startup Cost": 208337.79,
              "Total Cost": 208337.81,
              "Plan Rows": 7,
              "Plan Width": 23,
              "Sort Key": [
                "lineitem.l_shipmode",
                "orders.o_shippriority"
              ],
              "Sort Method": "quicksort",
              "Sort Space Used": 25,
              "Sort Space Type": "Memory",
              "Workers": [
                {
                  "Worker Number": 0,
                  "Sort Method": "quicksort",
                  "Sort Space Used": 25,
                  "Sort Space Type": "Memory"
                },
                {
                  "Worker Number": 1,
                  "Sort Method": "quicksort",
                  "Sort Space Used": 25,
                  "Sort Space Type": "Memory"
                }
              ],
              "Plans": [
                {
                  "Node Type": "Aggregate",
                  "Strategy": "Hashed",
                  "Partial Mode": "Partial",
                  "Parent Relationship": "Outer",
                  "Parallel Aware": false,
                  "Async Capable": false,
                  "Startup Cost": 208337.62,
                  "Total Cost": 208337.69,
                  "Plan Rows": 7,
                  "Plan Width": 23,
                  "Group Key": [
                    "lineitem.l_shipmode",
                    "orders.o_shippriority"
                  ],
                  "Planned Partitions": 0,
                  "HashAgg Batches": 1,
                  "Peak Memory Usage": 24,
                  "Disk Usage": 0,
                  "Workers": [
                    {
                      "Worker Number": 0,
                      "HashAgg Batches": 1,
                      "Peak Memory Usage": 24,
                      "Disk Usage": 0
                    },
                    {
                      "Worker Number": 1,
                      "HashAgg Batches": 1,
                      "Peak Memory Usage": 24,
                      "Disk Usage": 0
                    }
                  ],
                  "Plans": [
                    {
                      "Node Type": "Hash Join",
                      "Parent Relationship": "Outer",
                      "Parallel Aware": true,
                      "Async Capable": false,
                      "Join Type": "Right",
                      "Startup Cost": 162769.77,
                      "Total Cost": 206796.2,
                      "Plan Rows": 205523,
                      "Plan Width": 15,
                      "Inner Unique": true,
                      "Hash Cond": "(orders.o_orderkey = lineitem.l_orderkey)",
                      "Workers": [],
                      "Plans": [
                        {
                          "Node Type": "Seq Scan",
                          "Parent Relationship": "Outer",
                          "Parallel Aware": true,
                          "Async Capable": false,
                          "Relation Name": "orders",
                          "Alias": "orders",
                          "Startup Cost": 0.0,
                          "Total Cost": 36150.5,
                          "Plan Rows": 538257,
                          "Plan Width": 12,
                          "Filter": "(o_totalprice > '50000'::numeric)",
                          "Rows Removed by Filter": 70382,
                          "Workers": []
                        },
                        {
                          "Node Type": "Hash",
                          "Parent Relationship": "Inner",
                          "Parallel Aware": true,
                          "Async Capable": false,
                          "Startup Cost": 158995.74,
                          "Total Cost": 158995.74,
                          "Plan Rows": 205523,
                          "Plan Width": 19,
                          "Hash Buckets": 131072,
                          "Original Hash Buckets": 131072,
                          "Hash Batches": 4,
                          "Original Hash Batches": 4,
                          "Peak Memory Usage": 7904,
                          "Workers": [],
                          "Plans": [
                            {
                              "Node Type": "Seq Scan",
                              "Parent Relationship": "Outer",
                              "Parallel Aware": true,
                              "Async Capable": false,
                              "Relation Name": "lineitem",
                              "Alias": "lineitem",
                              "Startup Cost": 0.0,
                              "Total Cost": 158995.74,
                              "Plan Rows": 205523,
                              "Plan Width": 19,
                              "Filter": "((l_quantity < '30'::numeric) AND (l_linenumber = 4))",
                              "Rows Removed by Filter": 1834676,
                              "Workers": []
                            }
                          ]
                        }
                      ]
                    }
                  ]
                }
              ]
            }
          ]
        }
      ]
    }
  ]
}