[
  {
    "Plan": {
      "Node Type": "Limit",
      "Parallel Aware": false,
      "Async Capable": false,
      "Startup Cost": 76963.6,
      "Total Cost": 76963.72,
      "Plan Rows": 50,
      "Plan Width": 52,
      "Actual Startup Time": 1575.948,
      "Actual Total Time": 1575.956,
      "Actual Rows": 50,
      "Actual Loops": 1,
      "Shared Hit Blocks": 10199,
      "Shared Read Blocks": 11846,
      "Shared Dirtied Blocks": 0,
      "Shared Written Blocks": 0,
      "Local Hit Blocks": 0,
      "Local Read Blocks": 0,
      "Local Dirtied Blocks": 0,
      "Local Written Blocks": 0,
      "Temp Read Blocks": 2046,
      "Temp Written Blocks": 2046,
      "Plans": [
        {
          "Node Type": "Sort",
          "Parent Relationship": "Outer",
          "Parallel Aware": false,
          "Async Capable": false,
          "Startup Cost": 76963.6,
          "Total Cost": 78963.6,
          "Plan Rows": 800000,
          "Plan Width": 52,
          "Actual Startup Time": 1575.947,
          "Actual Total Time": 1575.951,
          "Actual Rows": 50,
          "Actual Loops": 1,
          "Sort Key": [
            "partsupp.ps_supplycost"
          ],
          "Sort Method": "top-N heapsort",
          "Sort Space Used": 29,
          "Sort Space Type": "Memory",
          "Shared Hit Blocks": 10199,
          "Shared Read Blocks": 11846,
          "Shared Dirtied Blocks": 0,
          "Shared Written Blocks": 0,
          "Local Hit Blocks": 0,
          "Local Read Blocks": 0,
          "Local Dirtied Blocks": 0,
          "Local Written Blocks": 0,
          "Temp Read Blocks": 2046,
          "Temp Written Blocks": 2046,
          "Plans": [
            {
              "Node Type": "Hash Join",
              "Parent Relationship": "Outer",
              "Parallel Aware": false,
              "Async Capable": false,
              "Join Type": "Full",
              "Startup Cost": 9999.04,
              "Total Cost": 50388.17,
              "Plan Rows": 800000,
              "Plan Width": 52,
              "Actual Startup Time": 145.994,
              "Actual Total Time": 1334.251,
              "Actual Rows": 800020,
              "Actual Loops": 1,
              "Inner Unique": true,
              "Hash Cond": "(supplier.s_nationkey = nation.n_nationkey)",
              "Join Filter": "(nation.n_regionkey > 3)",
              "Rows Removed by Join Filter": 172640,
              "Shared Hit Blocks": 10199,
              "Shared Read Blocks": 11846,
              "Shared Dirtied Blocks": 0,
              "Shared Written Blocks": 0,
              "Local Hit Blocks": 0,
              "Local Read Blocks": 0,
              "Local Dirtied Blocks": 0,
              "Local Written Blocks": 0,
              "Temp Read Blocks": 2046,
              "Temp Written Blocks": 2046,
              "Plans": [
                {
                  "Node Type": "Hash Join",
                  "Parent Relationship": "Outer",
                  "Parallel Aware": false,
                  "Async Capable": false,
                  "Join Type": "Left",
                  "Startup Cost": 9997.48,
                  "Total Cost": 48199.41,
                  "Plan Rows": 800000,
                  "Plan Width": 30,
                  "Actual Startup Time": 145.894,
                  "Actual Total Time": 1141.88,
                  "Actual Rows": 800000,
                  "Actual Loops": 1,
                  "Inner Unique": true,
                  "Hash Cond": "(partsupp.ps_suppkey = supplier.s_suppkey)",
                  "Shared Hit Blocks": 10198,
                  "Shared Read Blocks": 11846,
                  "Shared Dirtied Blocks": 0,
                  "Shared Written Blocks": 0,
                  "Local Hit Blocks": 0,
                  "Local Read Blocks": 0,
                  "Local Dirtied Blocks": 0,
                  "Local Written Blocks": 0,
                  "Temp Read Blocks": 2046,
                  "Temp Written Blocks": 2046,
                  "Plans": [
                    {
                      "Node Type": "Hash Join",
                      "Parent Relationship": "Outer",
                      "Parallel Aware": false,
                      "Async Capable": false,
                      "Join Type": "Left",
                      "Startup Cost": 9615.84,
                      "Total Cost": 45716.88,
                      "Plan Rows": 800000,
                      "Plan Width": 14,
                      "Actual Startup Time": 139.493,
                      "Actual Total Time": 902.29,
                      "Actual Rows": 800000,
                      "Actual Loops": 1,
                      "Inner Unique": true,
                      "Hash Cond": "(partsupp.ps_partkey = part.p_partkey)",
                      "Shared Hit Blocks": 9975,
                      "Shared Read Blocks": 11846,
                      "Shared Dirtied Blocks": 0,
                      "Shared Written Blocks": 0,
                      "Local Hit Blocks": 0,
                      "Local Read Blocks": 0,
                      "Local Dirtied Blocks": 0,
                      "Local Written Blocks": 0,
                      "Temp Read Blocks": 2046,
                      "Temp Written Blocks": 2046,
                      "Plans": [
                        {
                          "Node Type": "Seq Scan",
                          "Parent Relationship": "Outer",
                          "Parallel Aware": false,
                          "Async Capable": false,
                          "Relation Name": "partsupp",
                          "Alias": "partsupp",
                          "Startup Cost": 0.0,
                          "Total Cost": 25517.0,
                          "Plan Rows": 800000,
                          "Plan Width": 14,
                          "Actual Startup Time": 0.015,
                          "Actual Total Time": 287.824,
                          "Actual Rows": 800000,
                          "Actual Loops": 1,
                          "Shared Hit Blocks": 9323,
                          "Shared Read Blocks": 8194,
                          "Shared Dirtied Blocks": 0,
                          "Shared Written Blocks": 0,
                          "Local Hit Blocks": 0,
                          "Local Read Blocks": 0,
                          "Local Dirtied Blocks": 0,
                          "Local Written Blocks": 0,
                          "Temp Read Blocks": 0,
                          "Temp Written Blocks": 0
                        },
                        {
                          "Node Type": "Hash",
                          "Parent Relationship": "Inner",
                          "Parallel Aware": false,
                          "Async Capable": false,
                          "Startup Cost": 6804.0,
                          "Total Cost": 6804.0,
                          "Plan Rows": 171347,
                          "Plan Width": 8,
                          "Actual Startup Time": 138.3,
                          "Actual Total Time": 138.301,
                          "Actual Rows": 171686,
                          "Actual Loops": 1,
                          "Hash Buckets": 262144,
                          "Original Hash Buckets": 262144,
                          "Hash Batches": 2,
                          "Original Hash Batches": 2,
                          "Peak Memory Usage": 5413,
                          "Shared Hit Blocks": 652,
                          "Shared Read Blocks": 3652,
                          "Shared Dirtied Blocks": 0,
                          "Shared Written Blocks": 0,
                          "Local Hit Blocks": 0,
                          "Local Read Blocks": 0,
                          "Local Dirtied Blocks": 0,
                          "Local Written Blocks": 0,
                          "Temp Read Blocks": 0,
                          "Temp Written Blocks": 292,
                          "Plans": [
                            {
                              "Node Type": "Seq Scan",
                              "Parent Relationship": "Outer",
                              "Parallel Aware": false,
                              "Async Capable": false,
                              "Relation Name": "part",
                              "Alias": "part",
                              "Startup Cost": 0.0,
                              "Total Cost": 6804.0,
                              "Plan Rows": 171347,
                              "Plan Width": 8,
                              "Actual Startup Time": 0.084,
                              "Actual Total Time": 84.213,
                              "Actual Rows": 171686,
                              "Actual Loops": 1,
                              "Filter": "(p_size > 7)",
                              "Rows Removed by Filter": 28314,
                              "Shared Hit Blocks": 652,
                              "Shared Read Blocks": 3652,
                              "Shared Dirtied Blocks": 0,
                              "Shared Written Blocks": 0,
                              "Local Hit Blocks": 0,
                              "Local Read Blocks": 0,
                              "Local Dirtied Blocks": 0,
                              "Local Written Blocks": 0,
                              "Temp Read Blocks": 0,
                              "Temp Written Blocks": 0
                            }
                          ]
                        }
                      ]
                    },
                    {
                      "Node Type": "Hash",
                      "Parent Relationship": "Inner",
                      "Parallel Aware": false,
                      "Async Capable": false,
                      "Startup Cost": 348.0,
                      "Total Cost": 348.0,
                      "Plan Rows": 2691,
                      "Plan Width": 24,
                      "Actual Startup Time": 6.369,
                      "Actual Total Time": 6.369,
                      "Actual Rows": 2691,
                      "Actual Loops": 1,
                      "Hash Buckets": 4096,
                      "Original Hash Buckets": 4096,
                      "Hash Batches": 1,
                      "Original Hash Batches": 1,
                      "Peak Memory Usage": 180,
                      "Shared Hit Blocks": 223,
                      "Shared Read Blocks": 0,
                      "Shared Dirtied Blocks": 0,
                      "Shared Written Blocks": 0,
                      "Local Hit Blocks": 0,
                      "Local Read Blocks": 0,
                      "Local Dirtied Blocks": 0,
                      "Local Written Blocks": 0,
                      "Temp Read Blocks": 0,
                      "Temp Written Blocks": 0,
                      "Plans": [
                        {
                          "Node Type": "Seq Scan",
                          "Parent Relationship": "Outer",
                          "Parallel Aware": false,
                          "Async Capable": false,
                          "Relation Name": "supplier",
                          "Alias": "supplier",
                          "Startup Cost": 0.0,
                          "Total Cost": 348.0,
                          "Plan Rows": 2691,
                          "Plan Width": 24,
                          "Actual Startup Time": 0.018,
                          "Actual Total Time": 5.316,
                          "Actual Rows": 2691,
                          "Actual Loops": 1,
                          "Filter": "(s_acctbal < '2000'::numeric)",
                          "Rows Removed by Filter": 7309,
                          "Shared Hit Blocks": 223,
                          "Shared Read Blocks": 0,
                          "Shared Dirtied Blocks": 0,
                          "Shared Written Blocks": 0,
                          "Local Hit Blocks": 0,
                          "Local Read Blocks": 0,
                          "Local Dirtied Blocks": 0,
                          "Local Written Blocks": 0,
                          "Temp Read Blocks": 0,
                          "Temp Written Blocks": 0
                        }
                      ]
                    }
                  ]
                },
                {
                  "Node Type": "Hash",
                  "Parent Relationship": "Inner",
                  "Parallel Aware": false,
                  "Async Capable": false,
                  "Startup Cost": 1.25,
                  "Total Cost": 1.25,
                  "Plan Rows": 25,
                  "Plan Width": 34,
                  "Actual Startup Time": 0.082,
                  "Actual Total Time": 0.082,
                  "Actual Rows": 25,
                  "Actual Loops": 1,
                  "Hash Buckets": 1024,
                  "Original Hash Buckets": 1024,
                  "Hash Batches": 1,
                  "Original Hash Batches": 1,
                  "Peak Memory Usage": 10,
                  "Shared Hit Blocks": 1,
                  "Shared Read Blocks": 0,
                  "Shared Dirtied Blocks": 0,
                  "Shared Written Blocks": 0,
                  "Local Hit Blocks": 0,
                  "Local Read Blocks": 0,
                  "Local Dirtied Blocks": 0,
                  "Local Written Blocks": 0,
                  "Temp Read Blocks": 0,
                  "Temp Written Blocks": 0,
                  "Plans": [
                    {
                      "Node Type": "Seq Scan",
                      "Parent Relationship": "Outer",
                      "Parallel Aware": false,
                      "Async Capable": false,
                      "Relation Name": "nation",
                      "Alias": "nation",
                      "Startup Cost": 0.0,
                      "Total Cost": 1.25,
                      "Plan Rows": 25,
                      "Plan Width": 34,
                      "Actual Startup Time": 0.025,
                      "Actual Total Time": 0.033,
                      "Actual Rows": 25,
                      "Actual Loops": 1,
                      "Shared Hit Blocks": 1,
                      "Shared Read Blocks": 0,
                      "Shared Dirtied Blocks": 0,
                      "Shared Written Blocks": 0,
                      "Local Hit Blocks": 0,
                      "Local Read Blocks": 0,
                      "Local Dirtied Blocks": 0,
                      "Local Written Blocks": 0,
                      "Temp Read Blocks": 0,
                      "Temp Written Blocks": 0
                    }
                  ]
                }
              ]
            }
          ]
        }
      ]
    },
    "Planning": {
      "Shared Hit Blocks": 31,
      "Shared Read Blocks": 0,
      "Shared Dirtied Blocks": 0,
      "Shared Written Blocks": 0,
      "Local Hit Blocks": 0,
      "Local Read Blocks": 0,
      "Local Dirtied Blocks": 0,
      "Local Written Blocks": 0,
      "Temp Read Blocks": 0,
      "Temp Written Blocks": 0
    },
    "Planning Time": 1.607,
    "Triggers": [],
    "Execution Time": 1577.495
  }
]