[
  {
    "Plan": {
      "Node Type": "Limit",
      "Parallel Aware": false,
      "Async Capable": false,
      "Startup Cost": 41767.1,
      "Total Cost": 41778.76,
      "Plan Rows": 100,
      "Plan Width": 58,
      "Actual Startup Time": 265.902,
      "Actual Total Time": 273.724,
      "Actual Rows": 100,
      "Actual Loops": 1,
      "Shared Hit Blocks": 10511,
      "Shared Read Blocks": 11518,
      "Shared Dirtied Blocks": 0,
      "Shared Written Blocks": 0,
      "Local Hit Blocks": 0,
      "Local Read Blocks": 0,
      "Local Dirtied Blocks": 0,
      "Local Written Blocks": 0,
      "Temp Read Blocks": 0,
      "Temp Written Blocks": 0,
      "Plans": [
        {
          "Node Type": "Gather Merge",
          "Parent Relationship": "Outer",
          "Parallel Aware": false,
          "Async Capable": false,
          "Startup Cost": 41767.1,
          "Total Cost": 119550.23,
          "Plan Rows": 666666,
          "Plan Width": 58,
          "Actual Startup Time": 265.9,
          "Actual Total Time": 273.709,
          "Actual Rows": 100,
          "Actual Loops": 1,
          "Workers Planned": 2,
          "Workers Launched": 2,
          "Shared Hit Blocks": 10511,
          "Shared Read Blocks": 11518,
          "Shared Dirtied Blocks": 0,
          "Shared Written Blocks": 0,
          "Local Hit Blocks": 0,
          "Local Read Blocks": 0,
          "Local Dirtied Blocks": 0,
          "Local Written Blocks": 0,
          "Temp Read Blocks": 0,
          "Temp Written Blocks": 0,
          "Plans": [
            {
              "Node Type": "Sort",
              "Parent Relationship": "Outer",
              "Parallel Aware": false,
              "Async Capable": false,
              "Startup Cost": 40767.07,
              "Total Cost": 41600.41,
              "Plan Rows": 333333,
              "Plan Width": 58,
              "Actual Startup Time": 226.887,
              "Actual Total Time": 226.892,
              "Actual Rows": 75,
              "Actual Loops": 3,
              "Sort Key": [
                "partsupp.ps_suppkey"
              ],
              "Sort Method": "top-N heapsort",
              "Sort Space Used": 40,
              "Sort Space Type": "Memory",
              "Shared Hit Blocks": 10511,
              "Shared Read Blocks": 11518,
              "Shared Dirtied Blocks": 0,
              "Shared Written Blocks": 0,
              "Local Hit Blocks": 0,
              "Local Read Blocks": 0,
              "Local Dirtied Blocks": 0,
              "Local Written Blocks": 0,
              "Temp Read Blocks": 0,
              "Temp Written Blocks": 0,
              "Workers": [
                {
                  "Worker Number": 0,
                  "Sort Method": "top-N heapsort",
                  "Sort Space Used": 39,
                  "Sort Space Type": "Memory"
                },
                {
                  "Worker Number": 1,
                  "Sort Method": "top-N heapsort",
                  "Sort Space Used": 41,
                  "Sort Space Type": "Memory"
                }
              ],
              "Plans": [
                {
                  "Node Type": "Hash Join",
                  "Parent Relationship": "Outer",
                  "Parallel Aware": true,
                  "Async Capable": false,
                  "Join Type": "Left",
                  "Startup Cost": 6301.98,
                  "Total Cost": 28027.33,
                  "Plan Rows": 333333,
                  "Plan Width": 58,
                  "Actual Startup Time": 47.899,
                  "Actual Total Time": 192.517,
                  "Actual Rows": 266667,
                  "Actual Loops": 3,
                  "Inner Unique": true,
                  "Hash Cond": "(partsupp.ps_partkey = part.p_partkey)",
                  "Join Filter": "(partsupp.ps_availqty > 3350)",
                  "Rows Removed by Join Filter": 81875,
                  "Shared Hit Blocks": 10399,
                  "Shared Read Blocks": 11518,
                  "Shared Dirtied Blocks": 0,
                  "Shared Written Blocks": 0,
                  "Local Hit Blocks": 0,
                  "Local Read Blocks": 0,
                  "Local Dirtied Blocks": 0,
                  "Local Written Blocks": 0,
                  "Temp Read Blocks": 0,
                  "Temp Written Blocks": 0,
                  "Workers": [],
                  "Plans": [
                    {
                      "Node Type": "Seq Scan",
                      "Parent Relationship": "Outer",
                      "Parallel Aware": true,
                      "Async Capable": false,
                      "Relation Name": "partsupp",
                      "Alias": "partsupp",
                      "Startup Cost": 0.0,
                      "Total Cost": 20850.33,
                      "Plan Rows": 333333,
                      "Plan Width": 12,
                      "Actual Startup Time": 0.015,
                      "Actual Total Time": 41.973,
                      "Actual Rows": 266667,
                      "Actual Loops": 3,
                      "Shared Hit Blocks": 10301,
                      "Shared Read Blocks": 7216,
                      "Shared Dirtied Blocks": 0,
                      "Shared Written Blocks": 0,
                      "Local Hit Blocks": 0,
                      "Local Read Blocks": 0,
                      "Local Dirtied Blocks": 0,
                      "Local Written Blocks": 0,
                      "Temp Read Blocks": 0,
                      "Temp Written Blocks": 0,
                      "Workers": []
                    },
                    {
                      "Node Type": "Hash",
                      "Parent Relationship": "Inner",
                      "Parallel Aware": true,
                      "Async Capable": false,
                      "Startup Cost": 5345.67,
                      "Total Cost": 5345.67,
                      "Plan Rows": 76505,
                      "Plan Width": 58,
                      "Actual Startup Time": 46.99,
                      "Actual Total Time": 46.991,
                      "Actual Rows": 61264,
                      "Actual Loops": 3,
                      "Hash Buckets": 262144,
                      "Original Hash Buckets": 262144,
                      "Hash Batches": 1,
                      "Original Hash Batches": 1,
                      "Peak Memory Usage": 19136,
                      "Shared Hit Blocks": 2,
                      "Shared Read Blocks": 4302,
                      "Shared Dirtied Blocks": 0,
                      "Shared Written Blocks": 0,
                      "Local Hit Blocks": 0,
                      "Local Read Blocks": 0,
                      "Local Dirtied Blocks": 0,
                      "Local Written Blocks": 0,
                      "Temp Read Blocks": 0,
                      "Temp Written Blocks": 0,
                      "Workers": [],
                      "Plans": [
                        {
                          "Node Type": "Seq Scan",
                          "Parent Relationship": "Outer",
                          "Parallel Aware": true,
                          "Async Capable": false,
                          "Relation Name": "part",
                          "Alias": "part",
                          "Startup Cost": 0.0,
                          "Total Cost": 5345.67,
                          "Plan Rows": 76505,
                          "Plan Width": 58,
                          "Actual Startup Time": 0.585,
                          "Actual Total Time": 23.381,
                          "Actual Rows": 61264,
                          "Actual Loops": 3,
                          "Filter": "(p_size > 4)",
                          "Rows Removed by Filter": 5403,
                          "Shared Hit Blocks": 2,
                          "Shared Read Blocks": 4302,
                          "Shared Dirtied Blocks": 0,
                          "Shared Written Blocks": 0,
                          "Local Hit Blocks": 0,
                          "Local Read Blocks": 0,
                          "Local Dirtied Blocks": 0,
                          "Local Written Blocks": 0,
                          "Temp Read Blocks": 0,
                          "Temp Written Blocks": 0,
                          "Workers": []
                        }
                      ]
                    }
                  ]
                }
              ]
            }
          ]
        }
      ]
    },
    "Planning": {
      "Shared Hit Blocks": 23,
      "Shared Read Blocks": 5,
      "Shared Dirtied Blocks": 0,
      "Shared Written Blocks": 0,
      "Local Hit Blocks": 0,
      "Local Read Blocks": 0,
      "Local Dirtied Blocks": 0,
      "Local Written Blocks": 0,
      "Temp Read Blocks": 0,
      "Temp Written Blocks": 0
    },
    "Planning Time": 0.561,
    "Triggers": [],
    "Execution Time": 273.777
  }
]