{
  "Node Type": "Sort",
  "Parallel Aware": false,
  "Async Capable": false,
  "Startup Cost": 28781.13,
  "Total Cost": 28802.88,
  "Plan Rows": 8699,
  "Plan Width": 44,
  "Sort Key": [
    "(count(DISTINCT partsupp.ps_suppkey)) DESC",
    "part.p_brand",
    "part.p_type",
    "part.p_size"
  ],
  "Sort Method": "quicksort",
  "Sort Space Used": 622,
  "Sort Space Type": "Memory",
  "Plans": [
    {
      "Node Type": "Aggregate",
      "Strategy": "Sorted",
      "Partial Mode": "Simple",
      "Parent Relationship": "Outer",
      "Parallel Aware": false,
      "Async Capable": false,
      "Startup Cost": 25318.14,
      "Total Cost": 28211.93,
      "Plan Rows": 8699,
      "Plan Width": 44,
      "Group Key": [
        "part.p_brand",
        "part.p_type",
        "part.p_size"
      ],
      "Plans": [
        {
          "Node Type": "Gather Merge",
          "Parent Relationship": "Outer",
          "Parallel Aware": false,
          "Async Capable": false,
          "Startup Cost": 25318.14,
          "Total Cost": 27903.0,
          "Plan Rows": 22194,
          "Plan Width": 40,
          "Workers Planned": 2,
          "Workers Launched": 2,
          "Plans": [
            {
              "Node Type": "Sort",
              "Parent Relationship": "Outer",
              "Parallel Aware": false,
              "Async Capable": false,
              "Startup Cost": 24318.11,
              "Total Cost": 24341.23,
              "Plan Rows": 9248,
              "Plan Width": 40,
              "Sort Key": [
                "part.p_brand",
                "part.p_type",
                "part.p_size",
                "partsupp.ps_suppkey"
              ],
              "Sort Method": "quicksort",
              "Sort Space Used": 1067,
              "Sort Space Type": "Memory",
              "Workers": [
                {
                  "Worker Number": 0,
                  "Sort Method": "quicksort",
                  "Sort Space Used": 1766,
                  "Sort Space Type": "Memory"
                },
                {
                  "Worker Number": 1,
                  "Sort Method": "quicksort",
                  "Sort Space Used": 1738,
                  "Sort Space Type": "Memory"
                }
              ],
              "Plans": [
                {
                  "Node Type": "Hash Join",
                  "Parent Relationship": "Outer",
                  "Parallel Aware": true,
                  "Async Capable": false,
                  "Join Type": "Inner",
                  "Startup Cost": 6272.73,
                  "Total Cost": 23708.91,
                  "Plan Rows": 9248,
                  "Plan Width": 40,
                  "Inner Unique": true,
                  "Hash Cond": "(partsupp.ps_partkey = part.p_partkey)",
                  "Workers": [],
                  "Plans": [
                    {
                      "Node Type": "Index Only Scan",
                      "Parent Relationship": "Outer",
                      "Parallel Aware": true,
                      "Async Capable": false,
                      "Scan Direction": "Forward",
                      "Index Name": "pk_partsupp",
                      "Relation Name": "partsupp",
                      "Alias": "partsupp",
                      "Startup Cost": 348.43,
                      "Total Cost": 17347.09,
                      "Plan Rows": 166667,
                      "Plan Width": 8,
                      "Filter": "(NOT (ANY (ps_suppkey = (hashed SubPlan 1).col1)))",
                      "Rows Removed by Filter": 107,
                      "Heap Fetches": 0,
                      "Workers": [],
                      "Plans": [
                        {
                          "Node Type": "Seq Scan",
                          "Parent Relationship": "SubPlan",
                          "Subplan Name": "SubPlan 1",
                          "Parallel Aware": false,
                          "Async Capable": false,
                          "Relation Name": "supplier",
                          "Alias": "supplier",
                          "Startup Cost": 0.0,
                          "Total Cost": 348.0,
                          "Plan Rows": 1,
                          "Plan Width": 4,
                          "Filter": "((s_comment)::text ~~ '%Customer%Complaints%'::text)",
                          "Rows Removed by Filter": 9996,
                          "Workers": []
                        }
                      ]
                    },
                    {
                      "Node Type": "Hash",
                      "Parent Relationship": "Inner",
                      "Parallel Aware": true,
                      "Async Capable": false,
                      "Startup Cost": 5866.5,
                      "Total Cost": 5866.5,
                      "Plan Rows": 4624,
                      "Plan Width": 40,
                      "Hash Buckets": 16384,
                      "Original Hash Buckets": 16384,
                      "Hash Batches": 1,
                      "Original Hash Batches": 1,
                      "Peak Memory Usage": 1024,
                      "Workers": [],
                      "Plans": [
                        {
                          "Node Type": "Seq Scan",
                          "Parent Relationship": "Outer",
                          "Parallel Aware": true,
                          "Async Capable": false,
                          "Relation Name": "part",
                          "Alias": "part",
                          "Startup Cost": 0.0,
                          "Total Cost": 5866.5,
                          "Plan Rows": 4624,
                          "Plan Width": 40,
                          "Filter": "((p_brand <> 'Brand#23'::bpchar) AND ((p_type)::text !~~ 'MEDIUM POLISHED%'::text) AND (p_size = ANY ('{1,4,7}'::integer[])))",
                          "Rows Removed by Filter": 62909,
                          "Workers": []
                        }
                      ]
                    }
                  ]
                }
              ]
            }
          ]
        }
      ]
    }
  ]
}