{
  "Node Type": "Aggregate",
  "Strategy": "Plain",
  "Partial Mode": "Simple",
  "Parallel Aware": false,
  "Async Capable": false,
  "Startup Cost": 573408.25,
  "Total Cost": 573408.26,
  "Plan Rows": 1,
  "Plan Width": 32,
  "Plans": [
    {
      "Node Type": "Hash Join",
      "Parent Relationship": "Outer",
      "Parallel Aware": false,
      "Async Capable": false,
      "Join Type": "Inner",
      "Startup Cost": 418153.72,
      "Total Cost": 573403.43,
      "Plan Rows": 1924,
      "Plan Width": 8,
      "Inner Unique": true,
      "Hash Cond": "(p.p_partkey = lineitem.l_partkey)",
      "Join Filter": "(l.l_quantity < ((0.7 * avg(lineitem.l_quantity))))",
      "Rows Removed by Join Filter": 4185,
      "Plans": [
        {
          "Node Type": "Gather",
          "Parent Relationship": "Outer",
          "Parallel Aware": false,
          "Async Capable": false,
          "Startup Cost": 6555.04,
          "Total Cost": 160209.08,
          "Plan Rows": 5972,
          "Plan Width": 21,
          "Workers Planned": 2,
          "Workers Launched": 2,
          "Single Copy": false,
          "Plans": [
            {
              "Node Type": "Hash Join",
              "Parent Relationship": "Outer",
              "Parallel Aware": true,
              "Async Capable": false,
              "Join Type": "Inner",
              "Startup Cost": 5555.04,
              "Total Cost": 158611.88,
              "Plan Rows": 2488,
              "Plan Width": 21,
              "Inner Unique": true,
              "Hash Cond": "(l.l_partkey = p.p_partkey)",
              "Workers": [],
              "Plans": [
                {
                  "Node Type": "Seq Scan",
                  "Parent Relationship": "Outer",
                  "Parallel Aware": true,
                  "Async Capable": false,
                  "Relation Name": "lineitem",
                  "Alias": "l",
                  "Startup Cost": 0.0,
                  "Total Cost": 146492.49,
                  "Plan Rows": 2500649,
                  "Plan Width": 17,
                  "Workers": []
                },
                {
                  "Node Type": "Hash",
                  "Parent Relationship": "Inner",
                  "Parallel Aware": true,
                  "Async Capable": false,
                  "Startup Cost": 5554.0,
                  "Total Cost": 5554.0,
                  "Plan Rows": 83,
                  "Plan Width": 4,
                  "Hash Buckets": 1024,
                  "Original Hash Buckets": 1024,
                  "Hash Batches": 1,
                  "Original Hash Batches": 1,
                  "Peak Memory Usage": 104,
                  "Workers": [],
                  "Plans": [
                    {
                      "Node Type": "Seq Scan",
                      "Parent Relationship": "Outer",
                      "Parallel Aware": true,
                      "Async Capable": false,
                      "Relation Name": "part",
                      "Alias": "p",
                      "Startup Cost": 0.0,
                      "Total Cost": 5554.0,
                      "Plan Rows": 83,
                      "Plan Width": 4,
                      "Filter": "((p_brand = 'Brand#53'::bpchar) AND (p_container = 'MED BAG'::bpchar))",
                      "Rows Removed by Filter": 66595,
                      "Workers": []
                    }
                  ]
                }
              ]
            }
          ]
        },
        {
          "Node Type": "Hash",
          "Parent Relationship": "Inner",
          "Parallel Aware": false,
          "Async Capable": false,
          "Startup Cost": 407672.99,
          "Total Cost": 407672.99,
          "Plan Rows": 193255,
          "Plan Width": 36,
          "Hash Buckets": 131072,
          "Original Hash Buckets": 131072,
          "Hash Batches": 2,
          "Original Hash Batches": 2,
          "Peak Memory Usage": 5832,
          "Plans": [
            {
              "Node Type": "Aggregate",
              "Strategy": "Sorted",
              "Partial Mode": "Finalize",
              "Parent Relationship": "Outer",
              "Parallel Aware": false,
              "Async Capable": false,
              "Startup Cost": 356779.36,
              "Total Cost": 407672.99,
              "Plan Rows": 193255,
              "Plan Width": 36,
              "Group Key": [
                "lineitem.l_partkey"
              ],
              "Plans": [
                {
                  "Node Type": "Gather Merge",
                  "Parent Relationship": "Outer",
                  "Parallel Aware": false,
                  "Async Capable": false,
                  "Startup Cost": 356779.36,
                  "Total Cost": 401875.34,
                  "Plan Rows": 386510,
                  "Plan Width": 36,
                  "Workers Planned": 2,
                  "Workers Launched": 2,
                  "Plans": [
                    {
                      "Node Type": "Sort",
                      "Parent Relationship": "Outer",
                      "Parallel Aware": false,
                      "Async Capable": false,
                      "Startup Cost": 355779.34,
                      "Total Cost": 356262.47,
                      "Plan Rows": 193255,
                      "Plan Width": 36,
                      "Sort Key": [
                        "lineitem.l_partkey"
                      ],
                      "Sort Method": "external merge",
                      "Sort Space Used": 15080,
                      "Sort Space Type": "Disk",
                      "Workers": [
                        {
                          "Worker Number": 0,
                          "Sort Method": "external merge",
                          "Sort Space Used": 15088,
                          "Sort Space Type": "Disk"
                        },
                        {
                          "Worker Number": 1,
                          "Sort Method": "external merge",
                          "Sort Space Used": 15088,
                          "Sort Space Type": "Disk"
                        }
                      ],
                      "Plans": [
                        {
                          "Node Type": "Aggregate",
                          "Strategy": "Hashed",
                          "Partial Mode": "Partial",
                          "Parent Relationship": "Outer",
                          "Parallel Aware": false,
                          "Async Capable": false,
                          "Startup Cost": 306690.32,
                          "Total Cost": 333526.41,
                          "Plan Rows": 193255,
                          "Plan Width": 36,
                          "Group Key": [
                            "lineitem.l_partkey"
                          ],
                          "Planned Partitions": 8,
                          "HashAgg Batches": 41,
                          "Peak Memory Usage": 8273,
                          "Disk Usage": 48360,
                          "Workers": [
                            {
                              "Worker Number": 0,
                              "HashAgg Batches": 41,
                              "Peak Memory Usage": 8273,
                              "Disk Usage": 74256
                            },
                            {
                              "Worker Number": 1,
                              "HashAgg Batches": 41,
                              "Peak Memory Usage": 8273,
                              "Disk Usage": 78352
                            }
                          ],
                          "Plans": [
                            {
                              "Node Type": "Seq Scan",
                              "Parent Relationship": "Outer",
                              "Parallel Aware": true,
                              "Async Capable": false,
                              "Relation Name": "lineitem",
                              "Alias": "lineitem",
                              "Startup Cost": 0.0,
                              "Total Cost": 146492.49,
                              "Plan Rows": 2500649,
                              "Plan Width": 9,
                              "Workers": []
                            }
                          ]
                        }
                      ]
                    }
                  ]
                }
              ]
            }
          ]
        }
      ]
    }
  ]
}