[
  {
    "Plan": {
      "Node Type": "Sort",
      "Parallel Aware": false,
      "Async Capable": false,
      "Startup Cost": 214393.78,
      "Total Cost": 214493.78,
      "Plan Rows": 40000,
      "Plan Width": 20,
      "Actual Startup Time": 4791.798,
      "Actual Total Time": 4791.992,
      "Actual Rows": 4489,
      "Actual Loops": 1,
      "Sort Key": [
        "(count(*)) DESC",
        "orders.o_orderdate DESC"
      ],
      "Sort Method": "quicksort",
      "Sort Space Used": 368,
      "Sort Space Type": "Memory",
      "Shared Hit Blocks": 11364,
      "Shared Read Blocks": 17387,
      "Shared Dirtied Blocks": 0,
      "Shared Written Blocks": 0,
      "Local Hit Blocks": 0,
      "Local Read Blocks": 0,
      "Local Dirtied Blocks": 0,
      "Local Written Blocks": 0,
      "Temp Read Blocks": 6415,
      "Temp Written Blocks": 14031,
      "Plans": [
        {
          "Node Type": "Aggregate",
          "Strategy": "Hashed",
          "Partial Mode": "Simple",
          "Parent Relationship": "Outer",
          "Parallel Aware": false,
          "Async Capable": false,
          "Startup Cost": 210936.24,
          "Total Cost": 211336.24,
          "Plan Rows": 40000,
          "Plan Width": 20,
          "Actual Startup Time": 4789.461,
          "Actual Total Time": 4790.171,
          "Actual Rows": 4489,
          "Actual Loops": 1,
          "Group Key": [
            "orders.o_orderdate",
            "count(orders.o_orderkey)"
          ],
          "Planned Partitions": 0,
          "HashAgg Batches": 1,
          "Peak Memory Usage": 2065,
          "Disk Usage": 0,
          "Shared Hit Blocks": 11364,
          "Shared Read Blocks": 17387,
          "Shared Dirtied Blocks": 0,
          "Shared Written Blocks": 0,
          "Local Hit Blocks": 0,
          "Local Read Blocks": 0,
          "Local Dirtied Blocks": 0,
          "Local Written Blocks": 0,
          "Temp Read Blocks": 6415,
          "Temp Written Blocks": 14031,
          "Plans": [
            {
              "Node Type": "Aggregate",
              "Strategy": "Hashed",
              "Partial Mode": "Simple",
              "Parent Relationship": "Outer",
              "Parallel Aware": false,
              "Async Capable": false,
              "Startup Cost": 155602.45,
              "Total Cost": 184951.4,
              "Plan Rows": 1484848,
              "Plan Width": 16,
              "Actual Startup Time": 3461.817,
              "Actual Total Time": 4381.62,
              "Actual Rows": 1539790,
              "Actual Loops": 1,
              "Group Key": [
                "customer.c_custkey",
                "orders.o_orderdate"
              ],
              "Planned Partitions": 32,
              "HashAgg Batches": 33,
              "Peak Memory Usage": 8209,
              "Disk Usage": 63104,
              "Shared Hit Blocks": 11364,
              "Shared Read Blocks": 17387,
              "Shared Dirtied Blocks": 0,
              "Shared Written Blocks": 0,
              "Local Hit Blocks": 0,
              "Local Read Blocks": 0,
              "Local Dirtied Blocks": 0,
              "Local Written Blocks": 0,
              "Temp Read Blocks": 6415,
              "Temp Written Blocks": 14031,
              "Plans": [
                {
                  "Node Type": "Hash Join",
                  "Parent Relationship": "Outer",
                  "Parallel Aware": false,
                  "Async Capable": false,
                  "Join Type": "Right",
                  "Startup Cost": 5781.42,
                  "Total Cost": 56767.26,
                  "Plan Rows": 1484848,
                  "Plan Width": 16,
                  "Actual Startup Time": 53.703,
                  "Actual Total Time": 2241.601,
                  "Actual Rows": 1544601,
                  "Actual Loops": 1,
                  "Inner Unique": true,
                  "Hash Cond": "(orders.o_custkey = customer.c_custkey)",
                  "Shared Hit Blocks": 11364,
                  "Shared Read Blocks": 17387,
                  "Shared Dirtied Blocks": 0,
                  "Shared Written Blocks": 0,
                  "Local Hit Blocks": 0,
                  "Local Read Blocks": 0,
                  "Local Dirtied Blocks": 0,
                  "Local Written Blocks": 0,
                  "Temp Read Blocks": 0,
                  "Temp Written Blocks": 0,
                  "Plans": [
                    {
                      "Node Type": "Seq Scan",
                      "Parent Relationship": "Outer",
                      "Parallel Aware": false,
                      "Async Capable": false,
                      "Relation Name": "orders",
                      "Alias": "orders",
                      "Startup Cost": 0.0,
                      "Total Cost": 47088.0,
                      "Plan Rows": 1484848,
                      "Plan Width": 16,
                      "Actual Startup Time": 0.074,
                      "Actual Total Time": 1130.853,
                      "Actual Rows": 1494597,
                      "Actual Loops": 1,
                      "Filter": "((o_comment)::text !~~ '%among%regular%'::text)",
                      "Rows Removed by Filter": 5403,
                      "Shared Hit Blocks": 11359,
                      "Shared Read Blocks": 16979,
                      "Shared Dirtied Blocks": 0,
                      "Shared Written Blocks": 0,
                      "Local Hit Blocks": 0,
                      "Local Read Blocks": 0,
                      "Local Dirtied Blocks": 0,
                      "Local Written Blocks": 0,
                      "Temp Read Blocks": 0,
                      "Temp Written Blocks": 0
                    },
                    {
                      "Node Type": "Hash",
                      "Parent Relationship": "Inner",
                      "Parallel Aware": false,
                      "Async Capable": false,
                      "Startup Cost": 3906.42,
                      "Total Cost": 3906.42,
                      "Plan Rows": 150000,
                      "Plan Width": 4,
                      "Actual Startup Time": 52.913,
                      "Actual Total Time": 52.914,
                      "Actual Rows": 150000,
                      "Actual Loops": 1,
                      "Hash Buckets": 262144,
                      "Original Hash Buckets": 262144,
                      "Hash Batches": 1,
                      "Original Hash Batches": 1,
                      "Peak Memory Usage": 7322,
                      "Shared Hit Blocks": 5,
                      "Shared Read Blocks": 408,
                      "Shared Dirtied Blocks": 0,
                      "Shared Written Blocks": 0,
                      "Local Hit Blocks": 0,
                      "Local Read Blocks": 0,
                      "Local Dirtied Blocks": 0,
                      "Local Written Blocks": 0,
                      "Temp Read Blocks": 0,
                      "Temp Written Blocks": 0,
                      "Plans": [
                        {
                          "Node Type": "Index Only Scan",
                          "Parent Relationship": "Outer",
                          "Parallel Aware": false,
                          "Async Capable": false,
                          "Scan Direction": "Forward",
                          "Index Name": "pk_customer",
                          "Relation Name": "customer",
                          "Alias": "customer",
                          "Startup Cost": 0.42,
                          "Total Cost": 3906.42,
                          "Plan Rows": 150000,
                          "Plan Width": 4,
                          "Actual Startup Time": 0.037,
                          "Actual Total Time": 22.436,
                          "Actual Rows": 150000,
                          "Actual Loops": 1,
                          "Heap Fetches": 0,
                          "Shared Hit Blocks": 5,
                          "Shared Read Blocks": 408,
                          "Shared Dirtied Blocks": 0,
                          "Shared Written Blocks": 0,
                          "Local Hit Blocks": 0,
                          "Local Read Blocks": 0,
                          "Local Dirtied Blocks": 0,
                          "Local Written Blocks": 0,
                          "Temp Read Blocks": 0,
                          "Temp Written Blocks": 0
                        }
                      ]
                    }
                  ]
                }
              ]
            }
          ]
        }
      ]
    },
    "Planning": {
      "Shared Hit Blocks": 5,
      "Shared Read Blocks": 16,
      "Shared Dirtied Blocks": 0,
      "Shared Written Blocks": 0,
      "Local Hit Blocks": 0,
      "Local Read Blocks": 0,
      "Local Dirtied Blocks": 0,
      "Local Written Blocks": 0,
      "Temp Read Blocks": 0,
      "Temp Written Blocks": 0
    },
    "Planning Time": 0.839,
    "Triggers": [],
    "Execution Time": 4805.382
  }
]