[
  {
    "Plan": {
      "Node Type": "Aggregate",
      "Strategy": "Sorted",
      "Partial Mode": "Finalize",
      "Parallel Aware": false,
      "Async Capable": false,
      "Startup Cost": 183946.83,
      "Total Cost": 183956.5,
      "Plan Rows": 73,
      "Plan Width": 90,
      "Actual Startup Time": 2821.263,
      "Actual Total Time": 2878.916,
      "Actual Rows": 175,
      "Actual Loops": 1,
      "Group Key": [
        "nation.n_name",
        "(EXTRACT(year FROM orders.o_orderdate))"
      ],
      "Shared Hit Blocks": 1227496,
      "Shared Read Blocks": 253336,
      "Shared Dirtied Blocks": 0,
      "Shared Written Blocks": 0,
      "Local Hit Blocks": 0,
      "Local Read Blocks": 0,
      "Local Dirtied Blocks": 0,
      "Local Written Blocks": 0,
      "Temp Read Blocks": 1557,
      "Temp Written Blocks": 1560,
      "Plans": [
        {
          "Node Type": "Gather Merge",
          "Parent Relationship": "Outer",
          "Parallel Aware": false,
          "Async Capable": false,
          "Startup Cost": 183946.83,
          "Total Cost": 183954.8,
          "Plan Rows": 60,
          "Plan Width": 90,
          "Actual Startup Time": 2820.904,
          "Actual Total Time": 2878.333,
          "Actual Rows": 525,
          "Actual Loops": 1,
          "Workers Planned": 2,
          "Workers Launched": 2,
          "Shared Hit Blocks": 1227496,
          "Shared Read Blocks": 253336,
          "Shared Dirtied Blocks": 0,
          "Shared Written Blocks": 0,
          "Local Hit Blocks": 0,
          "Local Read Blocks": 0,
          "Local Dirtied Blocks": 0,
          "Local Written Blocks": 0,
          "Temp Read Blocks": 1557,
          "Temp Written Blocks": 1560,
          "Plans": [
            {
              "Node Type": "Aggregate",
              "Strategy": "Sorted",
              "Partial Mode": "Partial",
              "Parent Relationship": "Outer",
              "Parallel Aware": false,
              "Async Capable": false,
              "Startup Cost": 182946.8,
              "Total Cost": 182947.85,
              "Plan Rows": 30,
              "Plan Width": 90,
              "Actual Startup Time": 2735.465,
              "Actual Total Time": 2788.367,
              "Actual Rows": 175,
              "Actual Loops": 3,
              "Group Key": [
                "nation.n_name",
                "(EXTRACT(year FROM orders.o_orderdate))"
              ],
              "Shared Hit Blocks": 1227496,
              "Shared Read Blocks": 253336,
              "Shared Dirtied Blocks": 0,
              "Shared Written Blocks": 0,
              "Local Hit Blocks": 0,
              "Local Read Blocks": 0,
              "Local Dirtied Blocks": 0,
              "Local Written Blocks": 0,
              "Temp Read Blocks": 1557,
              "Temp Written Blocks": 1560,
              "Workers": [],
              "Plans": [
                {
                  "Node Type": "Sort",
                  "Parent Relationship": "Outer",
                  "Parallel Aware": false,
                  "Async Capable": false,
                  "Startup Cost": 182946.8,
                  "Total Cost": 182946.88,
                  "Plan Rows": 30,
                  "Plan Width": 81,
                  "Actual Startup Time": 2735.257,
                  "Actual Total Time": 2747.806,
                  "Actual Rows": 63689,
                  "Actual Loops": 3,
                  "Sort Key": [
                    "nation.n_name",
                    "(EXTRACT(year FROM orders.o_orderdate)) DESC"
                  ],
                  "Sort Method": "external merge",
                  "Sort Space Used": 2704,
                  "Sort Space Type": "Disk",
                  "Shared Hit Blocks": 1227496,
                  "Shared Read Blocks": 253336,
                  "Shared Dirtied Blocks": 0,
                  "Shared Written Blocks": 0,
                  "Local Hit Blocks": 0,
                  "Local Read Blocks": 0,
                  "Local Dirtied Blocks": 0,
                  "Local Written Blocks": 0,
                  "Temp Read Blocks": 1557,
                  "Temp Written Blocks": 1560,
                  "Workers": [
                    {
                      "Worker Number": 0,
                      "Sort Method": "external merge",
                      "Sort Space Used": 4920,
                      "Sort Space Type": "Disk"
                    },
                    {
                      "Worker Number": 1,
                      "Sort Method": "external merge",
                      "Sort Space Used": 4832,
                      "Sort Space Type": "Disk"
                    }
                  ],
                  "Plans": [
                    {
                      "Node Type": "Hash Join",
                      "Parent Relationship": "Outer",
                      "Parallel Aware": false,
                      "Async Capable": false,
                      "Join Type": "Inner",
                      "Startup Cost": 159573.07,
                      "Total Cost": 182946.07,
                      "Plan Rows": 30,
                      "Plan Width": 81,
                      "Actual Startup Time": 987.372,
                      "Actual Total Time": 2620.018,
                      "Actual Rows": 63689,
                      "Actual Loops": 3,
                      "Inner Unique": true,
                      "Hash Cond": "(supplier.s_nationkey = nation.n_nationkey)",
                      "Shared Hit Blocks": 1227468,
                      "Shared Read Blocks": 253336,
                      "Shared Dirtied Blocks": 0,
                      "Shared Written Blocks": 0,
                      "Local Hit Blocks": 0,
                      "Local Read Blocks": 0,
                      "Local Dirtied Blocks": 0,
                      "Local Written Blocks": 0,
                      "Temp Read Blocks": 0,
                      "Temp Written Blocks": 0,
                      "Workers": [],
                      "Plans": [
                        {
                          "Node Type": "Nested Loop",
                          "Parent Relationship": "Outer",
                          "Parallel Aware": false,
                          "Async Capable": false,
                          "Join Type": "Inner",
                          "Startup Cost": 159571.51,
                          "Total Cost": 182944.34,
                          "Plan Rows": 30,
                          "Plan Width": 31,
                          "Actual Startup Time": 986.905,
                          "Actual Total Time": 2566.78,
                          "Actual Rows": 63689,
                          "Actual Loops": 3,
                          "Inner Unique": true,
                          "Shared Hit Blocks": 1227437,
                          "Shared Read Blocks": 253336,
                          "Shared Dirtied Blocks": 0,
                          "Shared Written Blocks": 0,
                          "Local Hit Blocks": 0,
                          "Local Read Blocks": 0,
                          "Local Dirtied Blocks": 0,
                          "Local Written Blocks": 0,
                          "Temp Read Blocks": 0,
                          "Temp Written Blocks": 0,
                          "Workers": [],
                          "Plans": [
                            {
                              "Node Type": "Nested Loop",
                              "Parent Relationship": "Outer",
                              "Parallel Aware": false,
                              "Async Capable": false,
                              "Join Type": "Inner",
                              "Startup Cost": 159571.08,
                              "Total Cost": 182930.34,
                              "Plan Rows": 30,
                              "Plan Width": 35,
                              "Actual Startup Time": 985.847,
                              "Actual Total Time": 1371.461,
                              "Actual Rows": 63689,
                              "Actual Loops": 3,
                              "Inner Unique": true,
                              "Shared Hit Blocks": 581807,
                              "Shared Read Blocks": 134700,
                              "Shared Dirtied Blocks": 0,
                              "Shared Written Blocks": 0,
                              "Local Hit Blocks": 0,
                              "Local Read Blocks": 0,
                              "Local Dirtied Blocks": 0,
                              "Local Written Blocks": 0,
                              "Temp Read Blocks": 0,
                              "Temp Written Blocks": 0,
                              "Workers": [],
                              "Plans": [
                                {
                                  "Node Type": "Hash Join",
                                  "Parent Relationship": "Outer",
                                  "Parallel Aware": true,
                                  "Async Capable": false,
                                  "Join Type": "Inner",
                                  "Startup Cost": 159570.8,
                                  "Total Cost": 182921.26,
                                  "Plan Rows": 30,
                                  "Plan Width": 39,
                                  "Actual Startup Time": 985.593,
                                  "Actual Total Time": 1205.657,
                                  "Actual Rows": 63689,
                                  "Actual Loops": 3,
                                  "Inner Unique": false,
                                  "Hash Cond": "((partsupp.ps_suppkey = lineitem.l_suppkey) AND (partsupp.ps_partkey = lineitem.l_partkey))",
                                  "Shared Hit Blocks": 8637,
                                  "Shared Read Blocks": 134670,
                                  "Shared Dirtied Blocks": 0,
                                  "Shared Written Blocks": 0,
                                  "Local Hit Blocks": 0,
                                  "Local Read Blocks": 0,
                                  "Local Dirtied Blocks": 0,
                                  "Local Written Blocks": 0,
                                  "Temp Read Blocks": 0,
                                  "Temp Written Blocks": 0,
                                  "Workers": [],
                                  "Plans": [
                                    {
                                      "Node Type": "Seq Scan",
                                      "Parent Relationship": "Outer",
                                      "Parallel Aware": true,
                                      "Async Capable": false,
                                      "Relation Name": "partsupp",
                                      "Alias": "partsupp",
                                      "Startup Cost": 0.0,
                                      "Total Cost": 20850.33,
                                      "Plan Rows": 333333,
                                      "Plan Width": 14,
                                      "Actual Startup Time": 1.008,
                                      "Actual Total Time": 72.534,
                                      "Actual Rows": 266667,
                                      "Actual Loops": 3,
                                      "Shared Hit Blocks": 0,
                                      "Shared Read Blocks": 17517,
                                      "Shared Dirtied Blocks": 0,
                                      "Shared Written Blocks": 0,
                                      "Local Hit Blocks": 0,
                                      "Local Read Blocks": 0,
                                      "Local Dirtied Blocks": 0,
                                      "Local Written Blocks": 0,
                                      "Temp Read Blocks": 0,
                                      "Temp Written Blocks": 0,
                                      "Workers": []
                                    },
                                    {
                                      "Node Type": "Hash",
                                      "Parent Relationship": "Inner",
                                      "Parallel Aware": true,
                                      "Async Capable": false,
                                      "Startup Cost": 158434.07,
                                      "Total Cost": 158434.07,
                                      "Plan Rows": 75782,
                                      "Plan Width": 37,
                                      "Actual Startup Time": 983.462,
                                      "Actual Total Time": 983.466,
                                      "Actual Rows": 63689,
                                      "Actual Loops": 3,
                                      "Hash Buckets": 262144,
                                      "Original Hash Buckets": 262144,
                                      "Hash Batches": 1,
                                      "Original Hash Batches": 1,
                                      "Peak Memory Usage": 15552,
                                      "Shared Hit Blocks": 8637,
                                      "Shared Read Blocks": 117153,
                                      "Shared Dirtied Blocks": 0,
                                      "Shared Written Blocks": 0,
                                      "Local Hit Blocks": 0,
                                      "Local Read Blocks": 0,
                                      "Local Dirtied Blocks": 0,
                                      "Local Written Blocks": 0,
                                      "Temp Read Blocks": 0,
                                      "Temp Written Blocks": 0,
                                      "Workers": [],
                                      "Plans": [
                                        {
                                          "Node Type": "Hash Join",
                                          "Parent Relationship": "Outer",
                                          "Parallel Aware": true,
                                          "Async Capable": false,
                                          "Join Type": "Inner",
                                          "Startup Cost": 5377.23,
                                          "Total Cost": 158434.07,
                                          "Plan Rows": 75782,
                                          "Plan Width": 37,
                                          "Actual Startup Time": 25.823,
                                          "Actual Total Time": 948.713,
                                          "Actual Rows": 63689,
                                          "Actual Loops": 3,
                                          "Inner Unique": true,
                                          "Hash Cond": "(lineitem.l_partkey = part.p_partkey)",
                                          "Shared Hit Blocks": 8637,
                                          "Shared Read Blocks": 117153,
                                          "Shared Dirtied Blocks": 0,
                                          "Shared Written Blocks": 0,
                                          "Local Hit Blocks": 0,
                                          "Local Read Blocks": 0,
                                          "Local Dirtied Blocks": 0,
                                          "Local Written Blocks": 0,
                                          "Temp Read Blocks": 0,
                                          "Temp Written Blocks": 0,
                                          "Workers": [],
                                          "Plans": [
                                            {
                                              "Node Type": "Seq Scan",
                                              "Parent Relationship": "Outer",
                                              "Parallel Aware": true,
                                              "Async Capable": false,
                                              "Relation Name": "lineitem",
                                              "Alias": "lineitem",
                                              "Startup Cost": 0.0,
                                              "Total Cost": 146492.49,
                                              "Plan Rows": 2500649,
                                              "Plan Width": 33,
                                              "Actual Startup Time": 0.574,
                                              "Actual Total Time": 580.134,
                                              "Actual Rows": 2000405,
                                              "Actual Loops": 3,
                                              "Shared Hit Blocks": 8571,
                                              "Shared Read Blocks": 112915,
                                              "Shared Dirtied Blocks": 0,
                                              "Shared Written Blocks": 0,
                                              "Local Hit Blocks": 0,
                                              "Local Read Blocks": 0,
                                              "Local Dirtied Blocks": 0,
                                              "Local Written Blocks": 0,
                                              "Temp Read Blocks": 0,
                                              "Temp Written Blocks": 0,
                                              "Workers": []
                                            },
                                            {
                                              "Node Type": "Hash",
                                              "Parent Relationship": "Inner",
                                              "Parallel Aware": true,
                                              "Async Capable": false,
                                              "Startup Cost": 5345.67,
                                              "Total Cost": 5345.67,
                                              "Plan Rows": 2525,
                                              "Plan Width": 4,
                                              "Actual Startup Time": 25.147,
                                              "Actual Total Time": 25.148,
                                              "Actual Rows": 2121,
                                              "Actual Loops": 3,
                                              "Hash Buckets": 8192,
                                              "Original Hash Buckets": 8192,
                                              "Hash Batches": 1,
                                              "Original Hash Batches": 1,
                                              "Peak Memory Usage": 384,
                                              "Shared Hit Blocks": 66,
                                              "Shared Read Blocks": 4238,
                                              "Shared Dirtied Blocks": 0,
                                              "Shared Written Blocks": 0,
                                              "Local Hit Blocks": 0,
                                              "Local Read Blocks": 0,
                                              "Local Dirtied Blocks": 0,
                                              "Local Written Blocks": 0,
                                              "Temp Read Blocks": 0,
                                              "Temp Written Blocks": 0,
                                              "Workers": [],
                                              "Plans": [
                                                {
                                                  "Node Type": "Seq Scan",
                                                  "Parent Relationship": "Outer",
                                                  "Parallel Aware": true,
                                                  "Async Capable": false,
                                                  "Relation Name": "part",
                                                  "Alias": "part",
                                                  "Startup Cost": 0.0,
                                                  "Total Cost": 5345.67,
                                                  "Plan Rows": 2525,
                                                  "Plan Width": 4,
                                                  "Actual Startup Time": 0.464,
                                                  "Actual Total Time": 24.11,
                                                  "Actual Rows": 2121,
                                                  "Actual Loops": 3,
                                                  "Filter": "((p_name)::text ~~ 'co%'::text)",
                                                  "Rows Removed by Filter": 64546,
                                                  "Shared Hit Blocks": 66,
                                                  "Shared Read Blocks": 4238,
                                                  "Shared Dirtied Blocks": 0,
                                                  "Shared Written Blocks": 0,
                                                  "Local Hit Blocks": 0,
                                                  "Local Read Blocks": 0,
                                                  "Local Dirtied Blocks": 0,
                                                  "Local Written Blocks": 0,
                                                  "Temp Read Blocks": 0,
                                                  "Temp Written Blocks": 0,
                                                  "Workers": []
                                                }
                                              ]
                                            }
                                          ]
                                        }
                                      ]
                                    }
                                  ]
                                },
                                {
                                  "Node Type": "Index Scan",
                                  "Parent Relationship": "Inner",
                                  "Parallel Aware": false,
                                  "Async Capable": false,
                                  "Scan Direction": "Forward",
                                  "Index Name": "pk_supplier",
                                  "Relation Name": "supplier",
                                  "Alias": "supplier",
                                  "Startup Cost": 0.29,
                                  "Total Cost": 0.3,
                                  "Plan Rows": 1,
                                  "Plan Width": 8,
                                  "Actual Startup Time": 0.002,
                                  "Actual Total Time": 0.002,
                                  "Actual Rows": 1,
                                  "Actual Loops": 191066,
                                  "Index Cond": "(s_suppkey = lineitem.l_suppkey)",
                                  "Rows Removed by Index Recheck": 0,
                                  "Shared Hit Blocks": 573170,
                                  "Shared Read Blocks": 30,
                                  "Shared Dirtied Blocks": 0,
                                  "Shared Written Blocks": 0,
                                  "Local Hit Blocks": 0,
                                  "Local Read Blocks": 0,
                                  "Local Dirtied Blocks": 0,
                                  "Local Written Blocks": 0,
                                  "Temp Read Blocks": 0,
                                  "Temp Written Blocks": 0,
                                  "Workers": []
                                }
                              ]
                            },
                            {
                              "Node Type": "Index Scan",
                              "Parent Relationship": "Inner",
                              "Parallel Aware": false,
                              "Async Capable": false,
                              "Scan Direction": "Forward",
                              "Index Name": "pk_orders",
                              "Relation Name": "orders",
                              "Alias": "orders",
                              "Startup Cost": 0.43,
                              "Total Cost": 0.47,
                              "Plan Rows": 1,
                              "Plan Width": 12,
                              "Actual Startup Time": 0.018,
                              "Actual Total Time": 0.018,
                              "Actual Rows": 1,
                              "Actual Loops": 191066,
                              "Index Cond": "(o_orderkey = lineitem.l_orderkey)",
                              "Rows Removed by Index Recheck": 0,
                              "Shared Hit Blocks": 645630,
                              "Shared Read Blocks": 118636,
                              "Shared Dirtied Blocks": 0,
                              "Shared Written Blocks": 0,
                              "Local Hit Blocks": 0,
                              "Local Read Blocks": 0,
                              "Local Dirtied Blocks": 0,
                              "Local Written Blocks": 0,
                              "Temp Read Blocks": 0,
                              "Temp Written Blocks": 0,
                              "Workers": []
                            }
                          ]
                        },
                        {
                          "Node Type": "Hash",
                          "Parent Relationship": "Inner",
                          "Parallel Aware": false,
                          "Async Capable": false,
                          "Startup Cost": 1.25,
                          "Total Cost": 1.25,
                          "Plan Rows": 25,
                          "Plan Width": 30,
                          "Actual Startup Time": 0.429,
                          "Actual Total Time": 0.43,
                          "Actual Rows": 25,
                          "Actual Loops": 3,
                          "Hash Buckets": 1024,
                          "Original Hash Buckets": 1024,
                          "Hash Batches": 1,
                          "Original Hash Batches": 1,
                          "Peak Memory Usage": 10,
                          "Shared Hit Blocks": 3,
                          "Shared Read Blocks": 0,
                          "Shared Dirtied Blocks": 0,
                          "Shared Written Blocks": 0,
                          "Local Hit Blocks": 0,
                          "Local Read Blocks": 0,
                          "Local Dirtied Blocks": 0,
                          "Local Written Blocks": 0,
                          "Temp Read Blocks": 0,
                          "Temp Written Blocks": 0,
                          "Workers": [],
                          "Plans": [
                            {
                              "Node Type": "Seq Scan",
                              "Parent Relationship": "Outer",
                              "Parallel Aware": false,
                              "Async Capable": false,
                              "Relation Name": "nation",
                              "Alias": "nation",
                              "Startup Cost": 0.0,
                              "Total Cost": 1.25,
                              "Plan Rows": 25,
                              "Plan Width": 30,
                              "Actual Startup Time": 0.399,
                              "Actual Total Time": 0.403,
                              "Actual Rows": 25,
                              "Actual Loops": 3,
                              "Shared Hit Blocks": 3,
                              "Shared Read Blocks": 0,
                              "Shared Dirtied Blocks": 0,
                              "Shared Written Blocks": 0,
                              "Local Hit Blocks": 0,
                              "Local Read Blocks": 0,
                              "Local Dirtied Blocks": 0,
                              "Local Written Blocks": 0,
                              "Temp Read Blocks": 0,
                              "Temp Written Blocks": 0,
                              "Workers": []
                            }
                          ]
                        }
                      ]
                    }
                  ]
                }
              ]
            }
          ]
        }
      ]
    },
    "Planning": {
      "Shared Hit Blocks": 58,
      "Shared Read Blocks": 6,
      "Shared Dirtied Blocks": 0,
      "Shared Written Blocks": 0,
      "Local Hit Blocks": 0,
      "Local Read Blocks": 0,
      "Local Dirtied Blocks": 0,
      "Local Written Blocks": 0,
      "Temp Read Blocks": 0,
      "Temp Written Blocks": 0
    },
    "Planning Time": 3.554,
    "Triggers": [],
    "Execution Time": 2882.423
  }
]