{
  "Node Type": "Append",
  "Parallel Aware": false,
  "Async Capable": false,
  "Startup Cost": 0.84,
  "Total Cost": 540.47,
  "Plan Rows": 12,
  "Plan Width": 36,
  "Subplans Removed": 0,
  "Plans": [
    {
      "Node Type": "Limit",
      "Parent Relationship": "Member",
      "Parallel Aware": false,
      "Async Capable": false,
      "Startup Cost": 0.84,
      "Total Cost": 2.09,
      "Plan Rows": 5,
      "Plan Width": 37,
      "Plans": [
        {
          "Node Type": "Nested Loop",
          "Parent Relationship": "Outer",
          "Parallel Aware": false,
          "Async Capable": false,
          "Join Type": "Inner",
          "Startup Cost": 0.84,
          "Total Cost": 197412.52,
          "Plan Rows": 791158,
          "Plan Width": 37,
          "Inner Unique": false,
          "Plans": [
            {
              "Node Type": "Index Scan",
              "Parent Relationship": "Outer",
              "Parallel Aware": false,
              "Async Capable": false,
              "Scan Direction": "Forward",
              "Index Name": "pk_part",
              "Relation Name": "part",
              "Alias": "part",
              "Startup Cost": 0.42,
              "Total Cost": 9512.52,
              "Plan Rows": 200000,
              "Plan Width": 37
            },
            {
              "Node Type": "Index Scan",
              "Parent Relationship": "Inner",
              "Parallel Aware": false,
              "Async Capable": false,
              "Scan Direction": "Forward",
              "Index Name": "pk_partsupp",
              "Relation Name": "partsupp",
              "Alias": "partsupp",
              "Startup Cost": 0.42,
              "Total Cost": 0.9,
              "Plan Rows": 4,
              "Plan Width": 4,
              "Index Cond": "(ps_partkey = part.p_partkey)",
              "Rows Removed by Index Recheck": 0,
              "Filter": "(ps_availqty > 100)",
              "Rows Removed by Filter": 0
            }
          ]
        }
      ]
    },
    {
      "Node Type": "Subquery Scan",
      "Parent Relationship": "Member",
      "Parallel Aware": false,
      "Async Capable": false,
      "Alias": "*SELECT* 2",
      "Startup Cost": 0.71,
      "Total Cost": 538.31,
      "Plan Rows": 7,
      "Plan Width": 36,
      "Plans": [
        {
          "Node Type": "Limit",
          "Parent Relationship": "Subquery",
          "Parallel Aware": false,
          "Async Capable": false,
          "Startup Cost": 0.71,
          "Total Cost": 538.23,
          "Plan Rows": 7,
          "Plan Width": 30,
          "Plans": [
            {
              "Node Type": "Nested Loop",
              "Parent Relationship": "Outer",
              "Parallel Aware": false,
              "Async Capable": false,
              "Join Type": "Inner",
              "Startup Cost": 0.71,
              "Total Cost": 60090681.54,
              "Plan Rows": 782554,
              "Plan Width": 30,
              "Inner Unique": false,
              "Plans": [
                {
                  "Node Type": "Index Scan",
                  "Parent Relationship": "Outer",
                  "Parallel Aware": false,
                  "Async Capable": false,
                  "Scan Direction": "Forward",
                  "Index Name": "pk_supplier",
                  "Relation Name": "supplier",
                  "Alias": "supplier",
                  "Startup Cost": 0.29,
                  "Total Cost": 496.78,
                  "Plan Rows": 10000,
                  "Plan Width": 30
                },
                {
                  "Node Type": "Index Scan",
                  "Parent Relationship": "Inner",
                  "Parallel Aware": false,
                  "Async Capable": false,
                  "Scan Direction": "Forward",
                  "Index Name": "pk_partsupp",
                  "Relation Name": "partsupp",
                  "Alias": "partsupp_1",
                  "Startup Cost": 0.42,
                  "Total Cost": 6008.24,
                  "Plan Rows": 78,
                  "Plan Width": 4,
                  "Index Cond": "(ps_suppkey = supplier.s_suppkey)",
                  "Rows Removed by Index Recheck": 0,
                  "Filter": "(ps_availqty > 200)",
                  "Rows Removed by Filter": 0
                }
              ]
            }
          ]
        }
      ]
    }
  ]
}