[
  {
    "Plan": {
      "Node Type": "Append",
      "Parallel Aware": false,
      "Async Capable": false,
      "Startup Cost": 42074.6,
      "Total Cost": 42081.9,
      "Plan Rows": 25,
      "Plan Width": 33,
      "Actual Startup Time": 177.044,
      "Actual Total Time": 182.632,
      "Actual Rows": 25,
      "Actual Loops": 1,
      "Shared Hit Blocks": 221,
      "Shared Read Blocks": 32083,
      "Shared Dirtied Blocks": 0,
      "Shared Written Blocks": 0,
      "Local Hit Blocks": 0,
      "Local Read Blocks": 0,
      "Local Dirtied Blocks": 0,
      "Local Written Blocks": 0,
      "Temp Read Blocks": 0,
      "Temp Written Blocks": 0,
      "Subplans Removed": 0,
      "Plans": [
        {
          "Node Type": "Limit",
          "Parent Relationship": "Member",
          "Parallel Aware": false,
          "Async Capable": false,
          "Startup Cost": 42074.6,
          "Total Cost": 42076.93,
          "Plan Rows": 20,
          "Plan Width": 38,
          "Actual Startup Time": 177.043,
          "Actual Total Time": 182.555,
          "Actual Rows": 20,
          "Actual Loops": 1,
          "Shared Hit Blocks": 215,
          "Shared Read Blocks": 32081,
          "Shared Dirtied Blocks": 0,
          "Shared Written Blocks": 0,
          "Local Hit Blocks": 0,
          "Local Read Blocks": 0,
          "Local Dirtied Blocks": 0,
          "Local Written Blocks": 0,
          "Temp Read Blocks": 0,
          "Temp Written Blocks": 0,
          "Plans": [
            {
              "Node Type": "Gather Merge",
              "Parent Relationship": "Outer",
              "Parallel Aware": false,
              "Async Capable": false,
              "Startup Cost": 42074.6,
              "Total Cost": 42078.1,
              "Plan Rows": 30,
              "Plan Width": 38,
              "Actual Startup Time": 177.042,
              "Actual Total Time": 182.552,
              "Actual Rows": 20,
              "Actual Loops": 1,
              "Workers Planned": 2,
              "Workers Launched": 2,
              "Shared Hit Blocks": 215,
              "Shared Read Blocks": 32081,
              "Shared Dirtied Blocks": 0,
              "Shared Written Blocks": 0,
              "Local Hit Blocks": 0,
              "Local Read Blocks": 0,
              "Local Dirtied Blocks": 0,
              "Local Written Blocks": 0,
              "Temp Read Blocks": 0,
              "Temp Written Blocks": 0,
              "Plans": [
                {
                  "Node Type": "Sort",
                  "Parent Relationship": "Outer",
                  "Parallel Aware": false,
                  "Async Capable": false,
                  "Startup Cost": 41074.57,
                  "Total Cost": 41074.61,
                  "Plan Rows": 15,
                  "Plan Width": 38,
                  "Actual Startup Time": 132.786,
                  "Actual Total Time": 132.789,
                  "Actual Rows": 16,
                  "Actual Loops": 3,
                  "Sort Key": [
                    "orders.o_orderkey"
                  ],
                  "Sort Method": "top-N heapsort",
                  "Sort Space Used": 26,
                  "Sort Space Type": "Memory",
                  "Shared Hit Blocks": 215,
                  "Shared Read Blocks": 32081,
                  "Shared Dirtied Blocks": 0,
                  "Shared Written Blocks": 0,
                  "Local Hit Blocks": 0,
                  "Local Read Blocks": 0,
                  "Local Dirtied Blocks": 0,
                  "Local Written Blocks": 0,
                  "Temp Read Blocks": 0,
                  "Temp Written Blocks": 0,
                  "Workers": [
                    {
                      "Worker Number": 0,
                      "Sort Method": "top-N heapsort",
                      "Sort Space Used": 26,
                      "Sort Space Type": "Memory"
                    },
                    {
                      "Worker Number": 1,
                      "Sort Method": "top-N heapsort",
                      "Sort Space Used": 26,
                      "Sort Space Type": "Memory"
                    }
                  ],
                  "Plans": [
                    {
                      "Node Type": "Hash Join",
                      "Parent Relationship": "Outer",
                      "Parallel Aware": false,
                      "Async Capable": false,
                      "Join Type": "Inner",
                      "Startup Cost": 4527.89,
                      "Total Cost": 41074.28,
                      "Plan Rows": 15,
                      "Plan Width": 38,
                      "Actual Startup Time": 23.695,
                      "Actual Total Time": 132.609,
                      "Actual Rows": 85,
                      "Actual Loops": 3,
                      "Inner Unique": true,
                      "Hash Cond": "(customer.c_nationkey = nation.n_nationkey)",
                      "Shared Hit Blocks": 101,
                      "Shared Read Blocks": 32081,
                      "Shared Dirtied Blocks": 0,
                      "Shared Written Blocks": 0,
                      "Local Hit Blocks": 0,
                      "Local Read Blocks": 0,
                      "Local Dirtied Blocks": 0,
                      "Local Written Blocks": 0,
                      "Temp Read Blocks": 0,
                      "Temp Written Blocks": 0,
                      "Workers": [],
                      "Plans": [
                        {
                          "Node Type": "Hash Join",
                          "Parent Relationship": "Outer",
                          "Parallel Aware": true,
                          "Async Capable": false,
                          "Join Type": "Inner",
                          "Startup Cost": 4526.32,
                          "Total Cost": 41072.67,
                          "Plan Rows": 15,
                          "Plan Width": 16,
                          "Actual Startup Time": 23.07,
                          "Actual Total Time": 131.909,
                          "Actual Rows": 85,
                          "Actual Loops": 3,
                          "Inner Unique": true,
                          "Hash Cond": "(orders.o_custkey = customer.c_custkey)",
                          "Shared Hit Blocks": 2,
                          "Shared Read Blocks": 32081,
                          "Shared Dirtied Blocks": 0,
                          "Shared Written Blocks": 0,
                          "Local Hit Blocks": 0,
                          "Local Read Blocks": 0,
                          "Local Dirtied Blocks": 0,
                          "Local Written Blocks": 0,
                          "Temp Read Blocks": 0,
                          "Temp Written Blocks": 0,
                          "Workers": [],
                          "Plans": [
                            {
                              "Node Type": "Seq Scan",
                              "Parent Relationship": "Outer",
                              "Parallel Aware": true,
                              "Async Capable": false,
                              "Relation Name": "orders",
                              "Alias": "orders",
                              "Startup Cost": 0.0,
                              "Total Cost": 36150.5,
                              "Plan Rows": 150793,
                              "Plan Width": 16,
                              "Actual Startup Time": 0.881,
                              "Actual Total Time": 98.466,
                              "Actual Rows": 120469,
                              "Actual Loops": 3,
                              "Filter": "(o_orderdate >= '1997-01-01'::date)",
                              "Rows Removed by Filter": 379531,
                              "Shared Hit Blocks": 0,
                              "Shared Read Blocks": 28338,
                              "Shared Dirtied Blocks": 0,
                              "Shared Written Blocks": 0,
                              "Local Hit Blocks": 0,
                              "Local Read Blocks": 0,
                              "Local Dirtied Blocks": 0,
                              "Local Written Blocks": 0,
                              "Temp Read Blocks": 0,
                              "Temp Written Blocks": 0,
                              "Workers": []
                            },
                            {
                              "Node Type": "Hash",
                              "Parent Relationship": "Inner",
                              "Parallel Aware": true,
                              "Async Capable": false,
                              "Startup Cost": 4526.25,
                              "Total Cost": 4526.25,
                              "Plan Rows": 6,
                              "Plan Width": 8,
                              "Actual Startup Time": 20.897,
                              "Actual Total Time": 20.898,
                              "Actual Rows": 37,
                              "Actual Loops": 3,
                              "Hash Buckets": 1024,
                              "Original Hash Buckets": 1024,
                              "Hash Batches": 1,
                              "Original Hash Batches": 1,
                              "Peak Memory Usage": 40,
                              "Shared Hit Blocks": 2,
                              "Shared Read Blocks": 3743,
                              "Shared Dirtied Blocks": 0,
                              "Shared Written Blocks": 0,
                              "Local Hit Blocks": 0,
                              "Local Read Blocks": 0,
                              "Local Dirtied Blocks": 0,
                              "Local Written Blocks": 0,
                              "Temp Read Blocks": 0,
                              "Temp Written Blocks": 0,
                              "Workers": [],
                              "Plans": [
                                {
                                  "Node Type": "Seq Scan",
                                  "Parent Relationship": "Outer",
                                  "Parallel Aware": true,
                                  "Async Capable": false,
                                  "Relation Name": "customer",
                                  "Alias": "customer",
                                  "Startup Cost": 0.0,
                                  "Total Cost": 4526.25,
                                  "Plan Rows": 6,
                                  "Plan Width": 8,
                                  "Actual Startup Time": 0.61,
                                  "Actual Total Time": 62.587,
                                  "Actual Rows": 111,
                                  "Actual Loops": 1,
                                  "Filter": "((c_name)::text ~~ '%0001248%'::text)",
                                  "Rows Removed by Filter": 149889,
                                  "Shared Hit Blocks": 2,
                                  "Shared Read Blocks": 3743,
                                  "Shared Dirtied Blocks": 0,
                                  "Shared Written Blocks": 0,
                                  "Local Hit Blocks": 0,
                                  "Local Read Blocks": 0,
                                  "Local Dirtied Blocks": 0,
                                  "Local Written Blocks": 0,
                                  "Temp Read Blocks": 0,
                                  "Temp Written Blocks": 0,
                                  "Workers": []
                                }
                              ]
                            }
                          ]
                        },
                        {
                          "Node Type": "Hash",
                          "Parent Relationship": "Inner",
                          "Parallel Aware": false,
                          "Async Capable": false,
                          "Startup Cost": 1.25,
                          "Total Cost": 1.25,
                          "Plan Rows": 25,
                          "Plan Width": 30,
                          "Actual Startup Time": 0.532,
                          "Actual Total Time": 0.533,
                          "Actual Rows": 25,
                          "Actual Loops": 3,
                          "Hash Buckets": 1024,
                          "Original Hash Buckets": 1024,
                          "Hash Batches": 1,
                          "Original Hash Batches": 1,
                          "Peak Memory Usage": 10,
                          "Shared Hit Blocks": 3,
                          "Shared Read Blocks": 0,
                          "Shared Dirtied Blocks": 0,
                          "Shared Written Blocks": 0,
                          "Local Hit Blocks": 0,
                          "Local Read Blocks": 0,
                          "Local Dirtied Blocks": 0,
                          "Local Written Blocks": 0,
                          "Temp Read Blocks": 0,
                          "Temp Written Blocks": 0,
                          "Workers": [],
                          "Plans": [
                            {
                              "Node Type": "Seq Scan",
                              "Parent Relationship": "Outer",
                              "Parallel Aware": false,
                              "Async Capable": false,
                              "Relation Name": "nation",
                              "Alias": "nation",
                              "Startup Cost": 0.0,
                              "Total Cost": 1.25,
                              "Plan Rows": 25,
                              "Plan Width": 30,
                              "Actual Startup Time": 0.508,
                              "Actual Total Time": 0.512,
                              "Actual Rows": 25,
                              "Actual Loops": 3,
                              "Shared Hit Blocks": 3,
                              "Shared Read Blocks": 0,
                              "Shared Dirtied Blocks": 0,
                              "Shared Written Blocks": 0,
                              "Local Hit Blocks": 0,
                              "Local Read Blocks": 0,
                              "Local Dirtied Blocks": 0,
                              "Local Written Blocks": 0,
                              "Temp Read Blocks": 0,
                              "Temp Written Blocks": 0,
                              "Workers": []
                            }
                          ]
                        }
                      ]
                    }
                  ]
                }
              ]
            }
          ]
        },
        {
          "Node Type": "Limit",
          "Parent Relationship": "Member",
          "Parallel Aware": false,
          "Async Capable": false,
          "Startup Cost": 2.15,
          "Total Cost": 4.85,
          "Plan Rows": 5,
          "Plan Width": 14,
          "Actual Startup Time": 0.07,
          "Actual Total Time": 0.073,
          "Actual Rows": 5,
          "Actual Loops": 1,
          "Shared Hit Blocks": 6,
          "Shared Read Blocks": 2,
          "Shared Dirtied Blocks": 0,
          "Shared Written Blocks": 0,
          "Local Hit Blocks": 0,
          "Local Read Blocks": 0,
          "Local Dirtied Blocks": 0,
          "Local Written Blocks": 0,
          "Temp Read Blocks": 0,
          "Temp Written Blocks": 0,
          "Plans": [
            {
              "Node Type": "Merge Join",
              "Parent Relationship": "Outer",
              "Parallel Aware": false,
              "Async Capable": false,
              "Join Type": "Inner",
              "Startup Cost": 2.15,
              "Total Cost": 585365.74,
              "Plan Rows": 1083161,
              "Plan Width": 14,
              "Actual Startup Time": 0.068,
              "Actual Total Time": 0.071,
              "Actual Rows": 5,
              "Actual Loops": 1,
              "Inner Unique": true,
              "Merge Cond": "(lineitem.l_orderkey = orders_1.o_orderkey)",
              "Shared Hit Blocks": 6,
              "Shared Read Blocks": 2,
              "Shared Dirtied Blocks": 0,
              "Shared Written Blocks": 0,
              "Local Hit Blocks": 0,
              "Local Read Blocks": 0,
              "Local Dirtied Blocks": 0,
              "Local Written Blocks": 0,
              "Temp Read Blocks": 0,
              "Temp Written Blocks": 0,
              "Plans": [
                {
                  "Node Type": "Index Scan",
                  "Parent Relationship": "Outer",
                  "Parallel Aware": false,
                  "Async Capable": false,
                  "Scan Direction": "Forward",
                  "Index Name": "pk_lineitem",
                  "Relation Name": "lineitem",
                  "Alias": "lineitem",
                  "Startup Cost": 0.43,
                  "Total Cost": 493357.85,
                  "Plan Rows": 3616259,
                  "Plan Width": 12,
                  "Actual Startup Time": 0.041,
                  "Actual Total Time": 0.043,
                  "Actual Rows": 10,
                  "Actual Loops": 1,
                  "Filter": "((l_quantity > '20'::numeric) AND (l_extendedprice > '1000'::numeric))",
                  "Rows Removed by Filter": 3,
                  "Shared Hit Blocks": 3,
                  "Shared Read Blocks": 1,
                  "Shared Dirtied Blocks": 0,
                  "Shared Written Blocks": 0,
                  "Local Hit Blocks": 0,
                  "Local Read Blocks": 0,
                  "Local Dirtied Blocks": 0,
                  "Local Written Blocks": 0,
                  "Temp Read Blocks": 0,
                  "Temp Written Blocks": 0
                },
                {
                  "Node Type": "Index Scan",
                  "Parent Relationship": "Inner",
                  "Parallel Aware": false,
                  "Async Capable": false,
                  "Scan Direction": "Forward",
                  "Index Name": "pk_orders",
                  "Relation Name": "orders",
                  "Alias": "orders_1",
                  "Startup Cost": 0.43,
                  "Total Cost": 71052.42,
                  "Plan Rows": 449288,
                  "Plan Width": 10,
                  "Actual Startup Time": 0.023,
                  "Actual Total Time": 0.024,
                  "Actual Rows": 1,
                  "Actual Loops": 1,
                  "Filter": "(o_orderdate < '1994-01-01'::date)",
                  "Rows Removed by Filter": 2,
                  "Shared Hit Blocks": 3,
                  "Shared Read Blocks": 1,
                  "Shared Dirtied Blocks": 0,
                  "Shared Written Blocks": 0,
                  "Local Hit Blocks": 0,
                  "Local Read Blocks": 0,
                  "Local Dirtied Blocks": 0,
                  "Local Written Blocks": 0,
                  "Temp Read Blocks": 0,
                  "Temp Written Blocks": 0
                }
              ]
            }
          ]
        }
      ]
    },
    "Planning": {
      "Shared Hit Blocks": 54,
      "Shared Read Blocks": 20,
      "Shared Dirtied Blocks": 0,
      "Shared Written Blocks": 0,
      "Local Hit Blocks": 0,
      "Local Read Blocks": 0,
      "Local Dirtied Blocks": 0,
      "Local Written Blocks": 0,
      "Temp Read Blocks": 0,
      "Temp Written Blocks": 0
    },
    "Planning Time": 4.306,
    "Triggers": [],
    "Execution Time": 182.733
  }
]