[
  {
    "Plan": {
      "Node Type": "Append",
      "Parallel Aware": false,
      "Async Capable": false,
      "Startup Cost": 112159.56,
      "Total Cost": 612538.93,
      "Plan Rows": 20,
      "Plan Width": 40,
      "Actual Startup Time": 960.637,
      "Actual Total Time": 5802.089,
      "Actual Rows": 20,
      "Actual Loops": 1,
      "Shared Hit Blocks": 456,
      "Shared Read Blocks": 178141,
      "Shared Dirtied Blocks": 0,
      "Shared Written Blocks": 0,
      "Local Hit Blocks": 0,
      "Local Read Blocks": 0,
      "Local Dirtied Blocks": 0,
      "Local Written Blocks": 0,
      "Temp Read Blocks": 55525,
      "Temp Written Blocks": 72760,
      "Subplans Removed": 0,
      "Plans": [
        {
          "Node Type": "Subquery Scan",
          "Parent Relationship": "Member",
          "Parallel Aware": false,
          "Async Capable": false,
          "Alias": "*SELECT* 1",
          "Startup Cost": 112159.56,
          "Total Cost": 112159.74,
          "Plan Rows": 10,
          "Plan Width": 40,
          "Actual Startup Time": 960.636,
          "Actual Total Time": 960.644,
          "Actual Rows": 10,
          "Actual Loops": 1,
          "Shared Hit Blocks": 101,
          "Shared Read Blocks": 28650,
          "Shared Dirtied Blocks": 0,
          "Shared Written Blocks": 0,
          "Local Hit Blocks": 0,
          "Local Read Blocks": 0,
          "Local Dirtied Blocks": 0,
          "Local Written Blocks": 0,
          "Temp Read Blocks": 357,
          "Temp Written Blocks": 710,
          "Plans": [
            {
              "Node Type": "Limit",
              "Parent Relationship": "Subquery",
              "Parallel Aware": false,
              "Async Capable": false,
              "Startup Cost": 112159.56,
              "Total Cost": 112159.59,
              "Plan Rows": 10,
              "Plan Width": 12,
              "Actual Startup Time": 960.632,
              "Actual Total Time": 960.637,
              "Actual Rows": 10,
              "Actual Loops": 1,
              "Shared Hit Blocks": 101,
              "Shared Read Blocks": 28650,
              "Shared Dirtied Blocks": 0,
              "Shared Written Blocks": 0,
              "Local Hit Blocks": 0,
              "Local Read Blocks": 0,
              "Local Dirtied Blocks": 0,
              "Local Written Blocks": 0,
              "Temp Read Blocks": 357,
              "Temp Written Blocks": 710,
              "Plans": [
                {
                  "Node Type": "Sort",
                  "Parent Relationship": "Outer",
                  "Parallel Aware": false,
                  "Async Capable": false,
                  "Startup Cost": 112159.56,
                  "Total Cost": 112534.56,
                  "Plan Rows": 150000,
                  "Plan Width": 12,
                  "Actual Startup Time": 960.63,
                  "Actual Total Time": 960.634,
                  "Actual Rows": 10,
                  "Actual Loops": 1,
                  "Sort Key": [
                    "(count(*))"
                  ],
                  "Sort Method": "top-N heapsort",
                  "Sort Space Used": 25,
                  "Sort Space Type": "Memory",
                  "Shared Hit Blocks": 101,
                  "Shared Read Blocks": 28650,
                  "Shared Dirtied Blocks": 0,
                  "Shared Written Blocks": 0,
                  "Local Hit Blocks": 0,
                  "Local Read Blocks": 0,
                  "Local Dirtied Blocks": 0,
                  "Local Written Blocks": 0,
                  "Temp Read Blocks": 357,
                  "Temp Written Blocks": 710,
                  "Plans": [
                    {
                      "Node Type": "Aggregate",
                      "Strategy": "Hashed",
                      "Partial Mode": "Simple",
                      "Parent Relationship": "Outer",
                      "Parallel Aware": false,
                      "Async Capable": false,
                      "Startup Cost": 101027.69,
                      "Total Cost": 108918.12,
                      "Plan Rows": 150000,
                      "Plan Width": 12,
                      "Actual Startup Time": 920.837,
                      "Actual Total Time": 953.227,
                      "Actual Rows": 99806,
                      "Actual Loops": 1,
                      "Group Key": [
                        "customer.c_custkey"
                      ],
                      "Planned Partitions": 4,
                      "HashAgg Batches": 5,
                      "Peak Memory Usage": 8241,
                      "Disk Usage": 3576,
                      "Shared Hit Blocks": 101,
                      "Shared Read Blocks": 28650,
                      "Shared Dirtied Blocks": 0,
                      "Shared Written Blocks": 0,
                      "Local Hit Blocks": 0,
                      "Local Read Blocks": 0,
                      "Local Dirtied Blocks": 0,
                      "Local Written Blocks": 0,
                      "Temp Read Blocks": 357,
                      "Temp Written Blocks": 710,
                      "Plans": [
                        {
                          "Node Type": "Hash Join",
                          "Parent Relationship": "Outer",
                          "Parallel Aware": false,
                          "Async Capable": false,
                          "Join Type": "Inner",
                          "Startup Cost": 5781.42,
                          "Total Cost": 55016.66,
                          "Plan Rows": 817974,
                          "Plan Width": 4,
                          "Actual Startup Time": 39.238,
                          "Actual Total Time": 645.19,
                          "Actual Rows": 818669,
                          "Actual Loops": 1,
                          "Inner Unique": true,
                          "Hash Cond": "(orders.o_custkey = customer.c_custkey)",
                          "Shared Hit Blocks": 101,
                          "Shared Read Blocks": 28650,
                          "Shared Dirtied Blocks": 0,
                          "Shared Written Blocks": 0,
                          "Local Hit Blocks": 0,
                          "Local Read Blocks": 0,
                          "Local Dirtied Blocks": 0,
                          "Local Written Blocks": 0,
                          "Temp Read Blocks": 0,
                          "Temp Written Blocks": 0,
                          "Plans": [
                            {
                              "Node Type": "Seq Scan",
                              "Parent Relationship": "Outer",
                              "Parallel Aware": false,
                              "Async Capable": false,
                              "Relation Name": "orders",
                              "Alias": "orders",
                              "Startup Cost": 0.0,
                              "Total Cost": 47088.0,
                              "Plan Rows": 817974,
                              "Plan Width": 4,
                              "Actual Startup Time": 0.078,
                              "Actual Total Time": 278.002,
                              "Actual Rows": 818669,
                              "Actual Loops": 1,
                              "Filter": "(o_orderdate >= '1995-01-01'::date)",
                              "Rows Removed by Filter": 681331,
                              "Shared Hit Blocks": 96,
                              "Shared Read Blocks": 28242,
                              "Shared Dirtied Blocks": 0,
                              "Shared Written Blocks": 0,
                              "Local Hit Blocks": 0,
                              "Local Read Blocks": 0,
                              "Local Dirtied Blocks": 0,
                              "Local Written Blocks": 0,
                              "Temp Read Blocks": 0,
                              "Temp Written Blocks": 0
                            },
                            {
                              "Node Type": "Hash",
                              "Parent Relationship": "Inner",
                              "Parallel Aware": false,
                              "Async Capable": false,
                              "Startup Cost": 3906.42,
                              "Total Cost": 3906.42,
                              "Plan Rows": 150000,
                              "Plan Width": 4,
                              "Actual Startup Time": 38.546,
                              "Actual Total Time": 38.547,
                              "Actual Rows": 150000,
                              "Actual Loops": 1,
                              "Hash Buckets": 262144,
                              "Original Hash Buckets": 262144,
                              "Hash Batches": 1,
                              "Original Hash Batches": 1,
                              "Peak Memory Usage": 7322,
                              "Shared Hit Blocks": 5,
                              "Shared Read Blocks": 408,
                              "Shared Dirtied Blocks": 0,
                              "Shared Written Blocks": 0,
                              "Local Hit Blocks": 0,
                              "Local Read Blocks": 0,
                              "Local Dirtied Blocks": 0,
                              "Local Written Blocks": 0,
                              "Temp Read Blocks": 0,
                              "Temp Written Blocks": 0,
                              "Plans": [
                                {
                                  "Node Type": "Index Only Scan",
                                  "Parent Relationship": "Outer",
                                  "Parallel Aware": false,
                                  "Async Capable": false,
                                  "Scan Direction": "Forward",
                                  "Index Name": "pk_customer",
                                  "Relation Name": "customer",
                                  "Alias": "customer",
                                  "Startup Cost": 0.42,
                                  "Total Cost": 3906.42,
                                  "Plan Rows": 150000,
                                  "Plan Width": 4,
                                  "Actual Startup Time": 0.02,
                                  "Actual Total Time": 14.655,
                                  "Actual Rows": 150000,
                                  "Actual Loops": 1,
                                  "Heap Fetches": 0,
                                  "Shared Hit Blocks": 5,
                                  "Shared Read Blocks": 408,
                                  "Shared Dirtied Blocks": 0,
                                  "Shared Written Blocks": 0,
                                  "Local Hit Blocks": 0,
                                  "Local Read Blocks": 0,
                                  "Local Dirtied Blocks": 0,
                                  "Local Written Blocks": 0,
                                  "Temp Read Blocks": 0,
                                  "Temp Written Blocks": 0
                                }
                              ]
                            }
                          ]
                        }
                      ]
                    }
                  ]
                }
              ]
            }
          ]
        },
        {
          "Node Type": "Limit",
          "Parent Relationship": "Member",
          "Parallel Aware": false,
          "Async Capable": false,
          "Startup Cost": 500379.07,
          "Total Cost": 500379.09,
          "Plan Rows": 10,
          "Plan Width": 40,
          "Actual Startup Time": 4695.758,
          "Actual Total Time": 4841.439,
          "Actual Rows": 10,
          "Actual Loops": 1,
          "Shared Hit Blocks": 355,
          "Shared Read Blocks": 149491,
          "Shared Dirtied Blocks": 0,
          "Shared Written Blocks": 0,
          "Local Hit Blocks": 0,
          "Local Read Blocks": 0,
          "Local Dirtied Blocks": 0,
          "Local Written Blocks": 0,
          "Temp Read Blocks": 55168,
          "Temp Written Blocks": 72050,
          "Plans": [
            {
              "Node Type": "Sort",
              "Parent Relationship": "Outer",
              "Parallel Aware": false,
              "Async Capable": false,
              "Startup Cost": 500379.07,
              "Total Cost": 501291.63,
              "Plan Rows": 365025,
              "Plan Width": 40,
              "Actual Startup Time": 4695.756,
              "Actual Total Time": 4841.435,
              "Actual Rows": 10,
              "Actual Loops": 1,
              "Sort Key": [
                "(avg(lineitem.l_quantity)) DESC"
              ],
              "Sort Method": "top-N heapsort",
              "Sort Space Used": 25,
              "Sort Space Type": "Memory",
              "Shared Hit Blocks": 355,
              "Shared Read Blocks": 149491,
              "Shared Dirtied Blocks": 0,
              "Shared Written Blocks": 0,
              "Local Hit Blocks": 0,
              "Local Read Blocks": 0,
              "Local Dirtied Blocks": 0,
              "Local Written Blocks": 0,
              "Temp Read Blocks": 55168,
              "Temp Written Blocks": 72050,
              "Plans": [
                {
                  "Node Type": "Aggregate",
                  "Strategy": "Sorted",
                  "Partial Mode": "Finalize",
                  "Parent Relationship": "Outer",
                  "Parallel Aware": false,
                  "Async Capable": false,
                  "Startup Cost": 397274.37,
                  "Total Cost": 492491.01,
                  "Plan Rows": 365025,
                  "Plan Width": 40,
                  "Actual Startup Time": 3019.984,
                  "Actual Total Time": 4597.27,
                  "Actual Rows": 1023311,
                  "Actual Loops": 1,
                  "Group Key": [
                    "lineitem.l_orderkey"
                  ],
                  "Shared Hit Blocks": 355,
                  "Shared Read Blocks": 149491,
                  "Shared Dirtied Blocks": 0,
                  "Shared Written Blocks": 0,
                  "Local Hit Blocks": 0,
                  "Local Read Blocks": 0,
                  "Local Dirtied Blocks": 0,
                  "Local Written Blocks": 0,
                  "Temp Read Blocks": 55168,
                  "Temp Written Blocks": 72050,
                  "Plans": [
                    {
                      "Node Type": "Gather Merge",
                      "Parent Relationship": "Outer",
                      "Parallel Aware": false,
                      "Async Capable": false,
                      "Startup Cost": 397274.37,
                      "Total Cost": 482452.82,
                      "Plan Rows": 730050,
                      "Plan Width": 40,
                      "Actual Startup Time": 3019.967,
                      "Actual Total Time": 3588.91,
                      "Actual Rows": 1023698,
                      "Actual Loops": 1,
                      "Workers Planned": 2,
                      "Workers Launched": 2,
                      "Shared Hit Blocks": 355,
                      "Shared Read Blocks": 149491,
                      "Shared Dirtied Blocks": 0,
                      "Shared Written Blocks": 0,
                      "Local Hit Blocks": 0,
                      "Local Read Blocks": 0,
                      "Local Dirtied Blocks": 0,
                      "Local Written Blocks": 0,
                      "Temp Read Blocks": 55168,
                      "Temp Written Blocks": 72050,
                      "Plans": [
                        {
                          "Node Type": "Sort",
                          "Parent Relationship": "Outer",
                          "Parallel Aware": false,
                          "Async Capable": false,
                          "Startup Cost": 396274.35,
                          "Total Cost": 397186.91,
                          "Plan Rows": 365025,
                          "Plan Width": 40,
                          "Actual Startup Time": 2961.936,
                          "Actual Total Time": 3042.18,
                          "Actual Rows": 341233,
                          "Actual Loops": 3,
                          "Sort Key": [
                            "lineitem.l_orderkey"
                          ],
                          "Sort Method": "external merge",
                          "Sort Space Used": 25168,
                          "Sort Space Type": "Disk",
                          "Shared Hit Blocks": 355,
                          "Shared Read Blocks": 149491,
                          "Shared Dirtied Blocks": 0,
                          "Shared Written Blocks": 0,
                          "Local Hit Blocks": 0,
                          "Local Read Blocks": 0,
                          "Local Dirtied Blocks": 0,
                          "Local Written Blocks": 0,
                          "Temp Read Blocks": 55168,
                          "Temp Written Blocks": 72050,
                          "Workers": [
                            {
                              "Worker Number": 0,
                              "Sort Method": "external merge",
                              "Sort Space Used": 27608,
                              "Sort Space Type": "Disk"
                            },
                            {
                              "Worker Number": 1,
                              "Sort Method": "external merge",
                              "Sort Space Used": 28544,
                              "Sort Space Type": "Disk"
                            }
                          ],
                          "Plans": [
                            {
                              "Node Type": "Aggregate",
                              "Strategy": "Hashed",
                              "Partial Mode": "Partial",
                              "Parent Relationship": "Outer",
                              "Parallel Aware": false,
                              "Async Capable": false,
                              "Startup Cost": 331374.62,
                              "Total Cost": 352568.36,
                              "Plan Rows": 365025,
                              "Plan Width": 40,
                              "Actual Startup Time": 2257.116,
                              "Actual Total Time": 2806.466,
                              "Actual Rows": 341233,
                              "Actual Loops": 3,
                              "Group Key": [
                                "lineitem.l_orderkey"
                              ],
                              "Planned Partitions": 16,
                              "HashAgg Batches": 17,
                              "Peak Memory Usage": 8337,
                              "Disk Usage": 47496,
                              "Shared Hit Blocks": 339,
                              "Shared Read Blocks": 149491,
                              "Shared Dirtied Blocks": 0,
                              "Shared Written Blocks": 0,
                              "Local Hit Blocks": 0,
                              "Local Read Blocks": 0,
                              "Local Dirtied Blocks": 0,
                              "Local Written Blocks": 0,
                              "Temp Read Blocks": 45003,
                              "Temp Written Blocks": 61859,
                              "Workers": [
                                {
                                  "Worker Number": 0,
                                  "HashAgg Batches": 73,
                                  "Peak Memory Usage": 8337,
                                  "Disk Usage": 47760
                                },
                                {
                                  "Worker Number": 1,
                                  "HashAgg Batches": 81,
                                  "Peak Memory Usage": 8337,
                                  "Disk Usage": 47816
                                }
                              ],
                              "Plans": [
                                {
                                  "Node Type": "Hash Join",
                                  "Parent Relationship": "Outer",
                                  "Parallel Aware": true,
                                  "Async Capable": false,
                                  "Join Type": "Inner",
                                  "Startup Cost": 43134.01,
                                  "Total Cost": 222275.73,
                                  "Plan Rows": 1703007,
                                  "Plan Width": 13,
                                  "Actual Startup Time": 1243.886,
                                  "Actual Total Time": 1816.482,
                                  "Actual Rows": 1364710,
                                  "Actual Loops": 3,
                                  "Inner Unique": true,
                                  "Hash Cond": "(lineitem.l_orderkey = orders_1.o_orderkey)",
                                  "Shared Hit Blocks": 339,
                                  "Shared Read Blocks": 149491,
                                  "Shared Dirtied Blocks": 0,
                                  "Shared Written Blocks": 0,
                                  "Local Hit Blocks": 0,
                                  "Local Read Blocks": 0,
                                  "Local Dirtied Blocks": 0,
                                  "Local Written Blocks": 0,
                                  "Temp Read Blocks": 27285,
                                  "Temp Written Blocks": 27352,
                                  "Workers": [],
                                  "Plans": [
                                    {
                                      "Node Type": "Seq Scan",
                                      "Parent Relationship": "Outer",
                                      "Parallel Aware": true,
                                      "Async Capable": false,
                                      "Relation Name": "lineitem",
                                      "Alias": "lineitem",
                                      "Startup Cost": 0.0,
                                      "Total Cost": 146492.49,
                                      "Plan Rows": 2500649,
                                      "Plan Width": 13,
                                      "Actual Startup Time": 0.409,
                                      "Actual Total Time": 637.601,
                                      "Actual Rows": 2000405,
                                      "Actual Loops": 3,
                                      "Shared Hit Blocks": 205,
                                      "Shared Read Blocks": 121281,
                                      "Shared Dirtied Blocks": 0,
                                      "Shared Written Blocks": 0,
                                      "Local Hit Blocks": 0,
                                      "Local Read Blocks": 0,
                                      "Local Dirtied Blocks": 0,
                                      "Local Written Blocks": 0,
                                      "Temp Read Blocks": 0,
                                      "Temp Written Blocks": 0,
                                      "Workers": []
                                    },
                                    {
                                      "Node Type": "Hash",
                                      "Parent Relationship": "Inner",
                                      "Parallel Aware": true,
                                      "Async Capable": false,
                                      "Startup Cost": 36150.5,
                                      "Total Cost": 36150.5,
                                      "Plan Rows": 425641,
                                      "Plan Width": 8,
                                      "Actual Startup Time": 183.777,
                                      "Actual Total Time": 183.778,
                                      "Actual Rows": 341104,
                                      "Actual Loops": 3,
                                      "Hash Buckets": 262144,
                                      "Original Hash Buckets": 262144,
                                      "Hash Batches": 8,
                                      "Original Hash Batches": 8,
                                      "Peak Memory Usage": 7136,
                                      "Shared Hit Blocks": 128,
                                      "Shared Read Blocks": 28210,
                                      "Shared Dirtied Blocks": 0,
                                      "Shared Written Blocks": 0,
                                      "Local Hit Blocks": 0,
                                      "Local Read Blocks": 0,
                                      "Local Dirtied Blocks": 0,
                                      "Local Written Blocks": 0,
                                      "Temp Read Blocks": 0,
                                      "Temp Written Blocks": 3104,
                                      "Workers": [],
                                      "Plans": [
                                        {
                                          "Node Type": "Seq Scan",
                                          "Parent Relationship": "Outer",
                                          "Parallel Aware": true,
                                          "Async Capable": false,
                                          "Relation Name": "orders",
                                          "Alias": "orders_1",
                                          "Startup Cost": 0.0,
                                          "Total Cost": 36150.5,
                                          "Plan Rows": 425641,
                                          "Plan Width": 8,
                                          "Actual Startup Time": 0.821,
                                          "Actual Total Time": 117.24,
                                          "Actual Rows": 341104,
                                          "Actual Loops": 3,
                                          "Filter": "(o_orderdate < '1996-07-01'::date)",
                                          "Rows Removed by Filter": 158896,
                                          "Shared Hit Blocks": 128,
                                          "Shared Read Blocks": 28210,
                                          "Shared Dirtied Blocks": 0,
                                          "Shared Written Blocks": 0,
                                          "Local Hit Blocks": 0,
                                          "Local Read Blocks": 0,
                                          "Local Dirtied Blocks": 0,
                                          "Local Written Blocks": 0,
                                          "Temp Read Blocks": 0,
                                          "Temp Written Blocks": 0,
                                          "Workers": []
                                        }
                                      ]
                                    }
                                  ]
                                }
                              ]
                            }
                          ]
                        }
                      ]
                    }
                  ]
                }
              ]
            }
          ]
        }
      ]
    },
    "Planning": {
      "Shared Hit Blocks": 30,
      "Shared Read Blocks": 6,
      "Shared Dirtied Blocks": 0,
      "Shared Written Blocks": 0,
      "Local Hit Blocks": 0,
      "Local Read Blocks": 0,
      "Local Dirtied Blocks": 0,
      "Local Written Blocks": 0,
      "Temp Read Blocks": 0,
      "Temp Written Blocks": 0
    },
    "Planning Time": 0.381,
    "Triggers": [],
    "Execution Time": 5827.606
  }
]