[
  {
    "Plan": {
      "Node Type": "Append",
      "Parallel Aware": false,
      "Async Capable": false,
      "Startup Cost": 1.56,
      "Total Cost": 6678.36,
      "Plan Rows": 32688,
      "Plan Width": 136,
      "Actual Startup Time": 0.071,
      "Actual Total Time": 147.443,
      "Actual Rows": 32554,
      "Actual Loops": 1,
      "Shared Hit Blocks": 3970,
      "Shared Read Blocks": 0,
      "Shared Dirtied Blocks": 0,
      "Shared Written Blocks": 0,
      "Local Hit Blocks": 0,
      "Local Read Blocks": 0,
      "Local Dirtied Blocks": 0,
      "Local Written Blocks": 0,
      "Temp Read Blocks": 0,
      "Temp Written Blocks": 0,
      "Subplans Removed": 0,
      "Plans": [
        {
          "Node Type": "Hash Join",
          "Parent Relationship": "Member",
          "Parallel Aware": false,
          "Async Capable": false,
          "Join Type": "Inner",
          "Startup Cost": 1.56,
          "Total Cost": 6080.11,
          "Plan Rows": 27213,
          "Plan Width": 45,
          "Actual Startup Time": 0.07,
          "Actual Total Time": 127.894,
          "Actual Rows": 27082,
          "Actual Loops": 1,
          "Inner Unique": true,
          "Hash Cond": "(customer.c_nationkey = nation.n_nationkey)",
          "Shared Hit Blocks": 3746,
          "Shared Read Blocks": 0,
          "Shared Dirtied Blocks": 0,
          "Shared Written Blocks": 0,
          "Local Hit Blocks": 0,
          "Local Read Blocks": 0,
          "Local Dirtied Blocks": 0,
          "Local Written Blocks": 0,
          "Temp Read Blocks": 0,
          "Temp Written Blocks": 0,
          "Plans": [
            {
              "Node Type": "Seq Scan",
              "Parent Relationship": "Outer",
              "Parallel Aware": false,
              "Async Capable": false,
              "Relation Name": "customer",
              "Alias": "customer",
              "Startup Cost": 0.0,
              "Total Cost": 5995.0,
              "Plan Rows": 27213,
              "Plan Width": 23,
              "Actual Startup Time": 0.024,
              "Actual Total Time": 110.118,
              "Actual Rows": 27082,
              "Actual Loops": 1,
              "Filter": "((c_acctbal > '100'::numeric) AND (c_mktsegment = 'BUILDING'::bpchar))",
              "Rows Removed by Filter": 122918,
              "Shared Hit Blocks": 3745,
              "Shared Read Blocks": 0,
              "Shared Dirtied Blocks": 0,
              "Shared Written Blocks": 0,
              "Local Hit Blocks": 0,
              "Local Read Blocks": 0,
              "Local Dirtied Blocks": 0,
              "Local Written Blocks": 0,
              "Temp Read Blocks": 0,
              "Temp Written Blocks": 0
            },
            {
              "Node Type": "Hash",
              "Parent Relationship": "Inner",
              "Parallel Aware": false,
              "Async Capable": false,
              "Startup Cost": 1.25,
              "Total Cost": 1.25,
              "Plan Rows": 25,
              "Plan Width": 30,
              "Actual Startup Time": 0.027,
              "Actual Total Time": 0.028,
              "Actual Rows": 25,
              "Actual Loops": 1,
              "Hash Buckets": 1024,
              "Original Hash Buckets": 1024,
              "Hash Batches": 1,
              "Original Hash Batches": 1,
              "Peak Memory Usage": 10,
              "Shared Hit Blocks": 1,
              "Shared Read Blocks": 0,
              "Shared Dirtied Blocks": 0,
              "Shared Written Blocks": 0,
              "Local Hit Blocks": 0,
              "Local Read Blocks": 0,
              "Local Dirtied Blocks": 0,
              "Local Written Blocks": 0,
              "Temp Read Blocks": 0,
              "Temp Written Blocks": 0,
              "Plans": [
                {
                  "Node Type": "Seq Scan",
                  "Parent Relationship": "Outer",
                  "Parallel Aware": false,
                  "Async Capable": false,
                  "Relation Name": "nation",
                  "Alias": "nation",
                  "Startup Cost": 0.0,
                  "Total Cost": 1.25,
                  "Plan Rows": 25,
                  "Plan Width": 30,
                  "Actual Startup Time": 0.009,
                  "Actual Total Time": 0.018,
                  "Actual Rows": 25,
                  "Actual Loops": 1,
                  "Shared Hit Blocks": 1,
                  "Shared Read Blocks": 0,
                  "Shared Dirtied Blocks": 0,
                  "Shared Written Blocks": 0,
                  "Local Hit Blocks": 0,
                  "Local Read Blocks": 0,
                  "Local Dirtied Blocks": 0,
                  "Local Written Blocks": 0,
                  "Temp Read Blocks": 0,
                  "Temp Written Blocks": 0
                }
              ]
            }
          ]
        },
        {
          "Node Type": "Subquery Scan",
          "Parent Relationship": "Member",
          "Parallel Aware": false,
          "Async Capable": false,
          "Alias": "*SELECT* 2",
          "Startup Cost": 1.56,
          "Total Cost": 434.81,
          "Plan Rows": 5475,
          "Plan Width": 58,
          "Actual Startup Time": 0.053,
          "Actual Total Time": 13.112,
          "Actual Rows": 5472,
          "Actual Loops": 1,
          "Shared Hit Blocks": 224,
          "Shared Read Blocks": 0,
          "Shared Dirtied Blocks": 0,
          "Shared Written Blocks": 0,
          "Local Hit Blocks": 0,
          "Local Read Blocks": 0,
          "Local Dirtied Blocks": 0,
          "Local Written Blocks": 0,
          "Temp Read Blocks": 0,
          "Temp Written Blocks": 0,
          "Plans": [
            {
              "Node Type": "Hash Join",
              "Parent Relationship": "Subquery",
              "Parallel Aware": false,
              "Async Capable": false,
              "Join Type": "Inner",
              "Startup Cost": 1.56,
              "Total Cost": 366.37,
              "Plan Rows": 5475,
              "Plan Width": 52,
              "Actual Startup Time": 0.051,
              "Actual Total Time": 8.969,
              "Actual Rows": 5472,
              "Actual Loops": 1,
              "Inner Unique": true,
              "Hash Cond": "(supplier.s_nationkey = nation_1.n_nationkey)",
              "Shared Hit Blocks": 224,
              "Shared Read Blocks": 0,
              "Shared Dirtied Blocks": 0,
              "Shared Written Blocks": 0,
              "Local Hit Blocks": 0,
              "Local Read Blocks": 0,
              "Local Dirtied Blocks": 0,
              "Local Written Blocks": 0,
              "Temp Read Blocks": 0,
              "Temp Written Blocks": 0,
              "Plans": [
                {
                  "Node Type": "Seq Scan",
                  "Parent Relationship": "Outer",
                  "Parallel Aware": false,
                  "Async Capable": false,
                  "Relation Name": "supplier",
                  "Alias": "supplier",
                  "Startup Cost": 0.0,
                  "Total Cost": 348.0,
                  "Plan Rows": 5475,
                  "Plan Width": 30,
                  "Actual Startup Time": 0.022,
                  "Actual Total Time": 6.242,
                  "Actual Rows": 5472,
                  "Actual Loops": 1,
                  "Filter": "(s_acctbal > '4000'::numeric)",
                  "Rows Removed by Filter": 4528,
                  "Shared Hit Blocks": 223,
                  "Shared Read Blocks": 0,
                  "Shared Dirtied Blocks": 0,
                  "Shared Written Blocks": 0,
                  "Local Hit Blocks": 0,
                  "Local Read Blocks": 0,
                  "Local Dirtied Blocks": 0,
                  "Local Written Blocks": 0,
                  "Temp Read Blocks": 0,
                  "Temp Written Blocks": 0
                },
                {
                  "Node Type": "Hash",
                  "Parent Relationship": "Inner",
                  "Parallel Aware": false,
                  "Async Capable": false,
                  "Startup Cost": 1.25,
                  "Total Cost": 1.25,
                  "Plan Rows": 25,
                  "Plan Width": 30,
                  "Actual Startup Time": 0.017,
                  "Actual Total Time": 0.017,
                  "Actual Rows": 25,
                  "Actual Loops": 1,
                  "Hash Buckets": 1024,
                  "Original Hash Buckets": 1024,
                  "Hash Batches": 1,
                  "Original Hash Batches": 1,
                  "Peak Memory Usage": 10,
                  "Shared Hit Blocks": 1,
                  "Shared Read Blocks": 0,
                  "Shared Dirtied Blocks": 0,
                  "Shared Written Blocks": 0,
                  "Local Hit Blocks": 0,
                  "Local Read Blocks": 0,
                  "Local Dirtied Blocks": 0,
                  "Local Written Blocks": 0,
                  "Temp Read Blocks": 0,
                  "Temp Written Blocks": 0,
                  "Plans": [
                    {
                      "Node Type": "Seq Scan",
                      "Parent Relationship": "Outer",
                      "Parallel Aware": false,
                      "Async Capable": false,
                      "Relation Name": "nation",
                      "Alias": "nation_1",
                      "Startup Cost": 0.0,
                      "Total Cost": 1.25,
                      "Plan Rows": 25,
                      "Plan Width": 30,
                      "Actual Startup Time": 0.005,
                      "Actual Total Time": 0.008,
                      "Actual Rows": 25,
                      "Actual Loops": 1,
                      "Shared Hit Blocks": 1,
                      "Shared Read Blocks": 0,
                      "Shared Dirtied Blocks": 0,
                      "Shared Written Blocks": 0,
                      "Local Hit Blocks": 0,
                      "Local Read Blocks": 0,
                      "Local Dirtied Blocks": 0,
                      "Local Written Blocks": 0,
                      "Temp Read Blocks": 0,
                      "Temp Written Blocks": 0
                    }
                  ]
                }
              ]
            }
          ]
        }
      ]
    },
    "Planning": {
      "Shared Hit Blocks": 14,
      "Shared Read Blocks": 0,
      "Shared Dirtied Blocks": 0,
      "Shared Written Blocks": 0,
      "Local Hit Blocks": 0,
      "Local Read Blocks": 0,
      "Local Dirtied Blocks": 0,
      "Local Written Blocks": 0,
      "Temp Read Blocks": 0,
      "Temp Written Blocks": 0
    },
    "Planning Time": 1.852,
    "Triggers": [],
    "Execution Time": 151.29
  }
]