[
  {
    "Plan": {
      "Node Type": "Aggregate",
      "Strategy": "Sorted",
      "Partial Mode": "Finalize",
      "Parallel Aware": false,
      "Async Capable": false,
      "Startup Cost": 222004.47,
      "Total Cost": 222083.49,
      "Plan Rows": 7,
      "Plan Width": 19,
      "Actual Startup Time": 1073.787,
      "Actual Total Time": 1081.25,
      "Actual Rows": 7,
      "Actual Loops": 1,
      "Group Key": [
        "l.l_shipmode"
      ],
      "Shared Hit Blocks": 2539,
      "Shared Read Blocks": 147427,
      "Shared Dirtied Blocks": 0,
      "Shared Written Blocks": 0,
      "Local Hit Blocks": 0,
      "Local Read Blocks": 0,
      "Local Dirtied Blocks": 0,
      "Local Written Blocks": 0,
      "Temp Read Blocks": 0,
      "Temp Written Blocks": 0,
      "Plans": [
        {
          "Node Type": "Gather Merge",
          "Parent Relationship": "Outer",
          "Parallel Aware": false,
          "Async Capable": false,
          "Startup Cost": 222004.47,
          "Total Cost": 222083.35,
          "Plan Rows": 14,
          "Plan Width": 19,
          "Actual Startup Time": 1073.115,
          "Actual Total Time": 1081.223,
          "Actual Rows": 21,
          "Actual Loops": 1,
          "Workers Planned": 2,
          "Workers Launched": 2,
          "Shared Hit Blocks": 2539,
          "Shared Read Blocks": 147427,
          "Shared Dirtied Blocks": 0,
          "Shared Written Blocks": 0,
          "Local Hit Blocks": 0,
          "Local Read Blocks": 0,
          "Local Dirtied Blocks": 0,
          "Local Written Blocks": 0,
          "Temp Read Blocks": 0,
          "Temp Written Blocks": 0,
          "Plans": [
            {
              "Node Type": "Aggregate",
              "Strategy": "Sorted",
              "Partial Mode": "Partial",
              "Parent Relationship": "Outer",
              "Parallel Aware": false,
              "Async Capable": false,
              "Startup Cost": 221004.44,
              "Total Cost": 221081.71,
              "Plan Rows": 7,
              "Plan Width": 19,
              "Actual Startup Time": 1031.387,
              "Actual Total Time": 1034.947,
              "Actual Rows": 7,
              "Actual Loops": 3,
              "Group Key": [
                "l.l_shipmode"
              ],
              "Shared Hit Blocks": 2539,
              "Shared Read Blocks": 147427,
              "Shared Dirtied Blocks": 0,
              "Shared Written Blocks": 0,
              "Local Hit Blocks": 0,
              "Local Read Blocks": 0,
              "Local Dirtied Blocks": 0,
              "Local Written Blocks": 0,
              "Temp Read Blocks": 0,
              "Temp Written Blocks": 0,
              "Workers": [],
              "Plans": [
                {
                  "Node Type": "Sort",
                  "Parent Relationship": "Outer",
                  "Parallel Aware": false,
                  "Async Capable": false,
                  "Startup Cost": 221004.44,
                  "Total Cost": 221030.17,
                  "Plan Rows": 10293,
                  "Plan Width": 11,
                  "Actual Startup Time": 1030.829,
                  "Actual Total Time": 1032.07,
                  "Actual Rows": 29847,
                  "Actual Loops": 3,
                  "Sort Key": [
                    "l.l_shipmode"
                  ],
                  "Sort Method": "quicksort",
                  "Sort Space Used": 769,
                  "Sort Space Type": "Memory",
                  "Shared Hit Blocks": 2539,
                  "Shared Read Blocks": 147427,
                  "Shared Dirtied Blocks": 0,
                  "Shared Written Blocks": 0,
                  "Local Hit Blocks": 0,
                  "Local Read Blocks": 0,
                  "Local Dirtied Blocks": 0,
                  "Local Written Blocks": 0,
                  "Temp Read Blocks": 0,
                  "Temp Written Blocks": 0,
                  "Workers": [
                    {
                      "Worker Number": 0,
                      "Sort Method": "quicksort",
                      "Sort Space Used": 1537,
                      "Sort Space Type": "Memory"
                    },
                    {
                      "Worker Number": 1,
                      "Sort Method": "quicksort",
                      "Sort Space Used": 1537,
                      "Sort Space Type": "Memory"
                    }
                  ],
                  "Plans": [
                    {
                      "Node Type": "Hash Join",
                      "Parent Relationship": "Outer",
                      "Parallel Aware": true,
                      "Async Capable": false,
                      "Join Type": "Inner",
                      "Startup Cost": 178219.56,
                      "Total Cost": 220318.45,
                      "Plan Rows": 10293,
                      "Plan Width": 11,
                      "Actual Startup Time": 770.898,
                      "Actual Total Time": 1018.344,
                      "Actual Rows": 29847,
                      "Actual Loops": 3,
                      "Inner Unique": false,
                      "Hash Cond": "(o.o_orderkey = l.l_orderkey)",
                      "Join Filter": "(l.l_extendedprice <= o.o_totalprice)",
                      "Rows Removed by Join Filter": 64,
                      "Shared Hit Blocks": 2427,
                      "Shared Read Blocks": 147427,
                      "Shared Dirtied Blocks": 0,
                      "Shared Written Blocks": 0,
                      "Local Hit Blocks": 0,
                      "Local Read Blocks": 0,
                      "Local Dirtied Blocks": 0,
                      "Local Written Blocks": 0,
                      "Temp Read Blocks": 0,
                      "Temp Written Blocks": 0,
                      "Workers": [],
                      "Plans": [
                        {
                          "Node Type": "Seq Scan",
                          "Parent Relationship": "Outer",
                          "Parallel Aware": true,
                          "Async Capable": false,
                          "Relation Name": "orders",
                          "Alias": "o",
                          "Startup Cost": 0.0,
                          "Total Cost": 36150.5,
                          "Plan Rows": 514449,
                          "Plan Width": 16,
                          "Actual Startup Time": 0.992,
                          "Actual Total Time": 145.204,
                          "Actual Rows": 410025,
                          "Actual Loops": 3,
                          "Filter": "(o_totalprice > '60000'::numeric)",
                          "Rows Removed by Filter": 89975,
                          "Shared Hit Blocks": 513,
                          "Shared Read Blocks": 27825,
                          "Shared Dirtied Blocks": 0,
                          "Shared Written Blocks": 0,
                          "Local Hit Blocks": 0,
                          "Local Read Blocks": 0,
                          "Local Dirtied Blocks": 0,
                          "Local Written Blocks": 0,
                          "Temp Read Blocks": 0,
                          "Temp Written Blocks": 0,
                          "Workers": []
                        },
                        {
                          "Node Type": "Hash",
                          "Parent Relationship": "Inner",
                          "Parallel Aware": true,
                          "Async Capable": false,
                          "Startup Cost": 177750.61,
                          "Total Cost": 177750.61,
                          "Plan Rows": 37516,
                          "Plan Width": 27,
                          "Actual Startup Time": 769.585,
                          "Actual Total Time": 769.586,
                          "Actual Rows": 32289,
                          "Actual Loops": 3,
                          "Hash Buckets": 131072,
                          "Original Hash Buckets": 131072,
                          "Hash Batches": 1,
                          "Original Hash Batches": 1,
                          "Peak Memory Usage": 7776,
                          "Shared Hit Blocks": 1884,
                          "Shared Read Blocks": 119602,
                          "Shared Dirtied Blocks": 0,
                          "Shared Written Blocks": 0,
                          "Local Hit Blocks": 0,
                          "Local Read Blocks": 0,
                          "Local Dirtied Blocks": 0,
                          "Local Written Blocks": 0,
                          "Temp Read Blocks": 0,
                          "Temp Written Blocks": 0,
                          "Workers": [],
                          "Plans": [
                            {
                              "Node Type": "Seq Scan",
                              "Parent Relationship": "Outer",
                              "Parallel Aware": true,
                              "Async Capable": false,
                              "Relation Name": "lineitem",
                              "Alias": "l",
                              "Startup Cost": 0.0,
                              "Total Cost": 177750.61,
                              "Plan Rows": 37516,
                              "Plan Width": 27,
                              "Actual Startup Time": 0.616,
                              "Actual Total Time": 754.647,
                              "Actual Rows": 32289,
                              "Actual Loops": 3,
                              "Filter": "((l_commitdate < l_receiptdate) AND (l_shipdate < l_commitdate) AND (l_receiptdate >= '1994-01-01'::date) AND (l_receiptdate <= '1994-12-31'::date) AND (l_extendedprice <= '70000'::numeric))",
                              "Rows Removed by Filter": 1968116,
                              "Shared Hit Blocks": 1884,
                              "Shared Read Blocks": 119602,
                              "Shared Dirtied Blocks": 0,
                              "Shared Written Blocks": 0,
                              "Local Hit Blocks": 0,
                              "Local Read Blocks": 0,
                              "Local Dirtied Blocks": 0,
                              "Local Written Blocks": 0,
                              "Temp Read Blocks": 0,
                              "Temp Written Blocks": 0,
                              "Workers": []
                            }
                          ]
                        }
                      ]
                    }
                  ]
                }
              ]
            }
          ]
        }
      ]
    },
    "Planning": {
      "Shared Hit Blocks": 24,
      "Shared Read Blocks": 1,
      "Shared Dirtied Blocks": 0,
      "Shared Written Blocks": 0,
      "Local Hit Blocks": 0,
      "Local Read Blocks": 0,
      "Local Dirtied Blocks": 0,
      "Local Written Blocks": 0,
      "Temp Read Blocks": 0,
      "Temp Written Blocks": 0
    },
    "Planning Time": 0.291,
    "Triggers": [],
    "Execution Time": 1081.69
  }
]