[
  {
    "Plan": {
      "Node Type": "Limit",
      "Parallel Aware": false,
      "Async Capable": false,
      "Startup Cost": 200147.12,
      "Total Cost": 200147.13,
      "Plan Rows": 1,
      "Plan Width": 12,
      "Actual Startup Time": 1143.145,
      "Actual Total Time": 1213.244,
      "Actual Rows": 7,
      "Actual Loops": 1,
      "Shared Hit Blocks": 10804,
      "Shared Read Blocks": 128593,
      "Shared Dirtied Blocks": 0,
      "Shared Written Blocks": 0,
      "Local Hit Blocks": 0,
      "Local Read Blocks": 0,
      "Local Dirtied Blocks": 0,
      "Local Written Blocks": 0,
      "Temp Read Blocks": 5950,
      "Temp Written Blocks": 6016,
      "Plans": [
        {
          "Node Type": "Sort",
          "Parent Relationship": "Outer",
          "Parallel Aware": false,
          "Async Capable": false,
          "Startup Cost": 200147.12,
          "Total Cost": 200147.13,
          "Plan Rows": 1,
          "Plan Width": 12,
          "Actual Startup Time": 1143.144,
          "Actual Total Time": 1213.242,
          "Actual Rows": 7,
          "Actual Loops": 1,
          "Sort Key": [
            "li.l_orderkey"
          ],
          "Sort Method": "top-N heapsort",
          "Sort Space Used": 25,
          "Sort Space Type": "Memory",
          "Shared Hit Blocks": 10804,
          "Shared Read Blocks": 128593,
          "Shared Dirtied Blocks": 0,
          "Shared Written Blocks": 0,
          "Local Hit Blocks": 0,
          "Local Read Blocks": 0,
          "Local Dirtied Blocks": 0,
          "Local Written Blocks": 0,
          "Temp Read Blocks": 5950,
          "Temp Written Blocks": 6016,
          "Plans": [
            {
              "Node Type": "Nested Loop",
              "Parent Relationship": "Outer",
              "Parallel Aware": false,
              "Async Capable": false,
              "Join Type": "Inner",
              "Startup Cost": 29312.09,
              "Total Cost": 200147.11,
              "Plan Rows": 1,
              "Plan Width": 12,
              "Actual Startup Time": 1023.034,
              "Actual Total Time": 1213.128,
              "Actual Rows": 50,
              "Actual Loops": 1,
              "Inner Unique": true,
              "Shared Hit Blocks": 10804,
              "Shared Read Blocks": 128593,
              "Shared Dirtied Blocks": 0,
              "Shared Written Blocks": 0,
              "Local Hit Blocks": 0,
              "Local Read Blocks": 0,
              "Local Dirtied Blocks": 0,
              "Local Written Blocks": 0,
              "Temp Read Blocks": 5950,
              "Temp Written Blocks": 6016,
              "Plans": [
                {
                  "Node Type": "Gather",
                  "Parent Relationship": "Outer",
                  "Parallel Aware": false,
                  "Async Capable": false,
                  "Startup Cost": 29311.66,
                  "Total Cost": 200146.38,
                  "Plan Rows": 1,
                  "Plan Width": 16,
                  "Actual Startup Time": 1020.827,
                  "Actual Total Time": 1189.992,
                  "Actual Rows": 50,
                  "Actual Loops": 1,
                  "Workers Planned": 2,
                  "Workers Launched": 2,
                  "Single Copy": false,
                  "Shared Hit Blocks": 10714,
                  "Shared Read Blocks": 128483,
                  "Shared Dirtied Blocks": 0,
                  "Shared Written Blocks": 0,
                  "Local Hit Blocks": 0,
                  "Local Read Blocks": 0,
                  "Local Dirtied Blocks": 0,
                  "Local Written Blocks": 0,
                  "Temp Read Blocks": 5950,
                  "Temp Written Blocks": 6016,
                  "Plans": [
                    {
                      "Node Type": "Hash Join",
                      "Parent Relationship": "Outer",
                      "Parallel Aware": true,
                      "Async Capable": false,
                      "Join Type": "Inner",
                      "Startup Cost": 28311.66,
                      "Total Cost": 199146.28,
                      "Plan Rows": 1,
                      "Plan Width": 16,
                      "Actual Startup Time": 998.32,
                      "Actual Total Time": 1087.39,
                      "Actual Rows": 17,
                      "Actual Loops": 3,
                      "Inner Unique": true,
                      "Hash Cond": "((li.l_partkey = ps.ps_partkey) AND (li.l_suppkey = ps.ps_suppkey) AND (li.l_linenumber = ps.ps_availqty))",
                      "Shared Hit Blocks": 10714,
                      "Shared Read Blocks": 128483,
                      "Shared Dirtied Blocks": 0,
                      "Shared Written Blocks": 0,
                      "Local Hit Blocks": 0,
                      "Local Read Blocks": 0,
                      "Local Dirtied Blocks": 0,
                      "Local Written Blocks": 0,
                      "Temp Read Blocks": 5950,
                      "Temp Written Blocks": 6016,
                      "Workers": [],
                      "Plans": [
                        {
                          "Node Type": "Seq Scan",
                          "Parent Relationship": "Outer",
                          "Parallel Aware": true,
                          "Async Capable": false,
                          "Relation Name": "lineitem",
                          "Alias": "li",
                          "Startup Cost": 0.0,
                          "Total Cost": 165247.36,
                          "Plan Rows": 202065,
                          "Plan Width": 24,
                          "Actual Startup Time": 0.658,
                          "Actual Total Time": 769.526,
                          "Actual Rows": 197647,
                          "Actual Loops": 3,
                          "Filter": "((l_commitdate <= l_receiptdate) AND (l_shipdate <= l_commitdate) AND (l_receiptdate > '1994-01-01'::date))",
                          "Rows Removed by Filter": 1802758,
                          "Shared Hit Blocks": 999,
                          "Shared Read Blocks": 120487,
                          "Shared Dirtied Blocks": 0,
                          "Shared Written Blocks": 0,
                          "Local Hit Blocks": 0,
                          "Local Read Blocks": 0,
                          "Local Dirtied Blocks": 0,
                          "Local Written Blocks": 0,
                          "Temp Read Blocks": 0,
                          "Temp Written Blocks": 0,
                          "Workers": []
                        },
                        {
                          "Node Type": "Hash",
                          "Parent Relationship": "Inner",
                          "Parallel Aware": true,
                          "Async Capable": false,
                          "Startup Cost": 20850.33,
                          "Total Cost": 20850.33,
                          "Plan Rows": 333333,
                          "Plan Width": 12,
                          "Actual Startup Time": 137.155,
                          "Actual Total Time": 137.156,
                          "Actual Rows": 266667,
                          "Actual Loops": 3,
                          "Hash Buckets": 262144,
                          "Original Hash Buckets": 262144,
                          "Hash Batches": 8,
                          "Original Hash Batches": 8,
                          "Peak Memory Usage": 6816,
                          "Shared Hit Blocks": 9521,
                          "Shared Read Blocks": 7996,
                          "Shared Dirtied Blocks": 0,
                          "Shared Written Blocks": 0,
                          "Local Hit Blocks": 0,
                          "Local Read Blocks": 0,
                          "Local Dirtied Blocks": 0,
                          "Local Written Blocks": 0,
                          "Temp Read Blocks": 0,
                          "Temp Written Blocks": 2772,
                          "Workers": [],
                          "Plans": [
                            {
                              "Node Type": "Seq Scan",
                              "Parent Relationship": "Outer",
                              "Parallel Aware": true,
                              "Async Capable": false,
                              "Relation Name": "partsupp",
                              "Alias": "ps",
                              "Startup Cost": 0.0,
                              "Total Cost": 20850.33,
                              "Plan Rows": 333333,
                              "Plan Width": 12,
                              "Actual Startup Time": 0.44,
                              "Actual Total Time": 67.334,
                              "Actual Rows": 266667,
                              "Actual Loops": 3,
                              "Shared Hit Blocks": 9521,
                              "Shared Read Blocks": 7996,
                              "Shared Dirtied Blocks": 0,
                              "Shared Written Blocks": 0,
                              "Local Hit Blocks": 0,
                              "Local Read Blocks": 0,
                              "Local Dirtied Blocks": 0,
                              "Local Written Blocks": 0,
                              "Temp Read Blocks": 0,
                              "Temp Written Blocks": 0,
                              "Workers": []
                            }
                          ]
                        }
                      ]
                    }
                  ]
                },
                {
                  "Node Type": "Index Scan",
                  "Parent Relationship": "Inner",
                  "Parallel Aware": false,
                  "Async Capable": false,
                  "Scan Direction": "Forward",
                  "Index Name": "pk_orders",
                  "Relation Name": "orders",
                  "Alias": "ord",
                  "Startup Cost": 0.43,
                  "Total Cost": 0.72,
                  "Plan Rows": 1,
                  "Plan Width": 12,
                  "Actual Startup Time": 0.458,
                  "Actual Total Time": 0.458,
                  "Actual Rows": 1,
                  "Actual Loops": 50,
                  "Index Cond": "(o_orderkey = li.l_orderkey)",
                  "Rows Removed by Index Recheck": 0,
                  "Filter": "((o_orderdate >= '1990-01-01'::date) AND (li.l_shipdate >= o_orderdate))",
                  "Rows Removed by Filter": 0,
                  "Shared Hit Blocks": 90,
                  "Shared Read Blocks": 110,
                  "Shared Dirtied Blocks": 0,
                  "Shared Written Blocks": 0,
                  "Local Hit Blocks": 0,
                  "Local Read Blocks": 0,
                  "Local Dirtied Blocks": 0,
                  "Local Written Blocks": 0,
                  "Temp Read Blocks": 0,
                  "Temp Written Blocks": 0
                }
              ]
            }
          ]
        }
      ]
    },
    "Planning": {
      "Shared Hit Blocks": 85,
      "Shared Read Blocks": 0,
      "Shared Dirtied Blocks": 0,
      "Shared Written Blocks": 0,
      "Local Hit Blocks": 0,
      "Local Read Blocks": 0,
      "Local Dirtied Blocks": 0,
      "Local Written Blocks": 0,
      "Temp Read Blocks": 0,
      "Temp Written Blocks": 0
    },
    "Planning Time": 0.997,
    "Triggers": [],
    "Execution Time": 1213.299
  }
]