[
  {
    "Plan": {
      "Node Type": "Limit",
      "Parallel Aware": false,
      "Async Capable": false,
      "Startup Cost": 214895.84,
      "Total Cost": 214896.09,
      "Plan Rows": 100,
      "Plan Width": 34,
      "Actual Startup Time": 2107.258,
      "Actual Total Time": 2216.231,
      "Actual Rows": 100,
      "Actual Loops": 1,
      "Shared Hit Blocks": 2506,
      "Shared Read Blocks": 148062,
      "Shared Dirtied Blocks": 0,
      "Shared Written Blocks": 0,
      "Local Hit Blocks": 0,
      "Local Read Blocks": 0,
      "Local Dirtied Blocks": 0,
      "Local Written Blocks": 0,
      "Temp Read Blocks": 19094,
      "Temp Written Blocks": 19152,
      "Plans": [
        {
          "Node Type": "Sort",
          "Parent Relationship": "Outer",
          "Parallel Aware": false,
          "Async Capable": false,
          "Startup Cost": 214895.84,
          "Total Cost": 214920.84,
          "Plan Rows": 10000,
          "Plan Width": 34,
          "Actual Startup Time": 2107.256,
          "Actual Total Time": 2216.218,
          "Actual Rows": 100,
          "Actual Loops": 1,
          "Sort Key": [
            "(count(*)) DESC"
          ],
          "Sort Method": "top-N heapsort",
          "Sort Space Used": 37,
          "Sort Space Type": "Memory",
          "Shared Hit Blocks": 2506,
          "Shared Read Blocks": 148062,
          "Shared Dirtied Blocks": 0,
          "Shared Written Blocks": 0,
          "Local Hit Blocks": 0,
          "Local Read Blocks": 0,
          "Local Dirtied Blocks": 0,
          "Local Written Blocks": 0,
          "Temp Read Blocks": 19094,
          "Temp Written Blocks": 19152,
          "Plans": [
            {
              "Node Type": "Aggregate",
              "Strategy": "Sorted",
              "Partial Mode": "Finalize",
              "Parent Relationship": "Outer",
              "Parallel Aware": false,
              "Async Capable": false,
              "Startup Cost": 211980.15,
              "Total Cost": 214513.64,
              "Plan Rows": 10000,
              "Plan Width": 34,
              "Actual Startup Time": 2078.189,
              "Actual Total Time": 2213.712,
              "Actual Rows": 10000,
              "Actual Loops": 1,
              "Group Key": [
                "s.s_name"
              ],
              "Shared Hit Blocks": 2506,
              "Shared Read Blocks": 148062,
              "Shared Dirtied Blocks": 0,
              "Shared Written Blocks": 0,
              "Local Hit Blocks": 0,
              "Local Read Blocks": 0,
              "Local Dirtied Blocks": 0,
              "Local Written Blocks": 0,
              "Temp Read Blocks": 19094,
              "Temp Written Blocks": 19152,
              "Plans": [
                {
                  "Node Type": "Gather Merge",
                  "Parent Relationship": "Outer",
                  "Parallel Aware": false,
                  "Async Capable": false,
                  "Startup Cost": 211980.15,
                  "Total Cost": 214313.64,
                  "Plan Rows": 20000,
                  "Plan Width": 34,
                  "Actual Startup Time": 2078.175,
                  "Actual Total Time": 2204.958,
                  "Actual Rows": 30000,
                  "Actual Loops": 1,
                  "Workers Planned": 2,
                  "Workers Launched": 2,
                  "Shared Hit Blocks": 2506,
                  "Shared Read Blocks": 148062,
                  "Shared Dirtied Blocks": 0,
                  "Shared Written Blocks": 0,
                  "Local Hit Blocks": 0,
                  "Local Read Blocks": 0,
                  "Local Dirtied Blocks": 0,
                  "Local Written Blocks": 0,
                  "Temp Read Blocks": 19094,
                  "Temp Written Blocks": 19152,
                  "Plans": [
                    {
                      "Node Type": "Sort",
                      "Parent Relationship": "Outer",
                      "Parallel Aware": false,
                      "Async Capable": false,
                      "Startup Cost": 210980.12,
                      "Total Cost": 211005.12,
                      "Plan Rows": 10000,
                      "Plan Width": 34,
                      "Actual Startup Time": 2027.028,
                      "Actual Total Time": 2028.332,
                      "Actual Rows": 10000,
                      "Actual Loops": 3,
                      "Sort Key": [
                        "s.s_name"
                      ],
                      "Sort Method": "quicksort",
                      "Sort Space Used": 931,
                      "Sort Space Type": "Memory",
                      "Shared Hit Blocks": 2506,
                      "Shared Read Blocks": 148062,
                      "Shared Dirtied Blocks": 0,
                      "Shared Written Blocks": 0,
                      "Local Hit Blocks": 0,
                      "Local Read Blocks": 0,
                      "Local Dirtied Blocks": 0,
                      "Local Written Blocks": 0,
                      "Temp Read Blocks": 19094,
                      "Temp Written Blocks": 19152,
                      "Workers": [
                        {
                          "Worker Number": 0,
                          "Sort Method": "quicksort",
                          "Sort Space Used": 931,
                          "Sort Space Type": "Memory"
                        },
                        {
                          "Worker Number": 1,
                          "Sort Method": "quicksort",
                          "Sort Space Used": 931,
                          "Sort Space Type": "Memory"
                        }
                      ],
                      "Plans": [
                        {
                          "Node Type": "Aggregate",
                          "Strategy": "Hashed",
                          "Partial Mode": "Partial",
                          "Parent Relationship": "Outer",
                          "Parallel Aware": false,
                          "Async Capable": false,
                          "Startup Cost": 210215.74,
                          "Total Cost": 210315.74,
                          "Plan Rows": 10000,
                          "Plan Width": 34,
                          "Actual Startup Time": 1984.66,
                          "Actual Total Time": 1986.526,
                          "Actual Rows": 10000,
                          "Actual Loops": 3,
                          "Group Key": [
                            "s.s_name"
                          ],
                          "Planned Partitions": 0,
                          "HashAgg Batches": 1,
                          "Peak Memory Usage": 1425,
                          "Disk Usage": 0,
                          "Shared Hit Blocks": 2492,
                          "Shared Read Blocks": 148062,
                          "Shared Dirtied Blocks": 0,
                          "Shared Written Blocks": 0,
                          "Local Hit Blocks": 0,
                          "Local Read Blocks": 0,
                          "Local Dirtied Blocks": 0,
                          "Local Written Blocks": 0,
                          "Temp Read Blocks": 19094,
                          "Temp Written Blocks": 19152,
                          "Workers": [
                            {
                              "Worker Number": 0,
                              "HashAgg Batches": 1,
                              "Peak Memory Usage": 1425,
                              "Disk Usage": 0
                            },
                            {
                              "Worker Number": 1,
                              "HashAgg Batches": 1,
                              "Peak Memory Usage": 1425,
                              "Disk Usage": 0
                            }
                          ],
                          "Plans": [
                            {
                              "Node Type": "Hash Join",
                              "Parent Relationship": "Outer",
                              "Parallel Aware": false,
                              "Async Capable": false,
                              "Join Type": "Inner",
                              "Startup Cost": 41601.74,
                              "Total Cost": 208182.85,
                              "Plan Rows": 406578,
                              "Plan Width": 26,
                              "Actual Startup Time": 1123.414,
                              "Actual Total Time": 1766.379,
                              "Actual Rows": 617729,
                              "Actual Loops": 3,
                              "Inner Unique": true,
                              "Hash Cond": "(s.s_nationkey = n.n_nationkey)",
                              "Shared Hit Blocks": 2492,
                              "Shared Read Blocks": 148062,
                              "Shared Dirtied Blocks": 0,
                              "Shared Written Blocks": 0,
                              "Local Hit Blocks": 0,
                              "Local Read Blocks": 0,
                              "Local Dirtied Blocks": 0,
                              "Local Written Blocks": 0,
                              "Temp Read Blocks": 19094,
                              "Temp Written Blocks": 19152,
                              "Workers": [],
                              "Plans": [
                                {
                                  "Node Type": "Hash Join",
                                  "Parent Relationship": "Outer",
                                  "Parallel Aware": false,
                                  "Async Capable": false,
                                  "Join Type": "Inner",
                                  "Startup Cost": 41600.18,
                                  "Total Cost": 206933.09,
                                  "Plan Rows": 406578,
                                  "Plan Width": 30,
                                  "Actual Startup Time": 1122.823,
                                  "Actual Total Time": 1660.746,
                                  "Actual Rows": 617729,
                                  "Actual Loops": 3,
                                  "Inner Unique": true,
                                  "Hash Cond": "(l.l_suppkey = s.s_suppkey)",
                                  "Shared Hit Blocks": 2461,
                                  "Shared Read Blocks": 148062,
                                  "Shared Dirtied Blocks": 0,
                                  "Shared Written Blocks": 0,
                                  "Local Hit Blocks": 0,
                                  "Local Read Blocks": 0,
                                  "Local Dirtied Blocks": 0,
                                  "Local Written Blocks": 0,
                                  "Temp Read Blocks": 19094,
                                  "Temp Written Blocks": 19152,
                                  "Workers": [],
                                  "Plans": [
                                    {
                                      "Node Type": "Hash Join",
                                      "Parent Relationship": "Outer",
                                      "Parallel Aware": true,
                                      "Async Capable": false,
                                      "Join Type": "Inner",
                                      "Startup Cost": 41152.18,
                                      "Total Cost": 205417.37,
                                      "Plan Rows": 406578,
                                      "Plan Width": 4,
                                      "Actual Startup Time": 1119.028,
                                      "Actual Total Time": 1473.468,
                                      "Actual Rows": 617729,
                                      "Actual Loops": 3,
                                      "Inner Unique": true,
                                      "Hash Cond": "(l.l_orderkey = o.o_orderkey)",
                                      "Shared Hit Blocks": 1792,
                                      "Shared Read Blocks": 148062,
                                      "Shared Dirtied Blocks": 0,
                                      "Shared Written Blocks": 0,
                                      "Local Hit Blocks": 0,
                                      "Local Read Blocks": 0,
                                      "Local Dirtied Blocks": 0,
                                      "Local Written Blocks": 0,
                                      "Temp Read Blocks": 19094,
                                      "Temp Written Blocks": 19152,
                                      "Workers": [],
                                      "Plans": [
                                        {
                                          "Node Type": "Seq Scan",
                                          "Parent Relationship": "Outer",
                                          "Parallel Aware": true,
                                          "Async Capable": false,
                                          "Relation Name": "lineitem",
                                          "Alias": "l",
                                          "Startup Cost": 0.0,
                                          "Total Cost": 152744.11,
                                          "Plan Rows": 833550,
                                          "Plan Width": 12,
                                          "Actual Startup Time": 0.577,
                                          "Actual Total Time": 687.855,
                                          "Actual Rows": 1281011,
                                          "Actual Loops": 3,
                                          "Filter": "(l_receiptdate >= l_commitdate)",
                                          "Rows Removed by Filter": 719394,
                                          "Shared Hit Blocks": 1008,
                                          "Shared Read Blocks": 120478,
                                          "Shared Dirtied Blocks": 0,
                                          "Shared Written Blocks": 0,
                                          "Local Hit Blocks": 0,
                                          "Local Read Blocks": 0,
                                          "Local Dirtied Blocks": 0,
                                          "Local Written Blocks": 0,
                                          "Temp Read Blocks": 0,
                                          "Temp Written Blocks": 0,
                                          "Workers": []
                                        },
                                        {
                                          "Node Type": "Hash",
                                          "Parent Relationship": "Inner",
                                          "Parallel Aware": true,
                                          "Async Capable": false,
                                          "Startup Cost": 36150.5,
                                          "Total Cost": 36150.5,
                                          "Plan Rows": 304854,
                                          "Plan Width": 8,
                                          "Actual Startup Time": 161.042,
                                          "Actual Total Time": 161.045,
                                          "Actual Rows": 243138,
                                          "Actual Loops": 3,
                                          "Hash Buckets": 262144,
                                          "Original Hash Buckets": 262144,
                                          "Hash Batches": 8,
                                          "Original Hash Batches": 8,
                                          "Peak Memory Usage": 5696,
                                          "Shared Hit Blocks": 754,
                                          "Shared Read Blocks": 27584,
                                          "Shared Dirtied Blocks": 0,
                                          "Shared Written Blocks": 0,
                                          "Local Hit Blocks": 0,
                                          "Local Read Blocks": 0,
                                          "Local Dirtied Blocks": 0,
                                          "Local Written Blocks": 0,
                                          "Temp Read Blocks": 0,
                                          "Temp Written Blocks": 2220,
                                          "Workers": [],
                                          "Plans": [
                                            {
                                              "Node Type": "Seq Scan",
                                              "Parent Relationship": "Outer",
                                              "Parallel Aware": true,
                                              "Async Capable": false,
                                              "Relation Name": "orders",
                                              "Alias": "o",
                                              "Startup Cost": 0.0,
                                              "Total Cost": 36150.5,
                                              "Plan Rows": 304854,
                                              "Plan Width": 8,
                                              "Actual Startup Time": 0.549,
                                              "Actual Total Time": 108.714,
                                              "Actual Rows": 243138,
                                              "Actual Loops": 3,
                                              "Filter": "(o_orderstatus = 'F'::bpchar)",
                                              "Rows Removed by Filter": 256862,
                                              "Shared Hit Blocks": 754,
                                              "Shared Read Blocks": 27584,
                                              "Shared Dirtied Blocks": 0,
                                              "Shared Written Blocks": 0,
                                              "Local Hit Blocks": 0,
                                              "Local Read Blocks": 0,
                                              "Local Dirtied Blocks": 0,
                                              "Local Written Blocks": 0,
                                              "Temp Read Blocks": 0,
                                              "Temp Written Blocks": 0,
                                              "Workers": []
                                            }
                                          ]
                                        }
                                      ]
                                    },
                                    {
                                      "Node Type": "Hash",
                                      "Parent Relationship": "Inner",
                                      "Parallel Aware": false,
                                      "Async Capable": false,
                                      "Startup Cost": 323.0,
                                      "Total Cost": 323.0,
                                      "Plan Rows": 10000,
                                      "Plan Width": 34,
                                      "Actual Startup Time": 3.686,
                                      "Actual Total Time": 3.689,
                                      "Actual Rows": 10000,
                                      "Actual Loops": 3,
                                      "Hash Buckets": 16384,
                                      "Original Hash Buckets": 16384,
                                      "Hash Batches": 1,
                                      "Original Hash Batches": 1,
                                      "Peak Memory Usage": 793,
                                      "Shared Hit Blocks": 669,
                                      "Shared Read Blocks": 0,
                                      "Shared Dirtied Blocks": 0,
                                      "Shared Written Blocks": 0,
                                      "Local Hit Blocks": 0,
                                      "Local Read Blocks": 0,
                                      "Local Dirtied Blocks": 0,
                                      "Local Written Blocks": 0,
                                      "Temp Read Blocks": 0,
                                      "Temp Written Blocks": 0,
                                      "Workers": [],
                                      "Plans": [
                                        {
                                          "Node Type": "Seq Scan",
                                          "Parent Relationship": "Outer",
                                          "Parallel Aware": false,
                                          "Async Capable": false,
                                          "Relation Name": "supplier",
                                          "Alias": "s",
                                          "Startup Cost": 0.0,
                                          "Total Cost": 323.0,
                                          "Plan Rows": 10000,
                                          "Plan Width": 34,
                                          "Actual Startup Time": 0.379,
                                          "Actual Total Time": 2.142,
                                          "Actual Rows": 10000,
                                          "Actual Loops": 3,
                                          "Shared Hit Blocks": 669,
                                          "Shared Read Blocks": 0,
                                          "Shared Dirtied Blocks": 0,
                                          "Shared Written Blocks": 0,
                                          "Local Hit Blocks": 0,
                                          "Local Read Blocks": 0,
                                          "Local Dirtied Blocks": 0,
                                          "Local Written Blocks": 0,
                                          "Temp Read Blocks": 0,
                                          "Temp Written Blocks": 0,
                                          "Workers": []
                                        }
                                      ]
                                    }
                                  ]
                                },
                                {
                                  "Node Type": "Hash",
                                  "Parent Relationship": "Inner",
                                  "Parallel Aware": false,
                                  "Async Capable": false,
                                  "Startup Cost": 1.25,
                                  "Total Cost": 1.25,
                                  "Plan Rows": 25,
                                  "Plan Width": 4,
                                  "Actual Startup Time": 0.548,
                                  "Actual Total Time": 0.551,
                                  "Actual Rows": 25,
                                  "Actual Loops": 3,
                                  "Hash Buckets": 1024,
                                  "Original Hash Buckets": 1024,
                                  "Hash Batches": 1,
                                  "Original Hash Batches": 1,
                                  "Peak Memory Usage": 9,
                                  "Shared Hit Blocks": 3,
                                  "Shared Read Blocks": 0,
                                  "Shared Dirtied Blocks": 0,
                                  "Shared Written Blocks": 0,
                                  "Local Hit Blocks": 0,
                                  "Local Read Blocks": 0,
                                  "Local Dirtied Blocks": 0,
                                  "Local Written Blocks": 0,
                                  "Temp Read Blocks": 0,
                                  "Temp Written Blocks": 0,
                                  "Workers": [],
                                  "Plans": [
                                    {
                                      "Node Type": "Seq Scan",
                                      "Parent Relationship": "Outer",
                                      "Parallel Aware": false,
                                      "Async Capable": false,
                                      "Relation Name": "nation",
                                      "Alias": "n",
                                      "Startup Cost": 0.0,
                                      "Total Cost": 1.25,
                                      "Plan Rows": 25,
                                      "Plan Width": 4,
                                      "Actual Startup Time": 0.521,
                                      "Actual Total Time": 0.527,
                                      "Actual Rows": 25,
                                      "Actual Loops": 3,
                                      "Shared Hit Blocks": 3,
                                      "Shared Read Blocks": 0,
                                      "Shared Dirtied Blocks": 0,
                                      "Shared Written Blocks": 0,
                                      "Local Hit Blocks": 0,
                                      "Local Read Blocks": 0,
                                      "Local Dirtied Blocks": 0,
                                      "Local Written Blocks": 0,
                                      "Temp Read Blocks": 0,
                                      "Temp Written Blocks": 0,
                                      "Workers": []
                                    }
                                  ]
                                }
                              ]
                            }
                          ]
                        }
                      ]
                    }
                  ]
                }
              ]
            }
          ]
        }
      ]
    },
    "Planning": {
      "Shared Hit Blocks": 30,
      "Shared Read Blocks": 0,
      "Shared Dirtied Blocks": 0,
      "Shared Written Blocks": 0,
      "Local Hit Blocks": 0,
      "Local Read Blocks": 0,
      "Local Dirtied Blocks": 0,
      "Local Written Blocks": 0,
      "Temp Read Blocks": 0,
      "Temp Written Blocks": 0
    },
    "Planning Time": 0.469,
    "Triggers": [],
    "Execution Time": 2217.287
  }
]