[
  {
    "Plan": {
      "Node Type": "Aggregate",
      "Strategy": "Sorted",
      "Partial Mode": "Finalize",
      "Parallel Aware": false,
      "Async Capable": false,
      "Startup Cost": 169720.72,
      "Total Cost": 169722.68,
      "Plan Rows": 6,
      "Plan Width": 236,
      "Actual Startup Time": 1536.253,
      "Actual Total Time": 1542.16,
      "Actual Rows": 4,
      "Actual Loops": 1,
      "Group Key": [
        "l_returnflag",
        "l_linestatus"
      ],
      "Shared Hit Blocks": 1157,
      "Shared Read Blocks": 120343,
      "Shared Dirtied Blocks": 0,
      "Shared Written Blocks": 0,
      "Local Hit Blocks": 0,
      "Local Read Blocks": 0,
      "Local Dirtied Blocks": 0,
      "Local Written Blocks": 0,
      "Temp Read Blocks": 0,
      "Temp Written Blocks": 0,
      "Plans": [
        {
          "Node Type": "Gather Merge",
          "Parent Relationship": "Outer",
          "Parallel Aware": false,
          "Async Capable": false,
          "Startup Cost": 169720.72,
          "Total Cost": 169722.12,
          "Plan Rows": 12,
          "Plan Width": 236,
          "Actual Startup Time": 1536.218,
          "Actual Total Time": 1542.059,
          "Actual Rows": 12,
          "Actual Loops": 1,
          "Workers Planned": 2,
          "Workers Launched": 2,
          "Shared Hit Blocks": 1157,
          "Shared Read Blocks": 120343,
          "Shared Dirtied Blocks": 0,
          "Shared Written Blocks": 0,
          "Local Hit Blocks": 0,
          "Local Read Blocks": 0,
          "Local Dirtied Blocks": 0,
          "Local Written Blocks": 0,
          "Temp Read Blocks": 0,
          "Temp Written Blocks": 0,
          "Plans": [
            {
              "Node Type": "Sort",
              "Parent Relationship": "Outer",
              "Parallel Aware": false,
              "Async Capable": false,
              "Startup Cost": 168720.7,
              "Total Cost": 168720.72,
              "Plan Rows": 6,
              "Plan Width": 236,
              "Actual Startup Time": 1496.859,
              "Actual Total Time": 1496.86,
              "Actual Rows": 4,
              "Actual Loops": 3,
              "Sort Key": [
                "l_returnflag",
                "l_linestatus"
              ],
              "Sort Method": "quicksort",
              "Sort Space Used": 26,
              "Sort Space Type": "Memory",
              "Shared Hit Blocks": 1157,
              "Shared Read Blocks": 120343,
              "Shared Dirtied Blocks": 0,
              "Shared Written Blocks": 0,
              "Local Hit Blocks": 0,
              "Local Read Blocks": 0,
              "Local Dirtied Blocks": 0,
              "Local Written Blocks": 0,
              "Temp Read Blocks": 0,
              "Temp Written Blocks": 0,
              "Workers": [
                {
                  "Worker Number": 0,
                  "Sort Method": "quicksort",
                  "Sort Space Used": 26,
                  "Sort Space Type": "Memory"
                },
                {
                  "Worker Number": 1,
                  "Sort Method": "quicksort",
                  "Sort Space Used": 26,
                  "Sort Space Type": "Memory"
                }
              ],
              "Plans": [
                {
                  "Node Type": "Aggregate",
                  "Strategy": "Hashed",
                  "Partial Mode": "Partial",
                  "Parent Relationship": "Outer",
                  "Parallel Aware": false,
                  "Async Capable": false,
                  "Startup Cost": 168720.49,
                  "Total Cost": 168720.62,
                  "Plan Rows": 6,
                  "Plan Width": 236,
                  "Actual Startup Time": 1496.792,
                  "Actual Total Time": 1496.798,
                  "Actual Rows": 4,
                  "Actual Loops": 3,
                  "Group Key": [
                    "l_returnflag",
                    "l_linestatus"
                  ],
                  "Planned Partitions": 0,
                  "HashAgg Batches": 1,
                  "Peak Memory Usage": 24,
                  "Disk Usage": 0,
                  "Shared Hit Blocks": 1143,
                  "Shared Read Blocks": 120343,
                  "Shared Dirtied Blocks": 0,
                  "Shared Written Blocks": 0,
                  "Local Hit Blocks": 0,
                  "Local Read Blocks": 0,
                  "Local Dirtied Blocks": 0,
                  "Local Written Blocks": 0,
                  "Temp Read Blocks": 0,
                  "Temp Written Blocks": 0,
                  "Workers": [
                    {
                      "Worker Number": 0,
                      "HashAgg Batches": 1,
                      "Peak Memory Usage": 24,
                      "Disk Usage": 0
                    },
                    {
                      "Worker Number": 1,
                      "HashAgg Batches": 1,
                      "Peak Memory Usage": 24,
                      "Disk Usage": 0
                    }
                  ],
                  "Plans": [
                    {
                      "Node Type": "Seq Scan",
                      "Parent Relationship": "Outer",
                      "Parallel Aware": true,
                      "Async Capable": false,
                      "Relation Name": "lineitem",
                      "Alias": "l",
                      "Startup Cost": 0.0,
                      "Total Cost": 158995.74,
                      "Plan Rows": 277850,
                      "Plan Width": 25,
                      "Actual Startup Time": 0.506,
                      "Actual Total Time": 694.632,
                      "Actual Rows": 735973,
                      "Actual Loops": 3,
                      "Filter": "((l_receiptdate >= l_shipdate) AND (l_receiptdate <= l_commitdate))",
                      "Rows Removed by Filter": 1264432,
                      "Shared Hit Blocks": 1143,
                      "Shared Read Blocks": 120343,
                      "Shared Dirtied Blocks": 0,
                      "Shared Written Blocks": 0,
                      "Local Hit Blocks": 0,
                      "Local Read Blocks": 0,
                      "Local Dirtied Blocks": 0,
                      "Local Written Blocks": 0,
                      "Temp Read Blocks": 0,
                      "Temp Written Blocks": 0,
                      "Workers": []
                    }
                  ]
                }
              ]
            }
          ]
        }
      ]
    },
    "Planning": {
      "Shared Hit Blocks": 12,
      "Shared Read Blocks": 2,
      "Shared Dirtied Blocks": 0,
      "Shared Written Blocks": 0,
      "Local Hit Blocks": 0,
      "Local Read Blocks": 0,
      "Local Dirtied Blocks": 0,
      "Local Written Blocks": 0,
      "Temp Read Blocks": 0,
      "Temp Written Blocks": 0
    },
    "Planning Time": 0.424,
    "Triggers": [],
    "Execution Time": 1542.238
  }
]