[
  {
    "Plan": {
      "Node Type": "Aggregate",
      "Strategy": "Sorted",
      "Partial Mode": "Simple",
      "Parallel Aware": false,
      "Async Capable": false,
      "Startup Cost": 53135.98,
      "Total Cost": 53156.66,
      "Plan Rows": 752,
      "Plan Width": 72,
      "Actual Startup Time": 1156.919,
      "Actual Total Time": 1160.684,
      "Actual Rows": 7,
      "Actual Loops": 1,
      "Group Key": [
        "(\"substring\"((c.c_phone)::text, 1, 2))"
      ],
      "Shared Hit Blocks": 14635,
      "Shared Read Blocks": 21196,
      "Shared Dirtied Blocks": 0,
      "Shared Written Blocks": 0,
      "Local Hit Blocks": 0,
      "Local Read Blocks": 0,
      "Local Dirtied Blocks": 0,
      "Local Written Blocks": 0,
      "Temp Read Blocks": 0,
      "Temp Written Blocks": 0,
      "Plans": [
        {
          "Node Type": "Sort",
          "Parent Relationship": "Outer",
          "Parallel Aware": false,
          "Async Capable": false,
          "Startup Cost": 53135.98,
          "Total Cost": 53137.86,
          "Plan Rows": 752,
          "Plan Width": 38,
          "Actual Startup Time": 1156.68,
          "Actual Total Time": 1158.563,
          "Actual Rows": 6384,
          "Actual Loops": 1,
          "Sort Key": [
            "(\"substring\"((c.c_phone)::text, 1, 2))"
          ],
          "Sort Method": "quicksort",
          "Sort Space Used": 392,
          "Sort Space Type": "Memory",
          "Shared Hit Blocks": 14635,
          "Shared Read Blocks": 21196,
          "Shared Dirtied Blocks": 0,
          "Shared Written Blocks": 0,
          "Local Hit Blocks": 0,
          "Local Read Blocks": 0,
          "Local Dirtied Blocks": 0,
          "Local Written Blocks": 0,
          "Temp Read Blocks": 0,
          "Temp Written Blocks": 0,
          "Plans": [
            {
              "Node Type": "Nested Loop",
              "Parent Relationship": "Outer",
              "Parallel Aware": false,
              "Async Capable": false,
              "Join Type": "Inner",
              "Startup Cost": 12647.55,
              "Total Cost": 53100.06,
              "Plan Rows": 752,
              "Plan Width": 38,
              "Actual Startup Time": 1140.868,
              "Actual Total Time": 1154.721,
              "Actual Rows": 6384,
              "Actual Loops": 1,
              "Inner Unique": false,
              "Join Filter": "(c.c_acctbal > (avg(customer.c_acctbal)))",
              "Rows Removed by Join Filter": 7702,
              "Shared Hit Blocks": 14632,
              "Shared Read Blocks": 21196,
              "Shared Dirtied Blocks": 0,
              "Shared Written Blocks": 0,
              "Local Hit Blocks": 0,
              "Local Read Blocks": 0,
              "Local Dirtied Blocks": 0,
              "Local Written Blocks": 0,
              "Temp Read Blocks": 0,
              "Temp Written Blocks": 0,
              "Plans": [
                {
                  "Node Type": "Aggregate",
                  "Strategy": "Plain",
                  "Partial Mode": "Finalize",
                  "Parent Relationship": "Outer",
                  "Parallel Aware": false,
                  "Async Capable": false,
                  "Startup Cost": 6390.82,
                  "Total Cost": 6390.83,
                  "Plan Rows": 1,
                  "Plan Width": 32,
                  "Actual Startup Time": 102.923,
                  "Actual Total Time": 102.999,
                  "Actual Rows": 1,
                  "Actual Loops": 1,
                  "Shared Hit Blocks": 180,
                  "Shared Read Blocks": 3565,
                  "Shared Dirtied Blocks": 0,
                  "Shared Written Blocks": 0,
                  "Local Hit Blocks": 0,
                  "Local Read Blocks": 0,
                  "Local Dirtied Blocks": 0,
                  "Local Written Blocks": 0,
                  "Temp Read Blocks": 0,
                  "Temp Written Blocks": 0,
                  "Plans": [
                    {
                      "Node Type": "Gather",
                      "Parent Relationship": "Outer",
                      "Parallel Aware": false,
                      "Async Capable": false,
                      "Startup Cost": 6390.6,
                      "Total Cost": 6390.81,
                      "Plan Rows": 2,
                      "Plan Width": 32,
                      "Actual Startup Time": 102.459,
                      "Actual Total Time": 102.983,
                      "Actual Rows": 3,
                      "Actual Loops": 1,
                      "Workers Planned": 2,
                      "Workers Launched": 2,
                      "Single Copy": false,
                      "Shared Hit Blocks": 180,
                      "Shared Read Blocks": 3565,
                      "Shared Dirtied Blocks": 0,
                      "Shared Written Blocks": 0,
                      "Local Hit Blocks": 0,
                      "Local Read Blocks": 0,
                      "Local Dirtied Blocks": 0,
                      "Local Written Blocks": 0,
                      "Temp Read Blocks": 0,
                      "Temp Written Blocks": 0,
                      "Plans": [
                        {
                          "Node Type": "Aggregate",
                          "Strategy": "Plain",
                          "Partial Mode": "Partial",
                          "Parent Relationship": "Outer",
                          "Parallel Aware": false,
                          "Async Capable": false,
                          "Startup Cost": 5390.6,
                          "Total Cost": 5390.61,
                          "Plan Rows": 1,
                          "Plan Width": 32,
                          "Actual Startup Time": 54.14,
                          "Actual Total Time": 54.141,
                          "Actual Rows": 1,
                          "Actual Loops": 3,
                          "Shared Hit Blocks": 180,
                          "Shared Read Blocks": 3565,
                          "Shared Dirtied Blocks": 0,
                          "Shared Written Blocks": 0,
                          "Local Hit Blocks": 0,
                          "Local Read Blocks": 0,
                          "Local Dirtied Blocks": 0,
                          "Local Written Blocks": 0,
                          "Temp Read Blocks": 0,
                          "Temp Written Blocks": 0,
                          "Workers": [],
                          "Plans": [
                            {
                              "Node Type": "Seq Scan",
                              "Parent Relationship": "Outer",
                              "Parallel Aware": true,
                              "Async Capable": false,
                              "Relation Name": "customer",
                              "Alias": "customer",
                              "Startup Cost": 0.0,
                              "Total Cost": 5385.62,
                              "Plan Rows": 1988,
                              "Plan Width": 6,
                              "Actual Startup Time": 0.394,
                              "Actual Total Time": 52.3,
                              "Actual Rows": 12707,
                              "Actual Loops": 3,
                              "Filter": "((c_acctbal > 0.00) AND (\"substring\"((c_phone)::text, 1, 2) = ANY ('{13,31,23,29,30,18,17}'::text[])))",
                              "Rows Removed by Filter": 37293,
                              "Shared Hit Blocks": 180,
                              "Shared Read Blocks": 3565,
                              "Shared Dirtied Blocks": 0,
                              "Shared Written Blocks": 0,
                              "Local Hit Blocks": 0,
                              "Local Read Blocks": 0,
                              "Local Dirtied Blocks": 0,
                              "Local Written Blocks": 0,
                              "Temp Read Blocks": 0,
                              "Temp Written Blocks": 0,
                              "Workers": []
                            }
                          ]
                        }
                      ]
                    }
                  ]
                },
                {
                  "Node Type": "Gather",
                  "Parent Relationship": "Inner",
                  "Parallel Aware": false,
                  "Async Capable": false,
                  "Startup Cost": 6256.73,
                  "Total Cost": 46677.28,
                  "Plan Rows": 2255,
                  "Plan Width": 22,
                  "Actual Startup Time": 1037.934,
                  "Actual Total Time": 1047.657,
                  "Actual Rows": 14086,
                  "Actual Loops": 1,
                  "Workers Planned": 2,
                  "Workers Launched": 0,
                  "Single Copy": false,
                  "Shared Hit Blocks": 14452,
                  "Shared Read Blocks": 17631,
                  "Shared Dirtied Blocks": 0,
                  "Shared Written Blocks": 0,
                  "Local Hit Blocks": 0,
                  "Local Read Blocks": 0,
                  "Local Dirtied Blocks": 0,
                  "Local Written Blocks": 0,
                  "Temp Read Blocks": 0,
                  "Temp Written Blocks": 0,
                  "Plans": [
                    {
                      "Node Type": "Hash Join",
                      "Parent Relationship": "Outer",
                      "Parallel Aware": true,
                      "Async Capable": false,
                      "Join Type": "Right Anti",
                      "Startup Cost": 5256.73,
                      "Total Cost": 45451.78,
                      "Plan Rows": 940,
                      "Plan Width": 22,
                      "Actual Startup Time": 1037.642,
                      "Actual Total Time": 1044.83,
                      "Actual Rows": 14086,
                      "Actual Loops": 1,
                      "Inner Unique": true,
                      "Hash Cond": "(o.o_custkey = c.c_custkey)",
                      "Shared Hit Blocks": 14452,
                      "Shared Read Blocks": 17631,
                      "Shared Dirtied Blocks": 0,
                      "Shared Written Blocks": 0,
                      "Local Hit Blocks": 0,
                      "Local Read Blocks": 0,
                      "Local Dirtied Blocks": 0,
                      "Local Written Blocks": 0,
                      "Temp Read Blocks": 0,
                      "Temp Written Blocks": 0,
                      "Workers": [],
                      "Plans": [
                        {
                          "Node Type": "Seq Scan",
                          "Parent Relationship": "Outer",
                          "Parallel Aware": true,
                          "Async Capable": false,
                          "Relation Name": "orders",
                          "Alias": "o",
                          "Startup Cost": 0.0,
                          "Total Cost": 34588.0,
                          "Plan Rows": 625000,
                          "Plan Width": 4,
                          "Actual Startup Time": 0.064,
                          "Actual Total Time": 392.294,
                          "Actual Rows": 1500000,
                          "Actual Loops": 1,
                          "Shared Hit Blocks": 10710,
                          "Shared Read Blocks": 17628,
                          "Shared Dirtied Blocks": 0,
                          "Shared Written Blocks": 0,
                          "Local Hit Blocks": 0,
                          "Local Read Blocks": 0,
                          "Local Dirtied Blocks": 0,
                          "Local Written Blocks": 0,
                          "Temp Read Blocks": 0,
                          "Temp Written Blocks": 0,
                          "Workers": []
                        },
                        {
                          "Node Type": "Hash",
                          "Parent Relationship": "Inner",
                          "Parallel Aware": true,
                          "Async Capable": false,
                          "Startup Cost": 5229.38,
                          "Total Cost": 5229.38,
                          "Plan Rows": 2188,
                          "Plan Width": 26,
                          "Actual Startup Time": 135.41,
                          "Actual Total Time": 135.411,
                          "Actual Rows": 42015,
                          "Actual Loops": 1,
                          "Hash Buckets": 65536,
                          "Original Hash Buckets": 8192,
                          "Hash Batches": 1,
                          "Original Hash Batches": 1,
                          "Peak Memory Usage": 3616,
                          "Shared Hit Blocks": 3742,
                          "Shared Read Blocks": 3,
                          "Shared Dirtied Blocks": 0,
                          "Shared Written Blocks": 0,
                          "Local Hit Blocks": 0,
                          "Local Read Blocks": 0,
                          "Local Dirtied Blocks": 0,
                          "Local Written Blocks": 0,
                          "Temp Read Blocks": 0,
                          "Temp Written Blocks": 0,
                          "Workers": [],
                          "Plans": [
                            {
                              "Node Type": "Seq Scan",
                              "Parent Relationship": "Outer",
                              "Parallel Aware": true,
                              "Async Capable": false,
                              "Relation Name": "customer",
                              "Alias": "c",
                              "Startup Cost": 0.0,
                              "Total Cost": 5229.38,
                              "Plan Rows": 2188,
                              "Plan Width": 26,
                              "Actual Startup Time": 0.011,
                              "Actual Total Time": 118.69,
                              "Actual Rows": 42015,
                              "Actual Loops": 1,
                              "Filter": "(\"substring\"((c_phone)::text, 1, 2) = ANY ('{13,31,23,29,30,18,17}'::text[]))",
                              "Rows Removed by Filter": 107985,
                              "Shared Hit Blocks": 3742,
                              "Shared Read Blocks": 3,
                              "Shared Dirtied Blocks": 0,
                              "Shared Written Blocks": 0,
                              "Local Hit Blocks": 0,
                              "Local Read Blocks": 0,
                              "Local Dirtied Blocks": 0,
                              "Local Written Blocks": 0,
                              "Temp Read Blocks": 0,
                              "Temp Written Blocks": 0,
                              "Workers": []
                            }
                          ]
                        }
                      ]
                    }
                  ]
                }
              ]
            }
          ]
        }
      ]
    },
    "Planning": {
      "Shared Hit Blocks": 308,
      "Shared Read Blocks": 31,
      "Shared Dirtied Blocks": 0,
      "Shared Written Blocks": 0,
      "Local Hit Blocks": 0,
      "Local Read Blocks": 0,
      "Local Dirtied Blocks": 0,
      "Local Written Blocks": 0,
      "Temp Read Blocks": 0,
      "Temp Written Blocks": 0
    },
    "Planning Time": 12.903,
    "Triggers": [],
    "Execution Time": 1160.914
  }
]