[
  {
    "Plan": {
      "Node Type": "Aggregate",
      "Strategy": "Sorted",
      "Partial Mode": "Finalize",
      "Parallel Aware": false,
      "Async Capable": false,
      "Startup Cost": 131940.71,
      "Total Cost": 132287.93,
      "Plan Rows": 2406,
      "Plan Width": 64,
      "Actual Startup Time": 938.74,
      "Actual Total Time": 948.573,
      "Actual Rows": 2,
      "Actual Loops": 1,
      "Group Key": [
        "(EXTRACT(year FROM o.o_orderdate))"
      ],
      "Shared Hit Blocks": 291101,
      "Shared Read Blocks": 126029,
      "Shared Dirtied Blocks": 0,
      "Shared Written Blocks": 0,
      "Local Hit Blocks": 0,
      "Local Read Blocks": 0,
      "Local Dirtied Blocks": 0,
      "Local Written Blocks": 0,
      "Temp Read Blocks": 0,
      "Temp Written Blocks": 0,
      "Plans": [
        {
          "Node Type": "Gather Merge",
          "Parent Relationship": "Outer",
          "Parallel Aware": false,
          "Async Capable": false,
          "Startup Cost": 131940.71,
          "Total Cost": 132214.54,
          "Plan Rows": 2022,
          "Plan Width": 96,
          "Actual Startup Time": 938.537,
          "Actual Total Time": 948.56,
          "Actual Rows": 6,
          "Actual Loops": 1,
          "Workers Planned": 2,
          "Workers Launched": 2,
          "Shared Hit Blocks": 291101,
          "Shared Read Blocks": 126029,
          "Shared Dirtied Blocks": 0,
          "Shared Written Blocks": 0,
          "Local Hit Blocks": 0,
          "Local Read Blocks": 0,
          "Local Dirtied Blocks": 0,
          "Local Written Blocks": 0,
          "Temp Read Blocks": 0,
          "Temp Written Blocks": 0,
          "Plans": [
            {
              "Node Type": "Aggregate",
              "Strategy": "Sorted",
              "Partial Mode": "Partial",
              "Parent Relationship": "Outer",
              "Parallel Aware": false,
              "Async Capable": false,
              "Startup Cost": 130940.69,
              "Total Cost": 130981.13,
              "Plan Rows": 1011,
              "Plan Width": 96,
              "Actual Startup Time": 898.073,
              "Actual Total Time": 898.322,
              "Actual Rows": 2,
              "Actual Loops": 3,
              "Group Key": [
                "(EXTRACT(year FROM o.o_orderdate))"
              ],
              "Shared Hit Blocks": 291101,
              "Shared Read Blocks": 126029,
              "Shared Dirtied Blocks": 0,
              "Shared Written Blocks": 0,
              "Local Hit Blocks": 0,
              "Local Read Blocks": 0,
              "Local Dirtied Blocks": 0,
              "Local Written Blocks": 0,
              "Temp Read Blocks": 0,
              "Temp Written Blocks": 0,
              "Workers": [],
              "Plans": [
                {
                  "Node Type": "Sort",
                  "Parent Relationship": "Outer",
                  "Parallel Aware": false,
                  "Async Capable": false,
                  "Startup Cost": 130940.69,
                  "Total Cost": 130943.21,
                  "Plan Rows": 1011,
                  "Plan Width": 70,
                  "Actual Startup Time": 897.824,
                  "Actual Total Time": 897.872,
                  "Actual Rows": 904,
                  "Actual Loops": 3,
                  "Sort Key": [
                    "(EXTRACT(year FROM o.o_orderdate))"
                  ],
                  "Sort Method": "quicksort",
                  "Sort Space Used": 80,
                  "Sort Space Type": "Memory",
                  "Shared Hit Blocks": 291101,
                  "Shared Read Blocks": 126029,
                  "Shared Dirtied Blocks": 0,
                  "Shared Written Blocks": 0,
                  "Local Hit Blocks": 0,
                  "Local Read Blocks": 0,
                  "Local Dirtied Blocks": 0,
                  "Local Written Blocks": 0,
                  "Temp Read Blocks": 0,
                  "Temp Written Blocks": 0,
                  "Workers": [
                    {
                      "Worker Number": 0,
                      "Sort Method": "quicksort",
                      "Sort Space Used": 82,
                      "Sort Space Type": "Memory"
                    },
                    {
                      "Worker Number": 1,
                      "Sort Method": "quicksort",
                      "Sort Space Used": 82,
                      "Sort Space Type": "Memory"
                    }
                  ],
                  "Plans": [
                    {
                      "Node Type": "Hash Join",
                      "Parent Relationship": "Outer",
                      "Parallel Aware": false,
                      "Async Capable": false,
                      "Join Type": "Inner",
                      "Startup Cost": 10243.01,
                      "Total Cost": 130890.23,
                      "Plan Rows": 1011,
                      "Plan Width": 70,
                      "Actual Startup Time": 47.586,
                      "Actual Total Time": 896.72,
                      "Actual Rows": 904,
                      "Actual Loops": 3,
                      "Inner Unique": true,
                      "Hash Cond": "(s.s_nationkey = n2.n_nationkey)",
                      "Shared Hit Blocks": 291087,
                      "Shared Read Blocks": 126029,
                      "Shared Dirtied Blocks": 0,
                      "Shared Written Blocks": 0,
                      "Local Hit Blocks": 0,
                      "Local Read Blocks": 0,
                      "Local Dirtied Blocks": 0,
                      "Local Written Blocks": 0,
                      "Temp Read Blocks": 0,
                      "Temp Written Blocks": 0,
                      "Workers": [],
                      "Plans": [
                        {
                          "Node Type": "Nested Loop",
                          "Parent Relationship": "Outer",
                          "Parallel Aware": false,
                          "Async Capable": false,
                          "Join Type": "Inner",
                          "Startup Cost": 10241.44,
                          "Total Cost": 130883.04,
                          "Plan Rows": 1011,
                          "Plan Width": 20,
                          "Actual Startup Time": 47.116,
                          "Actual Total Time": 894.388,
                          "Actual Rows": 904,
                          "Actual Loops": 3,
                          "Inner Unique": true,
                          "Shared Hit Blocks": 291056,
                          "Shared Read Blocks": 126029,
                          "Shared Dirtied Blocks": 0,
                          "Shared Written Blocks": 0,
                          "Local Hit Blocks": 0,
                          "Local Read Blocks": 0,
                          "Local Dirtied Blocks": 0,
                          "Local Written Blocks": 0,
                          "Temp Read Blocks": 0,
                          "Temp Written Blocks": 0,
                          "Workers": [],
                          "Plans": [
                            {
                              "Node Type": "Hash Join",
                              "Parent Relationship": "Outer",
                              "Parallel Aware": true,
                              "Async Capable": false,
                              "Join Type": "Inner",
                              "Startup Cost": 10241.16,
                              "Total Cost": 130577.04,
                              "Plan Rows": 1011,
                              "Plan Width": 20,
                              "Actual Startup Time": 47.087,
                              "Actual Total Time": 886.68,
                              "Actual Rows": 904,
                              "Actual Loops": 3,
                              "Inner Unique": true,
                              "Hash Cond": "(l.l_partkey = p.p_partkey)",
                              "Shared Hit Blocks": 283360,
                              "Shared Read Blocks": 125590,
                              "Shared Dirtied Blocks": 0,
                              "Shared Written Blocks": 0,
                              "Local Hit Blocks": 0,
                              "Local Read Blocks": 0,
                              "Local Dirtied Blocks": 0,
                              "Local Written Blocks": 0,
                              "Temp Read Blocks": 0,
                              "Temp Written Blocks": 0,
                              "Workers": [],
                              "Plans": [
                                {
                                  "Node Type": "Nested Loop",
                                  "Parent Relationship": "Outer",
                                  "Parallel Aware": false,
                                  "Async Capable": false,
                                  "Join Type": "Inner",
                                  "Startup Cost": 4888.57,
                                  "Total Cost": 124825.3,
                                  "Plan Rows": 152054,
                                  "Plan Width": 24,
                                  "Actual Startup Time": 27.004,
                                  "Actual Total Time": 846.02,
                                  "Actual Rows": 122382,
                                  "Actual Loops": 3,
                                  "Inner Unique": false,
                                  "Shared Hit Blocks": 283360,
                                  "Shared Read Blocks": 121286,
                                  "Shared Dirtied Blocks": 0,
                                  "Shared Written Blocks": 0,
                                  "Local Hit Blocks": 0,
                                  "Local Read Blocks": 0,
                                  "Local Dirtied Blocks": 0,
                                  "Local Written Blocks": 0,
                                  "Temp Read Blocks": 0,
                                  "Temp Written Blocks": 0,
                                  "Workers": [],
                                  "Plans": [
                                    {
                                      "Node Type": "Hash Join",
                                      "Parent Relationship": "Outer",
                                      "Parallel Aware": true,
                                      "Async Capable": false,
                                      "Join Type": "Inner",
                                      "Startup Cost": 4888.13,
                                      "Total Cost": 43472.05,
                                      "Plan Rows": 38004,
                                      "Plan Width": 12,
                                      "Actual Startup Time": 25.676,
                                      "Actual Total Time": 214.989,
                                      "Actual Rows": 30569,
                                      "Actual Loops": 3,
                                      "Inner Unique": false,
                                      "Hash Cond": "(o.o_custkey = c.c_custkey)",
                                      "Shared Hit Blocks": 1215,
                                      "Shared Read Blocks": 30874,
                                      "Shared Dirtied Blocks": 0,
                                      "Shared Written Blocks": 0,
                                      "Local Hit Blocks": 0,
                                      "Local Read Blocks": 0,
                                      "Local Dirtied Blocks": 0,
                                      "Local Written Blocks": 0,
                                      "Temp Read Blocks": 0,
                                      "Temp Written Blocks": 0,
                                      "Workers": [],
                                      "Plans": [
                                        {
                                          "Node Type": "Seq Scan",
                                          "Parent Relationship": "Outer",
                                          "Parallel Aware": true,
                                          "Async Capable": false,
                                          "Relation Name": "orders",
                                          "Alias": "o",
                                          "Startup Cost": 0.0,
                                          "Total Cost": 37713.0,
                                          "Plan Rows": 190018,
                                          "Plan Width": 16,
                                          "Actual Startup Time": 0.019,
                                          "Actual Total Time": 131.144,
                                          "Actual Rows": 152421,
                                          "Actual Loops": 3,
                                          "Filter": "((o_orderdate >= '1995-01-01'::date) AND (o_orderdate <= '1996-12-31'::date))",
                                          "Rows Removed by Filter": 347579,
                                          "Shared Hit Blocks": 538,
                                          "Shared Read Blocks": 27800,
                                          "Shared Dirtied Blocks": 0,
                                          "Shared Written Blocks": 0,
                                          "Local Hit Blocks": 0,
                                          "Local Read Blocks": 0,
                                          "Local Dirtied Blocks": 0,
                                          "Local Written Blocks": 0,
                                          "Temp Read Blocks": 0,
                                          "Temp Written Blocks": 0,
                                          "Workers": []
                                        },
                                        {
                                          "Node Type": "Hash",
                                          "Parent Relationship": "Inner",
                                          "Parallel Aware": true,
                                          "Async Capable": false,
                                          "Startup Cost": 4731.88,
                                          "Total Cost": 4731.88,
                                          "Plan Rows": 12500,
                                          "Plan Width": 4,
                                          "Actual Startup Time": 25.387,
                                          "Actual Total Time": 25.39,
                                          "Actual Rows": 10061,
                                          "Actual Loops": 3,
                                          "Hash Buckets": 32768,
                                          "Original Hash Buckets": 32768,
                                          "Hash Batches": 1,
                                          "Original Hash Batches": 1,
                                          "Peak Memory Usage": 1472,
                                          "Shared Hit Blocks": 677,
                                          "Shared Read Blocks": 3074,
                                          "Shared Dirtied Blocks": 0,
                                          "Shared Written Blocks": 0,
                                          "Local Hit Blocks": 0,
                                          "Local Read Blocks": 0,
                                          "Local Dirtied Blocks": 0,
                                          "Local Written Blocks": 0,
                                          "Temp Read Blocks": 0,
                                          "Temp Written Blocks": 0,
                                          "Workers": [],
                                          "Plans": [
                                            {
                                              "Node Type": "Hash Join",
                                              "Parent Relationship": "Outer",
                                              "Parallel Aware": false,
                                              "Async Capable": false,
                                              "Join Type": "Inner",
                                              "Startup Cost": 2.51,
                                              "Total Cost": 4731.88,
                                              "Plan Rows": 12500,
                                              "Plan Width": 4,
                                              "Actual Startup Time": 0.759,
                                              "Actual Total Time": 23.127,
                                              "Actual Rows": 10061,
                                              "Actual Loops": 3,
                                              "Inner Unique": false,
                                              "Hash Cond": "(c.c_nationkey = n1.n_nationkey)",
                                              "Shared Hit Blocks": 677,
                                              "Shared Read Blocks": 3074,
                                              "Shared Dirtied Blocks": 0,
                                              "Shared Written Blocks": 0,
                                              "Local Hit Blocks": 0,
                                              "Local Read Blocks": 0,
                                              "Local Dirtied Blocks": 0,
                                              "Local Written Blocks": 0,
                                              "Temp Read Blocks": 0,
                                              "Temp Written Blocks": 0,
                                              "Workers": [],
                                              "Plans": [
                                                {
                                                  "Node Type": "Seq Scan",
                                                  "Parent Relationship": "Outer",
                                                  "Parallel Aware": true,
                                                  "Async Capable": false,
                                                  "Relation Name": "customer",
                                                  "Alias": "c",
                                                  "Startup Cost": 0.0,
                                                  "Total Cost": 4370.0,
                                                  "Plan Rows": 62500,
                                                  "Plan Width": 8,
                                                  "Actual Startup Time": 0.253,
                                                  "Actual Total Time": 15.945,
                                                  "Actual Rows": 50000,
                                                  "Actual Loops": 3,
                                                  "Shared Hit Blocks": 671,
                                                  "Shared Read Blocks": 3074,
                                                  "Shared Dirtied Blocks": 0,
                                                  "Shared Written Blocks": 0,
                                                  "Local Hit Blocks": 0,
                                                  "Local Read Blocks": 0,
                                                  "Local Dirtied Blocks": 0,
                                                  "Local Written Blocks": 0,
                                                  "Temp Read Blocks": 0,
                                                  "Temp Written Blocks": 0,
                                                  "Workers": []
                                                },
                                                {
                                                  "Node Type": "Hash",
                                                  "Parent Relationship": "Inner",
                                                  "Parallel Aware": false,
                                                  "Async Capable": false,
                                                  "Startup Cost": 2.45,
                                                  "Total Cost": 2.45,
                                                  "Plan Rows": 5,
                                                  "Plan Width": 4,
                                                  "Actual Startup Time": 0.482,
                                                  "Actual Total Time": 0.484,
                                                  "Actual Rows": 5,
                                                  "Actual Loops": 3,
                                                  "Hash Buckets": 1024,
                                                  "Original Hash Buckets": 1024,
                                                  "Hash Batches": 1,
                                                  "Original Hash Batches": 1,
                                                  "Peak Memory Usage": 9,
                                                  "Shared Hit Blocks": 6,
                                                  "Shared Read Blocks": 0,
                                                  "Shared Dirtied Blocks": 0,
                                                  "Shared Written Blocks": 0,
                                                  "Local Hit Blocks": 0,
                                                  "Local Read Blocks": 0,
                                                  "Local Dirtied Blocks": 0,
                                                  "Local Written Blocks": 0,
                                                  "Temp Read Blocks": 0,
                                                  "Temp Written Blocks": 0,
                                                  "Workers": [],
                                                  "Plans": [
                                                    {
                                                      "Node Type": "Hash Join",
                                                      "Parent Relationship": "Outer",
                                                      "Parallel Aware": false,
                                                      "Async Capable": false,
                                                      "Join Type": "Inner",
                                                      "Startup Cost": 1.07,
                                                      "Total Cost": 2.45,
                                                      "Plan Rows": 5,
                                                      "Plan Width": 4,
                                                      "Actual Startup Time": 0.468,
                                                      "Actual Total Time": 0.476,
                                                      "Actual Rows": 5,
                                                      "Actual Loops": 3,
                                                      "Inner Unique": true,
                                                      "Hash Cond": "(n1.n_regionkey = r.r_regionkey)",
                                                      "Shared Hit Blocks": 6,
                                                      "Shared Read Blocks": 0,
                                                      "Shared Dirtied Blocks": 0,
                                                      "Shared Written Blocks": 0,
                                                      "Local Hit Blocks": 0,
                                                      "Local Read Blocks": 0,
                                                      "Local Dirtied Blocks": 0,
                                                      "Local Written Blocks": 0,
                                                      "Temp Read Blocks": 0,
                                                      "Temp Written Blocks": 0,
                                                      "Workers": [],
                                                      "Plans": [
                                                        {
                                                          "Node Type": "Seq Scan",
                                                          "Parent Relationship": "Outer",
                                                          "Parallel Aware": false,
                                                          "Async Capable": false,
                                                          "Relation Name": "nation",
                                                          "Alias": "n1",
                                                          "Startup Cost": 0.0,
                                                          "Total Cost": 1.25,
                                                          "Plan Rows": 25,
                                                          "Plan Width": 8,
                                                          "Actual Startup Time": 0.014,
                                                          "Actual Total Time": 0.016,
                                                          "Actual Rows": 25,
                                                          "Actual Loops": 3,
                                                          "Shared Hit Blocks": 3,
                                                          "Shared Read Blocks": 0,
                                                          "Shared Dirtied Blocks": 0,
                                                          "Shared Written Blocks": 0,
                                                          "Local Hit Blocks": 0,
                                                          "Local Read Blocks": 0,
                                                          "Local Dirtied Blocks": 0,
                                                          "Local Written Blocks": 0,
                                                          "Temp Read Blocks": 0,
                                                          "Temp Written Blocks": 0,
                                                          "Workers": []
                                                        },
                                                        {
                                                          "Node Type": "Hash",
                                                          "Parent Relationship": "Inner",
                                                          "Parallel Aware": false,
                                                          "Async Capable": false,
                                                          "Startup Cost": 1.06,
                                                          "Total Cost": 1.06,
                                                          "Plan Rows": 1,
                                                          "Plan Width": 4,
                                                          "Actual Startup Time": 0.431,
                                                          "Actual Total Time": 0.432,
                                                          "Actual Rows": 1,
                                                          "Actual Loops": 3,
                                                          "Hash Buckets": 1024,
                                                          "Original Hash Buckets": 1024,
                                                          "Hash Batches": 1,
                                                          "Original Hash Batches": 1,
                                                          "Peak Memory Usage": 9,
                                                          "Shared Hit Blocks": 3,
                                                          "Shared Read Blocks": 0,
                                                          "Shared Dirtied Blocks": 0,
                                                          "Shared Written Blocks": 0,
                                                          "Local Hit Blocks": 0,
                                                          "Local Read Blocks": 0,
                                                          "Local Dirtied Blocks": 0,
                                                          "Local Written Blocks": 0,
                                                          "Temp Read Blocks": 0,
                                                          "Temp Written Blocks": 0,
                                                          "Workers": [],
                                                          "Plans": [
                                                            {
                                                              "Node Type": "Seq Scan",
                                                              "Parent Relationship": "Outer",
                                                              "Parallel Aware": false,
                                                              "Async Capable": false,
                                                              "Relation Name": "region",
                                                              "Alias": "r",
                                                              "Startup Cost": 0.0,
                                                              "Total Cost": 1.06,
                                                              "Plan Rows": 1,
                                                              "Plan Width": 4,
                                                              "Actual Startup Time": 0.417,
                                                              "Actual Total Time": 0.419,
                                                              "Actual Rows": 1,
                                                              "Actual Loops": 3,
                                                              "Filter": "(r_name = 'ASIA'::bpchar)",
                                                              "Rows Removed by Filter": 4,
                                                              "Shared Hit Blocks": 3,
                                                              "Shared Read Blocks": 0,
                                                              "Shared Dirtied Blocks": 0,
                                                              "Shared Written Blocks": 0,
                                                              "Local Hit Blocks": 0,
                                                              "Local Read Blocks": 0,
                                                              "Local Dirtied Blocks": 0,
                                                              "Local Written Blocks": 0,
                                                              "Temp Read Blocks": 0,
                                                              "Temp Written Blocks": 0,
                                                              "Workers": []
                                                            }
                                                          ]
                                                        }
                                                      ]
                                                    }
                                                  ]
                                                }
                                              ]
                                            }
                                          ]
                                        }
                                      ]
                                    },
                                    {
                                      "Node Type": "Index Scan",
                                      "Parent Relationship": "Inner",
                                      "Parallel Aware": false,
                                      "Async Capable": false,
                                      "Scan Direction": "Forward",
                                      "Index Name": "pk_lineitem",
                                      "Relation Name": "lineitem",
                                      "Alias": "l",
                                      "Startup Cost": 0.43,
                                      "Total Cost": 1.98,
                                      "Plan Rows": 16,
                                      "Plan Width": 28,
                                      "Actual Startup Time": 0.018,
                                      "Actual Total Time": 0.02,
                                      "Actual Rows": 4,
                                      "Actual Loops": 91707,
                                      "Index Cond": "(l_orderkey = o.o_orderkey)",
                                      "Rows Removed by Index Recheck": 0,
                                      "Shared Hit Blocks": 282145,
                                      "Shared Read Blocks": 90412,
                                      "Shared Dirtied Blocks": 0,
                                      "Shared Written Blocks": 0,
                                      "Local Hit Blocks": 0,
                                      "Local Read Blocks": 0,
                                      "Local Dirtied Blocks": 0,
                                      "Local Written Blocks": 0,
                                      "Temp Read Blocks": 0,
                                      "Temp Written Blocks": 0,
                                      "Workers": []
                                    }
                                  ]
                                },
                                {
                                  "Node Type": "Hash",
                                  "Parent Relationship": "Inner",
                                  "Parallel Aware": true,
                                  "Async Capable": false,
                                  "Startup Cost": 5345.67,
                                  "Total Cost": 5345.67,
                                  "Plan Rows": 554,
                                  "Plan Width": 4,
                                  "Actual Startup Time": 17.453,
                                  "Actual Total Time": 17.453,
                                  "Actual Rows": 484,
                                  "Actual Loops": 3,
                                  "Hash Buckets": 2048,
                                  "Original Hash Buckets": 2048,
                                  "Hash Batches": 1,
                                  "Original Hash Batches": 1,
                                  "Peak Memory Usage": 80,
                                  "Shared Hit Blocks": 0,
                                  "Shared Read Blocks": 4304,
                                  "Shared Dirtied Blocks": 0,
                                  "Shared Written Blocks": 0,
                                  "Local Hit Blocks": 0,
                                  "Local Read Blocks": 0,
                                  "Local Dirtied Blocks": 0,
                                  "Local Written Blocks": 0,
                                  "Temp Read Blocks": 0,
                                  "Temp Written Blocks": 0,
                                  "Workers": [],
                                  "Plans": [
                                    {
                                      "Node Type": "Seq Scan",
                                      "Parent Relationship": "Outer",
                                      "Parallel Aware": true,
                                      "Async Capable": false,
                                      "Relation Name": "part",
                                      "Alias": "p",
                                      "Startup Cost": 0.0,
                                      "Total Cost": 5345.67,
                                      "Plan Rows": 554,
                                      "Plan Width": 4,
                                      "Actual Startup Time": 0.108,
                                      "Actual Total Time": 51.749,
                                      "Actual Rows": 1451,
                                      "Actual Loops": 1,
                                      "Filter": "((p_type)::text = 'ECONOMY ANODIZED STEEL'::text)",
                                      "Rows Removed by Filter": 198549,
                                      "Shared Hit Blocks": 0,
                                      "Shared Read Blocks": 4304,
                                      "Shared Dirtied Blocks": 0,
                                      "Shared Written Blocks": 0,
                                      "Local Hit Blocks": 0,
                                      "Local Read Blocks": 0,
                                      "Local Dirtied Blocks": 0,
                                      "Local Written Blocks": 0,
                                      "Temp Read Blocks": 0,
                                      "Temp Written Blocks": 0,
                                      "Workers": []
                                    }
                                  ]
                                }
                              ]
                            },
                            {
                              "Node Type": "Index Scan",
                              "Parent Relationship": "Inner",
                              "Parallel Aware": false,
                              "Async Capable": false,
                              "Scan Direction": "Forward",
                              "Index Name": "pk_supplier",
                              "Relation Name": "supplier",
                              "Alias": "s",
                              "Startup Cost": 0.29,
                              "Total Cost": 0.3,
                              "Plan Rows": 1,
                              "Plan Width": 8,
                              "Actual Startup Time": 0.007,
                              "Actual Total Time": 0.007,
                              "Actual Rows": 1,
                              "Actual Loops": 2711,
                              "Index Cond": "(s_suppkey = l.l_suppkey)",
                              "Rows Removed by Index Recheck": 0,
                              "Shared Hit Blocks": 7696,
                              "Shared Read Blocks": 439,
                              "Shared Dirtied Blocks": 0,
                              "Shared Written Blocks": 0,
                              "Local Hit Blocks": 0,
                              "Local Read Blocks": 0,
                              "Local Dirtied Blocks": 0,
                              "Local Written Blocks": 0,
                              "Temp Read Blocks": 0,
                              "Temp Written Blocks": 0,
                              "Workers": []
                            }
                          ]
                        },
                        {
                          "Node Type": "Hash",
                          "Parent Relationship": "Inner",
                          "Parallel Aware": false,
                          "Async Capable": false,
                          "Startup Cost": 1.25,
                          "Total Cost": 1.25,
                          "Plan Rows": 25,
                          "Plan Width": 30,
                          "Actual Startup Time": 0.436,
                          "Actual Total Time": 0.437,
                          "Actual Rows": 25,
                          "Actual Loops": 3,
                          "Hash Buckets": 1024,
                          "Original Hash Buckets": 1024,
                          "Hash Batches": 1,
                          "Original Hash Batches": 1,
                          "Peak Memory Usage": 10,
                          "Shared Hit Blocks": 3,
                          "Shared Read Blocks": 0,
                          "Shared Dirtied Blocks": 0,
                          "Shared Written Blocks": 0,
                          "Local Hit Blocks": 0,
                          "Local Read Blocks": 0,
                          "Local Dirtied Blocks": 0,
                          "Local Written Blocks": 0,
                          "Temp Read Blocks": 0,
                          "Temp Written Blocks": 0,
                          "Workers": [],
                          "Plans": [
                            {
                              "Node Type": "Seq Scan",
                              "Parent Relationship": "Outer",
                              "Parallel Aware": false,
                              "Async Capable": false,
                              "Relation Name": "nation",
                              "Alias": "n2",
                              "Startup Cost": 0.0,
                              "Total Cost": 1.25,
                              "Plan Rows": 25,
                              "Plan Width": 30,
                              "Actual Startup Time": 0.418,
                              "Actual Total Time": 0.422,
                              "Actual Rows": 25,
                              "Actual Loops": 3,
                              "Shared Hit Blocks": 3,
                              "Shared Read Blocks": 0,
                              "Shared Dirtied Blocks": 0,
                              "Shared Written Blocks": 0,
                              "Local Hit Blocks": 0,
                              "Local Read Blocks": 0,
                              "Local Dirtied Blocks": 0,
                              "Local Written Blocks": 0,
                              "Temp Read Blocks": 0,
                              "Temp Written Blocks": 0,
                              "Workers": []
                            }
                          ]
                        }
                      ]
                    }
                  ]
                }
              ]
            }
          ]
        }
      ]
    },
    "Planning": {
      "Shared Hit Blocks": 477,
      "Shared Read Blocks": 53,
      "Shared Dirtied Blocks": 0,
      "Shared Written Blocks": 0,
      "Local Hit Blocks": 0,
      "Local Read Blocks": 0,
      "Local Dirtied Blocks": 0,
      "Local Written Blocks": 0,
      "Temp Read Blocks": 0,
      "Temp Written Blocks": 0
    },
    "Planning Time": 21.105,
    "Triggers": [],
    "Execution Time": 948.903
  }
]