{
  "Node Type": "Group",
  "Parallel Aware": false,
  "Async Capable": false,
  "Startup Cost": 124052.91,
  "Total Cost": 124896.65,
  "Plan Rows": 7395,
  "Plan Width": 43,
  "Group Key": [
    "(\"substring\"((c.c_address)::text, (length((c.c_address)::text) - 4)))",
    "p.p_brand"
  ],
  "Plans": [
    {
      "Node Type": "Gather Merge",
      "Parent Relationship": "Outer",
      "Parallel Aware": false,
      "Async Capable": false,
      "Startup Cost": 124052.91,
      "Total Cost": 124810.37,
      "Plan Rows": 6162,
      "Plan Width": 43,
      "Workers Planned": 2,
      "Workers Launched": 2,
      "Plans": [
        {
          "Node Type": "Group",
          "Parent Relationship": "Outer",
          "Parallel Aware": false,
          "Async Capable": false,
          "Startup Cost": 123052.89,
          "Total Cost": 123099.1,
          "Plan Rows": 3081,
          "Plan Width": 43,
          "Group Key": [
            "(\"substring\"((c.c_address)::text, (length((c.c_address)::text) - 4)))",
            "p.p_brand"
          ],
          "Workers": [],
          "Plans": [
            {
              "Node Type": "Sort",
              "Parent Relationship": "Outer",
              "Parallel Aware": false,
              "Async Capable": false,
              "Startup Cost": 123052.89,
              "Total Cost": 123060.59,
              "Plan Rows": 3081,
              "Plan Width": 43,
              "Sort Key": [
                "(\"substring\"((c.c_address)::text, (length((c.c_address)::text) - 4)))",
                "p.p_brand"
              ],
              "Sort Method": "quicksort",
              "Sort Space Used": 2041,
              "Sort Space Type": "Memory",
              "Workers": [
                {
                  "Worker Number": 0,
                  "Sort Method": "quicksort",
                  "Sort Space Used": 3107,
                  "Sort Space Type": "Memory"
                },
                {
                  "Worker Number": 1,
                  "Sort Method": "quicksort",
                  "Sort Space Used": 3200,
                  "Sort Space Type": "Memory"
                }
              ],
              "Plans": [
                {
                  "Node Type": "Nested Loop",
                  "Parent Relationship": "Outer",
                  "Parallel Aware": false,
                  "Async Capable": false,
                  "Join Type": "Inner",
                  "Startup Cost": 116377.31,
                  "Total Cost": 122874.36,
                  "Plan Rows": 3081,
                  "Plan Width": 43,
                  "Inner Unique": true,
                  "Workers": [],
                  "Plans": [
                    {
                      "Node Type": "Hash Join",
                      "Parent Relationship": "Outer",
                      "Parallel Aware": true,
                      "Async Capable": false,
                      "Join Type": "Inner",
                      "Startup Cost": 116376.89,
                      "Total Cost": 121462.86,
                      "Plan Rows": 3081,
                      "Plan Width": 29,
                      "Inner Unique": false,
                      "Hash Cond": "(c.c_custkey = o.o_custkey)",
                      "Workers": [],
                      "Plans": [
                        {
                          "Node Type": "Seq Scan",
                          "Parent Relationship": "Outer",
                          "Parallel Aware": true,
                          "Async Capable": false,
                          "Relation Name": "customer",
                          "Alias": "c",
                          "Startup Cost": 0.0,
                          "Total Cost": 4370.0,
                          "Plan Rows": 62500,
                          "Plan Width": 29,
                          "Workers": []
                        },
                        {
                          "Node Type": "Hash",
                          "Parent Relationship": "Inner",
                          "Parallel Aware": true,
                          "Async Capable": false,
                          "Startup Cost": 116338.38,
                          "Total Cost": 116338.38,
                          "Plan Rows": 3081,
                          "Plan Width": 8,
                          "Hash Buckets": 131072,
                          "Original Hash Buckets": 8192,
                          "Hash Batches": 1,
                          "Original Hash Batches": 1,
                          "Peak Memory Usage": 6528,
                          "Workers": [],
                          "Plans": [
                            {
                              "Node Type": "Nested Loop",
                              "Parent Relationship": "Outer",
                              "Parallel Aware": false,
                              "Async Capable": false,
                              "Join Type": "Inner",
                              "Startup Cost": 0.43,
                              "Total Cost": 116338.38,
                              "Plan Rows": 3081,
                              "Plan Width": 8,
                              "Inner Unique": false,
                              "Workers": [],
                              "Plans": [
                                {
                                  "Node Type": "Seq Scan",
                                  "Parent Relationship": "Outer",
                                  "Parallel Aware": true,
                                  "Async Capable": false,
                                  "Relation Name": "orders",
                                  "Alias": "o",
                                  "Startup Cost": 0.0,
                                  "Total Cost": 37713.0,
                                  "Plan Rows": 3125,
                                  "Plan Width": 12,
                                  "Filter": "(EXTRACT(year FROM o_orderdate) = '1995'::numeric)",
                                  "Rows Removed by Filter": 423788,
                                  "Workers": []
                                },
                                {
                                  "Node Type": "Index Scan",
                                  "Parent Relationship": "Inner",
                                  "Parallel Aware": false,
                                  "Async Capable": false,
                                  "Scan Direction": "Forward",
                                  "Index Name": "pk_lineitem",
                                  "Relation Name": "lineitem",
                                  "Alias": "l",
                                  "Startup Cost": 0.43,
                                  "Total Cost": 25.12,
                                  "Plan Rows": 4,
                                  "Plan Width": 12,
                                  "Index Cond": "(l_orderkey = o.o_orderkey)",
                                  "Rows Removed by Index Recheck": 0,
                                  "Filter": "(l_returnflag = 'R'::bpchar)",
                                  "Rows Removed by Filter": 3,
                                  "Workers": []
                                }
                              ]
                            }
                          ]
                        }
                      ]
                    },
                    {
                      "Node Type": "Index Scan",
                      "Parent Relationship": "Inner",
                      "Parallel Aware": false,
                      "Async Capable": false,
                      "Scan Direction": "Forward",
                      "Index Name": "pk_part",
                      "Relation Name": "part",
                      "Alias": "p",
                      "Startup Cost": 0.42,
                      "Total Cost": 0.45,
                      "Plan Rows": 1,
                      "Plan Width": 15,
                      "Index Cond": "(p_partkey = l.l_partkey)",
                      "Rows Removed by Index Recheck": 0,
                      "Workers": []
                    }
                  ]
                }
              ]
            }
          ]
        }
      ]
    }
  ]
}