[
  {
    "Plan": {
      "Node Type": "Aggregate",
      "Strategy": "Sorted",
      "Partial Mode": "Simple",
      "Parallel Aware": false,
      "Async Capable": false,
      "Startup Cost": 196396.84,
      "Total Cost": 205907.59,
      "Plan Rows": 5,
      "Plan Width": 24,
      "Actual Startup Time": 1147.779,
      "Actual Total Time": 1215.61,
      "Actual Rows": 5,
      "Actual Loops": 1,
      "Group Key": [
        "o.o_orderpriority"
      ],
      "Shared Hit Blocks": 10618,
      "Shared Read Blocks": 139432,
      "Shared Dirtied Blocks": 0,
      "Shared Written Blocks": 0,
      "Local Hit Blocks": 0,
      "Local Read Blocks": 0,
      "Local Dirtied Blocks": 0,
      "Local Written Blocks": 0,
      "Temp Read Blocks": 0,
      "Temp Written Blocks": 0,
      "Plans": [
        {
          "Node Type": "Gather Merge",
          "Parent Relationship": "Outer",
          "Parallel Aware": false,
          "Async Capable": false,
          "Startup Cost": 196396.84,
          "Total Cost": 205516.05,
          "Plan Rows": 78299,
          "Plan Width": 24,
          "Actual Startup Time": 1131.441,
          "Actual Total Time": 1189.9,
          "Actual Rows": 142723,
          "Actual Loops": 1,
          "Workers Planned": 2,
          "Workers Launched": 2,
          "Shared Hit Blocks": 10618,
          "Shared Read Blocks": 139432,
          "Shared Dirtied Blocks": 0,
          "Shared Written Blocks": 0,
          "Local Hit Blocks": 0,
          "Local Read Blocks": 0,
          "Local Dirtied Blocks": 0,
          "Local Written Blocks": 0,
          "Temp Read Blocks": 0,
          "Temp Written Blocks": 0,
          "Plans": [
            {
              "Node Type": "Sort",
              "Parent Relationship": "Outer",
              "Parallel Aware": false,
              "Async Capable": false,
              "Startup Cost": 195396.82,
              "Total Cost": 195478.38,
              "Plan Rows": 32625,
              "Plan Width": 24,
              "Actual Startup Time": 1066.035,
              "Actual Total Time": 1069.198,
              "Actual Rows": 47574,
              "Actual Loops": 3,
              "Sort Key": [
                "o.o_orderpriority",
                "o.o_orderkey"
              ],
              "Sort Method": "quicksort",
              "Sort Space Used": 1975,
              "Sort Space Type": "Memory",
              "Shared Hit Blocks": 10618,
              "Shared Read Blocks": 139432,
              "Shared Dirtied Blocks": 0,
              "Shared Written Blocks": 0,
              "Local Hit Blocks": 0,
              "Local Read Blocks": 0,
              "Local Dirtied Blocks": 0,
              "Local Written Blocks": 0,
              "Temp Read Blocks": 0,
              "Temp Written Blocks": 0,
              "Workers": [
                {
                  "Worker Number": 0,
                  "Sort Method": "quicksort",
                  "Sort Space Used": 3794,
                  "Sort Space Type": "Memory"
                },
                {
                  "Worker Number": 1,
                  "Sort Method": "quicksort",
                  "Sort Space Used": 3648,
                  "Sort Space Type": "Memory"
                }
              ],
              "Plans": [
                {
                  "Node Type": "Hash Join",
                  "Parent Relationship": "Outer",
                  "Parallel Aware": true,
                  "Async Capable": false,
                  "Join Type": "Inner",
                  "Startup Cost": 38018.78,
                  "Total Cost": 192950.97,
                  "Plan Rows": 32625,
                  "Plan Width": 24,
                  "Actual Startup Time": 128.767,
                  "Actual Total Time": 1001.048,
                  "Actual Rows": 47574,
                  "Actual Loops": 3,
                  "Inner Unique": true,
                  "Hash Cond": "(l.l_orderkey = o.o_orderkey)",
                  "Shared Hit Blocks": 10504,
                  "Shared Read Blocks": 139418,
                  "Shared Dirtied Blocks": 0,
                  "Shared Written Blocks": 0,
                  "Local Hit Blocks": 0,
                  "Local Read Blocks": 0,
                  "Local Dirtied Blocks": 0,
                  "Local Written Blocks": 0,
                  "Temp Read Blocks": 0,
                  "Temp Written Blocks": 0,
                  "Workers": [],
                  "Plans": [
                    {
                      "Node Type": "Seq Scan",
                      "Parent Relationship": "Outer",
                      "Parallel Aware": true,
                      "Async Capable": false,
                      "Relation Name": "lineitem",
                      "Alias": "l",
                      "Startup Cost": 0.0,
                      "Total Cost": 152744.11,
                      "Plan Rows": 833550,
                      "Plan Width": 8,
                      "Actual Startup Time": 0.645,
                      "Actual Total Time": 671.328,
                      "Actual Rows": 1264432,
                      "Actual Loops": 3,
                      "Filter": "(l_commitdate < l_receiptdate)",
                      "Rows Removed by Filter": 735973,
                      "Shared Hit Blocks": 10325,
                      "Shared Read Blocks": 111161,
                      "Shared Dirtied Blocks": 0,
                      "Shared Written Blocks": 0,
                      "Local Hit Blocks": 0,
                      "Local Read Blocks": 0,
                      "Local Dirtied Blocks": 0,
                      "Local Written Blocks": 0,
                      "Temp Read Blocks": 0,
                      "Temp Written Blocks": 0,
                      "Workers": []
                    },
                    {
                      "Node Type": "Hash",
                      "Parent Relationship": "Inner",
                      "Parallel Aware": true,
                      "Async Capable": false,
                      "Startup Cost": 37713.0,
                      "Total Cost": 37713.0,
                      "Plan Rows": 24462,
                      "Plan Width": 24,
                      "Actual Startup Time": 126.919,
                      "Actual Total Time": 126.92,
                      "Actual Rows": 18835,
                      "Actual Loops": 3,
                      "Hash Buckets": 65536,
                      "Original Hash Buckets": 65536,
                      "Hash Batches": 1,
                      "Original Hash Batches": 1,
                      "Peak Memory Usage": 3648,
                      "Shared Hit Blocks": 96,
                      "Shared Read Blocks": 28242,
                      "Shared Dirtied Blocks": 0,
                      "Shared Written Blocks": 0,
                      "Local Hit Blocks": 0,
                      "Local Read Blocks": 0,
                      "Local Dirtied Blocks": 0,
                      "Local Written Blocks": 0,
                      "Temp Read Blocks": 0,
                      "Temp Written Blocks": 0,
                      "Workers": [],
                      "Plans": [
                        {
                          "Node Type": "Seq Scan",
                          "Parent Relationship": "Outer",
                          "Parallel Aware": true,
                          "Async Capable": false,
                          "Relation Name": "orders",
                          "Alias": "o",
                          "Startup Cost": 0.0,
                          "Total Cost": 37713.0,
                          "Plan Rows": 24462,
                          "Plan Width": 24,
                          "Actual Startup Time": 0.681,
                          "Actual Total Time": 120.095,
                          "Actual Rows": 18835,
                          "Actual Loops": 3,
                          "Filter": "((o_orderdate >= '1995-01-01'::date) AND (o_orderdate <= '1995-03-31'::date))",
                          "Rows Removed by Filter": 481165,
                          "Shared Hit Blocks": 96,
                          "Shared Read Blocks": 28242,
                          "Shared Dirtied Blocks": 0,
                          "Shared Written Blocks": 0,
                          "Local Hit Blocks": 0,
                          "Local Read Blocks": 0,
                          "Local Dirtied Blocks": 0,
                          "Local Written Blocks": 0,
                          "Temp Read Blocks": 0,
                          "Temp Written Blocks": 0,
                          "Workers": []
                        }
                      ]
                    }
                  ]
                }
              ]
            }
          ]
        }
      ]
    },
    "Planning": {
      "Shared Hit Blocks": 5,
      "Shared Read Blocks": 11,
      "Shared Dirtied Blocks": 0,
      "Shared Written Blocks": 0,
      "Local Hit Blocks": 0,
      "Local Read Blocks": 0,
      "Local Dirtied Blocks": 0,
      "Local Written Blocks": 0,
      "Temp Read Blocks": 0,
      "Temp Written Blocks": 0
    },
    "Planning Time": 0.294,
    "Triggers": [],
    "Execution Time": 1216.353
  }
]