[
  {
    "Plan": {
      "Node Type": "Sort",
      "Parallel Aware": false,
      "Async Capable": false,
      "Startup Cost": 761431.08,
      "Total Cost": 762648.15,
      "Plan Rows": 486826,
      "Plan Width": 75,
      "Actual Startup Time": 4393.309,
      "Actual Total Time": 4404.649,
      "Actual Rows": 57,
      "Actual Loops": 1,
      "Sort Key": [
        "o.o_totalprice DESC",
        "o.o_orderdate"
      ],
      "Sort Method": "quicksort",
      "Sort Space Used": 29,
      "Sort Space Type": "Memory",
      "Shared Hit Blocks": 263153,
      "Shared Read Blocks": 211675,
      "Shared Dirtied Blocks": 0,
      "Shared Written Blocks": 0,
      "Local Hit Blocks": 0,
      "Local Read Blocks": 0,
      "Local Dirtied Blocks": 0,
      "Local Written Blocks": 0,
      "Temp Read Blocks": 0,
      "Temp Written Blocks": 0,
      "Plans": [
        {
          "Node Type": "Aggregate",
          "Strategy": "Sorted",
          "Partial Mode": "Finalize",
          "Parent Relationship": "Outer",
          "Parallel Aware": false,
          "Async Capable": false,
          "Startup Cost": 632276.8,
          "Total Cost": 693809.45,
          "Plan Rows": 486826,
          "Plan Width": 75,
          "Actual Startup Time": 4393.182,
          "Actual Total Time": 4404.608,
          "Actual Rows": 57,
          "Actual Loops": 1,
          "Group Key": [
            "c.c_custkey",
            "o.o_orderkey"
          ],
          "Shared Hit Blocks": 263153,
          "Shared Read Blocks": 211675,
          "Shared Dirtied Blocks": 0,
          "Shared Written Blocks": 0,
          "Local Hit Blocks": 0,
          "Local Read Blocks": 0,
          "Local Dirtied Blocks": 0,
          "Local Written Blocks": 0,
          "Temp Read Blocks": 0,
          "Temp Written Blocks": 0,
          "Plans": [
            {
              "Node Type": "Gather Merge",
              "Parent Relationship": "Outer",
              "Parallel Aware": false,
              "Async Capable": false,
              "Startup Cost": 632276.8,
              "Total Cost": 683667.25,
              "Plan Rows": 405688,
              "Plan Width": 75,
              "Actual Startup Time": 4393.172,
              "Actual Total Time": 4404.543,
              "Actual Rows": 57,
              "Actual Loops": 1,
              "Workers Planned": 2,
              "Workers Launched": 2,
              "Shared Hit Blocks": 263153,
              "Shared Read Blocks": 211675,
              "Shared Dirtied Blocks": 0,
              "Shared Written Blocks": 0,
              "Local Hit Blocks": 0,
              "Local Read Blocks": 0,
              "Local Dirtied Blocks": 0,
              "Local Written Blocks": 0,
              "Temp Read Blocks": 0,
              "Temp Written Blocks": 0,
              "Plans": [
                {
                  "Node Type": "Aggregate",
                  "Strategy": "Sorted",
                  "Partial Mode": "Partial",
                  "Parent Relationship": "Outer",
                  "Parallel Aware": false,
                  "Async Capable": false,
                  "Startup Cost": 631276.77,
                  "Total Cost": 635840.76,
                  "Plan Rows": 202844,
                  "Plan Width": 75,
                  "Actual Startup Time": 4353.968,
                  "Actual Total Time": 4354.006,
                  "Actual Rows": 19,
                  "Actual Loops": 3,
                  "Group Key": [
                    "c.c_custkey",
                    "o.o_orderkey"
                  ],
                  "Shared Hit Blocks": 263153,
                  "Shared Read Blocks": 211675,
                  "Shared Dirtied Blocks": 0,
                  "Shared Written Blocks": 0,
                  "Local Hit Blocks": 0,
                  "Local Read Blocks": 0,
                  "Local Dirtied Blocks": 0,
                  "Local Written Blocks": 0,
                  "Temp Read Blocks": 0,
                  "Temp Written Blocks": 0,
                  "Workers": [],
                  "Plans": [
                    {
                      "Node Type": "Sort",
                      "Parent Relationship": "Outer",
                      "Parallel Aware": false,
                      "Async Capable": false,
                      "Startup Cost": 631276.77,
                      "Total Cost": 631783.88,
                      "Plan Rows": 202844,
                      "Plan Width": 48,
                      "Actual Startup Time": 4353.955,
                      "Actual Total Time": 4353.965,
                      "Actual Rows": 133,
                      "Actual Loops": 3,
                      "Sort Key": [
                        "c.c_custkey",
                        "o.o_orderkey"
                      ],
                      "Sort Method": "quicksort",
                      "Sort Space Used": 28,
                      "Sort Space Type": "Memory",
                      "Shared Hit Blocks": 263153,
                      "Shared Read Blocks": 211675,
                      "Shared Dirtied Blocks": 0,
                      "Shared Written Blocks": 0,
                      "Local Hit Blocks": 0,
                      "Local Read Blocks": 0,
                      "Local Dirtied Blocks": 0,
                      "Local Written Blocks": 0,
                      "Temp Read Blocks": 0,
                      "Temp Written Blocks": 0,
                      "Workers": [
                        {
                          "Worker Number": 0,
                          "Sort Method": "quicksort",
                          "Sort Space Used": 36,
                          "Sort Space Type": "Memory"
                        },
                        {
                          "Worker Number": 1,
                          "Sort Method": "quicksort",
                          "Sort Space Used": 37,
                          "Sort Space Type": "Memory"
                        }
                      ],
                      "Plans": [
                        {
                          "Node Type": "Nested Loop",
                          "Parent Relationship": "Outer",
                          "Parallel Aware": false,
                          "Async Capable": false,
                          "Join Type": "Inner",
                          "Startup Cost": 505505.85,
                          "Total Cost": 607155.56,
                          "Plan Rows": 202844,
                          "Plan Width": 48,
                          "Actual Startup Time": 3970.125,
                          "Actual Total Time": 4353.841,
                          "Actual Rows": 133,
                          "Actual Loops": 3,
                          "Inner Unique": false,
                          "Shared Hit Blocks": 263123,
                          "Shared Read Blocks": 211675,
                          "Shared Dirtied Blocks": 0,
                          "Shared Written Blocks": 0,
                          "Local Hit Blocks": 0,
                          "Local Read Blocks": 0,
                          "Local Dirtied Blocks": 0,
                          "Local Written Blocks": 0,
                          "Temp Read Blocks": 0,
                          "Temp Written Blocks": 0,
                          "Workers": [],
                          "Plans": [
                            {
                              "Node Type": "Hash Join",
                              "Parent Relationship": "Outer",
                              "Parallel Aware": false,
                              "Async Capable": false,
                              "Join Type": "Inner",
                              "Startup Cost": 505505.41,
                              "Total Cost": 543374.71,
                              "Plan Rows": 50698,
                              "Plan Width": 51,
                              "Actual Startup Time": 3970.002,
                              "Actual Total Time": 4352.524,
                              "Actual Rows": 19,
                              "Actual Loops": 3,
                              "Inner Unique": true,
                              "Hash Cond": "(o.o_orderkey = lineitem.l_orderkey)",
                              "Shared Hit Blocks": 263037,
                              "Shared Read Blocks": 211525,
                              "Shared Dirtied Blocks": 0,
                              "Shared Written Blocks": 0,
                              "Local Hit Blocks": 0,
                              "Local Read Blocks": 0,
                              "Local Dirtied Blocks": 0,
                              "Local Written Blocks": 0,
                              "Temp Read Blocks": 0,
                              "Temp Written Blocks": 0,
                              "Workers": [],
                              "Plans": [
                                {
                                  "Node Type": "Hash Join",
                                  "Parent Relationship": "Outer",
                                  "Parallel Aware": true,
                                  "Async Capable": false,
                                  "Join Type": "Inner",
                                  "Startup Cost": 5151.25,
                                  "Total Cost": 41379.92,
                                  "Plan Rows": 625000,
                                  "Plan Width": 43,
                                  "Actual Startup Time": 37.603,
                                  "Actual Total Time": 349.505,
                                  "Actual Rows": 500000,
                                  "Actual Loops": 3,
                                  "Inner Unique": true,
                                  "Hash Cond": "(o.o_custkey = c.c_custkey)",
                                  "Shared Hit Blocks": 23,
                                  "Shared Read Blocks": 32082,
                                  "Shared Dirtied Blocks": 0,
                                  "Shared Written Blocks": 0,
                                  "Local Hit Blocks": 0,
                                  "Local Read Blocks": 0,
                                  "Local Dirtied Blocks": 0,
                                  "Local Written Blocks": 0,
                                  "Temp Read Blocks": 0,
                                  "Temp Written Blocks": 0,
                                  "Workers": [],
                                  "Plans": [
                                    {
                                      "Node Type": "Seq Scan",
                                      "Parent Relationship": "Outer",
                                      "Parallel Aware": true,
                                      "Async Capable": false,
                                      "Relation Name": "orders",
                                      "Alias": "o",
                                      "Startup Cost": 0.0,
                                      "Total Cost": 34588.0,
                                      "Plan Rows": 625000,
                                      "Plan Width": 24,
                                      "Actual Startup Time": 0.368,
                                      "Actual Total Time": 88.691,
                                      "Actual Rows": 500000,
                                      "Actual Loops": 3,
                                      "Shared Hit Blocks": 1,
                                      "Shared Read Blocks": 28337,
                                      "Shared Dirtied Blocks": 0,
                                      "Shared Written Blocks": 0,
                                      "Local Hit Blocks": 0,
                                      "Local Read Blocks": 0,
                                      "Local Dirtied Blocks": 0,
                                      "Local Written Blocks": 0,
                                      "Temp Read Blocks": 0,
                                      "Temp Written Blocks": 0,
                                      "Workers": []
                                    },
                                    {
                                      "Node Type": "Hash",
                                      "Parent Relationship": "Inner",
                                      "Parallel Aware": true,
                                      "Async Capable": false,
                                      "Startup Cost": 4370.0,
                                      "Total Cost": 4370.0,
                                      "Plan Rows": 62500,
                                      "Plan Width": 23,
                                      "Actual Startup Time": 36.821,
                                      "Actual Total Time": 36.821,
                                      "Actual Rows": 50000,
                                      "Actual Loops": 3,
                                      "Hash Buckets": 262144,
                                      "Original Hash Buckets": 262144,
                                      "Hash Batches": 1,
                                      "Original Hash Batches": 1,
                                      "Peak Memory Usage": 10304,
                                      "Shared Hit Blocks": 0,
                                      "Shared Read Blocks": 3745,
                                      "Shared Dirtied Blocks": 0,
                                      "Shared Written Blocks": 0,
                                      "Local Hit Blocks": 0,
                                      "Local Read Blocks": 0,
                                      "Local Dirtied Blocks": 0,
                                      "Local Written Blocks": 0,
                                      "Temp Read Blocks": 0,
                                      "Temp Written Blocks": 0,
                                      "Workers": [],
                                      "Plans": [
                                        {
                                          "Node Type": "Seq Scan",
                                          "Parent Relationship": "Outer",
                                          "Parallel Aware": true,
                                          "Async Capable": false,
                                          "Relation Name": "customer",
                                          "Alias": "c",
                                          "Startup Cost": 0.0,
                                          "Total Cost": 4370.0,
                                          "Plan Rows": 62500,
                                          "Plan Width": 23,
                                          "Actual Startup Time": 0.485,
                                          "Actual Total Time": 19.029,
                                          "Actual Rows": 50000,
                                          "Actual Loops": 3,
                                          "Shared Hit Blocks": 0,
                                          "Shared Read Blocks": 3745,
                                          "Shared Dirtied Blocks": 0,
                                          "Shared Written Blocks": 0,
                                          "Local Hit Blocks": 0,
                                          "Local Read Blocks": 0,
                                          "Local Dirtied Blocks": 0,
                                          "Local Written Blocks": 0,
                                          "Temp Read Blocks": 0,
                                          "Temp Written Blocks": 0,
                                          "Workers": []
                                        }
                                      ]
                                    }
                                  ]
                                },
                                {
                                  "Node Type": "Hash",
                                  "Parent Relationship": "Inner",
                                  "Parallel Aware": false,
                                  "Async Capable": false,
                                  "Startup Cost": 498833.23,
                                  "Total Cost": 498833.23,
                                  "Plan Rows": 121675,
                                  "Plan Width": 8,
                                  "Actual Startup Time": 3927.243,
                                  "Actual Total Time": 3927.244,
                                  "Actual Rows": 57,
                                  "Actual Loops": 3,
                                  "Hash Buckets": 131072,
                                  "Original Hash Buckets": 131072,
                                  "Hash Batches": 1,
                                  "Original Hash Batches": 1,
                                  "Peak Memory Usage": 1027,
                                  "Shared Hit Blocks": 262991,
                                  "Shared Read Blocks": 179442,
                                  "Shared Dirtied Blocks": 0,
                                  "Shared Written Blocks": 0,
                                  "Local Hit Blocks": 0,
                                  "Local Read Blocks": 0,
                                  "Local Dirtied Blocks": 0,
                                  "Local Written Blocks": 0,
                                  "Temp Read Blocks": 0,
                                  "Temp Written Blocks": 0,
                                  "Workers": [],
                                  "Plans": [
                                    {
                                      "Node Type": "Aggregate",
                                      "Strategy": "Sorted",
                                      "Partial Mode": "Simple",
                                      "Parent Relationship": "Outer",
                                      "Parallel Aware": false,
                                      "Async Capable": false,
                                      "Startup Cost": 0.43,
                                      "Total Cost": 498833.23,
                                      "Plan Rows": 121675,
                                      "Plan Width": 8,
                                      "Actual Startup Time": 7.226,
                                      "Actual Total Time": 3927.081,
                                      "Actual Rows": 57,
                                      "Actual Loops": 3,
                                      "Group Key": [
                                        "lineitem.l_orderkey"
                                      ],
                                      "Filter": "(sum(lineitem.l_quantity) > '300'::numeric)",
                                      "Rows Removed by Filter": 1499943,
                                      "Shared Hit Blocks": 262991,
                                      "Shared Read Blocks": 179442,
                                      "Shared Dirtied Blocks": 0,
                                      "Shared Written Blocks": 0,
                                      "Local Hit Blocks": 0,
                                      "Local Read Blocks": 0,
                                      "Local Dirtied Blocks": 0,
                                      "Local Written Blocks": 0,
                                      "Temp Read Blocks": 0,
                                      "Temp Written Blocks": 0,
                                      "Workers": [],
                                      "Plans": [
                                        {
                                          "Node Type": "Index Scan",
                                          "Parent Relationship": "Outer",
                                          "Parallel Aware": false,
                                          "Async Capable": false,
                                          "Scan Direction": "Forward",
                                          "Index Name": "pk_lineitem",
                                          "Relation Name": "lineitem",
                                          "Alias": "lineitem",
                                          "Startup Cost": 0.43,
                                          "Total Cost": 463350.06,
                                          "Plan Rows": 6001558,
                                          "Plan Width": 13,
                                          "Actual Startup Time": 0.459,
                                          "Actual Total Time": 2264.677,
                                          "Actual Rows": 6001215,
                                          "Actual Loops": 3,
                                          "Shared Hit Blocks": 262991,
                                          "Shared Read Blocks": 179442,
                                          "Shared Dirtied Blocks": 0,
                                          "Shared Written Blocks": 0,
                                          "Local Hit Blocks": 0,
                                          "Local Read Blocks": 0,
                                          "Local Dirtied Blocks": 0,
                                          "Local Written Blocks": 0,
                                          "Temp Read Blocks": 0,
                                          "Temp Written Blocks": 0,
                                          "Workers": []
                                        }
                                      ]
                                    }
                                  ]
                                }
                              ]
                            },
                            {
                              "Node Type": "Index Scan",
                              "Parent Relationship": "Inner",
                              "Parallel Aware": false,
                              "Async Capable": false,
                              "Scan Direction": "Forward",
                              "Index Name": "pk_lineitem",
                              "Relation Name": "lineitem",
                              "Alias": "l",
                              "Startup Cost": 0.43,
                              "Total Cost": 1.1,
                              "Plan Rows": 16,
                              "Plan Width": 13,
                              "Actual Startup Time": 0.06,
                              "Actual Total Time": 0.062,
                              "Actual Rows": 7,
                              "Actual Loops": 57,
                              "Index Cond": "(l_orderkey = o.o_orderkey)",
                              "Rows Removed by Index Recheck": 0,
                              "Shared Hit Blocks": 86,
                              "Shared Read Blocks": 150,
                              "Shared Dirtied Blocks": 0,
                              "Shared Written Blocks": 0,
                              "Local Hit Blocks": 0,
                              "Local Read Blocks": 0,
                              "Local Dirtied Blocks": 0,
                              "Local Written Blocks": 0,
                              "Temp Read Blocks": 0,
                              "Temp Written Blocks": 0,
                              "Workers": []
                            }
                          ]
                        }
                      ]
                    }
                  ]
                }
              ]
            }
          ]
        }
      ]
    },
    "Planning": {
      "Shared Hit Blocks": 21,
      "Shared Read Blocks": 9,
      "Shared Dirtied Blocks": 0,
      "Shared Written Blocks": 0,
      "Local Hit Blocks": 0,
      "Local Read Blocks": 0,
      "Local Dirtied Blocks": 0,
      "Local Written Blocks": 0,
      "Temp Read Blocks": 0,
      "Temp Written Blocks": 0
    },
    "Planning Time": 0.594,
    "Triggers": [],
    "Execution Time": 4404.876
  }
]