[
  {
    "Plan": {
      "Node Type": "Sort",
      "Parallel Aware": false,
      "Async Capable": false,
      "Startup Cost": 299143.46,
      "Total Cost": 299143.47,
      "Plan Rows": 1,
      "Plan Width": 51,
      "Actual Startup Time": 4977.468,
      "Actual Total Time": 4977.554,
      "Actual Rows": 1141,
      "Actual Loops": 1,
      "Sort Key": [
        "s.s_name"
      ],
      "Sort Method": "quicksort",
      "Sort Space Used": 129,
      "Sort Space Type": "Memory",
      "Shared Hit Blocks": 10530,
      "Shared Read Blocks": 120051,
      "Shared Dirtied Blocks": 0,
      "Shared Written Blocks": 0,
      "Local Hit Blocks": 0,
      "Local Read Blocks": 0,
      "Local Dirtied Blocks": 0,
      "Local Written Blocks": 0,
      "Temp Read Blocks": 4395,
      "Temp Written Blocks": 12014,
      "Plans": [
        {
          "Node Type": "Nested Loop",
          "Parent Relationship": "Outer",
          "Parallel Aware": false,
          "Async Capable": false,
          "Join Type": "Inner",
          "Startup Cost": 280493.51,
          "Total Cost": 299143.45,
          "Plan Rows": 1,
          "Plan Width": 51,
          "Actual Startup Time": 3805.548,
          "Actual Total Time": 4972.713,
          "Actual Rows": 1141,
          "Actual Loops": 1,
          "Inner Unique": true,
          "Join Filter": "((s.s_suppkey = ps.ps_suppkey) AND (ps.ps_partkey = p.p_partkey))",
          "Rows Removed by Join Filter": 0,
          "Shared Hit Blocks": 10527,
          "Shared Read Blocks": 120051,
          "Shared Dirtied Blocks": 0,
          "Shared Written Blocks": 0,
          "Local Hit Blocks": 0,
          "Local Read Blocks": 0,
          "Local Dirtied Blocks": 0,
          "Local Written Blocks": 0,
          "Temp Read Blocks": 4395,
          "Temp Written Blocks": 12014,
          "Plans": [
            {
              "Node Type": "Hash Join",
              "Parent Relationship": "Outer",
              "Parallel Aware": false,
              "Async Capable": false,
              "Join Type": "Inner",
              "Startup Cost": 280493.09,
              "Total Cost": 298278.57,
              "Plan Rows": 1380,
              "Plan Width": 99,
              "Actual Startup Time": 3805.473,
              "Actual Total Time": 4921.38,
              "Actual Rows": 1141,
              "Actual Loops": 1,
              "Inner Unique": false,
              "Hash Cond": "(lineitem.l_suppkey = s.s_suppkey)",
              "Shared Hit Blocks": 7837,
              "Shared Read Blocks": 118177,
              "Shared Dirtied Blocks": 0,
              "Shared Written Blocks": 0,
              "Local Hit Blocks": 0,
              "Local Read Blocks": 0,
              "Local Dirtied Blocks": 0,
              "Local Written Blocks": 0,
              "Temp Read Blocks": 4395,
              "Temp Written Blocks": 12014,
              "Plans": [
                {
                  "Node Type": "Hash Join",
                  "Parent Relationship": "Outer",
                  "Parallel Aware": false,
                  "Async Capable": false,
                  "Join Type": "Inner",
                  "Startup Cost": 280133.06,
                  "Total Cost": 297775.39,
                  "Plan Rows": 34494,
                  "Plan Width": 44,
                  "Actual Startup Time": 3802.302,
                  "Actual Total Time": 4911.889,
                  "Actual Rows": 29050,
                  "Actual Loops": 1,
                  "Inner Unique": true,
                  "Hash Cond": "(lineitem.l_partkey = p.p_partkey)",
                  "Shared Hit Blocks": 7835,
                  "Shared Read Blocks": 117955,
                  "Shared Dirtied Blocks": 0,
                  "Shared Written Blocks": 0,
                  "Local Hit Blocks": 0,
                  "Local Read Blocks": 0,
                  "Local Dirtied Blocks": 0,
                  "Local Written Blocks": 0,
                  "Temp Read Blocks": 4395,
                  "Temp Written Blocks": 12014,
                  "Plans": [
                    {
                      "Node Type": "Aggregate",
                      "Strategy": "Hashed",
                      "Partial Mode": "Simple",
                      "Parent Relationship": "Outer",
                      "Parallel Aware": false,
                      "Async Capable": false,
                      "Startup Cost": 273152.3,
                      "Total Cost": 289513.98,
                      "Plan Rows": 487855,
                      "Plan Width": 40,
                      "Actual Startup Time": 3724.923,
                      "Actual Total Time": 4714.349,
                      "Actual Rows": 545699,
                      "Actual Loops": 1,
                      "Group Key": [
                        "lineitem.l_partkey",
                        "lineitem.l_suppkey"
                      ],
                      "Planned Partitions": 32,
                      "HashAgg Batches": 33,
                      "Peak Memory Usage": 8209,
                      "Disk Usage": 62584,
                      "Shared Hit Blocks": 7835,
                      "Shared Read Blocks": 113651,
                      "Shared Dirtied Blocks": 0,
                      "Shared Written Blocks": 0,
                      "Local Hit Blocks": 0,
                      "Local Read Blocks": 0,
                      "Local Dirtied Blocks": 0,
                      "Local Written Blocks": 0,
                      "Temp Read Blocks": 4395,
                      "Temp Written Blocks": 12014,
                      "Plans": [
                        {
                          "Node Type": "Seq Scan",
                          "Parent Relationship": "Outer",
                          "Parallel Aware": false,
                          "Async Capable": false,
                          "Relation Name": "lineitem",
                          "Alias": "lineitem",
                          "Startup Cost": 0.0,
                          "Total Cost": 211509.37,
                          "Plan Rows": 926091,
                          "Plan Width": 13,
                          "Actual Startup Time": 0.307,
                          "Actual Total Time": 2935.787,
                          "Actual Rows": 914963,
                          "Actual Loops": 1,
                          "Filter": "((l_shipdate >= '1995-01-01'::date) AND (l_shipdate < '1996-01-01 00:00:00'::timestamp without time zone))",
                          "Rows Removed by Filter": 5086252,
                          "Shared Hit Blocks": 7835,
                          "Shared Read Blocks": 113651,
                          "Shared Dirtied Blocks": 0,
                          "Shared Written Blocks": 0,
                          "Local Hit Blocks": 0,
                          "Local Read Blocks": 0,
                          "Local Dirtied Blocks": 0,
                          "Local Written Blocks": 0,
                          "Temp Read Blocks": 0,
                          "Temp Written Blocks": 0
                        }
                      ]
                    },
                    {
                      "Node Type": "Hash",
                      "Parent Relationship": "Inner",
                      "Parallel Aware": false,
                      "Async Capable": false,
                      "Startup Cost": 6804.0,
                      "Total Cost": 6804.0,
                      "Plan Rows": 14141,
                      "Plan Width": 4,
                      "Actual Startup Time": 77.232,
                      "Actual Total Time": 77.233,
                      "Actual Rows": 10640,
                      "Actual Loops": 1,
                      "Hash Buckets": 16384,
                      "Original Hash Buckets": 16384,
                      "Hash Batches": 1,
                      "Original Hash Batches": 1,
                      "Peak Memory Usage": 503,
                      "Shared Hit Blocks": 0,
                      "Shared Read Blocks": 4304,
                      "Shared Dirtied Blocks": 0,
                      "Shared Written Blocks": 0,
                      "Local Hit Blocks": 0,
                      "Local Read Blocks": 0,
                      "Local Dirtied Blocks": 0,
                      "Local Written Blocks": 0,
                      "Temp Read Blocks": 0,
                      "Temp Written Blocks": 0,
                      "Plans": [
                        {
                          "Node Type": "Seq Scan",
                          "Parent Relationship": "Outer",
                          "Parallel Aware": false,
                          "Async Capable": false,
                          "Relation Name": "part",
                          "Alias": "p",
                          "Startup Cost": 0.0,
                          "Total Cost": 6804.0,
                          "Plan Rows": 14141,
                          "Plan Width": 4,
                          "Actual Startup Time": 0.081,
                          "Actual Total Time": 73.758,
                          "Actual Rows": 10640,
                          "Actual Loops": 1,
                          "Filter": "((p_name)::text ~~ '%ivory%'::text)",
                          "Rows Removed by Filter": 189360,
                          "Shared Hit Blocks": 0,
                          "Shared Read Blocks": 4304,
                          "Shared Dirtied Blocks": 0,
                          "Shared Written Blocks": 0,
                          "Local Hit Blocks": 0,
                          "Local Read Blocks": 0,
                          "Local Dirtied Blocks": 0,
                          "Local Written Blocks": 0,
                          "Temp Read Blocks": 0,
                          "Temp Written Blocks": 0
                        }
                      ]
                    }
                  ]
                },
                {
                  "Node Type": "Hash",
                  "Parent Relationship": "Inner",
                  "Parallel Aware": false,
                  "Async Capable": false,
                  "Startup Cost": 355.02,
                  "Total Cost": 355.02,
                  "Plan Rows": 400,
                  "Plan Width": 55,
                  "Actual Startup Time": 3.065,
                  "Actual Total Time": 3.068,
                  "Actual Rows": 402,
                  "Actual Loops": 1,
                  "Hash Buckets": 1024,
                  "Original Hash Buckets": 1024,
                  "Hash Batches": 1,
                  "Original Hash Batches": 1,
                  "Peak Memory Usage": 44,
                  "Shared Hit Blocks": 2,
                  "Shared Read Blocks": 222,
                  "Shared Dirtied Blocks": 0,
                  "Shared Written Blocks": 0,
                  "Local Hit Blocks": 0,
                  "Local Read Blocks": 0,
                  "Local Dirtied Blocks": 0,
                  "Local Written Blocks": 0,
                  "Temp Read Blocks": 0,
                  "Temp Written Blocks": 0,
                  "Plans": [
                    {
                      "Node Type": "Hash Join",
                      "Parent Relationship": "Outer",
                      "Parallel Aware": false,
                      "Async Capable": false,
                      "Join Type": "Inner",
                      "Startup Cost": 1.32,
                      "Total Cost": 355.02,
                      "Plan Rows": 400,
                      "Plan Width": 55,
                      "Actual Startup Time": 0.119,
                      "Actual Total Time": 2.929,
                      "Actual Rows": 402,
                      "Actual Loops": 1,
                      "Inner Unique": true,
                      "Hash Cond": "(s.s_nationkey = n.n_nationkey)",
                      "Shared Hit Blocks": 2,
                      "Shared Read Blocks": 222,
                      "Shared Dirtied Blocks": 0,
                      "Shared Written Blocks": 0,
                      "Local Hit Blocks": 0,
                      "Local Read Blocks": 0,
                      "Local Dirtied Blocks": 0,
                      "Local Written Blocks": 0,
                      "Temp Read Blocks": 0,
                      "Temp Written Blocks": 0,
                      "Plans": [
                        {
                          "Node Type": "Seq Scan",
                          "Parent Relationship": "Outer",
                          "Parallel Aware": false,
                          "Async Capable": false,
                          "Relation Name": "supplier",
                          "Alias": "s",
                          "Startup Cost": 0.0,
                          "Total Cost": 323.0,
                          "Plan Rows": 10000,
                          "Plan Width": 59,
                          "Actual Startup Time": 0.051,
                          "Actual Total Time": 1.621,
                          "Actual Rows": 10000,
                          "Actual Loops": 1,
                          "Shared Hit Blocks": 2,
                          "Shared Read Blocks": 221,
                          "Shared Dirtied Blocks": 0,
                          "Shared Written Blocks": 0,
                          "Local Hit Blocks": 0,
                          "Local Read Blocks": 0,
                          "Local Dirtied Blocks": 0,
                          "Local Written Blocks": 0,
                          "Temp Read Blocks": 0,
                          "Temp Written Blocks": 0
                        },
                        {
                          "Node Type": "Hash",
                          "Parent Relationship": "Inner",
                          "Parallel Aware": false,
                          "Async Capable": false,
                          "Startup Cost": 1.31,
                          "Total Cost": 1.31,
                          "Plan Rows": 1,
                          "Plan Width": 4,
                          "Actual Startup Time": 0.033,
                          "Actual Total Time": 0.033,
                          "Actual Rows": 1,
                          "Actual Loops": 1,
                          "Hash Buckets": 1024,
                          "Original Hash Buckets": 1024,
                          "Hash Batches": 1,
                          "Original Hash Batches": 1,
                          "Peak Memory Usage": 9,
                          "Shared Hit Blocks": 0,
                          "Shared Read Blocks": 1,
                          "Shared Dirtied Blocks": 0,
                          "Shared Written Blocks": 0,
                          "Local Hit Blocks": 0,
                          "Local Read Blocks": 0,
                          "Local Dirtied Blocks": 0,
                          "Local Written Blocks": 0,
                          "Temp Read Blocks": 0,
                          "Temp Written Blocks": 0,
                          "Plans": [
                            {
                              "Node Type": "Seq Scan",
                              "Parent Relationship": "Outer",
                              "Parallel Aware": false,
                              "Async Capable": false,
                              "Relation Name": "nation",
                              "Alias": "n",
                              "Startup Cost": 0.0,
                              "Total Cost": 1.31,
                              "Plan Rows": 1,
                              "Plan Width": 4,
                              "Actual Startup Time": 0.021,
                              "Actual Total Time": 0.024,
                              "Actual Rows": 1,
                              "Actual Loops": 1,
                              "Filter": "(n_name = 'FRANCE'::bpchar)",
                              "Rows Removed by Filter": 24,
                              "Shared Hit Blocks": 0,
                              "Shared Read Blocks": 1,
                              "Shared Dirtied Blocks": 0,
                              "Shared Written Blocks": 0,
                              "Local Hit Blocks": 0,
                              "Local Read Blocks": 0,
                              "Local Dirtied Blocks": 0,
                              "Local Written Blocks": 0,
                              "Temp Read Blocks": 0,
                              "Temp Written Blocks": 0
                            }
                          ]
                        }
                      ]
                    }
                  ]
                }
              ]
            },
            {
              "Node Type": "Index Scan",
              "Parent Relationship": "Inner",
              "Parallel Aware": false,
              "Async Capable": false,
              "Scan Direction": "Forward",
              "Index Name": "pk_partsupp",
              "Relation Name": "partsupp",
              "Alias": "ps",
              "Startup Cost": 0.42,
              "Total Cost": 0.61,
              "Plan Rows": 1,
              "Plan Width": 12,
              "Actual Startup Time": 0.043,
              "Actual Total Time": 0.043,
              "Actual Rows": 1,
              "Actual Loops": 1141,
              "Index Cond": "((ps_partkey = lineitem.l_partkey) AND (ps_suppkey = lineitem.l_suppkey))",
              "Rows Removed by Index Recheck": 0,
              "Filter": "((ps_availqty)::numeric > ((0.5 * sum(lineitem.l_quantity))))",
              "Rows Removed by Filter": 0,
              "Shared Hit Blocks": 2690,
              "Shared Read Blocks": 1874,
              "Shared Dirtied Blocks": 0,
              "Shared Written Blocks": 0,
              "Local Hit Blocks": 0,
              "Local Read Blocks": 0,
              "Local Dirtied Blocks": 0,
              "Local Written Blocks": 0,
              "Temp Read Blocks": 0,
              "Temp Written Blocks": 0
            }
          ]
        }
      ]
    },
    "Planning": {
      "Shared Hit Blocks": 133,
      "Shared Read Blocks": 32,
      "Shared Dirtied Blocks": 0,
      "Shared Written Blocks": 0,
      "Local Hit Blocks": 0,
      "Local Read Blocks": 0,
      "Local Dirtied Blocks": 0,
      "Local Written Blocks": 0,
      "Temp Read Blocks": 0,
      "Temp Written Blocks": 0
    },
    "Planning Time": 9.655,
    "Triggers": [],
    "Execution Time": 4994.219
  }
]