{
  "Node Type": "Sort",
  "Parallel Aware": false,
  "Async Capable": false,
  "Startup Cost": 109216.6,
  "Total Cost": 109216.67,
  "Plan Rows": 25,
  "Plan Width": 58,
  "Sort Key": [
    "(sum((l.l_extendedprice * ('1'::numeric - l.l_discount)))) DESC",
    "n.n_name"
  ],
  "Sort Method": "quicksort",
  "Sort Space Used": 25,
  "Sort Space Type": "Memory",
  "Plans": [
    {
      "Node Type": "Aggregate",
      "Strategy": "Sorted",
      "Partial Mode": "Finalize",
      "Parent Relationship": "Outer",
      "Parallel Aware": false,
      "Async Capable": false,
      "Startup Cost": 109171.18,
      "Total Cost": 109216.02,
      "Plan Rows": 25,
      "Plan Width": 58,
      "Group Key": [
        "n.n_name"
      ],
      "Plans": [
        {
          "Node Type": "Gather Merge",
          "Parent Relationship": "Outer",
          "Parallel Aware": false,
          "Async Capable": false,
          "Startup Cost": 109171.18,
          "Total Cost": 109215.34,
          "Plan Rows": 50,
          "Plan Width": 58,
          "Workers Planned": 2,
          "Workers Launched": 2,
          "Plans": [
            {
              "Node Type": "Aggregate",
              "Strategy": "Sorted",
              "Partial Mode": "Partial",
              "Parent Relationship": "Outer",
              "Parallel Aware": false,
              "Async Capable": false,
              "Startup Cost": 108171.15,
              "Total Cost": 108209.54,
              "Plan Rows": 25,
              "Plan Width": 58,
              "Group Key": [
                "n.n_name"
              ],
              "Workers": [],
              "Plans": [
                {
                  "Node Type": "Sort",
                  "Parent Relationship": "Outer",
                  "Parallel Aware": false,
                  "Async Capable": false,
                  "Startup Cost": 108171.15,
                  "Total Cost": 108178.77,
                  "Plan Rows": 3046,
                  "Plan Width": 38,
                  "Sort Key": [
                    "n.n_name"
                  ],
                  "Sort Method": "quicksort",
                  "Sort Space Used": 139,
                  "Sort Space Type": "Memory",
                  "Workers": [
                    {
                      "Worker Number": 0,
                      "Sort Method": "quicksort",
                      "Sort Space Used": 243,
                      "Sort Space Type": "Memory"
                    },
                    {
                      "Worker Number": 1,
                      "Sort Method": "quicksort",
                      "Sort Space Used": 263,
                      "Sort Space Type": "Memory"
                    }
                  ],
                  "Plans": [
                    {
                      "Node Type": "Hash Join",
                      "Parent Relationship": "Outer",
                      "Parallel Aware": false,
                      "Async Capable": false,
                      "Join Type": "Inner",
                      "Startup Cost": 5361.57,
                      "Total Cost": 107994.9,
                      "Plan Rows": 3046,
                      "Plan Width": 38,
                      "Inner Unique": true,
                      "Hash Cond": "((l.l_suppkey = s.s_suppkey) AND (c.c_nationkey = s.s_nationkey))",
                      "Workers": [],
                      "Plans": [
                        {
                          "Node Type": "Nested Loop",
                          "Parent Relationship": "Outer",
                          "Parallel Aware": false,
                          "Async Capable": false,
                          "Join Type": "Inner",
                          "Startup Cost": 4888.57,
                          "Total Cost": 107122.28,
                          "Plan Rows": 76118,
                          "Plan Width": 50,
                          "Inner Unique": false,
                          "Workers": [],
                          "Plans": [
                            {
                              "Node Type": "Hash Join",
                              "Parent Relationship": "Outer",
                              "Parallel Aware": true,
                              "Async Capable": false,
                              "Join Type": "Inner",
                              "Startup Cost": 4888.13,
                              "Total Cost": 43037.11,
                              "Plan Rows": 19025,
                              "Plan Width": 42,
                              "Inner Unique": false,
                              "Hash Cond": "(o.o_custkey = c.c_custkey)",
                              "Workers": [],
                              "Plans": [
                                {
                                  "Node Type": "Seq Scan",
                                  "Parent Relationship": "Outer",
                                  "Parallel Aware": true,
                                  "Async Capable": false,
                                  "Relation Name": "orders",
                                  "Alias": "o",
                                  "Startup Cost": 0.0,
                                  "Total Cost": 37713.0,
                                  "Plan Rows": 95123,
                                  "Plan Width": 12,
                                  "Filter": "((o_orderdate >= '1995-01-01'::date) AND (o_orderdate <= '1995-12-31'::date))",
                                  "Rows Removed by Filter": 423788,
                                  "Workers": []
                                },
                                {
                                  "Node Type": "Hash",
                                  "Parent Relationship": "Inner",
                                  "Parallel Aware": true,
                                  "Async Capable": false,
                                  "Startup Cost": 4731.88,
                                  "Total Cost": 4731.88,
                                  "Plan Rows": 12500,
                                  "Plan Width": 38,
                                  "Hash Buckets": 32768,
                                  "Original Hash Buckets": 32768,
                                  "Hash Batches": 1,
                                  "Original Hash Batches": 1,
                                  "Peak Memory Usage": 2432,
                                  "Workers": [],
                                  "Plans": [
                                    {
                                      "Node Type": "Hash Join",
                                      "Parent Relationship": "Outer",
                                      "Parallel Aware": false,
                                      "Async Capable": false,
                                      "Join Type": "Inner",
                                      "Startup Cost": 2.51,
                                      "Total Cost": 4731.88,
                                      "Plan Rows": 12500,
                                      "Plan Width": 38,
                                      "Inner Unique": false,
                                      "Hash Cond": "(c.c_nationkey = n.n_nationkey)",
                                      "Workers": [],
                                      "Plans": [
                                        {
                                          "Node Type": "Seq Scan",
                                          "Parent Relationship": "Outer",
                                          "Parallel Aware": true,
                                          "Async Capable": false,
                                          "Relation Name": "customer",
                                          "Alias": "c",
                                          "Startup Cost": 0.0,
                                          "Total Cost": 4370.0,
                                          "Plan Rows": 62500,
                                          "Plan Width": 8,
                                          "Workers": []
                                        },
                                        {
                                          "Node Type": "Hash",
                                          "Parent Relationship": "Inner",
                                          "Parallel Aware": false,
                                          "Async Capable": false,
                                          "Startup Cost": 2.45,
                                          "Total Cost": 2.45,
                                          "Plan Rows": 5,
                                          "Plan Width": 30,
                                          "Hash Buckets": 1024,
                                          "Original Hash Buckets": 1024,
                                          "Hash Batches": 1,
                                          "Original Hash Batches": 1,
                                          "Peak Memory Usage": 9,
                                          "Workers": [],
                                          "Plans": [
                                            {
                                              "Node Type": "Hash Join",
                                              "Parent Relationship": "Outer",
                                              "Parallel Aware": false,
                                              "Async Capable": false,
                                              "Join Type": "Inner",
                                              "Startup Cost": 1.07,
                                              "Total Cost": 2.45,
                                              "Plan Rows": 5,
                                              "Plan Width": 30,
                                              "Inner Unique": true,
                                              "Hash Cond": "(n.n_regionkey = r.r_regionkey)",
                                              "Workers": [],
                                              "Plans": [
                                                {
                                                  "Node Type": "Seq Scan",
                                                  "Parent Relationship": "Outer",
                                                  "Parallel Aware": false,
                                                  "Async Capable": false,
                                                  "Relation Name": "nation",
                                                  "Alias": "n",
                                                  "Startup Cost": 0.0,
                                                  "Total Cost": 1.25,
                                                  "Plan Rows": 25,
                                                  "Plan Width": 34,
                                                  "Workers": []
                                                },
                                                {
                                                  "Node Type": "Hash",
                                                  "Parent Relationship": "Inner",
                                                  "Parallel Aware": false,
                                                  "Async Capable": false,
                                                  "Startup Cost": 1.06,
                                                  "Total Cost": 1.06,
                                                  "Plan Rows": 1,
                                                  "Plan Width": 4,
                                                  "Hash Buckets": 1024,
                                                  "Original Hash Buckets": 1024,
                                                  "Hash Batches": 1,
                                                  "Original Hash Batches": 1,
                                                  "Peak Memory Usage": 9,
                                                  "Workers": [],
                                                  "Plans": [
                                                    {
                                                      "Node Type": "Seq Scan",
                                                      "Parent Relationship": "Outer",
                                                      "Parallel Aware": false,
                                                      "Async Capable": false,
                                                      "Relation Name": "region",
                                                      "Alias": "r",
                                                      "Startup Cost": 0.0,
                                                      "Total Cost": 1.06,
                                                      "Plan Rows": 1,
                                                      "Plan Width": 4,
                                                      "Filter": "(r_name = 'ASIA'::bpchar)",
                                                      "Rows Removed by Filter": 4,
                                                      "Workers": []
                                                    }
                                                  ]
                                                }
                                              ]
                                            }
                                          ]
                                        }
                                      ]
                                    }
                                  ]
                                }
                              ]
                            },
                            {
                              "Node Type": "Index Scan",
                              "Parent Relationship": "Inner",
                              "Parallel Aware": false,
                              "Async Capable": false,
                              "Scan Direction": "Forward",
                              "Index Name": "pk_lineitem",
                              "Relation Name": "lineitem",
                              "Alias": "l",
                              "Startup Cost": 0.43,
                              "Total Cost": 3.21,
                              "Plan Rows": 16,
                              "Plan Width": 24,
                              "Index Cond": "(l_orderkey = o.o_orderkey)",
                              "Rows Removed by Index Recheck": 0,
                              "Workers": []
                            }
                          ]
                        },
                        {
                          "Node Type": "Hash",
                          "Parent Relationship": "Inner",
                          "Parallel Aware": false,
                          "Async Capable": false,
                          "Startup Cost": 323.0,
                          "Total Cost": 323.0,
                          "Plan Rows": 10000,
                          "Plan Width": 8,
                          "Hash Buckets": 16384,
                          "Original Hash Buckets": 16384,
                          "Hash Batches": 1,
                          "Original Hash Batches": 1,
                          "Peak Memory Usage": 519,
                          "Workers": [],
                          "Plans": [
                            {
                              "Node Type": "Seq Scan",
                              "Parent Relationship": "Outer",
                              "Parallel Aware": false,
                              "Async Capable": false,
                              "Relation Name": "supplier",
                              "Alias": "s",
                              "Startup Cost": 0.0,
                              "Total Cost": 323.0,
                              "Plan Rows": 10000,
                              "Plan Width": 8,
                              "Workers": []
                            }
                          ]
                        }
                      ]
                    }
                  ]
                }
              ]
            }
          ]
        }
      ]
    }
  ]
}