[
  {
    "Plan": {
      "Node Type": "Aggregate",
      "Strategy": "Sorted",
      "Partial Mode": "Finalize",
      "Parallel Aware": false,
      "Async Capable": false,
      "Startup Cost": 221422.38,
      "Total Cost": 221610.69,
      "Plan Rows": 7,
      "Plan Width": 27,
      "Actual Startup Time": 1175.059,
      "Actual Total Time": 1179.06,
      "Actual Rows": 2,
      "Actual Loops": 1,
      "Group Key": [
        "l.l_shipmode"
      ],
      "Shared Hit Blocks": 12882,
      "Shared Read Blocks": 137084,
      "Shared Dirtied Blocks": 0,
      "Shared Written Blocks": 0,
      "Local Hit Blocks": 0,
      "Local Read Blocks": 0,
      "Local Dirtied Blocks": 0,
      "Local Written Blocks": 0,
      "Temp Read Blocks": 0,
      "Temp Written Blocks": 0,
      "Plans": [
        {
          "Node Type": "Gather Merge",
          "Parent Relationship": "Outer",
          "Parallel Aware": false,
          "Async Capable": false,
          "Startup Cost": 221422.38,
          "Total Cost": 221610.52,
          "Plan Rows": 14,
          "Plan Width": 27,
          "Actual Startup Time": 1172.457,
          "Actual Total Time": 1178.968,
          "Actual Rows": 6,
          "Actual Loops": 1,
          "Workers Planned": 2,
          "Workers Launched": 2,
          "Shared Hit Blocks": 12882,
          "Shared Read Blocks": 137084,
          "Shared Dirtied Blocks": 0,
          "Shared Written Blocks": 0,
          "Local Hit Blocks": 0,
          "Local Read Blocks": 0,
          "Local Dirtied Blocks": 0,
          "Local Written Blocks": 0,
          "Temp Read Blocks": 0,
          "Temp Written Blocks": 0,
          "Plans": [
            {
              "Node Type": "Aggregate",
              "Strategy": "Sorted",
              "Partial Mode": "Partial",
              "Parent Relationship": "Outer",
              "Parallel Aware": false,
              "Async Capable": false,
              "Startup Cost": 220422.36,
              "Total Cost": 220608.88,
              "Plan Rows": 7,
              "Plan Width": 27,
              "Actual Startup Time": 1129.496,
              "Actual Total Time": 1131.911,
              "Actual Rows": 2,
              "Actual Loops": 3,
              "Group Key": [
                "l.l_shipmode"
              ],
              "Shared Hit Blocks": 12882,
              "Shared Read Blocks": 137084,
              "Shared Dirtied Blocks": 0,
              "Shared Written Blocks": 0,
              "Local Hit Blocks": 0,
              "Local Read Blocks": 0,
              "Local Dirtied Blocks": 0,
              "Local Written Blocks": 0,
              "Temp Read Blocks": 0,
              "Temp Written Blocks": 0,
              "Workers": [],
              "Plans": [
                {
                  "Node Type": "Sort",
                  "Parent Relationship": "Outer",
                  "Parallel Aware": false,
                  "Async Capable": false,
                  "Startup Cost": 220422.36,
                  "Total Cost": 220453.43,
                  "Plan Rows": 12430,
                  "Plan Width": 27,
                  "Actual Startup Time": 1126.977,
                  "Actual Total Time": 1127.598,
                  "Actual Rows": 10415,
                  "Actual Loops": 3,
                  "Sort Key": [
                    "l.l_shipmode"
                  ],
                  "Sort Method": "quicksort",
                  "Sort Space Used": 782,
                  "Sort Space Type": "Memory",
                  "Shared Hit Blocks": 12882,
                  "Shared Read Blocks": 137084,
                  "Shared Dirtied Blocks": 0,
                  "Shared Written Blocks": 0,
                  "Local Hit Blocks": 0,
                  "Local Read Blocks": 0,
                  "Local Dirtied Blocks": 0,
                  "Local Written Blocks": 0,
                  "Temp Read Blocks": 0,
                  "Temp Written Blocks": 0,
                  "Workers": [
                    {
                      "Worker Number": 0,
                      "Sort Method": "quicksort",
                      "Sort Space Used": 917,
                      "Sort Space Type": "Memory"
                    },
                    {
                      "Worker Number": 1,
                      "Sort Method": "quicksort",
                      "Sort Space Used": 918,
                      "Sort Space Type": "Memory"
                    }
                  ],
                  "Plans": [
                    {
                      "Node Type": "Hash Join",
                      "Parent Relationship": "Outer",
                      "Parallel Aware": true,
                      "Async Capable": false,
                      "Join Type": "Inner",
                      "Startup Cost": 177905.98,
                      "Total Cost": 219577.02,
                      "Plan Rows": 12430,
                      "Plan Width": 27,
                      "Actual Startup Time": 916.222,
                      "Actual Total Time": 1123.635,
                      "Actual Rows": 10415,
                      "Actual Loops": 3,
                      "Inner Unique": false,
                      "Hash Cond": "(o.o_orderkey = l.l_orderkey)",
                      "Shared Hit Blocks": 12770,
                      "Shared Read Blocks": 137084,
                      "Shared Dirtied Blocks": 0,
                      "Shared Written Blocks": 0,
                      "Local Hit Blocks": 0,
                      "Local Read Blocks": 0,
                      "Local Dirtied Blocks": 0,
                      "Local Written Blocks": 0,
                      "Temp Read Blocks": 0,
                      "Temp Written Blocks": 0,
                      "Workers": [],
                      "Plans": [
                        {
                          "Node Type": "Seq Scan",
                          "Parent Relationship": "Outer",
                          "Parallel Aware": true,
                          "Async Capable": false,
                          "Relation Name": "orders",
                          "Alias": "o",
                          "Startup Cost": 0.0,
                          "Total Cost": 34588.0,
                          "Plan Rows": 625000,
                          "Plan Width": 24,
                          "Actual Startup Time": 0.807,
                          "Actual Total Time": 88.832,
                          "Actual Rows": 500000,
                          "Actual Loops": 3,
                          "Shared Hit Blocks": 8797,
                          "Shared Read Blocks": 19541,
                          "Shared Dirtied Blocks": 0,
                          "Shared Written Blocks": 0,
                          "Local Hit Blocks": 0,
                          "Local Read Blocks": 0,
                          "Local Dirtied Blocks": 0,
                          "Local Written Blocks": 0,
                          "Temp Read Blocks": 0,
                          "Temp Written Blocks": 0,
                          "Workers": []
                        },
                        {
                          "Node Type": "Hash",
                          "Parent Relationship": "Inner",
                          "Parallel Aware": true,
                          "Async Capable": false,
                          "Startup Cost": 177750.61,
                          "Total Cost": 177750.61,
                          "Plan Rows": 12430,
                          "Plan Width": 19,
                          "Actual Startup Time": 915.134,
                          "Actual Total Time": 915.135,
                          "Actual Rows": 10415,
                          "Actual Loops": 3,
                          "Hash Buckets": 32768,
                          "Original Hash Buckets": 32768,
                          "Hash Batches": 1,
                          "Original Hash Batches": 1,
                          "Peak Memory Usage": 2016,
                          "Shared Hit Blocks": 3943,
                          "Shared Read Blocks": 117543,
                          "Shared Dirtied Blocks": 0,
                          "Shared Written Blocks": 0,
                          "Local Hit Blocks": 0,
                          "Local Read Blocks": 0,
                          "Local Dirtied Blocks": 0,
                          "Local Written Blocks": 0,
                          "Temp Read Blocks": 0,
                          "Temp Written Blocks": 0,
                          "Workers": [],
                          "Plans": [
                            {
                              "Node Type": "Seq Scan",
                              "Parent Relationship": "Outer",
                              "Parallel Aware": true,
                              "Async Capable": false,
                              "Relation Name": "lineitem",
                              "Alias": "l",
                              "Startup Cost": 0.0,
                              "Total Cost": 177750.61,
                              "Plan Rows": 12430,
                              "Plan Width": 19,
                              "Actual Startup Time": 0.324,
                              "Actual Total Time": 908.494,
                              "Actual Rows": 10415,
                              "Actual Loops": 3,
                              "Filter": "((l_shipmode = ANY ('{SHIP,TRUCK}'::bpchar[])) AND (l_commitdate < l_receiptdate) AND (l_shipdate < l_commitdate) AND (l_receiptdate >= '1995-01-01'::date) AND (l_receiptdate <= '1995-12-31'::date))",
                              "Rows Removed by Filter": 1989990,
                              "Shared Hit Blocks": 3943,
                              "Shared Read Blocks": 117543,
                              "Shared Dirtied Blocks": 0,
                              "Shared Written Blocks": 0,
                              "Local Hit Blocks": 0,
                              "Local Read Blocks": 0,
                              "Local Dirtied Blocks": 0,
                              "Local Written Blocks": 0,
                              "Temp Read Blocks": 0,
                              "Temp Written Blocks": 0,
                              "Workers": []
                            }
                          ]
                        }
                      ]
                    }
                  ]
                }
              ]
            }
          ]
        }
      ]
    },
    "Planning": {
      "Shared Hit Blocks": 7,
      "Shared Read Blocks": 9,
      "Shared Dirtied Blocks": 0,
      "Shared Written Blocks": 0,
      "Local Hit Blocks": 0,
      "Local Read Blocks": 0,
      "Local Dirtied Blocks": 0,
      "Local Written Blocks": 0,
      "Temp Read Blocks": 0,
      "Temp Written Blocks": 0
    },
    "Planning Time": 0.65,
    "Triggers": [],
    "Execution Time": 1179.35
  }
]