{
  "Node Type": "Aggregate",
  "Strategy": "Plain",
  "Partial Mode": "Finalize",
  "Parallel Aware": false,
  "Async Capable": false,
  "Startup Cost": 178984.84,
  "Total Cost": 178984.85,
  "Plan Rows": 1,
  "Plan Width": 32,
  "Plans": [
    {
      "Node Type": "Gather",
      "Parent Relationship": "Outer",
      "Parallel Aware": false,
      "Async Capable": false,
      "Startup Cost": 178984.61,
      "Total Cost": 178984.82,
      "Plan Rows": 2,
      "Plan Width": 32,
      "Workers Planned": 2,
      "Workers Launched": 2,
      "Single Copy": false,
      "Plans": [
        {
          "Node Type": "Aggregate",
          "Strategy": "Plain",
          "Partial Mode": "Partial",
          "Parent Relationship": "Outer",
          "Parallel Aware": false,
          "Async Capable": false,
          "Startup Cost": 177984.61,
          "Total Cost": 177984.62,
          "Plan Rows": 1,
          "Plan Width": 32,
          "Workers": [],
          "Plans": [
            {
              "Node Type": "Seq Scan",
              "Parent Relationship": "Outer",
              "Parallel Aware": true,
              "Async Capable": false,
              "Relation Name": "lineitem",
              "Alias": "lineitem",
              "Startup Cost": 0.0,
              "Total Cost": 177750.61,
              "Plan Rows": 93602,
              "Plan Width": 8,
              "Filter": "((l_quantity < '24'::numeric) AND (l_discount >= 0.05) AND (l_discount <= 0.07) AND (l_shipdate >= '1993-01-01'::date) AND (l_shipdate < '1995-01-01'::date))",
              "Rows Removed by Filter": 1924337,
              "Workers": []
            }
          ]
        }
      ]
    }
  ]
}