[
  {
    "Plan": {
      "Node Type": "Limit",
      "Parallel Aware": false,
      "Async Capable": false,
      "Startup Cost": 211815.1,
      "Total Cost": 211815.15,
      "Plan Rows": 20,
      "Plan Width": 201,
      "Actual Startup Time": 1190.771,
      "Actual Total Time": 1201.417,
      "Actual Rows": 20,
      "Actual Loops": 1,
      "Shared Hit Blocks": 14141,
      "Shared Read Blocks": 139609,
      "Shared Dirtied Blocks": 0,
      "Shared Written Blocks": 0,
      "Local Hit Blocks": 0,
      "Local Read Blocks": 0,
      "Local Dirtied Blocks": 0,
      "Local Written Blocks": 0,
      "Temp Read Blocks": 2263,
      "Temp Written Blocks": 2267,
      "Plans": [
        {
          "Node Type": "Sort",
          "Parent Relationship": "Outer",
          "Parallel Aware": false,
          "Async Capable": false,
          "Startup Cost": 211815.1,
          "Total Cost": 211959.88,
          "Plan Rows": 57912,
          "Plan Width": 201,
          "Actual Startup Time": 1190.769,
          "Actual Total Time": 1201.413,
          "Actual Rows": 20,
          "Actual Loops": 1,
          "Sort Key": [
            "(sum((l.l_extendedprice * ('1'::numeric - l.l_discount)))) DESC"
          ],
          "Sort Method": "top-N heapsort",
          "Sort Space Used": 33,
          "Sort Space Type": "Memory",
          "Shared Hit Blocks": 14141,
          "Shared Read Blocks": 139609,
          "Shared Dirtied Blocks": 0,
          "Shared Written Blocks": 0,
          "Local Hit Blocks": 0,
          "Local Read Blocks": 0,
          "Local Dirtied Blocks": 0,
          "Local Written Blocks": 0,
          "Temp Read Blocks": 2263,
          "Temp Written Blocks": 2267,
          "Plans": [
            {
              "Node Type": "Aggregate",
              "Strategy": "Sorted",
              "Partial Mode": "Finalize",
              "Parent Relationship": "Outer",
              "Parallel Aware": false,
              "Async Capable": false,
              "Startup Cost": 202833.61,
              "Total Cost": 210274.08,
              "Plan Rows": 57912,
              "Plan Width": 201,
              "Actual Startup Time": 1086.465,
              "Actual Total Time": 1186.069,
              "Actual Rows": 35593,
              "Actual Loops": 1,
              "Group Key": [
                "c.c_custkey",
                "n.n_name"
              ],
              "Shared Hit Blocks": 14141,
              "Shared Read Blocks": 139609,
              "Shared Dirtied Blocks": 0,
              "Shared Written Blocks": 0,
              "Local Hit Blocks": 0,
              "Local Read Blocks": 0,
              "Local Dirtied Blocks": 0,
              "Local Written Blocks": 0,
              "Temp Read Blocks": 2263,
              "Temp Written Blocks": 2267,
              "Plans": [
                {
                  "Node Type": "Gather Merge",
                  "Parent Relationship": "Outer",
                  "Parallel Aware": false,
                  "Async Capable": false,
                  "Startup Cost": 202833.61,
                  "Total Cost": 209067.58,
                  "Plan Rows": 48260,
                  "Plan Width": 201,
                  "Actual Startup Time": 1086.457,
                  "Actual Total Time": 1143.158,
                  "Actual Rows": 35593,
                  "Actual Loops": 1,
                  "Workers Planned": 2,
                  "Workers Launched": 2,
                  "Shared Hit Blocks": 14141,
                  "Shared Read Blocks": 139609,
                  "Shared Dirtied Blocks": 0,
                  "Shared Written Blocks": 0,
                  "Local Hit Blocks": 0,
                  "Local Read Blocks": 0,
                  "Local Dirtied Blocks": 0,
                  "Local Written Blocks": 0,
                  "Temp Read Blocks": 2263,
                  "Temp Written Blocks": 2267,
                  "Plans": [
                    {
                      "Node Type": "Aggregate",
                      "Strategy": "Sorted",
                      "Partial Mode": "Partial",
                      "Parent Relationship": "Outer",
                      "Parallel Aware": false,
                      "Async Capable": false,
                      "Startup Cost": 201833.58,
                      "Total Cost": 202497.16,
                      "Plan Rows": 24130,
                      "Plan Width": 201,
                      "Actual Startup Time": 1024.315,
                      "Actual Total Time": 1052.718,
                      "Actual Rows": 11864,
                      "Actual Loops": 3,
                      "Group Key": [
                        "c.c_custkey",
                        "n.n_name"
                      ],
                      "Shared Hit Blocks": 14141,
                      "Shared Read Blocks": 139609,
                      "Shared Dirtied Blocks": 0,
                      "Shared Written Blocks": 0,
                      "Local Hit Blocks": 0,
                      "Local Read Blocks": 0,
                      "Local Dirtied Blocks": 0,
                      "Local Written Blocks": 0,
                      "Temp Read Blocks": 2263,
                      "Temp Written Blocks": 2267,
                      "Workers": [],
                      "Plans": [
                        {
                          "Node Type": "Sort",
                          "Parent Relationship": "Outer",
                          "Parallel Aware": false,
                          "Async Capable": false,
                          "Startup Cost": 201833.58,
                          "Total Cost": 201893.91,
                          "Plan Rows": 24130,
                          "Plan Width": 181,
                          "Actual Startup Time": 1024.289,
                          "Actual Total Time": 1030.429,
                          "Actual Rows": 31636,
                          "Actual Loops": 3,
                          "Sort Key": [
                            "c.c_custkey",
                            "n.n_name"
                          ],
                          "Sort Method": "external merge",
                          "Sort Space Used": 4928,
                          "Sort Space Type": "Disk",
                          "Shared Hit Blocks": 14141,
                          "Shared Read Blocks": 139609,
                          "Shared Dirtied Blocks": 0,
                          "Shared Written Blocks": 0,
                          "Local Hit Blocks": 0,
                          "Local Read Blocks": 0,
                          "Local Dirtied Blocks": 0,
                          "Local Written Blocks": 0,
                          "Temp Read Blocks": 2263,
                          "Temp Written Blocks": 2267,
                          "Workers": [
                            {
                              "Worker Number": 0,
                              "Sort Method": "external merge",
                              "Sort Space Used": 6216,
                              "Sort Space Type": "Disk"
                            },
                            {
                              "Worker Number": 1,
                              "Sort Method": "external merge",
                              "Sort Space Used": 6960,
                              "Sort Space Type": "Disk"
                            }
                          ],
                          "Plans": [
                            {
                              "Node Type": "Hash Join",
                              "Parent Relationship": "Outer",
                              "Parallel Aware": false,
                              "Async Capable": false,
                              "Join Type": "Inner",
                              "Startup Cost": 192683.85,
                              "Total Cost": 197931.59,
                              "Plan Rows": 24130,
                              "Plan Width": 181,
                              "Actual Startup Time": 945.958,
                              "Actual Total Time": 994.88,
                              "Actual Rows": 31636,
                              "Actual Loops": 3,
                              "Inner Unique": true,
                              "Hash Cond": "(c.c_nationkey = n.n_nationkey)",
                              "Shared Hit Blocks": 14024,
                              "Shared Read Blocks": 139600,
                              "Shared Dirtied Blocks": 0,
                              "Shared Written Blocks": 0,
                              "Local Hit Blocks": 0,
                              "Local Read Blocks": 0,
                              "Local Dirtied Blocks": 0,
                              "Local Written Blocks": 0,
                              "Temp Read Blocks": 0,
                              "Temp Written Blocks": 0,
                              "Workers": [],
                              "Plans": [
                                {
                                  "Node Type": "Hash Join",
                                  "Parent Relationship": "Outer",
                                  "Parallel Aware": true,
                                  "Async Capable": false,
                                  "Join Type": "Inner",
                                  "Startup Cost": 192682.29,
                                  "Total Cost": 197855.95,
                                  "Plan Rows": 24130,
                                  "Plan Width": 159,
                                  "Actual Startup Time": 943.99,
                                  "Actual Total Time": 986.044,
                                  "Actual Rows": 31636,
                                  "Actual Loops": 3,
                                  "Inner Unique": false,
                                  "Hash Cond": "(c.c_custkey = o.o_custkey)",
                                  "Shared Hit Blocks": 14006,
                                  "Shared Read Blocks": 139593,
                                  "Shared Dirtied Blocks": 0,
                                  "Shared Written Blocks": 0,
                                  "Local Hit Blocks": 0,
                                  "Local Read Blocks": 0,
                                  "Local Dirtied Blocks": 0,
                                  "Local Written Blocks": 0,
                                  "Temp Read Blocks": 0,
                                  "Temp Written Blocks": 0,
                                  "Workers": [],
                                  "Plans": [
                                    {
                                      "Node Type": "Seq Scan",
                                      "Parent Relationship": "Outer",
                                      "Parallel Aware": true,
                                      "Async Capable": false,
                                      "Relation Name": "customer",
                                      "Alias": "c",
                                      "Startup Cost": 0.0,
                                      "Total Cost": 4370.0,
                                      "Plan Rows": 62500,
                                      "Plan Width": 147,
                                      "Actual Startup Time": 0.704,
                                      "Actual Total Time": 19.267,
                                      "Actual Rows": 50000,
                                      "Actual Loops": 3,
                                      "Shared Hit Blocks": 0,
                                      "Shared Read Blocks": 3745,
                                      "Shared Dirtied Blocks": 0,
                                      "Shared Written Blocks": 0,
                                      "Local Hit Blocks": 0,
                                      "Local Read Blocks": 0,
                                      "Local Dirtied Blocks": 0,
                                      "Local Written Blocks": 0,
                                      "Temp Read Blocks": 0,
                                      "Temp Written Blocks": 0,
                                      "Workers": []
                                    },
                                    {
                                      "Node Type": "Hash",
                                      "Parent Relationship": "Inner",
                                      "Parallel Aware": true,
                                      "Async Capable": false,
                                      "Startup Cost": 192380.66,
                                      "Total Cost": 192380.66,
                                      "Plan Rows": 24130,
                                      "Plan Width": 16,
                                      "Actual Startup Time": 943.048,
                                      "Actual Total Time": 943.053,
                                      "Actual Rows": 31636,
                                      "Actual Loops": 3,
                                      "Hash Buckets": 131072,
                                      "Original Hash Buckets": 65536,
                                      "Hash Batches": 1,
                                      "Original Hash Batches": 1,
                                      "Peak Memory Usage": 6592,
                                      "Shared Hit Blocks": 14006,
                                      "Shared Read Blocks": 135848,
                                      "Shared Dirtied Blocks": 0,
                                      "Shared Written Blocks": 0,
                                      "Local Hit Blocks": 0,
                                      "Local Read Blocks": 0,
                                      "Local Dirtied Blocks": 0,
                                      "Local Written Blocks": 0,
                                      "Temp Read Blocks": 0,
                                      "Temp Written Blocks": 0,
                                      "Workers": [],
                                      "Plans": [
                                        {
                                          "Node Type": "Hash Join",
                                          "Parent Relationship": "Outer",
                                          "Parallel Aware": true,
                                          "Async Capable": false,
                                          "Join Type": "Inner",
                                          "Startup Cost": 38018.91,
                                          "Total Cost": 192380.66,
                                          "Plan Rows": 24130,
                                          "Plan Width": 16,
                                          "Actual Startup Time": 116.235,
                                          "Actual Total Time": 920.587,
                                          "Actual Rows": 31636,
                                          "Actual Loops": 3,
                                          "Inner Unique": true,
                                          "Hash Cond": "(l.l_orderkey = o.o_orderkey)",
                                          "Shared Hit Blocks": 14006,
                                          "Shared Read Blocks": 135848,
                                          "Shared Dirtied Blocks": 0,
                                          "Shared Written Blocks": 0,
                                          "Local Hit Blocks": 0,
                                          "Local Read Blocks": 0,
                                          "Local Dirtied Blocks": 0,
                                          "Local Written Blocks": 0,
                                          "Temp Read Blocks": 0,
                                          "Temp Written Blocks": 0,
                                          "Workers": [],
                                          "Plans": [
                                            {
                                              "Node Type": "Seq Scan",
                                              "Parent Relationship": "Outer",
                                              "Parallel Aware": true,
                                              "Async Capable": false,
                                              "Relation Name": "lineitem",
                                              "Alias": "l",
                                              "Startup Cost": 0.0,
                                              "Total Cost": 152744.11,
                                              "Plan Rows": 616243,
                                              "Plan Width": 20,
                                              "Actual Startup Time": 0.504,
                                              "Actual Total Time": 709.861,
                                              "Actual Rows": 492957,
                                              "Actual Loops": 3,
                                              "Filter": "(l_returnflag = 'R'::bpchar)",
                                              "Rows Removed by Filter": 1507448,
                                              "Shared Hit Blocks": 619,
                                              "Shared Read Blocks": 120867,
                                              "Shared Dirtied Blocks": 0,
                                              "Shared Written Blocks": 0,
                                              "Local Hit Blocks": 0,
                                              "Local Read Blocks": 0,
                                              "Local Dirtied Blocks": 0,
                                              "Local Written Blocks": 0,
                                              "Temp Read Blocks": 0,
                                              "Temp Written Blocks": 0,
                                              "Workers": []
                                            },
                                            {
                                              "Node Type": "Hash",
                                              "Parent Relationship": "Inner",
                                              "Parallel Aware": true,
                                              "Async Capable": false,
                                              "Startup Cost": 37713.0,
                                              "Total Cost": 37713.0,
                                              "Plan Rows": 24473,
                                              "Plan Width": 12,
                                              "Actual Startup Time": 115.408,
                                              "Actual Total Time": 115.409,
                                              "Actual Rows": 18835,
                                              "Actual Loops": 3,
                                              "Hash Buckets": 65536,
                                              "Original Hash Buckets": 65536,
                                              "Hash Batches": 1,
                                              "Original Hash Batches": 1,
                                              "Peak Memory Usage": 3200,
                                              "Shared Hit Blocks": 13359,
                                              "Shared Read Blocks": 14979,
                                              "Shared Dirtied Blocks": 0,
                                              "Shared Written Blocks": 0,
                                              "Local Hit Blocks": 0,
                                              "Local Read Blocks": 0,
                                              "Local Dirtied Blocks": 0,
                                              "Local Written Blocks": 0,
                                              "Temp Read Blocks": 0,
                                              "Temp Written Blocks": 0,
                                              "Workers": [],
                                              "Plans": [
                                                {
                                                  "Node Type": "Seq Scan",
                                                  "Parent Relationship": "Outer",
                                                  "Parallel Aware": true,
                                                  "Async Capable": false,
                                                  "Relation Name": "orders",
                                                  "Alias": "o",
                                                  "Startup Cost": 0.0,
                                                  "Total Cost": 37713.0,
                                                  "Plan Rows": 24473,
                                                  "Plan Width": 12,
                                                  "Actual Startup Time": 0.59,
                                                  "Actual Total Time": 108.53,
                                                  "Actual Rows": 18835,
                                                  "Actual Loops": 3,
                                                  "Filter": "((o_orderdate >= '1995-01-01'::date) AND (o_orderdate < '1995-04-01'::date))",
                                                  "Rows Removed by Filter": 481165,
                                                  "Shared Hit Blocks": 13359,
                                                  "Shared Read Blocks": 14979,
                                                  "Shared Dirtied Blocks": 0,
                                                  "Shared Written Blocks": 0,
                                                  "Local Hit Blocks": 0,
                                                  "Local Read Blocks": 0,
                                                  "Local Dirtied Blocks": 0,
                                                  "Local Written Blocks": 0,
                                                  "Temp Read Blocks": 0,
                                                  "Temp Written Blocks": 0,
                                                  "Workers": []
                                                }
                                              ]
                                            }
                                          ]
                                        }
                                      ]
                                    }
                                  ]
                                },
                                {
                                  "Node Type": "Hash",
                                  "Parent Relationship": "Inner",
                                  "Parallel Aware": false,
                                  "Async Capable": false,
                                  "Startup Cost": 1.25,
                                  "Total Cost": 1.25,
                                  "Plan Rows": 25,
                                  "Plan Width": 30,
                                  "Actual Startup Time": 0.826,
                                  "Actual Total Time": 0.826,
                                  "Actual Rows": 25,
                                  "Actual Loops": 3,
                                  "Hash Buckets": 1024,
                                  "Original Hash Buckets": 1024,
                                  "Hash Batches": 1,
                                  "Original Hash Batches": 1,
                                  "Peak Memory Usage": 10,
                                  "Shared Hit Blocks": 1,
                                  "Shared Read Blocks": 2,
                                  "Shared Dirtied Blocks": 0,
                                  "Shared Written Blocks": 0,
                                  "Local Hit Blocks": 0,
                                  "Local Read Blocks": 0,
                                  "Local Dirtied Blocks": 0,
                                  "Local Written Blocks": 0,
                                  "Temp Read Blocks": 0,
                                  "Temp Written Blocks": 0,
                                  "Workers": [],
                                  "Plans": [
                                    {
                                      "Node Type": "Seq Scan",
                                      "Parent Relationship": "Outer",
                                      "Parallel Aware": false,
                                      "Async Capable": false,
                                      "Relation Name": "nation",
                                      "Alias": "n",
                                      "Startup Cost": 0.0,
                                      "Total Cost": 1.25,
                                      "Plan Rows": 25,
                                      "Plan Width": 30,
                                      "Actual Startup Time": 0.811,
                                      "Actual Total Time": 0.814,
                                      "Actual Rows": 25,
                                      "Actual Loops": 3,
                                      "Shared Hit Blocks": 1,
                                      "Shared Read Blocks": 2,
                                      "Shared Dirtied Blocks": 0,
                                      "Shared Written Blocks": 0,
                                      "Local Hit Blocks": 0,
                                      "Local Read Blocks": 0,
                                      "Local Dirtied Blocks": 0,
                                      "Local Written Blocks": 0,
                                      "Temp Read Blocks": 0,
                                      "Temp Written Blocks": 0,
                                      "Workers": []
                                    }
                                  ]
                                }
                              ]
                            }
                          ]
                        }
                      ]
                    }
                  ]
                }
              ]
            }
          ]
        }
      ]
    },
    "Planning": {
      "Shared Hit Blocks": 9,
      "Shared Read Blocks": 22,
      "Shared Dirtied Blocks": 0,
      "Shared Written Blocks": 0,
      "Local Hit Blocks": 0,
      "Local Read Blocks": 0,
      "Local Dirtied Blocks": 0,
      "Local Written Blocks": 0,
      "Temp Read Blocks": 0,
      "Temp Written Blocks": 0
    },
    "Planning Time": 0.681,
    "Triggers": [],
    "Execution Time": 1204.862
  }
]