[
  {
    "Plan": {
      "Node Type": "Sort",
      "Parallel Aware": false,
      "Async Capable": false,
      "Startup Cost": 28781.13,
      "Total Cost": 28802.88,
      "Plan Rows": 8699,
      "Plan Width": 44,
      "Actual Startup Time": 295.311,
      "Actual Total Time": 296.079,
      "Actual Rows": 6878,
      "Actual Loops": 1,
      "Sort Key": [
        "(count(DISTINCT ps.ps_suppkey)) DESC",
        "p.p_brand",
        "p.p_type",
        "p.p_size"
      ],
      "Sort Method": "quicksort",
      "Sort Space Used": 622,
      "Sort Space Type": "Memory",
      "Shared Hit Blocks": 788,
      "Shared Read Blocks": 6472,
      "Shared Dirtied Blocks": 0,
      "Shared Written Blocks": 0,
      "Local Hit Blocks": 0,
      "Local Read Blocks": 0,
      "Local Dirtied Blocks": 0,
      "Local Written Blocks": 0,
      "Temp Read Blocks": 0,
      "Temp Written Blocks": 0,
      "Plans": [
        {
          "Node Type": "Aggregate",
          "Strategy": "Sorted",
          "Partial Mode": "Simple",
          "Parent Relationship": "Outer",
          "Parallel Aware": false,
          "Async Capable": false,
          "Startup Cost": 25318.14,
          "Total Cost": 28211.93,
          "Plan Rows": 8699,
          "Plan Width": 44,
          "Actual Startup Time": 227.513,
          "Actual Total Time": 273.866,
          "Actual Rows": 6878,
          "Actual Loops": 1,
          "Group Key": [
            "p.p_brand",
            "p.p_type",
            "p.p_size"
          ],
          "Shared Hit Blocks": 785,
          "Shared Read Blocks": 6472,
          "Shared Dirtied Blocks": 0,
          "Shared Written Blocks": 0,
          "Local Hit Blocks": 0,
          "Local Read Blocks": 0,
          "Local Dirtied Blocks": 0,
          "Local Written Blocks": 0,
          "Temp Read Blocks": 0,
          "Temp Written Blocks": 0,
          "Plans": [
            {
              "Node Type": "Gather Merge",
              "Parent Relationship": "Outer",
              "Parallel Aware": false,
              "Async Capable": false,
              "Startup Cost": 25318.14,
              "Total Cost": 27903.0,
              "Plan Rows": 22194,
              "Plan Width": 40,
              "Actual Startup Time": 227.49,
              "Actual Total Time": 259.398,
              "Actual Rows": 45081,
              "Actual Loops": 1,
              "Workers Planned": 2,
              "Workers Launched": 2,
              "Shared Hit Blocks": 785,
              "Shared Read Blocks": 6472,
              "Shared Dirtied Blocks": 0,
              "Shared Written Blocks": 0,
              "Local Hit Blocks": 0,
              "Local Read Blocks": 0,
              "Local Dirtied Blocks": 0,
              "Local Written Blocks": 0,
              "Temp Read Blocks": 0,
              "Temp Written Blocks": 0,
              "Plans": [
                {
                  "Node Type": "Sort",
                  "Parent Relationship": "Outer",
                  "Parallel Aware": false,
                  "Async Capable": false,
                  "Startup Cost": 24318.11,
                  "Total Cost": 24341.23,
                  "Plan Rows": 9248,
                  "Plan Width": 40,
                  "Actual Startup Time": 178.196,
                  "Actual Total Time": 179.549,
                  "Actual Rows": 15027,
                  "Actual Loops": 3,
                  "Sort Key": [
                    "p.p_brand",
                    "p.p_type",
                    "p.p_size",
                    "ps.ps_suppkey"
                  ],
                  "Sort Method": "quicksort",
                  "Sort Space Used": 1281,
                  "Sort Space Type": "Memory",
                  "Shared Hit Blocks": 785,
                  "Shared Read Blocks": 6472,
                  "Shared Dirtied Blocks": 0,
                  "Shared Written Blocks": 0,
                  "Local Hit Blocks": 0,
                  "Local Read Blocks": 0,
                  "Local Dirtied Blocks": 0,
                  "Local Written Blocks": 0,
                  "Temp Read Blocks": 0,
                  "Temp Written Blocks": 0,
                  "Workers": [
                    {
                      "Worker Number": 0,
                      "Sort Method": "quicksort",
                      "Sort Space Used": 1260,
                      "Sort Space Type": "Memory"
                    },
                    {
                      "Worker Number": 1,
                      "Sort Method": "quicksort",
                      "Sort Space Used": 1262,
                      "Sort Space Type": "Memory"
                    }
                  ],
                  "Plans": [
                    {
                      "Node Type": "Hash Join",
                      "Parent Relationship": "Outer",
                      "Parallel Aware": true,
                      "Async Capable": false,
                      "Join Type": "Inner",
                      "Startup Cost": 6272.73,
                      "Total Cost": 23708.91,
                      "Plan Rows": 9248,
                      "Plan Width": 40,
                      "Actual Startup Time": 31.073,
                      "Actual Total Time": 126.709,
                      "Actual Rows": 15027,
                      "Actual Loops": 3,
                      "Inner Unique": true,
                      "Hash Cond": "(ps.ps_partkey = p.p_partkey)",
                      "Shared Hit Blocks": 741,
                      "Shared Read Blocks": 6472,
                      "Shared Dirtied Blocks": 0,
                      "Shared Written Blocks": 0,
                      "Local Hit Blocks": 0,
                      "Local Read Blocks": 0,
                      "Local Dirtied Blocks": 0,
                      "Local Written Blocks": 0,
                      "Temp Read Blocks": 0,
                      "Temp Written Blocks": 0,
                      "Workers": [],
                      "Plans": [
                        {
                          "Node Type": "Index Only Scan",
                          "Parent Relationship": "Outer",
                          "Parallel Aware": true,
                          "Async Capable": false,
                          "Scan Direction": "Forward",
                          "Index Name": "pk_partsupp",
                          "Relation Name": "partsupp",
                          "Alias": "ps",
                          "Startup Cost": 348.43,
                          "Total Cost": 17347.09,
                          "Plan Rows": 166667,
                          "Plan Width": 8,
                          "Actual Startup Time": 4.608,
                          "Actual Total Time": 67.9,
                          "Actual Rows": 266560,
                          "Actual Loops": 3,
                          "Filter": "(NOT (ANY (ps_suppkey = (hashed SubPlan 1).col1)))",
                          "Rows Removed by Filter": 107,
                          "Heap Fetches": 0,
                          "Shared Hit Blocks": 705,
                          "Shared Read Blocks": 2168,
                          "Shared Dirtied Blocks": 0,
                          "Shared Written Blocks": 0,
                          "Local Hit Blocks": 0,
                          "Local Read Blocks": 0,
                          "Local Dirtied Blocks": 0,
                          "Local Written Blocks": 0,
                          "Temp Read Blocks": 0,
                          "Temp Written Blocks": 0,
                          "Workers": [],
                          "Plans": [
                            {
                              "Node Type": "Seq Scan",
                              "Parent Relationship": "SubPlan",
                              "Subplan Name": "SubPlan 1",
                              "Parallel Aware": false,
                              "Async Capable": false,
                              "Relation Name": "supplier",
                              "Alias": "s",
                              "Startup Cost": 0.0,
                              "Total Cost": 348.0,
                              "Plan Rows": 1,
                              "Plan Width": 4,
                              "Actual Startup Time": 0.516,
                              "Actual Total Time": 3.603,
                              "Actual Rows": 4,
                              "Actual Loops": 3,
                              "Filter": "((s_comment)::text ~~ '%Customer%Complaints%'::text)",
                              "Rows Removed by Filter": 9996,
                              "Shared Hit Blocks": 669,
                              "Shared Read Blocks": 0,
                              "Shared Dirtied Blocks": 0,
                              "Shared Written Blocks": 0,
                              "Local Hit Blocks": 0,
                              "Local Read Blocks": 0,
                              "Local Dirtied Blocks": 0,
                              "Local Written Blocks": 0,
                              "Temp Read Blocks": 0,
                              "Temp Written Blocks": 0,
                              "Workers": []
                            }
                          ]
                        },
                        {
                          "Node Type": "Hash",
                          "Parent Relationship": "Inner",
                          "Parallel Aware": true,
                          "Async Capable": false,
                          "Startup Cost": 5866.5,
                          "Total Cost": 5866.5,
                          "Plan Rows": 4624,
                          "Plan Width": 40,
                          "Actual Startup Time": 26.294,
                          "Actual Total Time": 26.295,
                          "Actual Rows": 3758,
                          "Actual Loops": 3,
                          "Hash Buckets": 16384,
                          "Original Hash Buckets": 16384,
                          "Hash Batches": 1,
                          "Original Hash Batches": 1,
                          "Peak Memory Usage": 992,
                          "Shared Hit Blocks": 0,
                          "Shared Read Blocks": 4304,
                          "Shared Dirtied Blocks": 0,
                          "Shared Written Blocks": 0,
                          "Local Hit Blocks": 0,
                          "Local Read Blocks": 0,
                          "Local Dirtied Blocks": 0,
                          "Local Written Blocks": 0,
                          "Temp Read Blocks": 0,
                          "Temp Written Blocks": 0,
                          "Workers": [],
                          "Plans": [
                            {
                              "Node Type": "Seq Scan",
                              "Parent Relationship": "Outer",
                              "Parallel Aware": true,
                              "Async Capable": false,
                              "Relation Name": "part",
                              "Alias": "p",
                              "Startup Cost": 0.0,
                              "Total Cost": 5866.5,
                              "Plan Rows": 4624,
                              "Plan Width": 40,
                              "Actual Startup Time": 0.519,
                              "Actual Total Time": 24.724,
                              "Actual Rows": 3758,
                              "Actual Loops": 3,
                              "Filter": "((p_brand <> 'Brand#23'::bpchar) AND ((p_type)::text !~~ 'MEDIUM POLISHED%'::text) AND (p_size = ANY ('{1,4,7}'::integer[])))",
                              "Rows Removed by Filter": 62909,
                              "Shared Hit Blocks": 0,
                              "Shared Read Blocks": 4304,
                              "Shared Dirtied Blocks": 0,
                              "Shared Written Blocks": 0,
                              "Local Hit Blocks": 0,
                              "Local Read Blocks": 0,
                              "Local Dirtied Blocks": 0,
                              "Local Written Blocks": 0,
                              "Temp Read Blocks": 0,
                              "Temp Written Blocks": 0,
                              "Workers": []
                            }
                          ]
                        }
                      ]
                    }
                  ]
                }
              ]
            }
          ]
        }
      ]
    },
    "Planning": {
      "Shared Hit Blocks": 42,
      "Shared Read Blocks": 22,
      "Shared Dirtied Blocks": 0,
      "Shared Written Blocks": 0,
      "Local Hit Blocks": 0,
      "Local Read Blocks": 0,
      "Local Dirtied Blocks": 0,
      "Local Written Blocks": 0,
      "Temp Read Blocks": 0,
      "Temp Written Blocks": 0
    },
    "Planning Time": 3.143,
    "Triggers": [],
    "Execution Time": 296.619
  }
]