{
  "Node Type": "Aggregate",
  "Strategy": "Sorted",
  "Partial Mode": "Finalize",
  "Parallel Aware": false,
  "Async Capable": false,
  "Startup Cost": 105011.24,
  "Total Cost": 105836.71,
  "Plan Rows": 6108,
  "Plan Width": 116,
  "Group Key": [
    "supp_nation.n_name",
    "cust_nation.n_name",
    "(EXTRACT(year FROM l.l_shipdate))"
  ],
  "Plans": [
    {
      "Node Type": "Gather Merge",
      "Parent Relationship": "Outer",
      "Parallel Aware": false,
      "Async Capable": false,
      "Startup Cost": 105011.24,
      "Total Cost": 105681.47,
      "Plan Rows": 5090,
      "Plan Width": 116,
      "Workers Planned": 2,
      "Workers Launched": 2,
      "Plans": [
        {
          "Node Type": "Aggregate",
          "Strategy": "Sorted",
          "Partial Mode": "Partial",
          "Parent Relationship": "Outer",
          "Parallel Aware": false,
          "Async Capable": false,
          "Startup Cost": 104011.22,
          "Total Cost": 104093.93,
          "Plan Rows": 2545,
          "Plan Width": 116,
          "Group Key": [
            "supp_nation.n_name",
            "cust_nation.n_name",
            "(EXTRACT(year FROM l.l_shipdate))"
          ],
          "Workers": [],
          "Plans": [
            {
              "Node Type": "Sort",
              "Parent Relationship": "Outer",
              "Parallel Aware": false,
              "Async Capable": false,
              "Startup Cost": 104011.22,
              "Total Cost": 104017.58,
              "Plan Rows": 2545,
              "Plan Width": 96,
              "Sort Key": [
                "supp_nation.n_name",
                "cust_nation.n_name",
                "(EXTRACT(year FROM l.l_shipdate))"
              ],
              "Sort Method": "quicksort",
              "Sort Space Used": 148,
              "Sort Space Type": "Memory",
              "Workers": [
                {
                  "Worker Number": 0,
                  "Sort Method": "quicksort",
                  "Sort Space Used": 304,
                  "Sort Space Type": "Memory"
                },
                {
                  "Worker Number": 1,
                  "Sort Method": "quicksort",
                  "Sort Space Used": 298,
                  "Sort Space Type": "Memory"
                }
              ],
              "Plans": [
                {
                  "Node Type": "Hash Join",
                  "Parent Relationship": "Outer",
                  "Parallel Aware": false,
                  "Async Capable": false,
                  "Join Type": "Inner",
                  "Startup Cost": 4991.31,
                  "Total Cost": 103867.25,
                  "Plan Rows": 2545,
                  "Plan Width": 96,
                  "Inner Unique": false,
                  "Hash Cond": "(l.l_suppkey = s.s_suppkey)",
                  "Join Filter": "(((supp_nation.n_name = 'FRANCE'::bpchar) AND (cust_nation.n_name = 'GERMANY'::bpchar)) OR ((supp_nation.n_name = 'GERMANY'::bpchar) AND (cust_nation.n_name = 'FRANCE'::bpchar)))",
                  "Rows Removed by Join Filter": 1933,
                  "Workers": [],
                  "Plans": [
                    {
                      "Node Type": "Nested Loop",
                      "Parent Relationship": "Outer",
                      "Parallel Aware": false,
                      "Async Capable": false,
                      "Join Type": "Inner",
                      "Startup Cost": 4626.21,
                      "Total Cost": 103168.59,
                      "Plan Rows": 61158,
                      "Plan Width": 46,
                      "Inner Unique": false,
                      "Workers": [],
                      "Plans": [
                        {
                          "Node Type": "Hash Join",
                          "Parent Relationship": "Outer",
                          "Parallel Aware": true,
                          "Async Capable": false,
                          "Join Type": "Inner",
                          "Startup Cost": 4625.77,
                          "Total Cost": 41765.86,
                          "Plan Rows": 50000,
                          "Plan Width": 34,
                          "Inner Unique": false,
                          "Hash Cond": "(o.o_custkey = c.c_custkey)",
                          "Workers": [],
                          "Plans": [
                            {
                              "Node Type": "Seq Scan",
                              "Parent Relationship": "Outer",
                              "Parallel Aware": true,
                              "Async Capable": false,
                              "Relation Name": "orders",
                              "Alias": "o",
                              "Startup Cost": 0.0,
                              "Total Cost": 34588.0,
                              "Plan Rows": 625000,
                              "Plan Width": 12,
                              "Workers": []
                            },
                            {
                              "Node Type": "Hash",
                              "Parent Relationship": "Inner",
                              "Parallel Aware": true,
                              "Async Capable": false,
                              "Startup Cost": 4563.27,
                              "Total Cost": 4563.27,
                              "Plan Rows": 5000,
                              "Plan Width": 30,
                              "Hash Buckets": 16384,
                              "Original Hash Buckets": 16384,
                              "Hash Batches": 1,
                              "Original Hash Batches": 1,
                              "Peak Memory Usage": 928,
                              "Workers": [],
                              "Plans": [
                                {
                                  "Node Type": "Hash Join",
                                  "Parent Relationship": "Outer",
                                  "Parallel Aware": false,
                                  "Async Capable": false,
                                  "Join Type": "Inner",
                                  "Startup Cost": 1.4,
                                  "Total Cost": 4563.27,
                                  "Plan Rows": 5000,
                                  "Plan Width": 30,
                                  "Inner Unique": true,
                                  "Hash Cond": "(c.c_nationkey = cust_nation.n_nationkey)",
                                  "Workers": [],
                                  "Plans": [
                                    {
                                      "Node Type": "Seq Scan",
                                      "Parent Relationship": "Outer",
                                      "Parallel Aware": true,
                                      "Async Capable": false,
                                      "Relation Name": "customer",
                                      "Alias": "c",
                                      "Startup Cost": 0.0,
                                      "Total Cost": 4370.0,
                                      "Plan Rows": 62500,
                                      "Plan Width": 8,
                                      "Workers": []
                                    },
                                    {
                                      "Node Type": "Hash",
                                      "Parent Relationship": "Inner",
                                      "Parallel Aware": false,
                                      "Async Capable": false,
                                      "Startup Cost": 1.38,
                                      "Total Cost": 1.38,
                                      "Plan Rows": 2,
                                      "Plan Width": 30,
                                      "Hash Buckets": 1024,
                                      "Original Hash Buckets": 1024,
                                      "Hash Batches": 1,
                                      "Original Hash Batches": 1,
                                      "Peak Memory Usage": 9,
                                      "Workers": [],
                                      "Plans": [
                                        {
                                          "Node Type": "Seq Scan",
                                          "Parent Relationship": "Outer",
                                          "Parallel Aware": false,
                                          "Async Capable": false,
                                          "Relation Name": "nation",
                                          "Alias": "cust_nation",
                                          "Startup Cost": 0.0,
                                          "Total Cost": 1.38,
                                          "Plan Rows": 2,
                                          "Plan Width": 30,
                                          "Filter": "((n_name = 'GERMANY'::bpchar) OR (n_name = 'FRANCE'::bpchar))",
                                          "Rows Removed by Filter": 23,
                                          "Workers": []
                                        }
                                      ]
                                    }
                                  ]
                                }
                              ]
                            }
                          ]
                        },
                        {
                          "Node Type": "Index Scan",
                          "Parent Relationship": "Inner",
                          "Parallel Aware": false,
                          "Async Capable": false,
                          "Scan Direction": "Forward",
                          "Index Name": "pk_lineitem",
                          "Relation Name": "lineitem",
                          "Alias": "l",
                          "Startup Cost": 0.43,
                          "Total Cost": 1.18,
                          "Plan Rows": 5,
                          "Plan Width": 28,
                          "Index Cond": "(l_orderkey = o.o_orderkey)",
                          "Rows Removed by Index Recheck": 0,
                          "Filter": "((l_shipdate >= '1995-01-01'::date) AND (l_shipdate <= '1996-12-31'::date))",
                          "Rows Removed by Filter": 3,
                          "Workers": []
                        }
                      ]
                    },
                    {
                      "Node Type": "Hash",
                      "Parent Relationship": "Inner",
                      "Parallel Aware": false,
                      "Async Capable": false,
                      "Startup Cost": 355.1,
                      "Total Cost": 355.1,
                      "Plan Rows": 800,
                      "Plan Width": 30,
                      "Hash Buckets": 1024,
                      "Original Hash Buckets": 1024,
                      "Hash Batches": 1,
                      "Original Hash Batches": 1,
                      "Peak Memory Usage": 57,
                      "Workers": [],
                      "Plans": [
                        {
                          "Node Type": "Hash Join",
                          "Parent Relationship": "Outer",
                          "Parallel Aware": false,
                          "Async Capable": false,
                          "Join Type": "Inner",
                          "Startup Cost": 1.4,
                          "Total Cost": 355.1,
                          "Plan Rows": 800,
                          "Plan Width": 30,
                          "Inner Unique": true,
                          "Hash Cond": "(s.s_nationkey = supp_nation.n_nationkey)",
                          "Workers": [],
                          "Plans": [
                            {
                              "Node Type": "Seq Scan",
                              "Parent Relationship": "Outer",
                              "Parallel Aware": false,
                              "Async Capable": false,
                              "Relation Name": "supplier",
                              "Alias": "s",
                              "Startup Cost": 0.0,
                              "Total Cost": 323.0,
                              "Plan Rows": 10000,
                              "Plan Width": 8,
                              "Workers": []
                            },
                            {
                              "Node Type": "Hash",
                              "Parent Relationship": "Inner",
                              "Parallel Aware": false,
                              "Async Capable": false,
                              "Startup Cost": 1.38,
                              "Total Cost": 1.38,
                              "Plan Rows": 2,
                              "Plan Width": 30,
                              "Hash Buckets": 1024,
                              "Original Hash Buckets": 1024,
                              "Hash Batches": 1,
                              "Original Hash Batches": 1,
                              "Peak Memory Usage": 9,
                              "Workers": [],
                              "Plans": [
                                {
                                  "Node Type": "Seq Scan",
                                  "Parent Relationship": "Outer",
                                  "Parallel Aware": false,
                                  "Async Capable": false,
                                  "Relation Name": "nation",
                                  "Alias": "supp_nation",
                                  "Startup Cost": 0.0,
                                  "Total Cost": 1.38,
                                  "Plan Rows": 2,
                                  "Plan Width": 30,
                                  "Filter": "((n_name = 'FRANCE'::bpchar) OR (n_name = 'GERMANY'::bpchar))",
                                  "Rows Removed by Filter": 23,
                                  "Workers": []
                                }
                              ]
                            }
                          ]
                        }
                      ]
                    }
                  ]
                }
              ]
            }
          ]
        }
      ]
    }
  ]
}