[
  {
    "Plan": {
      "Node Type": "Sort",
      "Parallel Aware": false,
      "Async Capable": false,
      "Startup Cost": 179180.17,
      "Total Cost": 179180.18,
      "Plan Rows": 1,
      "Plan Width": 34,
      "Actual Startup Time": 1590.038,
      "Actual Total Time": 1590.167,
      "Actual Rows": 413,
      "Actual Loops": 1,
      "Sort Key": [
        "(count(*)) DESC",
        "s.s_name"
      ],
      "Sort Method": "quicksort",
      "Sort Space Used": 47,
      "Sort Space Type": "Memory",
      "Shared Hit Blocks": 676533,
      "Shared Read Blocks": 160362,
      "Shared Dirtied Blocks": 0,
      "Shared Written Blocks": 0,
      "Local Hit Blocks": 0,
      "Local Read Blocks": 0,
      "Local Dirtied Blocks": 0,
      "Local Written Blocks": 0,
      "Temp Read Blocks": 0,
      "Temp Written Blocks": 0,
      "Plans": [
        {
          "Node Type": "Aggregate",
          "Strategy": "Sorted",
          "Partial Mode": "Simple",
          "Parent Relationship": "Outer",
          "Parallel Aware": false,
          "Async Capable": false,
          "Startup Cost": 179180.14,
          "Total Cost": 179180.16,
          "Plan Rows": 1,
          "Plan Width": 34,
          "Actual Startup Time": 1588.892,
          "Actual Total Time": 1589.566,
          "Actual Rows": 413,
          "Actual Loops": 1,
          "Group Key": [
            "s.s_name"
          ],
          "Shared Hit Blocks": 676527,
          "Shared Read Blocks": 160362,
          "Shared Dirtied Blocks": 0,
          "Shared Written Blocks": 0,
          "Local Hit Blocks": 0,
          "Local Read Blocks": 0,
          "Local Dirtied Blocks": 0,
          "Local Written Blocks": 0,
          "Temp Read Blocks": 0,
          "Temp Written Blocks": 0,
          "Plans": [
            {
              "Node Type": "Sort",
              "Parent Relationship": "Outer",
              "Parallel Aware": false,
              "Async Capable": false,
              "Startup Cost": 179180.14,
              "Total Cost": 179180.15,
              "Plan Rows": 1,
              "Plan Width": 26,
              "Actual Startup Time": 1588.881,
              "Actual Total Time": 1589.143,
              "Actual Rows": 4164,
              "Actual Loops": 1,
              "Sort Key": [
                "s.s_name"
              ],
              "Sort Method": "quicksort",
              "Sort Space Used": 193,
              "Sort Space Type": "Memory",
              "Shared Hit Blocks": 676527,
              "Shared Read Blocks": 160362,
              "Shared Dirtied Blocks": 0,
              "Shared Written Blocks": 0,
              "Local Hit Blocks": 0,
              "Local Read Blocks": 0,
              "Local Dirtied Blocks": 0,
              "Local Written Blocks": 0,
              "Temp Read Blocks": 0,
              "Temp Written Blocks": 0,
              "Plans": [
                {
                  "Node Type": "Nested Loop",
                  "Parent Relationship": "Outer",
                  "Parallel Aware": false,
                  "Async Capable": false,
                  "Join Type": "Semi",
                  "Startup Cost": 1361.32,
                  "Total Cost": 179180.13,
                  "Plan Rows": 1,
                  "Plan Width": 26,
                  "Actual Startup Time": 5.984,
                  "Actual Total Time": 1577.43,
                  "Actual Rows": 4164,
                  "Actual Loops": 1,
                  "Inner Unique": false,
                  "Shared Hit Blocks": 676527,
                  "Shared Read Blocks": 160362,
                  "Shared Dirtied Blocks": 0,
                  "Shared Written Blocks": 0,
                  "Local Hit Blocks": 0,
                  "Local Read Blocks": 0,
                  "Local Dirtied Blocks": 0,
                  "Local Written Blocks": 0,
                  "Temp Read Blocks": 0,
                  "Temp Written Blocks": 0,
                  "Plans": [
                    {
                      "Node Type": "Nested Loop",
                      "Parent Relationship": "Outer",
                      "Parallel Aware": false,
                      "Async Capable": false,
                      "Join Type": "Inner",
                      "Startup Cost": 1360.88,
                      "Total Cost": 179179.07,
                      "Plan Rows": 1,
                      "Plan Width": 46,
                      "Actual Startup Time": 5.954,
                      "Actual Total Time": 1389.432,
                      "Actual Rows": 6941,
                      "Actual Loops": 1,
                      "Inner Unique": true,
                      "Shared Hit Blocks": 653309,
                      "Shared Read Blocks": 155779,
                      "Shared Dirtied Blocks": 0,
                      "Shared Written Blocks": 0,
                      "Local Hit Blocks": 0,
                      "Local Read Blocks": 0,
                      "Local Dirtied Blocks": 0,
                      "Local Written Blocks": 0,
                      "Temp Read Blocks": 0,
                      "Temp Written Blocks": 0,
                      "Plans": [
                        {
                          "Node Type": "Gather",
                          "Parent Relationship": "Outer",
                          "Parallel Aware": false,
                          "Async Capable": false,
                          "Startup Cost": 1360.46,
                          "Total Cost": 179178.56,
                          "Plan Rows": 1,
                          "Plan Width": 38,
                          "Actual Startup Time": 5.292,
                          "Actual Total Time": 1100.861,
                          "Actual Rows": 14141,
                          "Actual Loops": 1,
                          "Workers Planned": 2,
                          "Workers Launched": 2,
                          "Single Copy": false,
                          "Shared Hit Blocks": 611846,
                          "Shared Read Blocks": 140678,
                          "Shared Dirtied Blocks": 0,
                          "Shared Written Blocks": 0,
                          "Local Hit Blocks": 0,
                          "Local Read Blocks": 0,
                          "Local Dirtied Blocks": 0,
                          "Local Written Blocks": 0,
                          "Temp Read Blocks": 0,
                          "Temp Written Blocks": 0,
                          "Plans": [
                            {
                              "Node Type": "Nested Loop",
                              "Parent Relationship": "Outer",
                              "Parallel Aware": false,
                              "Async Capable": false,
                              "Join Type": "Anti",
                              "Startup Cost": 360.46,
                              "Total Cost": 178178.46,
                              "Plan Rows": 1,
                              "Plan Width": 38,
                              "Actual Startup Time": 6.478,
                              "Actual Total Time": 1371.57,
                              "Actual Rows": 4714,
                              "Actual Loops": 3,
                              "Inner Unique": false,
                              "Shared Hit Blocks": 611846,
                              "Shared Read Blocks": 140678,
                              "Shared Dirtied Blocks": 0,
                              "Shared Written Blocks": 0,
                              "Local Hit Blocks": 0,
                              "Local Read Blocks": 0,
                              "Local Dirtied Blocks": 0,
                              "Local Written Blocks": 0,
                              "Temp Read Blocks": 0,
                              "Temp Written Blocks": 0,
                              "Workers": [],
                              "Plans": [
                                {
                                  "Node Type": "Hash Join",
                                  "Parent Relationship": "Outer",
                                  "Parallel Aware": false,
                                  "Async Capable": false,
                                  "Join Type": "Inner",
                                  "Startup Cost": 360.02,
                                  "Total Cost": 156563.37,
                                  "Plan Rows": 33342,
                                  "Plan Width": 38,
                                  "Actual Startup Time": 5.339,
                                  "Actual Total Time": 1070.622,
                                  "Actual Rows": 52299,
                                  "Actual Loops": 3,
                                  "Inner Unique": false,
                                  "Hash Cond": "(l1.l_suppkey = s.s_suppkey)",
                                  "Shared Hit Blocks": 4946,
                                  "Shared Read Blocks": 117308,
                                  "Shared Dirtied Blocks": 0,
                                  "Shared Written Blocks": 0,
                                  "Local Hit Blocks": 0,
                                  "Local Read Blocks": 0,
                                  "Local Dirtied Blocks": 0,
                                  "Local Written Blocks": 0,
                                  "Temp Read Blocks": 0,
                                  "Temp Written Blocks": 0,
                                  "Workers": [],
                                  "Plans": [
                                    {
                                      "Node Type": "Seq Scan",
                                      "Parent Relationship": "Outer",
                                      "Parallel Aware": true,
                                      "Async Capable": false,
                                      "Relation Name": "lineitem",
                                      "Alias": "l1",
                                      "Startup Cost": 0.0,
                                      "Total Cost": 152744.11,
                                      "Plan Rows": 833550,
                                      "Plan Width": 12,
                                      "Actual Startup Time": 0.525,
                                      "Actual Total Time": 922.519,
                                      "Actual Rows": 1264432,
                                      "Actual Loops": 3,
                                      "Filter": "(l_receiptdate > l_commitdate)",
                                      "Rows Removed by Filter": 735973,
                                      "Shared Hit Blocks": 4288,
                                      "Shared Read Blocks": 117198,
                                      "Shared Dirtied Blocks": 0,
                                      "Shared Written Blocks": 0,
                                      "Local Hit Blocks": 0,
                                      "Local Read Blocks": 0,
                                      "Local Dirtied Blocks": 0,
                                      "Local Written Blocks": 0,
                                      "Temp Read Blocks": 0,
                                      "Temp Written Blocks": 0,
                                      "Workers": []
                                    },
                                    {
                                      "Node Type": "Hash",
                                      "Parent Relationship": "Inner",
                                      "Parallel Aware": false,
                                      "Async Capable": false,
                                      "Startup Cost": 355.02,
                                      "Total Cost": 355.02,
                                      "Plan Rows": 400,
                                      "Plan Width": 30,
                                      "Actual Startup Time": 4.639,
                                      "Actual Total Time": 4.641,
                                      "Actual Rows": 413,
                                      "Actual Loops": 3,
                                      "Hash Buckets": 1024,
                                      "Original Hash Buckets": 1024,
                                      "Hash Batches": 1,
                                      "Original Hash Batches": 1,
                                      "Peak Memory Usage": 34,
                                      "Shared Hit Blocks": 562,
                                      "Shared Read Blocks": 110,
                                      "Shared Dirtied Blocks": 0,
                                      "Shared Written Blocks": 0,
                                      "Local Hit Blocks": 0,
                                      "Local Read Blocks": 0,
                                      "Local Dirtied Blocks": 0,
                                      "Local Written Blocks": 0,
                                      "Temp Read Blocks": 0,
                                      "Temp Written Blocks": 0,
                                      "Workers": [],
                                      "Plans": [
                                        {
                                          "Node Type": "Hash Join",
                                          "Parent Relationship": "Outer",
                                          "Parallel Aware": false,
                                          "Async Capable": false,
                                          "Join Type": "Inner",
                                          "Startup Cost": 1.32,
                                          "Total Cost": 355.02,
                                          "Plan Rows": 400,
                                          "Plan Width": 30,
                                          "Actual Startup Time": 0.901,
                                          "Actual Total Time": 4.543,
                                          "Actual Rows": 413,
                                          "Actual Loops": 3,
                                          "Inner Unique": true,
                                          "Hash Cond": "(s.s_nationkey = n.n_nationkey)",
                                          "Shared Hit Blocks": 562,
                                          "Shared Read Blocks": 110,
                                          "Shared Dirtied Blocks": 0,
                                          "Shared Written Blocks": 0,
                                          "Local Hit Blocks": 0,
                                          "Local Read Blocks": 0,
                                          "Local Dirtied Blocks": 0,
                                          "Local Written Blocks": 0,
                                          "Temp Read Blocks": 0,
                                          "Temp Written Blocks": 0,
                                          "Workers": [],
                                          "Plans": [
                                            {
                                              "Node Type": "Seq Scan",
                                              "Parent Relationship": "Outer",
                                              "Parallel Aware": false,
                                              "Async Capable": false,
                                              "Relation Name": "supplier",
                                              "Alias": "s",
                                              "Startup Cost": 0.0,
                                              "Total Cost": 323.0,
                                              "Plan Rows": 10000,
                                              "Plan Width": 34,
                                              "Actual Startup Time": 0.386,
                                              "Actual Total Time": 2.395,
                                              "Actual Rows": 10000,
                                              "Actual Loops": 3,
                                              "Shared Hit Blocks": 559,
                                              "Shared Read Blocks": 110,
                                              "Shared Dirtied Blocks": 0,
                                              "Shared Written Blocks": 0,
                                              "Local Hit Blocks": 0,
                                              "Local Read Blocks": 0,
                                              "Local Dirtied Blocks": 0,
                                              "Local Written Blocks": 0,
                                              "Temp Read Blocks": 0,
                                              "Temp Written Blocks": 0,
                                              "Workers": []
                                            },
                                            {
                                              "Node Type": "Hash",
                                              "Parent Relationship": "Inner",
                                              "Parallel Aware": false,
                                              "Async Capable": false,
                                              "Startup Cost": 1.31,
                                              "Total Cost": 1.31,
                                              "Plan Rows": 1,
                                              "Plan Width": 4,
                                              "Actual Startup Time": 0.491,
                                              "Actual Total Time": 0.492,
                                              "Actual Rows": 1,
                                              "Actual Loops": 3,
                                              "Hash Buckets": 1024,
                                              "Original Hash Buckets": 1024,
                                              "Hash Batches": 1,
                                              "Original Hash Batches": 1,
                                              "Peak Memory Usage": 9,
                                              "Shared Hit Blocks": 3,
                                              "Shared Read Blocks": 0,
                                              "Shared Dirtied Blocks": 0,
                                              "Shared Written Blocks": 0,
                                              "Local Hit Blocks": 0,
                                              "Local Read Blocks": 0,
                                              "Local Dirtied Blocks": 0,
                                              "Local Written Blocks": 0,
                                              "Temp Read Blocks": 0,
                                              "Temp Written Blocks": 0,
                                              "Workers": [],
                                              "Plans": [
                                                {
                                                  "Node Type": "Seq Scan",
                                                  "Parent Relationship": "Outer",
                                                  "Parallel Aware": false,
                                                  "Async Capable": false,
                                                  "Relation Name": "nation",
                                                  "Alias": "n",
                                                  "Startup Cost": 0.0,
                                                  "Total Cost": 1.31,
                                                  "Plan Rows": 1,
                                                  "Plan Width": 4,
                                                  "Actual Startup Time": 0.479,
                                                  "Actual Total Time": 0.482,
                                                  "Actual Rows": 1,
                                                  "Actual Loops": 3,
                                                  "Filter": "(n_name = 'ARGENTINA'::bpchar)",
                                                  "Rows Removed by Filter": 24,
                                                  "Shared Hit Blocks": 3,
                                                  "Shared Read Blocks": 0,
                                                  "Shared Dirtied Blocks": 0,
                                                  "Shared Written Blocks": 0,
                                                  "Local Hit Blocks": 0,
                                                  "Local Read Blocks": 0,
                                                  "Local Dirtied Blocks": 0,
                                                  "Local Written Blocks": 0,
                                                  "Temp Read Blocks": 0,
                                                  "Temp Written Blocks": 0,
                                                  "Workers": []
                                                }
                                              ]
                                            }
                                          ]
                                        }
                                      ]
                                    }
                                  ]
                                },
                                {
                                  "Node Type": "Index Scan",
                                  "Parent Relationship": "Inner",
                                  "Parallel Aware": false,
                                  "Async Capable": false,
                                  "Scan Direction": "Forward",
                                  "Index Name": "pk_lineitem",
                                  "Relation Name": "lineitem",
                                  "Alias": "l3",
                                  "Startup Cost": 0.43,
                                  "Total Cost": 1.08,
                                  "Plan Rows": 5,
                                  "Plan Width": 12,
                                  "Actual Startup Time": 0.005,
                                  "Actual Total Time": 0.005,
                                  "Actual Rows": 1,
                                  "Actual Loops": 156898,
                                  "Index Cond": "(l_orderkey = l1.l_orderkey)",
                                  "Rows Removed by Index Recheck": 0,
                                  "Filter": "((l_receiptdate > l_commitdate) AND (l_suppkey <> l1.l_suppkey))",
                                  "Rows Removed by Filter": 1,
                                  "Shared Hit Blocks": 606900,
                                  "Shared Read Blocks": 23370,
                                  "Shared Dirtied Blocks": 0,
                                  "Shared Written Blocks": 0,
                                  "Local Hit Blocks": 0,
                                  "Local Read Blocks": 0,
                                  "Local Dirtied Blocks": 0,
                                  "Local Written Blocks": 0,
                                  "Temp Read Blocks": 0,
                                  "Temp Written Blocks": 0,
                                  "Workers": []
                                }
                              ]
                            }
                          ]
                        },
                        {
                          "Node Type": "Index Scan",
                          "Parent Relationship": "Inner",
                          "Parallel Aware": false,
                          "Async Capable": false,
                          "Scan Direction": "Forward",
                          "Index Name": "pk_orders",
                          "Relation Name": "orders",
                          "Alias": "o",
                          "Startup Cost": 0.43,
                          "Total Cost": 0.51,
                          "Plan Rows": 1,
                          "Plan Width": 8,
                          "Actual Startup Time": 0.02,
                          "Actual Total Time": 0.02,
                          "Actual Rows": 0,
                          "Actual Loops": 14141,
                          "Index Cond": "(o_orderkey = l1.l_orderkey)",
                          "Rows Removed by Index Recheck": 0,
                          "Filter": "(o_orderstatus = 'F'::bpchar)",
                          "Rows Removed by Filter": 1,
                          "Shared Hit Blocks": 41463,
                          "Shared Read Blocks": 15101,
                          "Shared Dirtied Blocks": 0,
                          "Shared Written Blocks": 0,
                          "Local Hit Blocks": 0,
                          "Local Read Blocks": 0,
                          "Local Dirtied Blocks": 0,
                          "Local Written Blocks": 0,
                          "Temp Read Blocks": 0,
                          "Temp Written Blocks": 0
                        }
                      ]
                    },
                    {
                      "Node Type": "Index Scan",
                      "Parent Relationship": "Inner",
                      "Parallel Aware": false,
                      "Async Capable": false,
                      "Scan Direction": "Forward",
                      "Index Name": "pk_lineitem",
                      "Relation Name": "lineitem",
                      "Alias": "l2",
                      "Startup Cost": 0.43,
                      "Total Cost": 1.04,
                      "Plan Rows": 16,
                      "Plan Width": 12,
                      "Actual Startup Time": 0.026,
                      "Actual Total Time": 0.026,
                      "Actual Rows": 1,
                      "Actual Loops": 6941,
                      "Index Cond": "(l_orderkey = l1.l_orderkey)",
                      "Rows Removed by Index Recheck": 0,
                      "Filter": "(l_suppkey <> l1.l_suppkey)",
                      "Rows Removed by Filter": 1,
                      "Shared Hit Blocks": 23218,
                      "Shared Read Blocks": 4583,
                      "Shared Dirtied Blocks": 0,
                      "Shared Written Blocks": 0,
                      "Local Hit Blocks": 0,
                      "Local Read Blocks": 0,
                      "Local Dirtied Blocks": 0,
                      "Local Written Blocks": 0,
                      "Temp Read Blocks": 0,
                      "Temp Written Blocks": 0
                    }
                  ]
                }
              ]
            }
          ]
        }
      ]
    },
    "Planning": {
      "Shared Hit Blocks": 329,
      "Shared Read Blocks": 27,
      "Shared Dirtied Blocks": 0,
      "Shared Written Blocks": 0,
      "Local Hit Blocks": 0,
      "Local Read Blocks": 0,
      "Local Dirtied Blocks": 0,
      "Local Written Blocks": 0,
      "Temp Read Blocks": 0,
      "Temp Written Blocks": 0
    },
    "Planning Time": 9.537,
    "Triggers": [],
    "Execution Time": 1590.463
  }
]