[
  {
    "Plan": {
      "Node Type": "Limit",
      "Parallel Aware": false,
      "Async Capable": false,
      "Startup Cost": 200312.33,
      "Total Cost": 200312.36,
      "Plan Rows": 10,
      "Plan Width": 48,
      "Actual Startup Time": 1073.678,
      "Actual Total Time": 1082.003,
      "Actual Rows": 10,
      "Actual Loops": 1,
      "Shared Hit Blocks": 447238,
      "Shared Read Blocks": 137301,
      "Shared Dirtied Blocks": 0,
      "Shared Written Blocks": 0,
      "Local Hit Blocks": 0,
      "Local Read Blocks": 0,
      "Local Dirtied Blocks": 0,
      "Local Written Blocks": 0,
      "Temp Read Blocks": 0,
      "Temp Written Blocks": 0,
      "Plans": [
        {
          "Node Type": "Sort",
          "Parent Relationship": "Outer",
          "Parallel Aware": false,
          "Async Capable": false,
          "Startup Cost": 200312.33,
          "Total Cost": 201088.37,
          "Plan Rows": 310417,
          "Plan Width": 48,
          "Actual Startup Time": 1073.676,
          "Actual Total Time": 1081.999,
          "Actual Rows": 10,
          "Actual Loops": 1,
          "Sort Key": [
            "(sum((l.l_extendedprice * ('1'::numeric - l.l_discount)))) DESC"
          ],
          "Sort Method": "top-N heapsort",
          "Sort Space Used": 26,
          "Sort Space Type": "Memory",
          "Shared Hit Blocks": 447238,
          "Shared Read Blocks": 137301,
          "Shared Dirtied Blocks": 0,
          "Shared Written Blocks": 0,
          "Local Hit Blocks": 0,
          "Local Read Blocks": 0,
          "Local Dirtied Blocks": 0,
          "Local Written Blocks": 0,
          "Temp Read Blocks": 0,
          "Temp Written Blocks": 0,
          "Plans": [
            {
              "Node Type": "Aggregate",
              "Strategy": "Sorted",
              "Partial Mode": "Finalize",
              "Parent Relationship": "Outer",
              "Parallel Aware": false,
              "Async Capable": false,
              "Startup Cost": 152752.33,
              "Total Cost": 193604.33,
              "Plan Rows": 310417,
              "Plan Width": 48,
              "Actual Startup Time": 1051.018,
              "Actual Total Time": 1079.005,
              "Actual Rows": 11237,
              "Actual Loops": 1,
              "Group Key": [
                "l.l_orderkey",
                "o.o_orderdate",
                "o.o_shippriority"
              ],
              "Shared Hit Blocks": 447238,
              "Shared Read Blocks": 137301,
              "Shared Dirtied Blocks": 0,
              "Shared Written Blocks": 0,
              "Local Hit Blocks": 0,
              "Local Read Blocks": 0,
              "Local Dirtied Blocks": 0,
              "Local Written Blocks": 0,
              "Temp Read Blocks": 0,
              "Temp Written Blocks": 0,
              "Plans": [
                {
                  "Node Type": "Gather Merge",
                  "Parent Relationship": "Outer",
                  "Parallel Aware": false,
                  "Async Capable": false,
                  "Startup Cost": 152752.33,
                  "Total Cost": 186490.62,
                  "Plan Rows": 258680,
                  "Plan Width": 48,
                  "Actual Startup Time": 1051.002,
                  "Actual Total Time": 1068.875,
                  "Actual Rows": 11237,
                  "Actual Loops": 1,
                  "Workers Planned": 2,
                  "Workers Launched": 2,
                  "Shared Hit Blocks": 447238,
                  "Shared Read Blocks": 137301,
                  "Shared Dirtied Blocks": 0,
                  "Shared Written Blocks": 0,
                  "Local Hit Blocks": 0,
                  "Local Read Blocks": 0,
                  "Local Dirtied Blocks": 0,
                  "Local Written Blocks": 0,
                  "Temp Read Blocks": 0,
                  "Temp Written Blocks": 0,
                  "Plans": [
                    {
                      "Node Type": "Aggregate",
                      "Strategy": "Sorted",
                      "Partial Mode": "Partial",
                      "Parent Relationship": "Outer",
                      "Parallel Aware": false,
                      "Async Capable": false,
                      "Startup Cost": 151752.31,
                      "Total Cost": 155632.51,
                      "Plan Rows": 129340,
                      "Plan Width": 48,
                      "Actual Startup Time": 1004.943,
                      "Actual Total Time": 1011.009,
                      "Actual Rows": 3746,
                      "Actual Loops": 3,
                      "Group Key": [
                        "l.l_orderkey",
                        "o.o_orderdate",
                        "o.o_shippriority"
                      ],
                      "Shared Hit Blocks": 447238,
                      "Shared Read Blocks": 137301,
                      "Shared Dirtied Blocks": 0,
                      "Shared Written Blocks": 0,
                      "Local Hit Blocks": 0,
                      "Local Read Blocks": 0,
                      "Local Dirtied Blocks": 0,
                      "Local Written Blocks": 0,
                      "Temp Read Blocks": 0,
                      "Temp Written Blocks": 0,
                      "Workers": [],
                      "Plans": [
                        {
                          "Node Type": "Sort",
                          "Parent Relationship": "Outer",
                          "Parallel Aware": false,
                          "Async Capable": false,
                          "Startup Cost": 151752.31,
                          "Total Cost": 152075.66,
                          "Plan Rows": 129340,
                          "Plan Width": 28,
                          "Actual Startup Time": 1004.926,
                          "Actual Total Time": 1005.435,
                          "Actual Rows": 9935,
                          "Actual Loops": 3,
                          "Sort Key": [
                            "l.l_orderkey",
                            "o.o_orderdate",
                            "o.o_shippriority"
                          ],
                          "Sort Method": "quicksort",
                          "Sort Space Used": 475,
                          "Sort Space Type": "Memory",
                          "Shared Hit Blocks": 447238,
                          "Shared Read Blocks": 137301,
                          "Shared Dirtied Blocks": 0,
                          "Shared Written Blocks": 0,
                          "Local Hit Blocks": 0,
                          "Local Read Blocks": 0,
                          "Local Dirtied Blocks": 0,
                          "Local Written Blocks": 0,
                          "Temp Read Blocks": 0,
                          "Temp Written Blocks": 0,
                          "Workers": [
                            {
                              "Worker Number": 0,
                              "Sort Method": "quicksort",
                              "Sort Space Used": 944,
                              "Sort Space Type": "Memory"
                            },
                            {
                              "Worker Number": 1,
                              "Sort Method": "quicksort",
                              "Sort Space Used": 940,
                              "Sort Space Type": "Memory"
                            }
                          ],
                          "Plans": [
                            {
                              "Node Type": "Nested Loop",
                              "Parent Relationship": "Outer",
                              "Parallel Aware": false,
                              "Async Capable": false,
                              "Join Type": "Inner",
                              "Startup Cost": 4682.96,
                              "Total Cost": 137673.32,
                              "Plan Rows": 129340,
                              "Plan Width": 28,
                              "Actual Startup Time": 23.065,
                              "Actual Total Time": 999.763,
                              "Actual Rows": 9935,
                              "Actual Loops": 3,
                              "Inner Unique": false,
                              "Shared Hit Blocks": 447194,
                              "Shared Read Blocks": 137299,
                              "Shared Dirtied Blocks": 0,
                              "Shared Written Blocks": 0,
                              "Local Hit Blocks": 0,
                              "Local Read Blocks": 0,
                              "Local Dirtied Blocks": 0,
                              "Local Written Blocks": 0,
                              "Temp Read Blocks": 0,
                              "Temp Written Blocks": 0,
                              "Workers": [],
                              "Plans": [
                                {
                                  "Node Type": "Hash Join",
                                  "Parent Relationship": "Outer",
                                  "Parallel Aware": true,
                                  "Async Capable": false,
                                  "Join Type": "Inner",
                                  "Startup Cost": 4682.52,
                                  "Total Cost": 41579.01,
                                  "Plan Rows": 56845,
                                  "Plan Width": 16,
                                  "Actual Startup Time": 21.213,
                                  "Actual Total Time": 245.753,
                                  "Actual Rows": 45326,
                                  "Actual Loops": 3,
                                  "Inner Unique": true,
                                  "Hash Cond": "(o.o_custkey = c.c_custkey)",
                                  "Shared Hit Blocks": 3765,
                                  "Shared Read Blocks": 28340,
                                  "Shared Dirtied Blocks": 0,
                                  "Shared Written Blocks": 0,
                                  "Local Hit Blocks": 0,
                                  "Local Read Blocks": 0,
                                  "Local Dirtied Blocks": 0,
                                  "Local Written Blocks": 0,
                                  "Temp Read Blocks": 0,
                                  "Temp Written Blocks": 0,
                                  "Workers": [],
                                  "Plans": [
                                    {
                                      "Node Type": "Seq Scan",
                                      "Parent Relationship": "Outer",
                                      "Parallel Aware": true,
                                      "Async Capable": false,
                                      "Relation Name": "orders",
                                      "Alias": "o",
                                      "Startup Cost": 0.0,
                                      "Total Cost": 36150.5,
                                      "Plan Rows": 284178,
                                      "Plan Width": 20,
                                      "Actual Startup Time": 0.636,
                                      "Actual Total Time": 141.547,
                                      "Actual Rows": 227110,
                                      "Actual Loops": 3,
                                      "Filter": "(o_orderdate < '1995-01-01'::date)",
                                      "Rows Removed by Filter": 272890,
                                      "Shared Hit Blocks": 0,
                                      "Shared Read Blocks": 28338,
                                      "Shared Dirtied Blocks": 0,
                                      "Shared Written Blocks": 0,
                                      "Local Hit Blocks": 0,
                                      "Local Read Blocks": 0,
                                      "Local Dirtied Blocks": 0,
                                      "Local Written Blocks": 0,
                                      "Temp Read Blocks": 0,
                                      "Temp Written Blocks": 0,
                                      "Workers": []
                                    },
                                    {
                                      "Node Type": "Hash",
                                      "Parent Relationship": "Inner",
                                      "Parallel Aware": true,
                                      "Async Capable": false,
                                      "Startup Cost": 4526.25,
                                      "Total Cost": 4526.25,
                                      "Plan Rows": 12502,
                                      "Plan Width": 4,
                                      "Actual Startup Time": 20.311,
                                      "Actual Total Time": 20.311,
                                      "Actual Rows": 9989,
                                      "Actual Loops": 3,
                                      "Hash Buckets": 32768,
                                      "Original Hash Buckets": 32768,
                                      "Hash Batches": 1,
                                      "Original Hash Batches": 1,
                                      "Peak Memory Usage": 1440,
                                      "Shared Hit Blocks": 3743,
                                      "Shared Read Blocks": 2,
                                      "Shared Dirtied Blocks": 0,
                                      "Shared Written Blocks": 0,
                                      "Local Hit Blocks": 0,
                                      "Local Read Blocks": 0,
                                      "Local Dirtied Blocks": 0,
                                      "Local Written Blocks": 0,
                                      "Temp Read Blocks": 0,
                                      "Temp Written Blocks": 0,
                                      "Workers": [],
                                      "Plans": [
                                        {
                                          "Node Type": "Seq Scan",
                                          "Parent Relationship": "Outer",
                                          "Parallel Aware": true,
                                          "Async Capable": false,
                                          "Relation Name": "customer",
                                          "Alias": "c",
                                          "Startup Cost": 0.0,
                                          "Total Cost": 4526.25,
                                          "Plan Rows": 12502,
                                          "Plan Width": 4,
                                          "Actual Startup Time": 0.014,
                                          "Actual Total Time": 48.889,
                                          "Actual Rows": 29968,
                                          "Actual Loops": 1,
                                          "Filter": "(c_mktsegment = 'FURNITURE'::bpchar)",
                                          "Rows Removed by Filter": 120032,
                                          "Shared Hit Blocks": 3743,
                                          "Shared Read Blocks": 2,
                                          "Shared Dirtied Blocks": 0,
                                          "Shared Written Blocks": 0,
                                          "Local Hit Blocks": 0,
                                          "Local Read Blocks": 0,
                                          "Local Dirtied Blocks": 0,
                                          "Local Written Blocks": 0,
                                          "Temp Read Blocks": 0,
                                          "Temp Written Blocks": 0,
                                          "Workers": []
                                        }
                                      ]
                                    }
                                  ]
                                },
                                {
                                  "Node Type": "Index Scan",
                                  "Parent Relationship": "Inner",
                                  "Parallel Aware": false,
                                  "Async Capable": false,
                                  "Scan Direction": "Forward",
                                  "Index Name": "pk_lineitem",
                                  "Relation Name": "lineitem",
                                  "Alias": "l",
                                  "Startup Cost": 0.43,
                                  "Total Cost": 1.6,
                                  "Plan Rows": 9,
                                  "Plan Width": 20,
                                  "Actual Startup Time": 0.016,
                                  "Actual Total Time": 0.016,
                                  "Actual Rows": 0,
                                  "Actual Loops": 135979,
                                  "Index Cond": "(l_orderkey = o.o_orderkey)",
                                  "Rows Removed by Index Recheck": 0,
                                  "Filter": "(l_shipdate > '1995-01-01'::date)",
                                  "Rows Removed by Filter": 4,
                                  "Shared Hit Blocks": 443429,
                                  "Shared Read Blocks": 108959,
                                  "Shared Dirtied Blocks": 0,
                                  "Shared Written Blocks": 0,
                                  "Local Hit Blocks": 0,
                                  "Local Read Blocks": 0,
                                  "Local Dirtied Blocks": 0,
                                  "Local Written Blocks": 0,
                                  "Temp Read Blocks": 0,
                                  "Temp Written Blocks": 0,
                                  "Workers": []
                                }
                              ]
                            }
                          ]
                        }
                      ]
                    }
                  ]
                }
              ]
            }
          ]
        }
      ]
    },
    "Planning": {
      "Shared Hit Blocks": 11,
      "Shared Read Blocks": 16,
      "Shared Dirtied Blocks": 0,
      "Shared Written Blocks": 0,
      "Local Hit Blocks": 0,
      "Local Read Blocks": 0,
      "Local Dirtied Blocks": 0,
      "Local Written Blocks": 0,
      "Temp Read Blocks": 0,
      "Temp Written Blocks": 0
    },
    "Planning Time": 1.583,
    "Triggers": [],
    "Execution Time": 1082.332
  }
]