[
  {
    "Plan": {
      "Node Type": "Sort",
      "Parallel Aware": false,
      "Async Capable": false,
      "Startup Cost": 212780.91,
      "Total Cost": 212880.91,
      "Plan Rows": 40000,
      "Plan Width": 20,
      "Actual Startup Time": 3891.027,
      "Actual Total Time": 3891.331,
      "Actual Rows": 4483,
      "Actual Loops": 1,
      "Sort Key": [
        "(count(*)) DESC",
        "(count(orders.o_orderkey)) DESC"
      ],
      "Sort Method": "quicksort",
      "Sort Space Used": 368,
      "Sort Space Type": "Memory",
      "Shared Hit Blocks": 8898,
      "Shared Read Blocks": 19853,
      "Shared Dirtied Blocks": 0,
      "Shared Written Blocks": 0,
      "Local Hit Blocks": 0,
      "Local Read Blocks": 0,
      "Local Dirtied Blocks": 0,
      "Local Written Blocks": 0,
      "Temp Read Blocks": 6370,
      "Temp Written Blocks": 13992,
      "Plans": [
        {
          "Node Type": "Aggregate",
          "Strategy": "Hashed",
          "Partial Mode": "Simple",
          "Parent Relationship": "Outer",
          "Parallel Aware": false,
          "Async Capable": false,
          "Startup Cost": 209323.37,
          "Total Cost": 209723.37,
          "Plan Rows": 40000,
          "Plan Width": 20,
          "Actual Startup Time": 3888.047,
          "Actual Total Time": 3889.442,
          "Actual Rows": 4483,
          "Actual Loops": 1,
          "Group Key": [
            "count(orders.o_orderkey)",
            "orders.o_orderdate"
          ],
          "Planned Partitions": 0,
          "HashAgg Batches": 1,
          "Peak Memory Usage": 2065,
          "Disk Usage": 0,
          "Shared Hit Blocks": 8898,
          "Shared Read Blocks": 19853,
          "Shared Dirtied Blocks": 0,
          "Shared Written Blocks": 0,
          "Local Hit Blocks": 0,
          "Local Read Blocks": 0,
          "Local Dirtied Blocks": 0,
          "Local Written Blocks": 0,
          "Temp Read Blocks": 6370,
          "Temp Written Blocks": 13992,
          "Plans": [
            {
              "Node Type": "Aggregate",
              "Strategy": "Hashed",
              "Partial Mode": "Simple",
              "Parent Relationship": "Outer",
              "Parallel Aware": false,
              "Async Capable": false,
              "Startup Cost": 154554.19,
              "Total Cost": 183603.67,
              "Plan Rows": 1469697,
              "Plan Width": 16,
              "Actual Startup Time": 2579.527,
              "Actual Total Time": 3526.819,
              "Actual Rows": 1529164,
              "Actual Loops": 1,
              "Group Key": [
                "customer.c_custkey",
                "orders.o_orderdate"
              ],
              "Planned Partitions": 32,
              "HashAgg Batches": 33,
              "Peak Memory Usage": 8209,
              "Disk Usage": 63088,
              "Shared Hit Blocks": 8898,
              "Shared Read Blocks": 19853,
              "Shared Dirtied Blocks": 0,
              "Shared Written Blocks": 0,
              "Local Hit Blocks": 0,
              "Local Read Blocks": 0,
              "Local Dirtied Blocks": 0,
              "Local Written Blocks": 0,
              "Temp Read Blocks": 6370,
              "Temp Written Blocks": 13992,
              "Plans": [
                {
                  "Node Type": "Hash Join",
                  "Parent Relationship": "Outer",
                  "Parallel Aware": false,
                  "Async Capable": false,
                  "Join Type": "Right",
                  "Startup Cost": 5781.42,
                  "Total Cost": 56727.49,
                  "Plan Rows": 1469697,
                  "Plan Width": 16,
                  "Actual Startup Time": 71.863,
                  "Actual Total Time": 1748.017,
                  "Actual Rows": 1533923,
                  "Actual Loops": 1,
                  "Inner Unique": true,
                  "Hash Cond": "(orders.o_custkey = customer.c_custkey)",
                  "Shared Hit Blocks": 8898,
                  "Shared Read Blocks": 19853,
                  "Shared Dirtied Blocks": 0,
                  "Shared Written Blocks": 0,
                  "Local Hit Blocks": 0,
                  "Local Read Blocks": 0,
                  "Local Dirtied Blocks": 0,
                  "Local Written Blocks": 0,
                  "Temp Read Blocks": 0,
                  "Temp Written Blocks": 0,
                  "Plans": [
                    {
                      "Node Type": "Seq Scan",
                      "Parent Relationship": "Outer",
                      "Parallel Aware": false,
                      "Async Capable": false,
                      "Relation Name": "orders",
                      "Alias": "orders",
                      "Startup Cost": 0.0,
                      "Total Cost": 47088.0,
                      "Plan Rows": 1469697,
                      "Plan Width": 16,
                      "Actual Startup Time": 0.058,
                      "Actual Total Time": 850.097,
                      "Actual Rows": 1483918,
                      "Actual Loops": 1,
                      "Filter": "((o_comment)::text !~~ '%special%requests%'::text)",
                      "Rows Removed by Filter": 16082,
                      "Shared Hit Blocks": 8893,
                      "Shared Read Blocks": 19445,
                      "Shared Dirtied Blocks": 0,
                      "Shared Written Blocks": 0,
                      "Local Hit Blocks": 0,
                      "Local Read Blocks": 0,
                      "Local Dirtied Blocks": 0,
                      "Local Written Blocks": 0,
                      "Temp Read Blocks": 0,
                      "Temp Written Blocks": 0
                    },
                    {
                      "Node Type": "Hash",
                      "Parent Relationship": "Inner",
                      "Parallel Aware": false,
                      "Async Capable": false,
                      "Startup Cost": 3906.42,
                      "Total Cost": 3906.42,
                      "Plan Rows": 150000,
                      "Plan Width": 4,
                      "Actual Startup Time": 71.177,
                      "Actual Total Time": 71.179,
                      "Actual Rows": 150000,
                      "Actual Loops": 1,
                      "Hash Buckets": 262144,
                      "Original Hash Buckets": 262144,
                      "Hash Batches": 1,
                      "Original Hash Batches": 1,
                      "Peak Memory Usage": 7322,
                      "Shared Hit Blocks": 5,
                      "Shared Read Blocks": 408,
                      "Shared Dirtied Blocks": 0,
                      "Shared Written Blocks": 0,
                      "Local Hit Blocks": 0,
                      "Local Read Blocks": 0,
                      "Local Dirtied Blocks": 0,
                      "Local Written Blocks": 0,
                      "Temp Read Blocks": 0,
                      "Temp Written Blocks": 0,
                      "Plans": [
                        {
                          "Node Type": "Index Only Scan",
                          "Parent Relationship": "Outer",
                          "Parallel Aware": false,
                          "Async Capable": false,
                          "Scan Direction": "Forward",
                          "Index Name": "pk_customer",
                          "Relation Name": "customer",
                          "Alias": "customer",
                          "Startup Cost": 0.42,
                          "Total Cost": 3906.42,
                          "Plan Rows": 150000,
                          "Plan Width": 4,
                          "Actual Startup Time": 0.026,
                          "Actual Total Time": 28.397,
                          "Actual Rows": 150000,
                          "Actual Loops": 1,
                          "Heap Fetches": 0,
                          "Shared Hit Blocks": 5,
                          "Shared Read Blocks": 408,
                          "Shared Dirtied Blocks": 0,
                          "Shared Written Blocks": 0,
                          "Local Hit Blocks": 0,
                          "Local Read Blocks": 0,
                          "Local Dirtied Blocks": 0,
                          "Local Written Blocks": 0,
                          "Temp Read Blocks": 0,
                          "Temp Written Blocks": 0
                        }
                      ]
                    }
                  ]
                }
              ]
            }
          ]
        }
      ]
    },
    "Planning": {
      "Shared Hit Blocks": 2,
      "Shared Read Blocks": 6,
      "Shared Dirtied Blocks": 0,
      "Shared Written Blocks": 0,
      "Local Hit Blocks": 0,
      "Local Read Blocks": 0,
      "Local Dirtied Blocks": 0,
      "Local Written Blocks": 0,
      "Temp Read Blocks": 0,
      "Temp Written Blocks": 0
    },
    "Planning Time": 0.648,
    "Triggers": [],
    "Execution Time": 3910.01
  }
]