[
  {
    "Plan": {
      "Node Type": "Aggregate",
      "Strategy": "Plain",
      "Partial Mode": "Simple",
      "Parallel Aware": false,
      "Async Capable": false,
      "Startup Cost": 573408.25,
      "Total Cost": 573408.26,
      "Plan Rows": 1,
      "Plan Width": 32,
      "Actual Startup Time": 12569.015,
      "Actual Total Time": 12569.35,
      "Actual Rows": 1,
      "Actual Loops": 1,
      "Shared Hit Blocks": 13803,
      "Shared Read Blocks": 233667,
      "Shared Dirtied Blocks": 0,
      "Shared Written Blocks": 0,
      "Local Hit Blocks": 0,
      "Local Read Blocks": 0,
      "Local Dirtied Blocks": 0,
      "Local Written Blocks": 0,
      "Temp Read Blocks": 31288,
      "Temp Written Blocks": 52669,
      "Plans": [
        {
          "Node Type": "Hash Join",
          "Parent Relationship": "Outer",
          "Parallel Aware": false,
          "Async Capable": false,
          "Join Type": "Inner",
          "Startup Cost": 418153.72,
          "Total Cost": 573403.43,
          "Plan Rows": 1924,
          "Plan Width": 8,
          "Actual Startup Time": 11405.862,
          "Actual Total Time": 12568.542,
          "Actual Rows": 2228,
          "Actual Loops": 1,
          "Inner Unique": true,
          "Hash Cond": "(p.p_partkey = lineitem.l_partkey)",
          "Join Filter": "(l.l_quantity < ((0.7 * avg(lineitem.l_quantity))))",
          "Rows Removed by Join Filter": 4185,
          "Shared Hit Blocks": 13803,
          "Shared Read Blocks": 233667,
          "Shared Dirtied Blocks": 0,
          "Shared Written Blocks": 0,
          "Local Hit Blocks": 0,
          "Local Read Blocks": 0,
          "Local Dirtied Blocks": 0,
          "Local Written Blocks": 0,
          "Temp Read Blocks": 31288,
          "Temp Written Blocks": 52669,
          "Plans": [
            {
              "Node Type": "Gather",
              "Parent Relationship": "Outer",
              "Parallel Aware": false,
              "Async Capable": false,
              "Startup Cost": 6555.04,
              "Total Cost": 160209.08,
              "Plan Rows": 5972,
              "Plan Width": 21,
              "Actual Startup Time": 68.751,
              "Actual Total Time": 1203.868,
              "Actual Rows": 6413,
              "Actual Loops": 1,
              "Workers Planned": 2,
              "Workers Launched": 2,
              "Single Copy": false,
              "Shared Hit Blocks": 7101,
              "Shared Read Blocks": 118883,
              "Shared Dirtied Blocks": 0,
              "Shared Written Blocks": 0,
              "Local Hit Blocks": 0,
              "Local Read Blocks": 0,
              "Local Dirtied Blocks": 0,
              "Local Written Blocks": 0,
              "Temp Read Blocks": 0,
              "Temp Written Blocks": 0,
              "Plans": [
                {
                  "Node Type": "Hash Join",
                  "Parent Relationship": "Outer",
                  "Parallel Aware": true,
                  "Async Capable": false,
                  "Join Type": "Inner",
                  "Startup Cost": 5555.04,
                  "Total Cost": 158611.88,
                  "Plan Rows": 2488,
                  "Plan Width": 21,
                  "Actual Startup Time": 29.389,
                  "Actual Total Time": 1783.695,
                  "Actual Rows": 2138,
                  "Actual Loops": 3,
                  "Inner Unique": true,
                  "Hash Cond": "(l.l_partkey = p.p_partkey)",
                  "Shared Hit Blocks": 7101,
                  "Shared Read Blocks": 118883,
                  "Shared Dirtied Blocks": 0,
                  "Shared Written Blocks": 0,
                  "Local Hit Blocks": 0,
                  "Local Read Blocks": 0,
                  "Local Dirtied Blocks": 0,
                  "Local Written Blocks": 0,
                  "Temp Read Blocks": 0,
                  "Temp Written Blocks": 0,
                  "Workers": [],
                  "Plans": [
                    {
                      "Node Type": "Seq Scan",
                      "Parent Relationship": "Outer",
                      "Parallel Aware": true,
                      "Async Capable": false,
                      "Relation Name": "lineitem",
                      "Alias": "l",
                      "Startup Cost": 0.0,
                      "Total Cost": 146492.49,
                      "Plan Rows": 2500649,
                      "Plan Width": 17,
                      "Actual Startup Time": 0.453,
                      "Actual Total Time": 1449.064,
                      "Actual Rows": 2000405,
                      "Actual Loops": 3,
                      "Shared Hit Blocks": 6907,
                      "Shared Read Blocks": 114579,
                      "Shared Dirtied Blocks": 0,
                      "Shared Written Blocks": 0,
                      "Local Hit Blocks": 0,
                      "Local Read Blocks": 0,
                      "Local Dirtied Blocks": 0,
                      "Local Written Blocks": 0,
                      "Temp Read Blocks": 0,
                      "Temp Written Blocks": 0,
                      "Workers": []
                    },
                    {
                      "Node Type": "Hash",
                      "Parent Relationship": "Inner",
                      "Parallel Aware": true,
                      "Async Capable": false,
                      "Startup Cost": 5554.0,
                      "Total Cost": 5554.0,
                      "Plan Rows": 83,
                      "Plan Width": 4,
                      "Actual Startup Time": 26.035,
                      "Actual Total Time": 26.036,
                      "Actual Rows": 71,
                      "Actual Loops": 3,
                      "Hash Buckets": 1024,
                      "Original Hash Buckets": 1024,
                      "Hash Batches": 1,
                      "Original Hash Batches": 1,
                      "Peak Memory Usage": 72,
                      "Shared Hit Blocks": 0,
                      "Shared Read Blocks": 4304,
                      "Shared Dirtied Blocks": 0,
                      "Shared Written Blocks": 0,
                      "Local Hit Blocks": 0,
                      "Local Read Blocks": 0,
                      "Local Dirtied Blocks": 0,
                      "Local Written Blocks": 0,
                      "Temp Read Blocks": 0,
                      "Temp Written Blocks": 0,
                      "Workers": [],
                      "Plans": [
                        {
                          "Node Type": "Seq Scan",
                          "Parent Relationship": "Outer",
                          "Parallel Aware": true,
                          "Async Capable": false,
                          "Relation Name": "part",
                          "Alias": "p",
                          "Startup Cost": 0.0,
                          "Total Cost": 5554.0,
                          "Plan Rows": 83,
                          "Plan Width": 4,
                          "Actual Startup Time": 0.506,
                          "Actual Total Time": 38.645,
                          "Actual Rows": 107,
                          "Actual Loops": 2,
                          "Filter": "((p_brand = 'Brand#53'::bpchar) AND (p_container = 'MED BAG'::bpchar))",
                          "Rows Removed by Filter": 99893,
                          "Shared Hit Blocks": 0,
                          "Shared Read Blocks": 4304,
                          "Shared Dirtied Blocks": 0,
                          "Shared Written Blocks": 0,
                          "Local Hit Blocks": 0,
                          "Local Read Blocks": 0,
                          "Local Dirtied Blocks": 0,
                          "Local Written Blocks": 0,
                          "Temp Read Blocks": 0,
                          "Temp Written Blocks": 0,
                          "Workers": []
                        }
                      ]
                    }
                  ]
                }
              ]
            },
            {
              "Node Type": "Hash",
              "Parent Relationship": "Inner",
              "Parallel Aware": false,
              "Async Capable": false,
              "Startup Cost": 407672.99,
              "Total Cost": 407672.99,
              "Plan Rows": 193255,
              "Plan Width": 36,
              "Actual Startup Time": 11336.116,
              "Actual Total Time": 11336.155,
              "Actual Rows": 200000,
              "Actual Loops": 1,
              "Hash Buckets": 131072,
              "Original Hash Buckets": 131072,
              "Hash Batches": 2,
              "Original Hash Batches": 2,
              "Peak Memory Usage": 5832,
              "Shared Hit Blocks": 6702,
              "Shared Read Blocks": 114784,
              "Shared Dirtied Blocks": 0,
              "Shared Written Blocks": 0,
              "Local Hit Blocks": 0,
              "Local Read Blocks": 0,
              "Local Dirtied Blocks": 0,
              "Local Written Blocks": 0,
              "Temp Read Blocks": 30814,
              "Temp Written Blocks": 52648,
              "Plans": [
                {
                  "Node Type": "Aggregate",
                  "Strategy": "Sorted",
                  "Partial Mode": "Finalize",
                  "Parent Relationship": "Outer",
                  "Parallel Aware": false,
                  "Async Capable": false,
                  "Startup Cost": 356779.36,
                  "Total Cost": 407672.99,
                  "Plan Rows": 193255,
                  "Plan Width": 36,
                  "Actual Startup Time": 10926.685,
                  "Actual Total Time": 11260.242,
                  "Actual Rows": 200000,
                  "Actual Loops": 1,
                  "Group Key": [
                    "lineitem.l_partkey"
                  ],
                  "Shared Hit Blocks": 6702,
                  "Shared Read Blocks": 114784,
                  "Shared Dirtied Blocks": 0,
                  "Shared Written Blocks": 0,
                  "Local Hit Blocks": 0,
                  "Local Read Blocks": 0,
                  "Local Dirtied Blocks": 0,
                  "Local Written Blocks": 0,
                  "Temp Read Blocks": 30814,
                  "Temp Written Blocks": 52195,
                  "Plans": [
                    {
                      "Node Type": "Gather Merge",
                      "Parent Relationship": "Outer",
                      "Parallel Aware": false,
                      "Async Capable": false,
                      "Startup Cost": 356779.36,
                      "Total Cost": 401875.34,
                      "Plan Rows": 386510,
                      "Plan Width": 36,
                      "Actual Startup Time": 10926.665,
                      "Actual Total Time": 11009.481,
                      "Actual Rows": 200000,
                      "Actual Loops": 1,
                      "Workers Planned": 2,
                      "Workers Launched": 0,
                      "Shared Hit Blocks": 6702,
                      "Shared Read Blocks": 114784,
                      "Shared Dirtied Blocks": 0,
                      "Shared Written Blocks": 0,
                      "Local Hit Blocks": 0,
                      "Local Read Blocks": 0,
                      "Local Dirtied Blocks": 0,
                      "Local Written Blocks": 0,
                      "Temp Read Blocks": 30814,
                      "Temp Written Blocks": 52195,
                      "Plans": [
                        {
                          "Node Type": "Sort",
                          "Parent Relationship": "Outer",
                          "Parallel Aware": false,
                          "Async Capable": false,
                          "Startup Cost": 355779.34,
                          "Total Cost": 356262.47,
                          "Plan Rows": 193255,
                          "Plan Width": 36,
                          "Actual Startup Time": 10926.374,
                          "Actual Total Time": 10986.865,
                          "Actual Rows": 200000,
                          "Actual Loops": 1,
                          "Sort Key": [
                            "lineitem.l_partkey"
                          ],
                          "Sort Method": "external merge",
                          "Sort Space Used": 15088,
                          "Sort Space Type": "Disk",
                          "Shared Hit Blocks": 6702,
                          "Shared Read Blocks": 114784,
                          "Shared Dirtied Blocks": 0,
                          "Shared Written Blocks": 0,
                          "Local Hit Blocks": 0,
                          "Local Read Blocks": 0,
                          "Local Dirtied Blocks": 0,
                          "Local Written Blocks": 0,
                          "Temp Read Blocks": 30814,
                          "Temp Written Blocks": 52195,
                          "Workers": [],
                          "Plans": [
                            {
                              "Node Type": "Aggregate",
                              "Strategy": "Hashed",
                              "Partial Mode": "Partial",
                              "Parent Relationship": "Outer",
                              "Parallel Aware": false,
                              "Async Capable": false,
                              "Startup Cost": 306690.32,
                              "Total Cost": 333526.41,
                              "Plan Rows": 193255,
                              "Plan Width": 36,
                              "Actual Startup Time": 7254.046,
                              "Actual Total Time": 10803.558,
                              "Actual Rows": 200000,
                              "Actual Loops": 1,
                              "Group Key": [
                                "lineitem.l_partkey"
                              ],
                              "Planned Partitions": 8,
                              "HashAgg Batches": 41,
                              "Peak Memory Usage": 8273,
                              "Disk Usage": 196176,
                              "Shared Hit Blocks": 6702,
                              "Shared Read Blocks": 114784,
                              "Shared Dirtied Blocks": 0,
                              "Shared Written Blocks": 0,
                              "Local Hit Blocks": 0,
                              "Local Read Blocks": 0,
                              "Local Dirtied Blocks": 0,
                              "Local Written Blocks": 0,
                              "Temp Read Blocks": 28928,
                              "Temp Written Blocks": 50304,
                              "Workers": [],
                              "Plans": [
                                {
                                  "Node Type": "Seq Scan",
                                  "Parent Relationship": "Outer",
                                  "Parallel Aware": true,
                                  "Async Capable": false,
                                  "Relation Name": "lineitem",
                                  "Alias": "lineitem",
                                  "Startup Cost": 0.0,
                                  "Total Cost": 146492.49,
                                  "Plan Rows": 2500649,
                                  "Plan Width": 9,
                                  "Actual Startup Time": 0.024,
                                  "Actual Total Time": 3047.446,
                                  "Actual Rows": 6001215,
                                  "Actual Loops": 1,
                                  "Shared Hit Blocks": 6702,
                                  "Shared Read Blocks": 114784,
                                  "Shared Dirtied Blocks": 0,
                                  "Shared Written Blocks": 0,
                                  "Local Hit Blocks": 0,
                                  "Local Read Blocks": 0,
                                  "Local Dirtied Blocks": 0,
                                  "Local Written Blocks": 0,
                                  "Temp Read Blocks": 0,
                                  "Temp Written Blocks": 0,
                                  "Workers": []
                                }
                              ]
                            }
                          ]
                        }
                      ]
                    }
                  ]
                }
              ]
            }
          ]
        }
      ]
    },
    "Planning": {
      "Shared Hit Blocks": 58,
      "Shared Read Blocks": 13,
      "Shared Dirtied Blocks": 0,
      "Shared Written Blocks": 0,
      "Local Hit Blocks": 0,
      "Local Read Blocks": 0,
      "Local Dirtied Blocks": 0,
      "Local Written Blocks": 0,
      "Temp Read Blocks": 0,
      "Temp Written Blocks": 0
    },
    "Planning Time": 5.25,
    "Triggers": [],
    "Execution Time": 12617.035
  }
]