[
  {
    "Plan": {
      "Node Type": "Nested Loop",
      "Parallel Aware": false,
      "Async Capable": false,
      "Join Type": "Inner",
      "Startup Cost": 163925.97,
      "Total Cost": 164457.29,
      "Plan Rows": 50,
      "Plan Width": 103,
      "Actual Startup Time": 762.882,
      "Actual Total Time": 768.283,
      "Actual Rows": 1,
      "Actual Loops": 1,
      "Inner Unique": true,
      "Shared Hit Blocks": 1897,
      "Shared Read Blocks": 119606,
      "Shared Dirtied Blocks": 0,
      "Shared Written Blocks": 0,
      "Local Hit Blocks": 0,
      "Local Read Blocks": 0,
      "Local Dirtied Blocks": 0,
      "Local Written Blocks": 0,
      "Temp Read Blocks": 0,
      "Temp Written Blocks": 0,
      "Plans": [
        {
          "Node Type": "Aggregate",
          "Strategy": "Sorted",
          "Partial Mode": "Finalize",
          "Parent Relationship": "InitPlan",
          "Subplan Name": "CTE revenuecte",
          "Parallel Aware": false,
          "Async Capable": false,
          "Startup Cost": 161098.7,
          "Total Cost": 163701.19,
          "Plan Rows": 9977,
          "Plan Width": 36,
          "Actual Startup Time": 731.097,
          "Actual Total Time": 761.177,
          "Actual Rows": 9998,
          "Actual Loops": 1,
          "Group Key": [
            "lineitem.l_suppkey"
          ],
          "Shared Hit Blocks": 1894,
          "Shared Read Blocks": 119606,
          "Shared Dirtied Blocks": 0,
          "Shared Written Blocks": 0,
          "Local Hit Blocks": 0,
          "Local Read Blocks": 0,
          "Local Dirtied Blocks": 0,
          "Local Written Blocks": 0,
          "Temp Read Blocks": 0,
          "Temp Written Blocks": 0,
          "Plans": [
            {
              "Node Type": "Gather Merge",
              "Parent Relationship": "Outer",
              "Parallel Aware": false,
              "Async Capable": false,
              "Startup Cost": 161098.7,
              "Total Cost": 163426.82,
              "Plan Rows": 19954,
              "Plan Width": 36,
              "Actual Startup Time": 731.08,
              "Actual Total Time": 744.412,
              "Actual Rows": 27355,
              "Actual Loops": 1,
              "Workers Planned": 2,
              "Workers Launched": 2,
              "Shared Hit Blocks": 1894,
              "Shared Read Blocks": 119606,
              "Shared Dirtied Blocks": 0,
              "Shared Written Blocks": 0,
              "Local Hit Blocks": 0,
              "Local Read Blocks": 0,
              "Local Dirtied Blocks": 0,
              "Local Written Blocks": 0,
              "Temp Read Blocks": 0,
              "Temp Written Blocks": 0,
              "Plans": [
                {
                  "Node Type": "Sort",
                  "Parent Relationship": "Outer",
                  "Parallel Aware": false,
                  "Async Capable": false,
                  "Startup Cost": 160098.67,
                  "Total Cost": 160123.61,
                  "Plan Rows": 9977,
                  "Plan Width": 36,
                  "Actual Startup Time": 694.133,
                  "Actual Total Time": 695.907,
                  "Actual Rows": 9118,
                  "Actual Loops": 3,
                  "Sort Key": [
                    "lineitem.l_suppkey"
                  ],
                  "Sort Method": "quicksort",
                  "Sort Space Used": 1101,
                  "Sort Space Type": "Memory",
                  "Shared Hit Blocks": 1894,
                  "Shared Read Blocks": 119606,
                  "Shared Dirtied Blocks": 0,
                  "Shared Written Blocks": 0,
                  "Local Hit Blocks": 0,
                  "Local Read Blocks": 0,
                  "Local Dirtied Blocks": 0,
                  "Local Written Blocks": 0,
                  "Temp Read Blocks": 0,
                  "Temp Written Blocks": 0,
                  "Workers": [
                    {
                      "Worker Number": 0,
                      "Sort Method": "quicksort",
                      "Sort Space Used": 1198,
                      "Sort Space Type": "Memory"
                    },
                    {
                      "Worker Number": 1,
                      "Sort Method": "quicksort",
                      "Sort Space Used": 1205,
                      "Sort Space Type": "Memory"
                    }
                  ],
                  "Plans": [
                    {
                      "Node Type": "Aggregate",
                      "Strategy": "Hashed",
                      "Partial Mode": "Partial",
                      "Parent Relationship": "Outer",
                      "Parallel Aware": false,
                      "Async Capable": false,
                      "Startup Cost": 159311.27,
                      "Total Cost": 159435.98,
                      "Plan Rows": 9977,
                      "Plan Width": 36,
                      "Actual Startup Time": 684.963,
                      "Actual Total Time": 690.572,
                      "Actual Rows": 9118,
                      "Actual Loops": 3,
                      "Group Key": [
                        "lineitem.l_suppkey"
                      ],
                      "Planned Partitions": 0,
                      "HashAgg Batches": 1,
                      "Peak Memory Usage": 3473,
                      "Disk Usage": 0,
                      "Shared Hit Blocks": 1880,
                      "Shared Read Blocks": 119606,
                      "Shared Dirtied Blocks": 0,
                      "Shared Written Blocks": 0,
                      "Local Hit Blocks": 0,
                      "Local Read Blocks": 0,
                      "Local Dirtied Blocks": 0,
                      "Local Written Blocks": 0,
                      "Temp Read Blocks": 0,
                      "Temp Written Blocks": 0,
                      "Workers": [
                        {
                          "Worker Number": 0,
                          "HashAgg Batches": 1,
                          "Peak Memory Usage": 3985,
                          "Disk Usage": 0
                        },
                        {
                          "Worker Number": 1,
                          "HashAgg Batches": 1,
                          "Peak Memory Usage": 3985,
                          "Disk Usage": 0
                        }
                      ],
                      "Plans": [
                        {
                          "Node Type": "Seq Scan",
                          "Parent Relationship": "Outer",
                          "Parallel Aware": true,
                          "Async Capable": false,
                          "Relation Name": "lineitem",
                          "Alias": "lineitem",
                          "Startup Cost": 0.0,
                          "Total Cost": 158995.74,
                          "Plan Rows": 31553,
                          "Plan Width": 16,
                          "Actual Startup Time": 0.892,
                          "Actual Total Time": 656.772,
                          "Actual Rows": 25785,
                          "Actual Loops": 3,
                          "Filter": "((l_shipdate >= '1995-01-01'::date) AND (l_shipdate <= '1995-01-31'::date))",
                          "Rows Removed by Filter": 1974620,
                          "Shared Hit Blocks": 1880,
                          "Shared Read Blocks": 119606,
                          "Shared Dirtied Blocks": 0,
                          "Shared Written Blocks": 0,
                          "Local Hit Blocks": 0,
                          "Local Read Blocks": 0,
                          "Local Dirtied Blocks": 0,
                          "Local Written Blocks": 0,
                          "Temp Read Blocks": 0,
                          "Temp Written Blocks": 0,
                          "Workers": []
                        }
                      ]
                    }
                  ]
                }
              ]
            }
          ]
        },
        {
          "Node Type": "Aggregate",
          "Strategy": "Plain",
          "Partial Mode": "Simple",
          "Parent Relationship": "InitPlan",
          "Subplan Name": "InitPlan 2",
          "Parallel Aware": false,
          "Async Capable": false,
          "Startup Cost": 224.48,
          "Total Cost": 224.49,
          "Plan Rows": 1,
          "Plan Width": 32,
          "Actual Startup Time": 31.541,
          "Actual Total Time": 31.543,
          "Actual Rows": 1,
          "Actual Loops": 1,
          "Shared Hit Blocks": 0,
          "Shared Read Blocks": 0,
          "Shared Dirtied Blocks": 0,
          "Shared Written Blocks": 0,
          "Local Hit Blocks": 0,
          "Local Read Blocks": 0,
          "Local Dirtied Blocks": 0,
          "Local Written Blocks": 0,
          "Temp Read Blocks": 0,
          "Temp Written Blocks": 0,
          "Plans": [
            {
              "Node Type": "CTE Scan",
              "Parent Relationship": "Outer",
              "Parallel Aware": false,
              "Async Capable": false,
              "CTE Name": "revenuecte",
              "Alias": "revenuecte",
              "Startup Cost": 0.0,
              "Total Cost": 199.54,
              "Plan Rows": 9977,
              "Plan Width": 32,
              "Actual Startup Time": 0.001,
              "Actual Total Time": 29.634,
              "Actual Rows": 9998,
              "Actual Loops": 1,
              "Shared Hit Blocks": 0,
              "Shared Read Blocks": 0,
              "Shared Dirtied Blocks": 0,
              "Shared Written Blocks": 0,
              "Local Hit Blocks": 0,
              "Local Read Blocks": 0,
              "Local Dirtied Blocks": 0,
              "Local Written Blocks": 0,
              "Temp Read Blocks": 0,
              "Temp Written Blocks": 0
            }
          ]
        },
        {
          "Node Type": "CTE Scan",
          "Parent Relationship": "Outer",
          "Parallel Aware": false,
          "Async Capable": false,
          "CTE Name": "revenuecte",
          "Alias": "r",
          "Startup Cost": 0.0,
          "Total Cost": 224.48,
          "Plan Rows": 50,
          "Plan Width": 36,
          "Actual Startup Time": 762.852,
          "Actual Total Time": 764.622,
          "Actual Rows": 1,
          "Actual Loops": 1,
          "Filter": "(total_revenue = (InitPlan 2).col1)",
          "Rows Removed by Filter": 9997,
          "Shared Hit Blocks": 1582,
          "Shared Read Blocks": 26037,
          "Shared Dirtied Blocks": 0,
          "Shared Written Blocks": 0,
          "Local Hit Blocks": 0,
          "Local Read Blocks": 0,
          "Local Dirtied Blocks": 0,
          "Local Written Blocks": 0,
          "Temp Read Blocks": 0,
          "Temp Written Blocks": 0
        },
        {
          "Node Type": "Index Scan",
          "Parent Relationship": "Inner",
          "Parallel Aware": false,
          "Async Capable": false,
          "Scan Direction": "Forward",
          "Index Name": "pk_supplier",
          "Relation Name": "supplier",
          "Alias": "s",
          "Startup Cost": 0.29,
          "Total Cost": 6.14,
          "Plan Rows": 1,
          "Plan Width": 71,
          "Actual Startup Time": 0.025,
          "Actual Total Time": 0.025,
          "Actual Rows": 1,
          "Actual Loops": 1,
          "Index Cond": "(s_suppkey = r.supplier_no)",
          "Rows Removed by Index Recheck": 0,
          "Shared Hit Blocks": 3,
          "Shared Read Blocks": 0,
          "Shared Dirtied Blocks": 0,
          "Shared Written Blocks": 0,
          "Local Hit Blocks": 0,
          "Local Read Blocks": 0,
          "Local Dirtied Blocks": 0,
          "Local Written Blocks": 0,
          "Temp Read Blocks": 0,
          "Temp Written Blocks": 0
        }
      ]
    },
    "Planning": {
      "Shared Hit Blocks": 2,
      "Shared Read Blocks": 1,
      "Shared Dirtied Blocks": 0,
      "Shared Written Blocks": 0,
      "Local Hit Blocks": 0,
      "Local Read Blocks": 0,
      "Local Dirtied Blocks": 0,
      "Local Written Blocks": 0,
      "Temp Read Blocks": 0,
      "Temp Written Blocks": 0
    },
    "Planning Time": 0.358,
    "Triggers": [],
    "Execution Time": 769.701
  }
]