[
  {
    "Plan": {
      "Node Type": "Sort",
      "Parallel Aware": false,
      "Async Capable": false,
      "Startup Cost": 53005.79,
      "Total Cost": 53032.46,
      "Plan Rows": 10667,
      "Plan Width": 62,
      "Actual Startup Time": 323.467,
      "Actual Total Time": 326.226,
      "Actual Rows": 22669,
      "Actual Loops": 1,
      "Sort Key": [
        "(sum((ps.ps_supplycost * (ps.ps_availqty)::numeric))) DESC"
      ],
      "Sort Method": "quicksort",
      "Sort Space Used": 2008,
      "Sort Space Type": "Memory",
      "Shared Hit Blocks": 1687,
      "Shared Read Blocks": 34989,
      "Shared Dirtied Blocks": 0,
      "Shared Written Blocks": 0,
      "Local Hit Blocks": 0,
      "Local Read Blocks": 0,
      "Local Dirtied Blocks": 0,
      "Local Written Blocks": 0,
      "Temp Read Blocks": 0,
      "Temp Written Blocks": 0,
      "Plans": [
        {
          "Node Type": "Aggregate",
          "Strategy": "Plain",
          "Partial Mode": "Finalize",
          "Parent Relationship": "InitPlan",
          "Subplan Name": "InitPlan 1",
          "Parallel Aware": false,
          "Async Capable": false,
          "Startup Cost": 23693.79,
          "Total Cost": 23693.8,
          "Plan Rows": 1,
          "Plan Width": 32,
          "Actual Startup Time": 133.46,
          "Actual Total Time": 133.524,
          "Actual Rows": 1,
          "Actual Loops": 1,
          "Shared Hit Blocks": 934,
          "Shared Read Blocks": 17419,
          "Shared Dirtied Blocks": 0,
          "Shared Written Blocks": 0,
          "Local Hit Blocks": 0,
          "Local Read Blocks": 0,
          "Local Dirtied Blocks": 0,
          "Local Written Blocks": 0,
          "Temp Read Blocks": 0,
          "Temp Written Blocks": 0,
          "Plans": [
            {
              "Node Type": "Gather",
              "Parent Relationship": "Outer",
              "Parallel Aware": false,
              "Async Capable": false,
              "Startup Cost": 23693.57,
              "Total Cost": 23693.78,
              "Plan Rows": 2,
              "Plan Width": 32,
              "Actual Startup Time": 133.098,
              "Actual Total Time": 133.508,
              "Actual Rows": 3,
              "Actual Loops": 1,
              "Workers Planned": 2,
              "Workers Launched": 2,
              "Single Copy": false,
              "Shared Hit Blocks": 934,
              "Shared Read Blocks": 17419,
              "Shared Dirtied Blocks": 0,
              "Shared Written Blocks": 0,
              "Local Hit Blocks": 0,
              "Local Read Blocks": 0,
              "Local Dirtied Blocks": 0,
              "Local Written Blocks": 0,
              "Temp Read Blocks": 0,
              "Temp Written Blocks": 0,
              "Plans": [
                {
                  "Node Type": "Aggregate",
                  "Strategy": "Plain",
                  "Partial Mode": "Partial",
                  "Parent Relationship": "Outer",
                  "Parallel Aware": false,
                  "Async Capable": false,
                  "Startup Cost": 22693.57,
                  "Total Cost": 22693.58,
                  "Plan Rows": 1,
                  "Plan Width": 32,
                  "Actual Startup Time": 94.95,
                  "Actual Total Time": 94.954,
                  "Actual Rows": 1,
                  "Actual Loops": 3,
                  "Shared Hit Blocks": 934,
                  "Shared Read Blocks": 17419,
                  "Shared Dirtied Blocks": 0,
                  "Shared Written Blocks": 0,
                  "Local Hit Blocks": 0,
                  "Local Read Blocks": 0,
                  "Local Dirtied Blocks": 0,
                  "Local Written Blocks": 0,
                  "Temp Read Blocks": 0,
                  "Temp Written Blocks": 0,
                  "Workers": [],
                  "Plans": [
                    {
                      "Node Type": "Hash Join",
                      "Parent Relationship": "Outer",
                      "Parallel Aware": false,
                      "Async Capable": false,
                      "Join Type": "Inner",
                      "Startup Cost": 360.02,
                      "Total Cost": 22593.57,
                      "Plan Rows": 13333,
                      "Plan Width": 10,
                      "Actual Startup Time": 5.235,
                      "Actual Total Time": 91.744,
                      "Actual Rows": 11067,
                      "Actual Loops": 3,
                      "Inner Unique": false,
                      "Hash Cond": "(ps_inner.ps_suppkey = s_inner.s_suppkey)",
                      "Shared Hit Blocks": 934,
                      "Shared Read Blocks": 17419,
                      "Shared Dirtied Blocks": 0,
                      "Shared Written Blocks": 0,
                      "Local Hit Blocks": 0,
                      "Local Read Blocks": 0,
                      "Local Dirtied Blocks": 0,
                      "Local Written Blocks": 0,
                      "Temp Read Blocks": 0,
                      "Temp Written Blocks": 0,
                      "Workers": [],
                      "Plans": [
                        {
                          "Node Type": "Seq Scan",
                          "Parent Relationship": "Outer",
                          "Parallel Aware": true,
                          "Async Capable": false,
                          "Relation Name": "partsupp",
                          "Alias": "ps_inner",
                          "Startup Cost": 0.0,
                          "Total Cost": 20850.33,
                          "Plan Rows": 333333,
                          "Plan Width": 14,
                          "Actual Startup Time": 0.499,
                          "Actual Total Time": 60.391,
                          "Actual Rows": 266667,
                          "Actual Loops": 3,
                          "Shared Hit Blocks": 98,
                          "Shared Read Blocks": 17419,
                          "Shared Dirtied Blocks": 0,
                          "Shared Written Blocks": 0,
                          "Local Hit Blocks": 0,
                          "Local Read Blocks": 0,
                          "Local Dirtied Blocks": 0,
                          "Local Written Blocks": 0,
                          "Temp Read Blocks": 0,
                          "Temp Written Blocks": 0,
                          "Workers": []
                        },
                        {
                          "Node Type": "Hash",
                          "Parent Relationship": "Inner",
                          "Parallel Aware": false,
                          "Async Capable": false,
                          "Startup Cost": 355.02,
                          "Total Cost": 355.02,
                          "Plan Rows": 400,
                          "Plan Width": 4,
                          "Actual Startup Time": 4.584,
                          "Actual Total Time": 4.587,
                          "Actual Rows": 415,
                          "Actual Loops": 3,
                          "Hash Buckets": 1024,
                          "Original Hash Buckets": 1024,
                          "Hash Batches": 1,
                          "Original Hash Batches": 1,
                          "Peak Memory Usage": 23,
                          "Shared Hit Blocks": 672,
                          "Shared Read Blocks": 0,
                          "Shared Dirtied Blocks": 0,
                          "Shared Written Blocks": 0,
                          "Local Hit Blocks": 0,
                          "Local Read Blocks": 0,
                          "Local Dirtied Blocks": 0,
                          "Local Written Blocks": 0,
                          "Temp Read Blocks": 0,
                          "Temp Written Blocks": 0,
                          "Workers": [],
                          "Plans": [
                            {
                              "Node Type": "Hash Join",
                              "Parent Relationship": "Outer",
                              "Parallel Aware": false,
                              "Async Capable": false,
                              "Join Type": "Inner",
                              "Startup Cost": 1.32,
                              "Total Cost": 355.02,
                              "Plan Rows": 400,
                              "Plan Width": 4,
                              "Actual Startup Time": 0.797,
                              "Actual Total Time": 4.475,
                              "Actual Rows": 415,
                              "Actual Loops": 3,
                              "Inner Unique": true,
                              "Hash Cond": "(s_inner.s_nationkey = n_inner.n_nationkey)",
                              "Shared Hit Blocks": 672,
                              "Shared Read Blocks": 0,
                              "Shared Dirtied Blocks": 0,
                              "Shared Written Blocks": 0,
                              "Local Hit Blocks": 0,
                              "Local Read Blocks": 0,
                              "Local Dirtied Blocks": 0,
                              "Local Written Blocks": 0,
                              "Temp Read Blocks": 0,
                              "Temp Written Blocks": 0,
                              "Workers": [],
                              "Plans": [
                                {
                                  "Node Type": "Seq Scan",
                                  "Parent Relationship": "Outer",
                                  "Parallel Aware": false,
                                  "Async Capable": false,
                                  "Relation Name": "supplier",
                                  "Alias": "s_inner",
                                  "Startup Cost": 0.0,
                                  "Total Cost": 323.0,
                                  "Plan Rows": 10000,
                                  "Plan Width": 8,
                                  "Actual Startup Time": 0.359,
                                  "Actual Total Time": 2.131,
                                  "Actual Rows": 10000,
                                  "Actual Loops": 3,
                                  "Shared Hit Blocks": 669,
                                  "Shared Read Blocks": 0,
                                  "Shared Dirtied Blocks": 0,
                                  "Shared Written Blocks": 0,
                                  "Local Hit Blocks": 0,
                                  "Local Read Blocks": 0,
                                  "Local Dirtied Blocks": 0,
                                  "Local Written Blocks": 0,
                                  "Temp Read Blocks": 0,
                                  "Temp Written Blocks": 0,
                                  "Workers": []
                                },
                                {
                                  "Node Type": "Hash",
                                  "Parent Relationship": "Inner",
                                  "Parallel Aware": false,
                                  "Async Capable": false,
                                  "Startup Cost": 1.31,
                                  "Total Cost": 1.31,
                                  "Plan Rows": 1,
                                  "Plan Width": 4,
                                  "Actual Startup Time": 0.412,
                                  "Actual Total Time": 0.413,
                                  "Actual Rows": 1,
                                  "Actual Loops": 3,
                                  "Hash Buckets": 1024,
                                  "Original Hash Buckets": 1024,
                                  "Hash Batches": 1,
                                  "Original Hash Batches": 1,
                                  "Peak Memory Usage": 9,
                                  "Shared Hit Blocks": 3,
                                  "Shared Read Blocks": 0,
                                  "Shared Dirtied Blocks": 0,
                                  "Shared Written Blocks": 0,
                                  "Local Hit Blocks": 0,
                                  "Local Read Blocks": 0,
                                  "Local Dirtied Blocks": 0,
                                  "Local Written Blocks": 0,
                                  "Temp Read Blocks": 0,
                                  "Temp Written Blocks": 0,
                                  "Workers": [],
                                  "Plans": [
                                    {
                                      "Node Type": "Seq Scan",
                                      "Parent Relationship": "Outer",
                                      "Parallel Aware": false,
                                      "Async Capable": false,
                                      "Relation Name": "nation",
                                      "Alias": "n_inner",
                                      "Startup Cost": 0.0,
                                      "Total Cost": 1.31,
                                      "Plan Rows": 1,
                                      "Plan Width": 4,
                                      "Actual Startup Time": 0.396,
                                      "Actual Total Time": 0.4,
                                      "Actual Rows": 1,
                                      "Actual Loops": 3,
                                      "Filter": "(n_name = 'INDIA'::bpchar)",
                                      "Rows Removed by Filter": 24,
                                      "Shared Hit Blocks": 3,
                                      "Shared Read Blocks": 0,
                                      "Shared Dirtied Blocks": 0,
                                      "Shared Written Blocks": 0,
                                      "Local Hit Blocks": 0,
                                      "Local Read Blocks": 0,
                                      "Local Dirtied Blocks": 0,
                                      "Local Written Blocks": 0,
                                      "Temp Read Blocks": 0,
                                      "Temp Written Blocks": 0,
                                      "Workers": []
                                    }
                                  ]
                                }
                              ]
                            }
                          ]
                        }
                      ]
                    }
                  ]
                }
              ]
            }
          ]
        },
        {
          "Node Type": "Aggregate",
          "Strategy": "Sorted",
          "Partial Mode": "Finalize",
          "Parent Relationship": "Outer",
          "Parallel Aware": false,
          "Async Capable": false,
          "Startup Cost": 24507.08,
          "Total Cost": 28598.32,
          "Plan Rows": 10667,
          "Plan Width": 62,
          "Actual Startup Time": 275.286,
          "Actual Total Time": 313.848,
          "Actual Rows": 22669,
          "Actual Loops": 1,
          "Group Key": [
            "ps.ps_partkey"
          ],
          "Filter": "(sum((ps.ps_supplycost * (ps.ps_availqty)::numeric)) > (InitPlan 1).col1)",
          "Rows Removed by Filter": 8413,
          "Shared Hit Blocks": 1687,
          "Shared Read Blocks": 34989,
          "Shared Dirtied Blocks": 0,
          "Shared Written Blocks": 0,
          "Local Hit Blocks": 0,
          "Local Read Blocks": 0,
          "Local Dirtied Blocks": 0,
          "Local Written Blocks": 0,
          "Temp Read Blocks": 0,
          "Temp Written Blocks": 0,
          "Plans": [
            {
              "Node Type": "Gather Merge",
              "Parent Relationship": "Outer",
              "Parallel Aware": false,
              "Async Capable": false,
              "Startup Cost": 24507.08,
              "Total Cost": 27918.33,
              "Plan Rows": 26666,
              "Plan Width": 62,
              "Actual Startup Time": 141.814,
              "Actual Total Time": 161.476,
              "Actual Rows": 31094,
              "Actual Loops": 1,
              "Workers Planned": 2,
              "Workers Launched": 2,
              "Shared Hit Blocks": 753,
              "Shared Read Blocks": 17570,
              "Shared Dirtied Blocks": 0,
              "Shared Written Blocks": 0,
              "Local Hit Blocks": 0,
              "Local Read Blocks": 0,
              "Local Dirtied Blocks": 0,
              "Local Written Blocks": 0,
              "Temp Read Blocks": 0,
              "Temp Written Blocks": 0,
              "Plans": [
                {
                  "Node Type": "Aggregate",
                  "Strategy": "Sorted",
                  "Partial Mode": "Partial",
                  "Parent Relationship": "Outer",
                  "Parallel Aware": false,
                  "Async Capable": false,
                  "Startup Cost": 23507.06,
                  "Total Cost": 23840.38,
                  "Plan Rows": 13333,
                  "Plan Width": 62,
                  "Actual Startup Time": 86.299,
                  "Actual Total Time": 95.074,
                  "Actual Rows": 10365,
                  "Actual Loops": 3,
                  "Group Key": [
                    "ps.ps_partkey"
                  ],
                  "Shared Hit Blocks": 753,
                  "Shared Read Blocks": 17570,
                  "Shared Dirtied Blocks": 0,
                  "Shared Written Blocks": 0,
                  "Local Hit Blocks": 0,
                  "Local Read Blocks": 0,
                  "Local Dirtied Blocks": 0,
                  "Local Written Blocks": 0,
                  "Temp Read Blocks": 0,
                  "Temp Written Blocks": 0,
                  "Workers": [],
                  "Plans": [
                    {
                      "Node Type": "Sort",
                      "Parent Relationship": "Outer",
                      "Parallel Aware": false,
                      "Async Capable": false,
                      "Startup Cost": 23507.06,
                      "Total Cost": 23540.39,
                      "Plan Rows": 13333,
                      "Plan Width": 40,
                      "Actual Startup Time": 86.287,
                      "Actual Total Time": 86.915,
                      "Actual Rows": 11067,
                      "Actual Loops": 3,
                      "Sort Key": [
                        "ps.ps_partkey"
                      ],
                      "Sort Method": "quicksort",
                      "Sort Space Used": 2015,
                      "Sort Space Type": "Memory",
                      "Shared Hit Blocks": 753,
                      "Shared Read Blocks": 17570,
                      "Shared Dirtied Blocks": 0,
                      "Shared Written Blocks": 0,
                      "Local Hit Blocks": 0,
                      "Local Read Blocks": 0,
                      "Local Dirtied Blocks": 0,
                      "Local Written Blocks": 0,
                      "Temp Read Blocks": 0,
                      "Temp Written Blocks": 0,
                      "Workers": [
                        {
                          "Worker Number": 0,
                          "Sort Method": "quicksort",
                          "Sort Space Used": 618,
                          "Sort Space Type": "Memory"
                        },
                        {
                          "Worker Number": 1,
                          "Sort Method": "quicksort",
                          "Sort Space Used": 593,
                          "Sort Space Type": "Memory"
                        }
                      ],
                      "Plans": [
                        {
                          "Node Type": "Hash Join",
                          "Parent Relationship": "Outer",
                          "Parallel Aware": false,
                          "Async Capable": false,
                          "Join Type": "Inner",
                          "Startup Cost": 360.02,
                          "Total Cost": 22593.57,
                          "Plan Rows": 13333,
                          "Plan Width": 40,
                          "Actual Startup Time": 4.961,
                          "Actual Total Time": 81.931,
                          "Actual Rows": 11067,
                          "Actual Loops": 3,
                          "Inner Unique": false,
                          "Hash Cond": "(ps.ps_suppkey = s.s_suppkey)",
                          "Shared Hit Blocks": 647,
                          "Shared Read Blocks": 17564,
                          "Shared Dirtied Blocks": 0,
                          "Shared Written Blocks": 0,
                          "Local Hit Blocks": 0,
                          "Local Read Blocks": 0,
                          "Local Dirtied Blocks": 0,
                          "Local Written Blocks": 0,
                          "Temp Read Blocks": 0,
                          "Temp Written Blocks": 0,
                          "Workers": [],
                          "Plans": [
                            {
                              "Node Type": "Seq Scan",
                              "Parent Relationship": "Outer",
                              "Parallel Aware": true,
                              "Async Capable": false,
                              "Relation Name": "partsupp",
                              "Alias": "ps",
                              "Startup Cost": 0.0,
                              "Total Cost": 20850.33,
                              "Plan Rows": 333333,
                              "Plan Width": 18,
                              "Actual Startup Time": 0.699,
                              "Actual Total Time": 52.049,
                              "Actual Rows": 266667,
                              "Actual Loops": 3,
                              "Shared Hit Blocks": 1,
                              "Shared Read Blocks": 17516,
                              "Shared Dirtied Blocks": 0,
                              "Shared Written Blocks": 0,
                              "Local Hit Blocks": 0,
                              "Local Read Blocks": 0,
                              "Local Dirtied Blocks": 0,
                              "Local Written Blocks": 0,
                              "Temp Read Blocks": 0,
                              "Temp Written Blocks": 0,
                              "Workers": []
                            },
                            {
                              "Node Type": "Hash",
                              "Parent Relationship": "Inner",
                              "Parallel Aware": false,
                              "Async Capable": false,
                              "Startup Cost": 355.02,
                              "Total Cost": 355.02,
                              "Plan Rows": 400,
                              "Plan Width": 30,
                              "Actual Startup Time": 3.671,
                              "Actual Total Time": 3.673,
                              "Actual Rows": 415,
                              "Actual Loops": 3,
                              "Hash Buckets": 1024,
                              "Original Hash Buckets": 1024,
                              "Hash Batches": 1,
                              "Original Hash Batches": 1,
                              "Peak Memory Usage": 34,
                              "Shared Hit Blocks": 628,
                              "Shared Read Blocks": 44,
                              "Shared Dirtied Blocks": 0,
                              "Shared Written Blocks": 0,
                              "Local Hit Blocks": 0,
                              "Local Read Blocks": 0,
                              "Local Dirtied Blocks": 0,
                              "Local Written Blocks": 0,
                              "Temp Read Blocks": 0,
                              "Temp Written Blocks": 0,
                              "Workers": [],
                              "Plans": [
                                {
                                  "Node Type": "Hash Join",
                                  "Parent Relationship": "Outer",
                                  "Parallel Aware": false,
                                  "Async Capable": false,
                                  "Join Type": "Inner",
                                  "Startup Cost": 1.32,
                                  "Total Cost": 355.02,
                                  "Plan Rows": 400,
                                  "Plan Width": 30,
                                  "Actual Startup Time": 1.121,
                                  "Actual Total Time": 3.596,
                                  "Actual Rows": 415,
                                  "Actual Loops": 3,
                                  "Inner Unique": true,
                                  "Hash Cond": "(s.s_nationkey = n.n_nationkey)",
                                  "Shared Hit Blocks": 628,
                                  "Shared Read Blocks": 44,
                                  "Shared Dirtied Blocks": 0,
                                  "Shared Written Blocks": 0,
                                  "Local Hit Blocks": 0,
                                  "Local Read Blocks": 0,
                                  "Local Dirtied Blocks": 0,
                                  "Local Written Blocks": 0,
                                  "Temp Read Blocks": 0,
                                  "Temp Written Blocks": 0,
                                  "Workers": [],
                                  "Plans": [
                                    {
                                      "Node Type": "Seq Scan",
                                      "Parent Relationship": "Outer",
                                      "Parallel Aware": false,
                                      "Async Capable": false,
                                      "Relation Name": "supplier",
                                      "Alias": "s",
                                      "Startup Cost": 0.0,
                                      "Total Cost": 323.0,
                                      "Plan Rows": 10000,
                                      "Plan Width": 8,
                                      "Actual Startup Time": 0.659,
                                      "Actual Total Time": 1.886,
                                      "Actual Rows": 10000,
                                      "Actual Loops": 3,
                                      "Shared Hit Blocks": 626,
                                      "Shared Read Blocks": 43,
                                      "Shared Dirtied Blocks": 0,
                                      "Shared Written Blocks": 0,
                                      "Local Hit Blocks": 0,
                                      "Local Read Blocks": 0,
                                      "Local Dirtied Blocks": 0,
                                      "Local Written Blocks": 0,
                                      "Temp Read Blocks": 0,
                                      "Temp Written Blocks": 0,
                                      "Workers": []
                                    },
                                    {
                                      "Node Type": "Hash",
                                      "Parent Relationship": "Inner",
                                      "Parallel Aware": false,
                                      "Async Capable": false,
                                      "Startup Cost": 1.31,
                                      "Total Cost": 1.31,
                                      "Plan Rows": 1,
                                      "Plan Width": 30,
                                      "Actual Startup Time": 0.442,
                                      "Actual Total Time": 0.443,
                                      "Actual Rows": 1,
                                      "Actual Loops": 3,
                                      "Hash Buckets": 1024,
                                      "Original Hash Buckets": 1024,
                                      "Hash Batches": 1,
                                      "Original Hash Batches": 1,
                                      "Peak Memory Usage": 9,
                                      "Shared Hit Blocks": 2,
                                      "Shared Read Blocks": 1,
                                      "Shared Dirtied Blocks": 0,
                                      "Shared Written Blocks": 0,
                                      "Local Hit Blocks": 0,
                                      "Local Read Blocks": 0,
                                      "Local Dirtied Blocks": 0,
                                      "Local Written Blocks": 0,
                                      "Temp Read Blocks": 0,
                                      "Temp Written Blocks": 0,
                                      "Workers": [],
                                      "Plans": [
                                        {
                                          "Node Type": "Seq Scan",
                                          "Parent Relationship": "Outer",
                                          "Parallel Aware": false,
                                          "Async Capable": false,
                                          "Relation Name": "nation",
                                          "Alias": "n",
                                          "Startup Cost": 0.0,
                                          "Total Cost": 1.31,
                                          "Plan Rows": 1,
                                          "Plan Width": 30,
                                          "Actual Startup Time": 0.433,
                                          "Actual Total Time": 0.436,
                                          "Actual Rows": 1,
                                          "Actual Loops": 3,
                                          "Filter": "(n_name = 'INDIA'::bpchar)",
                                          "Rows Removed by Filter": 24,
                                          "Shared Hit Blocks": 2,
                                          "Shared Read Blocks": 1,
                                          "Shared Dirtied Blocks": 0,
                                          "Shared Written Blocks": 0,
                                          "Local Hit Blocks": 0,
                                          "Local Read Blocks": 0,
                                          "Local Dirtied Blocks": 0,
                                          "Local Written Blocks": 0,
                                          "Temp Read Blocks": 0,
                                          "Temp Written Blocks": 0,
                                          "Workers": []
                                        }
                                      ]
                                    }
                                  ]
                                }
                              ]
                            }
                          ]
                        }
                      ]
                    }
                  ]
                }
              ]
            }
          ]
        }
      ]
    },
    "Planning": {
      "Shared Hit Blocks": 40,
      "Shared Read Blocks": 22,
      "Shared Dirtied Blocks": 0,
      "Shared Written Blocks": 0,
      "Local Hit Blocks": 0,
      "Local Read Blocks": 0,
      "Local Dirtied Blocks": 0,
      "Local Written Blocks": 0,
      "Temp Read Blocks": 0,
      "Temp Written Blocks": 0
    },
    "Planning Time": 1.978,
    "Triggers": [],
    "Execution Time": 328.403
  }
]