[
  {
    "Plan": {
      "Node Type": "Aggregate",
      "Strategy": "Sorted",
      "Partial Mode": "Finalize",
      "Parallel Aware": false,
      "Async Capable": false,
      "Startup Cost": 194913.47,
      "Total Cost": 194988.16,
      "Plan Rows": 558,
      "Plan Width": 90,
      "Actual Startup Time": 4635.494,
      "Actual Total Time": 4953.444,
      "Actual Rows": 175,
      "Actual Loops": 1,
      "Group Key": [
        "n.n_name",
        "(EXTRACT(year FROM o.o_orderdate))"
      ],
      "Shared Hit Blocks": 8531771,
      "Shared Read Blocks": 169785,
      "Shared Dirtied Blocks": 0,
      "Shared Written Blocks": 0,
      "Local Hit Blocks": 0,
      "Local Read Blocks": 0,
      "Local Dirtied Blocks": 0,
      "Local Written Blocks": 0,
      "Temp Read Blocks": 9953,
      "Temp Written Blocks": 9983,
      "Plans": [
        {
          "Node Type": "Gather Merge",
          "Parent Relationship": "Outer",
          "Parallel Aware": false,
          "Async Capable": false,
          "Startup Cost": 194913.47,
          "Total Cost": 194975.15,
          "Plan Rows": 464,
          "Plan Width": 90,
          "Actual Startup Time": 4634.204,
          "Actual Total Time": 4952.595,
          "Actual Rows": 525,
          "Actual Loops": 1,
          "Workers Planned": 2,
          "Workers Launched": 2,
          "Shared Hit Blocks": 8531771,
          "Shared Read Blocks": 169785,
          "Shared Dirtied Blocks": 0,
          "Shared Written Blocks": 0,
          "Local Hit Blocks": 0,
          "Local Read Blocks": 0,
          "Local Dirtied Blocks": 0,
          "Local Written Blocks": 0,
          "Temp Read Blocks": 9953,
          "Temp Written Blocks": 9983,
          "Plans": [
            {
              "Node Type": "Aggregate",
              "Strategy": "Sorted",
              "Partial Mode": "Partial",
              "Parent Relationship": "Outer",
              "Parallel Aware": false,
              "Async Capable": false,
              "Startup Cost": 193913.44,
              "Total Cost": 193921.56,
              "Plan Rows": 232,
              "Plan Width": 90,
              "Actual Startup Time": 4246.178,
              "Actual Total Time": 4653.377,
              "Actual Rows": 175,
              "Actual Loops": 3,
              "Group Key": [
                "n.n_name",
                "(EXTRACT(year FROM o.o_orderdate))"
              ],
              "Shared Hit Blocks": 8531771,
              "Shared Read Blocks": 169785,
              "Shared Dirtied Blocks": 0,
              "Shared Written Blocks": 0,
              "Local Hit Blocks": 0,
              "Local Read Blocks": 0,
              "Local Dirtied Blocks": 0,
              "Local Written Blocks": 0,
              "Temp Read Blocks": 9953,
              "Temp Written Blocks": 9983,
              "Workers": [],
              "Plans": [
                {
                  "Node Type": "Sort",
                  "Parent Relationship": "Outer",
                  "Parallel Aware": false,
                  "Async Capable": false,
                  "Startup Cost": 193913.44,
                  "Total Cost": 193914.02,
                  "Plan Rows": 232,
                  "Plan Width": 81,
                  "Actual Startup Time": 4244.835,
                  "Actual Total Time": 4384.881,
                  "Actual Rows": 407533,
                  "Actual Loops": 3,
                  "Sort Key": [
                    "n.n_name",
                    "(EXTRACT(year FROM o.o_orderdate)) DESC"
                  ],
                  "Sort Method": "external merge",
                  "Sort Space Used": 16480,
                  "Sort Space Type": "Disk",
                  "Shared Hit Blocks": 8531771,
                  "Shared Read Blocks": 169785,
                  "Shared Dirtied Blocks": 0,
                  "Shared Written Blocks": 0,
                  "Local Hit Blocks": 0,
                  "Local Read Blocks": 0,
                  "Local Dirtied Blocks": 0,
                  "Local Written Blocks": 0,
                  "Temp Read Blocks": 9953,
                  "Temp Written Blocks": 9983,
                  "Workers": [
                    {
                      "Worker Number": 0,
                      "Sort Method": "external merge",
                      "Sort Space Used": 31248,
                      "Sort Space Type": "Disk"
                    },
                    {
                      "Worker Number": 1,
                      "Sort Method": "external merge",
                      "Sort Space Used": 31896,
                      "Sort Space Type": "Disk"
                    }
                  ],
                  "Plans": [
                    {
                      "Node Type": "Hash Join",
                      "Parent Relationship": "Outer",
                      "Parallel Aware": false,
                      "Async Capable": false,
                      "Join Type": "Inner",
                      "Startup Cost": 28476.93,
                      "Total Cost": 193904.33,
                      "Plan Rows": 232,
                      "Plan Width": 81,
                      "Actual Startup Time": 154.13,
                      "Actual Total Time": 3521.155,
                      "Actual Rows": 407533,
                      "Actual Loops": 3,
                      "Inner Unique": true,
                      "Hash Cond": "(s.s_nationkey = n.n_nationkey)",
                      "Shared Hit Blocks": 8531748,
                      "Shared Read Blocks": 169780,
                      "Shared Dirtied Blocks": 0,
                      "Shared Written Blocks": 0,
                      "Local Hit Blocks": 0,
                      "Local Read Blocks": 0,
                      "Local Dirtied Blocks": 0,
                      "Local Written Blocks": 0,
                      "Temp Read Blocks": 0,
                      "Temp Written Blocks": 0,
                      "Workers": [],
                      "Plans": [
                        {
                          "Node Type": "Nested Loop",
                          "Parent Relationship": "Outer",
                          "Parallel Aware": false,
                          "Async Capable": false,
                          "Join Type": "Inner",
                          "Startup Cost": 28475.36,
                          "Total Cost": 193901.48,
                          "Plan Rows": 232,
                          "Plan Width": 31,
                          "Actual Startup Time": 153.51,
                          "Actual Total Time": 3326.228,
                          "Actual Rows": 407533,
                          "Actual Loops": 3,
                          "Inner Unique": true,
                          "Shared Hit Blocks": 8531722,
                          "Shared Read Blocks": 169775,
                          "Shared Dirtied Blocks": 0,
                          "Shared Written Blocks": 0,
                          "Local Hit Blocks": 0,
                          "Local Read Blocks": 0,
                          "Local Dirtied Blocks": 0,
                          "Local Written Blocks": 0,
                          "Temp Read Blocks": 0,
                          "Temp Written Blocks": 0,
                          "Workers": [],
                          "Plans": [
                            {
                              "Node Type": "Nested Loop",
                              "Parent Relationship": "Outer",
                              "Parallel Aware": false,
                              "Async Capable": false,
                              "Join Type": "Inner",
                              "Startup Cost": 28474.94,
                              "Total Cost": 193793.22,
                              "Plan Rows": 232,
                              "Plan Width": 35,
                              "Actual Startup Time": 152.529,
                              "Actual Total Time": 2380.979,
                              "Actual Rows": 407533,
                              "Actual Loops": 3,
                              "Inner Unique": true,
                              "Shared Hit Blocks": 3673850,
                              "Shared Read Blocks": 137253,
                              "Shared Dirtied Blocks": 0,
                              "Shared Written Blocks": 0,
                              "Local Hit Blocks": 0,
                              "Local Read Blocks": 0,
                              "Local Dirtied Blocks": 0,
                              "Local Written Blocks": 0,
                              "Temp Read Blocks": 0,
                              "Temp Written Blocks": 0,
                              "Workers": [],
                              "Plans": [
                                {
                                  "Node Type": "Hash Join",
                                  "Parent Relationship": "Outer",
                                  "Parallel Aware": true,
                                  "Async Capable": false,
                                  "Join Type": "Inner",
                                  "Startup Cost": 28474.65,
                                  "Total Cost": 193723.0,
                                  "Plan Rows": 232,
                                  "Plan Width": 39,
                                  "Actual Startup Time": 151.799,
                                  "Actual Total Time": 1499.039,
                                  "Actual Rows": 407533,
                                  "Actual Loops": 3,
                                  "Inner Unique": false,
                                  "Hash Cond": "((l.l_suppkey = ps.ps_suppkey) AND (l.l_partkey = ps.ps_partkey))",
                                  "Shared Hit Blocks": 6305,
                                  "Shared Read Blocks": 137002,
                                  "Shared Dirtied Blocks": 0,
                                  "Shared Written Blocks": 0,
                                  "Local Hit Blocks": 0,
                                  "Local Read Blocks": 0,
                                  "Local Dirtied Blocks": 0,
                                  "Local Written Blocks": 0,
                                  "Temp Read Blocks": 0,
                                  "Temp Written Blocks": 0,
                                  "Workers": [],
                                  "Plans": [
                                    {
                                      "Node Type": "Seq Scan",
                                      "Parent Relationship": "Outer",
                                      "Parallel Aware": true,
                                      "Async Capable": false,
                                      "Relation Name": "lineitem",
                                      "Alias": "l",
                                      "Startup Cost": 0.0,
                                      "Total Cost": 146492.49,
                                      "Plan Rows": 2500649,
                                      "Plan Width": 33,
                                      "Actual Startup Time": 1.015,
                                      "Actual Total Time": 527.234,
                                      "Actual Rows": 2000405,
                                      "Actual Loops": 3,
                                      "Shared Hit Blocks": 6304,
                                      "Shared Read Blocks": 115182,
                                      "Shared Dirtied Blocks": 0,
                                      "Shared Written Blocks": 0,
                                      "Local Hit Blocks": 0,
                                      "Local Read Blocks": 0,
                                      "Local Dirtied Blocks": 0,
                                      "Local Written Blocks": 0,
                                      "Temp Read Blocks": 0,
                                      "Temp Written Blocks": 0,
                                      "Workers": []
                                    },
                                    {
                                      "Node Type": "Hash",
                                      "Parent Relationship": "Inner",
                                      "Parallel Aware": true,
                                      "Async Capable": false,
                                      "Startup Cost": 27313.02,
                                      "Total Cost": 27313.02,
                                      "Plan Rows": 77442,
                                      "Plan Width": 18,
                                      "Actual Startup Time": 150.102,
                                      "Actual Total Time": 150.106,
                                      "Actual Rows": 54345,
                                      "Actual Loops": 3,
                                      "Hash Buckets": 262144,
                                      "Original Hash Buckets": 262144,
                                      "Hash Batches": 1,
                                      "Original Hash Batches": 1,
                                      "Peak Memory Usage": 11040,
                                      "Shared Hit Blocks": 1,
                                      "Shared Read Blocks": 21820,
                                      "Shared Dirtied Blocks": 0,
                                      "Shared Written Blocks": 0,
                                      "Local Hit Blocks": 0,
                                      "Local Read Blocks": 0,
                                      "Local Dirtied Blocks": 0,
                                      "Local Written Blocks": 0,
                                      "Temp Read Blocks": 0,
                                      "Temp Written Blocks": 0,
                                      "Workers": [],
                                      "Plans": [
                                        {
                                          "Node Type": "Hash Join",
                                          "Parent Relationship": "Outer",
                                          "Parallel Aware": true,
                                          "Async Capable": false,
                                          "Join Type": "Inner",
                                          "Startup Cost": 5587.67,
                                          "Total Cost": 27313.02,
                                          "Plan Rows": 77442,
                                          "Plan Width": 18,
                                          "Actual Startup Time": 33.74,
                                          "Actual Total Time": 131.492,
                                          "Actual Rows": 54345,
                                          "Actual Loops": 3,
                                          "Inner Unique": true,
                                          "Hash Cond": "(ps.ps_partkey = p.p_partkey)",
                                          "Shared Hit Blocks": 1,
                                          "Shared Read Blocks": 21820,
                                          "Shared Dirtied Blocks": 0,
                                          "Shared Written Blocks": 0,
                                          "Local Hit Blocks": 0,
                                          "Local Read Blocks": 0,
                                          "Local Dirtied Blocks": 0,
                                          "Local Written Blocks": 0,
                                          "Temp Read Blocks": 0,
                                          "Temp Written Blocks": 0,
                                          "Workers": [],
                                          "Plans": [
                                            {
                                              "Node Type": "Seq Scan",
                                              "Parent Relationship": "Outer",
                                              "Parallel Aware": true,
                                              "Async Capable": false,
                                              "Relation Name": "partsupp",
                                              "Alias": "ps",
                                              "Startup Cost": 0.0,
                                              "Total Cost": 20850.33,
                                              "Plan Rows": 333333,
                                              "Plan Width": 14,
                                              "Actual Startup Time": 1.044,
                                              "Actual Total Time": 56.765,
                                              "Actual Rows": 266667,
                                              "Actual Loops": 3,
                                              "Shared Hit Blocks": 1,
                                              "Shared Read Blocks": 17516,
                                              "Shared Dirtied Blocks": 0,
                                              "Shared Written Blocks": 0,
                                              "Local Hit Blocks": 0,
                                              "Local Read Blocks": 0,
                                              "Local Dirtied Blocks": 0,
                                              "Local Written Blocks": 0,
                                              "Temp Read Blocks": 0,
                                              "Temp Written Blocks": 0,
                                              "Workers": []
                                            },
                                            {
                                              "Node Type": "Hash",
                                              "Parent Relationship": "Inner",
                                              "Parallel Aware": true,
                                              "Async Capable": false,
                                              "Startup Cost": 5345.67,
                                              "Total Cost": 5345.67,
                                              "Plan Rows": 19360,
                                              "Plan Width": 4,
                                              "Actual Startup Time": 32.422,
                                              "Actual Total Time": 32.423,
                                              "Actual Rows": 13586,
                                              "Actual Loops": 3,
                                              "Hash Buckets": 65536,
                                              "Original Hash Buckets": 65536,
                                              "Hash Batches": 1,
                                              "Original Hash Batches": 1,
                                              "Peak Memory Usage": 2144,
                                              "Shared Hit Blocks": 0,
                                              "Shared Read Blocks": 4304,
                                              "Shared Dirtied Blocks": 0,
                                              "Shared Written Blocks": 0,
                                              "Local Hit Blocks": 0,
                                              "Local Read Blocks": 0,
                                              "Local Dirtied Blocks": 0,
                                              "Local Written Blocks": 0,
                                              "Temp Read Blocks": 0,
                                              "Temp Written Blocks": 0,
                                              "Workers": [],
                                              "Plans": [
                                                {
                                                  "Node Type": "Seq Scan",
                                                  "Parent Relationship": "Outer",
                                                  "Parallel Aware": true,
                                                  "Async Capable": false,
                                                  "Relation Name": "part",
                                                  "Alias": "p",
                                                  "Startup Cost": 0.0,
                                                  "Total Cost": 5345.67,
                                                  "Plan Rows": 19360,
                                                  "Plan Width": 4,
                                                  "Actual Startup Time": 0.471,
                                                  "Actual Total Time": 27.364,
                                                  "Actual Rows": 13586,
                                                  "Actual Loops": 3,
                                                  "Filter": "((p_name)::text ~~ '%co%'::text)",
                                                  "Rows Removed by Filter": 53080,
                                                  "Shared Hit Blocks": 0,
                                                  "Shared Read Blocks": 4304,
                                                  "Shared Dirtied Blocks": 0,
                                                  "Shared Written Blocks": 0,
                                                  "Local Hit Blocks": 0,
                                                  "Local Read Blocks": 0,
                                                  "Local Dirtied Blocks": 0,
                                                  "Local Written Blocks": 0,
                                                  "Temp Read Blocks": 0,
                                                  "Temp Written Blocks": 0,
                                                  "Workers": []
                                                }
                                              ]
                                            }
                                          ]
                                        }
                                      ]
                                    }
                                  ]
                                },
                                {
                                  "Node Type": "Index Scan",
                                  "Parent Relationship": "Inner",
                                  "Parallel Aware": false,
                                  "Async Capable": false,
                                  "Scan Direction": "Forward",
                                  "Index Name": "pk_supplier",
                                  "Relation Name": "supplier",
                                  "Alias": "s",
                                  "Startup Cost": 0.29,
                                  "Total Cost": 0.3,
                                  "Plan Rows": 1,
                                  "Plan Width": 8,
                                  "Actual Startup Time": 0.002,
                                  "Actual Total Time": 0.002,
                                  "Actual Rows": 1,
                                  "Actual Loops": 1222598,
                                  "Index Cond": "(s_suppkey = l.l_suppkey)",
                                  "Rows Removed by Index Recheck": 0,
                                  "Shared Hit Blocks": 3667545,
                                  "Shared Read Blocks": 251,
                                  "Shared Dirtied Blocks": 0,
                                  "Shared Written Blocks": 0,
                                  "Local Hit Blocks": 0,
                                  "Local Read Blocks": 0,
                                  "Local Dirtied Blocks": 0,
                                  "Local Written Blocks": 0,
                                  "Temp Read Blocks": 0,
                                  "Temp Written Blocks": 0,
                                  "Workers": []
                                }
                              ]
                            },
                            {
                              "Node Type": "Index Scan",
                              "Parent Relationship": "Inner",
                              "Parallel Aware": false,
                              "Async Capable": false,
                              "Scan Direction": "Forward",
                              "Index Name": "pk_orders",
                              "Relation Name": "orders",
                              "Alias": "o",
                              "Startup Cost": 0.43,
                              "Total Cost": 0.47,
                              "Plan Rows": 1,
                              "Plan Width": 12,
                              "Actual Startup Time": 0.002,
                              "Actual Total Time": 0.002,
                              "Actual Rows": 1,
                              "Actual Loops": 1222598,
                              "Index Cond": "(o_orderkey = l.l_orderkey)",
                              "Rows Removed by Index Recheck": 0,
                              "Shared Hit Blocks": 4857872,
                              "Shared Read Blocks": 32522,
                              "Shared Dirtied Blocks": 0,
                              "Shared Written Blocks": 0,
                              "Local Hit Blocks": 0,
                              "Local Read Blocks": 0,
                              "Local Dirtied Blocks": 0,
                              "Local Written Blocks": 0,
                              "Temp Read Blocks": 0,
                              "Temp Written Blocks": 0,
                              "Workers": []
                            }
                          ]
                        },
                        {
                          "Node Type": "Hash",
                          "Parent Relationship": "Inner",
                          "Parallel Aware": false,
                          "Async Capable": false,
                          "Startup Cost": 1.25,
                          "Total Cost": 1.25,
                          "Plan Rows": 25,
                          "Plan Width": 30,
                          "Actual Startup Time": 0.564,
                          "Actual Total Time": 0.565,
                          "Actual Rows": 25,
                          "Actual Loops": 3,
                          "Hash Buckets": 1024,
                          "Original Hash Buckets": 1024,
                          "Hash Batches": 1,
                          "Original Hash Batches": 1,
                          "Peak Memory Usage": 10,
                          "Shared Hit Blocks": 2,
                          "Shared Read Blocks": 1,
                          "Shared Dirtied Blocks": 0,
                          "Shared Written Blocks": 0,
                          "Local Hit Blocks": 0,
                          "Local Read Blocks": 0,
                          "Local Dirtied Blocks": 0,
                          "Local Written Blocks": 0,
                          "Temp Read Blocks": 0,
                          "Temp Written Blocks": 0,
                          "Workers": [],
                          "Plans": [
                            {
                              "Node Type": "Seq Scan",
                              "Parent Relationship": "Outer",
                              "Parallel Aware": false,
                              "Async Capable": false,
                              "Relation Name": "nation",
                              "Alias": "n",
                              "Startup Cost": 0.0,
                              "Total Cost": 1.25,
                              "Plan Rows": 25,
                              "Plan Width": 30,
                              "Actual Startup Time": 0.546,
                              "Actual Total Time": 0.549,
                              "Actual Rows": 25,
                              "Actual Loops": 3,
                              "Shared Hit Blocks": 2,
                              "Shared Read Blocks": 1,
                              "Shared Dirtied Blocks": 0,
                              "Shared Written Blocks": 0,
                              "Local Hit Blocks": 0,
                              "Local Read Blocks": 0,
                              "Local Dirtied Blocks": 0,
                              "Local Written Blocks": 0,
                              "Temp Read Blocks": 0,
                              "Temp Written Blocks": 0,
                              "Workers": []
                            }
                          ]
                        }
                      ]
                    }
                  ]
                }
              ]
            }
          ]
        }
      ]
    },
    "Planning": {
      "Shared Hit Blocks": 36,
      "Shared Read Blocks": 28,
      "Shared Dirtied Blocks": 0,
      "Shared Written Blocks": 0,
      "Local Hit Blocks": 0,
      "Local Read Blocks": 0,
      "Local Dirtied Blocks": 0,
      "Local Written Blocks": 0,
      "Temp Read Blocks": 0,
      "Temp Written Blocks": 0
    },
    "Planning Time": 4.341,
    "Triggers": [],
    "Execution Time": 4958.772
  }
]