[
  {
    "Plan": {
      "Node Type": "Unique",
      "Parallel Aware": false,
      "Async Capable": false,
      "Startup Cost": 209653.99,
      "Total Cost": 232243.28,
      "Plan Rows": 150000,
      "Plan Width": 25,
      "Actual Startup Time": 1672.634,
      "Actual Total Time": 1749.095,
      "Actual Rows": 44019,
      "Actual Loops": 1,
      "Shared Hit Blocks": 8314,
      "Shared Read Blocks": 145457,
      "Shared Dirtied Blocks": 0,
      "Shared Written Blocks": 0,
      "Local Hit Blocks": 0,
      "Local Read Blocks": 0,
      "Local Dirtied Blocks": 0,
      "Local Written Blocks": 0,
      "Temp Read Blocks": 0,
      "Temp Written Blocks": 0,
      "Plans": [
        {
          "Node Type": "Gather Merge",
          "Parent Relationship": "Outer",
          "Parallel Aware": false,
          "Async Capable": false,
          "Startup Cost": 209653.99,
          "Total Cost": 231774.33,
          "Plan Rows": 187580,
          "Plan Width": 25,
          "Actual Startup Time": 1672.633,
          "Actual Total Time": 1740.579,
          "Actual Rows": 53980,
          "Actual Loops": 1,
          "Workers Planned": 2,
          "Workers Launched": 2,
          "Shared Hit Blocks": 8314,
          "Shared Read Blocks": 145457,
          "Shared Dirtied Blocks": 0,
          "Shared Written Blocks": 0,
          "Local Hit Blocks": 0,
          "Local Read Blocks": 0,
          "Local Dirtied Blocks": 0,
          "Local Written Blocks": 0,
          "Temp Read Blocks": 0,
          "Temp Written Blocks": 0,
          "Plans": [
            {
              "Node Type": "Unique",
              "Parent Relationship": "Outer",
              "Parallel Aware": false,
              "Async Capable": false,
              "Startup Cost": 208653.97,
              "Total Cost": 209122.92,
              "Plan Rows": 93790,
              "Plan Width": 25,
              "Actual Startup Time": 1571.467,
              "Actual Total Time": 1581.459,
              "Actual Rows": 17993,
              "Actual Loops": 3,
              "Shared Hit Blocks": 8314,
              "Shared Read Blocks": 145457,
              "Shared Dirtied Blocks": 0,
              "Shared Written Blocks": 0,
              "Local Hit Blocks": 0,
              "Local Read Blocks": 0,
              "Local Dirtied Blocks": 0,
              "Local Written Blocks": 0,
              "Temp Read Blocks": 0,
              "Temp Written Blocks": 0,
              "Workers": [],
              "Plans": [
                {
                  "Node Type": "Sort",
                  "Parent Relationship": "Outer",
                  "Parallel Aware": false,
                  "Async Capable": false,
                  "Startup Cost": 208653.97,
                  "Total Cost": 208888.44,
                  "Plan Rows": 93790,
                  "Plan Width": 25,
                  "Actual Startup Time": 1571.464,
                  "Actual Total Time": 1573.426,
                  "Actual Rows": 38464,
                  "Actual Loops": 3,
                  "Sort Key": [
                    "c.c_address"
                  ],
                  "Sort Method": "quicksort",
                  "Sort Space Used": 1537,
                  "Sort Space Type": "Memory",
                  "Shared Hit Blocks": 8314,
                  "Shared Read Blocks": 145457,
                  "Shared Dirtied Blocks": 0,
                  "Shared Written Blocks": 0,
                  "Local Hit Blocks": 0,
                  "Local Read Blocks": 0,
                  "Local Dirtied Blocks": 0,
                  "Local Written Blocks": 0,
                  "Temp Read Blocks": 0,
                  "Temp Written Blocks": 0,
                  "Workers": [
                    {
                      "Worker Number": 0,
                      "Sort Method": "quicksort",
                      "Sort Space Used": 1537,
                      "Sort Space Type": "Memory"
                    },
                    {
                      "Worker Number": 1,
                      "Sort Method": "quicksort",
                      "Sort Space Used": 1537,
                      "Sort Space Type": "Memory"
                    }
                  ],
                  "Plans": [
                    {
                      "Node Type": "Hash Join",
                      "Parent Relationship": "Outer",
                      "Parallel Aware": true,
                      "Async Capable": false,
                      "Join Type": "Inner",
                      "Startup Cost": 44053.29,
                      "Total Cost": 198661.25,
                      "Plan Rows": 93790,
                      "Plan Width": 25,
                      "Actual Startup Time": 209.389,
                      "Actual Total Time": 1366.465,
                      "Actual Rows": 38464,
                      "Actual Loops": 3,
                      "Inner Unique": true,
                      "Hash Cond": "(o.o_custkey = c.c_custkey)",
                      "Shared Hit Blocks": 8204,
                      "Shared Read Blocks": 145453,
                      "Shared Dirtied Blocks": 0,
                      "Shared Written Blocks": 0,
                      "Local Hit Blocks": 0,
                      "Local Read Blocks": 0,
                      "Local Dirtied Blocks": 0,
                      "Local Written Blocks": 0,
                      "Temp Read Blocks": 0,
                      "Temp Written Blocks": 0,
                      "Workers": [],
                      "Plans": [
                        {
                          "Node Type": "Hash Join",
                          "Parent Relationship": "Outer",
                          "Parallel Aware": true,
                          "Async Capable": false,
                          "Join Type": "Inner",
                          "Startup Cost": 38902.04,
                          "Total Cost": 193263.79,
                          "Plan Rows": 93790,
                          "Plan Width": 4,
                          "Actual Startup Time": 173.606,
                          "Actual Total Time": 1305.926,
                          "Actual Rows": 38464,
                          "Actual Loops": 3,
                          "Inner Unique": true,
                          "Hash Cond": "(l.l_orderkey = o.o_orderkey)",
                          "Shared Hit Blocks": 4497,
                          "Shared Read Blocks": 145357,
                          "Shared Dirtied Blocks": 0,
                          "Shared Written Blocks": 0,
                          "Local Hit Blocks": 0,
                          "Local Read Blocks": 0,
                          "Local Dirtied Blocks": 0,
                          "Local Written Blocks": 0,
                          "Temp Read Blocks": 0,
                          "Temp Written Blocks": 0,
                          "Workers": [],
                          "Plans": [
                            {
                              "Node Type": "Seq Scan",
                              "Parent Relationship": "Outer",
                              "Parallel Aware": true,
                              "Async Capable": false,
                              "Relation Name": "lineitem",
                              "Alias": "l",
                              "Startup Cost": 0.0,
                              "Total Cost": 152744.11,
                              "Plan Rows": 616243,
                              "Plan Width": 8,
                              "Actual Startup Time": 0.397,
                              "Actual Total Time": 999.722,
                              "Actual Rows": 492957,
                              "Actual Loops": 3,
                              "Filter": "(l_returnflag = 'R'::bpchar)",
                              "Rows Removed by Filter": 1507448,
                              "Shared Hit Blocks": 4468,
                              "Shared Read Blocks": 117018,
                              "Shared Dirtied Blocks": 0,
                              "Shared Written Blocks": 0,
                              "Local Hit Blocks": 0,
                              "Local Read Blocks": 0,
                              "Local Dirtied Blocks": 0,
                              "Local Written Blocks": 0,
                              "Temp Read Blocks": 0,
                              "Temp Written Blocks": 0,
                              "Workers": []
                            },
                            {
                              "Node Type": "Hash",
                              "Parent Relationship": "Inner",
                              "Parallel Aware": true,
                              "Async Capable": false,
                              "Startup Cost": 37713.0,
                              "Total Cost": 37713.0,
                              "Plan Rows": 95123,
                              "Plan Width": 12,
                              "Actual Startup Time": 172.677,
                              "Actual Total Time": 172.678,
                              "Actual Rows": 76212,
                              "Actual Loops": 3,
                              "Hash Buckets": 262144,
                              "Original Hash Buckets": 262144,
                              "Hash Batches": 1,
                              "Original Hash Batches": 1,
                              "Peak Memory Usage": 12832,
                              "Shared Hit Blocks": 0,
                              "Shared Read Blocks": 28338,
                              "Shared Dirtied Blocks": 0,
                              "Shared Written Blocks": 0,
                              "Local Hit Blocks": 0,
                              "Local Read Blocks": 0,
                              "Local Dirtied Blocks": 0,
                              "Local Written Blocks": 0,
                              "Temp Read Blocks": 0,
                              "Temp Written Blocks": 0,
                              "Workers": [],
                              "Plans": [
                                {
                                  "Node Type": "Seq Scan",
                                  "Parent Relationship": "Outer",
                                  "Parallel Aware": true,
                                  "Async Capable": false,
                                  "Relation Name": "orders",
                                  "Alias": "o",
                                  "Startup Cost": 0.0,
                                  "Total Cost": 37713.0,
                                  "Plan Rows": 95123,
                                  "Plan Width": 12,
                                  "Actual Startup Time": 0.56,
                                  "Actual Total Time": 147.004,
                                  "Actual Rows": 76212,
                                  "Actual Loops": 3,
                                  "Filter": "((o_orderdate >= '1995-01-01'::date) AND (o_orderdate <= '1995-12-31'::date))",
                                  "Rows Removed by Filter": 423788,
                                  "Shared Hit Blocks": 0,
                                  "Shared Read Blocks": 28338,
                                  "Shared Dirtied Blocks": 0,
                                  "Shared Written Blocks": 0,
                                  "Local Hit Blocks": 0,
                                  "Local Read Blocks": 0,
                                  "Local Dirtied Blocks": 0,
                                  "Local Written Blocks": 0,
                                  "Temp Read Blocks": 0,
                                  "Temp Written Blocks": 0,
                                  "Workers": []
                                }
                              ]
                            }
                          ]
                        },
                        {
                          "Node Type": "Hash",
                          "Parent Relationship": "Inner",
                          "Parallel Aware": true,
                          "Async Capable": false,
                          "Startup Cost": 4370.0,
                          "Total Cost": 4370.0,
                          "Plan Rows": 62500,
                          "Plan Width": 29,
                          "Actual Startup Time": 34.848,
                          "Actual Total Time": 34.848,
                          "Actual Rows": 50000,
                          "Actual Loops": 3,
                          "Hash Buckets": 262144,
                          "Original Hash Buckets": 262144,
                          "Hash Batches": 1,
                          "Original Hash Batches": 1,
                          "Peak Memory Usage": 11712,
                          "Shared Hit Blocks": 3655,
                          "Shared Read Blocks": 90,
                          "Shared Dirtied Blocks": 0,
                          "Shared Written Blocks": 0,
                          "Local Hit Blocks": 0,
                          "Local Read Blocks": 0,
                          "Local Dirtied Blocks": 0,
                          "Local Written Blocks": 0,
                          "Temp Read Blocks": 0,
                          "Temp Written Blocks": 0,
                          "Workers": [],
                          "Plans": [
                            {
                              "Node Type": "Seq Scan",
                              "Parent Relationship": "Outer",
                              "Parallel Aware": true,
                              "Async Capable": false,
                              "Relation Name": "customer",
                              "Alias": "c",
                              "Startup Cost": 0.0,
                              "Total Cost": 4370.0,
                              "Plan Rows": 62500,
                              "Plan Width": 29,
                              "Actual Startup Time": 0.024,
                              "Actual Total Time": 25.374,
                              "Actual Rows": 75000,
                              "Actual Loops": 2,
                              "Shared Hit Blocks": 3655,
                              "Shared Read Blocks": 90,
                              "Shared Dirtied Blocks": 0,
                              "Shared Written Blocks": 0,
                              "Local Hit Blocks": 0,
                              "Local Read Blocks": 0,
                              "Local Dirtied Blocks": 0,
                              "Local Written Blocks": 0,
                              "Temp Read Blocks": 0,
                              "Temp Written Blocks": 0,
                              "Workers": []
                            }
                          ]
                        }
                      ]
                    }
                  ]
                }
              ]
            }
          ]
        }
      ]
    },
    "Planning": {
      "Shared Hit Blocks": 12,
      "Shared Read Blocks": 26,
      "Shared Dirtied Blocks": 0,
      "Shared Written Blocks": 0,
      "Local Hit Blocks": 0,
      "Local Read Blocks": 0,
      "Local Dirtied Blocks": 0,
      "Local Written Blocks": 0,
      "Temp Read Blocks": 0,
      "Temp Written Blocks": 0
    },
    "Planning Time": 0.686,
    "Triggers": [],
    "Execution Time": 1753.907
  }
]