[
  {
    "Plan": {
      "Node Type": "Append",
      "Parallel Aware": false,
      "Async Capable": false,
      "Startup Cost": 5572.21,
      "Total Cost": 121803.05,
      "Plan Rows": 380,
      "Plan Width": 50,
      "Actual Startup Time": 62.015,
      "Actual Total Time": 571.703,
      "Actual Rows": 29,
      "Actual Loops": 1,
      "Shared Hit Blocks": 12472,
      "Shared Read Blocks": 60723,
      "Shared Dirtied Blocks": 0,
      "Shared Written Blocks": 0,
      "Local Hit Blocks": 0,
      "Local Read Blocks": 0,
      "Local Dirtied Blocks": 0,
      "Local Written Blocks": 0,
      "Temp Read Blocks": 0,
      "Temp Written Blocks": 0,
      "Subplans Removed": 0,
      "Plans": [
        {
          "Node Type": "Gather",
          "Parent Relationship": "Member",
          "Parallel Aware": false,
          "Async Capable": false,
          "Startup Cost": 5572.21,
          "Total Cost": 43534.38,
          "Plan Rows": 360,
          "Plan Width": 25,
          "Actual Startup Time": 62.014,
          "Actual Total Time": 167.842,
          "Actual Rows": 9,
          "Actual Loops": 1,
          "Workers Planned": 2,
          "Workers Launched": 2,
          "Single Copy": false,
          "Shared Hit Blocks": 4790,
          "Shared Read Blocks": 27488,
          "Shared Dirtied Blocks": 0,
          "Shared Written Blocks": 0,
          "Local Hit Blocks": 0,
          "Local Read Blocks": 0,
          "Local Dirtied Blocks": 0,
          "Local Written Blocks": 0,
          "Temp Read Blocks": 0,
          "Temp Written Blocks": 0,
          "Plans": [
            {
              "Node Type": "Hash Join",
              "Parent Relationship": "Outer",
              "Parallel Aware": true,
              "Async Capable": false,
              "Join Type": "Inner",
              "Startup Cost": 4572.21,
              "Total Cost": 42498.38,
              "Plan Rows": 150,
              "Plan Width": 25,
              "Actual Startup Time": 57.61,
              "Actual Total Time": 125.772,
              "Actual Rows": 3,
              "Actual Loops": 3,
              "Inner Unique": false,
              "Hash Cond": "(o.o_custkey = c.c_custkey)",
              "Join Filter": "(o.o_totalprice <= c.c_acctbal)",
              "Rows Removed by Join Filter": 361,
              "Shared Hit Blocks": 4790,
              "Shared Read Blocks": 27488,
              "Shared Dirtied Blocks": 0,
              "Shared Written Blocks": 0,
              "Local Hit Blocks": 0,
              "Local Read Blocks": 0,
              "Local Dirtied Blocks": 0,
              "Local Written Blocks": 0,
              "Temp Read Blocks": 0,
              "Temp Written Blocks": 0,
              "Workers": [],
              "Plans": [
                {
                  "Node Type": "Seq Scan",
                  "Parent Relationship": "Outer",
                  "Parallel Aware": true,
                  "Async Capable": false,
                  "Relation Name": "orders",
                  "Alias": "o",
                  "Startup Cost": 0.0,
                  "Total Cost": 37713.0,
                  "Plan Rows": 56223,
                  "Plan Width": 12,
                  "Actual Startup Time": 0.679,
                  "Actual Total Time": 106.494,
                  "Actual Rows": 44541,
                  "Actual Loops": 3,
                  "Filter": "((o_orderdate >= '1998-01-01'::date) AND (o_orderdate <= '1998-12-05'::date))",
                  "Rows Removed by Filter": 455459,
                  "Shared Hit Blocks": 850,
                  "Shared Read Blocks": 27488,
                  "Shared Dirtied Blocks": 0,
                  "Shared Written Blocks": 0,
                  "Local Hit Blocks": 0,
                  "Local Read Blocks": 0,
                  "Local Dirtied Blocks": 0,
                  "Local Written Blocks": 0,
                  "Temp Read Blocks": 0,
                  "Temp Written Blocks": 0,
                  "Workers": []
                },
                {
                  "Node Type": "Hash",
                  "Parent Relationship": "Inner",
                  "Parallel Aware": true,
                  "Async Capable": false,
                  "Startup Cost": 4565.96,
                  "Total Cost": 4565.96,
                  "Plan Rows": 500,
                  "Plan Width": 29,
                  "Actual Startup Time": 12.07,
                  "Actual Total Time": 12.072,
                  "Actual Rows": 416,
                  "Actual Loops": 3,
                  "Hash Buckets": 2048,
                  "Original Hash Buckets": 2048,
                  "Hash Batches": 1,
                  "Original Hash Batches": 1,
                  "Peak Memory Usage": 112,
                  "Shared Hit Blocks": 3746,
                  "Shared Read Blocks": 0,
                  "Shared Dirtied Blocks": 0,
                  "Shared Written Blocks": 0,
                  "Local Hit Blocks": 0,
                  "Local Read Blocks": 0,
                  "Local Dirtied Blocks": 0,
                  "Local Written Blocks": 0,
                  "Temp Read Blocks": 0,
                  "Temp Written Blocks": 0,
                  "Workers": [],
                  "Plans": [
                    {
                      "Node Type": "Hash Join",
                      "Parent Relationship": "Outer",
                      "Parallel Aware": false,
                      "Async Capable": false,
                      "Join Type": "Inner",
                      "Startup Cost": 1.32,
                      "Total Cost": 4565.96,
                      "Plan Rows": 500,
                      "Plan Width": 29,
                      "Actual Startup Time": 0.032,
                      "Actual Total Time": 35.469,
                      "Actual Rows": 1247,
                      "Actual Loops": 1,
                      "Inner Unique": true,
                      "Hash Cond": "(c.c_nationkey = n.n_nationkey)",
                      "Shared Hit Blocks": 3746,
                      "Shared Read Blocks": 0,
                      "Shared Dirtied Blocks": 0,
                      "Shared Written Blocks": 0,
                      "Local Hit Blocks": 0,
                      "Local Read Blocks": 0,
                      "Local Dirtied Blocks": 0,
                      "Local Written Blocks": 0,
                      "Temp Read Blocks": 0,
                      "Temp Written Blocks": 0,
                      "Workers": [],
                      "Plans": [
                        {
                          "Node Type": "Seq Scan",
                          "Parent Relationship": "Outer",
                          "Parallel Aware": true,
                          "Async Capable": false,
                          "Relation Name": "customer",
                          "Alias": "c",
                          "Startup Cost": 0.0,
                          "Total Cost": 4526.25,
                          "Plan Rows": 12502,
                          "Plan Width": 33,
                          "Actual Startup Time": 0.006,
                          "Actual Total Time": 32.676,
                          "Actual Rows": 29968,
                          "Actual Loops": 1,
                          "Filter": "(c_mktsegment = 'FURNITURE'::bpchar)",
                          "Rows Removed by Filter": 120032,
                          "Shared Hit Blocks": 3745,
                          "Shared Read Blocks": 0,
                          "Shared Dirtied Blocks": 0,
                          "Shared Written Blocks": 0,
                          "Local Hit Blocks": 0,
                          "Local Read Blocks": 0,
                          "Local Dirtied Blocks": 0,
                          "Local Written Blocks": 0,
                          "Temp Read Blocks": 0,
                          "Temp Written Blocks": 0,
                          "Workers": []
                        },
                        {
                          "Node Type": "Hash",
                          "Parent Relationship": "Inner",
                          "Parallel Aware": false,
                          "Async Capable": false,
                          "Startup Cost": 1.31,
                          "Total Cost": 1.31,
                          "Plan Rows": 1,
                          "Plan Width": 4,
                          "Actual Startup Time": 0.02,
                          "Actual Total Time": 0.021,
                          "Actual Rows": 1,
                          "Actual Loops": 1,
                          "Hash Buckets": 1024,
                          "Original Hash Buckets": 1024,
                          "Hash Batches": 1,
                          "Original Hash Batches": 1,
                          "Peak Memory Usage": 9,
                          "Shared Hit Blocks": 1,
                          "Shared Read Blocks": 0,
                          "Shared Dirtied Blocks": 0,
                          "Shared Written Blocks": 0,
                          "Local Hit Blocks": 0,
                          "Local Read Blocks": 0,
                          "Local Dirtied Blocks": 0,
                          "Local Written Blocks": 0,
                          "Temp Read Blocks": 0,
                          "Temp Written Blocks": 0,
                          "Workers": [],
                          "Plans": [
                            {
                              "Node Type": "Seq Scan",
                              "Parent Relationship": "Outer",
                              "Parallel Aware": false,
                              "Async Capable": false,
                              "Relation Name": "nation",
                              "Alias": "n",
                              "Startup Cost": 0.0,
                              "Total Cost": 1.31,
                              "Plan Rows": 1,
                              "Plan Width": 4,
                              "Actual Startup Time": 0.01,
                              "Actual Total Time": 0.012,
                              "Actual Rows": 1,
                              "Actual Loops": 1,
                              "Filter": "(n_name = 'INDIA'::bpchar)",
                              "Rows Removed by Filter": 24,
                              "Shared Hit Blocks": 1,
                              "Shared Read Blocks": 0,
                              "Shared Dirtied Blocks": 0,
                              "Shared Written Blocks": 0,
                              "Local Hit Blocks": 0,
                              "Local Read Blocks": 0,
                              "Local Dirtied Blocks": 0,
                              "Local Written Blocks": 0,
                              "Temp Read Blocks": 0,
                              "Temp Written Blocks": 0,
                              "Workers": []
                            }
                          ]
                        }
                      ]
                    }
                  ]
                }
              ]
            }
          ]
        },
        {
          "Node Type": "Subquery Scan",
          "Parent Relationship": "Member",
          "Parallel Aware": false,
          "Async Capable": false,
          "Alias": "*SELECT* 2",
          "Startup Cost": 78264.19,
          "Total Cost": 78266.77,
          "Plan Rows": 20,
          "Plan Width": 38,
          "Actual Startup Time": 397.406,
          "Actual Total Time": 403.85,
          "Actual Rows": 20,
          "Actual Loops": 1,
          "Shared Hit Blocks": 7682,
          "Shared Read Blocks": 33235,
          "Shared Dirtied Blocks": 0,
          "Shared Written Blocks": 0,
          "Local Hit Blocks": 0,
          "Local Read Blocks": 0,
          "Local Dirtied Blocks": 0,
          "Local Written Blocks": 0,
          "Temp Read Blocks": 0,
          "Temp Written Blocks": 0,
          "Plans": [
            {
              "Node Type": "Limit",
              "Parent Relationship": "Subquery",
              "Parallel Aware": false,
              "Async Capable": false,
              "Startup Cost": 78264.19,
              "Total Cost": 78266.52,
              "Plan Rows": 20,
              "Plan Width": 32,
              "Actual Startup Time": 397.401,
              "Actual Total Time": 403.836,
              "Actual Rows": 20,
              "Actual Loops": 1,
              "Shared Hit Blocks": 7682,
              "Shared Read Blocks": 33235,
              "Shared Dirtied Blocks": 0,
              "Shared Written Blocks": 0,
              "Local Hit Blocks": 0,
              "Local Read Blocks": 0,
              "Local Dirtied Blocks": 0,
              "Local Written Blocks": 0,
              "Temp Read Blocks": 0,
              "Temp Written Blocks": 0,
              "Plans": [
                {
                  "Node Type": "Gather Merge",
                  "Parent Relationship": "Outer",
                  "Parallel Aware": false,
                  "Async Capable": false,
                  "Startup Cost": 78264.19,
                  "Total Cost": 78279.59,
                  "Plan Rows": 132,
                  "Plan Width": 32,
                  "Actual Startup Time": 397.399,
                  "Actual Total Time": 403.83,
                  "Actual Rows": 20,
                  "Actual Loops": 1,
                  "Workers Planned": 2,
                  "Workers Launched": 2,
                  "Shared Hit Blocks": 7682,
                  "Shared Read Blocks": 33235,
                  "Shared Dirtied Blocks": 0,
                  "Shared Written Blocks": 0,
                  "Local Hit Blocks": 0,
                  "Local Read Blocks": 0,
                  "Local Dirtied Blocks": 0,
                  "Local Written Blocks": 0,
                  "Temp Read Blocks": 0,
                  "Temp Written Blocks": 0,
                  "Plans": [
                    {
                      "Node Type": "Sort",
                      "Parent Relationship": "Outer",
                      "Parallel Aware": false,
                      "Async Capable": false,
                      "Startup Cost": 77264.16,
                      "Total Cost": 77264.33,
                      "Plan Rows": 66,
                      "Plan Width": 32,
                      "Actual Startup Time": 364.597,
                      "Actual Total Time": 364.601,
                      "Actual Rows": 15,
                      "Actual Loops": 3,
                      "Sort Key": [
                        "s.s_acctbal DESC"
                      ],
                      "Sort Method": "top-N heapsort",
                      "Sort Space Used": 27,
                      "Sort Space Type": "Memory",
                      "Shared Hit Blocks": 7682,
                      "Shared Read Blocks": 33235,
                      "Shared Dirtied Blocks": 0,
                      "Shared Written Blocks": 0,
                      "Local Hit Blocks": 0,
                      "Local Read Blocks": 0,
                      "Local Dirtied Blocks": 0,
                      "Local Written Blocks": 0,
                      "Temp Read Blocks": 0,
                      "Temp Written Blocks": 0,
                      "Workers": [
                        {
                          "Worker Number": 0,
                          "Sort Method": "top-N heapsort",
                          "Sort Space Used": 27,
                          "Sort Space Type": "Memory"
                        },
                        {
                          "Worker Number": 1,
                          "Sort Method": "top-N heapsort",
                          "Sort Space Used": 27,
                          "Sort Space Type": "Memory"
                        }
                      ],
                      "Plans": [
                        {
                          "Node Type": "Hash Join",
                          "Parent Relationship": "Outer",
                          "Parallel Aware": false,
                          "Async Capable": false,
                          "Join Type": "Inner",
                          "Startup Cost": 385.45,
                          "Total Cost": 77262.41,
                          "Plan Rows": 66,
                          "Plan Width": 32,
                          "Actual Startup Time": 8.859,
                          "Actual Total Time": 364.18,
                          "Actual Rows": 172,
                          "Actual Loops": 3,
                          "Inner Unique": false,
                          "Hash Cond": "(l.l_suppkey = s.s_suppkey)",
                          "Join Filter": "(o_1.o_totalprice > s.s_acctbal)",
                          "Rows Removed by Join Filter": 0,
                          "Shared Hit Blocks": 7668,
                          "Shared Read Blocks": 33235,
                          "Shared Dirtied Blocks": 0,
                          "Shared Written Blocks": 0,
                          "Local Hit Blocks": 0,
                          "Local Read Blocks": 0,
                          "Local Dirtied Blocks": 0,
                          "Local Written Blocks": 0,
                          "Temp Read Blocks": 0,
                          "Temp Written Blocks": 0,
                          "Workers": [],
                          "Plans": [
                            {
                              "Node Type": "Nested Loop",
                              "Parent Relationship": "Outer",
                              "Parallel Aware": false,
                              "Async Capable": false,
                              "Join Type": "Inner",
                              "Startup Cost": 0.43,
                              "Total Cost": 76856.26,
                              "Plan Rows": 4971,
                              "Plan Width": 12,
                              "Actual Startup Time": 1.947,
                              "Actual Total Time": 357.372,
                              "Actual Rows": 4087,
                              "Actual Loops": 3,
                              "Inner Unique": false,
                              "Shared Hit Blocks": 6900,
                              "Shared Read Blocks": 33235,
                              "Shared Dirtied Blocks": 0,
                              "Shared Written Blocks": 0,
                              "Local Hit Blocks": 0,
                              "Local Read Blocks": 0,
                              "Local Dirtied Blocks": 0,
                              "Local Written Blocks": 0,
                              "Temp Read Blocks": 0,
                              "Temp Written Blocks": 0,
                              "Workers": [],
                              "Plans": [
                                {
                                  "Node Type": "Seq Scan",
                                  "Parent Relationship": "Outer",
                                  "Parallel Aware": true,
                                  "Async Capable": false,
                                  "Relation Name": "orders",
                                  "Alias": "o_1",
                                  "Startup Cost": 0.0,
                                  "Total Cost": 39275.5,
                                  "Plan Rows": 1242,
                                  "Plan Width": 16,
                                  "Actual Startup Time": 0.523,
                                  "Actual Total Time": 96.665,
                                  "Actual Rows": 966,
                                  "Actual Loops": 3,
                                  "Filter": "((o_orderdate >= '1998-01-01'::date) AND (o_orderdate <= '1998-01-05'::date) AND (o_totalprice >= '30000'::numeric))",
                                  "Rows Removed by Filter": 499034,
                                  "Shared Hit Blocks": 946,
                                  "Shared Read Blocks": 27392,
                                  "Shared Dirtied Blocks": 0,
                                  "Shared Written Blocks": 0,
                                  "Local Hit Blocks": 0,
                                  "Local Read Blocks": 0,
                                  "Local Dirtied Blocks": 0,
                                  "Local Written Blocks": 0,
                                  "Temp Read Blocks": 0,
                                  "Temp Written Blocks": 0,
                                  "Workers": []
                                },
                                {
                                  "Node Type": "Index Scan",
                                  "Parent Relationship": "Inner",
                                  "Parallel Aware": false,
                                  "Async Capable": false,
                                  "Scan Direction": "Forward",
                                  "Index Name": "pk_lineitem",
                                  "Relation Name": "lineitem",
                                  "Alias": "l",
                                  "Startup Cost": 0.43,
                                  "Total Cost": 30.1,
                                  "Plan Rows": 16,
                                  "Plan Width": 12,
                                  "Actual Startup Time": 0.265,
                                  "Actual Total Time": 0.267,
                                  "Actual Rows": 4,
                                  "Actual Loops": 2899,
                                  "Index Cond": "(l_orderkey = o_1.o_orderkey)",
                                  "Rows Removed by Index Recheck": 0,
                                  "Shared Hit Blocks": 5954,
                                  "Shared Read Blocks": 5843,
                                  "Shared Dirtied Blocks": 0,
                                  "Shared Written Blocks": 0,
                                  "Local Hit Blocks": 0,
                                  "Local Read Blocks": 0,
                                  "Local Dirtied Blocks": 0,
                                  "Local Written Blocks": 0,
                                  "Temp Read Blocks": 0,
                                  "Temp Written Blocks": 0,
                                  "Workers": []
                                }
                              ]
                            },
                            {
                              "Node Type": "Hash",
                              "Parent Relationship": "Inner",
                              "Parallel Aware": false,
                              "Async Capable": false,
                              "Startup Cost": 380.02,
                              "Total Cost": 380.02,
                              "Plan Rows": 400,
                              "Plan Width": 36,
                              "Actual Startup Time": 4.596,
                              "Actual Total Time": 4.598,
                              "Actual Rows": 413,
                              "Actual Loops": 3,
                              "Hash Buckets": 1024,
                              "Original Hash Buckets": 1024,
                              "Hash Batches": 1,
                              "Original Hash Batches": 1,
                              "Peak Memory Usage": 38,
                              "Shared Hit Blocks": 672,
                              "Shared Read Blocks": 0,
                              "Shared Dirtied Blocks": 0,
                              "Shared Written Blocks": 0,
                              "Local Hit Blocks": 0,
                              "Local Read Blocks": 0,
                              "Local Dirtied Blocks": 0,
                              "Local Written Blocks": 0,
                              "Temp Read Blocks": 0,
                              "Temp Written Blocks": 0,
                              "Workers": [],
                              "Plans": [
                                {
                                  "Node Type": "Hash Join",
                                  "Parent Relationship": "Outer",
                                  "Parallel Aware": false,
                                  "Async Capable": false,
                                  "Join Type": "Inner",
                                  "Startup Cost": 1.32,
                                  "Total Cost": 380.02,
                                  "Plan Rows": 400,
                                  "Plan Width": 36,
                                  "Actual Startup Time": 0.956,
                                  "Actual Total Time": 4.483,
                                  "Actual Rows": 413,
                                  "Actual Loops": 3,
                                  "Inner Unique": true,
                                  "Hash Cond": "(s.s_nationkey = n_1.n_nationkey)",
                                  "Shared Hit Blocks": 672,
                                  "Shared Read Blocks": 0,
                                  "Shared Dirtied Blocks": 0,
                                  "Shared Written Blocks": 0,
                                  "Local Hit Blocks": 0,
                                  "Local Read Blocks": 0,
                                  "Local Dirtied Blocks": 0,
                                  "Local Written Blocks": 0,
                                  "Temp Read Blocks": 0,
                                  "Temp Written Blocks": 0,
                                  "Workers": [],
                                  "Plans": [
                                    {
                                      "Node Type": "Seq Scan",
                                      "Parent Relationship": "Outer",
                                      "Parallel Aware": false,
                                      "Async Capable": false,
                                      "Relation Name": "supplier",
                                      "Alias": "s",
                                      "Startup Cost": 0.0,
                                      "Total Cost": 348.0,
                                      "Plan Rows": 9999,
                                      "Plan Width": 40,
                                      "Actual Startup Time": 0.548,
                                      "Actual Total Time": 3.26,
                                      "Actual Rows": 10000,
                                      "Actual Loops": 3,
                                      "Filter": "('50000'::numeric >= s_acctbal)",
                                      "Rows Removed by Filter": 0,
                                      "Shared Hit Blocks": 669,
                                      "Shared Read Blocks": 0,
                                      "Shared Dirtied Blocks": 0,
                                      "Shared Written Blocks": 0,
                                      "Local Hit Blocks": 0,
                                      "Local Read Blocks": 0,
                                      "Local Dirtied Blocks": 0,
                                      "Local Written Blocks": 0,
                                      "Temp Read Blocks": 0,
                                      "Temp Written Blocks": 0,
                                      "Workers": []
                                    },
                                    {
                                      "Node Type": "Hash",
                                      "Parent Relationship": "Inner",
                                      "Parallel Aware": false,
                                      "Async Capable": false,
                                      "Startup Cost": 1.31,
                                      "Total Cost": 1.31,
                                      "Plan Rows": 1,
                                      "Plan Width": 4,
                                      "Actual Startup Time": 0.389,
                                      "Actual Total Time": 0.39,
                                      "Actual Rows": 1,
                                      "Actual Loops": 3,
                                      "Hash Buckets": 1024,
                                      "Original Hash Buckets": 1024,
                                      "Hash Batches": 1,
                                      "Original Hash Batches": 1,
                                      "Peak Memory Usage": 9,
                                      "Shared Hit Blocks": 3,
                                      "Shared Read Blocks": 0,
                                      "Shared Dirtied Blocks": 0,
                                      "Shared Written Blocks": 0,
                                      "Local Hit Blocks": 0,
                                      "Local Read Blocks": 0,
                                      "Local Dirtied Blocks": 0,
                                      "Local Written Blocks": 0,
                                      "Temp Read Blocks": 0,
                                      "Temp Written Blocks": 0,
                                      "Workers": [],
                                      "Plans": [
                                        {
                                          "Node Type": "Seq Scan",
                                          "Parent Relationship": "Outer",
                                          "Parallel Aware": false,
                                          "Async Capable": false,
                                          "Relation Name": "nation",
                                          "Alias": "n_1",
                                          "Startup Cost": 0.0,
                                          "Total Cost": 1.31,
                                          "Plan Rows": 1,
                                          "Plan Width": 4,
                                          "Actual Startup Time": 0.374,
                                          "Actual Total Time": 0.378,
                                          "Actual Rows": 1,
                                          "Actual Loops": 3,
                                          "Filter": "(n_name = 'ARGENTINA'::bpchar)",
                                          "Rows Removed by Filter": 24,
                                          "Shared Hit Blocks": 3,
                                          "Shared Read Blocks": 0,
                                          "Shared Dirtied Blocks": 0,
                                          "Shared Written Blocks": 0,
                                          "Local Hit Blocks": 0,
                                          "Local Read Blocks": 0,
                                          "Local Dirtied Blocks": 0,
                                          "Local Written Blocks": 0,
                                          "Temp Read Blocks": 0,
                                          "Temp Written Blocks": 0,
                                          "Workers": []
                                        }
                                      ]
                                    }
                                  ]
                                }
                              ]
                            }
                          ]
                        }
                      ]
                    }
                  ]
                }
              ]
            }
          ]
        }
      ]
    },
    "Planning": {
      "Shared Hit Blocks": 38,
      "Shared Read Blocks": 0,
      "Shared Dirtied Blocks": 0,
      "Shared Written Blocks": 0,
      "Local Hit Blocks": 0,
      "Local Read Blocks": 0,
      "Local Dirtied Blocks": 0,
      "Local Written Blocks": 0,
      "Temp Read Blocks": 0,
      "Temp Written Blocks": 0
    },
    "Planning Time": 1.616,
    "Triggers": [],
    "Execution Time": 571.893
  }
]