[
  {
    "Plan": {
      "Node Type": "Append",
      "Parallel Aware": false,
      "Async Capable": false,
      "Startup Cost": 165018.29,
      "Total Cost": 284179.65,
      "Plan Rows": 15,
      "Plan Width": 45,
      "Actual Startup Time": 916.636,
      "Actual Total Time": 6244.019,
      "Actual Rows": 15,
      "Actual Loops": 1,
      "Shared Hit Blocks": 56349,
      "Shared Read Blocks": 174287,
      "Shared Dirtied Blocks": 0,
      "Shared Written Blocks": 0,
      "Local Hit Blocks": 0,
      "Local Read Blocks": 0,
      "Local Dirtied Blocks": 0,
      "Local Written Blocks": 0,
      "Temp Read Blocks": 1333,
      "Temp Written Blocks": 4882,
      "Subplans Removed": 0,
      "Plans": [
        {
          "Node Type": "Limit",
          "Parent Relationship": "Member",
          "Parallel Aware": false,
          "Async Capable": false,
          "Startup Cost": 165018.29,
          "Total Cost": 165019.46,
          "Plan Rows": 10,
          "Plan Width": 48,
          "Actual Startup Time": 916.635,
          "Actual Total Time": 916.757,
          "Actual Rows": 10,
          "Actual Loops": 1,
          "Shared Hit Blocks": 5850,
          "Shared Read Blocks": 117518,
          "Shared Dirtied Blocks": 0,
          "Shared Written Blocks": 0,
          "Local Hit Blocks": 0,
          "Local Read Blocks": 0,
          "Local Dirtied Blocks": 0,
          "Local Written Blocks": 0,
          "Temp Read Blocks": 0,
          "Temp Written Blocks": 0,
          "Plans": [
            {
              "Node Type": "Gather Merge",
              "Parent Relationship": "Outer",
              "Parallel Aware": false,
              "Async Capable": false,
              "Startup Cost": 165018.29,
              "Total Cost": 165222.94,
              "Plan Rows": 1754,
              "Plan Width": 48,
              "Actual Startup Time": 916.633,
              "Actual Total Time": 916.753,
              "Actual Rows": 10,
              "Actual Loops": 1,
              "Workers Planned": 2,
              "Workers Launched": 2,
              "Shared Hit Blocks": 5850,
              "Shared Read Blocks": 117518,
              "Shared Dirtied Blocks": 0,
              "Shared Written Blocks": 0,
              "Local Hit Blocks": 0,
              "Local Read Blocks": 0,
              "Local Dirtied Blocks": 0,
              "Local Written Blocks": 0,
              "Temp Read Blocks": 0,
              "Temp Written Blocks": 0,
              "Plans": [
                {
                  "Node Type": "Sort",
                  "Parent Relationship": "Outer",
                  "Parallel Aware": false,
                  "Async Capable": false,
                  "Startup Cost": 164018.27,
                  "Total Cost": 164020.46,
                  "Plan Rows": 877,
                  "Plan Width": 48,
                  "Actual Startup Time": 874.641,
                  "Actual Total Time": 874.645,
                  "Actual Rows": 8,
                  "Actual Loops": 3,
                  "Sort Key": [
                    "su.s_name"
                  ],
                  "Sort Method": "top-N heapsort",
                  "Sort Space Used": 26,
                  "Sort Space Type": "Memory",
                  "Shared Hit Blocks": 5850,
                  "Shared Read Blocks": 117518,
                  "Shared Dirtied Blocks": 0,
                  "Shared Written Blocks": 0,
                  "Local Hit Blocks": 0,
                  "Local Read Blocks": 0,
                  "Local Dirtied Blocks": 0,
                  "Local Written Blocks": 0,
                  "Temp Read Blocks": 0,
                  "Temp Written Blocks": 0,
                  "Workers": [
                    {
                      "Worker Number": 0,
                      "Sort Method": "top-N heapsort",
                      "Sort Space Used": 26,
                      "Sort Space Type": "Memory"
                    },
                    {
                      "Worker Number": 1,
                      "Sort Method": "top-N heapsort",
                      "Sort Space Used": 26,
                      "Sort Space Type": "Memory"
                    }
                  ],
                  "Plans": [
                    {
                      "Node Type": "Hash Join",
                      "Parent Relationship": "Outer",
                      "Parallel Aware": false,
                      "Async Capable": false,
                      "Join Type": "Inner",
                      "Startup Cost": 1264.02,
                      "Total Cost": 163999.32,
                      "Plan Rows": 877,
                      "Plan Width": 48,
                      "Actual Startup Time": 18.433,
                      "Actual Total Time": 873.032,
                      "Actual Rows": 145,
                      "Actual Loops": 3,
                      "Inner Unique": true,
                      "Hash Cond": "(li.l_suppkey = su.s_suppkey)",
                      "Join Filter": "(su.s_acctbal >= li.l_extendedprice)",
                      "Rows Removed by Join Filter": 2132,
                      "Shared Hit Blocks": 5836,
                      "Shared Read Blocks": 117518,
                      "Shared Dirtied Blocks": 0,
                      "Shared Written Blocks": 0,
                      "Local Hit Blocks": 0,
                      "Local Read Blocks": 0,
                      "Local Dirtied Blocks": 0,
                      "Local Written Blocks": 0,
                      "Temp Read Blocks": 0,
                      "Temp Written Blocks": 0,
                      "Workers": [],
                      "Plans": [
                        {
                          "Node Type": "Hash Join",
                          "Parent Relationship": "Outer",
                          "Parallel Aware": false,
                          "Async Capable": false,
                          "Join Type": "Inner",
                          "Startup Cost": 816.02,
                          "Total Cost": 163544.41,
                          "Plan Rows": 2630,
                          "Plan Width": 34,
                          "Actual Startup Time": 6.369,
                          "Actual Total Time": 865.555,
                          "Actual Rows": 2277,
                          "Actual Loops": 3,
                          "Inner Unique": true,
                          "Hash Cond": "(li.l_partkey = pa.p_partkey)",
                          "Shared Hit Blocks": 5071,
                          "Shared Read Blocks": 117518,
                          "Shared Dirtied Blocks": 0,
                          "Shared Written Blocks": 0,
                          "Local Hit Blocks": 0,
                          "Local Read Blocks": 0,
                          "Local Dirtied Blocks": 0,
                          "Local Written Blocks": 0,
                          "Temp Read Blocks": 0,
                          "Temp Written Blocks": 0,
                          "Workers": [],
                          "Plans": [
                            {
                              "Node Type": "Seq Scan",
                              "Parent Relationship": "Outer",
                              "Parallel Aware": true,
                              "Async Capable": false,
                              "Relation Name": "lineitem",
                              "Alias": "li",
                              "Startup Cost": 0.0,
                              "Total Cost": 158995.74,
                              "Plan Rows": 1421933,
                              "Plan Width": 27,
                              "Actual Startup Time": 0.74,
                              "Actual Total Time": 753.734,
                              "Actual Rows": 1141399,
                              "Actual Loops": 3,
                              "Filter": "((l_shipdate > '1995-01-01'::date) AND (l_suppkey < 14000))",
                              "Rows Removed by Filter": 859006,
                              "Shared Hit Blocks": 4332,
                              "Shared Read Blocks": 117154,
                              "Shared Dirtied Blocks": 0,
                              "Shared Written Blocks": 0,
                              "Local Hit Blocks": 0,
                              "Local Read Blocks": 0,
                              "Local Dirtied Blocks": 0,
                              "Local Written Blocks": 0,
                              "Temp Read Blocks": 0,
                              "Temp Written Blocks": 0,
                              "Workers": []
                            },
                            {
                              "Node Type": "Hash",
                              "Parent Relationship": "Inner",
                              "Parallel Aware": false,
                              "Async Capable": false,
                              "Startup Cost": 811.4,
                              "Total Cost": 811.4,
                              "Plan Rows": 370,
                              "Plan Width": 15,
                              "Actual Startup Time": 5.459,
                              "Actual Total Time": 5.46,
                              "Actual Rows": 405,
                              "Actual Loops": 3,
                              "Hash Buckets": 1024,
                              "Original Hash Buckets": 1024,
                              "Hash Batches": 1,
                              "Original Hash Batches": 1,
                              "Peak Memory Usage": 27,
                              "Shared Hit Blocks": 739,
                              "Shared Read Blocks": 364,
                              "Shared Dirtied Blocks": 0,
                              "Shared Written Blocks": 0,
                              "Local Hit Blocks": 0,
                              "Local Read Blocks": 0,
                              "Local Dirtied Blocks": 0,
                              "Local Written Blocks": 0,
                              "Temp Read Blocks": 0,
                              "Temp Written Blocks": 0,
                              "Workers": [],
                              "Plans": [
                                {
                                  "Node Type": "Index Scan",
                                  "Parent Relationship": "Outer",
                                  "Parallel Aware": false,
                                  "Async Capable": false,
                                  "Scan Direction": "Forward",
                                  "Index Name": "pk_part",
                                  "Relation Name": "part",
                                  "Alias": "pa",
                                  "Startup Cost": 0.42,
                                  "Total Cost": 811.4,
                                  "Plan Rows": 370,
                                  "Plan Width": 15,
                                  "Actual Startup Time": 0.358,
                                  "Actual Total Time": 5.326,
                                  "Actual Rows": 405,
                                  "Actual Loops": 3,
                                  "Index Cond": "(p_partkey < 15000)",
                                  "Rows Removed by Index Recheck": 0,
                                  "Filter": "(p_container = 'LG CAN'::bpchar)",
                                  "Rows Removed by Filter": 14594,
                                  "Shared Hit Blocks": 739,
                                  "Shared Read Blocks": 364,
                                  "Shared Dirtied Blocks": 0,
                                  "Shared Written Blocks": 0,
                                  "Local Hit Blocks": 0,
                                  "Local Read Blocks": 0,
                                  "Local Dirtied Blocks": 0,
                                  "Local Written Blocks": 0,
                                  "Temp Read Blocks": 0,
                                  "Temp Written Blocks": 0,
                                  "Workers": []
                                }
                              ]
                            }
                          ]
                        },
                        {
                          "Node Type": "Hash",
                          "Parent Relationship": "Inner",
                          "Parallel Aware": false,
                          "Async Capable": false,
                          "Startup Cost": 323.0,
                          "Total Cost": 323.0,
                          "Plan Rows": 10000,
                          "Plan Width": 36,
                          "Actual Startup Time": 3.576,
                          "Actual Total Time": 3.577,
                          "Actual Rows": 10000,
                          "Actual Loops": 3,
                          "Hash Buckets": 16384,
                          "Original Hash Buckets": 16384,
                          "Hash Batches": 1,
                          "Original Hash Batches": 1,
                          "Peak Memory Usage": 822,
                          "Shared Hit Blocks": 669,
                          "Shared Read Blocks": 0,
                          "Shared Dirtied Blocks": 0,
                          "Shared Written Blocks": 0,
                          "Local Hit Blocks": 0,
                          "Local Read Blocks": 0,
                          "Local Dirtied Blocks": 0,
                          "Local Written Blocks": 0,
                          "Temp Read Blocks": 0,
                          "Temp Written Blocks": 0,
                          "Workers": [],
                          "Plans": [
                            {
                              "Node Type": "Seq Scan",
                              "Parent Relationship": "Outer",
                              "Parallel Aware": false,
                              "Async Capable": false,
                              "Relation Name": "supplier",
                              "Alias": "su",
                              "Startup Cost": 0.0,
                              "Total Cost": 323.0,
                              "Plan Rows": 10000,
                              "Plan Width": 36,
                              "Actual Startup Time": 0.429,
                              "Actual Total Time": 2.072,
                              "Actual Rows": 10000,
                              "Actual Loops": 3,
                              "Shared Hit Blocks": 669,
                              "Shared Read Blocks": 0,
                              "Shared Dirtied Blocks": 0,
                              "Shared Written Blocks": 0,
                              "Local Hit Blocks": 0,
                              "Local Read Blocks": 0,
                              "Local Dirtied Blocks": 0,
                              "Local Written Blocks": 0,
                              "Temp Read Blocks": 0,
                              "Temp Written Blocks": 0,
                              "Workers": []
                            }
                          ]
                        }
                      ]
                    }
                  ]
                }
              ]
            }
          ]
        },
        {
          "Node Type": "Limit",
          "Parent Relationship": "Member",
          "Parallel Aware": false,
          "Async Capable": false,
          "Startup Cost": 88615.11,
          "Total Cost": 119160.12,
          "Plan Rows": 5,
          "Plan Width": 38,
          "Actual Startup Time": 3207.836,
          "Actual Total Time": 5327.253,
          "Actual Rows": 5,
          "Actual Loops": 1,
          "Shared Hit Blocks": 50499,
          "Shared Read Blocks": 56769,
          "Shared Dirtied Blocks": 0,
          "Shared Written Blocks": 0,
          "Local Hit Blocks": 0,
          "Local Read Blocks": 0,
          "Local Dirtied Blocks": 0,
          "Local Written Blocks": 0,
          "Temp Read Blocks": 1333,
          "Temp Written Blocks": 4882,
          "Plans": [
            {
              "Node Type": "Nested Loop",
              "Parent Relationship": "Outer",
              "Parallel Aware": false,
              "Async Capable": false,
              "Join Type": "Inner",
              "Startup Cost": 88615.11,
              "Total Cost": 2061822.97,
              "Plan Rows": 323,
              "Plan Width": 38,
              "Actual Startup Time": 3207.835,
              "Actual Total Time": 5327.247,
              "Actual Rows": 5,
              "Actual Loops": 1,
              "Inner Unique": true,
              "Shared Hit Blocks": 50499,
              "Shared Read Blocks": 56769,
              "Shared Dirtied Blocks": 0,
              "Shared Written Blocks": 0,
              "Local Hit Blocks": 0,
              "Local Read Blocks": 0,
              "Local Dirtied Blocks": 0,
              "Local Written Blocks": 0,
              "Temp Read Blocks": 1333,
              "Temp Written Blocks": 4882,
              "Plans": [
                {
                  "Node Type": "Nested Loop",
                  "Parent Relationship": "Outer",
                  "Parallel Aware": false,
                  "Async Capable": false,
                  "Join Type": "Inner",
                  "Startup Cost": 88614.69,
                  "Total Cost": 1694951.12,
                  "Plan Rows": 796352,
                  "Plan Width": 39,
                  "Actual Startup Time": 1247.618,
                  "Actual Total Time": 5250.787,
                  "Actual Rows": 54769,
                  "Actual Loops": 1,
                  "Inner Unique": false,
                  "Shared Hit Blocks": 39583,
                  "Shared Read Blocks": 56769,
                  "Shared Dirtied Blocks": 0,
                  "Shared Written Blocks": 0,
                  "Local Hit Blocks": 0,
                  "Local Read Blocks": 0,
                  "Local Dirtied Blocks": 0,
                  "Local Written Blocks": 0,
                  "Temp Read Blocks": 1333,
                  "Temp Written Blocks": 4882,
                  "Plans": [
                    {
                      "Node Type": "Gather Merge",
                      "Parent Relationship": "Outer",
                      "Parallel Aware": false,
                      "Async Capable": false,
                      "Startup Cost": 88614.25,
                      "Total Cost": 210914.77,
                      "Plan Rows": 1050092,
                      "Plan Width": 28,
                      "Actual Startup Time": 1244.525,
                      "Actual Total Time": 1286.619,
                      "Actual Rows": 16708,
                      "Actual Loops": 1,
                      "Workers Planned": 2,
                      "Workers Launched": 2,
                      "Shared Hit Blocks": 1154,
                      "Shared Read Blocks": 27296,
                      "Shared Dirtied Blocks": 0,
                      "Shared Written Blocks": 0,
                      "Local Hit Blocks": 0,
                      "Local Read Blocks": 0,
                      "Local Dirtied Blocks": 0,
                      "Local Written Blocks": 0,
                      "Temp Read Blocks": 1333,
                      "Temp Written Blocks": 4882,
                      "Plans": [
                        {
                          "Node Type": "Sort",
                          "Parent Relationship": "Outer",
                          "Parallel Aware": false,
                          "Async Capable": false,
                          "Startup Cost": 87614.23,
                          "Total Cost": 88708.07,
                          "Plan Rows": 437538,
                          "Plan Width": 28,
                          "Actual Startup Time": 1104.083,
                          "Actual Total Time": 1107.654,
                          "Actual Rows": 6248,
                          "Actual Loops": 3,
                          "Sort Key": [
                            "o.o_clerk"
                          ],
                          "Sort Method": "external merge",
                          "Sort Space Used": 10464,
                          "Sort Space Type": "Disk",
                          "Shared Hit Blocks": 1154,
                          "Shared Read Blocks": 27296,
                          "Shared Dirtied Blocks": 0,
                          "Shared Written Blocks": 0,
                          "Local Hit Blocks": 0,
                          "Local Read Blocks": 0,
                          "Local Dirtied Blocks": 0,
                          "Local Written Blocks": 0,
                          "Temp Read Blocks": 1333,
                          "Temp Written Blocks": 4882,
                          "Workers": [
                            {
                              "Worker Number": 0,
                              "Sort Method": "external merge",
                              "Sort Space Used": 14640,
                              "Sort Space Type": "Disk"
                            },
                            {
                              "Worker Number": 1,
                              "Sort Method": "external merge",
                              "Sort Space Used": 13816,
                              "Sort Space Type": "Disk"
                            }
                          ],
                          "Plans": [
                            {
                              "Node Type": "Seq Scan",
                              "Parent Relationship": "Outer",
                              "Parallel Aware": true,
                              "Async Capable": false,
                              "Relation Name": "orders",
                              "Alias": "o",
                              "Startup Cost": 0.0,
                              "Total Cost": 36150.5,
                              "Plan Rows": 437538,
                              "Plan Width": 28,
                              "Actual Startup Time": 0.45,
                              "Actual Total Time": 132.386,
                              "Actual Rows": 348544,
                              "Actual Loops": 3,
                              "Filter": "(o_orderdate > '1994-01-01'::date)",
                              "Rows Removed by Filter": 151456,
                              "Shared Hit Blocks": 1042,
                              "Shared Read Blocks": 27296,
                              "Shared Dirtied Blocks": 0,
                              "Shared Written Blocks": 0,
                              "Local Hit Blocks": 0,
                              "Local Read Blocks": 0,
                              "Local Dirtied Blocks": 0,
                              "Local Written Blocks": 0,
                              "Temp Read Blocks": 0,
                              "Temp Written Blocks": 0,
                              "Workers": []
                            }
                          ]
                        }
                      ]
                    },
                    {
                      "Node Type": "Index Scan",
                      "Parent Relationship": "Inner",
                      "Parallel Aware": false,
                      "Async Capable": false,
                      "Scan Direction": "Forward",
                      "Index Name": "pk_lineitem",
                      "Relation Name": "lineitem",
                      "Alias": "l",
                      "Startup Cost": 0.43,
                      "Total Cost": 1.38,
                      "Plan Rows": 3,
                      "Plan Width": 35,
                      "Actual Startup Time": 0.233,
                      "Actual Total Time": 0.235,
                      "Actual Rows": 3,
                      "Actual Loops": 16708,
                      "Index Cond": "(l_orderkey = o.o_orderkey)",
                      "Rows Removed by Index Recheck": 0,
                      "Filter": "((l_shipdate > '1995-01-01'::date) AND (l_suppkey < 10000) AND (l_shipdate >= o.o_orderdate))",
                      "Rows Removed by Filter": 1,
                      "Shared Hit Blocks": 38429,
                      "Shared Read Blocks": 29473,
                      "Shared Dirtied Blocks": 0,
                      "Shared Written Blocks": 0,
                      "Local Hit Blocks": 0,
                      "Local Read Blocks": 0,
                      "Local Dirtied Blocks": 0,
                      "Local Written Blocks": 0,
                      "Temp Read Blocks": 0,
                      "Temp Written Blocks": 0
                    }
                  ]
                },
                {
                  "Node Type": "Index Scan",
                  "Parent Relationship": "Inner",
                  "Parallel Aware": false,
                  "Async Capable": false,
                  "Scan Direction": "Forward",
                  "Index Name": "pk_part",
                  "Relation Name": "part",
                  "Alias": "p",
                  "Startup Cost": 0.42,
                  "Total Cost": 0.45,
                  "Plan Rows": 1,
                  "Plan Width": 21,
                  "Actual Startup Time": 0.001,
                  "Actual Total Time": 0.001,
                  "Actual Rows": 0,
                  "Actual Loops": 54769,
                  "Index Cond": "((p_partkey = l.l_partkey) AND (p_partkey < 10000))",
                  "Rows Removed by Index Recheck": 0,
                  "Filter": "((p_container = 'LG CAN'::bpchar) AND (p_retailprice >= l.l_extendedprice))",
                  "Rows Removed by Filter": 0,
                  "Shared Hit Blocks": 10916,
                  "Shared Read Blocks": 0,
                  "Shared Dirtied Blocks": 0,
                  "Shared Written Blocks": 0,
                  "Local Hit Blocks": 0,
                  "Local Read Blocks": 0,
                  "Local Dirtied Blocks": 0,
                  "Local Written Blocks": 0,
                  "Temp Read Blocks": 0,
                  "Temp Written Blocks": 0
                }
              ]
            }
          ]
        }
      ]
    },
    "Planning": {
      "Shared Hit Blocks": 41,
      "Shared Read Blocks": 0,
      "Shared Dirtied Blocks": 0,
      "Shared Written Blocks": 0,
      "Local Hit Blocks": 0,
      "Local Read Blocks": 0,
      "Local Dirtied Blocks": 0,
      "Local Written Blocks": 0,
      "Temp Read Blocks": 0,
      "Temp Written Blocks": 0
    },
    "Planning Time": 0.573,
    "Triggers": [],
    "Execution Time": 6247.796
  }
]