[
  {
    "Plan": {
      "Node Type": "Append",
      "Parallel Aware": false,
      "Async Capable": false,
      "Startup Cost": 41912.24,
      "Total Cost": 195993.67,
      "Plan Rows": 126,
      "Plan Width": 19,
      "Actual Startup Time": 231.247,
      "Actual Total Time": 1016.471,
      "Actual Rows": 191,
      "Actual Loops": 1,
      "Shared Hit Blocks": 9362,
      "Shared Read Blocks": 144585,
      "Shared Dirtied Blocks": 0,
      "Shared Written Blocks": 0,
      "Local Hit Blocks": 0,
      "Local Read Blocks": 0,
      "Local Dirtied Blocks": 0,
      "Local Written Blocks": 0,
      "Temp Read Blocks": 0,
      "Temp Written Blocks": 0,
      "Subplans Removed": 0,
      "Plans": [
        {
          "Node Type": "Limit",
          "Parent Relationship": "Member",
          "Parallel Aware": false,
          "Async Capable": false,
          "Startup Cost": 41912.24,
          "Total Cost": 41921.11,
          "Plan Rows": 76,
          "Plan Width": 18,
          "Actual Startup Time": 231.246,
          "Actual Total Time": 231.8,
          "Actual Rows": 91,
          "Actual Loops": 1,
          "Shared Hit Blocks": 213,
          "Shared Read Blocks": 32108,
          "Shared Dirtied Blocks": 0,
          "Shared Written Blocks": 0,
          "Local Hit Blocks": 0,
          "Local Read Blocks": 0,
          "Local Dirtied Blocks": 0,
          "Local Written Blocks": 0,
          "Temp Read Blocks": 0,
          "Temp Written Blocks": 0,
          "Plans": [
            {
              "Node Type": "Gather Merge",
              "Parent Relationship": "Outer",
              "Parallel Aware": false,
              "Async Capable": false,
              "Startup Cost": 41912.24,
              "Total Cost": 41921.11,
              "Plan Rows": 76,
              "Plan Width": 18,
              "Actual Startup Time": 231.243,
              "Actual Total Time": 231.787,
              "Actual Rows": 91,
              "Actual Loops": 1,
              "Workers Planned": 2,
              "Workers Launched": 2,
              "Shared Hit Blocks": 213,
              "Shared Read Blocks": 32108,
              "Shared Dirtied Blocks": 0,
              "Shared Written Blocks": 0,
              "Local Hit Blocks": 0,
              "Local Read Blocks": 0,
              "Local Dirtied Blocks": 0,
              "Local Written Blocks": 0,
              "Temp Read Blocks": 0,
              "Temp Written Blocks": 0,
              "Plans": [
                {
                  "Node Type": "Sort",
                  "Parent Relationship": "Outer",
                  "Parallel Aware": false,
                  "Async Capable": false,
                  "Startup Cost": 40912.22,
                  "Total Cost": 40912.31,
                  "Plan Rows": 38,
                  "Plan Width": 18,
                  "Actual Startup Time": 176.79,
                  "Actual Total Time": 176.795,
                  "Actual Rows": 30,
                  "Actual Loops": 3,
                  "Sort Key": [
                    "c.c_acctbal DESC",
                    "o.o_orderkey",
                    "c.c_custkey"
                  ],
                  "Sort Method": "quicksort",
                  "Sort Space Used": 26,
                  "Sort Space Type": "Memory",
                  "Shared Hit Blocks": 213,
                  "Shared Read Blocks": 32108,
                  "Shared Dirtied Blocks": 0,
                  "Shared Written Blocks": 0,
                  "Local Hit Blocks": 0,
                  "Local Read Blocks": 0,
                  "Local Dirtied Blocks": 0,
                  "Local Written Blocks": 0,
                  "Temp Read Blocks": 0,
                  "Temp Written Blocks": 0,
                  "Workers": [
                    {
                      "Worker Number": 0,
                      "Sort Method": "quicksort",
                      "Sort Space Used": 27,
                      "Sort Space Type": "Memory"
                    },
                    {
                      "Worker Number": 1,
                      "Sort Method": "quicksort",
                      "Sort Space Used": 26,
                      "Sort Space Type": "Memory"
                    }
                  ],
                  "Plans": [
                    {
                      "Node Type": "Hash Join",
                      "Parent Relationship": "Outer",
                      "Parallel Aware": true,
                      "Async Capable": false,
                      "Join Type": "Right",
                      "Startup Cost": 4682.55,
                      "Total Cost": 40911.22,
                      "Plan Rows": 38,
                      "Plan Width": 18,
                      "Actual Startup Time": 24.26,
                      "Actual Total Time": 175.181,
                      "Actual Rows": 30,
                      "Actual Loops": 3,
                      "Inner Unique": true,
                      "Hash Cond": "(o.o_custkey = c.c_custkey)",
                      "Shared Hit Blocks": 85,
                      "Shared Read Blocks": 32094,
                      "Shared Dirtied Blocks": 0,
                      "Shared Written Blocks": 0,
                      "Local Hit Blocks": 0,
                      "Local Read Blocks": 0,
                      "Local Dirtied Blocks": 0,
                      "Local Written Blocks": 0,
                      "Temp Read Blocks": 0,
                      "Temp Written Blocks": 0,
                      "Workers": [],
                      "Plans": [
                        {
                          "Node Type": "Seq Scan",
                          "Parent Relationship": "Outer",
                          "Parallel Aware": true,
                          "Async Capable": false,
                          "Relation Name": "orders",
                          "Alias": "o",
                          "Startup Cost": 0.0,
                          "Total Cost": 34588.0,
                          "Plan Rows": 625000,
                          "Plan Width": 12,
                          "Actual Startup Time": 0.767,
                          "Actual Total Time": 96.184,
                          "Actual Rows": 500000,
                          "Actual Loops": 3,
                          "Shared Hit Blocks": 0,
                          "Shared Read Blocks": 28338,
                          "Shared Dirtied Blocks": 0,
                          "Shared Written Blocks": 0,
                          "Local Hit Blocks": 0,
                          "Local Read Blocks": 0,
                          "Local Dirtied Blocks": 0,
                          "Local Written Blocks": 0,
                          "Temp Read Blocks": 0,
                          "Temp Written Blocks": 0,
                          "Workers": []
                        },
                        {
                          "Node Type": "Hash",
                          "Parent Relationship": "Inner",
                          "Parallel Aware": true,
                          "Async Capable": false,
                          "Startup Cost": 4682.5,
                          "Total Cost": 4682.5,
                          "Plan Rows": 4,
                          "Plan Width": 10,
                          "Actual Startup Time": 17.225,
                          "Actual Total Time": 17.226,
                          "Actual Rows": 3,
                          "Actual Loops": 3,
                          "Hash Buckets": 1024,
                          "Original Hash Buckets": 1024,
                          "Hash Batches": 1,
                          "Original Hash Batches": 1,
                          "Peak Memory Usage": 40,
                          "Shared Hit Blocks": 0,
                          "Shared Read Blocks": 3745,
                          "Shared Dirtied Blocks": 0,
                          "Shared Written Blocks": 0,
                          "Local Hit Blocks": 0,
                          "Local Read Blocks": 0,
                          "Local Dirtied Blocks": 0,
                          "Local Written Blocks": 0,
                          "Temp Read Blocks": 0,
                          "Temp Written Blocks": 0,
                          "Workers": [],
                          "Plans": [
                            {
                              "Node Type": "Seq Scan",
                              "Parent Relationship": "Outer",
                              "Parallel Aware": true,
                              "Async Capable": false,
                              "Relation Name": "customer",
                              "Alias": "c",
                              "Startup Cost": 0.0,
                              "Total Cost": 4682.5,
                              "Plan Rows": 4,
                              "Plan Width": 10,
                              "Actual Startup Time": 0.349,
                              "Actual Total Time": 51.6,
                              "Actual Rows": 9,
                              "Actual Loops": 1,
                              "Filter": "((c_custkey >= 1001) AND (c_custkey <= 1009))",
                              "Rows Removed by Filter": 149991,
                              "Shared Hit Blocks": 0,
                              "Shared Read Blocks": 3745,
                              "Shared Dirtied Blocks": 0,
                              "Shared Written Blocks": 0,
                              "Local Hit Blocks": 0,
                              "Local Read Blocks": 0,
                              "Local Dirtied Blocks": 0,
                              "Local Written Blocks": 0,
                              "Temp Read Blocks": 0,
                              "Temp Written Blocks": 0,
                              "Workers": []
                            }
                          ]
                        }
                      ]
                    }
                  ]
                }
              ]
            }
          ]
        },
        {
          "Node Type": "Limit",
          "Parent Relationship": "Member",
          "Parallel Aware": false,
          "Async Capable": false,
          "Startup Cost": 154066.09,
          "Total Cost": 154071.93,
          "Plan Rows": 50,
          "Plan Width": 20,
          "Actual Startup Time": 778.069,
          "Actual Total Time": 784.636,
          "Actual Rows": 100,
          "Actual Loops": 1,
          "Shared Hit Blocks": 9149,
          "Shared Read Blocks": 112477,
          "Shared Dirtied Blocks": 0,
          "Shared Written Blocks": 0,
          "Local Hit Blocks": 0,
          "Local Read Blocks": 0,
          "Local Dirtied Blocks": 0,
          "Local Written Blocks": 0,
          "Temp Read Blocks": 0,
          "Temp Written Blocks": 0,
          "Plans": [
            {
              "Node Type": "Gather Merge",
              "Parent Relationship": "Outer",
              "Parallel Aware": false,
              "Async Capable": false,
              "Startup Cost": 154066.09,
              "Total Cost": 154071.93,
              "Plan Rows": 50,
              "Plan Width": 20,
              "Actual Startup Time": 778.067,
              "Actual Total Time": 784.622,
              "Actual Rows": 100,
              "Actual Loops": 1,
              "Workers Planned": 2,
              "Workers Launched": 2,
              "Shared Hit Blocks": 9149,
              "Shared Read Blocks": 112477,
              "Shared Dirtied Blocks": 0,
              "Shared Written Blocks": 0,
              "Local Hit Blocks": 0,
              "Local Read Blocks": 0,
              "Local Dirtied Blocks": 0,
              "Local Written Blocks": 0,
              "Temp Read Blocks": 0,
              "Temp Written Blocks": 0,
              "Plans": [
                {
                  "Node Type": "Sort",
                  "Parent Relationship": "Outer",
                  "Parallel Aware": false,
                  "Async Capable": false,
                  "Startup Cost": 153066.07,
                  "Total Cost": 153066.13,
                  "Plan Rows": 25,
                  "Plan Width": 20,
                  "Actual Startup Time": 741.856,
                  "Actual Total Time": 741.861,
                  "Actual Rows": 33,
                  "Actual Loops": 3,
                  "Sort Key": [
                    "l.l_orderkey",
                    "l.l_extendedprice DESC"
                  ],
                  "Sort Method": "quicksort",
                  "Sort Space Used": 26,
                  "Sort Space Type": "Memory",
                  "Shared Hit Blocks": 9149,
                  "Shared Read Blocks": 112477,
                  "Shared Dirtied Blocks": 0,
                  "Shared Written Blocks": 0,
                  "Local Hit Blocks": 0,
                  "Local Read Blocks": 0,
                  "Local Dirtied Blocks": 0,
                  "Local Written Blocks": 0,
                  "Temp Read Blocks": 0,
                  "Temp Written Blocks": 0,
                  "Workers": [
                    {
                      "Worker Number": 0,
                      "Sort Method": "quicksort",
                      "Sort Space Used": 27,
                      "Sort Space Type": "Memory"
                    },
                    {
                      "Worker Number": 1,
                      "Sort Method": "quicksort",
                      "Sort Space Used": 28,
                      "Sort Space Type": "Memory"
                    }
                  ],
                  "Plans": [
                    {
                      "Node Type": "Hash Join",
                      "Parent Relationship": "Outer",
                      "Parallel Aware": false,
                      "Async Capable": false,
                      "Join Type": "Inner",
                      "Startup Cost": 8.65,
                      "Total Cost": 153065.49,
                      "Plan Rows": 25,
                      "Plan Width": 20,
                      "Actual Startup Time": 35.297,
                      "Actual Total Time": 741.598,
                      "Actual Rows": 33,
                      "Actual Loops": 3,
                      "Inner Unique": true,
                      "Hash Cond": "(l.l_partkey = p.p_partkey)",
                      "Shared Hit Blocks": 9119,
                      "Shared Read Blocks": 112477,
                      "Shared Dirtied Blocks": 0,
                      "Shared Written Blocks": 0,
                      "Local Hit Blocks": 0,
                      "Local Read Blocks": 0,
                      "Local Dirtied Blocks": 0,
                      "Local Written Blocks": 0,
                      "Temp Read Blocks": 0,
                      "Temp Written Blocks": 0,
                      "Workers": [],
                      "Plans": [
                        {
                          "Node Type": "Seq Scan",
                          "Parent Relationship": "Outer",
                          "Parallel Aware": true,
                          "Async Capable": false,
                          "Relation Name": "lineitem",
                          "Alias": "l",
                          "Startup Cost": 0.0,
                          "Total Cost": 146492.49,
                          "Plan Rows": 2500649,
                          "Plan Width": 20,
                          "Actual Startup Time": 0.606,
                          "Actual Total Time": 564.855,
                          "Actual Rows": 2000405,
                          "Actual Loops": 3,
                          "Shared Hit Blocks": 9010,
                          "Shared Read Blocks": 112476,
                          "Shared Dirtied Blocks": 0,
                          "Shared Written Blocks": 0,
                          "Local Hit Blocks": 0,
                          "Local Read Blocks": 0,
                          "Local Dirtied Blocks": 0,
                          "Local Written Blocks": 0,
                          "Temp Read Blocks": 0,
                          "Temp Written Blocks": 0,
                          "Workers": []
                        },
                        {
                          "Node Type": "Hash",
                          "Parent Relationship": "Inner",
                          "Parallel Aware": false,
                          "Async Capable": false,
                          "Startup Cost": 8.63,
                          "Total Cost": 8.63,
                          "Plan Rows": 2,
                          "Plan Width": 4,
                          "Actual Startup Time": 0.302,
                          "Actual Total Time": 0.302,
                          "Actual Rows": 3,
                          "Actual Loops": 3,
                          "Hash Buckets": 1024,
                          "Original Hash Buckets": 1024,
                          "Hash Batches": 1,
                          "Original Hash Batches": 1,
                          "Peak Memory Usage": 9,
                          "Shared Hit Blocks": 13,
                          "Shared Read Blocks": 1,
                          "Shared Dirtied Blocks": 0,
                          "Shared Written Blocks": 0,
                          "Local Hit Blocks": 0,
                          "Local Read Blocks": 0,
                          "Local Dirtied Blocks": 0,
                          "Local Written Blocks": 0,
                          "Temp Read Blocks": 0,
                          "Temp Written Blocks": 0,
                          "Workers": [],
                          "Plans": [
                            {
                              "Node Type": "Index Scan",
                              "Parent Relationship": "Outer",
                              "Parallel Aware": false,
                              "Async Capable": false,
                              "Scan Direction": "Forward",
                              "Index Name": "pk_part",
                              "Relation Name": "part",
                              "Alias": "p",
                              "Startup Cost": 0.42,
                              "Total Cost": 8.63,
                              "Plan Rows": 2,
                              "Plan Width": 4,
                              "Actual Startup Time": 0.288,
                              "Actual Total Time": 0.292,
                              "Actual Rows": 3,
                              "Actual Loops": 3,
                              "Index Cond": "((p_partkey >= 3001) AND (p_partkey <= 3009))",
                              "Rows Removed by Index Recheck": 0,
                              "Filter": "(p_container ~~ 'JUMBO%'::text)",
                              "Rows Removed by Filter": 6,
                              "Shared Hit Blocks": 13,
                              "Shared Read Blocks": 1,
                              "Shared Dirtied Blocks": 0,
                              "Shared Written Blocks": 0,
                              "Local Hit Blocks": 0,
                              "Local Read Blocks": 0,
                              "Local Dirtied Blocks": 0,
                              "Local Written Blocks": 0,
                              "Temp Read Blocks": 0,
                              "Temp Written Blocks": 0,
                              "Workers": []
                            }
                          ]
                        }
                      ]
                    }
                  ]
                }
              ]
            }
          ]
        }
      ]
    },
    "Planning": {
      "Shared Hit Blocks": 16,
      "Shared Read Blocks": 8,
      "Shared Dirtied Blocks": 0,
      "Shared Written Blocks": 0,
      "Local Hit Blocks": 0,
      "Local Read Blocks": 0,
      "Local Dirtied Blocks": 0,
      "Local Written Blocks": 0,
      "Temp Read Blocks": 0,
      "Temp Written Blocks": 0
    },
    "Planning Time": 0.742,
    "Triggers": [],
    "Execution Time": 1016.618
  }
]