{
  "Node Type": "Limit",
  "Parallel Aware": false,
  "Async Capable": false,
  "Startup Cost": 1.56,
  "Total Cost": 14.71,
  "Plan Rows": 200,
  "Plan Width": 32,
  "Plans": [
    {
      "Node Type": "Hash Join",
      "Parent Relationship": "Outer",
      "Parallel Aware": false,
      "Async Capable": false,
      "Join Type": "Inner",
      "Startup Cost": 1.56,
      "Total Cost": 6368.19,
      "Plan Rows": 96842,
      "Plan Width": 32,
      "Inner Unique": true,
      "Hash Cond": "(c.c_nationkey = n.n_nationkey)",
      "Plans": [
        {
          "Node Type": "Seq Scan",
          "Parent Relationship": "Outer",
          "Parallel Aware": false,
          "Async Capable": false,
          "Relation Name": "customer",
          "Alias": "c",
          "Startup Cost": 0.0,
          "Total Cost": 5995.0,
          "Plan Rows": 121052,
          "Plan Width": 10,
          "Filter": "((c_nationkey > 3) AND (c_nationkey <> 10))",
          "Rows Removed by Filter": 81
        },
        {
          "Node Type": "Hash",
          "Parent Relationship": "Inner",
          "Parallel Aware": false,
          "Async Capable": false,
          "Startup Cost": 1.31,
          "Total Cost": 1.31,
          "Plan Rows": 20,
          "Plan Width": 30,
          "Hash Buckets": 1024,
          "Original Hash Buckets": 1024,
          "Hash Batches": 1,
          "Original Hash Batches": 1,
          "Peak Memory Usage": 10,
          "Plans": [
            {
              "Node Type": "Seq Scan",
              "Parent Relationship": "Outer",
              "Parallel Aware": false,
              "Async Capable": false,
              "Relation Name": "nation",
              "Alias": "n",
              "Startup Cost": 0.0,
              "Total Cost": 1.31,
              "Plan Rows": 20,
              "Plan Width": 30,
              "Filter": "(n_nationkey < 20)",
              "Rows Removed by Filter": 5
            }
          ]
        }
      ]
    }
  ]
}