{
  "Node Type": "Limit",
  "Parallel Aware": false,
  "Async Capable": false,
  "Startup Cost": 212626.09,
  "Total Cost": 212626.14,
  "Plan Rows": 20,
  "Plan Width": 197,
  "Plans": [
    {
      "Node Type": "Sort",
      "Parent Relationship": "Outer",
      "Parallel Aware": false,
      "Async Capable": false,
      "Startup Cost": 212626.09,
      "Total Cost": 212771.72,
      "Plan Rows": 58253,
      "Plan Width": 197,
      "Sort Key": [
        "(sum((l.l_extendedprice * ('1'::numeric - l.l_discount)))) DESC"
      ],
      "Sort Method": "top-N heapsort",
      "Sort Space Used": 34,
      "Sort Space Type": "Memory",
      "Plans": [
        {
          "Node Type": "Aggregate",
          "Strategy": "Sorted",
          "Partial Mode": "Finalize",
          "Parent Relationship": "Outer",
          "Parallel Aware": false,
          "Async Capable": false,
          "Startup Cost": 202863.57,
          "Total Cost": 211076.0,
          "Plan Rows": 58253,
          "Plan Width": 197,
          "Group Key": [
            "c.c_name",
            "c.c_acctbal",
            "c.c_phone",
            "n.n_name",
            "c.c_address",
            "c.c_comment"
          ],
          "Plans": [
            {
              "Node Type": "Gather Merge",
              "Parent Relationship": "Outer",
              "Parallel Aware": false,
              "Async Capable": false,
              "Startup Cost": 202863.57,
              "Total Cost": 209376.96,
              "Plan Rows": 48544,
              "Plan Width": 197,
              "Workers Planned": 2,
              "Workers Launched": 2,
              "Plans": [
                {
                  "Node Type": "Aggregate",
                  "Strategy": "Sorted",
                  "Partial Mode": "Partial",
                  "Parent Relationship": "Outer",
                  "Parallel Aware": false,
                  "Async Capable": false,
                  "Startup Cost": 201863.55,
                  "Total Cost": 202773.75,
                  "Plan Rows": 24272,
                  "Plan Width": 197,
                  "Group Key": [
                    "c.c_name",
                    "c.c_acctbal",
                    "c.c_phone",
                    "n.n_name",
                    "c.c_address",
                    "c.c_comment"
                  ],
                  "Workers": [],
                  "Plans": [
                    {
                      "Node Type": "Sort",
                      "Parent Relationship": "Outer",
                      "Parallel Aware": false,
                      "Async Capable": false,
                      "Startup Cost": 201863.55,
                      "Total Cost": 201924.23,
                      "Plan Rows": 24272,
                      "Plan Width": 177,
                      "Sort Key": [
                        "c.c_name",
                        "c.c_acctbal",
                        "c.c_phone",
                        "n.n_name",
                        "c.c_address",
                        "c.c_comment"
                      ],
                      "Sort Method": "external merge",
                      "Sort Space Used": 5816,
                      "Sort Space Type": "Disk",
                      "Workers": [
                        {
                          "Worker Number": 0,
                          "Sort Method": "external merge",
                          "Sort Space Used": 6960,
                          "Sort Space Type": "Disk"
                        },
                        {
                          "Worker Number": 1,
                          "Sort Method": "external merge",
                          "Sort Space Used": 8328,
                          "Sort Space Type": "Disk"
                        }
                      ],
                      "Plans": [
                        {
                          "Node Type": "Hash Join",
                          "Parent Relationship": "Outer",
                          "Parallel Aware": false,
                          "Async Capable": false,
                          "Join Type": "Inner",
                          "Startup Cost": 192687.43,
                          "Total Cost": 197936.2,
                          "Plan Rows": 24272,
                          "Plan Width": 177,
                          "Inner Unique": true,
                          "Hash Cond": "(c.c_nationkey = n.n_nationkey)",
                          "Workers": [],
                          "Plans": [
                            {
                              "Node Type": "Hash Join",
                              "Parent Relationship": "Outer",
                              "Parallel Aware": true,
                              "Async Capable": false,
                              "Join Type": "Inner",
                              "Startup Cost": 192685.86,
                              "Total Cost": 197860.12,
                              "Plan Rows": 24272,
                              "Plan Width": 155,
                              "Inner Unique": false,
                              "Hash Cond": "(c.c_custkey = o.o_custkey)",
                              "Workers": [],
                              "Plans": [
                                {
                                  "Node Type": "Seq Scan",
                                  "Parent Relationship": "Outer",
                                  "Parallel Aware": true,
                                  "Async Capable": false,
                                  "Relation Name": "customer",
                                  "Alias": "c",
                                  "Startup Cost": 0.0,
                                  "Total Cost": 4370.0,
                                  "Plan Rows": 62500,
                                  "Plan Width": 147,
                                  "Workers": []
                                },
                                {
                                  "Node Type": "Hash",
                                  "Parent Relationship": "Inner",
                                  "Parallel Aware": true,
                                  "Async Capable": false,
                                  "Startup Cost": 192382.46,
                                  "Total Cost": 192382.46,
                                  "Plan Rows": 24272,
                                  "Plan Width": 16,
                                  "Hash Buckets": 131072,
                                  "Original Hash Buckets": 65536,
                                  "Hash Batches": 1,
                                  "Original Hash Batches": 1,
                                  "Peak Memory Usage": 7552,
                                  "Workers": [],
                                  "Plans": [
                                    {
                                      "Node Type": "Hash Join",
                                      "Parent Relationship": "Outer",
                                      "Parallel Aware": true,
                                      "Async Capable": false,
                                      "Join Type": "Inner",
                                      "Startup Cost": 38020.71,
                                      "Total Cost": 192382.46,
                                      "Plan Rows": 24272,
                                      "Plan Width": 16,
                                      "Inner Unique": true,
                                      "Hash Cond": "(l.l_orderkey = o.o_orderkey)",
                                      "Workers": [],
                                      "Plans": [
                                        {
                                          "Node Type": "Seq Scan",
                                          "Parent Relationship": "Outer",
                                          "Parallel Aware": true,
                                          "Async Capable": false,
                                          "Relation Name": "lineitem",
                                          "Alias": "l",
                                          "Startup Cost": 0.0,
                                          "Total Cost": 152744.11,
                                          "Plan Rows": 616243,
                                          "Plan Width": 20,
                                          "Filter": "(l_returnflag = 'R'::bpchar)",
                                          "Rows Removed by Filter": 1507448,
                                          "Workers": []
                                        },
                                        {
                                          "Node Type": "Hash",
                                          "Parent Relationship": "Inner",
                                          "Parallel Aware": true,
                                          "Async Capable": false,
                                          "Startup Cost": 37713.0,
                                          "Total Cost": 37713.0,
                                          "Plan Rows": 24617,
                                          "Plan Width": 12,
                                          "Hash Buckets": 65536,
                                          "Original Hash Buckets": 65536,
                                          "Hash Batches": 1,
                                          "Original Hash Batches": 1,
                                          "Peak Memory Usage": 3200,
                                          "Workers": [],
                                          "Plans": [
                                            {
                                              "Node Type": "Seq Scan",
                                              "Parent Relationship": "Outer",
                                              "Parallel Aware": true,
                                              "Async Capable": false,
                                              "Relation Name": "orders",
                                              "Alias": "o",
                                              "Startup Cost": 0.0,
                                              "Total Cost": 37713.0,
                                              "Plan Rows": 24617,
                                              "Plan Width": 12,
                                              "Filter": "((o_orderdate >= '1994-01-01'::date) AND (o_orderdate < '1994-04-01 00:00:00'::timestamp without time zone))",
                                              "Rows Removed by Filter": 481217,
                                              "Workers": []
                                            }
                                          ]
                                        }
                                      ]
                                    }
                                  ]
                                }
                              ]
                            },
                            {
                              "Node Type": "Hash",
                              "Parent Relationship": "Inner",
                              "Parallel Aware": false,
                              "Async Capable": false,
                              "Startup Cost": 1.25,
                              "Total Cost": 1.25,
                              "Plan Rows": 25,
                              "Plan Width": 30,
                              "Hash Buckets": 1024,
                              "Original Hash Buckets": 1024,
                              "Hash Batches": 1,
                              "Original Hash Batches": 1,
                              "Peak Memory Usage": 10,
                              "Workers": [],
                              "Plans": [
                                {
                                  "Node Type": "Seq Scan",
                                  "Parent Relationship": "Outer",
                                  "Parallel Aware": false,
                                  "Async Capable": false,
                                  "Relation Name": "nation",
                                  "Alias": "n",
                                  "Startup Cost": 0.0,
                                  "Total Cost": 1.25,
                                  "Plan Rows": 25,
                                  "Plan Width": 30,
                                  "Workers": []
                                }
                              ]
                            }
                          ]
                        }
                      ]
                    }
                  ]
                }
              ]
            }
          ]
        }
      ]
    }
  ]
}