{
  "Node Type": "Aggregate",
  "Strategy": "Plain",
  "Partial Mode": "Finalize",
  "Parallel Aware": false,
  "Async Capable": false,
  "Startup Cost": 159618.06,
  "Total Cost": 159618.07,
  "Plan Rows": 1,
  "Plan Width": 32,
  "Plans": [
    {
      "Node Type": "Gather",
      "Parent Relationship": "Outer",
      "Parallel Aware": false,
      "Async Capable": false,
      "Startup Cost": 159617.84,
      "Total Cost": 159618.05,
      "Plan Rows": 2,
      "Plan Width": 32,
      "Workers Planned": 2,
      "Workers Launched": 2,
      "Single Copy": false,
      "Plans": [
        {
          "Node Type": "Aggregate",
          "Strategy": "Plain",
          "Partial Mode": "Partial",
          "Parent Relationship": "Outer",
          "Parallel Aware": false,
          "Async Capable": false,
          "Startup Cost": 158617.84,
          "Total Cost": 158617.85,
          "Plan Rows": 1,
          "Plan Width": 32,
          "Workers": [],
          "Plans": [
            {
              "Node Type": "Hash Join",
              "Parent Relationship": "Outer",
              "Parallel Aware": true,
              "Async Capable": false,
              "Join Type": "Inner",
              "Startup Cost": 5555.0,
              "Total Cost": 158611.84,
              "Plan Rows": 2400,
              "Plan Width": 8,
              "Inner Unique": true,
              "Hash Cond": "(l.l_partkey = p.p_partkey)",
              "Workers": [],
              "Plans": [
                {
                  "Node Type": "Seq Scan",
                  "Parent Relationship": "Outer",
                  "Parallel Aware": true,
                  "Async Capable": false,
                  "Relation Name": "lineitem",
                  "Alias": "l",
                  "Startup Cost": 0.0,
                  "Total Cost": 146492.49,
                  "Plan Rows": 2500649,
                  "Plan Width": 12,
                  "Workers": []
                },
                {
                  "Node Type": "Hash",
                  "Parent Relationship": "Inner",
                  "Parallel Aware": true,
                  "Async Capable": false,
                  "Startup Cost": 5554.0,
                  "Total Cost": 5554.0,
                  "Plan Rows": 80,
                  "Plan Width": 4,
                  "Hash Buckets": 1024,
                  "Original Hash Buckets": 1024,
                  "Hash Batches": 1,
                  "Original Hash Batches": 1,
                  "Peak Memory Usage": 72,
                  "Workers": [],
                  "Plans": [
                    {
                      "Node Type": "Seq Scan",
                      "Parent Relationship": "Outer",
                      "Parallel Aware": true,
                      "Async Capable": false,
                      "Relation Name": "part",
                      "Alias": "p",
                      "Startup Cost": 0.0,
                      "Total Cost": 5554.0,
                      "Plan Rows": 80,
                      "Plan Width": 4,
                      "Filter": "((p_brand = 'Brand#52'::bpchar) AND (p_container = 'LG CAN'::bpchar))",
                      "Rows Removed by Filter": 99902,
                      "Workers": []
                    }
                  ]
                }
              ]
            }
          ]
        }
      ]
    }
  ]
}