[
  {
    "Plan": {
      "Node Type": "Limit",
      "Parallel Aware": false,
      "Async Capable": false,
      "Startup Cost": 43633.54,
      "Total Cost": 43670.14,
      "Plan Rows": 100,
      "Plan Width": 63,
      "Actual Startup Time": 269.202,
      "Actual Total Time": 281.3,
      "Actual Rows": 100,
      "Actual Loops": 1,
      "Shared Hit Blocks": 4328,
      "Shared Read Blocks": 28404,
      "Shared Dirtied Blocks": 0,
      "Shared Written Blocks": 0,
      "Local Hit Blocks": 0,
      "Local Read Blocks": 0,
      "Local Dirtied Blocks": 0,
      "Local Written Blocks": 0,
      "Temp Read Blocks": 0,
      "Temp Written Blocks": 0,
      "Plans": [
        {
          "Node Type": "Aggregate",
          "Strategy": "Sorted",
          "Partial Mode": "Simple",
          "Parent Relationship": "Outer",
          "Parallel Aware": false,
          "Async Capable": false,
          "Startup Cost": 43633.54,
          "Total Cost": 132399.15,
          "Plan Rows": 242503,
          "Plan Width": 63,
          "Actual Startup Time": 269.201,
          "Actual Total Time": 281.281,
          "Actual Rows": 100,
          "Actual Loops": 1,
          "Group Key": [
            "ord.o_orderdate",
            "ord.o_totalprice",
            "cust.c_name"
          ],
          "Shared Hit Blocks": 4328,
          "Shared Read Blocks": 28404,
          "Shared Dirtied Blocks": 0,
          "Shared Written Blocks": 0,
          "Local Hit Blocks": 0,
          "Local Read Blocks": 0,
          "Local Dirtied Blocks": 0,
          "Local Written Blocks": 0,
          "Temp Read Blocks": 0,
          "Temp Written Blocks": 0,
          "Plans": [
            {
              "Node Type": "Nested Loop",
              "Parent Relationship": "Outer",
              "Parallel Aware": false,
              "Async Capable": false,
              "Join Type": "Inner",
              "Startup Cost": 43633.54,
              "Total Cost": 126942.83,
              "Plan Rows": 242503,
              "Plan Width": 36,
              "Actual Startup Time": 269.02,
              "Actual Total Time": 280.849,
              "Actual Rows": 367,
              "Actual Loops": 1,
              "Inner Unique": false,
              "Shared Hit Blocks": 4328,
              "Shared Read Blocks": 28404,
              "Shared Dirtied Blocks": 0,
              "Shared Written Blocks": 0,
              "Local Hit Blocks": 0,
              "Local Read Blocks": 0,
              "Local Dirtied Blocks": 0,
              "Local Written Blocks": 0,
              "Temp Read Blocks": 0,
              "Temp Written Blocks": 0,
              "Plans": [
                {
                  "Node Type": "Gather Merge",
                  "Parent Relationship": "Outer",
                  "Parallel Aware": false,
                  "Async Capable": false,
                  "Startup Cost": 43633.11,
                  "Total Cost": 50692.14,
                  "Plan Rows": 60610,
                  "Plan Width": 39,
                  "Actual Startup Time": 268.909,
                  "Actual Total Time": 275.242,
                  "Actual Rows": 101,
                  "Actual Loops": 1,
                  "Workers Planned": 2,
                  "Workers Launched": 2,
                  "Shared Hit Blocks": 4130,
                  "Shared Read Blocks": 28193,
                  "Shared Dirtied Blocks": 0,
                  "Shared Written Blocks": 0,
                  "Local Hit Blocks": 0,
                  "Local Read Blocks": 0,
                  "Local Dirtied Blocks": 0,
                  "Local Written Blocks": 0,
                  "Temp Read Blocks": 0,
                  "Temp Written Blocks": 0,
                  "Plans": [
                    {
                      "Node Type": "Sort",
                      "Parent Relationship": "Outer",
                      "Parallel Aware": false,
                      "Async Capable": false,
                      "Startup Cost": 42633.08,
                      "Total Cost": 42696.22,
                      "Plan Rows": 25254,
                      "Plan Width": 39,
                      "Actual Startup Time": 197.421,
                      "Actual Total Time": 197.477,
                      "Actual Rows": 620,
                      "Actual Loops": 3,
                      "Sort Key": [
                        "ord.o_orderdate",
                        "ord.o_totalprice DESC",
                        "cust.c_name"
                      ],
                      "Sort Method": "quicksort",
                      "Sort Space Used": 1841,
                      "Sort Space Type": "Memory",
                      "Shared Hit Blocks": 4130,
                      "Shared Read Blocks": 28193,
                      "Shared Dirtied Blocks": 0,
                      "Shared Written Blocks": 0,
                      "Local Hit Blocks": 0,
                      "Local Read Blocks": 0,
                      "Local Dirtied Blocks": 0,
                      "Local Written Blocks": 0,
                      "Temp Read Blocks": 0,
                      "Temp Written Blocks": 0,
                      "Workers": [
                        {
                          "Worker Number": 0,
                          "Sort Method": "quicksort",
                          "Sort Space Used": 1244,
                          "Sort Space Type": "Memory"
                        },
                        {
                          "Worker Number": 1,
                          "Sort Method": "quicksort",
                          "Sort Space Used": 2512,
                          "Sort Space Type": "Memory"
                        }
                      ],
                      "Plans": [
                        {
                          "Node Type": "Hash Join",
                          "Parent Relationship": "Outer",
                          "Parallel Aware": true,
                          "Async Capable": false,
                          "Join Type": "Inner",
                          "Startup Cost": 4557.81,
                          "Total Cost": 40786.48,
                          "Plan Rows": 25254,
                          "Plan Width": 39,
                          "Actual Startup Time": 16.153,
                          "Actual Total Time": 183.058,
                          "Actual Rows": 19673,
                          "Actual Loops": 3,
                          "Inner Unique": true,
                          "Hash Cond": "(ord.o_custkey = cust.c_custkey)",
                          "Shared Hit Blocks": 3986,
                          "Shared Read Blocks": 28193,
                          "Shared Dirtied Blocks": 0,
                          "Shared Written Blocks": 0,
                          "Local Hit Blocks": 0,
                          "Local Read Blocks": 0,
                          "Local Dirtied Blocks": 0,
                          "Local Written Blocks": 0,
                          "Temp Read Blocks": 0,
                          "Temp Written Blocks": 0,
                          "Workers": [],
                          "Plans": [
                            {
                              "Node Type": "Seq Scan",
                              "Parent Relationship": "Outer",
                              "Parallel Aware": true,
                              "Async Capable": false,
                              "Relation Name": "orders",
                              "Alias": "ord",
                              "Startup Cost": 0.0,
                              "Total Cost": 34588.0,
                              "Plan Rows": 625000,
                              "Plan Width": 24,
                              "Actual Startup Time": 0.353,
                              "Actual Total Time": 88.25,
                              "Actual Rows": 500000,
                              "Actual Loops": 3,
                              "Shared Hit Blocks": 148,
                              "Shared Read Blocks": 28190,
                              "Shared Dirtied Blocks": 0,
                              "Shared Written Blocks": 0,
                              "Local Hit Blocks": 0,
                              "Local Read Blocks": 0,
                              "Local Dirtied Blocks": 0,
                              "Local Written Blocks": 0,
                              "Temp Read Blocks": 0,
                              "Temp Written Blocks": 0,
                              "Workers": []
                            },
                            {
                              "Node Type": "Hash",
                              "Parent Relationship": "Inner",
                              "Parallel Aware": true,
                              "Async Capable": false,
                              "Startup Cost": 4526.25,
                              "Total Cost": 4526.25,
                              "Plan Rows": 2525,
                              "Plan Width": 23,
                              "Actual Startup Time": 15.639,
                              "Actual Total Time": 15.64,
                              "Actual Rows": 1992,
                              "Actual Loops": 3,
                              "Hash Buckets": 8192,
                              "Original Hash Buckets": 8192,
                              "Hash Batches": 1,
                              "Original Hash Batches": 1,
                              "Peak Memory Usage": 416,
                              "Shared Hit Blocks": 3742,
                              "Shared Read Blocks": 3,
                              "Shared Dirtied Blocks": 0,
                              "Shared Written Blocks": 0,
                              "Local Hit Blocks": 0,
                              "Local Read Blocks": 0,
                              "Local Dirtied Blocks": 0,
                              "Local Written Blocks": 0,
                              "Temp Read Blocks": 0,
                              "Temp Written Blocks": 0,
                              "Workers": [],
                              "Plans": [
                                {
                                  "Node Type": "Seq Scan",
                                  "Parent Relationship": "Outer",
                                  "Parallel Aware": true,
                                  "Async Capable": false,
                                  "Relation Name": "customer",
                                  "Alias": "cust",
                                  "Startup Cost": 0.0,
                                  "Total Cost": 4526.25,
                                  "Plan Rows": 2525,
                                  "Plan Width": 23,
                                  "Actual Startup Time": 0.012,
                                  "Actual Total Time": 43.995,
                                  "Actual Rows": 5975,
                                  "Actual Loops": 1,
                                  "Filter": "(c_phone ~~ '27-%'::text)",
                                  "Rows Removed by Filter": 144025,
                                  "Shared Hit Blocks": 3742,
                                  "Shared Read Blocks": 3,
                                  "Shared Dirtied Blocks": 0,
                                  "Shared Written Blocks": 0,
                                  "Local Hit Blocks": 0,
                                  "Local Read Blocks": 0,
                                  "Local Dirtied Blocks": 0,
                                  "Local Written Blocks": 0,
                                  "Temp Read Blocks": 0,
                                  "Temp Written Blocks": 0,
                                  "Workers": []
                                }
                              ]
                            }
                          ]
                        }
                      ]
                    }
                  ]
                },
                {
                  "Node Type": "Index Scan",
                  "Parent Relationship": "Inner",
                  "Parallel Aware": false,
                  "Async Capable": false,
                  "Scan Direction": "Forward",
                  "Index Name": "pk_lineitem",
                  "Relation Name": "lineitem",
                  "Alias": "li",
                  "Startup Cost": 0.43,
                  "Total Cost": 1.1,
                  "Plan Rows": 16,
                  "Plan Width": 13,
                  "Actual Startup Time": 0.052,
                  "Actual Total Time": 0.053,
                  "Actual Rows": 4,
                  "Actual Loops": 101,
                  "Index Cond": "(l_orderkey = ord.o_orderkey)",
                  "Rows Removed by Index Recheck": 0,
                  "Shared Hit Blocks": 198,
                  "Shared Read Blocks": 211,
                  "Shared Dirtied Blocks": 0,
                  "Shared Written Blocks": 0,
                  "Local Hit Blocks": 0,
                  "Local Read Blocks": 0,
                  "Local Dirtied Blocks": 0,
                  "Local Written Blocks": 0,
                  "Temp Read Blocks": 0,
                  "Temp Written Blocks": 0
                }
              ]
            }
          ]
        }
      ]
    },
    "Planning": {
      "Shared Hit Blocks": 27,
      "Shared Read Blocks": 0,
      "Shared Dirtied Blocks": 0,
      "Shared Written Blocks": 0,
      "Local Hit Blocks": 0,
      "Local Read Blocks": 0,
      "Local Dirtied Blocks": 0,
      "Local Written Blocks": 0,
      "Temp Read Blocks": 0,
      "Temp Written Blocks": 0
    },
    "Planning Time": 0.592,
    "Triggers": [],
    "Execution Time": 281.891
  }
]