[
  {
    "Plan": {
      "Node Type": "Limit",
      "Parallel Aware": false,
      "Async Capable": false,
      "Startup Cost": 8469.54,
      "Total Cost": 8481.21,
      "Plan Rows": 100,
      "Plan Width": 192,
      "Actual Startup Time": 79.355,
      "Actual Total Time": 84.869,
      "Actual Rows": 100,
      "Actual Loops": 1,
      "Shared Hit Blocks": 2577,
      "Shared Read Blocks": 4978,
      "Shared Dirtied Blocks": 0,
      "Shared Written Blocks": 0,
      "Local Hit Blocks": 0,
      "Local Read Blocks": 0,
      "Local Dirtied Blocks": 0,
      "Local Written Blocks": 0,
      "Temp Read Blocks": 0,
      "Temp Written Blocks": 0,
      "Plans": [
        {
          "Node Type": "Gather Merge",
          "Parent Relationship": "Outer",
          "Parallel Aware": false,
          "Async Capable": false,
          "Startup Cost": 8469.54,
          "Total Cost": 8541.88,
          "Plan Rows": 620,
          "Plan Width": 192,
          "Actual Startup Time": 79.353,
          "Actual Total Time": 84.844,
          "Actual Rows": 100,
          "Actual Loops": 1,
          "Workers Planned": 2,
          "Workers Launched": 2,
          "Shared Hit Blocks": 2577,
          "Shared Read Blocks": 4978,
          "Shared Dirtied Blocks": 0,
          "Shared Written Blocks": 0,
          "Local Hit Blocks": 0,
          "Local Read Blocks": 0,
          "Local Dirtied Blocks": 0,
          "Local Written Blocks": 0,
          "Temp Read Blocks": 0,
          "Temp Written Blocks": 0,
          "Plans": [
            {
              "Node Type": "Sort",
              "Parent Relationship": "Outer",
              "Parallel Aware": false,
              "Async Capable": false,
              "Startup Cost": 7469.52,
              "Total Cost": 7470.3,
              "Plan Rows": 310,
              "Plan Width": 192,
              "Actual Startup Time": 42.079,
              "Actual Total Time": 42.09,
              "Actual Rows": 85,
              "Actual Loops": 3,
              "Sort Key": [
                "s.s_acctbal DESC",
                "n.n_name",
                "s.s_name",
                "p.p_partkey"
              ],
              "Sort Method": "top-N heapsort",
              "Sort Space Used": 69,
              "Sort Space Type": "Memory",
              "Shared Hit Blocks": 2577,
              "Shared Read Blocks": 4978,
              "Shared Dirtied Blocks": 0,
              "Shared Written Blocks": 0,
              "Local Hit Blocks": 0,
              "Local Read Blocks": 0,
              "Local Dirtied Blocks": 0,
              "Local Written Blocks": 0,
              "Temp Read Blocks": 0,
              "Temp Written Blocks": 0,
              "Workers": [
                {
                  "Worker Number": 0,
                  "Sort Method": "quicksort",
                  "Sort Space Used": 58,
                  "Sort Space Type": "Memory"
                },
                {
                  "Worker Number": 1,
                  "Sort Method": "quicksort",
                  "Sort Space Used": 60,
                  "Sort Space Type": "Memory"
                }
              ],
              "Plans": [
                {
                  "Node Type": "Hash Join",
                  "Parent Relationship": "Outer",
                  "Parallel Aware": false,
                  "Async Capable": false,
                  "Join Type": "Inner",
                  "Startup Cost": 408.43,
                  "Total Cost": 7457.67,
                  "Plan Rows": 310,
                  "Plan Width": 192,
                  "Actual Startup Time": 7.575,
                  "Actual Total Time": 41.676,
                  "Actual Rows": 214,
                  "Actual Loops": 3,
                  "Inner Unique": false,
                  "Hash Cond": "(ps.ps_suppkey = s.s_suppkey)",
                  "Shared Hit Blocks": 2535,
                  "Shared Read Blocks": 4978,
                  "Shared Dirtied Blocks": 0,
                  "Shared Written Blocks": 0,
                  "Local Hit Blocks": 0,
                  "Local Read Blocks": 0,
                  "Local Dirtied Blocks": 0,
                  "Local Written Blocks": 0,
                  "Temp Read Blocks": 0,
                  "Temp Written Blocks": 0,
                  "Workers": [],
                  "Plans": [
                    {
                      "Node Type": "Nested Loop",
                      "Parent Relationship": "Outer",
                      "Parallel Aware": false,
                      "Async Capable": false,
                      "Join Type": "Inner",
                      "Startup Cost": 0.42,
                      "Total Cost": 7040.77,
                      "Plan Rows": 1548,
                      "Plan Width": 34,
                      "Actual Startup Time": 1.732,
                      "Actual Total Time": 35.322,
                      "Actual Rows": 1081,
                      "Actual Loops": 3,
                      "Inner Unique": false,
                      "Shared Hit Blocks": 1987,
                      "Shared Read Blocks": 4755,
                      "Shared Dirtied Blocks": 0,
                      "Shared Written Blocks": 0,
                      "Local Hit Blocks": 0,
                      "Local Read Blocks": 0,
                      "Local Dirtied Blocks": 0,
                      "Local Written Blocks": 0,
                      "Temp Read Blocks": 0,
                      "Temp Written Blocks": 0,
                      "Workers": [],
                      "Plans": [
                        {
                          "Node Type": "Seq Scan",
                          "Parent Relationship": "Outer",
                          "Parallel Aware": true,
                          "Async Capable": false,
                          "Relation Name": "part",
                          "Alias": "p",
                          "Startup Cost": 0.0,
                          "Total Cost": 5554.0,
                          "Plan Rows": 387,
                          "Plan Width": 30,
                          "Actual Startup Time": 0.776,
                          "Actual Total Time": 27.972,
                          "Actual Rows": 270,
                          "Actual Loops": 3,
                          "Filter": "(((p_type)::text ~~ '%TIN'::text) AND (p_size = 38))",
                          "Rows Removed by Filter": 66396,
                          "Shared Hit Blocks": 215,
                          "Shared Read Blocks": 4089,
                          "Shared Dirtied Blocks": 0,
                          "Shared Written Blocks": 0,
                          "Local Hit Blocks": 0,
                          "Local Read Blocks": 0,
                          "Local Dirtied Blocks": 0,
                          "Local Written Blocks": 0,
                          "Temp Read Blocks": 0,
                          "Temp Written Blocks": 0,
                          "Workers": []
                        },
                        {
                          "Node Type": "Index Only Scan",
                          "Parent Relationship": "Inner",
                          "Parallel Aware": false,
                          "Async Capable": false,
                          "Scan Direction": "Forward",
                          "Index Name": "pk_partsupp",
                          "Relation Name": "partsupp",
                          "Alias": "ps",
                          "Startup Cost": 0.42,
                          "Total Cost": 3.8,
                          "Plan Rows": 4,
                          "Plan Width": 8,
                          "Actual Startup Time": 0.025,
                          "Actual Total Time": 0.026,
                          "Actual Rows": 4,
                          "Actual Loops": 811,
                          "Index Cond": "(ps_partkey = p.p_partkey)",
                          "Rows Removed by Index Recheck": 0,
                          "Heap Fetches": 0,
                          "Shared Hit Blocks": 1772,
                          "Shared Read Blocks": 666,
                          "Shared Dirtied Blocks": 0,
                          "Shared Written Blocks": 0,
                          "Local Hit Blocks": 0,
                          "Local Read Blocks": 0,
                          "Local Dirtied Blocks": 0,
                          "Local Written Blocks": 0,
                          "Temp Read Blocks": 0,
                          "Temp Written Blocks": 0,
                          "Workers": []
                        }
                      ]
                    },
                    {
                      "Node Type": "Hash",
                      "Parent Relationship": "Inner",
                      "Parallel Aware": false,
                      "Async Capable": false,
                      "Startup Cost": 383.01,
                      "Total Cost": 383.01,
                      "Plan Rows": 2000,
                      "Plan Width": 166,
                      "Actual Startup Time": 5.511,
                      "Actual Total Time": 5.514,
                      "Actual Rows": 2019,
                      "Actual Loops": 3,
                      "Hash Buckets": 2048,
                      "Original Hash Buckets": 2048,
                      "Hash Batches": 1,
                      "Original Hash Batches": 1,
                      "Peak Memory Usage": 413,
                      "Shared Hit Blocks": 452,
                      "Shared Read Blocks": 223,
                      "Shared Dirtied Blocks": 0,
                      "Shared Written Blocks": 0,
                      "Local Hit Blocks": 0,
                      "Local Read Blocks": 0,
                      "Local Dirtied Blocks": 0,
                      "Local Written Blocks": 0,
                      "Temp Read Blocks": 0,
                      "Temp Written Blocks": 0,
                      "Workers": [],
                      "Plans": [
                        {
                          "Node Type": "Hash Join",
                          "Parent Relationship": "Outer",
                          "Parallel Aware": false,
                          "Async Capable": false,
                          "Join Type": "Inner",
                          "Startup Cost": 2.51,
                          "Total Cost": 383.01,
                          "Plan Rows": 2000,
                          "Plan Width": 166,
                          "Actual Startup Time": 1.328,
                          "Actual Total Time": 4.806,
                          "Actual Rows": 2019,
                          "Actual Loops": 3,
                          "Inner Unique": false,
                          "Hash Cond": "(s.s_nationkey = n.n_nationkey)",
                          "Shared Hit Blocks": 452,
                          "Shared Read Blocks": 223,
                          "Shared Dirtied Blocks": 0,
                          "Shared Written Blocks": 0,
                          "Local Hit Blocks": 0,
                          "Local Read Blocks": 0,
                          "Local Dirtied Blocks": 0,
                          "Local Written Blocks": 0,
                          "Temp Read Blocks": 0,
                          "Temp Written Blocks": 0,
                          "Workers": [],
                          "Plans": [
                            {
                              "Node Type": "Seq Scan",
                              "Parent Relationship": "Outer",
                              "Parallel Aware": false,
                              "Async Capable": false,
                              "Relation Name": "supplier",
                              "Alias": "s",
                              "Startup Cost": 0.0,
                              "Total Cost": 323.0,
                              "Plan Rows": 10000,
                              "Plan Width": 144,
                              "Actual Startup Time": 0.486,
                              "Actual Total Time": 2.223,
                              "Actual Rows": 10000,
                              "Actual Loops": 3,
                              "Shared Hit Blocks": 447,
                              "Shared Read Blocks": 222,
                              "Shared Dirtied Blocks": 0,
                              "Shared Written Blocks": 0,
                              "Local Hit Blocks": 0,
                              "Local Read Blocks": 0,
                              "Local Dirtied Blocks": 0,
                              "Local Written Blocks": 0,
                              "Temp Read Blocks": 0,
                              "Temp Written Blocks": 0,
                              "Workers": []
                            },
                            {
                              "Node Type": "Hash",
                              "Parent Relationship": "Inner",
                              "Parallel Aware": false,
                              "Async Capable": false,
                              "Startup Cost": 2.45,
                              "Total Cost": 2.45,
                              "Plan Rows": 5,
                              "Plan Width": 30,
                              "Actual Startup Time": 0.824,
                              "Actual Total Time": 0.826,
                              "Actual Rows": 5,
                              "Actual Loops": 3,
                              "Hash Buckets": 1024,
                              "Original Hash Buckets": 1024,
                              "Hash Batches": 1,
                              "Original Hash Batches": 1,
                              "Peak Memory Usage": 9,
                              "Shared Hit Blocks": 5,
                              "Shared Read Blocks": 1,
                              "Shared Dirtied Blocks": 0,
                              "Shared Written Blocks": 0,
                              "Local Hit Blocks": 0,
                              "Local Read Blocks": 0,
                              "Local Dirtied Blocks": 0,
                              "Local Written Blocks": 0,
                              "Temp Read Blocks": 0,
                              "Temp Written Blocks": 0,
                              "Workers": [],
                              "Plans": [
                                {
                                  "Node Type": "Hash Join",
                                  "Parent Relationship": "Outer",
                                  "Parallel Aware": false,
                                  "Async Capable": false,
                                  "Join Type": "Inner",
                                  "Startup Cost": 1.07,
                                  "Total Cost": 2.45,
                                  "Plan Rows": 5,
                                  "Plan Width": 30,
                                  "Actual Startup Time": 0.799,
                                  "Actual Total Time": 0.817,
                                  "Actual Rows": 5,
                                  "Actual Loops": 3,
                                  "Inner Unique": true,
                                  "Hash Cond": "(n.n_regionkey = r.r_regionkey)",
                                  "Shared Hit Blocks": 5,
                                  "Shared Read Blocks": 1,
                                  "Shared Dirtied Blocks": 0,
                                  "Shared Written Blocks": 0,
                                  "Local Hit Blocks": 0,
                                  "Local Read Blocks": 0,
                                  "Local Dirtied Blocks": 0,
                                  "Local Written Blocks": 0,
                                  "Temp Read Blocks": 0,
                                  "Temp Written Blocks": 0,
                                  "Workers": [],
                                  "Plans": [
                                    {
                                      "Node Type": "Seq Scan",
                                      "Parent Relationship": "Outer",
                                      "Parallel Aware": false,
                                      "Async Capable": false,
                                      "Relation Name": "nation",
                                      "Alias": "n",
                                      "Startup Cost": 0.0,
                                      "Total Cost": 1.25,
                                      "Plan Rows": 25,
                                      "Plan Width": 34,
                                      "Actual Startup Time": 0.421,
                                      "Actual Total Time": 0.424,
                                      "Actual Rows": 25,
                                      "Actual Loops": 3,
                                      "Shared Hit Blocks": 3,
                                      "Shared Read Blocks": 0,
                                      "Shared Dirtied Blocks": 0,
                                      "Shared Written Blocks": 0,
                                      "Local Hit Blocks": 0,
                                      "Local Read Blocks": 0,
                                      "Local Dirtied Blocks": 0,
                                      "Local Written Blocks": 0,
                                      "Temp Read Blocks": 0,
                                      "Temp Written Blocks": 0,
                                      "Workers": []
                                    },
                                    {
                                      "Node Type": "Hash",
                                      "Parent Relationship": "Inner",
                                      "Parallel Aware": false,
                                      "Async Capable": false,
                                      "Startup Cost": 1.06,
                                      "Total Cost": 1.06,
                                      "Plan Rows": 1,
                                      "Plan Width": 4,
                                      "Actual Startup Time": 0.352,
                                      "Actual Total Time": 0.352,
                                      "Actual Rows": 1,
                                      "Actual Loops": 3,
                                      "Hash Buckets": 1024,
                                      "Original Hash Buckets": 1024,
                                      "Hash Batches": 1,
                                      "Original Hash Batches": 1,
                                      "Peak Memory Usage": 9,
                                      "Shared Hit Blocks": 2,
                                      "Shared Read Blocks": 1,
                                      "Shared Dirtied Blocks": 0,
                                      "Shared Written Blocks": 0,
                                      "Local Hit Blocks": 0,
                                      "Local Read Blocks": 0,
                                      "Local Dirtied Blocks": 0,
                                      "Local Written Blocks": 0,
                                      "Temp Read Blocks": 0,
                                      "Temp Written Blocks": 0,
                                      "Workers": [],
                                      "Plans": [
                                        {
                                          "Node Type": "Seq Scan",
                                          "Parent Relationship": "Outer",
                                          "Parallel Aware": false,
                                          "Async Capable": false,
                                          "Relation Name": "region",
                                          "Alias": "r",
                                          "Startup Cost": 0.0,
                                          "Total Cost": 1.06,
                                          "Plan Rows": 1,
                                          "Plan Width": 4,
                                          "Actual Startup Time": 0.339,
                                          "Actual Total Time": 0.34,
                                          "Actual Rows": 1,
                                          "Actual Loops": 3,
                                          "Filter": "(r_name = 'MIDDLE EAST'::bpchar)",
                                          "Rows Removed by Filter": 4,
                                          "Shared Hit Blocks": 2,
                                          "Shared Read Blocks": 1,
                                          "Shared Dirtied Blocks": 0,
                                          "Shared Written Blocks": 0,
                                          "Local Hit Blocks": 0,
                                          "Local Read Blocks": 0,
                                          "Local Dirtied Blocks": 0,
                                          "Local Written Blocks": 0,
                                          "Temp Read Blocks": 0,
                                          "Temp Written Blocks": 0,
                                          "Workers": []
                                        }
                                      ]
                                    }
                                  ]
                                }
                              ]
                            }
                          ]
                        }
                      ]
                    }
                  ]
                }
              ]
            }
          ]
        }
      ]
    },
    "Planning": {
      "Shared Hit Blocks": 47,
      "Shared Read Blocks": 23,
      "Shared Dirtied Blocks": 0,
      "Shared Written Blocks": 0,
      "Local Hit Blocks": 0,
      "Local Read Blocks": 0,
      "Local Dirtied Blocks": 0,
      "Local Written Blocks": 0,
      "Temp Read Blocks": 0,
      "Temp Written Blocks": 0
    },
    "Planning Time": 4.174,
    "Triggers": [],
    "Execution Time": 85.101
  }
]