{
  "Node Type": "Limit",
  "Parallel Aware": false,
  "Async Capable": false,
  "Startup Cost": 39824.96,
  "Total Cost": 39827.54,
  "Plan Rows": 10,
  "Plan Width": 28,
  "Plans": [
    {
      "Node Type": "Aggregate",
      "Strategy": "Sorted",
      "Partial Mode": "Finalize",
      "Parent Relationship": "Outer",
      "Parallel Aware": false,
      "Async Capable": false,
      "Startup Cost": 39824.96,
      "Total Cost": 42911.46,
      "Plan Rows": 11947,
      "Plan Width": 28,
      "Group Key": [
        "o_orderpriority",
        "o_orderdate"
      ],
      "Plans": [
        {
          "Node Type": "Gather Merge",
          "Parent Relationship": "Outer",
          "Parallel Aware": false,
          "Async Capable": false,
          "Startup Cost": 39824.96,
          "Total Cost": 42612.78,
          "Plan Rows": 23894,
          "Plan Width": 28,
          "Workers Planned": 2,
          "Workers Launched": 2,
          "Plans": [
            {
              "Node Type": "Sort",
              "Parent Relationship": "Outer",
              "Parallel Aware": false,
              "Async Capable": false,
              "Startup Cost": 38824.93,
              "Total Cost": 38854.8,
              "Plan Rows": 11947,
              "Plan Width": 28,
              "Sort Key": [
                "o_orderpriority",
                "o_orderdate"
              ],
              "Sort Method": "quicksort",
              "Sort Space Used": 46,
              "Sort Space Type": "Memory",
              "Workers": [
                {
                  "Worker Number": 0,
                  "Sort Method": "quicksort",
                  "Sort Space Used": 46,
                  "Sort Space Type": "Memory"
                },
                {
                  "Worker Number": 1,
                  "Sort Method": "quicksort",
                  "Sort Space Used": 46,
                  "Sort Space Type": "Memory"
                }
              ],
              "Plans": [
                {
                  "Node Type": "Aggregate",
                  "Strategy": "Hashed",
                  "Partial Mode": "Partial",
                  "Parent Relationship": "Outer",
                  "Parallel Aware": false,
                  "Async Capable": false,
                  "Startup Cost": 37896.39,
                  "Total Cost": 38015.86,
                  "Plan Rows": 11947,
                  "Plan Width": 28,
                  "Group Key": [
                    "o_orderpriority",
                    "o_orderdate"
                  ],
                  "Planned Partitions": 0,
                  "HashAgg Batches": 1,
                  "Peak Memory Usage": 465,
                  "Disk Usage": 0,
                  "Workers": [
                    {
                      "Worker Number": 0,
                      "HashAgg Batches": 1,
                      "Peak Memory Usage": 465,
                      "Disk Usage": 0
                    },
                    {
                      "Worker Number": 1,
                      "HashAgg Batches": 1,
                      "Peak Memory Usage": 465,
                      "Disk Usage": 0
                    }
                  ],
                  "Plans": [
                    {
                      "Node Type": "Seq Scan",
                      "Parent Relationship": "Outer",
                      "Parallel Aware": true,
                      "Async Capable": false,
                      "Relation Name": "orders",
                      "Alias": "orders",
                      "Startup Cost": 0.0,
                      "Total Cost": 37713.0,
                      "Plan Rows": 24452,
                      "Plan Width": 20,
                      "Filter": "((o_orderdate >= '1997-07-01'::date) AND (o_orderdate < '1997-10-01 00:00:00'::timestamp without time zone))",
                      "Rows Removed by Filter": 480880,
                      "Workers": []
                    }
                  ]
                }
              ]
            }
          ]
        }
      ]
    }
  ]
}