[
  {
    "Plan": {
      "Node Type": "Limit",
      "Parallel Aware": false,
      "Async Capable": false,
      "Startup Cost": 167553.06,
      "Total Cost": 167554.88,
      "Plan Rows": 7,
      "Plan Width": 43,
      "Actual Startup Time": 978.798,
      "Actual Total Time": 990.495,
      "Actual Rows": 7,
      "Actual Loops": 1,
      "Shared Hit Blocks": 9312,
      "Shared Read Blocks": 112188,
      "Shared Dirtied Blocks": 0,
      "Shared Written Blocks": 0,
      "Local Hit Blocks": 0,
      "Local Read Blocks": 0,
      "Local Dirtied Blocks": 0,
      "Local Written Blocks": 0,
      "Temp Read Blocks": 0,
      "Temp Written Blocks": 0,
      "Plans": [
        {
          "Node Type": "Aggregate",
          "Strategy": "Sorted",
          "Partial Mode": "Finalize",
          "Parent Relationship": "Outer",
          "Parallel Aware": false,
          "Async Capable": false,
          "Startup Cost": 167553.06,
          "Total Cost": 167554.88,
          "Plan Rows": 7,
          "Plan Width": 43,
          "Actual Startup Time": 978.797,
          "Actual Total Time": 990.491,
          "Actual Rows": 7,
          "Actual Loops": 1,
          "Group Key": [
            "l_shipmode"
          ],
          "Shared Hit Blocks": 9312,
          "Shared Read Blocks": 112188,
          "Shared Dirtied Blocks": 0,
          "Shared Written Blocks": 0,
          "Local Hit Blocks": 0,
          "Local Read Blocks": 0,
          "Local Dirtied Blocks": 0,
          "Local Written Blocks": 0,
          "Temp Read Blocks": 0,
          "Temp Written Blocks": 0,
          "Plans": [
            {
              "Node Type": "Gather Merge",
              "Parent Relationship": "Outer",
              "Parallel Aware": false,
              "Async Capable": false,
              "Startup Cost": 167553.06,
              "Total Cost": 167554.69,
              "Plan Rows": 14,
              "Plan Width": 43,
              "Actual Startup Time": 978.772,
              "Actual Total Time": 990.455,
              "Actual Rows": 21,
              "Actual Loops": 1,
              "Workers Planned": 2,
              "Workers Launched": 2,
              "Shared Hit Blocks": 9312,
              "Shared Read Blocks": 112188,
              "Shared Dirtied Blocks": 0,
              "Shared Written Blocks": 0,
              "Local Hit Blocks": 0,
              "Local Read Blocks": 0,
              "Local Dirtied Blocks": 0,
              "Local Written Blocks": 0,
              "Temp Read Blocks": 0,
              "Temp Written Blocks": 0,
              "Plans": [
                {
                  "Node Type": "Sort",
                  "Parent Relationship": "Outer",
                  "Parallel Aware": false,
                  "Async Capable": false,
                  "Startup Cost": 166553.03,
                  "Total Cost": 166553.05,
                  "Plan Rows": 7,
                  "Plan Width": 43,
                  "Actual Startup Time": 923.022,
                  "Actual Total Time": 923.024,
                  "Actual Rows": 7,
                  "Actual Loops": 3,
                  "Sort Key": [
                    "l_shipmode"
                  ],
                  "Sort Method": "quicksort",
                  "Sort Space Used": 25,
                  "Sort Space Type": "Memory",
                  "Shared Hit Blocks": 9312,
                  "Shared Read Blocks": 112188,
                  "Shared Dirtied Blocks": 0,
                  "Shared Written Blocks": 0,
                  "Local Hit Blocks": 0,
                  "Local Read Blocks": 0,
                  "Local Dirtied Blocks": 0,
                  "Local Written Blocks": 0,
                  "Temp Read Blocks": 0,
                  "Temp Written Blocks": 0,
                  "Workers": [
                    {
                      "Worker Number": 0,
                      "Sort Method": "quicksort",
                      "Sort Space Used": 25,
                      "Sort Space Type": "Memory"
                    },
                    {
                      "Worker Number": 1,
                      "Sort Method": "quicksort",
                      "Sort Space Used": 25,
                      "Sort Space Type": "Memory"
                    }
                  ],
                  "Plans": [
                    {
                      "Node Type": "Aggregate",
                      "Strategy": "Hashed",
                      "Partial Mode": "Partial",
                      "Parent Relationship": "Outer",
                      "Parallel Aware": false,
                      "Async Capable": false,
                      "Startup Cost": 166552.85,
                      "Total Cost": 166552.94,
                      "Plan Rows": 7,
                      "Plan Width": 43,
                      "Actual Startup Time": 922.909,
                      "Actual Total Time": 922.914,
                      "Actual Rows": 7,
                      "Actual Loops": 3,
                      "Group Key": [
                        "l_shipmode"
                      ],
                      "Planned Partitions": 0,
                      "HashAgg Batches": 1,
                      "Peak Memory Usage": 24,
                      "Disk Usage": 0,
                      "Shared Hit Blocks": 9298,
                      "Shared Read Blocks": 112188,
                      "Shared Dirtied Blocks": 0,
                      "Shared Written Blocks": 0,
                      "Local Hit Blocks": 0,
                      "Local Read Blocks": 0,
                      "Local Dirtied Blocks": 0,
                      "Local Written Blocks": 0,
                      "Temp Read Blocks": 0,
                      "Temp Written Blocks": 0,
                      "Workers": [
                        {
                          "Worker Number": 0,
                          "HashAgg Batches": 1,
                          "Peak Memory Usage": 24,
                          "Disk Usage": 0
                        },
                        {
                          "Worker Number": 1,
                          "HashAgg Batches": 1,
                          "Peak Memory Usage": 24,
                          "Disk Usage": 0
                        }
                      ],
                      "Plans": [
                        {
                          "Node Type": "Seq Scan",
                          "Parent Relationship": "Outer",
                          "Parallel Aware": true,
                          "Async Capable": false,
                          "Relation Name": "lineitem",
                          "Alias": "lineitem",
                          "Startup Cost": 0.0,
                          "Total Cost": 165247.36,
                          "Plan Rows": 174065,
                          "Plan Width": 23,
                          "Actual Startup Time": 0.785,
                          "Actual Total Time": 847.639,
                          "Actual Rows": 139270,
                          "Actual Loops": 3,
                          "Filter": "((l_shipdate >= '1994-01-01'::date) AND (l_shipdate <= '1994-12-31'::date) AND (l_quantity < '24'::numeric))",
                          "Rows Removed by Filter": 1861135,
                          "Shared Hit Blocks": 9298,
                          "Shared Read Blocks": 112188,
                          "Shared Dirtied Blocks": 0,
                          "Shared Written Blocks": 0,
                          "Local Hit Blocks": 0,
                          "Local Read Blocks": 0,
                          "Local Dirtied Blocks": 0,
                          "Local Written Blocks": 0,
                          "Temp Read Blocks": 0,
                          "Temp Written Blocks": 0,
                          "Workers": []
                        }
                      ]
                    }
                  ]
                }
              ]
            }
          ]
        }
      ]
    },
    "Planning": {
      "Shared Hit Blocks": 0,
      "Shared Read Blocks": 0,
      "Shared Dirtied Blocks": 0,
      "Shared Written Blocks": 0,
      "Local Hit Blocks": 0,
      "Local Read Blocks": 0,
      "Local Dirtied Blocks": 0,
      "Local Written Blocks": 0,
      "Temp Read Blocks": 0,
      "Temp Written Blocks": 0
    },
    "Planning Time": 0.306,
    "Triggers": [],
    "Execution Time": 990.556
  }
]