[
  {
    "Plan": {
      "Node Type": "Sort",
      "Parallel Aware": false,
      "Async Capable": false,
      "Startup Cost": 33860.34,
      "Total Cost": 33910.34,
      "Plan Rows": 20000,
      "Plan Width": 44,
      "Actual Startup Time": 1258.508,
      "Actual Total Time": 1341.169,
      "Actual Rows": 107250,
      "Actual Loops": 1,
      "Sort Key": [
        "(count(*)) DESC",
        "p.p_brand",
        "p.p_type",
        "p.p_size"
      ],
      "Sort Method": "external merge",
      "Sort Space Used": 6104,
      "Sort Space Type": "Disk",
      "Shared Hit Blocks": 324,
      "Shared Read Blocks": 6190,
      "Shared Dirtied Blocks": 0,
      "Shared Written Blocks": 0,
      "Local Hit Blocks": 0,
      "Local Read Blocks": 0,
      "Local Dirtied Blocks": 0,
      "Local Written Blocks": 0,
      "Temp Read Blocks": 1417,
      "Temp Written Blocks": 2243,
      "Plans": [
        {
          "Node Type": "Aggregate",
          "Strategy": "Hashed",
          "Partial Mode": "Finalize",
          "Parent Relationship": "Outer",
          "Parallel Aware": false,
          "Async Capable": false,
          "Startup Cost": 32231.57,
          "Total Cost": 32431.57,
          "Plan Rows": 20000,
          "Plan Width": 44,
          "Actual Startup Time": 524.507,
          "Actual Total Time": 591.472,
          "Actual Rows": 107250,
          "Actual Loops": 1,
          "Group Key": [
            "p.p_brand",
            "p.p_type",
            "p.p_size"
          ],
          "Planned Partitions": 0,
          "HashAgg Batches": 5,
          "Peak Memory Usage": 8241,
          "Disk Usage": 7016,
          "Shared Hit Blocks": 324,
          "Shared Read Blocks": 6190,
          "Shared Dirtied Blocks": 0,
          "Shared Written Blocks": 0,
          "Local Hit Blocks": 0,
          "Local Read Blocks": 0,
          "Local Dirtied Blocks": 0,
          "Local Written Blocks": 0,
          "Temp Read Blocks": 654,
          "Temp Written Blocks": 1478,
          "Plans": [
            {
              "Node Type": "Gather",
              "Parent Relationship": "Outer",
              "Parallel Aware": false,
              "Async Capable": false,
              "Startup Cost": 27631.57,
              "Total Cost": 31831.57,
              "Plan Rows": 40000,
              "Plan Width": 44,
              "Actual Startup Time": 361.652,
              "Actual Total Time": 419.82,
              "Actual Rows": 145617,
              "Actual Loops": 1,
              "Workers Planned": 2,
              "Workers Launched": 2,
              "Single Copy": false,
              "Shared Hit Blocks": 324,
              "Shared Read Blocks": 6190,
              "Shared Dirtied Blocks": 0,
              "Shared Written Blocks": 0,
              "Local Hit Blocks": 0,
              "Local Read Blocks": 0,
              "Local Dirtied Blocks": 0,
              "Local Written Blocks": 0,
              "Temp Read Blocks": 115,
              "Temp Written Blocks": 207,
              "Plans": [
                {
                  "Node Type": "Aggregate",
                  "Strategy": "Hashed",
                  "Partial Mode": "Partial",
                  "Parent Relationship": "Outer",
                  "Parallel Aware": false,
                  "Async Capable": false,
                  "Startup Cost": 26631.57,
                  "Total Cost": 26831.57,
                  "Plan Rows": 20000,
                  "Plan Width": 44,
                  "Actual Startup Time": 322.901,
                  "Actual Total Time": 339.758,
                  "Actual Rows": 48539,
                  "Actual Loops": 3,
                  "Group Key": [
                    "p.p_brand",
                    "p.p_type",
                    "p.p_size"
                  ],
                  "Planned Partitions": 0,
                  "HashAgg Batches": 1,
                  "Peak Memory Usage": 5137,
                  "Disk Usage": 0,
                  "Shared Hit Blocks": 324,
                  "Shared Read Blocks": 6190,
                  "Shared Dirtied Blocks": 0,
                  "Shared Written Blocks": 0,
                  "Local Hit Blocks": 0,
                  "Local Read Blocks": 0,
                  "Local Dirtied Blocks": 0,
                  "Local Written Blocks": 0,
                  "Temp Read Blocks": 115,
                  "Temp Written Blocks": 207,
                  "Workers": [
                    {
                      "Worker Number": 0,
                      "HashAgg Batches": 5,
                      "Peak Memory Usage": 8241,
                      "Disk Usage": 232
                    },
                    {
                      "Worker Number": 1,
                      "HashAgg Batches": 5,
                      "Peak Memory Usage": 8241,
                      "Disk Usage": 760
                    }
                  ],
                  "Plans": [
                    {
                      "Node Type": "Hash Join",
                      "Parent Relationship": "Outer",
                      "Parallel Aware": true,
                      "Async Capable": false,
                      "Join Type": "Inner",
                      "Startup Cost": 6674.3,
                      "Total Cost": 23714.65,
                      "Plan Rows": 291692,
                      "Plan Width": 36,
                      "Actual Startup Time": 56.67,
                      "Actual Total Time": 231.205,
                      "Actual Rows": 232357,
                      "Actual Loops": 3,
                      "Inner Unique": true,
                      "Hash Cond": "(ps.ps_partkey = p.p_partkey)",
                      "Shared Hit Blocks": 324,
                      "Shared Read Blocks": 6190,
                      "Shared Dirtied Blocks": 0,
                      "Shared Written Blocks": 0,
                      "Local Hit Blocks": 0,
                      "Local Read Blocks": 0,
                      "Local Dirtied Blocks": 0,
                      "Local Written Blocks": 0,
                      "Temp Read Blocks": 0,
                      "Temp Written Blocks": 0,
                      "Workers": [],
                      "Plans": [
                        {
                          "Node Type": "Index Only Scan",
                          "Parent Relationship": "Outer",
                          "Parallel Aware": true,
                          "Async Capable": false,
                          "Scan Direction": "Forward",
                          "Index Name": "pk_partsupp",
                          "Relation Name": "partsupp",
                          "Alias": "ps",
                          "Startup Cost": 0.42,
                          "Total Cost": 16165.76,
                          "Plan Rows": 333333,
                          "Plan Width": 4,
                          "Actual Startup Time": 1.857,
                          "Actual Total Time": 102.454,
                          "Actual Rows": 266667,
                          "Actual Loops": 3,
                          "Heap Fetches": 0,
                          "Shared Hit Blocks": 155,
                          "Shared Read Blocks": 2049,
                          "Shared Dirtied Blocks": 0,
                          "Shared Written Blocks": 0,
                          "Local Hit Blocks": 0,
                          "Local Read Blocks": 0,
                          "Local Dirtied Blocks": 0,
                          "Local Written Blocks": 0,
                          "Temp Read Blocks": 0,
                          "Temp Written Blocks": 0,
                          "Workers": []
                        },
                        {
                          "Node Type": "Hash",
                          "Parent Relationship": "Inner",
                          "Parallel Aware": true,
                          "Async Capable": false,
                          "Startup Cost": 5762.33,
                          "Total Cost": 5762.33,
                          "Plan Rows": 72923,
                          "Plan Width": 40,
                          "Actual Startup Time": 54.056,
                          "Actual Total Time": 54.057,
                          "Actual Rows": 58089,
                          "Actual Loops": 3,
                          "Hash Buckets": 262144,
                          "Original Hash Buckets": 262144,
                          "Hash Batches": 1,
                          "Original Hash Batches": 1,
                          "Peak Memory Usage": 15136,
                          "Shared Hit Blocks": 163,
                          "Shared Read Blocks": 4141,
                          "Shared Dirtied Blocks": 0,
                          "Shared Written Blocks": 0,
                          "Local Hit Blocks": 0,
                          "Local Read Blocks": 0,
                          "Local Dirtied Blocks": 0,
                          "Local Written Blocks": 0,
                          "Temp Read Blocks": 0,
                          "Temp Written Blocks": 0,
                          "Workers": [],
                          "Plans": [
                            {
                              "Node Type": "Seq Scan",
                              "Parent Relationship": "Outer",
                              "Parallel Aware": true,
                              "Async Capable": false,
                              "Relation Name": "part",
                              "Alias": "p",
                              "Startup Cost": 0.0,
                              "Total Cost": 5762.33,
                              "Plan Rows": 72923,
                              "Plan Width": 40,
                              "Actual Startup Time": 0.613,
                              "Actual Total Time": 30.914,
                              "Actual Rows": 58089,
                              "Actual Loops": 3,
                              "Filter": "((p_size >= 4) AND ((p_type)::text !~~ 'SMALL PLATED%'::text) AND (p_brand <> 'Brand#45'::bpchar))",
                              "Rows Removed by Filter": 8577,
                              "Shared Hit Blocks": 163,
                              "Shared Read Blocks": 4141,
                              "Shared Dirtied Blocks": 0,
                              "Shared Written Blocks": 0,
                              "Local Hit Blocks": 0,
                              "Local Read Blocks": 0,
                              "Local Dirtied Blocks": 0,
                              "Local Written Blocks": 0,
                              "Temp Read Blocks": 0,
                              "Temp Written Blocks": 0,
                              "Workers": []
                            }
                          ]
                        }
                      ]
                    }
                  ]
                }
              ]
            }
          ]
        }
      ]
    },
    "Planning": {
      "Shared Hit Blocks": 19,
      "Shared Read Blocks": 2,
      "Shared Dirtied Blocks": 0,
      "Shared Written Blocks": 0,
      "Local Hit Blocks": 0,
      "Local Read Blocks": 0,
      "Local Dirtied Blocks": 0,
      "Local Written Blocks": 0,
      "Temp Read Blocks": 0,
      "Temp Written Blocks": 0
    },
    "Planning Time": 0.647,
    "Triggers": [],
    "Execution Time": 1356.229
  }
]