{
  "Node Type": "Limit",
  "Parallel Aware": false,
  "Async Capable": false,
  "Startup Cost": 6330.47,
  "Total Cost": 6331.68,
  "Plan Rows": 10,
  "Plan Width": 53,
  "Plans": [
    {
      "Node Type": "Aggregate",
      "Strategy": "Sorted",
      "Partial Mode": "Finalize",
      "Parent Relationship": "Outer",
      "Parallel Aware": false,
      "Async Capable": false,
      "Startup Cost": 6330.47,
      "Total Cost": 9632.73,
      "Plan Rows": 27344,
      "Plan Width": 53,
      "Group Key": [
        "cust.c_name",
        "nat.n_name"
      ],
      "Plans": [
        {
          "Node Type": "Gather Merge",
          "Parent Relationship": "Outer",
          "Parallel Aware": false,
          "Async Capable": false,
          "Startup Cost": 6330.47,
          "Total Cost": 9188.4,
          "Plan Rows": 22786,
          "Plan Width": 53,
          "Workers Planned": 2,
          "Workers Launched": 2,
          "Plans": [
            {
              "Node Type": "Aggregate",
              "Strategy": "Sorted",
              "Partial Mode": "Partial",
              "Parent Relationship": "Outer",
              "Parallel Aware": false,
              "Async Capable": false,
              "Startup Cost": 5330.44,
              "Total Cost": 5558.3,
              "Plan Rows": 11393,
              "Plan Width": 53,
              "Group Key": [
                "cust.c_name",
                "nat.n_name"
              ],
              "Workers": [],
              "Plans": [
                {
                  "Node Type": "Sort",
                  "Parent Relationship": "Outer",
                  "Parallel Aware": false,
                  "Async Capable": false,
                  "Startup Cost": 5330.44,
                  "Total Cost": 5358.93,
                  "Plan Rows": 11393,
                  "Plan Width": 45,
                  "Sort Key": [
                    "cust.c_name",
                    "nat.n_name DESC"
                  ],
                  "Sort Method": "quicksort",
                  "Sort Space Used": 2161,
                  "Sort Space Type": "Memory",
                  "Workers": [
                    {
                      "Worker Number": 0,
                      "Sort Method": "quicksort",
                      "Sort Space Used": 270,
                      "Sort Space Type": "Memory"
                    },
                    {
                      "Worker Number": 1,
                      "Sort Method": "quicksort",
                      "Sort Space Used": 225,
                      "Sort Space Type": "Memory"
                    }
                  ],
                  "Plans": [
                    {
                      "Node Type": "Hash Join",
                      "Parent Relationship": "Outer",
                      "Parallel Aware": false,
                      "Async Capable": false,
                      "Join Type": "Left",
                      "Startup Cost": 1.56,
                      "Total Cost": 4562.79,
                      "Plan Rows": 11393,
                      "Plan Width": 45,
                      "Inner Unique": true,
                      "Hash Cond": "(cust.c_nationkey = nat.n_nationkey)",
                      "Workers": [],
                      "Plans": [
                        {
                          "Node Type": "Seq Scan",
                          "Parent Relationship": "Outer",
                          "Parallel Aware": true,
                          "Async Capable": false,
                          "Relation Name": "customer",
                          "Alias": "cust",
                          "Startup Cost": 0.0,
                          "Total Cost": 4526.25,
                          "Plan Rows": 11393,
                          "Plan Width": 23,
                          "Filter": "(c_acctbal < '1000'::numeric)",
                          "Rows Removed by Filter": 40960,
                          "Workers": []
                        },
                        {
                          "Node Type": "Hash",
                          "Parent Relationship": "Inner",
                          "Parallel Aware": false,
                          "Async Capable": false,
                          "Startup Cost": 1.25,
                          "Total Cost": 1.25,
                          "Plan Rows": 25,
                          "Plan Width": 30,
                          "Hash Buckets": 1024,
                          "Original Hash Buckets": 1024,
                          "Hash Batches": 1,
                          "Original Hash Batches": 1,
                          "Peak Memory Usage": 10,
                          "Workers": [],
                          "Plans": [
                            {
                              "Node Type": "Seq Scan",
                              "Parent Relationship": "Outer",
                              "Parallel Aware": false,
                              "Async Capable": false,
                              "Relation Name": "nation",
                              "Alias": "nat",
                              "Startup Cost": 0.0,
                              "Total Cost": 1.25,
                              "Plan Rows": 25,
                              "Plan Width": 30,
                              "Workers": []
                            }
                          ]
                        }
                      ]
                    }
                  ]
                }
              ]
            }
          ]
        }
      ]
    }
  ]
}