[
  {
    "Plan": {
      "Node Type": "Limit",
      "Parallel Aware": false,
      "Async Capable": false,
      "Startup Cost": 209123.88,
      "Total Cost": 209125.18,
      "Plan Rows": 5,
      "Plan Width": 23,
      "Actual Startup Time": 1336.387,
      "Actual Total Time": 1388.934,
      "Actual Rows": 5,
      "Actual Loops": 1,
      "Shared Hit Blocks": 870,
      "Shared Read Blocks": 149012,
      "Shared Dirtied Blocks": 0,
      "Shared Written Blocks": 0,
      "Local Hit Blocks": 0,
      "Local Read Blocks": 0,
      "Local Dirtied Blocks": 0,
      "Local Written Blocks": 0,
      "Temp Read Blocks": 7680,
      "Temp Written Blocks": 7716,
      "Plans": [
        {
          "Node Type": "Aggregate",
          "Strategy": "Sorted",
          "Partial Mode": "Finalize",
          "Parent Relationship": "Outer",
          "Parallel Aware": false,
          "Async Capable": false,
          "Startup Cost": 209123.88,
          "Total Cost": 209125.69,
          "Plan Rows": 7,
          "Plan Width": 23,
          "Actual Startup Time": 1336.386,
          "Actual Total Time": 1388.93,
          "Actual Rows": 5,
          "Actual Loops": 1,
          "Group Key": [
            "l.l_shipmode",
            "o.o_shippriority"
          ],
          "Shared Hit Blocks": 870,
          "Shared Read Blocks": 149012,
          "Shared Dirtied Blocks": 0,
          "Shared Written Blocks": 0,
          "Local Hit Blocks": 0,
          "Local Read Blocks": 0,
          "Local Dirtied Blocks": 0,
          "Local Written Blocks": 0,
          "Temp Read Blocks": 7680,
          "Temp Written Blocks": 7716,
          "Plans": [
            {
              "Node Type": "Gather Merge",
              "Parent Relationship": "Outer",
              "Parallel Aware": false,
              "Async Capable": false,
              "Startup Cost": 209123.88,
              "Total Cost": 209125.52,
              "Plan Rows": 14,
              "Plan Width": 23,
              "Actual Startup Time": 1336.365,
              "Actual Total Time": 1388.912,
              "Actual Rows": 16,
              "Actual Loops": 1,
              "Workers Planned": 2,
              "Workers Launched": 2,
              "Shared Hit Blocks": 870,
              "Shared Read Blocks": 149012,
              "Shared Dirtied Blocks": 0,
              "Shared Written Blocks": 0,
              "Local Hit Blocks": 0,
              "Local Read Blocks": 0,
              "Local Dirtied Blocks": 0,
              "Local Written Blocks": 0,
              "Temp Read Blocks": 7680,
              "Temp Written Blocks": 7716,
              "Plans": [
                {
                  "Node Type": "Sort",
                  "Parent Relationship": "Outer",
                  "Parallel Aware": false,
                  "Async Capable": false,
                  "Startup Cost": 208123.86,
                  "Total Cost": 208123.88,
                  "Plan Rows": 7,
                  "Plan Width": 23,
                  "Actual Startup Time": 1298.172,
                  "Actual Total Time": 1299.02,
                  "Actual Rows": 7,
                  "Actual Loops": 3,
                  "Sort Key": [
                    "l.l_shipmode",
                    "o.o_shippriority"
                  ],
                  "Sort Method": "quicksort",
                  "Sort Space Used": 25,
                  "Sort Space Type": "Memory",
                  "Shared Hit Blocks": 870,
                  "Shared Read Blocks": 149012,
                  "Shared Dirtied Blocks": 0,
                  "Shared Written Blocks": 0,
                  "Local Hit Blocks": 0,
                  "Local Read Blocks": 0,
                  "Local Dirtied Blocks": 0,
                  "Local Written Blocks": 0,
                  "Temp Read Blocks": 7680,
                  "Temp Written Blocks": 7716,
                  "Workers": [
                    {
                      "Worker Number": 0,
                      "Sort Method": "quicksort",
                      "Sort Space Used": 25,
                      "Sort Space Type": "Memory"
                    },
                    {
                      "Worker Number": 1,
                      "Sort Method": "quicksort",
                      "Sort Space Used": 25,
                      "Sort Space Type": "Memory"
                    }
                  ],
                  "Plans": [
                    {
                      "Node Type": "Aggregate",
                      "Strategy": "Hashed",
                      "Partial Mode": "Partial",
                      "Parent Relationship": "Outer",
                      "Parallel Aware": false,
                      "Async Capable": false,
                      "Startup Cost": 208123.69,
                      "Total Cost": 208123.76,
                      "Plan Rows": 7,
                      "Plan Width": 23,
                      "Actual Startup Time": 1298.11,
                      "Actual Total Time": 1298.958,
                      "Actual Rows": 7,
                      "Actual Loops": 3,
                      "Group Key": [
                        "l.l_shipmode",
                        "o.o_shippriority"
                      ],
                      "Planned Partitions": 0,
                      "HashAgg Batches": 1,
                      "Peak Memory Usage": 24,
                      "Disk Usage": 0,
                      "Shared Hit Blocks": 842,
                      "Shared Read Blocks": 149012,
                      "Shared Dirtied Blocks": 0,
                      "Shared Written Blocks": 0,
                      "Local Hit Blocks": 0,
                      "Local Read Blocks": 0,
                      "Local Dirtied Blocks": 0,
                      "Local Written Blocks": 0,
                      "Temp Read Blocks": 7680,
                      "Temp Written Blocks": 7716,
                      "Workers": [
                        {
                          "Worker Number": 0,
                          "HashAgg Batches": 1,
                          "Peak Memory Usage": 24,
                          "Disk Usage": 0
                        },
                        {
                          "Worker Number": 1,
                          "HashAgg Batches": 1,
                          "Peak Memory Usage": 24,
                          "Disk Usage": 0
                        }
                      ],
                      "Plans": [
                        {
                          "Node Type": "Hash Join",
                          "Parent Relationship": "Outer",
                          "Parallel Aware": true,
                          "Async Capable": false,
                          "Join Type": "Inner",
                          "Startup Cost": 162769.77,
                          "Total Cost": 206796.2,
                          "Plan Rows": 176999,
                          "Plan Width": 15,
                          "Actual Startup Time": 1043.418,
                          "Actual Total Time": 1246.781,
                          "Actual Rows": 165075,
                          "Actual Loops": 3,
                          "Inner Unique": true,
                          "Hash Cond": "(o.o_orderkey = l.l_orderkey)",
                          "Shared Hit Blocks": 842,
                          "Shared Read Blocks": 149012,
                          "Shared Dirtied Blocks": 0,
                          "Shared Written Blocks": 0,
                          "Local Hit Blocks": 0,
                          "Local Read Blocks": 0,
                          "Local Dirtied Blocks": 0,
                          "Local Written Blocks": 0,
                          "Temp Read Blocks": 7680,
                          "Temp Written Blocks": 7716,
                          "Workers": [],
                          "Plans": [
                            {
                              "Node Type": "Seq Scan",
                              "Parent Relationship": "Outer",
                              "Parallel Aware": true,
                              "Async Capable": false,
                              "Relation Name": "orders",
                              "Alias": "o",
                              "Startup Cost": 0.0,
                              "Total Cost": 36150.5,
                              "Plan Rows": 538257,
                              "Plan Width": 12,
                              "Actual Startup Time": 0.554,
                              "Actual Total Time": 179.157,
                              "Actual Rows": 429618,
                              "Actual Loops": 3,
                              "Filter": "(o_totalprice > '50000'::numeric)",
                              "Rows Removed by Filter": 70382,
                              "Shared Hit Blocks": 321,
                              "Shared Read Blocks": 28017,
                              "Shared Dirtied Blocks": 0,
                              "Shared Written Blocks": 0,
                              "Local Hit Blocks": 0,
                              "Local Read Blocks": 0,
                              "Local Dirtied Blocks": 0,
                              "Local Written Blocks": 0,
                              "Temp Read Blocks": 0,
                              "Temp Written Blocks": 0,
                              "Workers": []
                            },
                            {
                              "Node Type": "Hash",
                              "Parent Relationship": "Inner",
                              "Parallel Aware": true,
                              "Async Capable": false,
                              "Startup Cost": 158995.74,
                              "Total Cost": 158995.74,
                              "Plan Rows": 205523,
                              "Plan Width": 19,
                              "Actual Startup Time": 755.341,
                              "Actual Total Time": 755.342,
                              "Actual Rows": 165729,
                              "Actual Loops": 3,
                              "Hash Buckets": 131072,
                              "Original Hash Buckets": 131072,
                              "Hash Batches": 4,
                              "Original Hash Batches": 4,
                              "Peak Memory Usage": 7872,
                              "Shared Hit Blocks": 491,
                              "Shared Read Blocks": 120995,
                              "Shared Dirtied Blocks": 0,
                              "Shared Written Blocks": 0,
                              "Local Hit Blocks": 0,
                              "Local Read Blocks": 0,
                              "Local Dirtied Blocks": 0,
                              "Local Written Blocks": 0,
                              "Temp Read Blocks": 0,
                              "Temp Written Blocks": 2028,
                              "Workers": [],
                              "Plans": [
                                {
                                  "Node Type": "Seq Scan",
                                  "Parent Relationship": "Outer",
                                  "Parallel Aware": true,
                                  "Async Capable": false,
                                  "Relation Name": "lineitem",
                                  "Alias": "l",
                                  "Startup Cost": 0.0,
                                  "Total Cost": 158995.74,
                                  "Plan Rows": 205523,
                                  "Plan Width": 19,
                                  "Actual Startup Time": 0.614,
                                  "Actual Total Time": 705.286,
                                  "Actual Rows": 165729,
                                  "Actual Loops": 3,
                                  "Filter": "((l_quantity < '30'::numeric) AND (l_linenumber = 4))",
                                  "Rows Removed by Filter": 1834676,
                                  "Shared Hit Blocks": 491,
                                  "Shared Read Blocks": 120995,
                                  "Shared Dirtied Blocks": 0,
                                  "Shared Written Blocks": 0,
                                  "Local Hit Blocks": 0,
                                  "Local Read Blocks": 0,
                                  "Local Dirtied Blocks": 0,
                                  "Local Written Blocks": 0,
                                  "Temp Read Blocks": 0,
                                  "Temp Written Blocks": 0,
                                  "Workers": []
                                }
                              ]
                            }
                          ]
                        }
                      ]
                    }
                  ]
                }
              ]
            }
          ]
        }
      ]
    },
    "Planning": {
      "Shared Hit Blocks": 26,
      "Shared Read Blocks": 2,
      "Shared Dirtied Blocks": 0,
      "Shared Written Blocks": 0,
      "Local Hit Blocks": 0,
      "Local Read Blocks": 0,
      "Local Dirtied Blocks": 0,
      "Local Written Blocks": 0,
      "Temp Read Blocks": 0,
      "Temp Written Blocks": 0
    },
    "Planning Time": 0.309,
    "Triggers": [],
    "Execution Time": 1389.054
  }
]