{
  "Node Type": "Limit",
  "Parallel Aware": false,
  "Async Capable": false,
  "Startup Cost": 37290.16,
  "Total Cost": 37301.83,
  "Plan Rows": 100,
  "Plan Width": 58,
  "Plans": [
    {
      "Node Type": "Gather Merge",
      "Parent Relationship": "Outer",
      "Parallel Aware": false,
      "Async Capable": false,
      "Startup Cost": 37290.16,
      "Total Cost": 84464.36,
      "Plan Rows": 404322,
      "Plan Width": 58,
      "Workers Planned": 2,
      "Workers Launched": 2,
      "Plans": [
        {
          "Node Type": "Sort",
          "Parent Relationship": "Outer",
          "Parallel Aware": false,
          "Async Capable": false,
          "Startup Cost": 36290.14,
          "Total Cost": 36795.54,
          "Plan Rows": 202161,
          "Plan Width": 58,
          "Sort Key": [
            "ps.ps_suppkey"
          ],
          "Sort Method": "top-N heapsort",
          "Sort Space Used": 46,
          "Sort Space Type": "Memory",
          "Workers": [
            {
              "Worker Number": 0,
              "Sort Method": "top-N heapsort",
              "Sort Space Used": 46,
              "Sort Space Type": "Memory"
            },
            {
              "Worker Number": 1,
              "Sort Method": "top-N heapsort",
              "Sort Space Used": 45,
              "Sort Space Type": "Memory"
            }
          ],
          "Plans": [
            {
              "Node Type": "Hash Join",
              "Parent Relationship": "Outer",
              "Parallel Aware": true,
              "Async Capable": false,
              "Join Type": "Inner",
              "Startup Cost": 6301.98,
              "Total Cost": 28563.69,
              "Plan Rows": 202161,
              "Plan Width": 58,
              "Inner Unique": true,
              "Hash Cond": "(ps.ps_partkey = p.p_partkey)",
              "Workers": [],
              "Plans": [
                {
                  "Node Type": "Seq Scan",
                  "Parent Relationship": "Outer",
                  "Parallel Aware": true,
                  "Async Capable": false,
                  "Relation Name": "partsupp",
                  "Alias": "ps",
                  "Startup Cost": 0.0,
                  "Total Cost": 21683.67,
                  "Plan Rows": 220204,
                  "Plan Width": 8,
                  "Filter": "(ps_availqty > 3350)",
                  "Rows Removed by Filter": 89104,
                  "Workers": []
                },
                {
                  "Node Type": "Hash",
                  "Parent Relationship": "Inner",
                  "Parallel Aware": true,
                  "Async Capable": false,
                  "Startup Cost": 5345.67,
                  "Total Cost": 5345.67,
                  "Plan Rows": 76505,
                  "Plan Width": 58,
                  "Hash Buckets": 262144,
                  "Original Hash Buckets": 262144,
                  "Hash Batches": 1,
                  "Original Hash Batches": 1,
                  "Peak Memory Usage": 19136,
                  "Workers": [],
                  "Plans": [
                    {
                      "Node Type": "Seq Scan",
                      "Parent Relationship": "Outer",
                      "Parallel Aware": true,
                      "Async Capable": false,
                      "Relation Name": "part",
                      "Alias": "p",
                      "Startup Cost": 0.0,
                      "Total Cost": 5345.67,
                      "Plan Rows": 76505,
                      "Plan Width": 58,
                      "Filter": "(p_size > 4)",
                      "Rows Removed by Filter": 5403,
                      "Workers": []
                    }
                  ]
                }
              ]
            }
          ]
        }
      ]
    }
  ]
}