[
  {
    "Plan": {
      "Node Type": "Limit",
      "Parallel Aware": false,
      "Async Capable": false,
      "Startup Cost": 73013.88,
      "Total Cost": 73013.93,
      "Plan Rows": 20,
      "Plan Width": 81,
      "Actual Startup Time": 1566.983,
      "Actual Total Time": 1566.993,
      "Actual Rows": 20,
      "Actual Loops": 1,
      "Shared Hit Blocks": 9940,
      "Shared Read Blocks": 12105,
      "Shared Dirtied Blocks": 0,
      "Shared Written Blocks": 0,
      "Local Hit Blocks": 0,
      "Local Read Blocks": 0,
      "Local Dirtied Blocks": 0,
      "Local Written Blocks": 0,
      "Temp Read Blocks": 2377,
      "Temp Written Blocks": 2377,
      "Plans": [
        {
          "Node Type": "Sort",
          "Parent Relationship": "Outer",
          "Parallel Aware": false,
          "Async Capable": false,
          "Startup Cost": 73013.88,
          "Total Cost": 75013.88,
          "Plan Rows": 800000,
          "Plan Width": 81,
          "Actual Startup Time": 1566.981,
          "Actual Total Time": 1566.988,
          "Actual Rows": 20,
          "Actual Loops": 1,
          "Sort Key": [
            "pa.p_name",
            "su.s_phone",
            "ps.ps_supplycost",
            "na.n_name DESC"
          ],
          "Sort Method": "top-N heapsort",
          "Sort Space Used": 27,
          "Sort Space Type": "Memory",
          "Shared Hit Blocks": 9940,
          "Shared Read Blocks": 12105,
          "Shared Dirtied Blocks": 0,
          "Shared Written Blocks": 0,
          "Local Hit Blocks": 0,
          "Local Read Blocks": 0,
          "Local Dirtied Blocks": 0,
          "Local Written Blocks": 0,
          "Temp Read Blocks": 2377,
          "Temp Written Blocks": 2377,
          "Plans": [
            {
              "Node Type": "Hash Join",
              "Parent Relationship": "Outer",
              "Parallel Aware": false,
              "Async Capable": false,
              "Join Type": "Full",
              "Startup Cost": 10668.04,
              "Total Cost": 51726.17,
              "Plan Rows": 800000,
              "Plan Width": 81,
              "Actual Startup Time": 154.42,
              "Actual Total Time": 1246.611,
              "Actual Rows": 800020,
              "Actual Loops": 1,
              "Inner Unique": true,
              "Hash Cond": "(su.s_nationkey = na.n_nationkey)",
              "Join Filter": "(na.n_regionkey > 3)",
              "Rows Removed by Join Filter": 172640,
              "Shared Hit Blocks": 9940,
              "Shared Read Blocks": 12105,
              "Shared Dirtied Blocks": 0,
              "Shared Written Blocks": 0,
              "Local Hit Blocks": 0,
              "Local Read Blocks": 0,
              "Local Dirtied Blocks": 0,
              "Local Written Blocks": 0,
              "Temp Read Blocks": 2377,
              "Temp Written Blocks": 2377,
              "Plans": [
                {
                  "Node Type": "Hash Join",
                  "Parent Relationship": "Outer",
                  "Parallel Aware": false,
                  "Async Capable": false,
                  "Join Type": "Left",
                  "Startup Cost": 10666.48,
                  "Total Cost": 49537.41,
                  "Plan Rows": 800000,
                  "Plan Width": 59,
                  "Actual Startup Time": 154.377,
                  "Actual Total Time": 1086.54,
                  "Actual Rows": 800000,
                  "Actual Loops": 1,
                  "Inner Unique": true,
                  "Hash Cond": "(ps.ps_suppkey = su.s_suppkey)",
                  "Shared Hit Blocks": 9939,
                  "Shared Read Blocks": 12105,
                  "Shared Dirtied Blocks": 0,
                  "Shared Written Blocks": 0,
                  "Local Hit Blocks": 0,
                  "Local Read Blocks": 0,
                  "Local Dirtied Blocks": 0,
                  "Local Written Blocks": 0,
                  "Temp Read Blocks": 2377,
                  "Temp Written Blocks": 2377,
                  "Plans": [
                    {
                      "Node Type": "Hash Join",
                      "Parent Relationship": "Outer",
                      "Parallel Aware": false,
                      "Async Capable": false,
                      "Join Type": "Left",
                      "Startup Cost": 10284.84,
                      "Total Cost": 47054.88,
                      "Plan Rows": 800000,
                      "Plan Width": 43,
                      "Actual Startup Time": 150.451,
                      "Actual Total Time": 858.932,
                      "Actual Rows": 800000,
                      "Actual Loops": 1,
                      "Inner Unique": true,
                      "Hash Cond": "(ps.ps_partkey = pa.p_partkey)",
                      "Shared Hit Blocks": 9716,
                      "Shared Read Blocks": 12105,
                      "Shared Dirtied Blocks": 0,
                      "Shared Written Blocks": 0,
                      "Local Hit Blocks": 0,
                      "Local Read Blocks": 0,
                      "Local Dirtied Blocks": 0,
                      "Local Written Blocks": 0,
                      "Temp Read Blocks": 2377,
                      "Temp Written Blocks": 2377,
                      "Plans": [
                        {
                          "Node Type": "Seq Scan",
                          "Parent Relationship": "Outer",
                          "Parallel Aware": false,
                          "Async Capable": false,
                          "Relation Name": "partsupp",
                          "Alias": "ps",
                          "Startup Cost": 0.0,
                          "Total Cost": 25517.0,
                          "Plan Rows": 800000,
                          "Plan Width": 14,
                          "Actual Startup Time": 0.01,
                          "Actual Total Time": 259.563,
                          "Actual Rows": 800000,
                          "Actual Loops": 1,
                          "Shared Hit Blocks": 9489,
                          "Shared Read Blocks": 8028,
                          "Shared Dirtied Blocks": 0,
                          "Shared Written Blocks": 0,
                          "Local Hit Blocks": 0,
                          "Local Read Blocks": 0,
                          "Local Dirtied Blocks": 0,
                          "Local Written Blocks": 0,
                          "Temp Read Blocks": 0,
                          "Temp Written Blocks": 0
                        },
                        {
                          "Node Type": "Hash",
                          "Parent Relationship": "Inner",
                          "Parallel Aware": false,
                          "Async Capable": false,
                          "Startup Cost": 6804.0,
                          "Total Cost": 6804.0,
                          "Plan Rows": 171347,
                          "Plan Width": 37,
                          "Actual Startup Time": 149.02,
                          "Actual Total Time": 149.022,
                          "Actual Rows": 171686,
                          "Actual Loops": 1,
                          "Hash Buckets": 131072,
                          "Original Hash Buckets": 131072,
                          "Hash Batches": 2,
                          "Original Hash Batches": 2,
                          "Peak Memory Usage": 7006,
                          "Shared Hit Blocks": 227,
                          "Shared Read Blocks": 4077,
                          "Shared Dirtied Blocks": 0,
                          "Shared Written Blocks": 0,
                          "Local Hit Blocks": 0,
                          "Local Read Blocks": 0,
                          "Local Dirtied Blocks": 0,
                          "Local Written Blocks": 0,
                          "Temp Read Blocks": 0,
                          "Temp Written Blocks": 619,
                          "Plans": [
                            {
                              "Node Type": "Seq Scan",
                              "Parent Relationship": "Outer",
                              "Parallel Aware": false,
                              "Async Capable": false,
                              "Relation Name": "part",
                              "Alias": "pa",
                              "Startup Cost": 0.0,
                              "Total Cost": 6804.0,
                              "Plan Rows": 171347,
                              "Plan Width": 37,
                              "Actual Startup Time": 0.061,
                              "Actual Total Time": 82.136,
                              "Actual Rows": 171686,
                              "Actual Loops": 1,
                              "Filter": "(p_size > 7)",
                              "Rows Removed by Filter": 28314,
                              "Shared Hit Blocks": 227,
                              "Shared Read Blocks": 4077,
                              "Shared Dirtied Blocks": 0,
                              "Shared Written Blocks": 0,
                              "Local Hit Blocks": 0,
                              "Local Read Blocks": 0,
                              "Local Dirtied Blocks": 0,
                              "Local Written Blocks": 0,
                              "Temp Read Blocks": 0,
                              "Temp Written Blocks": 0
                            }
                          ]
                        }
                      ]
                    },
                    {
                      "Node Type": "Hash",
                      "Parent Relationship": "Inner",
                      "Parallel Aware": false,
                      "Async Capable": false,
                      "Startup Cost": 348.0,
                      "Total Cost": 348.0,
                      "Plan Rows": 2691,
                      "Plan Width": 24,
                      "Actual Startup Time": 3.879,
                      "Actual Total Time": 3.88,
                      "Actual Rows": 2691,
                      "Actual Loops": 1,
                      "Hash Buckets": 4096,
                      "Original Hash Buckets": 4096,
                      "Hash Batches": 1,
                      "Original Hash Batches": 1,
                      "Peak Memory Usage": 180,
                      "Shared Hit Blocks": 223,
                      "Shared Read Blocks": 0,
                      "Shared Dirtied Blocks": 0,
                      "Shared Written Blocks": 0,
                      "Local Hit Blocks": 0,
                      "Local Read Blocks": 0,
                      "Local Dirtied Blocks": 0,
                      "Local Written Blocks": 0,
                      "Temp Read Blocks": 0,
                      "Temp Written Blocks": 0,
                      "Plans": [
                        {
                          "Node Type": "Seq Scan",
                          "Parent Relationship": "Outer",
                          "Parallel Aware": false,
                          "Async Capable": false,
                          "Relation Name": "supplier",
                          "Alias": "su",
                          "Startup Cost": 0.0,
                          "Total Cost": 348.0,
                          "Plan Rows": 2691,
                          "Plan Width": 24,
                          "Actual Startup Time": 0.035,
                          "Actual Total Time": 3.181,
                          "Actual Rows": 2691,
                          "Actual Loops": 1,
                          "Filter": "(s_acctbal < '2000'::numeric)",
                          "Rows Removed by Filter": 7309,
                          "Shared Hit Blocks": 223,
                          "Shared Read Blocks": 0,
                          "Shared Dirtied Blocks": 0,
                          "Shared Written Blocks": 0,
                          "Local Hit Blocks": 0,
                          "Local Read Blocks": 0,
                          "Local Dirtied Blocks": 0,
                          "Local Written Blocks": 0,
                          "Temp Read Blocks": 0,
                          "Temp Written Blocks": 0
                        }
                      ]
                    }
                  ]
                },
                {
                  "Node Type": "Hash",
                  "Parent Relationship": "Inner",
                  "Parallel Aware": false,
                  "Async Capable": false,
                  "Startup Cost": 1.25,
                  "Total Cost": 1.25,
                  "Plan Rows": 25,
                  "Plan Width": 34,
                  "Actual Startup Time": 0.036,
                  "Actual Total Time": 0.036,
                  "Actual Rows": 25,
                  "Actual Loops": 1,
                  "Hash Buckets": 1024,
                  "Original Hash Buckets": 1024,
                  "Hash Batches": 1,
                  "Original Hash Batches": 1,
                  "Peak Memory Usage": 10,
                  "Shared Hit Blocks": 1,
                  "Shared Read Blocks": 0,
                  "Shared Dirtied Blocks": 0,
                  "Shared Written Blocks": 0,
                  "Local Hit Blocks": 0,
                  "Local Read Blocks": 0,
                  "Local Dirtied Blocks": 0,
                  "Local Written Blocks": 0,
                  "Temp Read Blocks": 0,
                  "Temp Written Blocks": 0,
                  "Plans": [
                    {
                      "Node Type": "Seq Scan",
                      "Parent Relationship": "Outer",
                      "Parallel Aware": false,
                      "Async Capable": false,
                      "Relation Name": "nation",
                      "Alias": "na",
                      "Startup Cost": 0.0,
                      "Total Cost": 1.25,
                      "Plan Rows": 25,
                      "Plan Width": 34,
                      "Actual Startup Time": 0.018,
                      "Actual Total Time": 0.027,
                      "Actual Rows": 25,
                      "Actual Loops": 1,
                      "Shared Hit Blocks": 1,
                      "Shared Read Blocks": 0,
                      "Shared Dirtied Blocks": 0,
                      "Shared Written Blocks": 0,
                      "Local Hit Blocks": 0,
                      "Local Read Blocks": 0,
                      "Local Dirtied Blocks": 0,
                      "Local Written Blocks": 0,
                      "Temp Read Blocks": 0,
                      "Temp Written Blocks": 0
                    }
                  ]
                }
              ]
            }
          ]
        }
      ]
    },
    "Planning": {
      "Shared Hit Blocks": 22,
      "Shared Read Blocks": 0,
      "Shared Dirtied Blocks": 0,
      "Shared Written Blocks": 0,
      "Local Hit Blocks": 0,
      "Local Read Blocks": 0,
      "Local Dirtied Blocks": 0,
      "Local Written Blocks": 0,
      "Temp Read Blocks": 0,
      "Temp Written Blocks": 0
    },
    "Planning Time": 0.634,
    "Triggers": [],
    "Execution Time": 1568.463
  }
]