[
  {
    "Plan": {
      "Node Type": "Append",
      "Parallel Aware": false,
      "Async Capable": false,
      "Startup Cost": 209310.79,
      "Total Cost": 251773.91,
      "Plan Rows": 63341,
      "Plan Width": 168,
      "Actual Startup Time": 1864.134,
      "Actual Total Time": 2291.851,
      "Actual Rows": 10666,
      "Actual Loops": 1,
      "Shared Hit Blocks": 15642,
      "Shared Read Blocks": 167220,
      "Shared Dirtied Blocks": 0,
      "Shared Written Blocks": 0,
      "Local Hit Blocks": 0,
      "Local Read Blocks": 0,
      "Local Dirtied Blocks": 0,
      "Local Written Blocks": 0,
      "Temp Read Blocks": 0,
      "Temp Written Blocks": 0,
      "Subplans Removed": 0,
      "Plans": [
        {
          "Node Type": "Sort",
          "Parent Relationship": "Member",
          "Parallel Aware": false,
          "Async Capable": false,
          "Startup Cost": 209310.79,
          "Total Cost": 209467.74,
          "Plan Rows": 62779,
          "Plan Width": 84,
          "Actual Startup Time": 1864.131,
          "Actual Total Time": 1866.902,
          "Actual Rows": 9661,
          "Actual Loops": 1,
          "Sort Key": [
            "(avg((l.l_extendedprice * ('1'::numeric - l.l_discount)))) DESC",
            "n.n_name DESC",
            "s.s_name"
          ],
          "Sort Method": "quicksort",
          "Sort Space Used": 1157,
          "Sort Space Type": "Memory",
          "Shared Hit Blocks": 11434,
          "Shared Read Blocks": 139243,
          "Shared Dirtied Blocks": 0,
          "Shared Written Blocks": 0,
          "Local Hit Blocks": 0,
          "Local Read Blocks": 0,
          "Local Dirtied Blocks": 0,
          "Local Written Blocks": 0,
          "Temp Read Blocks": 0,
          "Temp Written Blocks": 0,
          "Plans": [
            {
              "Node Type": "Aggregate",
              "Strategy": "Sorted",
              "Partial Mode": "Finalize",
              "Parent Relationship": "Outer",
              "Parallel Aware": false,
              "Async Capable": false,
              "Startup Cost": 193235.62,
              "Total Cost": 201301.43,
              "Plan Rows": 62779,
              "Plan Width": 84,
              "Actual Startup Time": 1781.322,
              "Actual Total Time": 1858.022,
              "Actual Rows": 9661,
              "Actual Loops": 1,
              "Group Key": [
                "n.n_name",
                "s.s_name"
              ],
              "Shared Hit Blocks": 11434,
              "Shared Read Blocks": 139243,
              "Shared Dirtied Blocks": 0,
              "Shared Written Blocks": 0,
              "Local Hit Blocks": 0,
              "Local Read Blocks": 0,
              "Local Dirtied Blocks": 0,
              "Local Written Blocks": 0,
              "Temp Read Blocks": 0,
              "Temp Written Blocks": 0,
              "Plans": [
                {
                  "Node Type": "Gather Merge",
                  "Parent Relationship": "Outer",
                  "Parallel Aware": false,
                  "Async Capable": false,
                  "Startup Cost": 193235.62,
                  "Total Cost": 199993.53,
                  "Plan Rows": 52316,
                  "Plan Width": 84,
                  "Actual Startup Time": 1781.3,
                  "Actual Total Time": 1831.594,
                  "Actual Rows": 21377,
                  "Actual Loops": 1,
                  "Workers Planned": 2,
                  "Workers Launched": 2,
                  "Shared Hit Blocks": 11434,
                  "Shared Read Blocks": 139243,
                  "Shared Dirtied Blocks": 0,
                  "Shared Written Blocks": 0,
                  "Local Hit Blocks": 0,
                  "Local Read Blocks": 0,
                  "Local Dirtied Blocks": 0,
                  "Local Written Blocks": 0,
                  "Temp Read Blocks": 0,
                  "Temp Written Blocks": 0,
                  "Plans": [
                    {
                      "Node Type": "Aggregate",
                      "Strategy": "Sorted",
                      "Partial Mode": "Partial",
                      "Parent Relationship": "Outer",
                      "Parallel Aware": false,
                      "Async Capable": false,
                      "Startup Cost": 192235.6,
                      "Total Cost": 192954.95,
                      "Plan Rows": 26158,
                      "Plan Width": 84,
                      "Actual Startup Time": 1731.013,
                      "Actual Total Time": 1748.026,
                      "Actual Rows": 7126,
                      "Actual Loops": 3,
                      "Group Key": [
                        "n.n_name",
                        "s.s_name"
                      ],
                      "Shared Hit Blocks": 11434,
                      "Shared Read Blocks": 139243,
                      "Shared Dirtied Blocks": 0,
                      "Shared Written Blocks": 0,
                      "Local Hit Blocks": 0,
                      "Local Read Blocks": 0,
                      "Local Dirtied Blocks": 0,
                      "Local Written Blocks": 0,
                      "Temp Read Blocks": 0,
                      "Temp Written Blocks": 0,
                      "Workers": [],
                      "Plans": [
                        {
                          "Node Type": "Sort",
                          "Parent Relationship": "Outer",
                          "Parallel Aware": false,
                          "Async Capable": false,
                          "Startup Cost": 192235.6,
                          "Total Cost": 192301.0,
                          "Plan Rows": 26158,
                          "Plan Width": 64,
                          "Actual Startup Time": 1730.993,
                          "Actual Total Time": 1733.724,
                          "Actual Rows": 13062,
                          "Actual Loops": 3,
                          "Sort Key": [
                            "n.n_name DESC",
                            "s.s_name"
                          ],
                          "Sort Method": "quicksort",
                          "Sort Space Used": 1515,
                          "Sort Space Type": "Memory",
                          "Shared Hit Blocks": 11434,
                          "Shared Read Blocks": 139243,
                          "Shared Dirtied Blocks": 0,
                          "Shared Written Blocks": 0,
                          "Local Hit Blocks": 0,
                          "Local Read Blocks": 0,
                          "Local Dirtied Blocks": 0,
                          "Local Written Blocks": 0,
                          "Temp Read Blocks": 0,
                          "Temp Written Blocks": 0,
                          "Workers": [
                            {
                              "Worker Number": 0,
                              "Sort Method": "quicksort",
                              "Sort Space Used": 1422,
                              "Sort Space Type": "Memory"
                            },
                            {
                              "Worker Number": 1,
                              "Sort Method": "quicksort",
                              "Sort Space Used": 1392,
                              "Sort Space Type": "Memory"
                            }
                          ],
                          "Plans": [
                            {
                              "Node Type": "Hash Join",
                              "Parent Relationship": "Outer",
                              "Parallel Aware": false,
                              "Async Capable": false,
                              "Join Type": "Inner",
                              "Startup Cost": 36846.34,
                              "Total Cost": 190316.26,
                              "Plan Rows": 26158,
                              "Plan Width": 64,
                              "Actual Startup Time": 222.103,
                              "Actual Total Time": 1653.277,
                              "Actual Rows": 13062,
                              "Actual Loops": 3,
                              "Inner Unique": true,
                              "Hash Cond": "(n.n_regionkey = r.r_regionkey)",
                              "Shared Hit Blocks": 11314,
                              "Shared Read Blocks": 139243,
                              "Shared Dirtied Blocks": 0,
                              "Shared Written Blocks": 0,
                              "Local Hit Blocks": 0,
                              "Local Read Blocks": 0,
                              "Local Dirtied Blocks": 0,
                              "Local Written Blocks": 0,
                              "Temp Read Blocks": 0,
                              "Temp Written Blocks": 0,
                              "Workers": [],
                              "Plans": [
                                {
                                  "Node Type": "Hash Join",
                                  "Parent Relationship": "Outer",
                                  "Parallel Aware": false,
                                  "Async Capable": false,
                                  "Join Type": "Inner",
                                  "Startup Cost": 36845.22,
                                  "Total Cost": 190188.28,
                                  "Plan Rows": 26158,
                                  "Plan Width": 68,
                                  "Actual Startup Time": 221.233,
                                  "Actual Total Time": 1647.697,
                                  "Actual Rows": 13062,
                                  "Actual Loops": 3,
                                  "Inner Unique": true,
                                  "Hash Cond": "(s.s_nationkey = n.n_nationkey)",
                                  "Shared Hit Blocks": 11284,
                                  "Shared Read Blocks": 139242,
                                  "Shared Dirtied Blocks": 0,
                                  "Shared Written Blocks": 0,
                                  "Local Hit Blocks": 0,
                                  "Local Read Blocks": 0,
                                  "Local Dirtied Blocks": 0,
                                  "Local Written Blocks": 0,
                                  "Temp Read Blocks": 0,
                                  "Temp Written Blocks": 0,
                                  "Workers": [],
                                  "Plans": [
                                    {
                                      "Node Type": "Hash Join",
                                      "Parent Relationship": "Outer",
                                      "Parallel Aware": false,
                                      "Async Capable": false,
                                      "Join Type": "Inner",
                                      "Startup Cost": 36843.66,
                                      "Total Cost": 190106.42,
                                      "Plan Rows": 26158,
                                      "Plan Width": 42,
                                      "Actual Startup Time": 220.674,
                                      "Actual Total Time": 1641.219,
                                      "Actual Rows": 13062,
                                      "Actual Loops": 3,
                                      "Inner Unique": true,
                                      "Hash Cond": "(l.l_suppkey = s.s_suppkey)",
                                      "Join Filter": "(s.s_acctbal <= o.o_totalprice)",
                                      "Rows Removed by Join Filter": 4212,
                                      "Shared Hit Blocks": 11282,
                                      "Shared Read Blocks": 139241,
                                      "Shared Dirtied Blocks": 0,
                                      "Shared Written Blocks": 0,
                                      "Local Hit Blocks": 0,
                                      "Local Read Blocks": 0,
                                      "Local Dirtied Blocks": 0,
                                      "Local Written Blocks": 0,
                                      "Temp Read Blocks": 0,
                                      "Temp Written Blocks": 0,
                                      "Workers": [],
                                      "Plans": [
                                        {
                                          "Node Type": "Hash Join",
                                          "Parent Relationship": "Outer",
                                          "Parallel Aware": true,
                                          "Async Capable": false,
                                          "Join Type": "Inner",
                                          "Startup Cost": 36395.66,
                                          "Total Cost": 189452.38,
                                          "Plan Rows": 78474,
                                          "Plan Width": 24,
                                          "Actual Startup Time": 213.086,
                                          "Actual Total Time": 1615.601,
                                          "Actual Rows": 17274,
                                          "Actual Loops": 3,
                                          "Inner Unique": true,
                                          "Hash Cond": "(l.l_orderkey = o.o_orderkey)",
                                          "Shared Hit Blocks": 10833,
                                          "Shared Read Blocks": 139021,
                                          "Shared Dirtied Blocks": 0,
                                          "Shared Written Blocks": 0,
                                          "Local Hit Blocks": 0,
                                          "Local Read Blocks": 0,
                                          "Local Dirtied Blocks": 0,
                                          "Local Written Blocks": 0,
                                          "Temp Read Blocks": 0,
                                          "Temp Written Blocks": 0,
                                          "Workers": [],
                                          "Plans": [
                                            {
                                              "Node Type": "Seq Scan",
                                              "Parent Relationship": "Outer",
                                              "Parallel Aware": true,
                                              "Async Capable": false,
                                              "Relation Name": "lineitem",
                                              "Alias": "l",
                                              "Startup Cost": 0.0,
                                              "Total Cost": 146492.49,
                                              "Plan Rows": 2500649,
                                              "Plan Width": 24,
                                              "Actual Startup Time": 0.4,
                                              "Actual Total Time": 1024.188,
                                              "Actual Rows": 2000405,
                                              "Actual Loops": 3,
                                              "Shared Hit Blocks": 7347,
                                              "Shared Read Blocks": 114139,
                                              "Shared Dirtied Blocks": 0,
                                              "Shared Written Blocks": 0,
                                              "Local Hit Blocks": 0,
                                              "Local Read Blocks": 0,
                                              "Local Dirtied Blocks": 0,
                                              "Local Written Blocks": 0,
                                              "Temp Read Blocks": 0,
                                              "Temp Written Blocks": 0,
                                              "Workers": []
                                            },
                                            {
                                              "Node Type": "Hash",
                                              "Parent Relationship": "Inner",
                                              "Parallel Aware": true,
                                              "Async Capable": false,
                                              "Startup Cost": 36150.5,
                                              "Total Cost": 36150.5,
                                              "Plan Rows": 19613,
                                              "Plan Width": 16,
                                              "Actual Startup Time": 212.32,
                                              "Actual Total Time": 212.32,
                                              "Actual Rows": 15802,
                                              "Actual Loops": 3,
                                              "Hash Buckets": 65536,
                                              "Original Hash Buckets": 65536,
                                              "Hash Batches": 1,
                                              "Original Hash Batches": 1,
                                              "Peak Memory Usage": 2912,
                                              "Shared Hit Blocks": 3456,
                                              "Shared Read Blocks": 24882,
                                              "Shared Dirtied Blocks": 0,
                                              "Shared Written Blocks": 0,
                                              "Local Hit Blocks": 0,
                                              "Local Read Blocks": 0,
                                              "Local Dirtied Blocks": 0,
                                              "Local Written Blocks": 0,
                                              "Temp Read Blocks": 0,
                                              "Temp Written Blocks": 0,
                                              "Workers": [],
                                              "Plans": [
                                                {
                                                  "Node Type": "Seq Scan",
                                                  "Parent Relationship": "Outer",
                                                  "Parallel Aware": true,
                                                  "Async Capable": false,
                                                  "Relation Name": "orders",
                                                  "Alias": "o",
                                                  "Startup Cost": 0.0,
                                                  "Total Cost": 36150.5,
                                                  "Plan Rows": 19613,
                                                  "Plan Width": 16,
                                                  "Actual Startup Time": 0.774,
                                                  "Actual Total Time": 204.763,
                                                  "Actual Rows": 15802,
                                                  "Actual Loops": 3,
                                                  "Filter": "(o_totalprice <= '15000'::numeric)",
                                                  "Rows Removed by Filter": 484198,
                                                  "Shared Hit Blocks": 3456,
                                                  "Shared Read Blocks": 24882,
                                                  "Shared Dirtied Blocks": 0,
                                                  "Shared Written Blocks": 0,
                                                  "Local Hit Blocks": 0,
                                                  "Local Read Blocks": 0,
                                                  "Local Dirtied Blocks": 0,
                                                  "Local Written Blocks": 0,
                                                  "Temp Read Blocks": 0,
                                                  "Temp Written Blocks": 0,
                                                  "Workers": []
                                                }
                                              ]
                                            }
                                          ]
                                        },
                                        {
                                          "Node Type": "Hash",
                                          "Parent Relationship": "Inner",
                                          "Parallel Aware": false,
                                          "Async Capable": false,
                                          "Startup Cost": 323.0,
                                          "Total Cost": 323.0,
                                          "Plan Rows": 10000,
                                          "Plan Width": 40,
                                          "Actual Startup Time": 7.472,
                                          "Actual Total Time": 7.473,
                                          "Actual Rows": 10000,
                                          "Actual Loops": 3,
                                          "Hash Buckets": 16384,
                                          "Original Hash Buckets": 16384,
                                          "Hash Batches": 1,
                                          "Original Hash Batches": 1,
                                          "Peak Memory Usage": 861,
                                          "Shared Hit Blocks": 449,
                                          "Shared Read Blocks": 220,
                                          "Shared Dirtied Blocks": 0,
                                          "Shared Written Blocks": 0,
                                          "Local Hit Blocks": 0,
                                          "Local Read Blocks": 0,
                                          "Local Dirtied Blocks": 0,
                                          "Local Written Blocks": 0,
                                          "Temp Read Blocks": 0,
                                          "Temp Written Blocks": 0,
                                          "Workers": [],
                                          "Plans": [
                                            {
                                              "Node Type": "Seq Scan",
                                              "Parent Relationship": "Outer",
                                              "Parallel Aware": false,
                                              "Async Capable": false,
                                              "Relation Name": "supplier",
                                              "Alias": "s",
                                              "Startup Cost": 0.0,
                                              "Total Cost": 323.0,
                                              "Plan Rows": 10000,
                                              "Plan Width": 40,
                                              "Actual Startup Time": 0.598,
                                              "Actual Total Time": 4.631,
                                              "Actual Rows": 10000,
                                              "Actual Loops": 3,
                                              "Shared Hit Blocks": 449,
                                              "Shared Read Blocks": 220,
                                              "Shared Dirtied Blocks": 0,
                                              "Shared Written Blocks": 0,
                                              "Local Hit Blocks": 0,
                                              "Local Read Blocks": 0,
                                              "Local Dirtied Blocks": 0,
                                              "Local Written Blocks": 0,
                                              "Temp Read Blocks": 0,
                                              "Temp Written Blocks": 0,
                                              "Workers": []
                                            }
                                          ]
                                        }
                                      ]
                                    },
                                    {
                                      "Node Type": "Hash",
                                      "Parent Relationship": "Inner",
                                      "Parallel Aware": false,
                                      "Async Capable": false,
                                      "Startup Cost": 1.25,
                                      "Total Cost": 1.25,
                                      "Plan Rows": 25,
                                      "Plan Width": 34,
                                      "Actual Startup Time": 0.54,
                                      "Actual Total Time": 0.54,
                                      "Actual Rows": 25,
                                      "Actual Loops": 3,
                                      "Hash Buckets": 1024,
                                      "Original Hash Buckets": 1024,
                                      "Hash Batches": 1,
                                      "Original Hash Batches": 1,
                                      "Peak Memory Usage": 10,
                                      "Shared Hit Blocks": 2,
                                      "Shared Read Blocks": 1,
                                      "Shared Dirtied Blocks": 0,
                                      "Shared Written Blocks": 0,
                                      "Local Hit Blocks": 0,
                                      "Local Read Blocks": 0,
                                      "Local Dirtied Blocks": 0,
                                      "Local Written Blocks": 0,
                                      "Temp Read Blocks": 0,
                                      "Temp Written Blocks": 0,
                                      "Workers": [],
                                      "Plans": [
                                        {
                                          "Node Type": "Seq Scan",
                                          "Parent Relationship": "Outer",
                                          "Parallel Aware": false,
                                          "Async Capable": false,
                                          "Relation Name": "nation",
                                          "Alias": "n",
                                          "Startup Cost": 0.0,
                                          "Total Cost": 1.25,
                                          "Plan Rows": 25,
                                          "Plan Width": 34,
                                          "Actual Startup Time": 0.516,
                                          "Actual Total Time": 0.521,
                                          "Actual Rows": 25,
                                          "Actual Loops": 3,
                                          "Shared Hit Blocks": 2,
                                          "Shared Read Blocks": 1,
                                          "Shared Dirtied Blocks": 0,
                                          "Shared Written Blocks": 0,
                                          "Local Hit Blocks": 0,
                                          "Local Read Blocks": 0,
                                          "Local Dirtied Blocks": 0,
                                          "Local Written Blocks": 0,
                                          "Temp Read Blocks": 0,
                                          "Temp Written Blocks": 0,
                                          "Workers": []
                                        }
                                      ]
                                    }
                                  ]
                                },
                                {
                                  "Node Type": "Hash",
                                  "Parent Relationship": "Inner",
                                  "Parallel Aware": false,
                                  "Async Capable": false,
                                  "Startup Cost": 1.05,
                                  "Total Cost": 1.05,
                                  "Plan Rows": 5,
                                  "Plan Width": 4,
                                  "Actual Startup Time": 0.817,
                                  "Actual Total Time": 0.818,
                                  "Actual Rows": 5,
                                  "Actual Loops": 3,
                                  "Hash Buckets": 1024,
                                  "Original Hash Buckets": 1024,
                                  "Hash Batches": 1,
                                  "Original Hash Batches": 1,
                                  "Peak Memory Usage": 9,
                                  "Shared Hit Blocks": 2,
                                  "Shared Read Blocks": 1,
                                  "Shared Dirtied Blocks": 0,
                                  "Shared Written Blocks": 0,
                                  "Local Hit Blocks": 0,
                                  "Local Read Blocks": 0,
                                  "Local Dirtied Blocks": 0,
                                  "Local Written Blocks": 0,
                                  "Temp Read Blocks": 0,
                                  "Temp Written Blocks": 0,
                                  "Workers": [],
                                  "Plans": [
                                    {
                                      "Node Type": "Seq Scan",
                                      "Parent Relationship": "Outer",
                                      "Parallel Aware": false,
                                      "Async Capable": false,
                                      "Relation Name": "region",
                                      "Alias": "r",
                                      "Startup Cost": 0.0,
                                      "Total Cost": 1.05,
                                      "Plan Rows": 5,
                                      "Plan Width": 4,
                                      "Actual Startup Time": 0.802,
                                      "Actual Total Time": 0.804,
                                      "Actual Rows": 5,
                                      "Actual Loops": 3,
                                      "Shared Hit Blocks": 2,
                                      "Shared Read Blocks": 1,
                                      "Shared Dirtied Blocks": 0,
                                      "Shared Written Blocks": 0,
                                      "Local Hit Blocks": 0,
                                      "Local Read Blocks": 0,
                                      "Local Dirtied Blocks": 0,
                                      "Local Written Blocks": 0,
                                      "Temp Read Blocks": 0,
                                      "Temp Written Blocks": 0,
                                      "Workers": []
                                    }
                                  ]
                                }
                              ]
                            }
                          ]
                        }
                      ]
                    }
                  ]
                }
              ]
            }
          ]
        },
        {
          "Node Type": "Subquery Scan",
          "Parent Relationship": "Member",
          "Parallel Aware": false,
          "Async Capable": false,
          "Alias": "*SELECT* 2",
          "Startup Cost": 41923.98,
          "Total Cost": 41989.47,
          "Plan Rows": 562,
          "Plan Width": 66,
          "Actual Startup Time": 417.126,
          "Actual Total Time": 423.938,
          "Actual Rows": 1005,
          "Actual Loops": 1,
          "Shared Hit Blocks": 4208,
          "Shared Read Blocks": 27977,
          "Shared Dirtied Blocks": 0,
          "Shared Written Blocks": 0,
          "Local Hit Blocks": 0,
          "Local Read Blocks": 0,
          "Local Dirtied Blocks": 0,
          "Local Written Blocks": 0,
          "Temp Read Blocks": 0,
          "Temp Written Blocks": 0,
          "Plans": [
            {
              "Node Type": "Group",
              "Parent Relationship": "Subquery",
              "Parallel Aware": false,
              "Async Capable": false,
              "Startup Cost": 41923.98,
              "Total Cost": 41983.85,
              "Plan Rows": 562,
              "Plan Width": 53,
              "Actual Startup Time": 417.124,
              "Actual Total Time": 423.828,
              "Actual Rows": 1005,
              "Actual Loops": 1,
              "Group Key": [
                "o_1.o_totalprice",
                "n_1.n_name",
                "c.c_name"
              ],
              "Shared Hit Blocks": 4208,
              "Shared Read Blocks": 27977,
              "Shared Dirtied Blocks": 0,
              "Shared Written Blocks": 0,
              "Local Hit Blocks": 0,
              "Local Read Blocks": 0,
              "Local Dirtied Blocks": 0,
              "Local Written Blocks": 0,
              "Temp Read Blocks": 0,
              "Temp Written Blocks": 0,
              "Plans": [
                {
                  "Node Type": "Gather Merge",
                  "Parent Relationship": "Outer",
                  "Parallel Aware": false,
                  "Async Capable": false,
                  "Startup Cost": 41923.98,
                  "Total Cost": 41980.34,
                  "Plan Rows": 468,
                  "Plan Width": 53,
                  "Actual Startup Time": 417.122,
                  "Actual Total Time": 423.563,
                  "Actual Rows": 1005,
                  "Actual Loops": 1,
                  "Workers Planned": 2,
                  "Workers Launched": 1,
                  "Shared Hit Blocks": 4208,
                  "Shared Read Blocks": 27977,
                  "Shared Dirtied Blocks": 0,
                  "Shared Written Blocks": 0,
                  "Local Hit Blocks": 0,
                  "Local Read Blocks": 0,
                  "Local Dirtied Blocks": 0,
                  "Local Written Blocks": 0,
                  "Temp Read Blocks": 0,
                  "Temp Written Blocks": 0,
                  "Plans": [
                    {
                      "Node Type": "Group",
                      "Parent Relationship": "Outer",
                      "Parallel Aware": false,
                      "Async Capable": false,
                      "Startup Cost": 40923.96,
                      "Total Cost": 40926.3,
                      "Plan Rows": 234,
                      "Plan Width": 53,
                      "Actual Startup Time": 368.019,
                      "Actual Total Time": 368.195,
                      "Actual Rows": 502,
                      "Actual Loops": 2,
                      "Group Key": [
                        "o_1.o_totalprice",
                        "n_1.n_name",
                        "c.c_name"
                      ],
                      "Shared Hit Blocks": 4208,
                      "Shared Read Blocks": 27977,
                      "Shared Dirtied Blocks": 0,
                      "Shared Written Blocks": 0,
                      "Local Hit Blocks": 0,
                      "Local Read Blocks": 0,
                      "Local Dirtied Blocks": 0,
                      "Local Written Blocks": 0,
                      "Temp Read Blocks": 0,
                      "Temp Written Blocks": 0,
                      "Workers": [],
                      "Plans": [
                        {
                          "Node Type": "Sort",
                          "Parent Relationship": "Outer",
                          "Parallel Aware": false,
                          "Async Capable": false,
                          "Startup Cost": 40923.96,
                          "Total Cost": 40924.54,
                          "Plan Rows": 234,
                          "Plan Width": 53,
                          "Actual Startup Time": 368.017,
                          "Actual Total Time": 368.06,
                          "Actual Rows": 502,
                          "Actual Loops": 2,
                          "Sort Key": [
                            "o_1.o_totalprice",
                            "n_1.n_name",
                            "c.c_name"
                          ],
                          "Sort Method": "quicksort",
                          "Sort Space Used": 59,
                          "Sort Space Type": "Memory",
                          "Shared Hit Blocks": 4208,
                          "Shared Read Blocks": 27977,
                          "Shared Dirtied Blocks": 0,
                          "Shared Written Blocks": 0,
                          "Local Hit Blocks": 0,
                          "Local Read Blocks": 0,
                          "Local Dirtied Blocks": 0,
                          "Local Written Blocks": 0,
                          "Temp Read Blocks": 0,
                          "Temp Written Blocks": 0,
                          "Workers": [
                            {
                              "Worker Number": 0,
                              "Sort Method": "quicksort",
                              "Sort Space Used": 61,
                              "Sort Space Type": "Memory"
                            }
                          ],
                          "Plans": [
                            {
                              "Node Type": "Hash Join",
                              "Parent Relationship": "Outer",
                              "Parallel Aware": false,
                              "Async Capable": false,
                              "Join Type": "Inner",
                              "Startup Cost": 4712.05,
                              "Total Cost": 40914.75,
                              "Plan Rows": 234,
                              "Plan Width": 53,
                              "Actual Startup Time": 58.39,
                              "Actual Total Time": 367.245,
                              "Actual Rows": 502,
                              "Actual Loops": 2,
                              "Inner Unique": true,
                              "Hash Cond": "(c.c_nationkey = n_1.n_nationkey)",
                              "Shared Hit Blocks": 4137,
                              "Shared Read Blocks": 27977,
                              "Shared Dirtied Blocks": 0,
                              "Shared Written Blocks": 0,
                              "Local Hit Blocks": 0,
                              "Local Read Blocks": 0,
                              "Local Dirtied Blocks": 0,
                              "Local Written Blocks": 0,
                              "Temp Read Blocks": 0,
                              "Temp Written Blocks": 0,
                              "Workers": [],
                              "Plans": [
                                {
                                  "Node Type": "Hash Join",
                                  "Parent Relationship": "Outer",
                                  "Parallel Aware": true,
                                  "Async Capable": false,
                                  "Join Type": "Inner",
                                  "Startup Cost": 4710.49,
                                  "Total Cost": 40912.47,
                                  "Plan Rows": 234,
                                  "Plan Width": 31,
                                  "Actual Startup Time": 57.917,
                                  "Actual Total Time": 366.275,
                                  "Actual Rows": 502,
                                  "Actual Loops": 2,
                                  "Inner Unique": true,
                                  "Hash Cond": "(o_1.o_custkey = c.c_custkey)",
                                  "Join Filter": "(o_1.o_totalprice <= c.c_acctbal)",
                                  "Rows Removed by Join Filter": 326,
                                  "Shared Hit Blocks": 4106,
                                  "Shared Read Blocks": 27977,
                                  "Shared Dirtied Blocks": 0,
                                  "Shared Written Blocks": 0,
                                  "Local Hit Blocks": 0,
                                  "Local Read Blocks": 0,
                                  "Local Dirtied Blocks": 0,
                                  "Local Written Blocks": 0,
                                  "Temp Read Blocks": 0,
                                  "Temp Written Blocks": 0,
                                  "Workers": [],
                                  "Plans": [
                                    {
                                      "Node Type": "Seq Scan",
                                      "Parent Relationship": "Outer",
                                      "Parallel Aware": true,
                                      "Async Capable": false,
                                      "Relation Name": "orders",
                                      "Alias": "o_1",
                                      "Startup Cost": 0.0,
                                      "Total Cost": 36150.5,
                                      "Plan Rows": 19613,
                                      "Plan Width": 12,
                                      "Actual Startup Time": 0.607,
                                      "Actual Total Time": 300.232,
                                      "Actual Rows": 23703,
                                      "Actual Loops": 2,
                                      "Filter": "(o_totalprice <= '15000'::numeric)",
                                      "Rows Removed by Filter": 726297,
                                      "Shared Hit Blocks": 3520,
                                      "Shared Read Blocks": 24818,
                                      "Shared Dirtied Blocks": 0,
                                      "Shared Written Blocks": 0,
                                      "Local Hit Blocks": 0,
                                      "Local Read Blocks": 0,
                                      "Local Dirtied Blocks": 0,
                                      "Local Written Blocks": 0,
                                      "Temp Read Blocks": 0,
                                      "Temp Written Blocks": 0,
                                      "Workers": []
                                    },
                                    {
                                      "Node Type": "Hash",
                                      "Parent Relationship": "Inner",
                                      "Parallel Aware": true,
                                      "Async Capable": false,
                                      "Startup Cost": 4682.5,
                                      "Total Cost": 4682.5,
                                      "Plan Rows": 2239,
                                      "Plan Width": 33,
                                      "Actual Startup Time": 56.892,
                                      "Actual Total Time": 56.893,
                                      "Actual Rows": 2670,
                                      "Actual Loops": 2,
                                      "Hash Buckets": 8192,
                                      "Original Hash Buckets": 8192,
                                      "Hash Batches": 1,
                                      "Original Hash Batches": 1,
                                      "Peak Memory Usage": 480,
                                      "Shared Hit Blocks": 586,
                                      "Shared Read Blocks": 3159,
                                      "Shared Dirtied Blocks": 0,
                                      "Shared Written Blocks": 0,
                                      "Local Hit Blocks": 0,
                                      "Local Read Blocks": 0,
                                      "Local Dirtied Blocks": 0,
                                      "Local Written Blocks": 0,
                                      "Temp Read Blocks": 0,
                                      "Temp Written Blocks": 0,
                                      "Workers": [],
                                      "Plans": [
                                        {
                                          "Node Type": "Seq Scan",
                                          "Parent Relationship": "Outer",
                                          "Parallel Aware": true,
                                          "Async Capable": false,
                                          "Relation Name": "customer",
                                          "Alias": "c",
                                          "Startup Cost": 0.0,
                                          "Total Cost": 4682.5,
                                          "Plan Rows": 2239,
                                          "Plan Width": 33,
                                          "Actual Startup Time": 0.37,
                                          "Actual Total Time": 55.167,
                                          "Actual Rows": 2670,
                                          "Actual Loops": 2,
                                          "Filter": "((c_acctbal >= '9000'::numeric) AND (c_mktsegment = ANY ('{HOUSEHOLD,MACHINERY}'::bpchar[])))",
                                          "Rows Removed by Filter": 72330,
                                          "Shared Hit Blocks": 586,
                                          "Shared Read Blocks": 3159,
                                          "Shared Dirtied Blocks": 0,
                                          "Shared Written Blocks": 0,
                                          "Local Hit Blocks": 0,
                                          "Local Read Blocks": 0,
                                          "Local Dirtied Blocks": 0,
                                          "Local Written Blocks": 0,
                                          "Temp Read Blocks": 0,
                                          "Temp Written Blocks": 0,
                                          "Workers": []
                                        }
                                      ]
                                    }
                                  ]
                                },
                                {
                                  "Node Type": "Hash",
                                  "Parent Relationship": "Inner",
                                  "Parallel Aware": false,
                                  "Async Capable": false,
                                  "Startup Cost": 1.25,
                                  "Total Cost": 1.25,
                                  "Plan Rows": 25,
                                  "Plan Width": 30,
                                  "Actual Startup Time": 0.425,
                                  "Actual Total Time": 0.425,
                                  "Actual Rows": 25,
                                  "Actual Loops": 2,
                                  "Hash Buckets": 1024,
                                  "Original Hash Buckets": 1024,
                                  "Hash Batches": 1,
                                  "Original Hash Batches": 1,
                                  "Peak Memory Usage": 10,
                                  "Shared Hit Blocks": 2,
                                  "Shared Read Blocks": 0,
                                  "Shared Dirtied Blocks": 0,
                                  "Shared Written Blocks": 0,
                                  "Local Hit Blocks": 0,
                                  "Local Read Blocks": 0,
                                  "Local Dirtied Blocks": 0,
                                  "Local Written Blocks": 0,
                                  "Temp Read Blocks": 0,
                                  "Temp Written Blocks": 0,
                                  "Workers": [],
                                  "Plans": [
                                    {
                                      "Node Type": "Seq Scan",
                                      "Parent Relationship": "Outer",
                                      "Parallel Aware": false,
                                      "Async Capable": false,
                                      "Relation Name": "nation",
                                      "Alias": "n_1",
                                      "Startup Cost": 0.0,
                                      "Total Cost": 1.25,
                                      "Plan Rows": 25,
                                      "Plan Width": 30,
                                      "Actual Startup Time": 0.407,
                                      "Actual Total Time": 0.411,
                                      "Actual Rows": 25,
                                      "Actual Loops": 2,
                                      "Shared Hit Blocks": 2,
                                      "Shared Read Blocks": 0,
                                      "Shared Dirtied Blocks": 0,
                                      "Shared Written Blocks": 0,
                                      "Local Hit Blocks": 0,
                                      "Local Read Blocks": 0,
                                      "Local Dirtied Blocks": 0,
                                      "Local Written Blocks": 0,
                                      "Temp Read Blocks": 0,
                                      "Temp Written Blocks": 0,
                                      "Workers": []
                                    }
                                  ]
                                }
                              ]
                            }
                          ]
                        }
                      ]
                    }
                  ]
                }
              ]
            }
          ]
        }
      ]
    },
    "Planning": {
      "Shared Hit Blocks": 458,
      "Shared Read Blocks": 61,
      "Shared Dirtied Blocks": 0,
      "Shared Written Blocks": 0,
      "Local Hit Blocks": 0,
      "Local Read Blocks": 0,
      "Local Dirtied Blocks": 0,
      "Local Written Blocks": 0,
      "Temp Read Blocks": 0,
      "Temp Written Blocks": 0
    },
    "Planning Time": 21.698,
    "Triggers": [],
    "Execution Time": 2293.487
  }
]