[
  {
    "Plan": {
      "Node Type": "Sort",
      "Parallel Aware": false,
      "Async Capable": false,
      "Startup Cost": 21182.0,
      "Total Cost": 21203.75,
      "Plan Rows": 8699,
      "Plan Width": 44,
      "Actual Startup Time": 274.416,
      "Actual Total Time": 275.069,
      "Actual Rows": 6878,
      "Actual Loops": 1,
      "Sort Key": [
        "(count(DISTINCT ps.ps_suppkey)) DESC",
        "p.p_brand",
        "p.p_type",
        "p.p_size"
      ],
      "Sort Method": "quicksort",
      "Sort Space Used": 622,
      "Sort Space Type": "Memory",
      "Shared Hit Blocks": 32596,
      "Shared Read Blocks": 6344,
      "Shared Dirtied Blocks": 0,
      "Shared Written Blocks": 0,
      "Local Hit Blocks": 0,
      "Local Read Blocks": 0,
      "Local Dirtied Blocks": 0,
      "Local Written Blocks": 0,
      "Temp Read Blocks": 0,
      "Temp Written Blocks": 0,
      "Plans": [
        {
          "Node Type": "Aggregate",
          "Strategy": "Sorted",
          "Partial Mode": "Simple",
          "Parent Relationship": "Outer",
          "Parallel Aware": false,
          "Async Capable": false,
          "Startup Cost": 14912.72,
          "Total Cost": 20612.8,
          "Plan Rows": 8699,
          "Plan Width": 44,
          "Actual Startup Time": 188.057,
          "Actual Total Time": 239.73,
          "Actual Rows": 6878,
          "Actual Loops": 1,
          "Group Key": [
            "p.p_brand",
            "p.p_type",
            "p.p_size"
          ],
          "Shared Hit Blocks": 32596,
          "Shared Read Blocks": 6344,
          "Shared Dirtied Blocks": 0,
          "Shared Written Blocks": 0,
          "Local Hit Blocks": 0,
          "Local Read Blocks": 0,
          "Local Dirtied Blocks": 0,
          "Local Written Blocks": 0,
          "Temp Read Blocks": 0,
          "Temp Written Blocks": 0,
          "Plans": [
            {
              "Node Type": "Gather Merge",
              "Parent Relationship": "Outer",
              "Parallel Aware": false,
              "Async Capable": false,
              "Startup Cost": 14912.72,
              "Total Cost": 20081.97,
              "Plan Rows": 44384,
              "Plan Width": 40,
              "Actual Startup Time": 188.035,
              "Actual Total Time": 223.295,
              "Actual Rows": 45081,
              "Actual Loops": 1,
              "Workers Planned": 2,
              "Workers Launched": 2,
              "Shared Hit Blocks": 32596,
              "Shared Read Blocks": 6344,
              "Shared Dirtied Blocks": 0,
              "Shared Written Blocks": 0,
              "Local Hit Blocks": 0,
              "Local Read Blocks": 0,
              "Local Dirtied Blocks": 0,
              "Local Written Blocks": 0,
              "Temp Read Blocks": 0,
              "Temp Written Blocks": 0,
              "Plans": [
                {
                  "Node Type": "Sort",
                  "Parent Relationship": "Outer",
                  "Parallel Aware": false,
                  "Async Capable": false,
                  "Startup Cost": 13912.7,
                  "Total Cost": 13958.93,
                  "Plan Rows": 18493,
                  "Plan Width": 40,
                  "Actual Startup Time": 120.174,
                  "Actual Total Time": 121.579,
                  "Actual Rows": 15027,
                  "Actual Loops": 3,
                  "Sort Key": [
                    "p.p_brand",
                    "p.p_type",
                    "p.p_size",
                    "ps.ps_suppkey"
                  ],
                  "Sort Method": "quicksort",
                  "Sort Space Used": 1847,
                  "Sort Space Type": "Memory",
                  "Shared Hit Blocks": 32596,
                  "Shared Read Blocks": 6344,
                  "Shared Dirtied Blocks": 0,
                  "Shared Written Blocks": 0,
                  "Local Hit Blocks": 0,
                  "Local Read Blocks": 0,
                  "Local Dirtied Blocks": 0,
                  "Local Written Blocks": 0,
                  "Temp Read Blocks": 0,
                  "Temp Written Blocks": 0,
                  "Workers": [
                    {
                      "Worker Number": 0,
                      "Sort Method": "quicksort",
                      "Sort Space Used": 1139,
                      "Sort Space Type": "Memory"
                    },
                    {
                      "Worker Number": 1,
                      "Sort Method": "quicksort",
                      "Sort Space Used": 1202,
                      "Sort Space Type": "Memory"
                    }
                  ],
                  "Plans": [
                    {
                      "Node Type": "Hash Join",
                      "Parent Relationship": "Outer",
                      "Parallel Aware": false,
                      "Async Capable": false,
                      "Join Type": "Anti",
                      "Startup Cost": 348.44,
                      "Total Cost": 12602.03,
                      "Plan Rows": 18493,
                      "Plan Width": 40,
                      "Actual Startup Time": 5.364,
                      "Actual Total Time": 63.359,
                      "Actual Rows": 15027,
                      "Actual Loops": 3,
                      "Inner Unique": false,
                      "Hash Cond": "(ps.ps_suppkey = s.s_suppkey)",
                      "Shared Hit Blocks": 32557,
                      "Shared Read Blocks": 6339,
                      "Shared Dirtied Blocks": 0,
                      "Shared Written Blocks": 0,
                      "Local Hit Blocks": 0,
                      "Local Read Blocks": 0,
                      "Local Dirtied Blocks": 0,
                      "Local Written Blocks": 0,
                      "Temp Read Blocks": 0,
                      "Temp Written Blocks": 0,
                      "Workers": [],
                      "Plans": [
                        {
                          "Node Type": "Nested Loop",
                          "Parent Relationship": "Outer",
                          "Parallel Aware": false,
                          "Async Capable": false,
                          "Join Type": "Inner",
                          "Startup Cost": 0.42,
                          "Total Cost": 12020.54,
                          "Plan Rows": 18495,
                          "Plan Width": 40,
                          "Actual Startup Time": 1.448,
                          "Actual Total Time": 56.793,
                          "Actual Rows": 15032,
                          "Actual Loops": 3,
                          "Inner Unique": false,
                          "Shared Hit Blocks": 31792,
                          "Shared Read Blocks": 6339,
                          "Shared Dirtied Blocks": 0,
                          "Shared Written Blocks": 0,
                          "Local Hit Blocks": 0,
                          "Local Read Blocks": 0,
                          "Local Dirtied Blocks": 0,
                          "Local Written Blocks": 0,
                          "Temp Read Blocks": 0,
                          "Temp Written Blocks": 0,
                          "Workers": [],
                          "Plans": [
                            {
                              "Node Type": "Seq Scan",
                              "Parent Relationship": "Outer",
                              "Parallel Aware": true,
                              "Async Capable": false,
                              "Relation Name": "part",
                              "Alias": "p",
                              "Startup Cost": 0.0,
                              "Total Cost": 5866.5,
                              "Plan Rows": 4624,
                              "Plan Width": 40,
                              "Actual Startup Time": 0.634,
                              "Actual Total Time": 31.667,
                              "Actual Rows": 3758,
                              "Actual Loops": 3,
                              "Filter": "((p_brand <> 'Brand#23'::bpchar) AND ((p_type)::text !~~ 'MEDIUM POLISHED%'::text) AND (p_size = ANY ('{1,4,7}'::integer[])))",
                              "Rows Removed by Filter": 62909,
                              "Shared Hit Blocks": 96,
                              "Shared Read Blocks": 4208,
                              "Shared Dirtied Blocks": 0,
                              "Shared Written Blocks": 0,
                              "Local Hit Blocks": 0,
                              "Local Read Blocks": 0,
                              "Local Dirtied Blocks": 0,
                              "Local Written Blocks": 0,
                              "Temp Read Blocks": 0,
                              "Temp Written Blocks": 0,
                              "Workers": []
                            },
                            {
                              "Node Type": "Index Only Scan",
                              "Parent Relationship": "Inner",
                              "Parallel Aware": false,
                              "Async Capable": false,
                              "Scan Direction": "Forward",
                              "Index Name": "pk_partsupp",
                              "Relation Name": "partsupp",
                              "Alias": "ps",
                              "Startup Cost": 0.42,
                              "Total Cost": 1.29,
                              "Plan Rows": 4,
                              "Plan Width": 8,
                              "Actual Startup Time": 0.005,
                              "Actual Total Time": 0.006,
                              "Actual Rows": 4,
                              "Actual Loops": 11274,
                              "Index Cond": "(ps_partkey = p.p_partkey)",
                              "Rows Removed by Index Recheck": 0,
                              "Heap Fetches": 0,
                              "Shared Hit Blocks": 31696,
                              "Shared Read Blocks": 2131,
                              "Shared Dirtied Blocks": 0,
                              "Shared Written Blocks": 0,
                              "Local Hit Blocks": 0,
                              "Local Read Blocks": 0,
                              "Local Dirtied Blocks": 0,
                              "Local Written Blocks": 0,
                              "Temp Read Blocks": 0,
                              "Temp Written Blocks": 0,
                              "Workers": []
                            }
                          ]
                        },
                        {
                          "Node Type": "Hash",
                          "Parent Relationship": "Inner",
                          "Parallel Aware": false,
                          "Async Capable": false,
                          "Startup Cost": 348.0,
                          "Total Cost": 348.0,
                          "Plan Rows": 1,
                          "Plan Width": 4,
                          "Actual Startup Time": 3.743,
                          "Actual Total Time": 3.744,
                          "Actual Rows": 4,
                          "Actual Loops": 3,
                          "Hash Buckets": 1024,
                          "Original Hash Buckets": 1024,
                          "Hash Batches": 1,
                          "Original Hash Batches": 1,
                          "Peak Memory Usage": 9,
                          "Shared Hit Blocks": 669,
                          "Shared Read Blocks": 0,
                          "Shared Dirtied Blocks": 0,
                          "Shared Written Blocks": 0,
                          "Local Hit Blocks": 0,
                          "Local Read Blocks": 0,
                          "Local Dirtied Blocks": 0,
                          "Local Written Blocks": 0,
                          "Temp Read Blocks": 0,
                          "Temp Written Blocks": 0,
                          "Workers": [],
                          "Plans": [
                            {
                              "Node Type": "Seq Scan",
                              "Parent Relationship": "Outer",
                              "Parallel Aware": false,
                              "Async Capable": false,
                              "Relation Name": "supplier",
                              "Alias": "s",
                              "Startup Cost": 0.0,
                              "Total Cost": 348.0,
                              "Plan Rows": 1,
                              "Plan Width": 4,
                              "Actual Startup Time": 0.617,
                              "Actual Total Time": 3.73,
                              "Actual Rows": 4,
                              "Actual Loops": 3,
                              "Filter": "((s_comment)::text ~~ '%Customer%Complaints%'::text)",
                              "Rows Removed by Filter": 9996,
                              "Shared Hit Blocks": 669,
                              "Shared Read Blocks": 0,
                              "Shared Dirtied Blocks": 0,
                              "Shared Written Blocks": 0,
                              "Local Hit Blocks": 0,
                              "Local Read Blocks": 0,
                              "Local Dirtied Blocks": 0,
                              "Local Written Blocks": 0,
                              "Temp Read Blocks": 0,
                              "Temp Written Blocks": 0,
                              "Workers": []
                            }
                          ]
                        }
                      ]
                    }
                  ]
                }
              ]
            }
          ]
        }
      ]
    },
    "Planning": {
      "Shared Hit Blocks": 15,
      "Shared Read Blocks": 9,
      "Shared Dirtied Blocks": 0,
      "Shared Written Blocks": 0,
      "Local Hit Blocks": 0,
      "Local Read Blocks": 0,
      "Local Dirtied Blocks": 0,
      "Local Written Blocks": 0,
      "Temp Read Blocks": 0,
      "Temp Written Blocks": 0
    },
    "Planning Time": 0.968,
    "Triggers": [],
    "Execution Time": 276.082
  }
]