[
  {
    "Plan": {
      "Node Type": "Aggregate",
      "Strategy": "Plain",
      "Partial Mode": "Simple",
      "Parallel Aware": false,
      "Async Capable": false,
      "Startup Cost": 573408.25,
      "Total Cost": 573408.26,
      "Plan Rows": 1,
      "Plan Width": 32,
      "Actual Startup Time": 4153.931,
      "Actual Total Time": 4154.124,
      "Actual Rows": 1,
      "Actual Loops": 1,
      "Shared Hit Blocks": 2472,
      "Shared Read Blocks": 245012,
      "Shared Dirtied Blocks": 0,
      "Shared Written Blocks": 0,
      "Local Hit Blocks": 0,
      "Local Read Blocks": 0,
      "Local Dirtied Blocks": 0,
      "Local Written Blocks": 0,
      "Temp Read Blocks": 34890,
      "Temp Written Blocks": 56988,
      "Plans": [
        {
          "Node Type": "Hash Join",
          "Parent Relationship": "Outer",
          "Parallel Aware": false,
          "Async Capable": false,
          "Join Type": "Inner",
          "Startup Cost": 418153.72,
          "Total Cost": 573403.43,
          "Plan Rows": 1924,
          "Plan Width": 8,
          "Actual Startup Time": 3656.441,
          "Actual Total Time": 4153.497,
          "Actual Rows": 2228,
          "Actual Loops": 1,
          "Inner Unique": true,
          "Hash Cond": "(p.p_partkey = lineitem.l_partkey)",
          "Join Filter": "(l.l_quantity < ((0.7 * avg(lineitem.l_quantity))))",
          "Rows Removed by Join Filter": 4185,
          "Shared Hit Blocks": 2472,
          "Shared Read Blocks": 245012,
          "Shared Dirtied Blocks": 0,
          "Shared Written Blocks": 0,
          "Local Hit Blocks": 0,
          "Local Read Blocks": 0,
          "Local Dirtied Blocks": 0,
          "Local Written Blocks": 0,
          "Temp Read Blocks": 34890,
          "Temp Written Blocks": 56988,
          "Plans": [
            {
              "Node Type": "Gather",
              "Parent Relationship": "Outer",
              "Parallel Aware": false,
              "Async Capable": false,
              "Startup Cost": 6555.04,
              "Total Cost": 160209.08,
              "Plan Rows": 5972,
              "Plan Width": 21,
              "Actual Startup Time": 71.731,
              "Actual Total Time": 534.983,
              "Actual Rows": 6413,
              "Actual Loops": 1,
              "Workers Planned": 2,
              "Workers Launched": 2,
              "Single Copy": false,
              "Shared Hit Blocks": 1101,
              "Shared Read Blocks": 124883,
              "Shared Dirtied Blocks": 0,
              "Shared Written Blocks": 0,
              "Local Hit Blocks": 0,
              "Local Read Blocks": 0,
              "Local Dirtied Blocks": 0,
              "Local Written Blocks": 0,
              "Temp Read Blocks": 0,
              "Temp Written Blocks": 0,
              "Plans": [
                {
                  "Node Type": "Hash Join",
                  "Parent Relationship": "Outer",
                  "Parallel Aware": true,
                  "Async Capable": false,
                  "Join Type": "Inner",
                  "Startup Cost": 5555.04,
                  "Total Cost": 158611.88,
                  "Plan Rows": 2488,
                  "Plan Width": 21,
                  "Actual Startup Time": 28.674,
                  "Actual Total Time": 810.539,
                  "Actual Rows": 2138,
                  "Actual Loops": 3,
                  "Inner Unique": true,
                  "Hash Cond": "(l.l_partkey = p.p_partkey)",
                  "Shared Hit Blocks": 1101,
                  "Shared Read Blocks": 124883,
                  "Shared Dirtied Blocks": 0,
                  "Shared Written Blocks": 0,
                  "Local Hit Blocks": 0,
                  "Local Read Blocks": 0,
                  "Local Dirtied Blocks": 0,
                  "Local Written Blocks": 0,
                  "Temp Read Blocks": 0,
                  "Temp Written Blocks": 0,
                  "Workers": [],
                  "Plans": [
                    {
                      "Node Type": "Seq Scan",
                      "Parent Relationship": "Outer",
                      "Parallel Aware": true,
                      "Async Capable": false,
                      "Relation Name": "lineitem",
                      "Alias": "l",
                      "Startup Cost": 0.0,
                      "Total Cost": 146492.49,
                      "Plan Rows": 2500649,
                      "Plan Width": 17,
                      "Actual Startup Time": 1.149,
                      "Actual Total Time": 535.628,
                      "Actual Rows": 2000405,
                      "Actual Loops": 3,
                      "Shared Hit Blocks": 715,
                      "Shared Read Blocks": 120771,
                      "Shared Dirtied Blocks": 0,
                      "Shared Written Blocks": 0,
                      "Local Hit Blocks": 0,
                      "Local Read Blocks": 0,
                      "Local Dirtied Blocks": 0,
                      "Local Written Blocks": 0,
                      "Temp Read Blocks": 0,
                      "Temp Written Blocks": 0,
                      "Workers": []
                    },
                    {
                      "Node Type": "Hash",
                      "Parent Relationship": "Inner",
                      "Parallel Aware": true,
                      "Async Capable": false,
                      "Startup Cost": 5554.0,
                      "Total Cost": 5554.0,
                      "Plan Rows": 83,
                      "Plan Width": 4,
                      "Actual Startup Time": 26.473,
                      "Actual Total Time": 26.474,
                      "Actual Rows": 71,
                      "Actual Loops": 3,
                      "Hash Buckets": 1024,
                      "Original Hash Buckets": 1024,
                      "Hash Batches": 1,
                      "Original Hash Batches": 1,
                      "Peak Memory Usage": 104,
                      "Shared Hit Blocks": 192,
                      "Shared Read Blocks": 4112,
                      "Shared Dirtied Blocks": 0,
                      "Shared Written Blocks": 0,
                      "Local Hit Blocks": 0,
                      "Local Read Blocks": 0,
                      "Local Dirtied Blocks": 0,
                      "Local Written Blocks": 0,
                      "Temp Read Blocks": 0,
                      "Temp Written Blocks": 0,
                      "Workers": [],
                      "Plans": [
                        {
                          "Node Type": "Seq Scan",
                          "Parent Relationship": "Outer",
                          "Parallel Aware": true,
                          "Async Capable": false,
                          "Relation Name": "part",
                          "Alias": "p",
                          "Startup Cost": 0.0,
                          "Total Cost": 5554.0,
                          "Plan Rows": 83,
                          "Plan Width": 4,
                          "Actual Startup Time": 0.944,
                          "Actual Total Time": 26.235,
                          "Actual Rows": 71,
                          "Actual Loops": 3,
                          "Filter": "((p_brand = 'Brand#53'::bpchar) AND (p_container = 'MED BAG'::bpchar))",
                          "Rows Removed by Filter": 66595,
                          "Shared Hit Blocks": 192,
                          "Shared Read Blocks": 4112,
                          "Shared Dirtied Blocks": 0,
                          "Shared Written Blocks": 0,
                          "Local Hit Blocks": 0,
                          "Local Read Blocks": 0,
                          "Local Dirtied Blocks": 0,
                          "Local Written Blocks": 0,
                          "Temp Read Blocks": 0,
                          "Temp Written Blocks": 0,
                          "Workers": []
                        }
                      ]
                    }
                  ]
                }
              ]
            },
            {
              "Node Type": "Hash",
              "Parent Relationship": "Inner",
              "Parallel Aware": false,
              "Async Capable": false,
              "Startup Cost": 407672.99,
              "Total Cost": 407672.99,
              "Plan Rows": 193255,
              "Plan Width": 36,
              "Actual Startup Time": 3583.95,
              "Actual Total Time": 3583.991,
              "Actual Rows": 200000,
              "Actual Loops": 1,
              "Hash Buckets": 131072,
              "Original Hash Buckets": 131072,
              "Hash Batches": 2,
              "Original Hash Batches": 2,
              "Peak Memory Usage": 5832,
              "Shared Hit Blocks": 1371,
              "Shared Read Blocks": 120129,
              "Shared Dirtied Blocks": 0,
              "Shared Written Blocks": 0,
              "Local Hit Blocks": 0,
              "Local Read Blocks": 0,
              "Local Dirtied Blocks": 0,
              "Local Written Blocks": 0,
              "Temp Read Blocks": 34416,
              "Temp Written Blocks": 56967,
              "Plans": [
                {
                  "Node Type": "Aggregate",
                  "Strategy": "Sorted",
                  "Partial Mode": "Finalize",
                  "Parent Relationship": "Outer",
                  "Parallel Aware": false,
                  "Async Capable": false,
                  "Startup Cost": 356779.36,
                  "Total Cost": 407672.99,
                  "Plan Rows": 193255,
                  "Plan Width": 36,
                  "Actual Startup Time": 2898.818,
                  "Actual Total Time": 3503.933,
                  "Actual Rows": 200000,
                  "Actual Loops": 1,
                  "Group Key": [
                    "lineitem.l_partkey"
                  ],
                  "Shared Hit Blocks": 1371,
                  "Shared Read Blocks": 120129,
                  "Shared Dirtied Blocks": 0,
                  "Shared Written Blocks": 0,
                  "Local Hit Blocks": 0,
                  "Local Read Blocks": 0,
                  "Local Dirtied Blocks": 0,
                  "Local Written Blocks": 0,
                  "Temp Read Blocks": 34416,
                  "Temp Written Blocks": 56514,
                  "Plans": [
                    {
                      "Node Type": "Gather Merge",
                      "Parent Relationship": "Outer",
                      "Parallel Aware": false,
                      "Async Capable": false,
                      "Startup Cost": 356779.36,
                      "Total Cost": 401875.34,
                      "Plan Rows": 386510,
                      "Plan Width": 36,
                      "Actual Startup Time": 2898.795,
                      "Actual Total Time": 3115.452,
                      "Actual Rows": 599910,
                      "Actual Loops": 1,
                      "Workers Planned": 2,
                      "Workers Launched": 2,
                      "Shared Hit Blocks": 1371,
                      "Shared Read Blocks": 120129,
                      "Shared Dirtied Blocks": 0,
                      "Shared Written Blocks": 0,
                      "Local Hit Blocks": 0,
                      "Local Read Blocks": 0,
                      "Local Dirtied Blocks": 0,
                      "Local Written Blocks": 0,
                      "Temp Read Blocks": 34416,
                      "Temp Written Blocks": 56514,
                      "Plans": [
                        {
                          "Node Type": "Sort",
                          "Parent Relationship": "Outer",
                          "Parallel Aware": false,
                          "Async Capable": false,
                          "Startup Cost": 355779.34,
                          "Total Cost": 356262.47,
                          "Plan Rows": 193255,
                          "Plan Width": 36,
                          "Actual Startup Time": 2711.577,
                          "Actual Total Time": 2756.503,
                          "Actual Rows": 199970,
                          "Actual Loops": 3,
                          "Sort Key": [
                            "lineitem.l_partkey"
                          ],
                          "Sort Method": "external merge",
                          "Sort Space Used": 15080,
                          "Sort Space Type": "Disk",
                          "Shared Hit Blocks": 1371,
                          "Shared Read Blocks": 120129,
                          "Shared Dirtied Blocks": 0,
                          "Shared Written Blocks": 0,
                          "Local Hit Blocks": 0,
                          "Local Read Blocks": 0,
                          "Local Dirtied Blocks": 0,
                          "Local Written Blocks": 0,
                          "Temp Read Blocks": 34416,
                          "Temp Written Blocks": 56514,
                          "Workers": [
                            {
                              "Worker Number": 0,
                              "Sort Method": "external merge",
                              "Sort Space Used": 15088,
                              "Sort Space Type": "Disk"
                            },
                            {
                              "Worker Number": 1,
                              "Sort Method": "external merge",
                              "Sort Space Used": 15088,
                              "Sort Space Type": "Disk"
                            }
                          ],
                          "Plans": [
                            {
                              "Node Type": "Aggregate",
                              "Strategy": "Hashed",
                              "Partial Mode": "Partial",
                              "Parent Relationship": "Outer",
                              "Parallel Aware": false,
                              "Async Capable": false,
                              "Startup Cost": 306690.32,
                              "Total Cost": 333526.41,
                              "Plan Rows": 193255,
                              "Plan Width": 36,
                              "Actual Startup Time": 1673.687,
                              "Actual Total Time": 2612.622,
                              "Actual Rows": 199970,
                              "Actual Loops": 3,
                              "Group Key": [
                                "lineitem.l_partkey"
                              ],
                              "Planned Partitions": 8,
                              "HashAgg Batches": 41,
                              "Peak Memory Usage": 8273,
                              "Disk Usage": 55824,
                              "Shared Hit Blocks": 1357,
                              "Shared Read Blocks": 120129,
                              "Shared Dirtied Blocks": 0,
                              "Shared Written Blocks": 0,
                              "Local Hit Blocks": 0,
                              "Local Read Blocks": 0,
                              "Local Dirtied Blocks": 0,
                              "Local Written Blocks": 0,
                              "Temp Read Blocks": 28759,
                              "Temp Written Blocks": 50842,
                              "Workers": [
                                {
                                  "Worker Number": 0,
                                  "HashAgg Batches": 41,
                                  "Peak Memory Usage": 8273,
                                  "Disk Usage": 72928
                                },
                                {
                                  "Worker Number": 1,
                                  "HashAgg Batches": 41,
                                  "Peak Memory Usage": 8273,
                                  "Disk Usage": 73016
                                }
                              ],
                              "Plans": [
                                {
                                  "Node Type": "Seq Scan",
                                  "Parent Relationship": "Outer",
                                  "Parallel Aware": true,
                                  "Async Capable": false,
                                  "Relation Name": "lineitem",
                                  "Alias": "lineitem",
                                  "Startup Cost": 0.0,
                                  "Total Cost": 146492.49,
                                  "Plan Rows": 2500649,
                                  "Plan Width": 9,
                                  "Actual Startup Time": 0.527,
                                  "Actual Total Time": 569.545,
                                  "Actual Rows": 2000405,
                                  "Actual Loops": 3,
                                  "Shared Hit Blocks": 1357,
                                  "Shared Read Blocks": 120129,
                                  "Shared Dirtied Blocks": 0,
                                  "Shared Written Blocks": 0,
                                  "Local Hit Blocks": 0,
                                  "Local Read Blocks": 0,
                                  "Local Dirtied Blocks": 0,
                                  "Local Written Blocks": 0,
                                  "Temp Read Blocks": 0,
                                  "Temp Written Blocks": 0,
                                  "Workers": []
                                }
                              ]
                            }
                          ]
                        }
                      ]
                    }
                  ]
                }
              ]
            }
          ]
        }
      ]
    },
    "Planning": {
      "Shared Hit Blocks": 8,
      "Shared Read Blocks": 0,
      "Shared Dirtied Blocks": 0,
      "Shared Written Blocks": 0,
      "Local Hit Blocks": 0,
      "Local Read Blocks": 0,
      "Local Dirtied Blocks": 0,
      "Local Written Blocks": 0,
      "Temp Read Blocks": 0,
      "Temp Written Blocks": 0
    },
    "Planning Time": 0.62,
    "Triggers": [],
    "Execution Time": 4167.591
  }
]