[
  {
    "Plan": {
      "Node Type": "Sort",
      "Parallel Aware": false,
      "Async Capable": false,
      "Startup Cost": 29667.25,
      "Total Cost": 29693.92,
      "Plan Rows": 10667,
      "Plan Width": 68,
      "Actual Startup Time": 212.713,
      "Actual Total Time": 216.344,
      "Actual Rows": 22669,
      "Actual Loops": 1,
      "Sort Key": [
        "i.total_value DESC"
      ],
      "Sort Method": "quicksort",
      "Sort Space Used": 1654,
      "Sort Space Type": "Memory",
      "Shared Hit Blocks": 939,
      "Shared Read Blocks": 17444,
      "Shared Dirtied Blocks": 0,
      "Shared Written Blocks": 0,
      "Local Hit Blocks": 0,
      "Local Read Blocks": 0,
      "Local Dirtied Blocks": 0,
      "Local Written Blocks": 0,
      "Temp Read Blocks": 56,
      "Temp Written Blocks": 124,
      "Plans": [
        {
          "Node Type": "Aggregate",
          "Strategy": "Hashed",
          "Partial Mode": "Simple",
          "Parent Relationship": "InitPlan",
          "Subplan Name": "CTE indiastock",
          "Parallel Aware": false,
          "Async Capable": false,
          "Startup Cost": 27113.57,
          "Total Cost": 27513.57,
          "Plan Rows": 32000,
          "Plan Width": 36,
          "Actual Startup Time": 153.87,
          "Actual Total Time": 181.187,
          "Actual Rows": 31082,
          "Actual Loops": 1,
          "Group Key": [
            "ps.ps_partkey"
          ],
          "Planned Partitions": 0,
          "HashAgg Batches": 5,
          "Peak Memory Usage": 8241,
          "Disk Usage": 688,
          "Shared Hit Blocks": 939,
          "Shared Read Blocks": 17444,
          "Shared Dirtied Blocks": 0,
          "Shared Written Blocks": 0,
          "Local Hit Blocks": 0,
          "Local Read Blocks": 0,
          "Local Dirtied Blocks": 0,
          "Local Written Blocks": 0,
          "Temp Read Blocks": 56,
          "Temp Written Blocks": 124,
          "Plans": [
            {
              "Node Type": "Gather",
              "Parent Relationship": "Outer",
              "Parallel Aware": false,
              "Async Capable": false,
              "Startup Cost": 1360.03,
              "Total Cost": 26793.57,
              "Plan Rows": 32000,
              "Plan Width": 14,
              "Actual Startup Time": 4.044,
              "Actual Total Time": 121.036,
              "Actual Rows": 33200,
              "Actual Loops": 1,
              "Workers Planned": 2,
              "Workers Launched": 2,
              "Single Copy": false,
              "Shared Hit Blocks": 939,
              "Shared Read Blocks": 17444,
              "Shared Dirtied Blocks": 0,
              "Shared Written Blocks": 0,
              "Local Hit Blocks": 0,
              "Local Read Blocks": 0,
              "Local Dirtied Blocks": 0,
              "Local Written Blocks": 0,
              "Temp Read Blocks": 0,
              "Temp Written Blocks": 0,
              "Plans": [
                {
                  "Node Type": "Hash Join",
                  "Parent Relationship": "Outer",
                  "Parallel Aware": false,
                  "Async Capable": false,
                  "Join Type": "Inner",
                  "Startup Cost": 360.02,
                  "Total Cost": 22593.57,
                  "Plan Rows": 13333,
                  "Plan Width": 14,
                  "Actual Startup Time": 5.063,
                  "Actual Total Time": 89.974,
                  "Actual Rows": 11067,
                  "Actual Loops": 3,
                  "Inner Unique": false,
                  "Hash Cond": "(ps.ps_suppkey = s.s_suppkey)",
                  "Shared Hit Blocks": 939,
                  "Shared Read Blocks": 17444,
                  "Shared Dirtied Blocks": 0,
                  "Shared Written Blocks": 0,
                  "Local Hit Blocks": 0,
                  "Local Read Blocks": 0,
                  "Local Dirtied Blocks": 0,
                  "Local Written Blocks": 0,
                  "Temp Read Blocks": 0,
                  "Temp Written Blocks": 0,
                  "Workers": [],
                  "Plans": [
                    {
                      "Node Type": "Seq Scan",
                      "Parent Relationship": "Outer",
                      "Parallel Aware": true,
                      "Async Capable": false,
                      "Relation Name": "partsupp",
                      "Alias": "ps",
                      "Startup Cost": 0.0,
                      "Total Cost": 20850.33,
                      "Plan Rows": 333333,
                      "Plan Width": 18,
                      "Actual Startup Time": 0.246,
                      "Actual Total Time": 58.258,
                      "Actual Rows": 266667,
                      "Actual Loops": 3,
                      "Shared Hit Blocks": 97,
                      "Shared Read Blocks": 17420,
                      "Shared Dirtied Blocks": 0,
                      "Shared Written Blocks": 0,
                      "Local Hit Blocks": 0,
                      "Local Read Blocks": 0,
                      "Local Dirtied Blocks": 0,
                      "Local Written Blocks": 0,
                      "Temp Read Blocks": 0,
                      "Temp Written Blocks": 0,
                      "Workers": []
                    },
                    {
                      "Node Type": "Hash",
                      "Parent Relationship": "Inner",
                      "Parallel Aware": false,
                      "Async Capable": false,
                      "Startup Cost": 355.02,
                      "Total Cost": 355.02,
                      "Plan Rows": 400,
                      "Plan Width": 4,
                      "Actual Startup Time": 3.109,
                      "Actual Total Time": 3.111,
                      "Actual Rows": 415,
                      "Actual Loops": 3,
                      "Hash Buckets": 1024,
                      "Original Hash Buckets": 1024,
                      "Hash Batches": 1,
                      "Original Hash Batches": 1,
                      "Peak Memory Usage": 23,
                      "Shared Hit Blocks": 671,
                      "Shared Read Blocks": 1,
                      "Shared Dirtied Blocks": 0,
                      "Shared Written Blocks": 0,
                      "Local Hit Blocks": 0,
                      "Local Read Blocks": 0,
                      "Local Dirtied Blocks": 0,
                      "Local Written Blocks": 0,
                      "Temp Read Blocks": 0,
                      "Temp Written Blocks": 0,
                      "Workers": [],
                      "Plans": [
                        {
                          "Node Type": "Hash Join",
                          "Parent Relationship": "Outer",
                          "Parallel Aware": false,
                          "Async Capable": false,
                          "Join Type": "Inner",
                          "Startup Cost": 1.32,
                          "Total Cost": 355.02,
                          "Plan Rows": 400,
                          "Plan Width": 4,
                          "Actual Startup Time": 0.857,
                          "Actual Total Time": 3.049,
                          "Actual Rows": 415,
                          "Actual Loops": 3,
                          "Inner Unique": true,
                          "Hash Cond": "(s.s_nationkey = n.n_nationkey)",
                          "Shared Hit Blocks": 671,
                          "Shared Read Blocks": 1,
                          "Shared Dirtied Blocks": 0,
                          "Shared Written Blocks": 0,
                          "Local Hit Blocks": 0,
                          "Local Read Blocks": 0,
                          "Local Dirtied Blocks": 0,
                          "Local Written Blocks": 0,
                          "Temp Read Blocks": 0,
                          "Temp Written Blocks": 0,
                          "Workers": [],
                          "Plans": [
                            {
                              "Node Type": "Seq Scan",
                              "Parent Relationship": "Outer",
                              "Parallel Aware": false,
                              "Async Capable": false,
                              "Relation Name": "supplier",
                              "Alias": "s",
                              "Startup Cost": 0.0,
                              "Total Cost": 323.0,
                              "Plan Rows": 10000,
                              "Plan Width": 8,
                              "Actual Startup Time": 0.468,
                              "Actual Total Time": 1.305,
                              "Actual Rows": 10000,
                              "Actual Loops": 3,
                              "Shared Hit Blocks": 669,
                              "Shared Read Blocks": 0,
                              "Shared Dirtied Blocks": 0,
                              "Shared Written Blocks": 0,
                              "Local Hit Blocks": 0,
                              "Local Read Blocks": 0,
                              "Local Dirtied Blocks": 0,
                              "Local Written Blocks": 0,
                              "Temp Read Blocks": 0,
                              "Temp Written Blocks": 0,
                              "Workers": []
                            },
                            {
                              "Node Type": "Hash",
                              "Parent Relationship": "Inner",
                              "Parallel Aware": false,
                              "Async Capable": false,
                              "Startup Cost": 1.31,
                              "Total Cost": 1.31,
                              "Plan Rows": 1,
                              "Plan Width": 4,
                              "Actual Startup Time": 0.373,
                              "Actual Total Time": 0.375,
                              "Actual Rows": 1,
                              "Actual Loops": 3,
                              "Hash Buckets": 1024,
                              "Original Hash Buckets": 1024,
                              "Hash Batches": 1,
                              "Original Hash Batches": 1,
                              "Peak Memory Usage": 9,
                              "Shared Hit Blocks": 2,
                              "Shared Read Blocks": 1,
                              "Shared Dirtied Blocks": 0,
                              "Shared Written Blocks": 0,
                              "Local Hit Blocks": 0,
                              "Local Read Blocks": 0,
                              "Local Dirtied Blocks": 0,
                              "Local Written Blocks": 0,
                              "Temp Read Blocks": 0,
                              "Temp Written Blocks": 0,
                              "Workers": [],
                              "Plans": [
                                {
                                  "Node Type": "Seq Scan",
                                  "Parent Relationship": "Outer",
                                  "Parallel Aware": false,
                                  "Async Capable": false,
                                  "Relation Name": "nation",
                                  "Alias": "n",
                                  "Startup Cost": 0.0,
                                  "Total Cost": 1.31,
                                  "Plan Rows": 1,
                                  "Plan Width": 4,
                                  "Actual Startup Time": 0.364,
                                  "Actual Total Time": 0.366,
                                  "Actual Rows": 1,
                                  "Actual Loops": 3,
                                  "Filter": "(n_name = 'INDIA'::bpchar)",
                                  "Rows Removed by Filter": 24,
                                  "Shared Hit Blocks": 2,
                                  "Shared Read Blocks": 1,
                                  "Shared Dirtied Blocks": 0,
                                  "Shared Written Blocks": 0,
                                  "Local Hit Blocks": 0,
                                  "Local Read Blocks": 0,
                                  "Local Dirtied Blocks": 0,
                                  "Local Written Blocks": 0,
                                  "Temp Read Blocks": 0,
                                  "Temp Written Blocks": 0,
                                  "Workers": []
                                }
                              ]
                            }
                          ]
                        }
                      ]
                    }
                  ]
                }
              ]
            }
          ]
        },
        {
          "Node Type": "Aggregate",
          "Strategy": "Plain",
          "Partial Mode": "Simple",
          "Parent Relationship": "InitPlan",
          "Subplan Name": "InitPlan 2",
          "Parallel Aware": false,
          "Async Capable": false,
          "Startup Cost": 720.0,
          "Total Cost": 720.02,
          "Plan Rows": 1,
          "Plan Width": 32,
          "Actual Startup Time": 40.578,
          "Actual Total Time": 40.578,
          "Actual Rows": 1,
          "Actual Loops": 1,
          "Shared Hit Blocks": 0,
          "Shared Read Blocks": 0,
          "Shared Dirtied Blocks": 0,
          "Shared Written Blocks": 0,
          "Local Hit Blocks": 0,
          "Local Read Blocks": 0,
          "Local Dirtied Blocks": 0,
          "Local Written Blocks": 0,
          "Temp Read Blocks": 56,
          "Temp Written Blocks": 1,
          "Plans": [
            {
              "Node Type": "CTE Scan",
              "Parent Relationship": "Outer",
              "Parallel Aware": false,
              "Async Capable": false,
              "CTE Name": "indiastock",
              "Alias": "indiastock",
              "Startup Cost": 0.0,
              "Total Cost": 640.0,
              "Plan Rows": 32000,
              "Plan Width": 32,
              "Actual Startup Time": 0.001,
              "Actual Total Time": 35.758,
              "Actual Rows": 31082,
              "Actual Loops": 1,
              "Shared Hit Blocks": 0,
              "Shared Read Blocks": 0,
              "Shared Dirtied Blocks": 0,
              "Shared Written Blocks": 0,
              "Local Hit Blocks": 0,
              "Local Read Blocks": 0,
              "Local Dirtied Blocks": 0,
              "Local Written Blocks": 0,
              "Temp Read Blocks": 56,
              "Temp Written Blocks": 1
            }
          ]
        },
        {
          "Node Type": "CTE Scan",
          "Parent Relationship": "Outer",
          "Parallel Aware": false,
          "Async Capable": false,
          "CTE Name": "indiastock",
          "Alias": "i",
          "Startup Cost": 0.0,
          "Total Cost": 720.0,
          "Plan Rows": 10667,
          "Plan Width": 68,
          "Actual Startup Time": 194.458,
          "Actual Total Time": 201.773,
          "Actual Rows": 22669,
          "Actual Loops": 1,
          "Filter": "(total_value > (InitPlan 2).col1)",
          "Rows Removed by Filter": 8413,
          "Shared Hit Blocks": 939,
          "Shared Read Blocks": 17444,
          "Shared Dirtied Blocks": 0,
          "Shared Written Blocks": 0,
          "Local Hit Blocks": 0,
          "Local Read Blocks": 0,
          "Local Dirtied Blocks": 0,
          "Local Written Blocks": 0,
          "Temp Read Blocks": 56,
          "Temp Written Blocks": 124
        }
      ]
    },
    "Planning": {
      "Shared Hit Blocks": 7,
      "Shared Read Blocks": 3,
      "Shared Dirtied Blocks": 0,
      "Shared Written Blocks": 0,
      "Local Hit Blocks": 0,
      "Local Read Blocks": 0,
      "Local Dirtied Blocks": 0,
      "Local Written Blocks": 0,
      "Temp Read Blocks": 0,
      "Temp Written Blocks": 0
    },
    "Planning Time": 0.651,
    "Triggers": [],
    "Execution Time": 221.79
  }
]