[
  {
    "Plan": {
      "Node Type": "Aggregate",
      "Strategy": "Plain",
      "Partial Mode": "Finalize",
      "Parallel Aware": false,
      "Async Capable": false,
      "Startup Cost": 166809.92,
      "Total Cost": 166809.93,
      "Plan Rows": 1,
      "Plan Width": 32,
      "Actual Startup Time": 702.973,
      "Actual Total Time": 709.048,
      "Actual Rows": 1,
      "Actual Loops": 1,
      "Shared Hit Blocks": 565,
      "Shared Read Blocks": 125389,
      "Shared Dirtied Blocks": 0,
      "Shared Written Blocks": 0,
      "Local Hit Blocks": 0,
      "Local Read Blocks": 0,
      "Local Dirtied Blocks": 0,
      "Local Written Blocks": 0,
      "Temp Read Blocks": 0,
      "Temp Written Blocks": 0,
      "Plans": [
        {
          "Node Type": "Gather",
          "Parent Relationship": "Outer",
          "Parallel Aware": false,
          "Async Capable": false,
          "Startup Cost": 166809.68,
          "Total Cost": 166809.89,
          "Plan Rows": 2,
          "Plan Width": 64,
          "Actual Startup Time": 702.643,
          "Actual Total Time": 709.032,
          "Actual Rows": 3,
          "Actual Loops": 1,
          "Workers Planned": 2,
          "Workers Launched": 2,
          "Single Copy": false,
          "Shared Hit Blocks": 565,
          "Shared Read Blocks": 125389,
          "Shared Dirtied Blocks": 0,
          "Shared Written Blocks": 0,
          "Local Hit Blocks": 0,
          "Local Read Blocks": 0,
          "Local Dirtied Blocks": 0,
          "Local Written Blocks": 0,
          "Temp Read Blocks": 0,
          "Temp Written Blocks": 0,
          "Plans": [
            {
              "Node Type": "Aggregate",
              "Strategy": "Plain",
              "Partial Mode": "Partial",
              "Parent Relationship": "Outer",
              "Parallel Aware": false,
              "Async Capable": false,
              "Startup Cost": 165809.68,
              "Total Cost": 165809.69,
              "Plan Rows": 1,
              "Plan Width": 64,
              "Actual Startup Time": 665.547,
              "Actual Total Time": 665.549,
              "Actual Rows": 1,
              "Actual Loops": 3,
              "Shared Hit Blocks": 565,
              "Shared Read Blocks": 125389,
              "Shared Dirtied Blocks": 0,
              "Shared Written Blocks": 0,
              "Local Hit Blocks": 0,
              "Local Read Blocks": 0,
              "Local Dirtied Blocks": 0,
              "Local Written Blocks": 0,
              "Temp Read Blocks": 0,
              "Temp Written Blocks": 0,
              "Workers": [],
              "Plans": [
                {
                  "Node Type": "Hash Join",
                  "Parent Relationship": "Outer",
                  "Parallel Aware": true,
                  "Async Capable": false,
                  "Join Type": "Inner",
                  "Startup Cost": 6179.0,
                  "Total Cost": 165257.55,
                  "Plan Rows": 31550,
                  "Plan Width": 33,
                  "Actual Startup Time": 46.108,
                  "Actual Total Time": 650.414,
                  "Actual Rows": 25785,
                  "Actual Loops": 3,
                  "Inner Unique": true,
                  "Hash Cond": "(l.l_partkey = p.p_partkey)",
                  "Shared Hit Blocks": 565,
                  "Shared Read Blocks": 125389,
                  "Shared Dirtied Blocks": 0,
                  "Shared Written Blocks": 0,
                  "Local Hit Blocks": 0,
                  "Local Read Blocks": 0,
                  "Local Dirtied Blocks": 0,
                  "Local Written Blocks": 0,
                  "Temp Read Blocks": 0,
                  "Temp Written Blocks": 0,
                  "Workers": [],
                  "Plans": [
                    {
                      "Node Type": "Seq Scan",
                      "Parent Relationship": "Outer",
                      "Parallel Aware": true,
                      "Async Capable": false,
                      "Relation Name": "lineitem",
                      "Alias": "l",
                      "Startup Cost": 0.0,
                      "Total Cost": 158995.74,
                      "Plan Rows": 31550,
                      "Plan Width": 16,
                      "Actual Startup Time": 0.439,
                      "Actual Total Time": 581.881,
                      "Actual Rows": 25785,
                      "Actual Loops": 3,
                      "Filter": "((l_shipdate >= '1995-01-01'::date) AND (l_shipdate < '1995-02-01 00:00:00'::timestamp without time zone))",
                      "Rows Removed by Filter": 1974620,
                      "Shared Hit Blocks": 411,
                      "Shared Read Blocks": 121075,
                      "Shared Dirtied Blocks": 0,
                      "Shared Written Blocks": 0,
                      "Local Hit Blocks": 0,
                      "Local Read Blocks": 0,
                      "Local Dirtied Blocks": 0,
                      "Local Written Blocks": 0,
                      "Temp Read Blocks": 0,
                      "Temp Written Blocks": 0,
                      "Workers": []
                    },
                    {
                      "Node Type": "Hash",
                      "Parent Relationship": "Inner",
                      "Parallel Aware": true,
                      "Async Capable": false,
                      "Startup Cost": 5137.33,
                      "Total Cost": 5137.33,
                      "Plan Rows": 83333,
                      "Plan Width": 25,
                      "Actual Startup Time": 43.519,
                      "Actual Total Time": 43.519,
                      "Actual Rows": 66667,
                      "Actual Loops": 3,
                      "Hash Buckets": 262144,
                      "Original Hash Buckets": 262144,
                      "Hash Batches": 1,
                      "Original Hash Batches": 1,
                      "Peak Memory Usage": 14176,
                      "Shared Hit Blocks": 0,
                      "Shared Read Blocks": 4304,
                      "Shared Dirtied Blocks": 0,
                      "Shared Written Blocks": 0,
                      "Local Hit Blocks": 0,
                      "Local Read Blocks": 0,
                      "Local Dirtied Blocks": 0,
                      "Local Written Blocks": 0,
                      "Temp Read Blocks": 0,
                      "Temp Written Blocks": 0,
                      "Workers": [],
                      "Plans": [
                        {
                          "Node Type": "Seq Scan",
                          "Parent Relationship": "Outer",
                          "Parallel Aware": true,
                          "Async Capable": false,
                          "Relation Name": "part",
                          "Alias": "p",
                          "Startup Cost": 0.0,
                          "Total Cost": 5137.33,
                          "Plan Rows": 83333,
                          "Plan Width": 25,
                          "Actual Startup Time": 0.884,
                          "Actual Total Time": 21.519,
                          "Actual Rows": 66667,
                          "Actual Loops": 3,
                          "Shared Hit Blocks": 0,
                          "Shared Read Blocks": 4304,
                          "Shared Dirtied Blocks": 0,
                          "Shared Written Blocks": 0,
                          "Local Hit Blocks": 0,
                          "Local Read Blocks": 0,
                          "Local Dirtied Blocks": 0,
                          "Local Written Blocks": 0,
                          "Temp Read Blocks": 0,
                          "Temp Written Blocks": 0,
                          "Workers": []
                        }
                      ]
                    }
                  ]
                }
              ]
            }
          ]
        }
      ]
    },
    "Planning": {
      "Shared Hit Blocks": 2,
      "Shared Read Blocks": 6,
      "Shared Dirtied Blocks": 0,
      "Shared Written Blocks": 0,
      "Local Hit Blocks": 0,
      "Local Read Blocks": 0,
      "Local Dirtied Blocks": 0,
      "Local Written Blocks": 0,
      "Temp Read Blocks": 0,
      "Temp Written Blocks": 0
    },
    "Planning Time": 0.559,
    "Triggers": [],
    "Execution Time": 709.101
  }
]