[
  {
    "Plan": {
      "Node Type": "Append",
      "Parallel Aware": false,
      "Async Capable": false,
      "Startup Cost": 0.71,
      "Total Cost": 540.43,
      "Plan Rows": 12,
      "Plan Width": 36,
      "Actual Startup Time": 0.559,
      "Actual Total Time": 4.812,
      "Actual Rows": 12,
      "Actual Loops": 1,
      "Shared Hit Blocks": 207,
      "Shared Read Blocks": 10,
      "Shared Dirtied Blocks": 0,
      "Shared Written Blocks": 0,
      "Local Hit Blocks": 0,
      "Local Read Blocks": 0,
      "Local Dirtied Blocks": 0,
      "Local Written Blocks": 0,
      "Temp Read Blocks": 0,
      "Temp Written Blocks": 0,
      "Subplans Removed": 0,
      "Plans": [
        {
          "Node Type": "Limit",
          "Parent Relationship": "Member",
          "Parallel Aware": false,
          "Async Capable": false,
          "Startup Cost": 0.71,
          "Total Cost": 538.23,
          "Plan Rows": 7,
          "Plan Width": 30,
          "Actual Startup Time": 0.558,
          "Actual Total Time": 4.006,
          "Actual Rows": 7,
          "Actual Loops": 1,
          "Shared Hit Blocks": 197,
          "Shared Read Blocks": 8,
          "Shared Dirtied Blocks": 0,
          "Shared Written Blocks": 0,
          "Local Hit Blocks": 0,
          "Local Read Blocks": 0,
          "Local Dirtied Blocks": 0,
          "Local Written Blocks": 0,
          "Temp Read Blocks": 0,
          "Temp Written Blocks": 0,
          "Plans": [
            {
              "Node Type": "Nested Loop",
              "Parent Relationship": "Outer",
              "Parallel Aware": false,
              "Async Capable": false,
              "Join Type": "Inner",
              "Startup Cost": 0.71,
              "Total Cost": 60090681.54,
              "Plan Rows": 782554,
              "Plan Width": 30,
              "Actual Startup Time": 0.557,
              "Actual Total Time": 4.003,
              "Actual Rows": 7,
              "Actual Loops": 1,
              "Inner Unique": false,
              "Shared Hit Blocks": 197,
              "Shared Read Blocks": 8,
              "Shared Dirtied Blocks": 0,
              "Shared Written Blocks": 0,
              "Local Hit Blocks": 0,
              "Local Read Blocks": 0,
              "Local Dirtied Blocks": 0,
              "Local Written Blocks": 0,
              "Temp Read Blocks": 0,
              "Temp Written Blocks": 0,
              "Plans": [
                {
                  "Node Type": "Index Scan",
                  "Parent Relationship": "Outer",
                  "Parallel Aware": false,
                  "Async Capable": false,
                  "Scan Direction": "Forward",
                  "Index Name": "pk_supplier",
                  "Relation Name": "supplier",
                  "Alias": "s",
                  "Startup Cost": 0.29,
                  "Total Cost": 496.78,
                  "Plan Rows": 10000,
                  "Plan Width": 30,
                  "Actual Startup Time": 0.035,
                  "Actual Total Time": 0.035,
                  "Actual Rows": 1,
                  "Actual Loops": 1,
                  "Shared Hit Blocks": 2,
                  "Shared Read Blocks": 1,
                  "Shared Dirtied Blocks": 0,
                  "Shared Written Blocks": 0,
                  "Local Hit Blocks": 0,
                  "Local Read Blocks": 0,
                  "Local Dirtied Blocks": 0,
                  "Local Written Blocks": 0,
                  "Temp Read Blocks": 0,
                  "Temp Written Blocks": 0
                },
                {
                  "Node Type": "Index Scan",
                  "Parent Relationship": "Inner",
                  "Parallel Aware": false,
                  "Async Capable": false,
                  "Scan Direction": "Forward",
                  "Index Name": "pk_partsupp",
                  "Relation Name": "partsupp",
                  "Alias": "ps",
                  "Startup Cost": 0.42,
                  "Total Cost": 6008.24,
                  "Plan Rows": 78,
                  "Plan Width": 4,
                  "Actual Startup Time": 0.52,
                  "Actual Total Time": 3.96,
                  "Actual Rows": 7,
                  "Actual Loops": 1,
                  "Index Cond": "(ps_suppkey = s.s_suppkey)",
                  "Rows Removed by Index Recheck": 0,
                  "Filter": "(ps_availqty > 200)",
                  "Rows Removed by Filter": 0,
                  "Shared Hit Blocks": 195,
                  "Shared Read Blocks": 7,
                  "Shared Dirtied Blocks": 0,
                  "Shared Written Blocks": 0,
                  "Local Hit Blocks": 0,
                  "Local Read Blocks": 0,
                  "Local Dirtied Blocks": 0,
                  "Local Written Blocks": 0,
                  "Temp Read Blocks": 0,
                  "Temp Written Blocks": 0
                }
              ]
            }
          ]
        },
        {
          "Node Type": "Subquery Scan",
          "Parent Relationship": "Member",
          "Parallel Aware": false,
          "Async Capable": false,
          "Alias": "*SELECT* 2",
          "Startup Cost": 0.84,
          "Total Cost": 2.14,
          "Plan Rows": 5,
          "Plan Width": 36,
          "Actual Startup Time": 0.777,
          "Actual Total Time": 0.801,
          "Actual Rows": 5,
          "Actual Loops": 1,
          "Shared Hit Blocks": 10,
          "Shared Read Blocks": 2,
          "Shared Dirtied Blocks": 0,
          "Shared Written Blocks": 0,
          "Local Hit Blocks": 0,
          "Local Read Blocks": 0,
          "Local Dirtied Blocks": 0,
          "Local Written Blocks": 0,
          "Temp Read Blocks": 0,
          "Temp Written Blocks": 0,
          "Plans": [
            {
              "Node Type": "Limit",
              "Parent Relationship": "Subquery",
              "Parallel Aware": false,
              "Async Capable": false,
              "Startup Cost": 0.84,
              "Total Cost": 2.09,
              "Plan Rows": 5,
              "Plan Width": 37,
              "Actual Startup Time": 0.776,
              "Actual Total Time": 0.797,
              "Actual Rows": 5,
              "Actual Loops": 1,
              "Shared Hit Blocks": 10,
              "Shared Read Blocks": 2,
              "Shared Dirtied Blocks": 0,
              "Shared Written Blocks": 0,
              "Local Hit Blocks": 0,
              "Local Read Blocks": 0,
              "Local Dirtied Blocks": 0,
              "Local Written Blocks": 0,
              "Temp Read Blocks": 0,
              "Temp Written Blocks": 0,
              "Plans": [
                {
                  "Node Type": "Nested Loop",
                  "Parent Relationship": "Outer",
                  "Parallel Aware": false,
                  "Async Capable": false,
                  "Join Type": "Inner",
                  "Startup Cost": 0.84,
                  "Total Cost": 197412.52,
                  "Plan Rows": 791158,
                  "Plan Width": 37,
                  "Actual Startup Time": 0.774,
                  "Actual Total Time": 0.795,
                  "Actual Rows": 5,
                  "Actual Loops": 1,
                  "Inner Unique": false,
                  "Shared Hit Blocks": 10,
                  "Shared Read Blocks": 2,
                  "Shared Dirtied Blocks": 0,
                  "Shared Written Blocks": 0,
                  "Local Hit Blocks": 0,
                  "Local Read Blocks": 0,
                  "Local Dirtied Blocks": 0,
                  "Local Written Blocks": 0,
                  "Temp Read Blocks": 0,
                  "Temp Written Blocks": 0,
                  "Plans": [
                    {
                      "Node Type": "Index Scan",
                      "Parent Relationship": "Outer",
                      "Parallel Aware": false,
                      "Async Capable": false,
                      "Scan Direction": "Forward",
                      "Index Name": "pk_part",
                      "Relation Name": "part",
                      "Alias": "p",
                      "Startup Cost": 0.42,
                      "Total Cost": 9512.52,
                      "Plan Rows": 200000,
                      "Plan Width": 37,
                      "Actual Startup Time": 0.412,
                      "Actual Total Time": 0.413,
                      "Actual Rows": 2,
                      "Actual Loops": 1,
                      "Shared Hit Blocks": 3,
                      "Shared Read Blocks": 1,
                      "Shared Dirtied Blocks": 0,
                      "Shared Written Blocks": 0,
                      "Local Hit Blocks": 0,
                      "Local Read Blocks": 0,
                      "Local Dirtied Blocks": 0,
                      "Local Written Blocks": 0,
                      "Temp Read Blocks": 0,
                      "Temp Written Blocks": 0
                    },
                    {
                      "Node Type": "Index Scan",
                      "Parent Relationship": "Inner",
                      "Parallel Aware": false,
                      "Async Capable": false,
                      "Scan Direction": "Forward",
                      "Index Name": "pk_partsupp",
                      "Relation Name": "partsupp",
                      "Alias": "ps_1",
                      "Startup Cost": 0.42,
                      "Total Cost": 0.9,
                      "Plan Rows": 4,
                      "Plan Width": 4,
                      "Actual Startup Time": 0.184,
                      "Actual Total Time": 0.186,
                      "Actual Rows": 2,
                      "Actual Loops": 2,
                      "Index Cond": "(ps_partkey = p.p_partkey)",
                      "Rows Removed by Index Recheck": 0,
                      "Filter": "(ps_availqty > 100)",
                      "Rows Removed by Filter": 0,
                      "Shared Hit Blocks": 7,
                      "Shared Read Blocks": 1,
                      "Shared Dirtied Blocks": 0,
                      "Shared Written Blocks": 0,
                      "Local Hit Blocks": 0,
                      "Local Read Blocks": 0,
                      "Local Dirtied Blocks": 0,
                      "Local Written Blocks": 0,
                      "Temp Read Blocks": 0,
                      "Temp Written Blocks": 0
                    }
                  ]
                }
              ]
            }
          ]
        }
      ]
    },
    "Planning": {
      "Shared Hit Blocks": 154,
      "Shared Read Blocks": 28,
      "Shared Dirtied Blocks": 0,
      "Shared Written Blocks": 0,
      "Local Hit Blocks": 0,
      "Local Read Blocks": 0,
      "Local Dirtied Blocks": 0,
      "Local Written Blocks": 0,
      "Temp Read Blocks": 0,
      "Temp Written Blocks": 0
    },
    "Planning Time": 8.37,
    "Triggers": [],
    "Execution Time": 4.874
  }
]