[
  {
    "Plan": {
      "Node Type": "Append",
      "Parallel Aware": false,
      "Async Capable": false,
      "Startup Cost": 1000.56,
      "Total Cost": 29386.4,
      "Plan Rows": 22,
      "Plan Width": 36,
      "Actual Startup Time": 106.162,
      "Actual Total Time": 841.276,
      "Actual Rows": 22,
      "Actual Loops": 1,
      "Shared Hit Blocks": 207,
      "Shared Read Blocks": 28429,
      "Shared Dirtied Blocks": 0,
      "Shared Written Blocks": 0,
      "Local Hit Blocks": 0,
      "Local Read Blocks": 0,
      "Local Dirtied Blocks": 0,
      "Local Written Blocks": 0,
      "Temp Read Blocks": 2697,
      "Temp Written Blocks": 514,
      "Subplans Removed": 0,
      "Plans": [
        {
          "Node Type": "Limit",
          "Parent Relationship": "Member",
          "Parallel Aware": false,
          "Async Capable": false,
          "Startup Cost": 1000.56,
          "Total Cost": 29364.3,
          "Plan Rows": 10,
          "Plan Width": 23,
          "Actual Startup Time": 106.161,
          "Actual Total Time": 840.912,
          "Actual Rows": 10,
          "Actual Loops": 1,
          "Shared Hit Blocks": 201,
          "Shared Read Blocks": 28418,
          "Shared Dirtied Blocks": 0,
          "Shared Written Blocks": 0,
          "Local Hit Blocks": 0,
          "Local Read Blocks": 0,
          "Local Dirtied Blocks": 0,
          "Local Written Blocks": 0,
          "Temp Read Blocks": 2697,
          "Temp Written Blocks": 514,
          "Plans": [
            {
              "Node Type": "Nested Loop",
              "Parent Relationship": "Outer",
              "Parallel Aware": false,
              "Async Capable": false,
              "Join Type": "Inner",
              "Startup Cost": 1000.56,
              "Total Cost": 858713263.55,
              "Plan Rows": 302750,
              "Plan Width": 23,
              "Actual Startup Time": 106.16,
              "Actual Total Time": 840.903,
              "Actual Rows": 10,
              "Actual Loops": 1,
              "Inner Unique": false,
              "Join Filter": "(c.c_custkey = o.o_custkey)",
              "Rows Removed by Join Filter": 1876304,
              "Shared Hit Blocks": 201,
              "Shared Read Blocks": 28418,
              "Shared Dirtied Blocks": 0,
              "Shared Written Blocks": 0,
              "Local Hit Blocks": 0,
              "Local Read Blocks": 0,
              "Local Dirtied Blocks": 0,
              "Local Written Blocks": 0,
              "Temp Read Blocks": 2697,
              "Temp Written Blocks": 514,
              "Plans": [
                {
                  "Node Type": "Gather Merge",
                  "Parent Relationship": "Outer",
                  "Parallel Aware": false,
                  "Async Capable": false,
                  "Startup Cost": 1000.56,
                  "Total Cost": 27918.67,
                  "Plan Rows": 150000,
                  "Plan Width": 23,
                  "Actual Startup Time": 59.821,
                  "Actual Total Time": 68.617,
                  "Actual Rows": 7,
                  "Actual Loops": 1,
                  "Workers Planned": 2,
                  "Workers Launched": 2,
                  "Shared Hit Blocks": 201,
                  "Shared Read Blocks": 80,
                  "Shared Dirtied Blocks": 0,
                  "Shared Written Blocks": 0,
                  "Local Hit Blocks": 0,
                  "Local Read Blocks": 0,
                  "Local Dirtied Blocks": 0,
                  "Local Written Blocks": 0,
                  "Temp Read Blocks": 0,
                  "Temp Written Blocks": 0,
                  "Plans": [
                    {
                      "Node Type": "Incremental Sort",
                      "Parent Relationship": "Outer",
                      "Parallel Aware": false,
                      "Async Capable": false,
                      "Startup Cost": 0.54,
                      "Total Cost": 9604.93,
                      "Plan Rows": 62500,
                      "Plan Width": 23,
                      "Actual Startup Time": 1.781,
                      "Actual Total Time": 4.453,
                      "Actual Rows": 912,
                      "Actual Loops": 3,
                      "Sort Key": [
                        "c.c_custkey",
                        "c.c_name DESC"
                      ],
                      "Presorted Key": [
                        "c.c_custkey"
                      ],
                      "Full-sort Groups": {
                        "Group Count": 1,
                        "Sort Methods Used": [
                          "quicksort"
                        ],
                        "Sort Space Memory": {
                          "Average Sort Space Used": 26,
                          "Peak Sort Space Used": 26
                        }
                      },
                      "Shared Hit Blocks": 201,
                      "Shared Read Blocks": 80,
                      "Shared Dirtied Blocks": 0,
                      "Shared Written Blocks": 0,
                      "Local Hit Blocks": 0,
                      "Local Read Blocks": 0,
                      "Local Dirtied Blocks": 0,
                      "Local Written Blocks": 0,
                      "Temp Read Blocks": 0,
                      "Temp Written Blocks": 0,
                      "Workers": [
                        {
                          "Worker Number": 0,
                          "Full-sort Groups": {
                            "Group Count": 43,
                            "Sort Methods Used": [
                              "quicksort"
                            ],
                            "Sort Space Memory": {
                              "Average Sort Space Used": 26,
                              "Peak Sort Space Used": 26
                            }
                          }
                        },
                        {
                          "Worker Number": 1,
                          "Full-sort Groups": {
                            "Group Count": 43,
                            "Sort Methods Used": [
                              "quicksort"
                            ],
                            "Sort Space Memory": {
                              "Average Sort Space Used": 26,
                              "Peak Sort Space Used": 26
                            }
                          }
                        }
                      ],
                      "Plans": [
                        {
                          "Node Type": "Index Scan",
                          "Parent Relationship": "Outer",
                          "Parallel Aware": true,
                          "Async Capable": false,
                          "Scan Direction": "Forward",
                          "Index Name": "pk_customer",
                          "Relation Name": "customer",
                          "Alias": "c",
                          "Startup Cost": 0.42,
                          "Total Cost": 6792.43,
                          "Plan Rows": 62500,
                          "Plan Width": 23,
                          "Actual Startup Time": 1.617,
                          "Actual Total Time": 4.136,
                          "Actual Rows": 929,
                          "Actual Loops": 3,
                          "Shared Hit Blocks": 11,
                          "Shared Read Blocks": 80,
                          "Shared Dirtied Blocks": 0,
                          "Shared Written Blocks": 0,
                          "Local Hit Blocks": 0,
                          "Local Read Blocks": 0,
                          "Local Dirtied Blocks": 0,
                          "Local Written Blocks": 0,
                          "Temp Read Blocks": 0,
                          "Temp Written Blocks": 0,
                          "Workers": []
                        }
                      ]
                    }
                  ]
                },
                {
                  "Node Type": "Materialize",
                  "Parent Relationship": "Inner",
                  "Parallel Aware": false,
                  "Async Capable": false,
                  "Startup Cost": 0.0,
                  "Total Cost": 49784.75,
                  "Plan Rows": 302750,
                  "Plan Width": 4,
                  "Actual Startup Time": 0.061,
                  "Actual Total Time": 95.288,
                  "Actual Rows": 268045,
                  "Actual Loops": 7,
                  "Shared Hit Blocks": 0,
                  "Shared Read Blocks": 28338,
                  "Shared Dirtied Blocks": 0,
                  "Shared Written Blocks": 0,
                  "Local Hit Blocks": 0,
                  "Local Read Blocks": 0,
                  "Local Dirtied Blocks": 0,
                  "Local Written Blocks": 0,
                  "Temp Read Blocks": 2697,
                  "Temp Written Blocks": 514,
                  "Plans": [
                    {
                      "Node Type": "Seq Scan",
                      "Parent Relationship": "Outer",
                      "Parallel Aware": false,
                      "Async Capable": false,
                      "Relation Name": "orders",
                      "Alias": "o",
                      "Startup Cost": 0.0,
                      "Total Cost": 47088.0,
                      "Plan Rows": 302750,
                      "Plan Width": 4,
                      "Actual Startup Time": 0.341,
                      "Actual Total Time": 510.861,
                      "Actual Rows": 300343,
                      "Actual Loops": 1,
                      "Filter": "(o_orderpriority = '1-URGENT'::bpchar)",
                      "Rows Removed by Filter": 1199657,
                      "Shared Hit Blocks": 0,
                      "Shared Read Blocks": 28338,
                      "Shared Dirtied Blocks": 0,
                      "Shared Written Blocks": 0,
                      "Local Hit Blocks": 0,
                      "Local Read Blocks": 0,
                      "Local Dirtied Blocks": 0,
                      "Local Written Blocks": 0,
                      "Temp Read Blocks": 0,
                      "Temp Written Blocks": 0
                    }
                  ]
                }
              ]
            }
          ]
        },
        {
          "Node Type": "Subquery Scan",
          "Parent Relationship": "Member",
          "Parallel Aware": false,
          "Async Capable": false,
          "Alias": "*SELECT* 2",
          "Startup Cost": 1.91,
          "Total Cost": 21.99,
          "Plan Rows": 12,
          "Plan Width": 36,
          "Actual Startup Time": 0.348,
          "Actual Total Time": 0.354,
          "Actual Rows": 12,
          "Actual Loops": 1,
          "Shared Hit Blocks": 6,
          "Shared Read Blocks": 11,
          "Shared Dirtied Blocks": 0,
          "Shared Written Blocks": 0,
          "Local Hit Blocks": 0,
          "Local Read Blocks": 0,
          "Local Dirtied Blocks": 0,
          "Local Written Blocks": 0,
          "Temp Read Blocks": 0,
          "Temp Written Blocks": 0,
          "Plans": [
            {
              "Node Type": "Limit",
              "Parent Relationship": "Subquery",
              "Parallel Aware": false,
              "Async Capable": false,
              "Startup Cost": 1.91,
              "Total Cost": 21.84,
              "Plan Rows": 12,
              "Plan Width": 30,
              "Actual Startup Time": 0.345,
              "Actual Total Time": 0.347,
              "Actual Rows": 12,
              "Actual Loops": 1,
              "Shared Hit Blocks": 6,
              "Shared Read Blocks": 11,
              "Shared Dirtied Blocks": 0,
              "Shared Written Blocks": 0,
              "Local Hit Blocks": 0,
              "Local Read Blocks": 0,
              "Local Dirtied Blocks": 0,
              "Local Written Blocks": 0,
              "Temp Read Blocks": 0,
              "Temp Written Blocks": 0,
              "Plans": [
                {
                  "Node Type": "Incremental Sort",
                  "Parent Relationship": "Outer",
                  "Parallel Aware": false,
                  "Async Capable": false,
                  "Startup Cost": 1.91,
                  "Total Cost": 666.09,
                  "Plan Rows": 400,
                  "Plan Width": 30,
                  "Actual Startup Time": 0.343,
                  "Actual Total Time": 0.345,
                  "Actual Rows": 12,
                  "Actual Loops": 1,
                  "Sort Key": [
                    "s.s_suppkey DESC",
                    "s.s_name"
                  ],
                  "Presorted Key": [
                    "s.s_suppkey"
                  ],
                  "Full-sort Groups": {
                    "Group Count": 1,
                    "Sort Methods Used": [
                      "quicksort"
                    ],
                    "Sort Space Memory": {
                      "Average Sort Space Used": 25,
                      "Peak Sort Space Used": 25
                    }
                  },
                  "Shared Hit Blocks": 6,
                  "Shared Read Blocks": 11,
                  "Shared Dirtied Blocks": 0,
                  "Shared Written Blocks": 0,
                  "Local Hit Blocks": 0,
                  "Local Read Blocks": 0,
                  "Local Dirtied Blocks": 0,
                  "Local Written Blocks": 0,
                  "Temp Read Blocks": 0,
                  "Temp Written Blocks": 0,
                  "Plans": [
                    {
                      "Node Type": "Nested Loop",
                      "Parent Relationship": "Outer",
                      "Parallel Aware": false,
                      "Async Capable": false,
                      "Join Type": "Inner",
                      "Startup Cost": 0.29,
                      "Total Cost": 648.09,
                      "Plan Rows": 400,
                      "Plan Width": 30,
                      "Actual Startup Time": 0.116,
                      "Actual Total Time": 0.291,
                      "Actual Rows": 13,
                      "Actual Loops": 1,
                      "Inner Unique": true,
                      "Join Filter": "(n.n_nationkey = s.s_nationkey)",
                      "Rows Removed by Join Filter": 281,
                      "Shared Hit Blocks": 3,
                      "Shared Read Blocks": 11,
                      "Shared Dirtied Blocks": 0,
                      "Shared Written Blocks": 0,
                      "Local Hit Blocks": 0,
                      "Local Read Blocks": 0,
                      "Local Dirtied Blocks": 0,
                      "Local Written Blocks": 0,
                      "Temp Read Blocks": 0,
                      "Temp Written Blocks": 0,
                      "Plans": [
                        {
                          "Node Type": "Index Scan",
                          "Parent Relationship": "Outer",
                          "Parallel Aware": false,
                          "Async Capable": false,
                          "Scan Direction": "Backward",
                          "Index Name": "pk_supplier",
                          "Relation Name": "supplier",
                          "Alias": "s",
                          "Startup Cost": 0.29,
                          "Total Cost": 496.78,
                          "Plan Rows": 10000,
                          "Plan Width": 34,
                          "Actual Startup Time": 0.027,
                          "Actual Total Time": 0.177,
                          "Actual Rows": 294,
                          "Actual Loops": 1,
                          "Shared Hit Blocks": 3,
                          "Shared Read Blocks": 10,
                          "Shared Dirtied Blocks": 0,
                          "Shared Written Blocks": 0,
                          "Local Hit Blocks": 0,
                          "Local Read Blocks": 0,
                          "Local Dirtied Blocks": 0,
                          "Local Written Blocks": 0,
                          "Temp Read Blocks": 0,
                          "Temp Written Blocks": 0
                        },
                        {
                          "Node Type": "Materialize",
                          "Parent Relationship": "Inner",
                          "Parallel Aware": false,
                          "Async Capable": false,
                          "Startup Cost": 0.0,
                          "Total Cost": 1.32,
                          "Plan Rows": 1,
                          "Plan Width": 4,
                          "Actual Startup Time": 0.0,
                          "Actual Total Time": 0.0,
                          "Actual Rows": 1,
                          "Actual Loops": 294,
                          "Shared Hit Blocks": 0,
                          "Shared Read Blocks": 1,
                          "Shared Dirtied Blocks": 0,
                          "Shared Written Blocks": 0,
                          "Local Hit Blocks": 0,
                          "Local Read Blocks": 0,
                          "Local Dirtied Blocks": 0,
                          "Local Written Blocks": 0,
                          "Temp Read Blocks": 0,
                          "Temp Written Blocks": 0,
                          "Plans": [
                            {
                              "Node Type": "Seq Scan",
                              "Parent Relationship": "Outer",
                              "Parallel Aware": false,
                              "Async Capable": false,
                              "Relation Name": "nation",
                              "Alias": "n",
                              "Startup Cost": 0.0,
                              "Total Cost": 1.31,
                              "Plan Rows": 1,
                              "Plan Width": 4,
                              "Actual Startup Time": 0.043,
                              "Actual Total Time": 0.045,
                              "Actual Rows": 1,
                              "Actual Loops": 1,
                              "Filter": "(n_name = 'GERMANY'::bpchar)",
                              "Rows Removed by Filter": 24,
                              "Shared Hit Blocks": 0,
                              "Shared Read Blocks": 1,
                              "Shared Dirtied Blocks": 0,
                              "Shared Written Blocks": 0,
                              "Local Hit Blocks": 0,
                              "Local Read Blocks": 0,
                              "Local Dirtied Blocks": 0,
                              "Local Written Blocks": 0,
                              "Temp Read Blocks": 0,
                              "Temp Written Blocks": 0
                            }
                          ]
                        }
                      ]
                    }
                  ]
                }
              ]
            }
          ]
        }
      ]
    },
    "Planning": {
      "Shared Hit Blocks": 116,
      "Shared Read Blocks": 15,
      "Shared Dirtied Blocks": 0,
      "Shared Written Blocks": 0,
      "Local Hit Blocks": 0,
      "Local Read Blocks": 0,
      "Local Dirtied Blocks": 0,
      "Local Written Blocks": 0,
      "Temp Read Blocks": 0,
      "Temp Written Blocks": 0
    },
    "Planning Time": 5.018,
    "Triggers": [],
    "Execution Time": 844.282
  }
]