{
  "Node Type": "Append",
  "Parallel Aware": false,
  "Async Capable": false,
  "Startup Cost": 0.42,
  "Total Cost": 37834.58,
  "Plan Rows": 25,
  "Plan Width": 36,
  "Subplans Removed": 0,
  "Plans": [
    {
      "Node Type": "Limit",
      "Parent Relationship": "Member",
      "Parallel Aware": false,
      "Async Capable": false,
      "Startup Cost": 0.42,
      "Total Cost": 37814.96,
      "Plan Rows": 10,
      "Plan Width": 37,
      "Plans": [
        {
          "Node Type": "Nested Loop",
          "Parent Relationship": "Outer",
          "Parallel Aware": false,
          "Async Capable": false,
          "Join Type": "Inner",
          "Startup Cost": 0.42,
          "Total Cost": 6901432580.68,
          "Plan Rows": 1825074,
          "Plan Width": 37,
          "Inner Unique": false,
          "Join Filter": "(part.p_partkey = lineitem.l_partkey)",
          "Rows Removed by Join Filter": 1471655,
          "Plans": [
            {
              "Node Type": "Index Scan",
              "Parent Relationship": "Outer",
              "Parallel Aware": false,
              "Async Capable": false,
              "Scan Direction": "Forward",
              "Index Name": "pk_part",
              "Relation Name": "part",
              "Alias": "part",
              "Startup Cost": 0.42,
              "Total Cost": 9512.52,
              "Plan Rows": 200000,
              "Plan Width": 37
            },
            {
              "Node Type": "Materialize",
              "Parent Relationship": "Inner",
              "Parallel Aware": false,
              "Async Capable": false,
              "Startup Cost": 0.0,
              "Total Cost": 212760.85,
              "Plan Rows": 1825074,
              "Plan Width": 4,
              "Plans": [
                {
                  "Node Type": "Seq Scan",
                  "Parent Relationship": "Outer",
                  "Parallel Aware": false,
                  "Async Capable": false,
                  "Relation Name": "lineitem",
                  "Alias": "lineitem",
                  "Startup Cost": 0.0,
                  "Total Cost": 196505.48,
                  "Plan Rows": 1825074,
                  "Plan Width": 4,
                  "Filter": "(l_quantity > '35'::numeric)",
                  "Rows Removed by Filter": 3435215
                }
              ]
            }
          ]
        }
      ]
    },
    {
      "Node Type": "Limit",
      "Parent Relationship": "Member",
      "Parallel Aware": false,
      "Async Capable": false,
      "Startup Cost": 0.42,
      "Total Cost": 16.95,
      "Plan Rows": 10,
      "Plan Width": 23,
      "Plans": [
        {
          "Node Type": "Nested Loop",
          "Parent Relationship": "Outer",
          "Parallel Aware": false,
          "Async Capable": false,
          "Join Type": "Inner",
          "Startup Cost": 0.42,
          "Total Cost": 9918.74,
          "Plan Rows": 6000,
          "Plan Width": 23,
          "Inner Unique": true,
          "Join Filter": "(nation.n_nationkey = customer.c_nationkey)",
          "Rows Removed by Join Filter": 571,
          "Plans": [
            {
              "Node Type": "Index Scan",
              "Parent Relationship": "Outer",
              "Parallel Aware": false,
              "Async Capable": false,
              "Scan Direction": "Forward",
              "Index Name": "pk_customer",
              "Relation Name": "customer",
              "Alias": "customer",
              "Startup Cost": 0.42,
              "Total Cost": 7667.43,
              "Plan Rows": 150000,
              "Plan Width": 27
            },
            {
              "Node Type": "Materialize",
              "Parent Relationship": "Inner",
              "Parallel Aware": false,
              "Async Capable": false,
              "Startup Cost": 0.0,
              "Total Cost": 1.32,
              "Plan Rows": 1,
              "Plan Width": 4,
              "Plans": [
                {
                  "Node Type": "Seq Scan",
                  "Parent Relationship": "Outer",
                  "Parallel Aware": false,
                  "Async Capable": false,
                  "Relation Name": "nation",
                  "Alias": "nation",
                  "Startup Cost": 0.0,
                  "Total Cost": 1.31,
                  "Plan Rows": 1,
                  "Plan Width": 4,
                  "Filter": "(n_name = 'UNITED STATES'::bpchar)",
                  "Rows Removed by Filter": 24
                }
              ]
            }
          ]
        }
      ]
    },
    {
      "Node Type": "Subquery Scan",
      "Parent Relationship": "Member",
      "Parallel Aware": false,
      "Async Capable": false,
      "Alias": "*SELECT* 3",
      "Startup Cost": 2.47,
      "Total Cost": 2.55,
      "Plan Rows": 5,
      "Plan Width": 36,
      "Plans": [
        {
          "Node Type": "Limit",
          "Parent Relationship": "Subquery",
          "Parallel Aware": false,
          "Async Capable": false,
          "Startup Cost": 2.47,
          "Total Cost": 2.48,
          "Plan Rows": 5,
          "Plan Width": 30,
          "Plans": [
            {
              "Node Type": "Sort",
              "Parent Relationship": "Outer",
              "Parallel Aware": false,
              "Async Capable": false,
              "Startup Cost": 2.47,
              "Total Cost": 2.48,
              "Plan Rows": 5,
              "Plan Width": 30,
              "Sort Key": [
                "n.n_nationkey"
              ],
              "Sort Method": "quicksort",
              "Sort Space Used": 25,
              "Sort Space Type": "Memory",
              "Plans": [
                {
                  "Node Type": "Nested Loop",
                  "Parent Relationship": "Outer",
                  "Parallel Aware": false,
                  "Async Capable": false,
                  "Join Type": "Inner",
                  "Startup Cost": 0.0,
                  "Total Cost": 2.41,
                  "Plan Rows": 5,
                  "Plan Width": 30,
                  "Inner Unique": false,
                  "Plans": [
                    {
                      "Node Type": "Seq Scan",
                      "Parent Relationship": "Outer",
                      "Parallel Aware": false,
                      "Async Capable": false,
                      "Relation Name": "nation",
                      "Alias": "n",
                      "Startup Cost": 0.0,
                      "Total Cost": 1.31,
                      "Plan Rows": 1,
                      "Plan Width": 4,
                      "Filter": "(n_name ~~ 'B%'::text)",
                      "Rows Removed by Filter": 24
                    },
                    {
                      "Node Type": "Seq Scan",
                      "Parent Relationship": "Inner",
                      "Parallel Aware": false,
                      "Async Capable": false,
                      "Relation Name": "region",
                      "Alias": "r",
                      "Startup Cost": 0.0,
                      "Total Cost": 1.05,
                      "Plan Rows": 5,
                      "Plan Width": 26
                    }
                  ]
                }
              ]
            }
          ]
        }
      ]
    }
  ]
}