[
  {
    "Plan": {
      "Node Type": "Append",
      "Parallel Aware": false,
      "Async Capable": false,
      "Startup Cost": 0.42,
      "Total Cost": 32889.59,
      "Plan Rows": 26,
      "Plan Width": 36,
      "Actual Startup Time": 28.237,
      "Actual Total Time": 1106.637,
      "Actual Rows": 24,
      "Actual Loops": 1,
      "Shared Hit Blocks": 25306,
      "Shared Read Blocks": 39791,
      "Shared Dirtied Blocks": 0,
      "Shared Written Blocks": 0,
      "Local Hit Blocks": 0,
      "Local Read Blocks": 0,
      "Local Dirtied Blocks": 0,
      "Local Written Blocks": 0,
      "Temp Read Blocks": 0,
      "Temp Written Blocks": 1245,
      "Subplans Removed": 0,
      "Plans": [
        {
          "Node Type": "Limit",
          "Parent Relationship": "Member",
          "Parallel Aware": false,
          "Async Capable": false,
          "Startup Cost": 0.42,
          "Total Cost": 26469.94,
          "Plan Rows": 7,
          "Plan Width": 37,
          "Actual Startup Time": 28.236,
          "Actual Total Time": 638.899,
          "Actual Rows": 7,
          "Actual Loops": 1,
          "Shared Hit Blocks": 3311,
          "Shared Read Blocks": 21270,
          "Shared Dirtied Blocks": 0,
          "Shared Written Blocks": 0,
          "Local Hit Blocks": 0,
          "Local Read Blocks": 0,
          "Local Dirtied Blocks": 0,
          "Local Written Blocks": 0,
          "Temp Read Blocks": 0,
          "Temp Written Blocks": 1245,
          "Plans": [
            {
              "Node Type": "Nested Loop",
              "Parent Relationship": "Outer",
              "Parallel Aware": false,
              "Async Capable": false,
              "Join Type": "Inner",
              "Startup Cost": 0.42,
              "Total Cost": 13692835070.84,
              "Plan Rows": 3621140,
              "Plan Width": 37,
              "Actual Startup Time": 28.234,
              "Actual Total Time": 638.892,
              "Actual Rows": 7,
              "Actual Loops": 1,
              "Inner Unique": false,
              "Join Filter": "(part.p_partkey = lineitem.l_partkey)",
              "Rows Removed by Join Filter": 728592,
              "Shared Hit Blocks": 3311,
              "Shared Read Blocks": 21270,
              "Shared Dirtied Blocks": 0,
              "Shared Written Blocks": 0,
              "Local Hit Blocks": 0,
              "Local Read Blocks": 0,
              "Local Dirtied Blocks": 0,
              "Local Written Blocks": 0,
              "Temp Read Blocks": 0,
              "Temp Written Blocks": 1245,
              "Plans": [
                {
                  "Node Type": "Index Scan",
                  "Parent Relationship": "Outer",
                  "Parallel Aware": false,
                  "Async Capable": false,
                  "Scan Direction": "Backward",
                  "Index Name": "pk_part",
                  "Relation Name": "part",
                  "Alias": "part",
                  "Startup Cost": 0.42,
                  "Total Cost": 9512.52,
                  "Plan Rows": 200000,
                  "Plan Width": 37,
                  "Actual Startup Time": 0.017,
                  "Actual Total Time": 0.017,
                  "Actual Rows": 1,
                  "Actual Loops": 1,
                  "Shared Hit Blocks": 3,
                  "Shared Read Blocks": 1,
                  "Shared Dirtied Blocks": 0,
                  "Shared Written Blocks": 0,
                  "Local Hit Blocks": 0,
                  "Local Read Blocks": 0,
                  "Local Dirtied Blocks": 0,
                  "Local Written Blocks": 0,
                  "Temp Read Blocks": 0,
                  "Temp Written Blocks": 0
                },
                {
                  "Node Type": "Materialize",
                  "Parent Relationship": "Inner",
                  "Parallel Aware": false,
                  "Async Capable": false,
                  "Startup Cost": 0.0,
                  "Total Cost": 228757.18,
                  "Plan Rows": 3621140,
                  "Plan Width": 4,
                  "Actual Startup Time": 0.03,
                  "Actual Total Time": 585.197,
                  "Actual Rows": 728599,
                  "Actual Loops": 1,
                  "Shared Hit Blocks": 3308,
                  "Shared Read Blocks": 21269,
                  "Shared Dirtied Blocks": 0,
                  "Shared Written Blocks": 0,
                  "Local Hit Blocks": 0,
                  "Local Read Blocks": 0,
                  "Local Dirtied Blocks": 0,
                  "Local Written Blocks": 0,
                  "Temp Read Blocks": 0,
                  "Temp Written Blocks": 1245,
                  "Plans": [
                    {
                      "Node Type": "Seq Scan",
                      "Parent Relationship": "Outer",
                      "Parallel Aware": false,
                      "Async Capable": false,
                      "Relation Name": "lineitem",
                      "Alias": "lineitem",
                      "Startup Cost": 0.0,
                      "Total Cost": 196505.48,
                      "Plan Rows": 3621140,
                      "Plan Width": 4,
                      "Actual Startup Time": 0.024,
                      "Actual Total Time": 418.647,
                      "Actual Rows": 728599,
                      "Actual Loops": 1,
                      "Filter": "(l_quantity > '20'::numeric)",
                      "Rows Removed by Filter": 485460,
                      "Shared Hit Blocks": 3308,
                      "Shared Read Blocks": 21269,
                      "Shared Dirtied Blocks": 0,
                      "Shared Written Blocks": 0,
                      "Local Hit Blocks": 0,
                      "Local Read Blocks": 0,
                      "Local Dirtied Blocks": 0,
                      "Local Written Blocks": 0,
                      "Temp Read Blocks": 0,
                      "Temp Written Blocks": 0
                    }
                  ]
                }
              ]
            }
          ]
        },
        {
          "Node Type": "Subquery Scan",
          "Parent Relationship": "Member",
          "Parallel Aware": false,
          "Async Capable": false,
          "Alias": "*SELECT* 2",
          "Startup Cost": 0.29,
          "Total Cost": 10.08,
          "Plan Rows": 6,
          "Plan Width": 36,
          "Actual Startup Time": 0.049,
          "Actual Total Time": 0.148,
          "Actual Rows": 6,
          "Actual Loops": 1,
          "Shared Hit Blocks": 6,
          "Shared Read Blocks": 2,
          "Shared Dirtied Blocks": 0,
          "Shared Written Blocks": 0,
          "Local Hit Blocks": 0,
          "Local Read Blocks": 0,
          "Local Dirtied Blocks": 0,
          "Local Written Blocks": 0,
          "Temp Read Blocks": 0,
          "Temp Written Blocks": 0,
          "Plans": [
            {
              "Node Type": "Limit",
              "Parent Relationship": "Subquery",
              "Parallel Aware": false,
              "Async Capable": false,
              "Startup Cost": 0.29,
              "Total Cost": 10.0,
              "Plan Rows": 6,
              "Plan Width": 30,
              "Actual Startup Time": 0.046,
              "Actual Total Time": 0.143,
              "Actual Rows": 6,
              "Actual Loops": 1,
              "Shared Hit Blocks": 6,
              "Shared Read Blocks": 2,
              "Shared Dirtied Blocks": 0,
              "Shared Written Blocks": 0,
              "Local Hit Blocks": 0,
              "Local Read Blocks": 0,
              "Local Dirtied Blocks": 0,
              "Local Written Blocks": 0,
              "Temp Read Blocks": 0,
              "Temp Written Blocks": 0,
              "Plans": [
                {
                  "Node Type": "Nested Loop",
                  "Parent Relationship": "Outer",
                  "Parallel Aware": false,
                  "Async Capable": false,
                  "Join Type": "Inner",
                  "Startup Cost": 0.29,
                  "Total Cost": 648.09,
                  "Plan Rows": 400,
                  "Plan Width": 30,
                  "Actual Startup Time": 0.045,
                  "Actual Total Time": 0.142,
                  "Actual Rows": 6,
                  "Actual Loops": 1,
                  "Inner Unique": true,
                  "Join Filter": "(nation.n_nationkey = supplier.s_nationkey)",
                  "Rows Removed by Join Filter": 199,
                  "Shared Hit Blocks": 6,
                  "Shared Read Blocks": 2,
                  "Shared Dirtied Blocks": 0,
                  "Shared Written Blocks": 0,
                  "Local Hit Blocks": 0,
                  "Local Read Blocks": 0,
                  "Local Dirtied Blocks": 0,
                  "Local Written Blocks": 0,
                  "Temp Read Blocks": 0,
                  "Temp Written Blocks": 0,
                  "Plans": [
                    {
                      "Node Type": "Index Scan",
                      "Parent Relationship": "Outer",
                      "Parallel Aware": false,
                      "Async Capable": false,
                      "Scan Direction": "Forward",
                      "Index Name": "pk_supplier",
                      "Relation Name": "supplier",
                      "Alias": "supplier",
                      "Startup Cost": 0.29,
                      "Total Cost": 496.78,
                      "Plan Rows": 10000,
                      "Plan Width": 34,
                      "Actual Startup Time": 0.017,
                      "Actual Total Time": 0.072,
                      "Actual Rows": 205,
                      "Actual Loops": 1,
                      "Shared Hit Blocks": 5,
                      "Shared Read Blocks": 2,
                      "Shared Dirtied Blocks": 0,
                      "Shared Written Blocks": 0,
                      "Local Hit Blocks": 0,
                      "Local Read Blocks": 0,
                      "Local Dirtied Blocks": 0,
                      "Local Written Blocks": 0,
                      "Temp Read Blocks": 0,
                      "Temp Written Blocks": 0
                    },
                    {
                      "Node Type": "Materialize",
                      "Parent Relationship": "Inner",
                      "Parallel Aware": false,
                      "Async Capable": false,
                      "Startup Cost": 0.0,
                      "Total Cost": 1.32,
                      "Plan Rows": 1,
                      "Plan Width": 4,
                      "Actual Startup Time": 0.0,
                      "Actual Total Time": 0.0,
                      "Actual Rows": 1,
                      "Actual Loops": 205,
                      "Shared Hit Blocks": 1,
                      "Shared Read Blocks": 0,
                      "Shared Dirtied Blocks": 0,
                      "Shared Written Blocks": 0,
                      "Local Hit Blocks": 0,
                      "Local Read Blocks": 0,
                      "Local Dirtied Blocks": 0,
                      "Local Written Blocks": 0,
                      "Temp Read Blocks": 0,
                      "Temp Written Blocks": 0,
                      "Plans": [
                        {
                          "Node Type": "Seq Scan",
                          "Parent Relationship": "Outer",
                          "Parallel Aware": false,
                          "Async Capable": false,
                          "Relation Name": "nation",
                          "Alias": "nation",
                          "Startup Cost": 0.0,
                          "Total Cost": 1.31,
                          "Plan Rows": 1,
                          "Plan Width": 4,
                          "Actual Startup Time": 0.016,
                          "Actual Total Time": 0.018,
                          "Actual Rows": 1,
                          "Actual Loops": 1,
                          "Filter": "(n_name = 'CANADA'::bpchar)",
                          "Rows Removed by Filter": 24,
                          "Shared Hit Blocks": 1,
                          "Shared Read Blocks": 0,
                          "Shared Dirtied Blocks": 0,
                          "Shared Written Blocks": 0,
                          "Local Hit Blocks": 0,
                          "Local Read Blocks": 0,
                          "Local Dirtied Blocks": 0,
                          "Local Written Blocks": 0,
                          "Temp Read Blocks": 0,
                          "Temp Written Blocks": 0
                        }
                      ]
                    }
                  ]
                }
              ]
            }
          ]
        },
        {
          "Node Type": "Limit",
          "Parent Relationship": "Member",
          "Parallel Aware": false,
          "Async Capable": false,
          "Startup Cost": 0.42,
          "Total Cost": 8.69,
          "Plan Rows": 5,
          "Plan Width": 23,
          "Actual Startup Time": 0.043,
          "Actual Total Time": 0.086,
          "Actual Rows": 5,
          "Actual Loops": 1,
          "Shared Hit Blocks": 4,
          "Shared Read Blocks": 4,
          "Shared Dirtied Blocks": 0,
          "Shared Written Blocks": 0,
          "Local Hit Blocks": 0,
          "Local Read Blocks": 0,
          "Local Dirtied Blocks": 0,
          "Local Written Blocks": 0,
          "Temp Read Blocks": 0,
          "Temp Written Blocks": 0,
          "Plans": [
            {
              "Node Type": "Nested Loop",
              "Parent Relationship": "Outer",
              "Parallel Aware": false,
              "Async Capable": false,
              "Join Type": "Inner",
              "Startup Cost": 0.42,
              "Total Cost": 9918.74,
              "Plan Rows": 6000,
              "Plan Width": 23,
              "Actual Startup Time": 0.043,
              "Actual Total Time": 0.085,
              "Actual Rows": 5,
              "Actual Loops": 1,
              "Inner Unique": true,
              "Join Filter": "(nation_1.n_nationkey = customer.c_nationkey)",
              "Rows Removed by Join Filter": 106,
              "Shared Hit Blocks": 4,
              "Shared Read Blocks": 4,
              "Shared Dirtied Blocks": 0,
              "Shared Written Blocks": 0,
              "Local Hit Blocks": 0,
              "Local Read Blocks": 0,
              "Local Dirtied Blocks": 0,
              "Local Written Blocks": 0,
              "Temp Read Blocks": 0,
              "Temp Written Blocks": 0,
              "Plans": [
                {
                  "Node Type": "Index Scan",
                  "Parent Relationship": "Outer",
                  "Parallel Aware": false,
                  "Async Capable": false,
                  "Scan Direction": "Backward",
                  "Index Name": "pk_customer",
                  "Relation Name": "customer",
                  "Alias": "customer",
                  "Startup Cost": 0.42,
                  "Total Cost": 7667.43,
                  "Plan Rows": 150000,
                  "Plan Width": 27,
                  "Actual Startup Time": 0.018,
                  "Actual Total Time": 0.052,
                  "Actual Rows": 111,
                  "Actual Loops": 1,
                  "Shared Hit Blocks": 3,
                  "Shared Read Blocks": 4,
                  "Shared Dirtied Blocks": 0,
                  "Shared Written Blocks": 0,
                  "Local Hit Blocks": 0,
                  "Local Read Blocks": 0,
                  "Local Dirtied Blocks": 0,
                  "Local Written Blocks": 0,
                  "Temp Read Blocks": 0,
                  "Temp Written Blocks": 0
                },
                {
                  "Node Type": "Materialize",
                  "Parent Relationship": "Inner",
                  "Parallel Aware": false,
                  "Async Capable": false,
                  "Startup Cost": 0.0,
                  "Total Cost": 1.32,
                  "Plan Rows": 1,
                  "Plan Width": 4,
                  "Actual Startup Time": 0.0,
                  "Actual Total Time": 0.0,
                  "Actual Rows": 1,
                  "Actual Loops": 111,
                  "Shared Hit Blocks": 1,
                  "Shared Read Blocks": 0,
                  "Shared Dirtied Blocks": 0,
                  "Shared Written Blocks": 0,
                  "Local Hit Blocks": 0,
                  "Local Read Blocks": 0,
                  "Local Dirtied Blocks": 0,
                  "Local Written Blocks": 0,
                  "Temp Read Blocks": 0,
                  "Temp Written Blocks": 0,
                  "Plans": [
                    {
                      "Node Type": "Seq Scan",
                      "Parent Relationship": "Outer",
                      "Parallel Aware": false,
                      "Async Capable": false,
                      "Relation Name": "nation",
                      "Alias": "nation_1",
                      "Startup Cost": 0.0,
                      "Total Cost": 1.31,
                      "Plan Rows": 1,
                      "Plan Width": 4,
                      "Actual Startup Time": 0.006,
                      "Actual Total Time": 0.006,
                      "Actual Rows": 1,
                      "Actual Loops": 1,
                      "Filter": "(n_name = 'UNITED STATES'::bpchar)",
                      "Rows Removed by Filter": 24,
                      "Shared Hit Blocks": 1,
                      "Shared Read Blocks": 0,
                      "Shared Dirtied Blocks": 0,
                      "Shared Written Blocks": 0,
                      "Local Hit Blocks": 0,
                      "Local Read Blocks": 0,
                      "Local Dirtied Blocks": 0,
                      "Local Written Blocks": 0,
                      "Temp Read Blocks": 0,
                      "Temp Written Blocks": 0
                    }
                  ]
                }
              ]
            }
          ]
        },
        {
          "Node Type": "Limit",
          "Parent Relationship": "Member",
          "Parallel Aware": false,
          "Async Capable": false,
          "Startup Cost": 0.84,
          "Total Cost": 6400.75,
          "Plan Rows": 8,
          "Plan Width": 37,
          "Actual Startup Time": 77.019,
          "Actual Total Time": 467.489,
          "Actual Rows": 6,
          "Actual Loops": 1,
          "Shared Hit Blocks": 21985,
          "Shared Read Blocks": 18515,
          "Shared Dirtied Blocks": 0,
          "Shared Written Blocks": 0,
          "Local Hit Blocks": 0,
          "Local Read Blocks": 0,
          "Local Dirtied Blocks": 0,
          "Local Written Blocks": 0,
          "Temp Read Blocks": 0,
          "Temp Written Blocks": 0,
          "Plans": [
            {
              "Node Type": "Nested Loop",
              "Parent Relationship": "Outer",
              "Parallel Aware": false,
              "Async Capable": false,
              "Join Type": "Inner",
              "Startup Cost": 0.84,
              "Total Cost": 63999.94,
              "Plan Rows": 80,
              "Plan Width": 37,
              "Actual Startup Time": 77.019,
              "Actual Total Time": 467.483,
              "Actual Rows": 6,
              "Actual Loops": 1,
              "Inner Unique": true,
              "Shared Hit Blocks": 21985,
              "Shared Read Blocks": 18515,
              "Shared Dirtied Blocks": 0,
              "Shared Written Blocks": 0,
              "Local Hit Blocks": 0,
              "Local Read Blocks": 0,
              "Local Dirtied Blocks": 0,
              "Local Written Blocks": 0,
              "Temp Read Blocks": 0,
              "Temp Written Blocks": 0,
              "Plans": [
                {
                  "Node Type": "Index Scan",
                  "Parent Relationship": "Outer",
                  "Parallel Aware": false,
                  "Async Capable": false,
                  "Scan Direction": "Forward",
                  "Index Name": "pk_partsupp",
                  "Relation Name": "partsupp",
                  "Alias": "partsupp",
                  "Startup Cost": 0.42,
                  "Total Cost": 63344.94,
                  "Plan Rows": 80,
                  "Plan Width": 4,
                  "Actual Startup Time": 76.4,
                  "Actual Total Time": 463.294,
                  "Actual Rows": 6,
                  "Actual Loops": 1,
                  "Filter": "(ps_supplycost >= '1000'::numeric)",
                  "Rows Removed by Filter": 799994,
                  "Shared Hit Blocks": 21973,
                  "Shared Read Blocks": 18503,
                  "Shared Dirtied Blocks": 0,
                  "Shared Written Blocks": 0,
                  "Local Hit Blocks": 0,
                  "Local Read Blocks": 0,
                  "Local Dirtied Blocks": 0,
                  "Local Written Blocks": 0,
                  "Temp Read Blocks": 0,
                  "Temp Written Blocks": 0
                },
                {
                  "Node Type": "Index Scan",
                  "Parent Relationship": "Inner",
                  "Parallel Aware": false,
                  "Async Capable": false,
                  "Scan Direction": "Forward",
                  "Index Name": "pk_part",
                  "Relation Name": "part",
                  "Alias": "part_1",
                  "Startup Cost": 0.42,
                  "Total Cost": 8.19,
                  "Plan Rows": 1,
                  "Plan Width": 37,
                  "Actual Startup Time": 0.691,
                  "Actual Total Time": 0.691,
                  "Actual Rows": 1,
                  "Actual Loops": 6,
                  "Index Cond": "(p_partkey = partsupp.ps_partkey)",
                  "Rows Removed by Index Recheck": 0,
                  "Shared Hit Blocks": 12,
                  "Shared Read Blocks": 12,
                  "Shared Dirtied Blocks": 0,
                  "Shared Written Blocks": 0,
                  "Local Hit Blocks": 0,
                  "Local Read Blocks": 0,
                  "Local Dirtied Blocks": 0,
                  "Local Written Blocks": 0,
                  "Temp Read Blocks": 0,
                  "Temp Written Blocks": 0
                }
              ]
            }
          ]
        }
      ]
    },
    "Planning": {
      "Shared Hit Blocks": 49,
      "Shared Read Blocks": 2,
      "Shared Dirtied Blocks": 0,
      "Shared Written Blocks": 0,
      "Local Hit Blocks": 0,
      "Local Read Blocks": 0,
      "Local Dirtied Blocks": 0,
      "Local Written Blocks": 0,
      "Temp Read Blocks": 0,
      "Temp Written Blocks": 0
    },
    "Planning Time": 0.491,
    "Triggers": [],
    "Execution Time": 1110.414
  }
]