[
  {
    "Plan": {
      "Node Type": "Append",
      "Parallel Aware": false,
      "Async Capable": false,
      "Startup Cost": 2.15,
      "Total Cost": 42081.9,
      "Plan Rows": 25,
      "Plan Width": 33,
      "Actual Startup Time": 0.047,
      "Actual Total Time": 237.971,
      "Actual Rows": 25,
      "Actual Loops": 1,
      "Shared Hit Blocks": 213,
      "Shared Read Blocks": 32091,
      "Shared Dirtied Blocks": 0,
      "Shared Written Blocks": 0,
      "Local Hit Blocks": 0,
      "Local Read Blocks": 0,
      "Local Dirtied Blocks": 0,
      "Local Written Blocks": 0,
      "Temp Read Blocks": 0,
      "Temp Written Blocks": 0,
      "Subplans Removed": 0,
      "Plans": [
        {
          "Node Type": "Limit",
          "Parent Relationship": "Member",
          "Parallel Aware": false,
          "Async Capable": false,
          "Startup Cost": 2.15,
          "Total Cost": 4.85,
          "Plan Rows": 5,
          "Plan Width": 14,
          "Actual Startup Time": 0.046,
          "Actual Total Time": 0.05,
          "Actual Rows": 5,
          "Actual Loops": 1,
          "Shared Hit Blocks": 6,
          "Shared Read Blocks": 2,
          "Shared Dirtied Blocks": 0,
          "Shared Written Blocks": 0,
          "Local Hit Blocks": 0,
          "Local Read Blocks": 0,
          "Local Dirtied Blocks": 0,
          "Local Written Blocks": 0,
          "Temp Read Blocks": 0,
          "Temp Written Blocks": 0,
          "Plans": [
            {
              "Node Type": "Merge Join",
              "Parent Relationship": "Outer",
              "Parallel Aware": false,
              "Async Capable": false,
              "Join Type": "Inner",
              "Startup Cost": 2.15,
              "Total Cost": 585365.74,
              "Plan Rows": 1083161,
              "Plan Width": 14,
              "Actual Startup Time": 0.045,
              "Actual Total Time": 0.049,
              "Actual Rows": 5,
              "Actual Loops": 1,
              "Inner Unique": true,
              "Merge Cond": "(l.l_orderkey = o.o_orderkey)",
              "Shared Hit Blocks": 6,
              "Shared Read Blocks": 2,
              "Shared Dirtied Blocks": 0,
              "Shared Written Blocks": 0,
              "Local Hit Blocks": 0,
              "Local Read Blocks": 0,
              "Local Dirtied Blocks": 0,
              "Local Written Blocks": 0,
              "Temp Read Blocks": 0,
              "Temp Written Blocks": 0,
              "Plans": [
                {
                  "Node Type": "Index Scan",
                  "Parent Relationship": "Outer",
                  "Parallel Aware": false,
                  "Async Capable": false,
                  "Scan Direction": "Forward",
                  "Index Name": "pk_lineitem",
                  "Relation Name": "lineitem",
                  "Alias": "l",
                  "Startup Cost": 0.43,
                  "Total Cost": 493357.85,
                  "Plan Rows": 3616259,
                  "Plan Width": 12,
                  "Actual Startup Time": 0.023,
                  "Actual Total Time": 0.025,
                  "Actual Rows": 10,
                  "Actual Loops": 1,
                  "Filter": "((l_quantity > '20'::numeric) AND (l_extendedprice > '1000'::numeric))",
                  "Rows Removed by Filter": 3,
                  "Shared Hit Blocks": 3,
                  "Shared Read Blocks": 1,
                  "Shared Dirtied Blocks": 0,
                  "Shared Written Blocks": 0,
                  "Local Hit Blocks": 0,
                  "Local Read Blocks": 0,
                  "Local Dirtied Blocks": 0,
                  "Local Written Blocks": 0,
                  "Temp Read Blocks": 0,
                  "Temp Written Blocks": 0
                },
                {
                  "Node Type": "Index Scan",
                  "Parent Relationship": "Inner",
                  "Parallel Aware": false,
                  "Async Capable": false,
                  "Scan Direction": "Forward",
                  "Index Name": "pk_orders",
                  "Relation Name": "orders",
                  "Alias": "o",
                  "Startup Cost": 0.43,
                  "Total Cost": 71052.42,
                  "Plan Rows": 449288,
                  "Plan Width": 10,
                  "Actual Startup Time": 0.019,
                  "Actual Total Time": 0.019,
                  "Actual Rows": 1,
                  "Actual Loops": 1,
                  "Filter": "(o_orderdate < '1994-01-01'::date)",
                  "Rows Removed by Filter": 2,
                  "Shared Hit Blocks": 3,
                  "Shared Read Blocks": 1,
                  "Shared Dirtied Blocks": 0,
                  "Shared Written Blocks": 0,
                  "Local Hit Blocks": 0,
                  "Local Read Blocks": 0,
                  "Local Dirtied Blocks": 0,
                  "Local Written Blocks": 0,
                  "Temp Read Blocks": 0,
                  "Temp Written Blocks": 0
                }
              ]
            }
          ]
        },
        {
          "Node Type": "Limit",
          "Parent Relationship": "Member",
          "Parallel Aware": false,
          "Async Capable": false,
          "Startup Cost": 42074.6,
          "Total Cost": 42076.93,
          "Plan Rows": 20,
          "Plan Width": 38,
          "Actual Startup Time": 232.373,
          "Actual Total Time": 237.915,
          "Actual Rows": 20,
          "Actual Loops": 1,
          "Shared Hit Blocks": 207,
          "Shared Read Blocks": 32089,
          "Shared Dirtied Blocks": 0,
          "Shared Written Blocks": 0,
          "Local Hit Blocks": 0,
          "Local Read Blocks": 0,
          "Local Dirtied Blocks": 0,
          "Local Written Blocks": 0,
          "Temp Read Blocks": 0,
          "Temp Written Blocks": 0,
          "Plans": [
            {
              "Node Type": "Gather Merge",
              "Parent Relationship": "Outer",
              "Parallel Aware": false,
              "Async Capable": false,
              "Startup Cost": 42074.6,
              "Total Cost": 42078.1,
              "Plan Rows": 30,
              "Plan Width": 38,
              "Actual Startup Time": 232.372,
              "Actual Total Time": 237.909,
              "Actual Rows": 20,
              "Actual Loops": 1,
              "Workers Planned": 2,
              "Workers Launched": 2,
              "Shared Hit Blocks": 207,
              "Shared Read Blocks": 32089,
              "Shared Dirtied Blocks": 0,
              "Shared Written Blocks": 0,
              "Local Hit Blocks": 0,
              "Local Read Blocks": 0,
              "Local Dirtied Blocks": 0,
              "Local Written Blocks": 0,
              "Temp Read Blocks": 0,
              "Temp Written Blocks": 0,
              "Plans": [
                {
                  "Node Type": "Sort",
                  "Parent Relationship": "Outer",
                  "Parallel Aware": false,
                  "Async Capable": false,
                  "Startup Cost": 41074.57,
                  "Total Cost": 41074.61,
                  "Plan Rows": 15,
                  "Plan Width": 38,
                  "Actual Startup Time": 177.992,
                  "Actual Total Time": 177.996,
                  "Actual Rows": 16,
                  "Actual Loops": 3,
                  "Sort Key": [
                    "o_1.o_orderkey"
                  ],
                  "Sort Method": "top-N heapsort",
                  "Sort Space Used": 26,
                  "Sort Space Type": "Memory",
                  "Shared Hit Blocks": 207,
                  "Shared Read Blocks": 32089,
                  "Shared Dirtied Blocks": 0,
                  "Shared Written Blocks": 0,
                  "Local Hit Blocks": 0,
                  "Local Read Blocks": 0,
                  "Local Dirtied Blocks": 0,
                  "Local Written Blocks": 0,
                  "Temp Read Blocks": 0,
                  "Temp Written Blocks": 0,
                  "Workers": [
                    {
                      "Worker Number": 0,
                      "Sort Method": "top-N heapsort",
                      "Sort Space Used": 26,
                      "Sort Space Type": "Memory"
                    },
                    {
                      "Worker Number": 1,
                      "Sort Method": "top-N heapsort",
                      "Sort Space Used": 26,
                      "Sort Space Type": "Memory"
                    }
                  ],
                  "Plans": [
                    {
                      "Node Type": "Hash Join",
                      "Parent Relationship": "Outer",
                      "Parallel Aware": false,
                      "Async Capable": false,
                      "Join Type": "Inner",
                      "Startup Cost": 4527.89,
                      "Total Cost": 41074.28,
                      "Plan Rows": 15,
                      "Plan Width": 38,
                      "Actual Startup Time": 48.19,
                      "Actual Total Time": 177.528,
                      "Actual Rows": 85,
                      "Actual Loops": 3,
                      "Inner Unique": true,
                      "Hash Cond": "(c.c_nationkey = n.n_nationkey)",
                      "Shared Hit Blocks": 96,
                      "Shared Read Blocks": 32086,
                      "Shared Dirtied Blocks": 0,
                      "Shared Written Blocks": 0,
                      "Local Hit Blocks": 0,
                      "Local Read Blocks": 0,
                      "Local Dirtied Blocks": 0,
                      "Local Written Blocks": 0,
                      "Temp Read Blocks": 0,
                      "Temp Written Blocks": 0,
                      "Workers": [],
                      "Plans": [
                        {
                          "Node Type": "Hash Join",
                          "Parent Relationship": "Outer",
                          "Parallel Aware": true,
                          "Async Capable": false,
                          "Join Type": "Inner",
                          "Startup Cost": 4526.32,
                          "Total Cost": 41072.67,
                          "Plan Rows": 15,
                          "Plan Width": 16,
                          "Actual Startup Time": 46.124,
                          "Actual Total Time": 175.308,
                          "Actual Rows": 85,
                          "Actual Loops": 3,
                          "Inner Unique": true,
                          "Hash Cond": "(o_1.o_custkey = c.c_custkey)",
                          "Shared Hit Blocks": 3,
                          "Shared Read Blocks": 32080,
                          "Shared Dirtied Blocks": 0,
                          "Shared Written Blocks": 0,
                          "Local Hit Blocks": 0,
                          "Local Read Blocks": 0,
                          "Local Dirtied Blocks": 0,
                          "Local Written Blocks": 0,
                          "Temp Read Blocks": 0,
                          "Temp Written Blocks": 0,
                          "Workers": [],
                          "Plans": [
                            {
                              "Node Type": "Seq Scan",
                              "Parent Relationship": "Outer",
                              "Parallel Aware": true,
                              "Async Capable": false,
                              "Relation Name": "orders",
                              "Alias": "o_1",
                              "Startup Cost": 0.0,
                              "Total Cost": 36150.5,
                              "Plan Rows": 150793,
                              "Plan Width": 16,
                              "Actual Startup Time": 0.968,
                              "Actual Total Time": 117.132,
                              "Actual Rows": 120469,
                              "Actual Loops": 3,
                              "Filter": "(o_orderdate >= '1997-01-01'::date)",
                              "Rows Removed by Filter": 379531,
                              "Shared Hit Blocks": 1,
                              "Shared Read Blocks": 28337,
                              "Shared Dirtied Blocks": 0,
                              "Shared Written Blocks": 0,
                              "Local Hit Blocks": 0,
                              "Local Read Blocks": 0,
                              "Local Dirtied Blocks": 0,
                              "Local Written Blocks": 0,
                              "Temp Read Blocks": 0,
                              "Temp Written Blocks": 0,
                              "Workers": []
                            },
                            {
                              "Node Type": "Hash",
                              "Parent Relationship": "Inner",
                              "Parallel Aware": true,
                              "Async Capable": false,
                              "Startup Cost": 4526.25,
                              "Total Cost": 4526.25,
                              "Plan Rows": 6,
                              "Plan Width": 8,
                              "Actual Startup Time": 43.469,
                              "Actual Total Time": 43.469,
                              "Actual Rows": 37,
                              "Actual Loops": 3,
                              "Hash Buckets": 1024,
                              "Original Hash Buckets": 1024,
                              "Hash Batches": 1,
                              "Original Hash Batches": 1,
                              "Peak Memory Usage": 40,
                              "Shared Hit Blocks": 2,
                              "Shared Read Blocks": 3743,
                              "Shared Dirtied Blocks": 0,
                              "Shared Written Blocks": 0,
                              "Local Hit Blocks": 0,
                              "Local Read Blocks": 0,
                              "Local Dirtied Blocks": 0,
                              "Local Written Blocks": 0,
                              "Temp Read Blocks": 0,
                              "Temp Written Blocks": 0,
                              "Workers": [],
                              "Plans": [
                                {
                                  "Node Type": "Seq Scan",
                                  "Parent Relationship": "Outer",
                                  "Parallel Aware": true,
                                  "Async Capable": false,
                                  "Relation Name": "customer",
                                  "Alias": "c",
                                  "Startup Cost": 0.0,
                                  "Total Cost": 4526.25,
                                  "Plan Rows": 6,
                                  "Plan Width": 8,
                                  "Actual Startup Time": 10.358,
                                  "Actual Total Time": 43.226,
                                  "Actual Rows": 37,
                                  "Actual Loops": 3,
                                  "Filter": "((c_name)::text ~~ '%0001248%'::text)",
                                  "Rows Removed by Filter": 49963,
                                  "Shared Hit Blocks": 2,
                                  "Shared Read Blocks": 3743,
                                  "Shared Dirtied Blocks": 0,
                                  "Shared Written Blocks": 0,
                                  "Local Hit Blocks": 0,
                                  "Local Read Blocks": 0,
                                  "Local Dirtied Blocks": 0,
                                  "Local Written Blocks": 0,
                                  "Temp Read Blocks": 0,
                                  "Temp Written Blocks": 0,
                                  "Workers": []
                                }
                              ]
                            }
                          ]
                        },
                        {
                          "Node Type": "Hash",
                          "Parent Relationship": "Inner",
                          "Parallel Aware": false,
                          "Async Capable": false,
                          "Startup Cost": 1.25,
                          "Total Cost": 1.25,
                          "Plan Rows": 25,
                          "Plan Width": 30,
                          "Actual Startup Time": 0.732,
                          "Actual Total Time": 0.733,
                          "Actual Rows": 25,
                          "Actual Loops": 3,
                          "Hash Buckets": 1024,
                          "Original Hash Buckets": 1024,
                          "Hash Batches": 1,
                          "Original Hash Batches": 1,
                          "Peak Memory Usage": 10,
                          "Shared Hit Blocks": 3,
                          "Shared Read Blocks": 0,
                          "Shared Dirtied Blocks": 0,
                          "Shared Written Blocks": 0,
                          "Local Hit Blocks": 0,
                          "Local Read Blocks": 0,
                          "Local Dirtied Blocks": 0,
                          "Local Written Blocks": 0,
                          "Temp Read Blocks": 0,
                          "Temp Written Blocks": 0,
                          "Workers": [],
                          "Plans": [
                            {
                              "Node Type": "Seq Scan",
                              "Parent Relationship": "Outer",
                              "Parallel Aware": false,
                              "Async Capable": false,
                              "Relation Name": "nation",
                              "Alias": "n",
                              "Startup Cost": 0.0,
                              "Total Cost": 1.25,
                              "Plan Rows": 25,
                              "Plan Width": 30,
                              "Actual Startup Time": 0.697,
                              "Actual Total Time": 0.702,
                              "Actual Rows": 25,
                              "Actual Loops": 3,
                              "Shared Hit Blocks": 3,
                              "Shared Read Blocks": 0,
                              "Shared Dirtied Blocks": 0,
                              "Shared Written Blocks": 0,
                              "Local Hit Blocks": 0,
                              "Local Read Blocks": 0,
                              "Local Dirtied Blocks": 0,
                              "Local Written Blocks": 0,
                              "Temp Read Blocks": 0,
                              "Temp Written Blocks": 0,
                              "Workers": []
                            }
                          ]
                        }
                      ]
                    }
                  ]
                }
              ]
            }
          ]
        }
      ]
    },
    "Planning": {
      "Shared Hit Blocks": 50,
      "Shared Read Blocks": 24,
      "Shared Dirtied Blocks": 0,
      "Shared Written Blocks": 0,
      "Local Hit Blocks": 0,
      "Local Read Blocks": 0,
      "Local Dirtied Blocks": 0,
      "Local Written Blocks": 0,
      "Temp Read Blocks": 0,
      "Temp Written Blocks": 0
    },
    "Planning Time": 3.554,
    "Triggers": [],
    "Execution Time": 238.059
  }
]