[
  {
    "Plan": {
      "Node Type": "Append",
      "Parallel Aware": false,
      "Async Capable": false,
      "Startup Cost": 357.05,
      "Total Cost": 227910.81,
      "Plan Rows": 11,
      "Plan Width": 49,
      "Actual Startup Time": 2.501,
      "Actual Total Time": 2296.099,
      "Actual Rows": 12,
      "Actual Loops": 1,
      "Shared Hit Blocks": 317,
      "Shared Read Blocks": 149778,
      "Shared Dirtied Blocks": 0,
      "Shared Written Blocks": 0,
      "Local Hit Blocks": 0,
      "Local Read Blocks": 0,
      "Local Dirtied Blocks": 0,
      "Local Written Blocks": 0,
      "Temp Read Blocks": 34483,
      "Temp Written Blocks": 34556,
      "Subplans Removed": 0,
      "Plans": [
        {
          "Node Type": "Limit",
          "Parent Relationship": "Member",
          "Parallel Aware": false,
          "Async Capable": false,
          "Startup Cost": 357.05,
          "Total Cost": 357.05,
          "Plan Rows": 1,
          "Plan Width": 58,
          "Actual Startup Time": 2.5,
          "Actual Total Time": 2.503,
          "Actual Rows": 2,
          "Actual Loops": 1,
          "Shared Hit Blocks": 3,
          "Shared Read Blocks": 221,
          "Shared Dirtied Blocks": 0,
          "Shared Written Blocks": 0,
          "Local Hit Blocks": 0,
          "Local Read Blocks": 0,
          "Local Dirtied Blocks": 0,
          "Local Written Blocks": 0,
          "Temp Read Blocks": 0,
          "Temp Written Blocks": 0,
          "Plans": [
            {
              "Node Type": "Sort",
              "Parent Relationship": "Outer",
              "Parallel Aware": false,
              "Async Capable": false,
              "Startup Cost": 357.05,
              "Total Cost": 357.05,
              "Plan Rows": 1,
              "Plan Width": 58,
              "Actual Startup Time": 2.498,
              "Actual Total Time": 2.501,
              "Actual Rows": 2,
              "Actual Loops": 1,
              "Sort Key": [
                "n.n_name DESC"
              ],
              "Sort Method": "quicksort",
              "Sort Space Used": 25,
              "Sort Space Type": "Memory",
              "Shared Hit Blocks": 3,
              "Shared Read Blocks": 221,
              "Shared Dirtied Blocks": 0,
              "Shared Written Blocks": 0,
              "Local Hit Blocks": 0,
              "Local Read Blocks": 0,
              "Local Dirtied Blocks": 0,
              "Local Written Blocks": 0,
              "Temp Read Blocks": 0,
              "Temp Written Blocks": 0,
              "Plans": [
                {
                  "Node Type": "Aggregate",
                  "Strategy": "Hashed",
                  "Partial Mode": "Simple",
                  "Parent Relationship": "Outer",
                  "Parallel Aware": false,
                  "Async Capable": false,
                  "Startup Cost": 357.02,
                  "Total Cost": 357.04,
                  "Plan Rows": 1,
                  "Plan Width": 58,
                  "Actual Startup Time": 2.48,
                  "Actual Total Time": 2.484,
                  "Actual Rows": 2,
                  "Actual Loops": 1,
                  "Group Key": [
                    "n.n_name"
                  ],
                  "Planned Partitions": 0,
                  "HashAgg Batches": 1,
                  "Peak Memory Usage": 24,
                  "Disk Usage": 0,
                  "Shared Hit Blocks": 3,
                  "Shared Read Blocks": 221,
                  "Shared Dirtied Blocks": 0,
                  "Shared Written Blocks": 0,
                  "Local Hit Blocks": 0,
                  "Local Read Blocks": 0,
                  "Local Dirtied Blocks": 0,
                  "Local Written Blocks": 0,
                  "Temp Read Blocks": 0,
                  "Temp Written Blocks": 0,
                  "Plans": [
                    {
                      "Node Type": "Hash Join",
                      "Parent Relationship": "Outer",
                      "Parallel Aware": false,
                      "Async Capable": false,
                      "Join Type": "Inner",
                      "Startup Cost": 1.32,
                      "Total Cost": 355.02,
                      "Plan Rows": 400,
                      "Plan Width": 32,
                      "Actual Startup Time": 0.039,
                      "Actual Total Time": 2.266,
                      "Actual Rows": 783,
                      "Actual Loops": 1,
                      "Inner Unique": true,
                      "Hash Cond": "(s.s_nationkey = n.n_nationkey)",
                      "Shared Hit Blocks": 3,
                      "Shared Read Blocks": 221,
                      "Shared Dirtied Blocks": 0,
                      "Shared Written Blocks": 0,
                      "Local Hit Blocks": 0,
                      "Local Read Blocks": 0,
                      "Local Dirtied Blocks": 0,
                      "Local Written Blocks": 0,
                      "Temp Read Blocks": 0,
                      "Temp Written Blocks": 0,
                      "Plans": [
                        {
                          "Node Type": "Seq Scan",
                          "Parent Relationship": "Outer",
                          "Parallel Aware": false,
                          "Async Capable": false,
                          "Relation Name": "supplier",
                          "Alias": "s",
                          "Startup Cost": 0.0,
                          "Total Cost": 323.0,
                          "Plan Rows": 10000,
                          "Plan Width": 10,
                          "Actual Startup Time": 0.017,
                          "Actual Total Time": 1.362,
                          "Actual Rows": 10000,
                          "Actual Loops": 1,
                          "Shared Hit Blocks": 2,
                          "Shared Read Blocks": 221,
                          "Shared Dirtied Blocks": 0,
                          "Shared Written Blocks": 0,
                          "Local Hit Blocks": 0,
                          "Local Read Blocks": 0,
                          "Local Dirtied Blocks": 0,
                          "Local Written Blocks": 0,
                          "Temp Read Blocks": 0,
                          "Temp Written Blocks": 0
                        },
                        {
                          "Node Type": "Hash",
                          "Parent Relationship": "Inner",
                          "Parallel Aware": false,
                          "Async Capable": false,
                          "Startup Cost": 1.31,
                          "Total Cost": 1.31,
                          "Plan Rows": 1,
                          "Plan Width": 30,
                          "Actual Startup Time": 0.011,
                          "Actual Total Time": 0.012,
                          "Actual Rows": 2,
                          "Actual Loops": 1,
                          "Hash Buckets": 1024,
                          "Original Hash Buckets": 1024,
                          "Hash Batches": 1,
                          "Original Hash Batches": 1,
                          "Peak Memory Usage": 9,
                          "Shared Hit Blocks": 1,
                          "Shared Read Blocks": 0,
                          "Shared Dirtied Blocks": 0,
                          "Shared Written Blocks": 0,
                          "Local Hit Blocks": 0,
                          "Local Read Blocks": 0,
                          "Local Dirtied Blocks": 0,
                          "Local Written Blocks": 0,
                          "Temp Read Blocks": 0,
                          "Temp Written Blocks": 0,
                          "Plans": [
                            {
                              "Node Type": "Seq Scan",
                              "Parent Relationship": "Outer",
                              "Parallel Aware": false,
                              "Async Capable": false,
                              "Relation Name": "nation",
                              "Alias": "n",
                              "Startup Cost": 0.0,
                              "Total Cost": 1.31,
                              "Plan Rows": 1,
                              "Plan Width": 30,
                              "Actual Startup Time": 0.008,
                              "Actual Total Time": 0.009,
                              "Actual Rows": 2,
                              "Actual Loops": 1,
                              "Filter": "(n_name ~~ '%UNITED%'::text)",
                              "Rows Removed by Filter": 23,
                              "Shared Hit Blocks": 1,
                              "Shared Read Blocks": 0,
                              "Shared Dirtied Blocks": 0,
                              "Shared Written Blocks": 0,
                              "Local Hit Blocks": 0,
                              "Local Read Blocks": 0,
                              "Local Dirtied Blocks": 0,
                              "Local Written Blocks": 0,
                              "Temp Read Blocks": 0,
                              "Temp Written Blocks": 0
                            }
                          ]
                        }
                      ]
                    }
                  ]
                }
              ]
            }
          ]
        },
        {
          "Node Type": "Limit",
          "Parent Relationship": "Member",
          "Parallel Aware": false,
          "Async Capable": false,
          "Startup Cost": 227553.68,
          "Total Cost": 227553.7,
          "Plan Rows": 10,
          "Plan Width": 48,
          "Actual Startup Time": 2224.296,
          "Actual Total Time": 2293.592,
          "Actual Rows": 10,
          "Actual Loops": 1,
          "Shared Hit Blocks": 314,
          "Shared Read Blocks": 149557,
          "Shared Dirtied Blocks": 0,
          "Shared Written Blocks": 0,
          "Local Hit Blocks": 0,
          "Local Read Blocks": 0,
          "Local Dirtied Blocks": 0,
          "Local Written Blocks": 0,
          "Temp Read Blocks": 34483,
          "Temp Written Blocks": 34556,
          "Plans": [
            {
              "Node Type": "Sort",
              "Parent Relationship": "Outer",
              "Parallel Aware": false,
              "Async Capable": false,
              "Startup Cost": 227553.68,
              "Total Cost": 227556.18,
              "Plan Rows": 1000,
              "Plan Width": 48,
              "Actual Startup Time": 2224.295,
              "Actual Total Time": 2293.59,
              "Actual Rows": 10,
              "Actual Loops": 1,
              "Sort Key": [
                "(sum(l.l_extendedprice)) DESC"
              ],
              "Sort Method": "top-N heapsort",
              "Sort Space Used": 26,
              "Sort Space Type": "Memory",
              "Shared Hit Blocks": 314,
              "Shared Read Blocks": 149557,
              "Shared Dirtied Blocks": 0,
              "Shared Written Blocks": 0,
              "Local Hit Blocks": 0,
              "Local Read Blocks": 0,
              "Local Dirtied Blocks": 0,
              "Local Written Blocks": 0,
              "Temp Read Blocks": 34483,
              "Temp Written Blocks": 34556,
              "Plans": [
                {
                  "Node Type": "Aggregate",
                  "Strategy": "Sorted",
                  "Partial Mode": "Finalize",
                  "Parent Relationship": "Outer",
                  "Parallel Aware": false,
                  "Async Capable": false,
                  "Startup Cost": 227271.22,
                  "Total Cost": 227532.07,
                  "Plan Rows": 1000,
                  "Plan Width": 48,
                  "Actual Startup Time": 2222.206,
                  "Actual Total Time": 2293.4,
                  "Actual Rows": 1000,
                  "Actual Loops": 1,
                  "Group Key": [
                    "o.o_clerk"
                  ],
                  "Shared Hit Blocks": 311,
                  "Shared Read Blocks": 149557,
                  "Shared Dirtied Blocks": 0,
                  "Shared Written Blocks": 0,
                  "Local Hit Blocks": 0,
                  "Local Read Blocks": 0,
                  "Local Dirtied Blocks": 0,
                  "Local Written Blocks": 0,
                  "Temp Read Blocks": 34483,
                  "Temp Written Blocks": 34556,
                  "Plans": [
                    {
                      "Node Type": "Gather Merge",
                      "Parent Relationship": "Outer",
                      "Parallel Aware": false,
                      "Async Capable": false,
                      "Startup Cost": 227271.22,
                      "Total Cost": 227504.57,
                      "Plan Rows": 2000,
                      "Plan Width": 48,
                      "Actual Startup Time": 2222.188,
                      "Actual Total Time": 2292.358,
                      "Actual Rows": 3000,
                      "Actual Loops": 1,
                      "Workers Planned": 2,
                      "Workers Launched": 2,
                      "Shared Hit Blocks": 311,
                      "Shared Read Blocks": 149557,
                      "Shared Dirtied Blocks": 0,
                      "Shared Written Blocks": 0,
                      "Local Hit Blocks": 0,
                      "Local Read Blocks": 0,
                      "Local Dirtied Blocks": 0,
                      "Local Written Blocks": 0,
                      "Temp Read Blocks": 34483,
                      "Temp Written Blocks": 34556,
                      "Plans": [
                        {
                          "Node Type": "Sort",
                          "Parent Relationship": "Outer",
                          "Parallel Aware": false,
                          "Async Capable": false,
                          "Startup Cost": 226271.2,
                          "Total Cost": 226273.7,
                          "Plan Rows": 1000,
                          "Plan Width": 48,
                          "Actual Startup Time": 2170.325,
                          "Actual Total Time": 2170.392,
                          "Actual Rows": 1000,
                          "Actual Loops": 3,
                          "Sort Key": [
                            "o.o_clerk"
                          ],
                          "Sort Method": "quicksort",
                          "Sort Space Used": 126,
                          "Sort Space Type": "Memory",
                          "Shared Hit Blocks": 311,
                          "Shared Read Blocks": 149557,
                          "Shared Dirtied Blocks": 0,
                          "Shared Written Blocks": 0,
                          "Local Hit Blocks": 0,
                          "Local Read Blocks": 0,
                          "Local Dirtied Blocks": 0,
                          "Local Written Blocks": 0,
                          "Temp Read Blocks": 34483,
                          "Temp Written Blocks": 34556,
                          "Workers": [
                            {
                              "Worker Number": 0,
                              "Sort Method": "quicksort",
                              "Sort Space Used": 126,
                              "Sort Space Type": "Memory"
                            },
                            {
                              "Worker Number": 1,
                              "Sort Method": "quicksort",
                              "Sort Space Used": 126,
                              "Sort Space Type": "Memory"
                            }
                          ],
                          "Plans": [
                            {
                              "Node Type": "Aggregate",
                              "Strategy": "Hashed",
                              "Partial Mode": "Partial",
                              "Parent Relationship": "Outer",
                              "Parallel Aware": false,
                              "Async Capable": false,
                              "Startup Cost": 226208.87,
                              "Total Cost": 226221.37,
                              "Plan Rows": 1000,
                              "Plan Width": 48,
                              "Actual Startup Time": 2166.941,
                              "Actual Total Time": 2167.249,
                              "Actual Rows": 1000,
                              "Actual Loops": 3,
                              "Group Key": [
                                "o.o_clerk"
                              ],
                              "Planned Partitions": 0,
                              "HashAgg Batches": 1,
                              "Peak Memory Usage": 577,
                              "Disk Usage": 0,
                              "Shared Hit Blocks": 297,
                              "Shared Read Blocks": 149557,
                              "Shared Dirtied Blocks": 0,
                              "Shared Written Blocks": 0,
                              "Local Hit Blocks": 0,
                              "Local Read Blocks": 0,
                              "Local Dirtied Blocks": 0,
                              "Local Written Blocks": 0,
                              "Temp Read Blocks": 34483,
                              "Temp Written Blocks": 34556,
                              "Workers": [
                                {
                                  "Worker Number": 0,
                                  "HashAgg Batches": 1,
                                  "Peak Memory Usage": 577,
                                  "Disk Usage": 0
                                },
                                {
                                  "Worker Number": 1,
                                  "HashAgg Batches": 1,
                                  "Peak Memory Usage": 577,
                                  "Disk Usage": 0
                                }
                              ],
                              "Plans": [
                                {
                                  "Node Type": "Hash Join",
                                  "Parent Relationship": "Outer",
                                  "Parallel Aware": true,
                                  "Async Capable": false,
                                  "Join Type": "Inner",
                                  "Startup Cost": 41372.95,
                                  "Total Cost": 220518.67,
                                  "Plan Rows": 1138040,
                                  "Plan Width": 24,
                                  "Actual Startup Time": 1417.281,
                                  "Actual Total Time": 1923.456,
                                  "Actual Rows": 909742,
                                  "Actual Loops": 3,
                                  "Inner Unique": true,
                                  "Hash Cond": "(l.l_orderkey = o.o_orderkey)",
                                  "Shared Hit Blocks": 297,
                                  "Shared Read Blocks": 149557,
                                  "Shared Dirtied Blocks": 0,
                                  "Shared Written Blocks": 0,
                                  "Local Hit Blocks": 0,
                                  "Local Read Blocks": 0,
                                  "Local Dirtied Blocks": 0,
                                  "Local Written Blocks": 0,
                                  "Temp Read Blocks": 34483,
                                  "Temp Written Blocks": 34556,
                                  "Workers": [],
                                  "Plans": [
                                    {
                                      "Node Type": "Seq Scan",
                                      "Parent Relationship": "Outer",
                                      "Parallel Aware": true,
                                      "Async Capable": false,
                                      "Relation Name": "lineitem",
                                      "Alias": "l",
                                      "Startup Cost": 0.0,
                                      "Total Cost": 146492.49,
                                      "Plan Rows": 2500649,
                                      "Plan Width": 16,
                                      "Actual Startup Time": 0.728,
                                      "Actual Total Time": 819.208,
                                      "Actual Rows": 2000405,
                                      "Actual Loops": 3,
                                      "Shared Hit Blocks": 170,
                                      "Shared Read Blocks": 121316,
                                      "Shared Dirtied Blocks": 0,
                                      "Shared Written Blocks": 0,
                                      "Local Hit Blocks": 0,
                                      "Local Read Blocks": 0,
                                      "Local Dirtied Blocks": 0,
                                      "Local Written Blocks": 0,
                                      "Temp Read Blocks": 0,
                                      "Temp Written Blocks": 0,
                                      "Workers": []
                                    },
                                    {
                                      "Node Type": "Hash",
                                      "Parent Relationship": "Inner",
                                      "Parallel Aware": true,
                                      "Async Capable": false,
                                      "Startup Cost": 36150.5,
                                      "Total Cost": 36150.5,
                                      "Plan Rows": 284436,
                                      "Plan Width": 24,
                                      "Actual Startup Time": 184.347,
                                      "Actual Total Time": 184.348,
                                      "Actual Rows": 227314,
                                      "Actual Loops": 3,
                                      "Hash Buckets": 131072,
                                      "Original Hash Buckets": 131072,
                                      "Hash Batches": 8,
                                      "Original Hash Batches": 8,
                                      "Peak Memory Usage": 5760,
                                      "Shared Hit Blocks": 97,
                                      "Shared Read Blocks": 28241,
                                      "Shared Dirtied Blocks": 0,
                                      "Shared Written Blocks": 0,
                                      "Local Hit Blocks": 0,
                                      "Local Read Blocks": 0,
                                      "Local Dirtied Blocks": 0,
                                      "Local Written Blocks": 0,
                                      "Temp Read Blocks": 0,
                                      "Temp Written Blocks": 3256,
                                      "Workers": [],
                                      "Plans": [
                                        {
                                          "Node Type": "Seq Scan",
                                          "Parent Relationship": "Outer",
                                          "Parallel Aware": true,
                                          "Async Capable": false,
                                          "Relation Name": "orders",
                                          "Alias": "o",
                                          "Startup Cost": 0.0,
                                          "Total Cost": 36150.5,
                                          "Plan Rows": 284436,
                                          "Plan Width": 24,
                                          "Actual Startup Time": 0.516,
                                          "Actual Total Time": 125.224,
                                          "Actual Rows": 227314,
                                          "Actual Loops": 3,
                                          "Filter": "(o_orderdate <= '1995-01-01'::date)",
                                          "Rows Removed by Filter": 272686,
                                          "Shared Hit Blocks": 97,
                                          "Shared Read Blocks": 28241,
                                          "Shared Dirtied Blocks": 0,
                                          "Shared Written Blocks": 0,
                                          "Local Hit Blocks": 0,
                                          "Local Read Blocks": 0,
                                          "Local Dirtied Blocks": 0,
                                          "Local Written Blocks": 0,
                                          "Temp Read Blocks": 0,
                                          "Temp Written Blocks": 0,
                                          "Workers": []
                                        }
                                      ]
                                    }
                                  ]
                                }
                              ]
                            }
                          ]
                        }
                      ]
                    }
                  ]
                }
              ]
            }
          ]
        }
      ]
    },
    "Planning": {
      "Shared Hit Blocks": 54,
      "Shared Read Blocks": 7,
      "Shared Dirtied Blocks": 0,
      "Shared Written Blocks": 0,
      "Local Hit Blocks": 0,
      "Local Read Blocks": 0,
      "Local Dirtied Blocks": 0,
      "Local Written Blocks": 0,
      "Temp Read Blocks": 0,
      "Temp Written Blocks": 0
    },
    "Planning Time": 0.422,
    "Triggers": [],
    "Execution Time": 2296.342
  }
]