[
  {
    "Plan": {
      "Node Type": "Append",
      "Parallel Aware": false,
      "Async Capable": false,
      "Startup Cost": 0.43,
      "Total Cost": 13032.07,
      "Plan Rows": 40,
      "Plan Width": 30,
      "Actual Startup Time": 0.017,
      "Actual Total Time": 194.087,
      "Actual Rows": 40,
      "Actual Loops": 1,
      "Shared Hit Blocks": 317,
      "Shared Read Blocks": 4328,
      "Shared Dirtied Blocks": 0,
      "Shared Written Blocks": 0,
      "Local Hit Blocks": 0,
      "Local Read Blocks": 0,
      "Local Dirtied Blocks": 0,
      "Local Written Blocks": 0,
      "Temp Read Blocks": 293,
      "Temp Written Blocks": 294,
      "Subplans Removed": 0,
      "Plans": [
        {
          "Node Type": "Limit",
          "Parent Relationship": "Member",
          "Parallel Aware": false,
          "Async Capable": false,
          "Startup Cost": 0.43,
          "Total Cost": 28.12,
          "Plan Rows": 20,
          "Plan Width": 20,
          "Actual Startup Time": 0.017,
          "Actual Total Time": 0.444,
          "Actual Rows": 20,
          "Actual Loops": 1,
          "Shared Hit Blocks": 4,
          "Shared Read Blocks": 5,
          "Shared Dirtied Blocks": 0,
          "Shared Written Blocks": 0,
          "Local Hit Blocks": 0,
          "Local Read Blocks": 0,
          "Local Dirtied Blocks": 0,
          "Local Written Blocks": 0,
          "Temp Read Blocks": 0,
          "Temp Written Blocks": 0,
          "Plans": [
            {
              "Node Type": "Index Scan",
              "Parent Relationship": "Outer",
              "Parallel Aware": false,
              "Async Capable": false,
              "Scan Direction": "Forward",
              "Index Name": "pk_lineitem",
              "Relation Name": "lineitem",
              "Alias": "lineitem",
              "Startup Cost": 0.43,
              "Total Cost": 508361.75,
              "Plan Rows": 367174,
              "Plan Width": 20,
              "Actual Startup Time": 0.015,
              "Actual Total Time": 0.441,
              "Actual Rows": 20,
              "Actual Loops": 1,
              "Filter": "((l_shipdate >= '1994-01-01'::date) AND (l_shipdate < '1995-01-01'::date) AND (l_quantity > '30'::numeric))",
              "Rows Removed by Filter": 231,
              "Shared Hit Blocks": 4,
              "Shared Read Blocks": 5,
              "Shared Dirtied Blocks": 0,
              "Shared Written Blocks": 0,
              "Local Hit Blocks": 0,
              "Local Read Blocks": 0,
              "Local Dirtied Blocks": 0,
              "Local Written Blocks": 0,
              "Temp Read Blocks": 0,
              "Temp Written Blocks": 0
            }
          ]
        },
        {
          "Node Type": "Subquery Scan",
          "Parent Relationship": "Member",
          "Parallel Aware": false,
          "Async Capable": false,
          "Alias": "*SELECT* 2",
          "Startup Cost": 12949.13,
          "Total Cost": 13003.75,
          "Plan Rows": 20,
          "Plan Width": 18,
          "Actual Startup Time": 187.514,
          "Actual Total Time": 193.636,
          "Actual Rows": 20,
          "Actual Loops": 1,
          "Shared Hit Blocks": 313,
          "Shared Read Blocks": 4323,
          "Shared Dirtied Blocks": 0,
          "Shared Written Blocks": 0,
          "Local Hit Blocks": 0,
          "Local Read Blocks": 0,
          "Local Dirtied Blocks": 0,
          "Local Written Blocks": 0,
          "Temp Read Blocks": 293,
          "Temp Written Blocks": 294,
          "Plans": [
            {
              "Node Type": "Limit",
              "Parent Relationship": "Subquery",
              "Parallel Aware": false,
              "Async Capable": false,
              "Startup Cost": 12949.13,
              "Total Cost": 13003.5,
              "Plan Rows": 20,
              "Plan Width": 14,
              "Actual Startup Time": 187.513,
              "Actual Total Time": 193.632,
              "Actual Rows": 20,
              "Actual Loops": 1,
              "Shared Hit Blocks": 313,
              "Shared Read Blocks": 4323,
              "Shared Dirtied Blocks": 0,
              "Shared Written Blocks": 0,
              "Local Hit Blocks": 0,
              "Local Read Blocks": 0,
              "Local Dirtied Blocks": 0,
              "Local Written Blocks": 0,
              "Temp Read Blocks": 293,
              "Temp Written Blocks": 294,
              "Plans": [
                {
                  "Node Type": "Nested Loop",
                  "Parent Relationship": "Outer",
                  "Parallel Aware": false,
                  "Async Capable": false,
                  "Join Type": "Inner",
                  "Startup Cost": 12949.13,
                  "Total Cost": 223117.1,
                  "Plan Rows": 77317,
                  "Plan Width": 14,
                  "Actual Startup Time": 187.511,
                  "Actual Total Time": 193.628,
                  "Actual Rows": 20,
                  "Actual Loops": 1,
                  "Inner Unique": true,
                  "Shared Hit Blocks": 313,
                  "Shared Read Blocks": 4323,
                  "Shared Dirtied Blocks": 0,
                  "Shared Written Blocks": 0,
                  "Local Hit Blocks": 0,
                  "Local Read Blocks": 0,
                  "Local Dirtied Blocks": 0,
                  "Local Written Blocks": 0,
                  "Temp Read Blocks": 293,
                  "Temp Written Blocks": 294,
                  "Plans": [
                    {
                      "Node Type": "Nested Loop",
                      "Parent Relationship": "Outer",
                      "Parallel Aware": false,
                      "Async Capable": false,
                      "Join Type": "Inner",
                      "Startup Cost": 12948.84,
                      "Total Cost": 218141.71,
                      "Plan Rows": 77317,
                      "Plan Width": 14,
                      "Actual Startup Time": 187.378,
                      "Actual Total Time": 193.427,
                      "Actual Rows": 20,
                      "Actual Loops": 1,
                      "Inner Unique": false,
                      "Shared Hit Blocks": 281,
                      "Shared Read Blocks": 4314,
                      "Shared Dirtied Blocks": 0,
                      "Shared Written Blocks": 0,
                      "Local Hit Blocks": 0,
                      "Local Read Blocks": 0,
                      "Local Dirtied Blocks": 0,
                      "Local Written Blocks": 0,
                      "Temp Read Blocks": 293,
                      "Temp Written Blocks": 294,
                      "Plans": [
                        {
                          "Node Type": "Gather Merge",
                          "Parent Relationship": "Outer",
                          "Parallel Aware": false,
                          "Async Capable": false,
                          "Startup Cost": 12948.41,
                          "Total Cost": 36241.71,
                          "Plan Rows": 200000,
                          "Plan Width": 10,
                          "Actual Startup Time": 187.302,
                          "Actual Total Time": 193.181,
                          "Actual Rows": 44,
                          "Actual Loops": 1,
                          "Workers Planned": 2,
                          "Workers Launched": 2,
                          "Shared Hit Blocks": 115,
                          "Shared Read Blocks": 4301,
                          "Shared Dirtied Blocks": 0,
                          "Shared Written Blocks": 0,
                          "Local Hit Blocks": 0,
                          "Local Read Blocks": 0,
                          "Local Dirtied Blocks": 0,
                          "Local Written Blocks": 0,
                          "Temp Read Blocks": 293,
                          "Temp Written Blocks": 294,
                          "Plans": [
                            {
                              "Node Type": "Sort",
                              "Parent Relationship": "Outer",
                              "Parallel Aware": false,
                              "Async Capable": false,
                              "Startup Cost": 11948.39,
                              "Total Cost": 12156.72,
                              "Plan Rows": 83333,
                              "Plan Width": 10,
                              "Actual Startup Time": 139.273,
                              "Actual Total Time": 139.316,
                              "Actual Rows": 1107,
                              "Actual Loops": 3,
                              "Sort Key": [
                                "part.p_retailprice"
                              ],
                              "Sort Method": "external merge",
                              "Sort Space Used": 2344,
                              "Sort Space Type": "Disk",
                              "Shared Hit Blocks": 115,
                              "Shared Read Blocks": 4301,
                              "Shared Dirtied Blocks": 0,
                              "Shared Written Blocks": 0,
                              "Local Hit Blocks": 0,
                              "Local Read Blocks": 0,
                              "Local Dirtied Blocks": 0,
                              "Local Written Blocks": 0,
                              "Temp Read Blocks": 293,
                              "Temp Written Blocks": 294,
                              "Workers": [
                                {
                                  "Worker Number": 0,
                                  "Sort Method": "quicksort",
                                  "Sort Space Used": 2979,
                                  "Sort Space Type": "Memory"
                                },
                                {
                                  "Worker Number": 1,
                                  "Sort Method": "quicksort",
                                  "Sort Space Used": 2953,
                                  "Sort Space Type": "Memory"
                                }
                              ],
                              "Plans": [
                                {
                                  "Node Type": "Seq Scan",
                                  "Parent Relationship": "Outer",
                                  "Parallel Aware": true,
                                  "Async Capable": false,
                                  "Relation Name": "part",
                                  "Alias": "part",
                                  "Startup Cost": 0.0,
                                  "Total Cost": 5137.33,
                                  "Plan Rows": 83333,
                                  "Plan Width": 10,
                                  "Actual Startup Time": 0.555,
                                  "Actual Total Time": 107.412,
                                  "Actual Rows": 66667,
                                  "Actual Loops": 3,
                                  "Shared Hit Blocks": 3,
                                  "Shared Read Blocks": 4301,
                                  "Shared Dirtied Blocks": 0,
                                  "Shared Written Blocks": 0,
                                  "Local Hit Blocks": 0,
                                  "Local Read Blocks": 0,
                                  "Local Dirtied Blocks": 0,
                                  "Local Written Blocks": 0,
                                  "Temp Read Blocks": 0,
                                  "Temp Written Blocks": 0,
                                  "Workers": []
                                }
                              ]
                            }
                          ]
                        },
                        {
                          "Node Type": "Index Scan",
                          "Parent Relationship": "Inner",
                          "Parallel Aware": false,
                          "Async Capable": false,
                          "Scan Direction": "Forward",
                          "Index Name": "pk_partsupp",
                          "Relation Name": "partsupp",
                          "Alias": "partsupp",
                          "Startup Cost": 0.42,
                          "Total Cost": 0.9,
                          "Plan Rows": 1,
                          "Plan Width": 8,
                          "Actual Startup Time": 0.005,
                          "Actual Total Time": 0.005,
                          "Actual Rows": 0,
                          "Actual Loops": 44,
                          "Index Cond": "(ps_partkey = part.p_partkey)",
                          "Rows Removed by Index Recheck": 0,
                          "Filter": "(ps_supplycost < '100'::numeric)",
                          "Rows Removed by Filter": 4,
                          "Shared Hit Blocks": 166,
                          "Shared Read Blocks": 13,
                          "Shared Dirtied Blocks": 0,
                          "Shared Written Blocks": 0,
                          "Local Hit Blocks": 0,
                          "Local Read Blocks": 0,
                          "Local Dirtied Blocks": 0,
                          "Local Written Blocks": 0,
                          "Temp Read Blocks": 0,
                          "Temp Written Blocks": 0
                        }
                      ]
                    },
                    {
                      "Node Type": "Memoize",
                      "Parent Relationship": "Inner",
                      "Parallel Aware": false,
                      "Async Capable": false,
                      "Startup Cost": 0.3,
                      "Total Cost": 0.31,
                      "Plan Rows": 1,
                      "Plan Width": 4,
                      "Actual Startup Time": 0.01,
                      "Actual Total Time": 0.01,
                      "Actual Rows": 1,
                      "Actual Loops": 20,
                      "Cache Key": "partsupp.ps_suppkey",
                      "Cache Mode": "logical",
                      "Cache Hits": 0,
                      "Cache Misses": 20,
                      "Cache Evictions": 0,
                      "Cache Overflows": 0,
                      "Peak Memory Usage": 3,
                      "Shared Hit Blocks": 32,
                      "Shared Read Blocks": 9,
                      "Shared Dirtied Blocks": 0,
                      "Shared Written Blocks": 0,
                      "Local Hit Blocks": 0,
                      "Local Read Blocks": 0,
                      "Local Dirtied Blocks": 0,
                      "Local Written Blocks": 0,
                      "Temp Read Blocks": 0,
                      "Temp Written Blocks": 0,
                      "Plans": [
                        {
                          "Node Type": "Index Only Scan",
                          "Parent Relationship": "Outer",
                          "Parallel Aware": false,
                          "Async Capable": false,
                          "Scan Direction": "Forward",
                          "Index Name": "pk_supplier",
                          "Relation Name": "supplier",
                          "Alias": "supplier",
                          "Startup Cost": 0.29,
                          "Total Cost": 0.3,
                          "Plan Rows": 1,
                          "Plan Width": 4,
                          "Actual Startup Time": 0.004,
                          "Actual Total Time": 0.004,
                          "Actual Rows": 1,
                          "Actual Loops": 20,
                          "Index Cond": "(s_suppkey = partsupp.ps_suppkey)",
                          "Rows Removed by Index Recheck": 0,
                          "Heap Fetches": 0,
                          "Shared Hit Blocks": 32,
                          "Shared Read Blocks": 9,
                          "Shared Dirtied Blocks": 0,
                          "Shared Written Blocks": 0,
                          "Local Hit Blocks": 0,
                          "Local Read Blocks": 0,
                          "Local Dirtied Blocks": 0,
                          "Local Written Blocks": 0,
                          "Temp Read Blocks": 0,
                          "Temp Written Blocks": 0
                        }
                      ]
                    }
                  ]
                }
              ]
            }
          ]
        }
      ]
    },
    "Planning": {
      "Shared Hit Blocks": 19,
      "Shared Read Blocks": 6,
      "Shared Dirtied Blocks": 0,
      "Shared Written Blocks": 0,
      "Local Hit Blocks": 0,
      "Local Read Blocks": 0,
      "Local Dirtied Blocks": 0,
      "Local Written Blocks": 0,
      "Temp Read Blocks": 0,
      "Temp Written Blocks": 0
    },
    "Planning Time": 0.473,
    "Triggers": [],
    "Execution Time": 196.407
  }
]