[
  {
    "Plan": {
      "Node Type": "Append",
      "Parallel Aware": false,
      "Async Capable": false,
      "Startup Cost": 500379.07,
      "Total Cost": 612538.93,
      "Plan Rows": 20,
      "Plan Width": 40,
      "Actual Startup Time": 4748.994,
      "Actual Total Time": 6296.376,
      "Actual Rows": 20,
      "Actual Loops": 1,
      "Shared Hit Blocks": 763,
      "Shared Read Blocks": 177834,
      "Shared Dirtied Blocks": 0,
      "Shared Written Blocks": 0,
      "Local Hit Blocks": 0,
      "Local Read Blocks": 0,
      "Local Dirtied Blocks": 0,
      "Local Written Blocks": 0,
      "Temp Read Blocks": 56237,
      "Temp Written Blocks": 71937,
      "Subplans Removed": 0,
      "Plans": [
        {
          "Node Type": "Limit",
          "Parent Relationship": "Member",
          "Parallel Aware": false,
          "Async Capable": false,
          "Startup Cost": 500379.07,
          "Total Cost": 500379.09,
          "Plan Rows": 10,
          "Plan Width": 40,
          "Actual Startup Time": 4748.993,
          "Actual Total Time": 4876.152,
          "Actual Rows": 10,
          "Actual Loops": 1,
          "Shared Hit Blocks": 469,
          "Shared Read Blocks": 149377,
          "Shared Dirtied Blocks": 0,
          "Shared Written Blocks": 0,
          "Local Hit Blocks": 0,
          "Local Read Blocks": 0,
          "Local Dirtied Blocks": 0,
          "Local Written Blocks": 0,
          "Temp Read Blocks": 55880,
          "Temp Written Blocks": 71227,
          "Plans": [
            {
              "Node Type": "Sort",
              "Parent Relationship": "Outer",
              "Parallel Aware": false,
              "Async Capable": false,
              "Startup Cost": 500379.07,
              "Total Cost": 501291.63,
              "Plan Rows": 365025,
              "Plan Width": 40,
              "Actual Startup Time": 4748.977,
              "Actual Total Time": 4876.133,
              "Actual Rows": 10,
              "Actual Loops": 1,
              "Sort Key": [
                "(avg(l.l_quantity)) DESC"
              ],
              "Sort Method": "top-N heapsort",
              "Sort Space Used": 25,
              "Sort Space Type": "Memory",
              "Shared Hit Blocks": 469,
              "Shared Read Blocks": 149377,
              "Shared Dirtied Blocks": 0,
              "Shared Written Blocks": 0,
              "Local Hit Blocks": 0,
              "Local Read Blocks": 0,
              "Local Dirtied Blocks": 0,
              "Local Written Blocks": 0,
              "Temp Read Blocks": 55880,
              "Temp Written Blocks": 71227,
              "Plans": [
                {
                  "Node Type": "Aggregate",
                  "Strategy": "Sorted",
                  "Partial Mode": "Finalize",
                  "Parent Relationship": "Outer",
                  "Parallel Aware": false,
                  "Async Capable": false,
                  "Startup Cost": 397274.37,
                  "Total Cost": 492491.01,
                  "Plan Rows": 365025,
                  "Plan Width": 40,
                  "Actual Startup Time": 3132.377,
                  "Actual Total Time": 4640.297,
                  "Actual Rows": 1023311,
                  "Actual Loops": 1,
                  "Group Key": [
                    "l.l_orderkey"
                  ],
                  "Shared Hit Blocks": 469,
                  "Shared Read Blocks": 149377,
                  "Shared Dirtied Blocks": 0,
                  "Shared Written Blocks": 0,
                  "Local Hit Blocks": 0,
                  "Local Read Blocks": 0,
                  "Local Dirtied Blocks": 0,
                  "Local Written Blocks": 0,
                  "Temp Read Blocks": 55880,
                  "Temp Written Blocks": 71227,
                  "Plans": [
                    {
                      "Node Type": "Gather Merge",
                      "Parent Relationship": "Outer",
                      "Parallel Aware": false,
                      "Async Capable": false,
                      "Startup Cost": 397274.37,
                      "Total Cost": 482452.82,
                      "Plan Rows": 730050,
                      "Plan Width": 40,
                      "Actual Startup Time": 3132.36,
                      "Actual Total Time": 3651.935,
                      "Actual Rows": 1023430,
                      "Actual Loops": 1,
                      "Workers Planned": 2,
                      "Workers Launched": 2,
                      "Shared Hit Blocks": 469,
                      "Shared Read Blocks": 149377,
                      "Shared Dirtied Blocks": 0,
                      "Shared Written Blocks": 0,
                      "Local Hit Blocks": 0,
                      "Local Read Blocks": 0,
                      "Local Dirtied Blocks": 0,
                      "Local Written Blocks": 0,
                      "Temp Read Blocks": 55880,
                      "Temp Written Blocks": 71227,
                      "Plans": [
                        {
                          "Node Type": "Sort",
                          "Parent Relationship": "Outer",
                          "Parallel Aware": false,
                          "Async Capable": false,
                          "Startup Cost": 396274.35,
                          "Total Cost": 397186.91,
                          "Plan Rows": 365025,
                          "Plan Width": 40,
                          "Actual Startup Time": 3079.41,
                          "Actual Total Time": 3153.875,
                          "Actual Rows": 341143,
                          "Actual Loops": 3,
                          "Sort Key": [
                            "l.l_orderkey"
                          ],
                          "Sort Method": "external merge",
                          "Sort Space Used": 21024,
                          "Sort Space Type": "Disk",
                          "Shared Hit Blocks": 469,
                          "Shared Read Blocks": 149377,
                          "Shared Dirtied Blocks": 0,
                          "Shared Written Blocks": 0,
                          "Local Hit Blocks": 0,
                          "Local Read Blocks": 0,
                          "Local Dirtied Blocks": 0,
                          "Local Written Blocks": 0,
                          "Temp Read Blocks": 55880,
                          "Temp Written Blocks": 71227,
                          "Workers": [
                            {
                              "Worker Number": 0,
                              "Sort Method": "external merge",
                              "Sort Space Used": 30128,
                              "Sort Space Type": "Disk"
                            },
                            {
                              "Worker Number": 1,
                              "Sort Method": "external merge",
                              "Sort Space Used": 30152,
                              "Sort Space Type": "Disk"
                            }
                          ],
                          "Plans": [
                            {
                              "Node Type": "Aggregate",
                              "Strategy": "Hashed",
                              "Partial Mode": "Partial",
                              "Parent Relationship": "Outer",
                              "Parallel Aware": false,
                              "Async Capable": false,
                              "Startup Cost": 331374.62,
                              "Total Cost": 352568.36,
                              "Plan Rows": 365025,
                              "Plan Width": 40,
                              "Actual Startup Time": 2295.202,
                              "Actual Total Time": 2902.769,
                              "Actual Rows": 341143,
                              "Actual Loops": 3,
                              "Group Key": [
                                "l.l_orderkey"
                              ],
                              "Planned Partitions": 16,
                              "HashAgg Batches": 17,
                              "Peak Memory Usage": 8337,
                              "Disk Usage": 34824,
                              "Shared Hit Blocks": 453,
                              "Shared Read Blocks": 149377,
                              "Shared Dirtied Blocks": 0,
                              "Shared Written Blocks": 0,
                              "Local Hit Blocks": 0,
                              "Local Read Blocks": 0,
                              "Local Dirtied Blocks": 0,
                              "Local Written Blocks": 0,
                              "Temp Read Blocks": 45717,
                              "Temp Written Blocks": 61037,
                              "Workers": [
                                {
                                  "Worker Number": 0,
                                  "HashAgg Batches": 81,
                                  "Peak Memory Usage": 8337,
                                  "Disk Usage": 47984
                                },
                                {
                                  "Worker Number": 1,
                                  "HashAgg Batches": 81,
                                  "Peak Memory Usage": 8337,
                                  "Disk Usage": 47992
                                }
                              ],
                              "Plans": [
                                {
                                  "Node Type": "Hash Join",
                                  "Parent Relationship": "Outer",
                                  "Parallel Aware": true,
                                  "Async Capable": false,
                                  "Join Type": "Inner",
                                  "Startup Cost": 43134.01,
                                  "Total Cost": 222275.73,
                                  "Plan Rows": 1703007,
                                  "Plan Width": 13,
                                  "Actual Startup Time": 1267.808,
                                  "Actual Total Time": 1850.177,
                                  "Actual Rows": 1364710,
                                  "Actual Loops": 3,
                                  "Inner Unique": true,
                                  "Hash Cond": "(l.l_orderkey = o.o_orderkey)",
                                  "Shared Hit Blocks": 453,
                                  "Shared Read Blocks": 149377,
                                  "Shared Dirtied Blocks": 0,
                                  "Shared Written Blocks": 0,
                                  "Local Hit Blocks": 0,
                                  "Local Read Blocks": 0,
                                  "Local Dirtied Blocks": 0,
                                  "Local Written Blocks": 0,
                                  "Temp Read Blocks": 27281,
                                  "Temp Written Blocks": 27348,
                                  "Workers": [],
                                  "Plans": [
                                    {
                                      "Node Type": "Seq Scan",
                                      "Parent Relationship": "Outer",
                                      "Parallel Aware": true,
                                      "Async Capable": false,
                                      "Relation Name": "lineitem",
                                      "Alias": "l",
                                      "Startup Cost": 0.0,
                                      "Total Cost": 146492.49,
                                      "Plan Rows": 2500649,
                                      "Plan Width": 13,
                                      "Actual Startup Time": 0.726,
                                      "Actual Total Time": 666.558,
                                      "Actual Rows": 2000405,
                                      "Actual Loops": 3,
                                      "Shared Hit Blocks": 254,
                                      "Shared Read Blocks": 121232,
                                      "Shared Dirtied Blocks": 0,
                                      "Shared Written Blocks": 0,
                                      "Local Hit Blocks": 0,
                                      "Local Read Blocks": 0,
                                      "Local Dirtied Blocks": 0,
                                      "Local Written Blocks": 0,
                                      "Temp Read Blocks": 0,
                                      "Temp Written Blocks": 0,
                                      "Workers": []
                                    },
                                    {
                                      "Node Type": "Hash",
                                      "Parent Relationship": "Inner",
                                      "Parallel Aware": true,
                                      "Async Capable": false,
                                      "Startup Cost": 36150.5,
                                      "Total Cost": 36150.5,
                                      "Plan Rows": 425641,
                                      "Plan Width": 8,
                                      "Actual Startup Time": 192.534,
                                      "Actual Total Time": 192.535,
                                      "Actual Rows": 341104,
                                      "Actual Loops": 3,
                                      "Hash Buckets": 262144,
                                      "Original Hash Buckets": 262144,
                                      "Hash Batches": 8,
                                      "Original Hash Batches": 8,
                                      "Peak Memory Usage": 7104,
                                      "Shared Hit Blocks": 193,
                                      "Shared Read Blocks": 28145,
                                      "Shared Dirtied Blocks": 0,
                                      "Shared Written Blocks": 0,
                                      "Local Hit Blocks": 0,
                                      "Local Read Blocks": 0,
                                      "Local Dirtied Blocks": 0,
                                      "Local Written Blocks": 0,
                                      "Temp Read Blocks": 0,
                                      "Temp Written Blocks": 3104,
                                      "Workers": [],
                                      "Plans": [
                                        {
                                          "Node Type": "Seq Scan",
                                          "Parent Relationship": "Outer",
                                          "Parallel Aware": true,
                                          "Async Capable": false,
                                          "Relation Name": "orders",
                                          "Alias": "o",
                                          "Startup Cost": 0.0,
                                          "Total Cost": 36150.5,
                                          "Plan Rows": 425641,
                                          "Plan Width": 8,
                                          "Actual Startup Time": 0.544,
                                          "Actual Total Time": 124.948,
                                          "Actual Rows": 341104,
                                          "Actual Loops": 3,
                                          "Filter": "(o_orderdate < '1996-07-01'::date)",
                                          "Rows Removed by Filter": 158896,
                                          "Shared Hit Blocks": 193,
                                          "Shared Read Blocks": 28145,
                                          "Shared Dirtied Blocks": 0,
                                          "Shared Written Blocks": 0,
                                          "Local Hit Blocks": 0,
                                          "Local Read Blocks": 0,
                                          "Local Dirtied Blocks": 0,
                                          "Local Written Blocks": 0,
                                          "Temp Read Blocks": 0,
                                          "Temp Written Blocks": 0,
                                          "Workers": []
                                        }
                                      ]
                                    }
                                  ]
                                }
                              ]
                            }
                          ]
                        }
                      ]
                    }
                  ]
                }
              ]
            }
          ]
        },
        {
          "Node Type": "Subquery Scan",
          "Parent Relationship": "Member",
          "Parallel Aware": false,
          "Async Capable": false,
          "Alias": "*SELECT* 2",
          "Startup Cost": 112159.56,
          "Total Cost": 112159.74,
          "Plan Rows": 10,
          "Plan Width": 40,
          "Actual Startup Time": 1420.205,
          "Actual Total Time": 1420.215,
          "Actual Rows": 10,
          "Actual Loops": 1,
          "Shared Hit Blocks": 294,
          "Shared Read Blocks": 28457,
          "Shared Dirtied Blocks": 0,
          "Shared Written Blocks": 0,
          "Local Hit Blocks": 0,
          "Local Read Blocks": 0,
          "Local Dirtied Blocks": 0,
          "Local Written Blocks": 0,
          "Temp Read Blocks": 357,
          "Temp Written Blocks": 710,
          "Plans": [
            {
              "Node Type": "Limit",
              "Parent Relationship": "Subquery",
              "Parallel Aware": false,
              "Async Capable": false,
              "Startup Cost": 112159.56,
              "Total Cost": 112159.59,
              "Plan Rows": 10,
              "Plan Width": 12,
              "Actual Startup Time": 1420.2,
              "Actual Total Time": 1420.206,
              "Actual Rows": 10,
              "Actual Loops": 1,
              "Shared Hit Blocks": 294,
              "Shared Read Blocks": 28457,
              "Shared Dirtied Blocks": 0,
              "Shared Written Blocks": 0,
              "Local Hit Blocks": 0,
              "Local Read Blocks": 0,
              "Local Dirtied Blocks": 0,
              "Local Written Blocks": 0,
              "Temp Read Blocks": 357,
              "Temp Written Blocks": 710,
              "Plans": [
                {
                  "Node Type": "Sort",
                  "Parent Relationship": "Outer",
                  "Parallel Aware": false,
                  "Async Capable": false,
                  "Startup Cost": 112159.56,
                  "Total Cost": 112534.56,
                  "Plan Rows": 150000,
                  "Plan Width": 12,
                  "Actual Startup Time": 1420.197,
                  "Actual Total Time": 1420.202,
                  "Actual Rows": 10,
                  "Actual Loops": 1,
                  "Sort Key": [
                    "(count(*))"
                  ],
                  "Sort Method": "top-N heapsort",
                  "Sort Space Used": 25,
                  "Sort Space Type": "Memory",
                  "Shared Hit Blocks": 294,
                  "Shared Read Blocks": 28457,
                  "Shared Dirtied Blocks": 0,
                  "Shared Written Blocks": 0,
                  "Local Hit Blocks": 0,
                  "Local Read Blocks": 0,
                  "Local Dirtied Blocks": 0,
                  "Local Written Blocks": 0,
                  "Temp Read Blocks": 357,
                  "Temp Written Blocks": 710,
                  "Plans": [
                    {
                      "Node Type": "Aggregate",
                      "Strategy": "Hashed",
                      "Partial Mode": "Simple",
                      "Parent Relationship": "Outer",
                      "Parallel Aware": false,
                      "Async Capable": false,
                      "Startup Cost": 101027.69,
                      "Total Cost": 108918.12,
                      "Plan Rows": 150000,
                      "Plan Width": 12,
                      "Actual Startup Time": 1340.549,
                      "Actual Total Time": 1405.004,
                      "Actual Rows": 99806,
                      "Actual Loops": 1,
                      "Group Key": [
                        "c.c_custkey"
                      ],
                      "Planned Partitions": 4,
                      "HashAgg Batches": 5,
                      "Peak Memory Usage": 8241,
                      "Disk Usage": 3576,
                      "Shared Hit Blocks": 294,
                      "Shared Read Blocks": 28457,
                      "Shared Dirtied Blocks": 0,
                      "Shared Written Blocks": 0,
                      "Local Hit Blocks": 0,
                      "Local Read Blocks": 0,
                      "Local Dirtied Blocks": 0,
                      "Local Written Blocks": 0,
                      "Temp Read Blocks": 357,
                      "Temp Written Blocks": 710,
                      "Plans": [
                        {
                          "Node Type": "Hash Join",
                          "Parent Relationship": "Outer",
                          "Parallel Aware": false,
                          "Async Capable": false,
                          "Join Type": "Inner",
                          "Startup Cost": 5781.42,
                          "Total Cost": 55016.66,
                          "Plan Rows": 817974,
                          "Plan Width": 4,
                          "Actual Startup Time": 73.741,
                          "Actual Total Time": 946.653,
                          "Actual Rows": 818669,
                          "Actual Loops": 1,
                          "Inner Unique": true,
                          "Hash Cond": "(o_1.o_custkey = c.c_custkey)",
                          "Shared Hit Blocks": 294,
                          "Shared Read Blocks": 28457,
                          "Shared Dirtied Blocks": 0,
                          "Shared Written Blocks": 0,
                          "Local Hit Blocks": 0,
                          "Local Read Blocks": 0,
                          "Local Dirtied Blocks": 0,
                          "Local Written Blocks": 0,
                          "Temp Read Blocks": 0,
                          "Temp Written Blocks": 0,
                          "Plans": [
                            {
                              "Node Type": "Seq Scan",
                              "Parent Relationship": "Outer",
                              "Parallel Aware": false,
                              "Async Capable": false,
                              "Relation Name": "orders",
                              "Alias": "o_1",
                              "Startup Cost": 0.0,
                              "Total Cost": 47088.0,
                              "Plan Rows": 817974,
                              "Plan Width": 4,
                              "Actual Startup Time": 0.073,
                              "Actual Total Time": 438.024,
                              "Actual Rows": 818669,
                              "Actual Loops": 1,
                              "Filter": "(o_orderdate >= '1995-01-01'::date)",
                              "Rows Removed by Filter": 681331,
                              "Shared Hit Blocks": 289,
                              "Shared Read Blocks": 28049,
                              "Shared Dirtied Blocks": 0,
                              "Shared Written Blocks": 0,
                              "Local Hit Blocks": 0,
                              "Local Read Blocks": 0,
                              "Local Dirtied Blocks": 0,
                              "Local Written Blocks": 0,
                              "Temp Read Blocks": 0,
                              "Temp Written Blocks": 0
                            },
                            {
                              "Node Type": "Hash",
                              "Parent Relationship": "Inner",
                              "Parallel Aware": false,
                              "Async Capable": false,
                              "Startup Cost": 3906.42,
                              "Total Cost": 3906.42,
                              "Plan Rows": 150000,
                              "Plan Width": 4,
                              "Actual Startup Time": 72.53,
                              "Actual Total Time": 72.531,
                              "Actual Rows": 150000,
                              "Actual Loops": 1,
                              "Hash Buckets": 262144,
                              "Original Hash Buckets": 262144,
                              "Hash Batches": 1,
                              "Original Hash Batches": 1,
                              "Peak Memory Usage": 7322,
                              "Shared Hit Blocks": 5,
                              "Shared Read Blocks": 408,
                              "Shared Dirtied Blocks": 0,
                              "Shared Written Blocks": 0,
                              "Local Hit Blocks": 0,
                              "Local Read Blocks": 0,
                              "Local Dirtied Blocks": 0,
                              "Local Written Blocks": 0,
                              "Temp Read Blocks": 0,
                              "Temp Written Blocks": 0,
                              "Plans": [
                                {
                                  "Node Type": "Index Only Scan",
                                  "Parent Relationship": "Outer",
                                  "Parallel Aware": false,
                                  "Async Capable": false,
                                  "Scan Direction": "Forward",
                                  "Index Name": "pk_customer",
                                  "Relation Name": "customer",
                                  "Alias": "c",
                                  "Startup Cost": 0.42,
                                  "Total Cost": 3906.42,
                                  "Plan Rows": 150000,
                                  "Plan Width": 4,
                                  "Actual Startup Time": 0.032,
                                  "Actual Total Time": 31.695,
                                  "Actual Rows": 150000,
                                  "Actual Loops": 1,
                                  "Heap Fetches": 0,
                                  "Shared Hit Blocks": 5,
                                  "Shared Read Blocks": 408,
                                  "Shared Dirtied Blocks": 0,
                                  "Shared Written Blocks": 0,
                                  "Local Hit Blocks": 0,
                                  "Local Read Blocks": 0,
                                  "Local Dirtied Blocks": 0,
                                  "Local Written Blocks": 0,
                                  "Temp Read Blocks": 0,
                                  "Temp Written Blocks": 0
                                }
                              ]
                            }
                          ]
                        }
                      ]
                    }
                  ]
                }
              ]
            }
          ]
        }
      ]
    },
    "Planning": {
      "Shared Hit Blocks": 32,
      "Shared Read Blocks": 1,
      "Shared Dirtied Blocks": 0,
      "Shared Written Blocks": 0,
      "Local Hit Blocks": 0,
      "Local Read Blocks": 0,
      "Local Dirtied Blocks": 0,
      "Local Written Blocks": 0,
      "Temp Read Blocks": 0,
      "Temp Written Blocks": 0
    },
    "Planning Time": 0.348,
    "Triggers": [],
    "Execution Time": 6323.552
  }
]