{
  "Node Type": "Append",
  "Parallel Aware": false,
  "Async Capable": false,
  "Startup Cost": 1.56,
  "Total Cost": 6882.05,
  "Plan Rows": 32688,
  "Plan Width": 136,
  "Subplans Removed": 0,
  "Plans": [
    {
      "Node Type": "Hash Join",
      "Parent Relationship": "Member",
      "Parallel Aware": false,
      "Async Capable": false,
      "Join Type": "Inner",
      "Startup Cost": 1.56,
      "Total Cost": 366.37,
      "Plan Rows": 5475,
      "Plan Width": 52,
      "Inner Unique": true,
      "Hash Cond": "(s.s_nationkey = n.n_nationkey)",
      "Plans": [
        {
          "Node Type": "Seq Scan",
          "Parent Relationship": "Outer",
          "Parallel Aware": false,
          "Async Capable": false,
          "Relation Name": "supplier",
          "Alias": "s",
          "Startup Cost": 0.0,
          "Total Cost": 348.0,
          "Plan Rows": 5475,
          "Plan Width": 30,
          "Filter": "(s_acctbal > '4000'::numeric)",
          "Rows Removed by Filter": 4528
        },
        {
          "Node Type": "Hash",
          "Parent Relationship": "Inner",
          "Parallel Aware": false,
          "Async Capable": false,
          "Startup Cost": 1.25,
          "Total Cost": 1.25,
          "Plan Rows": 25,
          "Plan Width": 30,
          "Hash Buckets": 1024,
          "Original Hash Buckets": 1024,
          "Hash Batches": 1,
          "Original Hash Batches": 1,
          "Peak Memory Usage": 10,
          "Plans": [
            {
              "Node Type": "Seq Scan",
              "Parent Relationship": "Outer",
              "Parallel Aware": false,
              "Async Capable": false,
              "Relation Name": "nation",
              "Alias": "n",
              "Startup Cost": 0.0,
              "Total Cost": 1.25,
              "Plan Rows": 25,
              "Plan Width": 30
            }
          ]
        }
      ]
    },
    {
      "Node Type": "Subquery Scan",
      "Parent Relationship": "Member",
      "Parallel Aware": false,
      "Async Capable": false,
      "Alias": "*SELECT* 2",
      "Startup Cost": 1.56,
      "Total Cost": 6352.24,
      "Plan Rows": 27213,
      "Plan Width": 58,
      "Plans": [
        {
          "Node Type": "Hash Join",
          "Parent Relationship": "Subquery",
          "Parallel Aware": false,
          "Async Capable": false,
          "Join Type": "Inner",
          "Startup Cost": 1.56,
          "Total Cost": 6080.11,
          "Plan Rows": 27213,
          "Plan Width": 45,
          "Inner Unique": true,
          "Hash Cond": "(c.c_nationkey = n_1.n_nationkey)",
          "Plans": [
            {
              "Node Type": "Seq Scan",
              "Parent Relationship": "Outer",
              "Parallel Aware": false,
              "Async Capable": false,
              "Relation Name": "customer",
              "Alias": "c",
              "Startup Cost": 0.0,
              "Total Cost": 5995.0,
              "Plan Rows": 27213,
              "Plan Width": 23,
              "Filter": "((c_acctbal > '100'::numeric) AND (c_mktsegment = 'BUILDING'::bpchar))",
              "Rows Removed by Filter": 122918
            },
            {
              "Node Type": "Hash",
              "Parent Relationship": "Inner",
              "Parallel Aware": false,
              "Async Capable": false,
              "Startup Cost": 1.25,
              "Total Cost": 1.25,
              "Plan Rows": 25,
              "Plan Width": 30,
              "Hash Buckets": 1024,
              "Original Hash Buckets": 1024,
              "Hash Batches": 1,
              "Original Hash Batches": 1,
              "Peak Memory Usage": 10,
              "Plans": [
                {
                  "Node Type": "Seq Scan",
                  "Parent Relationship": "Outer",
                  "Parallel Aware": false,
                  "Async Capable": false,
                  "Relation Name": "nation",
                  "Alias": "n_1",
                  "Startup Cost": 0.0,
                  "Total Cost": 1.25,
                  "Plan Rows": 25,
                  "Plan Width": 30
                }
              ]
            }
          ]
        }
      ]
    }
  ]
}