{
  "Node Type": "Limit",
  "Parallel Aware": false,
  "Async Capable": false,
  "Startup Cost": 62908.18,
  "Total Cost": 62908.18,
  "Plan Rows": 1,
  "Plan Width": 192,
  "Plans": [
    {
      "Node Type": "Sort",
      "Parent Relationship": "Outer",
      "Parallel Aware": false,
      "Async Capable": false,
      "Startup Cost": 62908.18,
      "Total Cost": 62908.18,
      "Plan Rows": 1,
      "Plan Width": 192,
      "Sort Key": [
        "supplier.s_acctbal DESC",
        "nation.n_name",
        "supplier.s_name",
        "part.p_partkey"
      ],
      "Sort Method": "top-N heapsort",
      "Sort Space Used": 71,
      "Sort Space Type": "Memory",
      "Plans": [
        {
          "Node Type": "Hash Join",
          "Parent Relationship": "Outer",
          "Parallel Aware": false,
          "Async Capable": false,
          "Join Type": "Inner",
          "Startup Cost": 37830.57,
          "Total Cost": 62908.17,
          "Plan Rows": 1,
          "Plan Width": 192,
          "Inner Unique": false,
          "Hash Cond": "((part.p_partkey = partsupp.ps_partkey) AND ((SubPlan 1) = partsupp.ps_supplycost))",
          "Plans": [
            {
              "Node Type": "Gather",
              "Parent Relationship": "Outer",
              "Parallel Aware": false,
              "Async Capable": false,
              "Startup Cost": 1000.0,
              "Total Cost": 6617.8,
              "Plan Rows": 638,
              "Plan Width": 30,
              "Workers Planned": 2,
              "Workers Launched": 2,
              "Single Copy": false,
              "Plans": [
                {
                  "Node Type": "Seq Scan",
                  "Parent Relationship": "Outer",
                  "Parallel Aware": true,
                  "Async Capable": false,
                  "Relation Name": "part",
                  "Alias": "part",
                  "Startup Cost": 0.0,
                  "Total Cost": 5554.0,
                  "Plan Rows": 266,
                  "Plan Width": 30,
                  "Filter": "(((p_type)::text ~~ '%BRASS'::text) AND (p_size = 15))",
                  "Rows Removed by Filter": 66418,
                  "Workers": []
                }
              ]
            },
            {
              "Node Type": "Hash",
              "Parent Relationship": "Inner",
              "Parallel Aware": false,
              "Async Capable": false,
              "Startup Cost": 30523.57,
              "Total Cost": 30523.57,
              "Plan Rows": 160000,
              "Plan Width": 172,
              "Hash Buckets": 65536,
              "Original Hash Buckets": 65536,
              "Hash Batches": 8,
              "Original Hash Batches": 8,
              "Peak Memory Usage": 4543,
              "Plans": [
                {
                  "Node Type": "Hash Join",
                  "Parent Relationship": "Outer",
                  "Parallel Aware": false,
                  "Async Capable": false,
                  "Join Type": "Inner",
                  "Startup Cost": 408.01,
                  "Total Cost": 30523.57,
                  "Plan Rows": 160000,
                  "Plan Width": 172,
                  "Inner Unique": false,
                  "Hash Cond": "(partsupp.ps_suppkey = supplier.s_suppkey)",
                  "Plans": [
                    {
                      "Node Type": "Seq Scan",
                      "Parent Relationship": "Outer",
                      "Parallel Aware": false,
                      "Async Capable": false,
                      "Relation Name": "partsupp",
                      "Alias": "partsupp",
                      "Startup Cost": 0.0,
                      "Total Cost": 25517.0,
                      "Plan Rows": 800000,
                      "Plan Width": 14
                    },
                    {
                      "Node Type": "Hash",
                      "Parent Relationship": "Inner",
                      "Parallel Aware": false,
                      "Async Capable": false,
                      "Startup Cost": 383.01,
                      "Total Cost": 383.01,
                      "Plan Rows": 2000,
                      "Plan Width": 166,
                      "Hash Buckets": 2048,
                      "Original Hash Buckets": 2048,
                      "Hash Batches": 1,
                      "Original Hash Batches": 1,
                      "Peak Memory Usage": 409,
                      "Plans": [
                        {
                          "Node Type": "Hash Join",
                          "Parent Relationship": "Outer",
                          "Parallel Aware": false,
                          "Async Capable": false,
                          "Join Type": "Inner",
                          "Startup Cost": 2.51,
                          "Total Cost": 383.01,
                          "Plan Rows": 2000,
                          "Plan Width": 166,
                          "Inner Unique": false,
                          "Hash Cond": "(supplier.s_nationkey = nation.n_nationkey)",
                          "Plans": [
                            {
                              "Node Type": "Seq Scan",
                              "Parent Relationship": "Outer",
                              "Parallel Aware": false,
                              "Async Capable": false,
                              "Relation Name": "supplier",
                              "Alias": "supplier",
                              "Startup Cost": 0.0,
                              "Total Cost": 323.0,
                              "Plan Rows": 10000,
                              "Plan Width": 144
                            },
                            {
                              "Node Type": "Hash",
                              "Parent Relationship": "Inner",
                              "Parallel Aware": false,
                              "Async Capable": false,
                              "Startup Cost": 2.45,
                              "Total Cost": 2.45,
                              "Plan Rows": 5,
                              "Plan Width": 30,
                              "Hash Buckets": 1024,
                              "Original Hash Buckets": 1024,
                              "Hash Batches": 1,
                              "Original Hash Batches": 1,
                              "Peak Memory Usage": 9,
                              "Plans": [
                                {
                                  "Node Type": "Hash Join",
                                  "Parent Relationship": "Outer",
                                  "Parallel Aware": false,
                                  "Async Capable": false,
                                  "Join Type": "Inner",
                                  "Startup Cost": 1.07,
                                  "Total Cost": 2.45,
                                  "Plan Rows": 5,
                                  "Plan Width": 30,
                                  "Inner Unique": true,
                                  "Hash Cond": "(nation.n_regionkey = region.r_regionkey)",
                                  "Plans": [
                                    {
                                      "Node Type": "Seq Scan",
                                      "Parent Relationship": "Outer",
                                      "Parallel Aware": false,
                                      "Async Capable": false,
                                      "Relation Name": "nation",
                                      "Alias": "nation",
                                      "Startup Cost": 0.0,
                                      "Total Cost": 1.25,
                                      "Plan Rows": 25,
                                      "Plan Width": 34
                                    },
                                    {
                                      "Node Type": "Hash",
                                      "Parent Relationship": "Inner",
                                      "Parallel Aware": false,
                                      "Async Capable": false,
                                      "Startup Cost": 1.06,
                                      "Total Cost": 1.06,
                                      "Plan Rows": 1,
                                      "Plan Width": 4,
                                      "Hash Buckets": 1024,
                                      "Original Hash Buckets": 1024,
                                      "Hash Batches": 1,
                                      "Original Hash Batches": 1,
                                      "Peak Memory Usage": 9,
                                      "Plans": [
                                        {
                                          "Node Type": "Seq Scan",
                                          "Parent Relationship": "Outer",
                                          "Parallel Aware": false,
                                          "Async Capable": false,
                                          "Relation Name": "region",
                                          "Alias": "region",
                                          "Startup Cost": 0.0,
                                          "Total Cost": 1.06,
                                          "Plan Rows": 1,
                                          "Plan Width": 4,
                                          "Filter": "(r_name = 'EUROPE'::bpchar)",
                                          "Rows Removed by Filter": 4
                                        }
                                      ]
                                    }
                                  ]
                                }
                              ]
                            }
                          ]
                        }
                      ]
                    }
                  ]
                }
              ]
            },
            {
              "Node Type": "Aggregate",
              "Strategy": "Plain",
              "Partial Mode": "Simple",
              "Parent Relationship": "SubPlan",
              "Subplan Name": "SubPlan 1",
              "Parallel Aware": false,
              "Async Capable": false,
              "Startup Cost": 48.7,
              "Total Cost": 48.71,
              "Plan Rows": 1,
              "Plan Width": 32,
              "Plans": [
                {
                  "Node Type": "Nested Loop",
                  "Parent Relationship": "Outer",
                  "Parallel Aware": false,
                  "Async Capable": false,
                  "Join Type": "Inner",
                  "Startup Cost": 0.85,
                  "Total Cost": 48.7,
                  "Plan Rows": 1,
                  "Plan Width": 6,
                  "Inner Unique": false,
                  "Join Filter": "(region_1.r_regionkey = nation_1.n_regionkey)",
                  "Rows Removed by Join Filter": 3,
                  "Plans": [
                    {
                      "Node Type": "Seq Scan",
                      "Parent Relationship": "Outer",
                      "Parallel Aware": false,
                      "Async Capable": false,
                      "Relation Name": "region",
                      "Alias": "region_1",
                      "Startup Cost": 0.0,
                      "Total Cost": 1.06,
                      "Plan Rows": 1,
                      "Plan Width": 4,
                      "Filter": "(r_name = 'EUROPE'::bpchar)",
                      "Rows Removed by Filter": 4
                    },
                    {
                      "Node Type": "Nested Loop",
                      "Parent Relationship": "Inner",
                      "Parallel Aware": false,
                      "Async Capable": false,
                      "Join Type": "Inner",
                      "Startup Cost": 0.85,
                      "Total Cost": 47.58,
                      "Plan Rows": 4,
                      "Plan Width": 10,
                      "Inner Unique": true,
                      "Plans": [
                        {
                          "Node Type": "Nested Loop",
                          "Parent Relationship": "Outer",
                          "Parallel Aware": false,
                          "Async Capable": false,
                          "Join Type": "Inner",
                          "Startup Cost": 0.71,
                          "Total Cost": 46.96,
                          "Plan Rows": 4,
                          "Plan Width": 10,
                          "Inner Unique": true,
                          "Plans": [
                            {
                              "Node Type": "Index Scan",
                              "Parent Relationship": "Outer",
                              "Parallel Aware": false,
                              "Async Capable": false,
                              "Scan Direction": "Forward",
                              "Index Name": "pk_partsupp",
                              "Relation Name": "partsupp",
                              "Alias": "partsupp_1",
                              "Startup Cost": 0.42,
                              "Total Cost": 13.75,
                              "Plan Rows": 4,
                              "Plan Width": 10,
                              "Index Cond": "(ps_partkey = part.p_partkey)",
                              "Rows Removed by Index Recheck": 0
                            },
                            {
                              "Node Type": "Index Scan",
                              "Parent Relationship": "Inner",
                              "Parallel Aware": false,
                              "Async Capable": false,
                              "Scan Direction": "Forward",
                              "Index Name": "pk_supplier",
                              "Relation Name": "supplier",
                              "Alias": "supplier_1",
                              "Startup Cost": 0.29,
                              "Total Cost": 8.3,
                              "Plan Rows": 1,
                              "Plan Width": 8,
                              "Index Cond": "(s_suppkey = partsupp_1.ps_suppkey)",
                              "Rows Removed by Index Recheck": 0
                            }
                          ]
                        },
                        {
                          "Node Type": "Index Scan",
                          "Parent Relationship": "Inner",
                          "Parallel Aware": false,
                          "Async Capable": false,
                          "Scan Direction": "Forward",
                          "Index Name": "pk_nation",
                          "Relation Name": "nation",
                          "Alias": "nation_1",
                          "Startup Cost": 0.14,
                          "Total Cost": 0.16,
                          "Plan Rows": 1,
                          "Plan Width": 8,
                          "Index Cond": "(n_nationkey = supplier_1.s_nationkey)",
                          "Rows Removed by Index Recheck": 0
                        }
                      ]
                    }
                  ]
                }
              ]
            }
          ]
        }
      ]
    }
  ]
}