{
  "Node Type": "Limit",
  "Parallel Aware": false,
  "Async Capable": false,
  "Startup Cost": 211809.8,
  "Total Cost": 211809.85,
  "Plan Rows": 20,
  "Plan Width": 201,
  "Plans": [
    {
      "Node Type": "Sort",
      "Parent Relationship": "Outer",
      "Parallel Aware": false,
      "Async Capable": false,
      "Startup Cost": 211809.8,
      "Total Cost": 211954.51,
      "Plan Rows": 57886,
      "Plan Width": 201,
      "Sort Key": [
        "(sum((lineitem.l_extendedprice * ('1'::numeric - lineitem.l_discount)))) DESC",
        "customer.c_custkey",
        "customer.c_name",
        "customer.c_acctbal",
        "customer.c_phone",
        "nation.n_name",
        "customer.c_address",
        "customer.c_comment"
      ],
      "Sort Method": "top-N heapsort",
      "Sort Space Used": 33,
      "Sort Space Type": "Memory",
      "Plans": [
        {
          "Node Type": "Aggregate",
          "Strategy": "Sorted",
          "Partial Mode": "Finalize",
          "Parent Relationship": "Outer",
          "Parallel Aware": false,
          "Async Capable": false,
          "Startup Cost": 202832.38,
          "Total Cost": 210269.47,
          "Plan Rows": 57886,
          "Plan Width": 201,
          "Group Key": [
            "customer.c_custkey",
            "nation.n_name"
          ],
          "Plans": [
            {
              "Node Type": "Gather Merge",
              "Parent Relationship": "Outer",
              "Parallel Aware": false,
              "Async Capable": false,
              "Startup Cost": 202832.38,
              "Total Cost": 209063.52,
              "Plan Rows": 48238,
              "Plan Width": 201,
              "Workers Planned": 2,
              "Workers Launched": 2,
              "Plans": [
                {
                  "Node Type": "Aggregate",
                  "Strategy": "Sorted",
                  "Partial Mode": "Partial",
                  "Parent Relationship": "Outer",
                  "Parallel Aware": false,
                  "Async Capable": false,
                  "Startup Cost": 201832.36,
                  "Total Cost": 202495.63,
                  "Plan Rows": 24119,
                  "Plan Width": 201,
                  "Group Key": [
                    "customer.c_custkey",
                    "nation.n_name"
                  ],
                  "Workers": [],
                  "Plans": [
                    {
                      "Node Type": "Sort",
                      "Parent Relationship": "Outer",
                      "Parallel Aware": false,
                      "Async Capable": false,
                      "Startup Cost": 201832.36,
                      "Total Cost": 201892.66,
                      "Plan Rows": 24119,
                      "Plan Width": 181,
                      "Sort Key": [
                        "customer.c_custkey",
                        "nation.n_name"
                      ],
                      "Sort Method": "external merge",
                      "Sort Space Used": 4504,
                      "Sort Space Type": "Disk",
                      "Workers": [
                        {
                          "Worker Number": 0,
                          "Sort Method": "external merge",
                          "Sort Space Used": 7120,
                          "Sort Space Type": "Disk"
                        },
                        {
                          "Worker Number": 1,
                          "Sort Method": "external merge",
                          "Sort Space Used": 6472,
                          "Sort Space Type": "Disk"
                        }
                      ],
                      "Plans": [
                        {
                          "Node Type": "Hash Join",
                          "Parent Relationship": "Outer",
                          "Parallel Aware": false,
                          "Async Capable": false,
                          "Join Type": "Inner",
                          "Startup Cost": 192683.58,
                          "Total Cost": 197931.25,
                          "Plan Rows": 24119,
                          "Plan Width": 181,
                          "Inner Unique": true,
                          "Hash Cond": "(customer.c_nationkey = nation.n_nationkey)",
                          "Workers": [],
                          "Plans": [
                            {
                              "Node Type": "Hash Join",
                              "Parent Relationship": "Outer",
                              "Parallel Aware": true,
                              "Async Capable": false,
                              "Join Type": "Inner",
                              "Startup Cost": 192682.01,
                              "Total Cost": 197855.64,
                              "Plan Rows": 24119,
                              "Plan Width": 159,
                              "Inner Unique": false,
                              "Hash Cond": "(customer.c_custkey = orders.o_custkey)",
                              "Workers": [],
                              "Plans": [
                                {
                                  "Node Type": "Seq Scan",
                                  "Parent Relationship": "Outer",
                                  "Parallel Aware": true,
                                  "Async Capable": false,
                                  "Relation Name": "customer",
                                  "Alias": "customer",
                                  "Startup Cost": 0.0,
                                  "Total Cost": 4370.0,
                                  "Plan Rows": 62500,
                                  "Plan Width": 147,
                                  "Workers": []
                                },
                                {
                                  "Node Type": "Hash",
                                  "Parent Relationship": "Inner",
                                  "Parallel Aware": true,
                                  "Async Capable": false,
                                  "Startup Cost": 192380.53,
                                  "Total Cost": 192380.53,
                                  "Plan Rows": 24119,
                                  "Plan Width": 16,
                                  "Hash Buckets": 131072,
                                  "Original Hash Buckets": 65536,
                                  "Hash Batches": 1,
                                  "Original Hash Batches": 1,
                                  "Peak Memory Usage": 6560,
                                  "Workers": [],
                                  "Plans": [
                                    {
                                      "Node Type": "Hash Join",
                                      "Parent Relationship": "Outer",
                                      "Parallel Aware": true,
                                      "Async Capable": false,
                                      "Join Type": "Inner",
                                      "Startup Cost": 38018.78,
                                      "Total Cost": 192380.53,
                                      "Plan Rows": 24119,
                                      "Plan Width": 16,
                                      "Inner Unique": true,
                                      "Hash Cond": "(lineitem.l_orderkey = orders.o_orderkey)",
                                      "Workers": [],
                                      "Plans": [
                                        {
                                          "Node Type": "Seq Scan",
                                          "Parent Relationship": "Outer",
                                          "Parallel Aware": true,
                                          "Async Capable": false,
                                          "Relation Name": "lineitem",
                                          "Alias": "lineitem",
                                          "Startup Cost": 0.0,
                                          "Total Cost": 152744.11,
                                          "Plan Rows": 616243,
                                          "Plan Width": 20,
                                          "Filter": "(l_returnflag = 'R'::bpchar)",
                                          "Rows Removed by Filter": 1507448,
                                          "Workers": []
                                        },
                                        {
                                          "Node Type": "Hash",
                                          "Parent Relationship": "Inner",
                                          "Parallel Aware": true,
                                          "Async Capable": false,
                                          "Startup Cost": 37713.0,
                                          "Total Cost": 37713.0,
                                          "Plan Rows": 24462,
                                          "Plan Width": 12,
                                          "Hash Buckets": 65536,
                                          "Original Hash Buckets": 65536,
                                          "Hash Batches": 1,
                                          "Original Hash Batches": 1,
                                          "Peak Memory Usage": 3232,
                                          "Workers": [],
                                          "Plans": [
                                            {
                                              "Node Type": "Seq Scan",
                                              "Parent Relationship": "Outer",
                                              "Parallel Aware": true,
                                              "Async Capable": false,
                                              "Relation Name": "orders",
                                              "Alias": "orders",
                                              "Startup Cost": 0.0,
                                              "Total Cost": 37713.0,
                                              "Plan Rows": 24462,
                                              "Plan Width": 12,
                                              "Filter": "((o_orderdate >= '1995-01-01'::date) AND (o_orderdate <= '1995-03-31'::date))",
                                              "Rows Removed by Filter": 481165,
                                              "Workers": []
                                            }
                                          ]
                                        }
                                      ]
                                    }
                                  ]
                                }
                              ]
                            },
                            {
                              "Node Type": "Hash",
                              "Parent Relationship": "Inner",
                              "Parallel Aware": false,
                              "Async Capable": false,
                              "Startup Cost": 1.25,
                              "Total Cost": 1.25,
                              "Plan Rows": 25,
                              "Plan Width": 30,
                              "Hash Buckets": 1024,
                              "Original Hash Buckets": 1024,
                              "Hash Batches": 1,
                              "Original Hash Batches": 1,
                              "Peak Memory Usage": 10,
                              "Workers": [],
                              "Plans": [
                                {
                                  "Node Type": "Seq Scan",
                                  "Parent Relationship": "Outer",
                                  "Parallel Aware": false,
                                  "Async Capable": false,
                                  "Relation Name": "nation",
                                  "Alias": "nation",
                                  "Startup Cost": 0.0,
                                  "Total Cost": 1.25,
                                  "Plan Rows": 25,
                                  "Plan Width": 30,
                                  "Workers": []
                                }
                              ]
                            }
                          ]
                        }
                      ]
                    }
                  ]
                }
              ]
            }
          ]
        }
      ]
    }
  ]
}