{
  "Node Type": "Group",
  "Parallel Aware": false,
  "Async Capable": false,
  "Startup Cost": 216954.16,
  "Total Cost": 241044.09,
  "Plan Rows": 225097,
  "Plan Width": 43,
  "Group Key": [
    "(\"right\"((customer.c_address)::text, 5))",
    "part.p_brand"
  ],
  "Plans": [
    {
      "Node Type": "Gather Merge",
      "Parent Relationship": "Outer",
      "Parallel Aware": false,
      "Async Capable": false,
      "Startup Cost": 216954.16,
      "Total Cost": 239543.45,
      "Plan Rows": 187580,
      "Plan Width": 43,
      "Workers Planned": 2,
      "Workers Launched": 2,
      "Plans": [
        {
          "Node Type": "Group",
          "Parent Relationship": "Outer",
          "Parallel Aware": false,
          "Async Capable": false,
          "Startup Cost": 215954.14,
          "Total Cost": 216892.04,
          "Plan Rows": 93790,
          "Plan Width": 43,
          "Group Key": [
            "(\"right\"((customer.c_address)::text, 5))",
            "part.p_brand"
          ],
          "Workers": [],
          "Plans": [
            {
              "Node Type": "Sort",
              "Parent Relationship": "Outer",
              "Parallel Aware": false,
              "Async Capable": false,
              "Startup Cost": 215954.14,
              "Total Cost": 216188.61,
              "Plan Rows": 93790,
              "Plan Width": 43,
              "Sort Key": [
                "(\"right\"((customer.c_address)::text, 5))",
                "part.p_brand"
              ],
              "Sort Method": "quicksort",
              "Sort Space Used": 3034,
              "Sort Space Type": "Memory",
              "Workers": [
                {
                  "Worker Number": 0,
                  "Sort Method": "quicksort",
                  "Sort Space Used": 3021,
                  "Sort Space Type": "Memory"
                },
                {
                  "Worker Number": 1,
                  "Sort Method": "quicksort",
                  "Sort Space Used": 3061,
                  "Sort Space Type": "Memory"
                }
              ],
              "Plans": [
                {
                  "Node Type": "Hash Join",
                  "Parent Relationship": "Outer",
                  "Parallel Aware": true,
                  "Async Capable": false,
                  "Join Type": "Inner",
                  "Startup Cost": 50232.28,
                  "Total Cost": 205320.92,
                  "Plan Rows": 93790,
                  "Plan Width": 43,
                  "Inner Unique": true,
                  "Hash Cond": "(lineitem.l_partkey = part.p_partkey)",
                  "Workers": [],
                  "Plans": [
                    {
                      "Node Type": "Hash Join",
                      "Parent Relationship": "Outer",
                      "Parallel Aware": true,
                      "Async Capable": false,
                      "Join Type": "Inner",
                      "Startup Cost": 44053.29,
                      "Total Cost": 198661.25,
                      "Plan Rows": 93790,
                      "Plan Width": 29,
                      "Inner Unique": true,
                      "Hash Cond": "(orders.o_custkey = customer.c_custkey)",
                      "Workers": [],
                      "Plans": [
                        {
                          "Node Type": "Hash Join",
                          "Parent Relationship": "Outer",
                          "Parallel Aware": true,
                          "Async Capable": false,
                          "Join Type": "Inner",
                          "Startup Cost": 38902.04,
                          "Total Cost": 193263.79,
                          "Plan Rows": 93790,
                          "Plan Width": 8,
                          "Inner Unique": true,
                          "Hash Cond": "(lineitem.l_orderkey = orders.o_orderkey)",
                          "Workers": [],
                          "Plans": [
                            {
                              "Node Type": "Seq Scan",
                              "Parent Relationship": "Outer",
                              "Parallel Aware": true,
                              "Async Capable": false,
                              "Relation Name": "lineitem",
                              "Alias": "lineitem",
                              "Startup Cost": 0.0,
                              "Total Cost": 152744.11,
                              "Plan Rows": 616243,
                              "Plan Width": 12,
                              "Filter": "(l_returnflag = 'R'::bpchar)",
                              "Rows Removed by Filter": 1507448,
                              "Workers": []
                            },
                            {
                              "Node Type": "Hash",
                              "Parent Relationship": "Inner",
                              "Parallel Aware": true,
                              "Async Capable": false,
                              "Startup Cost": 37713.0,
                              "Total Cost": 37713.0,
                              "Plan Rows": 95123,
                              "Plan Width": 12,
                              "Hash Buckets": 262144,
                              "Original Hash Buckets": 262144,
                              "Hash Batches": 1,
                              "Original Hash Batches": 1,
                              "Peak Memory Usage": 12832,
                              "Workers": [],
                              "Plans": [
                                {
                                  "Node Type": "Seq Scan",
                                  "Parent Relationship": "Outer",
                                  "Parallel Aware": true,
                                  "Async Capable": false,
                                  "Relation Name": "orders",
                                  "Alias": "orders",
                                  "Startup Cost": 0.0,
                                  "Total Cost": 37713.0,
                                  "Plan Rows": 95123,
                                  "Plan Width": 12,
                                  "Filter": "((o_orderdate >= '1995-01-01'::date) AND (o_orderdate <= '1995-12-31'::date))",
                                  "Rows Removed by Filter": 423788,
                                  "Workers": []
                                }
                              ]
                            }
                          ]
                        },
                        {
                          "Node Type": "Hash",
                          "Parent Relationship": "Inner",
                          "Parallel Aware": true,
                          "Async Capable": false,
                          "Startup Cost": 4370.0,
                          "Total Cost": 4370.0,
                          "Plan Rows": 62500,
                          "Plan Width": 29,
                          "Hash Buckets": 262144,
                          "Original Hash Buckets": 262144,
                          "Hash Batches": 1,
                          "Original Hash Batches": 1,
                          "Peak Memory Usage": 11712,
                          "Workers": [],
                          "Plans": [
                            {
                              "Node Type": "Seq Scan",
                              "Parent Relationship": "Outer",
                              "Parallel Aware": true,
                              "Async Capable": false,
                              "Relation Name": "customer",
                              "Alias": "customer",
                              "Startup Cost": 0.0,
                              "Total Cost": 4370.0,
                              "Plan Rows": 62500,
                              "Plan Width": 29,
                              "Workers": []
                            }
                          ]
                        }
                      ]
                    },
                    {
                      "Node Type": "Hash",
                      "Parent Relationship": "Inner",
                      "Parallel Aware": true,
                      "Async Capable": false,
                      "Startup Cost": 5137.33,
                      "Total Cost": 5137.33,
                      "Plan Rows": 83333,
                      "Plan Width": 15,
                      "Hash Buckets": 262144,
                      "Original Hash Buckets": 262144,
                      "Hash Batches": 1,
                      "Original Hash Batches": 1,
                      "Peak Memory Usage": 11488,
                      "Workers": [],
                      "Plans": [
                        {
                          "Node Type": "Seq Scan",
                          "Parent Relationship": "Outer",
                          "Parallel Aware": true,
                          "Async Capable": false,
                          "Relation Name": "part",
                          "Alias": "part",
                          "Startup Cost": 0.0,
                          "Total Cost": 5137.33,
                          "Plan Rows": 83333,
                          "Plan Width": 15,
                          "Workers": []
                        }
                      ]
                    }
                  ]
                }
              ]
            }
          ]
        }
      ]
    }
  ]
}