{
  "Node Type": "Nested Loop",
  "Parallel Aware": false,
  "Async Capable": false,
  "Join Type": "Inner",
  "Startup Cost": 163925.94,
  "Total Cost": 164457.26,
  "Plan Rows": 50,
  "Plan Width": 103,
  "Inner Unique": true,
  "Plans": [
    {
      "Node Type": "Aggregate",
      "Strategy": "Sorted",
      "Partial Mode": "Finalize",
      "Parent Relationship": "InitPlan",
      "Subplan Name": "CTE revenue",
      "Parallel Aware": false,
      "Async Capable": false,
      "Startup Cost": 161098.67,
      "Total Cost": 163701.16,
      "Plan Rows": 9977,
      "Plan Width": 36,
      "Group Key": [
        "lineitem.l_suppkey"
      ],
      "Plans": [
        {
          "Node Type": "Gather Merge",
          "Parent Relationship": "Outer",
          "Parallel Aware": false,
          "Async Capable": false,
          "Startup Cost": 161098.67,
          "Total Cost": 163426.79,
          "Plan Rows": 19954,
          "Plan Width": 36,
          "Workers Planned": 2,
          "Workers Launched": 2,
          "Plans": [
            {
              "Node Type": "Sort",
              "Parent Relationship": "Outer",
              "Parallel Aware": false,
              "Async Capable": false,
              "Startup Cost": 160098.64,
              "Total Cost": 160123.58,
              "Plan Rows": 9977,
              "Plan Width": 36,
              "Sort Key": [
                "lineitem.l_suppkey"
              ],
              "Sort Method": "quicksort",
              "Sort Space Used": 1118,
              "Sort Space Type": "Memory",
              "Workers": [
                {
                  "Worker Number": 0,
                  "Sort Method": "quicksort",
                  "Sort Space Used": 1192,
                  "Sort Space Type": "Memory"
                },
                {
                  "Worker Number": 1,
                  "Sort Method": "quicksort",
                  "Sort Space Used": 1202,
                  "Sort Space Type": "Memory"
                }
              ],
              "Plans": [
                {
                  "Node Type": "Aggregate",
                  "Strategy": "Hashed",
                  "Partial Mode": "Partial",
                  "Parent Relationship": "Outer",
                  "Parallel Aware": false,
                  "Async Capable": false,
                  "Startup Cost": 159311.24,
                  "Total Cost": 159435.95,
                  "Plan Rows": 9977,
                  "Plan Width": 36,
                  "Group Key": [
                    "lineitem.l_suppkey"
                  ],
                  "Planned Partitions": 0,
                  "HashAgg Batches": 1,
                  "Peak Memory Usage": 3729,
                  "Disk Usage": 0,
                  "Workers": [
                    {
                      "Worker Number": 0,
                      "HashAgg Batches": 1,
                      "Peak Memory Usage": 3985,
                      "Disk Usage": 0
                    },
                    {
                      "Worker Number": 1,
                      "HashAgg Batches": 1,
                      "Peak Memory Usage": 3985,
                      "Disk Usage": 0
                    }
                  ],
                  "Plans": [
                    {
                      "Node Type": "Seq Scan",
                      "Parent Relationship": "Outer",
                      "Parallel Aware": true,
                      "Async Capable": false,
                      "Relation Name": "lineitem",
                      "Alias": "lineitem",
                      "Startup Cost": 0.0,
                      "Total Cost": 158995.74,
                      "Plan Rows": 31550,
                      "Plan Width": 16,
                      "Filter": "((l_shipdate >= '1995-01-01'::date) AND (l_shipdate < '1995-02-01 00:00:00'::timestamp without time zone))",
                      "Rows Removed by Filter": 1974620,
                      "Workers": []
                    }
                  ]
                }
              ]
            }
          ]
        }
      ]
    },
    {
      "Node Type": "Aggregate",
      "Strategy": "Plain",
      "Partial Mode": "Simple",
      "Parent Relationship": "InitPlan",
      "Subplan Name": "InitPlan 2",
      "Parallel Aware": false,
      "Async Capable": false,
      "Startup Cost": 224.48,
      "Total Cost": 224.49,
      "Plan Rows": 1,
      "Plan Width": 32,
      "Plans": [
        {
          "Node Type": "CTE Scan",
          "Parent Relationship": "Outer",
          "Parallel Aware": false,
          "Async Capable": false,
          "CTE Name": "revenue",
          "Alias": "revenue_1",
          "Startup Cost": 0.0,
          "Total Cost": 199.54,
          "Plan Rows": 9977,
          "Plan Width": 32
        }
      ]
    },
    {
      "Node Type": "CTE Scan",
      "Parent Relationship": "Outer",
      "Parallel Aware": false,
      "Async Capable": false,
      "CTE Name": "revenue",
      "Alias": "revenue",
      "Startup Cost": 0.0,
      "Total Cost": 224.48,
      "Plan Rows": 50,
      "Plan Width": 36,
      "Filter": "(total_revenue = (InitPlan 2).col1)",
      "Rows Removed by Filter": 9997
    },
    {
      "Node Type": "Index Scan",
      "Parent Relationship": "Inner",
      "Parallel Aware": false,
      "Async Capable": false,
      "Scan Direction": "Forward",
      "Index Name": "pk_supplier",
      "Relation Name": "supplier",
      "Alias": "supplier",
      "Startup Cost": 0.29,
      "Total Cost": 6.14,
      "Plan Rows": 1,
      "Plan Width": 71,
      "Index Cond": "(s_suppkey = revenue.supplier_no)",
      "Rows Removed by Index Recheck": 0
    }
  ]
}