{
  "Node Type": "Aggregate",
  "Strategy": "Sorted",
  "Partial Mode": "Finalize",
  "Parallel Aware": false,
  "Async Capable": false,
  "Startup Cost": 201069.61,
  "Total Cost": 201144.3,
  "Plan Rows": 558,
  "Plan Width": 90,
  "Group Key": [
    "nation.n_name",
    "(EXTRACT(year FROM orders.o_orderdate))"
  ],
  "Plans": [
    {
      "Node Type": "Gather Merge",
      "Parent Relationship": "Outer",
      "Parallel Aware": false,
      "Async Capable": false,
      "Startup Cost": 201069.61,
      "Total Cost": 201131.29,
      "Plan Rows": 464,
      "Plan Width": 90,
      "Workers Planned": 2,
      "Workers Launched": 2,
      "Plans": [
        {
          "Node Type": "Aggregate",
          "Strategy": "Sorted",
          "Partial Mode": "Partial",
          "Parent Relationship": "Outer",
          "Parallel Aware": false,
          "Async Capable": false,
          "Startup Cost": 200069.59,
          "Total Cost": 200077.71,
          "Plan Rows": 232,
          "Plan Width": 90,
          "Group Key": [
            "nation.n_name",
            "(EXTRACT(year FROM orders.o_orderdate))"
          ],
          "Workers": [],
          "Plans": [
            {
              "Node Type": "Sort",
              "Parent Relationship": "Outer",
              "Parallel Aware": false,
              "Async Capable": false,
              "Startup Cost": 200069.59,
              "Total Cost": 200070.17,
              "Plan Rows": 232,
              "Plan Width": 81,
              "Sort Key": [
                "nation.n_name",
                "(EXTRACT(year FROM orders.o_orderdate)) DESC"
              ],
              "Sort Method": "external merge",
              "Sort Space Used": 16560,
              "Sort Space Type": "Disk",
              "Workers": [
                {
                  "Worker Number": 0,
                  "Sort Method": "external merge",
                  "Sort Space Used": 31992,
                  "Sort Space Type": "Disk"
                },
                {
                  "Worker Number": 1,
                  "Sort Method": "external merge",
                  "Sort Space Used": 31064,
                  "Sort Space Type": "Disk"
                }
              ],
              "Plans": [
                {
                  "Node Type": "Nested Loop",
                  "Parent Relationship": "Outer",
                  "Parallel Aware": false,
                  "Async Capable": false,
                  "Join Type": "Inner",
                  "Startup Cost": 33068.27,
                  "Total Cost": 200060.47,
                  "Plan Rows": 232,
                  "Plan Width": 81,
                  "Inner Unique": true,
                  "Workers": [],
                  "Plans": [
                    {
                      "Node Type": "Hash Join",
                      "Parent Relationship": "Outer",
                      "Parallel Aware": false,
                      "Async Capable": false,
                      "Join Type": "Inner",
                      "Startup Cost": 33067.84,
                      "Total Cost": 199951.64,
                      "Plan Rows": 232,
                      "Plan Width": 57,
                      "Inner Unique": true,
                      "Hash Cond": "(supplier.s_nationkey = nation.n_nationkey)",
                      "Workers": [],
                      "Plans": [
                        {
                          "Node Type": "Nested Loop",
                          "Parent Relationship": "Outer",
                          "Parallel Aware": false,
                          "Async Capable": false,
                          "Join Type": "Inner",
                          "Startup Cost": 33066.28,
                          "Total Cost": 199949.36,
                          "Plan Rows": 232,
                          "Plan Width": 35,
                          "Inner Unique": true,
                          "Workers": [],
                          "Plans": [
                            {
                              "Node Type": "Hash Join",
                              "Parent Relationship": "Outer",
                              "Parallel Aware": true,
                              "Async Capable": false,
                              "Join Type": "Inner",
                              "Startup Cost": 33065.99,
                              "Total Cost": 199878.89,
                              "Plan Rows": 232,
                              "Plan Width": 39,
                              "Inner Unique": true,
                              "Hash Cond": "((part.p_partkey = partsupp.ps_partkey) AND (lineitem.l_suppkey = partsupp.ps_suppkey))",
                              "Workers": [],
                              "Plans": [
                                {
                                  "Node Type": "Hash Join",
                                  "Parent Relationship": "Outer",
                                  "Parallel Aware": true,
                                  "Async Capable": false,
                                  "Join Type": "Inner",
                                  "Startup Cost": 5587.67,
                                  "Total Cost": 158644.51,
                                  "Plan Rows": 580963,
                                  "Plan Width": 37,
                                  "Inner Unique": true,
                                  "Hash Cond": "(lineitem.l_partkey = part.p_partkey)",
                                  "Workers": [],
                                  "Plans": [
                                    {
                                      "Node Type": "Seq Scan",
                                      "Parent Relationship": "Outer",
                                      "Parallel Aware": true,
                                      "Async Capable": false,
                                      "Relation Name": "lineitem",
                                      "Alias": "lineitem",
                                      "Startup Cost": 0.0,
                                      "Total Cost": 146492.49,
                                      "Plan Rows": 2500649,
                                      "Plan Width": 33,
                                      "Workers": []
                                    },
                                    {
                                      "Node Type": "Hash",
                                      "Parent Relationship": "Inner",
                                      "Parallel Aware": true,
                                      "Async Capable": false,
                                      "Startup Cost": 5345.67,
                                      "Total Cost": 5345.67,
                                      "Plan Rows": 19360,
                                      "Plan Width": 4,
                                      "Hash Buckets": 65536,
                                      "Original Hash Buckets": 65536,
                                      "Hash Batches": 1,
                                      "Original Hash Batches": 1,
                                      "Peak Memory Usage": 2176,
                                      "Workers": [],
                                      "Plans": [
                                        {
                                          "Node Type": "Seq Scan",
                                          "Parent Relationship": "Outer",
                                          "Parallel Aware": true,
                                          "Async Capable": false,
                                          "Relation Name": "part",
                                          "Alias": "part",
                                          "Startup Cost": 0.0,
                                          "Total Cost": 5345.67,
                                          "Plan Rows": 19360,
                                          "Plan Width": 4,
                                          "Filter": "((p_name)::text ~~ '%co%'::text)",
                                          "Rows Removed by Filter": 53080,
                                          "Workers": []
                                        }
                                      ]
                                    }
                                  ]
                                },
                                {
                                  "Node Type": "Hash",
                                  "Parent Relationship": "Inner",
                                  "Parallel Aware": true,
                                  "Async Capable": false,
                                  "Startup Cost": 20850.33,
                                  "Total Cost": 20850.33,
                                  "Plan Rows": 333333,
                                  "Plan Width": 14,
                                  "Hash Buckets": 262144,
                                  "Original Hash Buckets": 262144,
                                  "Hash Batches": 8,
                                  "Original Hash Batches": 8,
                                  "Peak Memory Usage": 6784,
                                  "Workers": [],
                                  "Plans": [
                                    {
                                      "Node Type": "Seq Scan",
                                      "Parent Relationship": "Outer",
                                      "Parallel Aware": true,
                                      "Async Capable": false,
                                      "Relation Name": "partsupp",
                                      "Alias": "partsupp",
                                      "Startup Cost": 0.0,
                                      "Total Cost": 20850.33,
                                      "Plan Rows": 333333,
                                      "Plan Width": 14,
                                      "Workers": []
                                    }
                                  ]
                                }
                              ]
                            },
                            {
                              "Node Type": "Index Scan",
                              "Parent Relationship": "Inner",
                              "Parallel Aware": false,
                              "Async Capable": false,
                              "Scan Direction": "Forward",
                              "Index Name": "pk_supplier",
                              "Relation Name": "supplier",
                              "Alias": "supplier",
                              "Startup Cost": 0.29,
                              "Total Cost": 0.3,
                              "Plan Rows": 1,
                              "Plan Width": 8,
                              "Index Cond": "(s_suppkey = partsupp.ps_suppkey)",
                              "Rows Removed by Index Recheck": 0,
                              "Workers": []
                            }
                          ]
                        },
                        {
                          "Node Type": "Hash",
                          "Parent Relationship": "Inner",
                          "Parallel Aware": false,
                          "Async Capable": false,
                          "Startup Cost": 1.25,
                          "Total Cost": 1.25,
                          "Plan Rows": 25,
                          "Plan Width": 30,
                          "Hash Buckets": 1024,
                          "Original Hash Buckets": 1024,
                          "Hash Batches": 1,
                          "Original Hash Batches": 1,
                          "Peak Memory Usage": 10,
                          "Workers": [],
                          "Plans": [
                            {
                              "Node Type": "Seq Scan",
                              "Parent Relationship": "Outer",
                              "Parallel Aware": false,
                              "Async Capable": false,
                              "Relation Name": "nation",
                              "Alias": "nation",
                              "Startup Cost": 0.0,
                              "Total Cost": 1.25,
                              "Plan Rows": 25,
                              "Plan Width": 30,
                              "Workers": []
                            }
                          ]
                        }
                      ]
                    },
                    {
                      "Node Type": "Index Scan",
                      "Parent Relationship": "Inner",
                      "Parallel Aware": false,
                      "Async Capable": false,
                      "Scan Direction": "Forward",
                      "Index Name": "pk_orders",
                      "Relation Name": "orders",
                      "Alias": "orders",
                      "Startup Cost": 0.43,
                      "Total Cost": 0.47,
                      "Plan Rows": 1,
                      "Plan Width": 12,
                      "Index Cond": "(o_orderkey = lineitem.l_orderkey)",
                      "Rows Removed by Index Recheck": 0,
                      "Workers": []
                    }
                  ]
                }
              ]
            }
          ]
        }
      ]
    }
  ]
}