{
  "Node Type": "Sort",
  "Parallel Aware": false,
  "Async Capable": false,
  "Startup Cost": 33860.34,
  "Total Cost": 33910.34,
  "Plan Rows": 20000,
  "Plan Width": 44,
  "Sort Key": [
    "(count(*)) DESC",
    "part.p_brand",
    "part.p_type",
    "part.p_size"
  ],
  "Sort Method": "external merge",
  "Sort Space Used": 6104,
  "Sort Space Type": "Disk",
  "Plans": [
    {
      "Node Type": "Aggregate",
      "Strategy": "Hashed",
      "Partial Mode": "Finalize",
      "Parent Relationship": "Outer",
      "Parallel Aware": false,
      "Async Capable": false,
      "Startup Cost": 32231.57,
      "Total Cost": 32431.57,
      "Plan Rows": 20000,
      "Plan Width": 44,
      "Group Key": [
        "part.p_brand",
        "part.p_size",
        "part.p_type"
      ],
      "Planned Partitions": 0,
      "HashAgg Batches": 5,
      "Peak Memory Usage": 8241,
      "Disk Usage": 7088,
      "Plans": [
        {
          "Node Type": "Gather",
          "Parent Relationship": "Outer",
          "Parallel Aware": false,
          "Async Capable": false,
          "Startup Cost": 27631.57,
          "Total Cost": 31831.57,
          "Plan Rows": 40000,
          "Plan Width": 44,
          "Workers Planned": 2,
          "Workers Launched": 2,
          "Single Copy": false,
          "Plans": [
            {
              "Node Type": "Aggregate",
              "Strategy": "Hashed",
              "Partial Mode": "Partial",
              "Parent Relationship": "Outer",
              "Parallel Aware": false,
              "Async Capable": false,
              "Startup Cost": 26631.57,
              "Total Cost": 26831.57,
              "Plan Rows": 20000,
              "Plan Width": 44,
              "Group Key": [
                "part.p_brand",
                "part.p_size",
                "part.p_type"
              ],
              "Planned Partitions": 0,
              "HashAgg Batches": 1,
              "Peak Memory Usage": 4881,
              "Disk Usage": 0,
              "Workers": [
                {
                  "Worker Number": 0,
                  "HashAgg Batches": 5,
                  "Peak Memory Usage": 8241,
                  "Disk Usage": 1544
                },
                {
                  "Worker Number": 1,
                  "HashAgg Batches": 5,
                  "Peak Memory Usage": 8241,
                  "Disk Usage": 200
                }
              ],
              "Plans": [
                {
                  "Node Type": "Hash Join",
                  "Parent Relationship": "Outer",
                  "Parallel Aware": true,
                  "Async Capable": false,
                  "Join Type": "Inner",
                  "Startup Cost": 6674.3,
                  "Total Cost": 23714.65,
                  "Plan Rows": 291692,
                  "Plan Width": 36,
                  "Inner Unique": true,
                  "Hash Cond": "(partsupp.ps_partkey = part.p_partkey)",
                  "Workers": [],
                  "Plans": [
                    {
                      "Node Type": "Index Only Scan",
                      "Parent Relationship": "Outer",
                      "Parallel Aware": true,
                      "Async Capable": false,
                      "Scan Direction": "Forward",
                      "Index Name": "pk_partsupp",
                      "Relation Name": "partsupp",
                      "Alias": "partsupp",
                      "Startup Cost": 0.42,
                      "Total Cost": 16165.76,
                      "Plan Rows": 333333,
                      "Plan Width": 4,
                      "Heap Fetches": 0,
                      "Workers": []
                    },
                    {
                      "Node Type": "Hash",
                      "Parent Relationship": "Inner",
                      "Parallel Aware": true,
                      "Async Capable": false,
                      "Startup Cost": 5762.33,
                      "Total Cost": 5762.33,
                      "Plan Rows": 72923,
                      "Plan Width": 40,
                      "Hash Buckets": 262144,
                      "Original Hash Buckets": 262144,
                      "Hash Batches": 1,
                      "Original Hash Batches": 1,
                      "Peak Memory Usage": 15136,
                      "Workers": [],
                      "Plans": [
                        {
                          "Node Type": "Seq Scan",
                          "Parent Relationship": "Outer",
                          "Parallel Aware": true,
                          "Async Capable": false,
                          "Relation Name": "part",
                          "Alias": "part",
                          "Startup Cost": 0.0,
                          "Total Cost": 5762.33,
                          "Plan Rows": 72923,
                          "Plan Width": 40,
                          "Filter": "((p_size >= 4) AND ((p_type)::text !~~ 'SMALL PLATED%'::text) AND (p_brand <> 'Brand#45'::bpchar))",
                          "Rows Removed by Filter": 8577,
                          "Workers": []
                        }
                      ]
                    }
                  ]
                }
              ]
            }
          ]
        }
      ]
    }
  ]
}