{
  "Node Type": "Limit",
  "Parallel Aware": false,
  "Async Capable": false,
  "Startup Cost": 76963.6,
  "Total Cost": 76963.72,
  "Plan Rows": 50,
  "Plan Width": 52,
  "Plans": [
    {
      "Node Type": "Sort",
      "Parent Relationship": "Outer",
      "Parallel Aware": false,
      "Async Capable": false,
      "Startup Cost": 76963.6,
      "Total Cost": 78963.6,
      "Plan Rows": 800000,
      "Plan Width": 52,
      "Sort Key": [
        "partsupp.ps_supplycost"
      ],
      "Sort Method": "top-N heapsort",
      "Sort Space Used": 29,
      "Sort Space Type": "Memory",
      "Plans": [
        {
          "Node Type": "Hash Join",
          "Parent Relationship": "Outer",
          "Parallel Aware": false,
          "Async Capable": false,
          "Join Type": "Full",
          "Startup Cost": 9999.04,
          "Total Cost": 50388.17,
          "Plan Rows": 800000,
          "Plan Width": 52,
          "Inner Unique": true,
          "Hash Cond": "(supplier.s_nationkey = nation.n_nationkey)",
          "Join Filter": "(nation.n_regionkey > 3)",
          "Rows Removed by Join Filter": 172640,
          "Plans": [
            {
              "Node Type": "Hash Join",
              "Parent Relationship": "Outer",
              "Parallel Aware": false,
              "Async Capable": false,
              "Join Type": "Left",
              "Startup Cost": 9997.48,
              "Total Cost": 48199.41,
              "Plan Rows": 800000,
              "Plan Width": 30,
              "Inner Unique": true,
              "Hash Cond": "(partsupp.ps_suppkey = supplier.s_suppkey)",
              "Plans": [
                {
                  "Node Type": "Hash Join",
                  "Parent Relationship": "Outer",
                  "Parallel Aware": false,
                  "Async Capable": false,
                  "Join Type": "Left",
                  "Startup Cost": 9615.84,
                  "Total Cost": 45716.88,
                  "Plan Rows": 800000,
                  "Plan Width": 14,
                  "Inner Unique": true,
                  "Hash Cond": "(partsupp.ps_partkey = part.p_partkey)",
                  "Plans": [
                    {
                      "Node Type": "Seq Scan",
                      "Parent Relationship": "Outer",
                      "Parallel Aware": false,
                      "Async Capable": false,
                      "Relation Name": "partsupp",
                      "Alias": "partsupp",
                      "Startup Cost": 0.0,
                      "Total Cost": 25517.0,
                      "Plan Rows": 800000,
                      "Plan Width": 14
                    },
                    {
                      "Node Type": "Hash",
                      "Parent Relationship": "Inner",
                      "Parallel Aware": false,
                      "Async Capable": false,
                      "Startup Cost": 6804.0,
                      "Total Cost": 6804.0,
                      "Plan Rows": 171347,
                      "Plan Width": 8,
                      "Hash Buckets": 262144,
                      "Original Hash Buckets": 262144,
                      "Hash Batches": 2,
                      "Original Hash Batches": 2,
                      "Peak Memory Usage": 5413,
                      "Plans": [
                        {
                          "Node Type": "Seq Scan",
                          "Parent Relationship": "Outer",
                          "Parallel Aware": false,
                          "Async Capable": false,
                          "Relation Name": "part",
                          "Alias": "part",
                          "Startup Cost": 0.0,
                          "Total Cost": 6804.0,
                          "Plan Rows": 171347,
                          "Plan Width": 8,
                          "Filter": "(p_size > 7)",
                          "Rows Removed by Filter": 28314
                        }
                      ]
                    }
                  ]
                },
                {
                  "Node Type": "Hash",
                  "Parent Relationship": "Inner",
                  "Parallel Aware": false,
                  "Async Capable": false,
                  "Startup Cost": 348.0,
                  "Total Cost": 348.0,
                  "Plan Rows": 2691,
                  "Plan Width": 24,
                  "Hash Buckets": 4096,
                  "Original Hash Buckets": 4096,
                  "Hash Batches": 1,
                  "Original Hash Batches": 1,
                  "Peak Memory Usage": 180,
                  "Plans": [
                    {
                      "Node Type": "Seq Scan",
                      "Parent Relationship": "Outer",
                      "Parallel Aware": false,
                      "Async Capable": false,
                      "Relation Name": "supplier",
                      "Alias": "supplier",
                      "Startup Cost": 0.0,
                      "Total Cost": 348.0,
                      "Plan Rows": 2691,
                      "Plan Width": 24,
                      "Filter": "(s_acctbal < '2000'::numeric)",
                      "Rows Removed by Filter": 7309
                    }
                  ]
                }
              ]
            },
            {
              "Node Type": "Hash",
              "Parent Relationship": "Inner",
              "Parallel Aware": false,
              "Async Capable": false,
              "Startup Cost": 1.25,
              "Total Cost": 1.25,
              "Plan Rows": 25,
              "Plan Width": 34,
              "Hash Buckets": 1024,
              "Original Hash Buckets": 1024,
              "Hash Batches": 1,
              "Original Hash Batches": 1,
              "Peak Memory Usage": 10,
              "Plans": [
                {
                  "Node Type": "Seq Scan",
                  "Parent Relationship": "Outer",
                  "Parallel Aware": false,
                  "Async Capable": false,
                  "Relation Name": "nation",
                  "Alias": "nation",
                  "Startup Cost": 0.0,
                  "Total Cost": 1.25,
                  "Plan Rows": 25,
                  "Plan Width": 34
                }
              ]
            }
          ]
        }
      ]
    }
  ]
}