{
  "Node Type": "Aggregate",
  "Strategy": "Plain",
  "Partial Mode": "Finalize",
  "Parallel Aware": false,
  "Async Capable": false,
  "Startup Cost": 166809.92,
  "Total Cost": 166809.93,
  "Plan Rows": 1,
  "Plan Width": 32,
  "Plans": [
    {
      "Node Type": "Gather",
      "Parent Relationship": "Outer",
      "Parallel Aware": false,
      "Async Capable": false,
      "Startup Cost": 166809.68,
      "Total Cost": 166809.89,
      "Plan Rows": 2,
      "Plan Width": 64,
      "Workers Planned": 2,
      "Workers Launched": 2,
      "Single Copy": false,
      "Plans": [
        {
          "Node Type": "Aggregate",
          "Strategy": "Plain",
          "Partial Mode": "Partial",
          "Parent Relationship": "Outer",
          "Parallel Aware": false,
          "Async Capable": false,
          "Startup Cost": 165809.68,
          "Total Cost": 165809.69,
          "Plan Rows": 1,
          "Plan Width": 64,
          "Workers": [],
          "Plans": [
            {
              "Node Type": "Hash Join",
              "Parent Relationship": "Outer",
              "Parallel Aware": true,
              "Async Capable": false,
              "Join Type": "Inner",
              "Startup Cost": 6179.0,
              "Total Cost": 165257.55,
              "Plan Rows": 31550,
              "Plan Width": 33,
              "Inner Unique": true,
              "Hash Cond": "(lineitem.l_partkey = part.p_partkey)",
              "Workers": [],
              "Plans": [
                {
                  "Node Type": "Seq Scan",
                  "Parent Relationship": "Outer",
                  "Parallel Aware": true,
                  "Async Capable": false,
                  "Relation Name": "lineitem",
                  "Alias": "lineitem",
                  "Startup Cost": 0.0,
                  "Total Cost": 158995.74,
                  "Plan Rows": 31550,
                  "Plan Width": 16,
                  "Filter": "((l_shipdate >= '1995-01-01'::date) AND (l_shipdate < '1995-02-01 00:00:00'::timestamp without time zone))",
                  "Rows Removed by Filter": 1974620,
                  "Workers": []
                },
                {
                  "Node Type": "Hash",
                  "Parent Relationship": "Inner",
                  "Parallel Aware": true,
                  "Async Capable": false,
                  "Startup Cost": 5137.33,
                  "Total Cost": 5137.33,
                  "Plan Rows": 83333,
                  "Plan Width": 25,
                  "Hash Buckets": 262144,
                  "Original Hash Buckets": 262144,
                  "Hash Batches": 1,
                  "Original Hash Batches": 1,
                  "Peak Memory Usage": 14144,
                  "Workers": [],
                  "Plans": [
                    {
                      "Node Type": "Seq Scan",
                      "Parent Relationship": "Outer",
                      "Parallel Aware": true,
                      "Async Capable": false,
                      "Relation Name": "part",
                      "Alias": "part",
                      "Startup Cost": 0.0,
                      "Total Cost": 5137.33,
                      "Plan Rows": 83333,
                      "Plan Width": 25,
                      "Workers": []
                    }
                  ]
                }
              ]
            }
          ]
        }
      ]
    }
  ]
}