{
  "Node Type": "Append",
  "Parallel Aware": false,
  "Async Capable": false,
  "Startup Cost": 0.42,
  "Total Cost": 32889.59,
  "Plan Rows": 26,
  "Plan Width": 36,
  "Subplans Removed": 0,
  "Plans": [
    {
      "Node Type": "Limit",
      "Parent Relationship": "Member",
      "Parallel Aware": false,
      "Async Capable": false,
      "Startup Cost": 0.42,
      "Total Cost": 8.69,
      "Plan Rows": 5,
      "Plan Width": 23,
      "Plans": [
        {
          "Node Type": "Nested Loop",
          "Parent Relationship": "Outer",
          "Parallel Aware": false,
          "Async Capable": false,
          "Join Type": "Inner",
          "Startup Cost": 0.42,
          "Total Cost": 9918.74,
          "Plan Rows": 6000,
          "Plan Width": 23,
          "Inner Unique": true,
          "Join Filter": "(nation.n_nationkey = customer.c_nationkey)",
          "Rows Removed by Join Filter": 106,
          "Plans": [
            {
              "Node Type": "Index Scan",
              "Parent Relationship": "Outer",
              "Parallel Aware": false,
              "Async Capable": false,
              "Scan Direction": "Backward",
              "Index Name": "pk_customer",
              "Relation Name": "customer",
              "Alias": "customer",
              "Startup Cost": 0.42,
              "Total Cost": 7667.43,
              "Plan Rows": 150000,
              "Plan Width": 27
            },
            {
              "Node Type": "Materialize",
              "Parent Relationship": "Inner",
              "Parallel Aware": false,
              "Async Capable": false,
              "Startup Cost": 0.0,
              "Total Cost": 1.32,
              "Plan Rows": 1,
              "Plan Width": 4,
              "Plans": [
                {
                  "Node Type": "Seq Scan",
                  "Parent Relationship": "Outer",
                  "Parallel Aware": false,
                  "Async Capable": false,
                  "Relation Name": "nation",
                  "Alias": "nation",
                  "Startup Cost": 0.0,
                  "Total Cost": 1.31,
                  "Plan Rows": 1,
                  "Plan Width": 4,
                  "Filter": "(n_name = 'UNITED STATES'::bpchar)",
                  "Rows Removed by Filter": 24
                }
              ]
            }
          ]
        }
      ]
    },
    {
      "Node Type": "Subquery Scan",
      "Parent Relationship": "Member",
      "Parallel Aware": false,
      "Async Capable": false,
      "Alias": "*SELECT* 2",
      "Startup Cost": 0.29,
      "Total Cost": 10.08,
      "Plan Rows": 6,
      "Plan Width": 36,
      "Plans": [
        {
          "Node Type": "Limit",
          "Parent Relationship": "Subquery",
          "Parallel Aware": false,
          "Async Capable": false,
          "Startup Cost": 0.29,
          "Total Cost": 10.0,
          "Plan Rows": 6,
          "Plan Width": 30,
          "Plans": [
            {
              "Node Type": "Nested Loop",
              "Parent Relationship": "Outer",
              "Parallel Aware": false,
              "Async Capable": false,
              "Join Type": "Inner",
              "Startup Cost": 0.29,
              "Total Cost": 648.09,
              "Plan Rows": 400,
              "Plan Width": 30,
              "Inner Unique": true,
              "Join Filter": "(nation_1.n_nationkey = supplier.s_nationkey)",
              "Rows Removed by Join Filter": 199,
              "Plans": [
                {
                  "Node Type": "Index Scan",
                  "Parent Relationship": "Outer",
                  "Parallel Aware": false,
                  "Async Capable": false,
                  "Scan Direction": "Forward",
                  "Index Name": "pk_supplier",
                  "Relation Name": "supplier",
                  "Alias": "supplier",
                  "Startup Cost": 0.29,
                  "Total Cost": 496.78,
                  "Plan Rows": 10000,
                  "Plan Width": 34
                },
                {
                  "Node Type": "Materialize",
                  "Parent Relationship": "Inner",
                  "Parallel Aware": false,
                  "Async Capable": false,
                  "Startup Cost": 0.0,
                  "Total Cost": 1.32,
                  "Plan Rows": 1,
                  "Plan Width": 4,
                  "Plans": [
                    {
                      "Node Type": "Seq Scan",
                      "Parent Relationship": "Outer",
                      "Parallel Aware": false,
                      "Async Capable": false,
                      "Relation Name": "nation",
                      "Alias": "nation_1",
                      "Startup Cost": 0.0,
                      "Total Cost": 1.31,
                      "Plan Rows": 1,
                      "Plan Width": 4,
                      "Filter": "(n_name = 'CANADA'::bpchar)",
                      "Rows Removed by Filter": 24
                    }
                  ]
                }
              ]
            }
          ]
        }
      ]
    },
    {
      "Node Type": "Limit",
      "Parent Relationship": "Member",
      "Parallel Aware": false,
      "Async Capable": false,
      "Startup Cost": 0.42,
      "Total Cost": 26469.94,
      "Plan Rows": 7,
      "Plan Width": 37,
      "Plans": [
        {
          "Node Type": "Nested Loop",
          "Parent Relationship": "Outer",
          "Parallel Aware": false,
          "Async Capable": false,
          "Join Type": "Inner",
          "Startup Cost": 0.42,
          "Total Cost": 13692835070.84,
          "Plan Rows": 3621140,
          "Plan Width": 37,
          "Inner Unique": false,
          "Join Filter": "(part.p_partkey = lineitem.l_partkey)",
          "Rows Removed by Join Filter": 1363683,
          "Plans": [
            {
              "Node Type": "Index Scan",
              "Parent Relationship": "Outer",
              "Parallel Aware": false,
              "Async Capable": false,
              "Scan Direction": "Backward",
              "Index Name": "pk_part",
              "Relation Name": "part",
              "Alias": "part",
              "Startup Cost": 0.42,
              "Total Cost": 9512.52,
              "Plan Rows": 200000,
              "Plan Width": 37
            },
            {
              "Node Type": "Materialize",
              "Parent Relationship": "Inner",
              "Parallel Aware": false,
              "Async Capable": false,
              "Startup Cost": 0.0,
              "Total Cost": 228757.18,
              "Plan Rows": 3621140,
              "Plan Width": 4,
              "Plans": [
                {
                  "Node Type": "Seq Scan",
                  "Parent Relationship": "Outer",
                  "Parallel Aware": false,
                  "Async Capable": false,
                  "Relation Name": "lineitem",
                  "Alias": "lineitem",
                  "Startup Cost": 0.0,
                  "Total Cost": 196505.48,
                  "Plan Rows": 3621140,
                  "Plan Width": 4,
                  "Filter": "(l_quantity > '20'::numeric)",
                  "Rows Removed by Filter": 905723
                }
              ]
            }
          ]
        }
      ]
    },
    {
      "Node Type": "Limit",
      "Parent Relationship": "Member",
      "Parallel Aware": false,
      "Async Capable": false,
      "Startup Cost": 0.84,
      "Total Cost": 6400.75,
      "Plan Rows": 8,
      "Plan Width": 37,
      "Plans": [
        {
          "Node Type": "Nested Loop",
          "Parent Relationship": "Outer",
          "Parallel Aware": false,
          "Async Capable": false,
          "Join Type": "Inner",
          "Startup Cost": 0.84,
          "Total Cost": 63999.94,
          "Plan Rows": 80,
          "Plan Width": 37,
          "Inner Unique": true,
          "Plans": [
            {
              "Node Type": "Index Scan",
              "Parent Relationship": "Outer",
              "Parallel Aware": false,
              "Async Capable": false,
              "Scan Direction": "Forward",
              "Index Name": "pk_partsupp",
              "Relation Name": "partsupp",
              "Alias": "partsupp",
              "Startup Cost": 0.42,
              "Total Cost": 63344.94,
              "Plan Rows": 80,
              "Plan Width": 4,
              "Filter": "(ps_supplycost >= '1000'::numeric)",
              "Rows Removed by Filter": 799994
            },
            {
              "Node Type": "Index Scan",
              "Parent Relationship": "Inner",
              "Parallel Aware": false,
              "Async Capable": false,
              "Scan Direction": "Forward",
              "Index Name": "pk_part",
              "Relation Name": "part",
              "Alias": "part_1",
              "Startup Cost": 0.42,
              "Total Cost": 8.19,
              "Plan Rows": 1,
              "Plan Width": 37,
              "Index Cond": "(p_partkey = partsupp.ps_partkey)",
              "Rows Removed by Index Recheck": 0
            }
          ]
        }
      ]
    }
  ]
}