{
  "Node Type": "Append",
  "Parallel Aware": false,
  "Async Capable": false,
  "Startup Cost": 42074.6,
  "Total Cost": 42081.9,
  "Plan Rows": 25,
  "Plan Width": 33,
  "Subplans Removed": 0,
  "Plans": [
    {
      "Node Type": "Limit",
      "Parent Relationship": "Member",
      "Parallel Aware": false,
      "Async Capable": false,
      "Startup Cost": 42074.6,
      "Total Cost": 42076.93,
      "Plan Rows": 20,
      "Plan Width": 38,
      "Plans": [
        {
          "Node Type": "Gather Merge",
          "Parent Relationship": "Outer",
          "Parallel Aware": false,
          "Async Capable": false,
          "Startup Cost": 42074.6,
          "Total Cost": 42078.1,
          "Plan Rows": 30,
          "Plan Width": 38,
          "Workers Planned": 2,
          "Workers Launched": 2,
          "Plans": [
            {
              "Node Type": "Sort",
              "Parent Relationship": "Outer",
              "Parallel Aware": false,
              "Async Capable": false,
              "Startup Cost": 41074.57,
              "Total Cost": 41074.61,
              "Plan Rows": 15,
              "Plan Width": 38,
              "Sort Key": [
                "orders.o_orderkey"
              ],
              "Sort Method": "top-N heapsort",
              "Sort Space Used": 26,
              "Sort Space Type": "Memory",
              "Workers": [
                {
                  "Worker Number": 0,
                  "Sort Method": "top-N heapsort",
                  "Sort Space Used": 26,
                  "Sort Space Type": "Memory"
                },
                {
                  "Worker Number": 1,
                  "Sort Method": "top-N heapsort",
                  "Sort Space Used": 26,
                  "Sort Space Type": "Memory"
                }
              ],
              "Plans": [
                {
                  "Node Type": "Hash Join",
                  "Parent Relationship": "Outer",
                  "Parallel Aware": false,
                  "Async Capable": false,
                  "Join Type": "Inner",
                  "Startup Cost": 4527.89,
                  "Total Cost": 41074.28,
                  "Plan Rows": 15,
                  "Plan Width": 38,
                  "Inner Unique": true,
                  "Hash Cond": "(customer.c_nationkey = nation.n_nationkey)",
                  "Workers": [],
                  "Plans": [
                    {
                      "Node Type": "Hash Join",
                      "Parent Relationship": "Outer",
                      "Parallel Aware": true,
                      "Async Capable": false,
                      "Join Type": "Inner",
                      "Startup Cost": 4526.32,
                      "Total Cost": 41072.67,
                      "Plan Rows": 15,
                      "Plan Width": 16,
                      "Inner Unique": true,
                      "Hash Cond": "(orders.o_custkey = customer.c_custkey)",
                      "Workers": [],
                      "Plans": [
                        {
                          "Node Type": "Seq Scan",
                          "Parent Relationship": "Outer",
                          "Parallel Aware": true,
                          "Async Capable": false,
                          "Relation Name": "orders",
                          "Alias": "orders",
                          "Startup Cost": 0.0,
                          "Total Cost": 36150.5,
                          "Plan Rows": 150793,
                          "Plan Width": 16,
                          "Filter": "(o_orderdate >= '1997-01-01'::date)",
                          "Rows Removed by Filter": 379531,
                          "Workers": []
                        },
                        {
                          "Node Type": "Hash",
                          "Parent Relationship": "Inner",
                          "Parallel Aware": true,
                          "Async Capable": false,
                          "Startup Cost": 4526.25,
                          "Total Cost": 4526.25,
                          "Plan Rows": 6,
                          "Plan Width": 8,
                          "Hash Buckets": 1024,
                          "Original Hash Buckets": 1024,
                          "Hash Batches": 1,
                          "Original Hash Batches": 1,
                          "Peak Memory Usage": 40,
                          "Workers": [],
                          "Plans": [
                            {
                              "Node Type": "Seq Scan",
                              "Parent Relationship": "Outer",
                              "Parallel Aware": true,
                              "Async Capable": false,
                              "Relation Name": "customer",
                              "Alias": "customer",
                              "Startup Cost": 0.0,
                              "Total Cost": 4526.25,
                              "Plan Rows": 6,
                              "Plan Width": 8,
                              "Filter": "((c_name)::text ~~ '%0001248%'::text)",
                              "Rows Removed by Filter": 149889,
                              "Workers": []
                            }
                          ]
                        }
                      ]
                    },
                    {
                      "Node Type": "Hash",
                      "Parent Relationship": "Inner",
                      "Parallel Aware": false,
                      "Async Capable": false,
                      "Startup Cost": 1.25,
                      "Total Cost": 1.25,
                      "Plan Rows": 25,
                      "Plan Width": 30,
                      "Hash Buckets": 1024,
                      "Original Hash Buckets": 1024,
                      "Hash Batches": 1,
                      "Original Hash Batches": 1,
                      "Peak Memory Usage": 10,
                      "Workers": [],
                      "Plans": [
                        {
                          "Node Type": "Seq Scan",
                          "Parent Relationship": "Outer",
                          "Parallel Aware": false,
                          "Async Capable": false,
                          "Relation Name": "nation",
                          "Alias": "nation",
                          "Startup Cost": 0.0,
                          "Total Cost": 1.25,
                          "Plan Rows": 25,
                          "Plan Width": 30,
                          "Workers": []
                        }
                      ]
                    }
                  ]
                }
              ]
            }
          ]
        }
      ]
    },
    {
      "Node Type": "Limit",
      "Parent Relationship": "Member",
      "Parallel Aware": false,
      "Async Capable": false,
      "Startup Cost": 2.15,
      "Total Cost": 4.85,
      "Plan Rows": 5,
      "Plan Width": 14,
      "Plans": [
        {
          "Node Type": "Merge Join",
          "Parent Relationship": "Outer",
          "Parallel Aware": false,
          "Async Capable": false,
          "Join Type": "Inner",
          "Startup Cost": 2.15,
          "Total Cost": 585365.74,
          "Plan Rows": 1083161,
          "Plan Width": 14,
          "Inner Unique": true,
          "Merge Cond": "(lineitem.l_orderkey = orders_1.o_orderkey)",
          "Plans": [
            {
              "Node Type": "Index Scan",
              "Parent Relationship": "Outer",
              "Parallel Aware": false,
              "Async Capable": false,
              "Scan Direction": "Forward",
              "Index Name": "pk_lineitem",
              "Relation Name": "lineitem",
              "Alias": "lineitem",
              "Startup Cost": 0.43,
              "Total Cost": 493357.85,
              "Plan Rows": 3616259,
              "Plan Width": 12,
              "Filter": "((l_quantity > '20'::numeric) AND (l_extendedprice > '1000'::numeric))",
              "Rows Removed by Filter": 3
            },
            {
              "Node Type": "Index Scan",
              "Parent Relationship": "Inner",
              "Parallel Aware": false,
              "Async Capable": false,
              "Scan Direction": "Forward",
              "Index Name": "pk_orders",
              "Relation Name": "orders",
              "Alias": "orders_1",
              "Startup Cost": 0.43,
              "Total Cost": 71052.42,
              "Plan Rows": 449288,
              "Plan Width": 10,
              "Filter": "(o_orderdate < '1994-01-01'::date)",
              "Rows Removed by Filter": 2
            }
          ]
        }
      ]
    }
  ]
}