{
  "Node Type": "Append",
  "Parallel Aware": false,
  "Async Capable": false,
  "Startup Cost": 0.43,
  "Total Cost": 13032.07,
  "Plan Rows": 40,
  "Plan Width": 30,
  "Subplans Removed": 0,
  "Plans": [
    {
      "Node Type": "Limit",
      "Parent Relationship": "Member",
      "Parallel Aware": false,
      "Async Capable": false,
      "Startup Cost": 0.43,
      "Total Cost": 28.12,
      "Plan Rows": 20,
      "Plan Width": 20,
      "Plans": [
        {
          "Node Type": "Index Scan",
          "Parent Relationship": "Outer",
          "Parallel Aware": false,
          "Async Capable": false,
          "Scan Direction": "Forward",
          "Index Name": "pk_lineitem",
          "Relation Name": "lineitem",
          "Alias": "lineitem",
          "Startup Cost": 0.43,
          "Total Cost": 508361.75,
          "Plan Rows": 367174,
          "Plan Width": 20,
          "Filter": "((l_shipdate >= '1994-01-01'::date) AND (l_shipdate < '1995-01-01'::date) AND (l_quantity > '30'::numeric))",
          "Rows Removed by Filter": 231
        }
      ]
    },
    {
      "Node Type": "Subquery Scan",
      "Parent Relationship": "Member",
      "Parallel Aware": false,
      "Async Capable": false,
      "Alias": "*SELECT* 2",
      "Startup Cost": 12949.13,
      "Total Cost": 13003.75,
      "Plan Rows": 20,
      "Plan Width": 18,
      "Plans": [
        {
          "Node Type": "Limit",
          "Parent Relationship": "Subquery",
          "Parallel Aware": false,
          "Async Capable": false,
          "Startup Cost": 12949.13,
          "Total Cost": 13003.5,
          "Plan Rows": 20,
          "Plan Width": 14,
          "Plans": [
            {
              "Node Type": "Nested Loop",
              "Parent Relationship": "Outer",
              "Parallel Aware": false,
              "Async Capable": false,
              "Join Type": "Inner",
              "Startup Cost": 12949.13,
              "Total Cost": 223117.1,
              "Plan Rows": 77317,
              "Plan Width": 14,
              "Inner Unique": true,
              "Plans": [
                {
                  "Node Type": "Nested Loop",
                  "Parent Relationship": "Outer",
                  "Parallel Aware": false,
                  "Async Capable": false,
                  "Join Type": "Inner",
                  "Startup Cost": 12948.84,
                  "Total Cost": 218141.71,
                  "Plan Rows": 77317,
                  "Plan Width": 14,
                  "Inner Unique": false,
                  "Plans": [
                    {
                      "Node Type": "Gather Merge",
                      "Parent Relationship": "Outer",
                      "Parallel Aware": false,
                      "Async Capable": false,
                      "Startup Cost": 12948.41,
                      "Total Cost": 36241.71,
                      "Plan Rows": 200000,
                      "Plan Width": 10,
                      "Workers Planned": 2,
                      "Workers Launched": 2,
                      "Plans": [
                        {
                          "Node Type": "Sort",
                          "Parent Relationship": "Outer",
                          "Parallel Aware": false,
                          "Async Capable": false,
                          "Startup Cost": 11948.39,
                          "Total Cost": 12156.72,
                          "Plan Rows": 83333,
                          "Plan Width": 10,
                          "Sort Key": [
                            "part.p_retailprice"
                          ],
                          "Sort Method": "external merge",
                          "Sort Space Used": 3168,
                          "Sort Space Type": "Disk",
                          "Workers": [
                            {
                              "Worker Number": 0,
                              "Sort Method": "quicksort",
                              "Sort Space Used": 3205,
                              "Sort Space Type": "Memory"
                            },
                            {
                              "Worker Number": 1,
                              "Sort Method": "quicksort",
                              "Sort Space Used": 25,
                              "Sort Space Type": "Memory"
                            }
                          ],
                          "Plans": [
                            {
                              "Node Type": "Seq Scan",
                              "Parent Relationship": "Outer",
                              "Parallel Aware": true,
                              "Async Capable": false,
                              "Relation Name": "part",
                              "Alias": "part",
                              "Startup Cost": 0.0,
                              "Total Cost": 5137.33,
                              "Plan Rows": 83333,
                              "Plan Width": 10,
                              "Workers": []
                            }
                          ]
                        }
                      ]
                    },
                    {
                      "Node Type": "Index Scan",
                      "Parent Relationship": "Inner",
                      "Parallel Aware": false,
                      "Async Capable": false,
                      "Scan Direction": "Forward",
                      "Index Name": "pk_partsupp",
                      "Relation Name": "partsupp",
                      "Alias": "partsupp",
                      "Startup Cost": 0.42,
                      "Total Cost": 0.9,
                      "Plan Rows": 1,
                      "Plan Width": 8,
                      "Index Cond": "(ps_partkey = part.p_partkey)",
                      "Rows Removed by Index Recheck": 0,
                      "Filter": "(ps_supplycost < '100'::numeric)",
                      "Rows Removed by Filter": 3
                    }
                  ]
                },
                {
                  "Node Type": "Memoize",
                  "Parent Relationship": "Inner",
                  "Parallel Aware": false,
                  "Async Capable": false,
                  "Startup Cost": 0.3,
                  "Total Cost": 0.31,
                  "Plan Rows": 1,
                  "Plan Width": 4,
                  "Cache Key": "partsupp.ps_suppkey",
                  "Cache Mode": "logical",
                  "Cache Hits": 0,
                  "Cache Misses": 20,
                  "Cache Evictions": 0,
                  "Cache Overflows": 0,
                  "Peak Memory Usage": 3,
                  "Plans": [
                    {
                      "Node Type": "Index Only Scan",
                      "Parent Relationship": "Outer",
                      "Parallel Aware": false,
                      "Async Capable": false,
                      "Scan Direction": "Forward",
                      "Index Name": "pk_supplier",
                      "Relation Name": "supplier",
                      "Alias": "supplier",
                      "Startup Cost": 0.29,
                      "Total Cost": 0.3,
                      "Plan Rows": 1,
                      "Plan Width": 4,
                      "Index Cond": "(s_suppkey = partsupp.ps_suppkey)",
                      "Rows Removed by Index Recheck": 0,
                      "Heap Fetches": 0
                    }
                  ]
                }
              ]
            }
          ]
        }
      ]
    }
  ]
}