{
  "Node Type": "Aggregate",
  "Strategy": "Sorted",
  "Partial Mode": "Finalize",
  "Parallel Aware": false,
  "Async Capable": false,
  "Startup Cost": 222004.47,
  "Total Cost": 222083.49,
  "Plan Rows": 7,
  "Plan Width": 19,
  "Group Key": [
    "l.l_shipmode"
  ],
  "Plans": [
    {
      "Node Type": "Gather Merge",
      "Parent Relationship": "Outer",
      "Parallel Aware": false,
      "Async Capable": false,
      "Startup Cost": 222004.47,
      "Total Cost": 222083.35,
      "Plan Rows": 14,
      "Plan Width": 19,
      "Workers Planned": 2,
      "Workers Launched": 2,
      "Plans": [
        {
          "Node Type": "Aggregate",
          "Strategy": "Sorted",
          "Partial Mode": "Partial",
          "Parent Relationship": "Outer",
          "Parallel Aware": false,
          "Async Capable": false,
          "Startup Cost": 221004.44,
          "Total Cost": 221081.71,
          "Plan Rows": 7,
          "Plan Width": 19,
          "Group Key": [
            "l.l_shipmode"
          ],
          "Workers": [],
          "Plans": [
            {
              "Node Type": "Sort",
              "Parent Relationship": "Outer",
              "Parallel Aware": false,
              "Async Capable": false,
              "Startup Cost": 221004.44,
              "Total Cost": 221030.17,
              "Plan Rows": 10293,
              "Plan Width": 11,
              "Sort Key": [
                "l.l_shipmode"
              ],
              "Sort Method": "quicksort",
              "Sort Space Used": 769,
              "Sort Space Type": "Memory",
              "Workers": [
                {
                  "Worker Number": 0,
                  "Sort Method": "quicksort",
                  "Sort Space Used": 1537,
                  "Sort Space Type": "Memory"
                },
                {
                  "Worker Number": 1,
                  "Sort Method": "quicksort",
                  "Sort Space Used": 1537,
                  "Sort Space Type": "Memory"
                }
              ],
              "Plans": [
                {
                  "Node Type": "Hash Join",
                  "Parent Relationship": "Outer",
                  "Parallel Aware": true,
                  "Async Capable": false,
                  "Join Type": "Inner",
                  "Startup Cost": 178219.56,
                  "Total Cost": 220318.45,
                  "Plan Rows": 10293,
                  "Plan Width": 11,
                  "Inner Unique": false,
                  "Hash Cond": "(o.o_orderkey = l.l_orderkey)",
                  "Join Filter": "(l.l_extendedprice <= o.o_totalprice)",
                  "Rows Removed by Join Filter": 64,
                  "Workers": [],
                  "Plans": [
                    {
                      "Node Type": "Seq Scan",
                      "Parent Relationship": "Outer",
                      "Parallel Aware": true,
                      "Async Capable": false,
                      "Relation Name": "orders",
                      "Alias": "o",
                      "Startup Cost": 0.0,
                      "Total Cost": 36150.5,
                      "Plan Rows": 514449,
                      "Plan Width": 16,
                      "Filter": "(o_totalprice > '60000'::numeric)",
                      "Rows Removed by Filter": 89975,
                      "Workers": []
                    },
                    {
                      "Node Type": "Hash",
                      "Parent Relationship": "Inner",
                      "Parallel Aware": true,
                      "Async Capable": false,
                      "Startup Cost": 177750.61,
                      "Total Cost": 177750.61,
                      "Plan Rows": 37516,
                      "Plan Width": 27,
                      "Hash Buckets": 131072,
                      "Original Hash Buckets": 131072,
                      "Hash Batches": 1,
                      "Original Hash Batches": 1,
                      "Peak Memory Usage": 7776,
                      "Workers": [],
                      "Plans": [
                        {
                          "Node Type": "Seq Scan",
                          "Parent Relationship": "Outer",
                          "Parallel Aware": true,
                          "Async Capable": false,
                          "Relation Name": "lineitem",
                          "Alias": "l",
                          "Startup Cost": 0.0,
                          "Total Cost": 177750.61,
                          "Plan Rows": 37516,
                          "Plan Width": 27,
                          "Filter": "((l_commitdate < l_receiptdate) AND (l_shipdate < l_commitdate) AND (l_receiptdate >= '1994-01-01'::date) AND (l_receiptdate <= '1994-12-31'::date) AND (l_extendedprice <= '70000'::numeric))",
                          "Rows Removed by Filter": 1968116,
                          "Workers": []
                        }
                      ]
                    }
                  ]
                }
              ]
            }
          ]
        }
      ]
    }
  ]
}