{
  "Node Type": "Limit",
  "Parallel Aware": false,
  "Async Capable": false,
  "Startup Cost": 200147.12,
  "Total Cost": 200147.13,
  "Plan Rows": 1,
  "Plan Width": 12,
  "Plans": [
    {
      "Node Type": "Sort",
      "Parent Relationship": "Outer",
      "Parallel Aware": false,
      "Async Capable": false,
      "Startup Cost": 200147.12,
      "Total Cost": 200147.13,
      "Plan Rows": 1,
      "Plan Width": 12,
      "Sort Key": [
        "li.l_orderkey"
      ],
      "Sort Method": "top-N heapsort",
      "Sort Space Used": 25,
      "Sort Space Type": "Memory",
      "Plans": [
        {
          "Node Type": "Nested Loop",
          "Parent Relationship": "Outer",
          "Parallel Aware": false,
          "Async Capable": false,
          "Join Type": "Inner",
          "Startup Cost": 29312.09,
          "Total Cost": 200147.11,
          "Plan Rows": 1,
          "Plan Width": 12,
          "Inner Unique": true,
          "Plans": [
            {
              "Node Type": "Gather",
              "Parent Relationship": "Outer",
              "Parallel Aware": false,
              "Async Capable": false,
              "Startup Cost": 29311.66,
              "Total Cost": 200146.38,
              "Plan Rows": 1,
              "Plan Width": 16,
              "Workers Planned": 2,
              "Workers Launched": 2,
              "Single Copy": false,
              "Plans": [
                {
                  "Node Type": "Hash Join",
                  "Parent Relationship": "Outer",
                  "Parallel Aware": true,
                  "Async Capable": false,
                  "Join Type": "Inner",
                  "Startup Cost": 28311.66,
                  "Total Cost": 199146.28,
                  "Plan Rows": 1,
                  "Plan Width": 16,
                  "Inner Unique": true,
                  "Hash Cond": "((li.l_partkey = ps.ps_partkey) AND (li.l_suppkey = ps.ps_suppkey) AND (li.l_linenumber = ps.ps_availqty))",
                  "Workers": [],
                  "Plans": [
                    {
                      "Node Type": "Seq Scan",
                      "Parent Relationship": "Outer",
                      "Parallel Aware": true,
                      "Async Capable": false,
                      "Relation Name": "lineitem",
                      "Alias": "li",
                      "Startup Cost": 0.0,
                      "Total Cost": 165247.36,
                      "Plan Rows": 202065,
                      "Plan Width": 24,
                      "Filter": "((l_commitdate <= l_receiptdate) AND (l_shipdate <= l_commitdate) AND (l_receiptdate > '1994-01-01'::date))",
                      "Rows Removed by Filter": 1802758,
                      "Workers": []
                    },
                    {
                      "Node Type": "Hash",
                      "Parent Relationship": "Inner",
                      "Parallel Aware": true,
                      "Async Capable": false,
                      "Startup Cost": 20850.33,
                      "Total Cost": 20850.33,
                      "Plan Rows": 333333,
                      "Plan Width": 12,
                      "Hash Buckets": 262144,
                      "Original Hash Buckets": 262144,
                      "Hash Batches": 8,
                      "Original Hash Batches": 8,
                      "Peak Memory Usage": 6816,
                      "Workers": [],
                      "Plans": [
                        {
                          "Node Type": "Seq Scan",
                          "Parent Relationship": "Outer",
                          "Parallel Aware": true,
                          "Async Capable": false,
                          "Relation Name": "partsupp",
                          "Alias": "ps",
                          "Startup Cost": 0.0,
                          "Total Cost": 20850.33,
                          "Plan Rows": 333333,
                          "Plan Width": 12,
                          "Workers": []
                        }
                      ]
                    }
                  ]
                }
              ]
            },
            {
              "Node Type": "Index Scan",
              "Parent Relationship": "Inner",
              "Parallel Aware": false,
              "Async Capable": false,
              "Scan Direction": "Forward",
              "Index Name": "pk_orders",
              "Relation Name": "orders",
              "Alias": "ord",
              "Startup Cost": 0.43,
              "Total Cost": 0.72,
              "Plan Rows": 1,
              "Plan Width": 12,
              "Index Cond": "(o_orderkey = li.l_orderkey)",
              "Rows Removed by Index Recheck": 0,
              "Filter": "((o_orderdate >= '1990-01-01'::date) AND (li.l_shipdate >= o_orderdate))",
              "Rows Removed by Filter": 0
            }
          ]
        }
      ]
    }
  ]
}