{
  "Node Type": "Aggregate",
  "Strategy": "Sorted",
  "Partial Mode": "Simple",
  "Parallel Aware": false,
  "Async Capable": false,
  "Startup Cost": 53135.98,
  "Total Cost": 53156.66,
  "Plan Rows": 752,
  "Plan Width": 72,
  "Group Key": [
    "(\"substring\"((c.c_phone)::text, 1, 2))"
  ],
  "Plans": [
    {
      "Node Type": "Sort",
      "Parent Relationship": "Outer",
      "Parallel Aware": false,
      "Async Capable": false,
      "Startup Cost": 53135.98,
      "Total Cost": 53137.86,
      "Plan Rows": 752,
      "Plan Width": 38,
      "Sort Key": [
        "(\"substring\"((c.c_phone)::text, 1, 2))"
      ],
      "Sort Method": "quicksort",
      "Sort Space Used": 392,
      "Sort Space Type": "Memory",
      "Plans": [
        {
          "Node Type": "Nested Loop",
          "Parent Relationship": "Outer",
          "Parallel Aware": false,
          "Async Capable": false,
          "Join Type": "Inner",
          "Startup Cost": 12647.55,
          "Total Cost": 53100.06,
          "Plan Rows": 752,
          "Plan Width": 38,
          "Inner Unique": false,
          "Join Filter": "(c.c_acctbal > (avg(customer.c_acctbal)))",
          "Rows Removed by Join Filter": 7702,
          "Plans": [
            {
              "Node Type": "Aggregate",
              "Strategy": "Plain",
              "Partial Mode": "Finalize",
              "Parent Relationship": "Outer",
              "Parallel Aware": false,
              "Async Capable": false,
              "Startup Cost": 6390.82,
              "Total Cost": 6390.83,
              "Plan Rows": 1,
              "Plan Width": 32,
              "Plans": [
                {
                  "Node Type": "Gather",
                  "Parent Relationship": "Outer",
                  "Parallel Aware": false,
                  "Async Capable": false,
                  "Startup Cost": 6390.6,
                  "Total Cost": 6390.81,
                  "Plan Rows": 2,
                  "Plan Width": 32,
                  "Workers Planned": 2,
                  "Workers Launched": 2,
                  "Single Copy": false,
                  "Plans": [
                    {
                      "Node Type": "Aggregate",
                      "Strategy": "Plain",
                      "Partial Mode": "Partial",
                      "Parent Relationship": "Outer",
                      "Parallel Aware": false,
                      "Async Capable": false,
                      "Startup Cost": 5390.6,
                      "Total Cost": 5390.61,
                      "Plan Rows": 1,
                      "Plan Width": 32,
                      "Workers": [],
                      "Plans": [
                        {
                          "Node Type": "Seq Scan",
                          "Parent Relationship": "Outer",
                          "Parallel Aware": true,
                          "Async Capable": false,
                          "Relation Name": "customer",
                          "Alias": "customer",
                          "Startup Cost": 0.0,
                          "Total Cost": 5385.62,
                          "Plan Rows": 1988,
                          "Plan Width": 6,
                          "Filter": "((c_acctbal > 0.00) AND (\"substring\"((c_phone)::text, 1, 2) = ANY ('{13,31,23,29,30,18,17}'::text[])))",
                          "Rows Removed by Filter": 37293,
                          "Workers": []
                        }
                      ]
                    }
                  ]
                }
              ]
            },
            {
              "Node Type": "Gather",
              "Parent Relationship": "Inner",
              "Parallel Aware": false,
              "Async Capable": false,
              "Startup Cost": 6256.73,
              "Total Cost": 46677.28,
              "Plan Rows": 2255,
              "Plan Width": 22,
              "Workers Planned": 2,
              "Workers Launched": 0,
              "Single Copy": false,
              "Plans": [
                {
                  "Node Type": "Hash Join",
                  "Parent Relationship": "Outer",
                  "Parallel Aware": true,
                  "Async Capable": false,
                  "Join Type": "Right Anti",
                  "Startup Cost": 5256.73,
                  "Total Cost": 45451.78,
                  "Plan Rows": 940,
                  "Plan Width": 22,
                  "Inner Unique": true,
                  "Hash Cond": "(o.o_custkey = c.c_custkey)",
                  "Workers": [],
                  "Plans": [
                    {
                      "Node Type": "Seq Scan",
                      "Parent Relationship": "Outer",
                      "Parallel Aware": true,
                      "Async Capable": false,
                      "Relation Name": "orders",
                      "Alias": "o",
                      "Startup Cost": 0.0,
                      "Total Cost": 34588.0,
                      "Plan Rows": 625000,
                      "Plan Width": 4,
                      "Workers": []
                    },
                    {
                      "Node Type": "Hash",
                      "Parent Relationship": "Inner",
                      "Parallel Aware": true,
                      "Async Capable": false,
                      "Startup Cost": 5229.38,
                      "Total Cost": 5229.38,
                      "Plan Rows": 2188,
                      "Plan Width": 26,
                      "Hash Buckets": 65536,
                      "Original Hash Buckets": 8192,
                      "Hash Batches": 1,
                      "Original Hash Batches": 1,
                      "Peak Memory Usage": 3616,
                      "Workers": [],
                      "Plans": [
                        {
                          "Node Type": "Seq Scan",
                          "Parent Relationship": "Outer",
                          "Parallel Aware": true,
                          "Async Capable": false,
                          "Relation Name": "customer",
                          "Alias": "c",
                          "Startup Cost": 0.0,
                          "Total Cost": 5229.38,
                          "Plan Rows": 2188,
                          "Plan Width": 26,
                          "Filter": "(\"substring\"((c_phone)::text, 1, 2) = ANY ('{13,31,23,29,30,18,17}'::text[]))",
                          "Rows Removed by Filter": 107985,
                          "Workers": []
                        }
                      ]
                    }
                  ]
                }
              ]
            }
          ]
        }
      ]
    }
  ]
}