{
  "Node Type": "Unique",
  "Parallel Aware": false,
  "Async Capable": false,
  "Startup Cost": 209653.99,
  "Total Cost": 232243.28,
  "Plan Rows": 150000,
  "Plan Width": 25,
  "Plans": [
    {
      "Node Type": "Gather Merge",
      "Parent Relationship": "Outer",
      "Parallel Aware": false,
      "Async Capable": false,
      "Startup Cost": 209653.99,
      "Total Cost": 231774.33,
      "Plan Rows": 187580,
      "Plan Width": 25,
      "Workers Planned": 2,
      "Workers Launched": 2,
      "Plans": [
        {
          "Node Type": "Unique",
          "Parent Relationship": "Outer",
          "Parallel Aware": false,
          "Async Capable": false,
          "Startup Cost": 208653.97,
          "Total Cost": 209122.92,
          "Plan Rows": 93790,
          "Plan Width": 25,
          "Workers": [],
          "Plans": [
            {
              "Node Type": "Sort",
              "Parent Relationship": "Outer",
              "Parallel Aware": false,
              "Async Capable": false,
              "Startup Cost": 208653.97,
              "Total Cost": 208888.44,
              "Plan Rows": 93790,
              "Plan Width": 25,
              "Sort Key": [
                "c.c_address"
              ],
              "Sort Method": "quicksort",
              "Sort Space Used": 1537,
              "Sort Space Type": "Memory",
              "Workers": [
                {
                  "Worker Number": 0,
                  "Sort Method": "quicksort",
                  "Sort Space Used": 1537,
                  "Sort Space Type": "Memory"
                },
                {
                  "Worker Number": 1,
                  "Sort Method": "quicksort",
                  "Sort Space Used": 1537,
                  "Sort Space Type": "Memory"
                }
              ],
              "Plans": [
                {
                  "Node Type": "Hash Join",
                  "Parent Relationship": "Outer",
                  "Parallel Aware": true,
                  "Async Capable": false,
                  "Join Type": "Inner",
                  "Startup Cost": 44053.29,
                  "Total Cost": 198661.25,
                  "Plan Rows": 93790,
                  "Plan Width": 25,
                  "Inner Unique": true,
                  "Hash Cond": "(o.o_custkey = c.c_custkey)",
                  "Workers": [],
                  "Plans": [
                    {
                      "Node Type": "Hash Join",
                      "Parent Relationship": "Outer",
                      "Parallel Aware": true,
                      "Async Capable": false,
                      "Join Type": "Inner",
                      "Startup Cost": 38902.04,
                      "Total Cost": 193263.79,
                      "Plan Rows": 93790,
                      "Plan Width": 4,
                      "Inner Unique": true,
                      "Hash Cond": "(l.l_orderkey = o.o_orderkey)",
                      "Workers": [],
                      "Plans": [
                        {
                          "Node Type": "Seq Scan",
                          "Parent Relationship": "Outer",
                          "Parallel Aware": true,
                          "Async Capable": false,
                          "Relation Name": "lineitem",
                          "Alias": "l",
                          "Startup Cost": 0.0,
                          "Total Cost": 152744.11,
                          "Plan Rows": 616243,
                          "Plan Width": 8,
                          "Filter": "(l_returnflag = 'R'::bpchar)",
                          "Rows Removed by Filter": 1507448,
                          "Workers": []
                        },
                        {
                          "Node Type": "Hash",
                          "Parent Relationship": "Inner",
                          "Parallel Aware": true,
                          "Async Capable": false,
                          "Startup Cost": 37713.0,
                          "Total Cost": 37713.0,
                          "Plan Rows": 95123,
                          "Plan Width": 12,
                          "Hash Buckets": 262144,
                          "Original Hash Buckets": 262144,
                          "Hash Batches": 1,
                          "Original Hash Batches": 1,
                          "Peak Memory Usage": 12832,
                          "Workers": [],
                          "Plans": [
                            {
                              "Node Type": "Seq Scan",
                              "Parent Relationship": "Outer",
                              "Parallel Aware": true,
                              "Async Capable": false,
                              "Relation Name": "orders",
                              "Alias": "o",
                              "Startup Cost": 0.0,
                              "Total Cost": 37713.0,
                              "Plan Rows": 95123,
                              "Plan Width": 12,
                              "Filter": "((o_orderdate >= '1995-01-01'::date) AND (o_orderdate <= '1995-12-31'::date))",
                              "Rows Removed by Filter": 423788,
                              "Workers": []
                            }
                          ]
                        }
                      ]
                    },
                    {
                      "Node Type": "Hash",
                      "Parent Relationship": "Inner",
                      "Parallel Aware": true,
                      "Async Capable": false,
                      "Startup Cost": 4370.0,
                      "Total Cost": 4370.0,
                      "Plan Rows": 62500,
                      "Plan Width": 29,
                      "Hash Buckets": 262144,
                      "Original Hash Buckets": 262144,
                      "Hash Batches": 1,
                      "Original Hash Batches": 1,
                      "Peak Memory Usage": 11712,
                      "Workers": [],
                      "Plans": [
                        {
                          "Node Type": "Seq Scan",
                          "Parent Relationship": "Outer",
                          "Parallel Aware": true,
                          "Async Capable": false,
                          "Relation Name": "customer",
                          "Alias": "c",
                          "Startup Cost": 0.0,
                          "Total Cost": 4370.0,
                          "Plan Rows": 62500,
                          "Plan Width": 29,
                          "Workers": []
                        }
                      ]
                    }
                  ]
                }
              ]
            }
          ]
        }
      ]
    }
  ]
}