{
  "Node Type": "Aggregate",
  "Strategy": "Sorted",
  "Partial Mode": "Finalize",
  "Parallel Aware": false,
  "Async Capable": false,
  "Startup Cost": 194913.47,
  "Total Cost": 194988.16,
  "Plan Rows": 558,
  "Plan Width": 90,
  "Group Key": [
    "n.n_name",
    "(EXTRACT(year FROM o.o_orderdate))"
  ],
  "Plans": [
    {
      "Node Type": "Gather Merge",
      "Parent Relationship": "Outer",
      "Parallel Aware": false,
      "Async Capable": false,
      "Startup Cost": 194913.47,
      "Total Cost": 194975.15,
      "Plan Rows": 464,
      "Plan Width": 90,
      "Workers Planned": 2,
      "Workers Launched": 2,
      "Plans": [
        {
          "Node Type": "Aggregate",
          "Strategy": "Sorted",
          "Partial Mode": "Partial",
          "Parent Relationship": "Outer",
          "Parallel Aware": false,
          "Async Capable": false,
          "Startup Cost": 193913.44,
          "Total Cost": 193921.56,
          "Plan Rows": 232,
          "Plan Width": 90,
          "Group Key": [
            "n.n_name",
            "(EXTRACT(year FROM o.o_orderdate))"
          ],
          "Workers": [],
          "Plans": [
            {
              "Node Type": "Sort",
              "Parent Relationship": "Outer",
              "Parallel Aware": false,
              "Async Capable": false,
              "Startup Cost": 193913.44,
              "Total Cost": 193914.02,
              "Plan Rows": 232,
              "Plan Width": 81,
              "Sort Key": [
                "n.n_name",
                "(EXTRACT(year FROM o.o_orderdate)) DESC"
              ],
              "Sort Method": "external merge",
              "Sort Space Used": 16480,
              "Sort Space Type": "Disk",
              "Workers": [
                {
                  "Worker Number": 0,
                  "Sort Method": "external merge",
                  "Sort Space Used": 31248,
                  "Sort Space Type": "Disk"
                },
                {
                  "Worker Number": 1,
                  "Sort Method": "external merge",
                  "Sort Space Used": 31896,
                  "Sort Space Type": "Disk"
                }
              ],
              "Plans": [
                {
                  "Node Type": "Hash Join",
                  "Parent Relationship": "Outer",
                  "Parallel Aware": false,
                  "Async Capable": false,
                  "Join Type": "Inner",
                  "Startup Cost": 28476.93,
                  "Total Cost": 193904.33,
                  "Plan Rows": 232,
                  "Plan Width": 81,
                  "Inner Unique": true,
                  "Hash Cond": "(s.s_nationkey = n.n_nationkey)",
                  "Workers": [],
                  "Plans": [
                    {
                      "Node Type": "Nested Loop",
                      "Parent Relationship": "Outer",
                      "Parallel Aware": false,
                      "Async Capable": false,
                      "Join Type": "Inner",
                      "Startup Cost": 28475.36,
                      "Total Cost": 193901.48,
                      "Plan Rows": 232,
                      "Plan Width": 31,
                      "Inner Unique": true,
                      "Workers": [],
                      "Plans": [
                        {
                          "Node Type": "Nested Loop",
                          "Parent Relationship": "Outer",
                          "Parallel Aware": false,
                          "Async Capable": false,
                          "Join Type": "Inner",
                          "Startup Cost": 28474.94,
                          "Total Cost": 193793.22,
                          "Plan Rows": 232,
                          "Plan Width": 35,
                          "Inner Unique": true,
                          "Workers": [],
                          "Plans": [
                            {
                              "Node Type": "Hash Join",
                              "Parent Relationship": "Outer",
                              "Parallel Aware": true,
                              "Async Capable": false,
                              "Join Type": "Inner",
                              "Startup Cost": 28474.65,
                              "Total Cost": 193723.0,
                              "Plan Rows": 232,
                              "Plan Width": 39,
                              "Inner Unique": false,
                              "Hash Cond": "((l.l_suppkey = ps.ps_suppkey) AND (l.l_partkey = ps.ps_partkey))",
                              "Workers": [],
                              "Plans": [
                                {
                                  "Node Type": "Seq Scan",
                                  "Parent Relationship": "Outer",
                                  "Parallel Aware": true,
                                  "Async Capable": false,
                                  "Relation Name": "lineitem",
                                  "Alias": "l",
                                  "Startup Cost": 0.0,
                                  "Total Cost": 146492.49,
                                  "Plan Rows": 2500649,
                                  "Plan Width": 33,
                                  "Workers": []
                                },
                                {
                                  "Node Type": "Hash",
                                  "Parent Relationship": "Inner",
                                  "Parallel Aware": true,
                                  "Async Capable": false,
                                  "Startup Cost": 27313.02,
                                  "Total Cost": 27313.02,
                                  "Plan Rows": 77442,
                                  "Plan Width": 18,
                                  "Hash Buckets": 262144,
                                  "Original Hash Buckets": 262144,
                                  "Hash Batches": 1,
                                  "Original Hash Batches": 1,
                                  "Peak Memory Usage": 11040,
                                  "Workers": [],
                                  "Plans": [
                                    {
                                      "Node Type": "Hash Join",
                                      "Parent Relationship": "Outer",
                                      "Parallel Aware": true,
                                      "Async Capable": false,
                                      "Join Type": "Inner",
                                      "Startup Cost": 5587.67,
                                      "Total Cost": 27313.02,
                                      "Plan Rows": 77442,
                                      "Plan Width": 18,
                                      "Inner Unique": true,
                                      "Hash Cond": "(ps.ps_partkey = p.p_partkey)",
                                      "Workers": [],
                                      "Plans": [
                                        {
                                          "Node Type": "Seq Scan",
                                          "Parent Relationship": "Outer",
                                          "Parallel Aware": true,
                                          "Async Capable": false,
                                          "Relation Name": "partsupp",
                                          "Alias": "ps",
                                          "Startup Cost": 0.0,
                                          "Total Cost": 20850.33,
                                          "Plan Rows": 333333,
                                          "Plan Width": 14,
                                          "Workers": []
                                        },
                                        {
                                          "Node Type": "Hash",
                                          "Parent Relationship": "Inner",
                                          "Parallel Aware": true,
                                          "Async Capable": false,
                                          "Startup Cost": 5345.67,
                                          "Total Cost": 5345.67,
                                          "Plan Rows": 19360,
                                          "Plan Width": 4,
                                          "Hash Buckets": 65536,
                                          "Original Hash Buckets": 65536,
                                          "Hash Batches": 1,
                                          "Original Hash Batches": 1,
                                          "Peak Memory Usage": 2144,
                                          "Workers": [],
                                          "Plans": [
                                            {
                                              "Node Type": "Seq Scan",
                                              "Parent Relationship": "Outer",
                                              "Parallel Aware": true,
                                              "Async Capable": false,
                                              "Relation Name": "part",
                                              "Alias": "p",
                                              "Startup Cost": 0.0,
                                              "Total Cost": 5345.67,
                                              "Plan Rows": 19360,
                                              "Plan Width": 4,
                                              "Filter": "((p_name)::text ~~ '%co%'::text)",
                                              "Rows Removed by Filter": 53080,
                                              "Workers": []
                                            }
                                          ]
                                        }
                                      ]
                                    }
                                  ]
                                }
                              ]
                            },
                            {
                              "Node Type": "Index Scan",
                              "Parent Relationship": "Inner",
                              "Parallel Aware": false,
                              "Async Capable": false,
                              "Scan Direction": "Forward",
                              "Index Name": "pk_supplier",
                              "Relation Name": "supplier",
                              "Alias": "s",
                              "Startup Cost": 0.29,
                              "Total Cost": 0.3,
                              "Plan Rows": 1,
                              "Plan Width": 8,
                              "Index Cond": "(s_suppkey = l.l_suppkey)",
                              "Rows Removed by Index Recheck": 0,
                              "Workers": []
                            }
                          ]
                        },
                        {
                          "Node Type": "Index Scan",
                          "Parent Relationship": "Inner",
                          "Parallel Aware": false,
                          "Async Capable": false,
                          "Scan Direction": "Forward",
                          "Index Name": "pk_orders",
                          "Relation Name": "orders",
                          "Alias": "o",
                          "Startup Cost": 0.43,
                          "Total Cost": 0.47,
                          "Plan Rows": 1,
                          "Plan Width": 12,
                          "Index Cond": "(o_orderkey = l.l_orderkey)",
                          "Rows Removed by Index Recheck": 0,
                          "Workers": []
                        }
                      ]
                    },
                    {
                      "Node Type": "Hash",
                      "Parent Relationship": "Inner",
                      "Parallel Aware": false,
                      "Async Capable": false,
                      "Startup Cost": 1.25,
                      "Total Cost": 1.25,
                      "Plan Rows": 25,
                      "Plan Width": 30,
                      "Hash Buckets": 1024,
                      "Original Hash Buckets": 1024,
                      "Hash Batches": 1,
                      "Original Hash Batches": 1,
                      "Peak Memory Usage": 10,
                      "Workers": [],
                      "Plans": [
                        {
                          "Node Type": "Seq Scan",
                          "Parent Relationship": "Outer",
                          "Parallel Aware": false,
                          "Async Capable": false,
                          "Relation Name": "nation",
                          "Alias": "n",
                          "Startup Cost": 0.0,
                          "Total Cost": 1.25,
                          "Plan Rows": 25,
                          "Plan Width": 30,
                          "Workers": []
                        }
                      ]
                    }
                  ]
                }
              ]
            }
          ]
        }
      ]
    }
  ]
}