{
  "Node Type": "Append",
  "Parallel Aware": false,
  "Async Capable": false,
  "Startup Cost": 41912.24,
  "Total Cost": 195993.67,
  "Plan Rows": 126,
  "Plan Width": 19,
  "Subplans Removed": 0,
  "Plans": [
    {
      "Node Type": "Limit",
      "Parent Relationship": "Member",
      "Parallel Aware": false,
      "Async Capable": false,
      "Startup Cost": 41912.24,
      "Total Cost": 41921.11,
      "Plan Rows": 76,
      "Plan Width": 18,
      "Plans": [
        {
          "Node Type": "Gather Merge",
          "Parent Relationship": "Outer",
          "Parallel Aware": false,
          "Async Capable": false,
          "Startup Cost": 41912.24,
          "Total Cost": 41921.11,
          "Plan Rows": 76,
          "Plan Width": 18,
          "Workers Planned": 2,
          "Workers Launched": 2,
          "Plans": [
            {
              "Node Type": "Sort",
              "Parent Relationship": "Outer",
              "Parallel Aware": false,
              "Async Capable": false,
              "Startup Cost": 40912.22,
              "Total Cost": 40912.31,
              "Plan Rows": 38,
              "Plan Width": 18,
              "Sort Key": [
                "c.c_acctbal DESC",
                "o.o_orderkey",
                "c.c_custkey"
              ],
              "Sort Method": "quicksort",
              "Sort Space Used": 26,
              "Sort Space Type": "Memory",
              "Workers": [
                {
                  "Worker Number": 0,
                  "Sort Method": "quicksort",
                  "Sort Space Used": 27,
                  "Sort Space Type": "Memory"
                },
                {
                  "Worker Number": 1,
                  "Sort Method": "quicksort",
                  "Sort Space Used": 26,
                  "Sort Space Type": "Memory"
                }
              ],
              "Plans": [
                {
                  "Node Type": "Hash Join",
                  "Parent Relationship": "Outer",
                  "Parallel Aware": true,
                  "Async Capable": false,
                  "Join Type": "Right",
                  "Startup Cost": 4682.55,
                  "Total Cost": 40911.22,
                  "Plan Rows": 38,
                  "Plan Width": 18,
                  "Inner Unique": true,
                  "Hash Cond": "(o.o_custkey = c.c_custkey)",
                  "Workers": [],
                  "Plans": [
                    {
                      "Node Type": "Seq Scan",
                      "Parent Relationship": "Outer",
                      "Parallel Aware": true,
                      "Async Capable": false,
                      "Relation Name": "orders",
                      "Alias": "o",
                      "Startup Cost": 0.0,
                      "Total Cost": 34588.0,
                      "Plan Rows": 625000,
                      "Plan Width": 12,
                      "Workers": []
                    },
                    {
                      "Node Type": "Hash",
                      "Parent Relationship": "Inner",
                      "Parallel Aware": true,
                      "Async Capable": false,
                      "Startup Cost": 4682.5,
                      "Total Cost": 4682.5,
                      "Plan Rows": 4,
                      "Plan Width": 10,
                      "Hash Buckets": 1024,
                      "Original Hash Buckets": 1024,
                      "Hash Batches": 1,
                      "Original Hash Batches": 1,
                      "Peak Memory Usage": 40,
                      "Workers": [],
                      "Plans": [
                        {
                          "Node Type": "Seq Scan",
                          "Parent Relationship": "Outer",
                          "Parallel Aware": true,
                          "Async Capable": false,
                          "Relation Name": "customer",
                          "Alias": "c",
                          "Startup Cost": 0.0,
                          "Total Cost": 4682.5,
                          "Plan Rows": 4,
                          "Plan Width": 10,
                          "Filter": "((c_custkey >= 1001) AND (c_custkey <= 1009))",
                          "Rows Removed by Filter": 149991,
                          "Workers": []
                        }
                      ]
                    }
                  ]
                }
              ]
            }
          ]
        }
      ]
    },
    {
      "Node Type": "Limit",
      "Parent Relationship": "Member",
      "Parallel Aware": false,
      "Async Capable": false,
      "Startup Cost": 154066.09,
      "Total Cost": 154071.93,
      "Plan Rows": 50,
      "Plan Width": 20,
      "Plans": [
        {
          "Node Type": "Gather Merge",
          "Parent Relationship": "Outer",
          "Parallel Aware": false,
          "Async Capable": false,
          "Startup Cost": 154066.09,
          "Total Cost": 154071.93,
          "Plan Rows": 50,
          "Plan Width": 20,
          "Workers Planned": 2,
          "Workers Launched": 2,
          "Plans": [
            {
              "Node Type": "Sort",
              "Parent Relationship": "Outer",
              "Parallel Aware": false,
              "Async Capable": false,
              "Startup Cost": 153066.07,
              "Total Cost": 153066.13,
              "Plan Rows": 25,
              "Plan Width": 20,
              "Sort Key": [
                "l.l_orderkey",
                "l.l_extendedprice DESC"
              ],
              "Sort Method": "quicksort",
              "Sort Space Used": 26,
              "Sort Space Type": "Memory",
              "Workers": [
                {
                  "Worker Number": 0,
                  "Sort Method": "quicksort",
                  "Sort Space Used": 27,
                  "Sort Space Type": "Memory"
                },
                {
                  "Worker Number": 1,
                  "Sort Method": "quicksort",
                  "Sort Space Used": 28,
                  "Sort Space Type": "Memory"
                }
              ],
              "Plans": [
                {
                  "Node Type": "Hash Join",
                  "Parent Relationship": "Outer",
                  "Parallel Aware": false,
                  "Async Capable": false,
                  "Join Type": "Inner",
                  "Startup Cost": 8.65,
                  "Total Cost": 153065.49,
                  "Plan Rows": 25,
                  "Plan Width": 20,
                  "Inner Unique": true,
                  "Hash Cond": "(l.l_partkey = p.p_partkey)",
                  "Workers": [],
                  "Plans": [
                    {
                      "Node Type": "Seq Scan",
                      "Parent Relationship": "Outer",
                      "Parallel Aware": true,
                      "Async Capable": false,
                      "Relation Name": "lineitem",
                      "Alias": "l",
                      "Startup Cost": 0.0,
                      "Total Cost": 146492.49,
                      "Plan Rows": 2500649,
                      "Plan Width": 20,
                      "Workers": []
                    },
                    {
                      "Node Type": "Hash",
                      "Parent Relationship": "Inner",
                      "Parallel Aware": false,
                      "Async Capable": false,
                      "Startup Cost": 8.63,
                      "Total Cost": 8.63,
                      "Plan Rows": 2,
                      "Plan Width": 4,
                      "Hash Buckets": 1024,
                      "Original Hash Buckets": 1024,
                      "Hash Batches": 1,
                      "Original Hash Batches": 1,
                      "Peak Memory Usage": 9,
                      "Workers": [],
                      "Plans": [
                        {
                          "Node Type": "Index Scan",
                          "Parent Relationship": "Outer",
                          "Parallel Aware": false,
                          "Async Capable": false,
                          "Scan Direction": "Forward",
                          "Index Name": "pk_part",
                          "Relation Name": "part",
                          "Alias": "p",
                          "Startup Cost": 0.42,
                          "Total Cost": 8.63,
                          "Plan Rows": 2,
                          "Plan Width": 4,
                          "Index Cond": "((p_partkey >= 3001) AND (p_partkey <= 3009))",
                          "Rows Removed by Index Recheck": 0,
                          "Filter": "(p_container ~~ 'JUMBO%'::text)",
                          "Rows Removed by Filter": 6,
                          "Workers": []
                        }
                      ]
                    }
                  ]
                }
              ]
            }
          ]
        }
      ]
    }
  ]
}