{
  "Node Type": "Limit",
  "Parallel Aware": false,
  "Async Capable": false,
  "Startup Cost": 8469.54,
  "Total Cost": 8481.21,
  "Plan Rows": 100,
  "Plan Width": 192,
  "Plans": [
    {
      "Node Type": "Gather Merge",
      "Parent Relationship": "Outer",
      "Parallel Aware": false,
      "Async Capable": false,
      "Startup Cost": 8469.54,
      "Total Cost": 8541.88,
      "Plan Rows": 620,
      "Plan Width": 192,
      "Workers Planned": 2,
      "Workers Launched": 2,
      "Plans": [
        {
          "Node Type": "Sort",
          "Parent Relationship": "Outer",
          "Parallel Aware": false,
          "Async Capable": false,
          "Startup Cost": 7469.52,
          "Total Cost": 7470.3,
          "Plan Rows": 310,
          "Plan Width": 192,
          "Sort Key": [
            "s.s_acctbal DESC",
            "n.n_name",
            "s.s_name",
            "p.p_partkey"
          ],
          "Sort Method": "top-N heapsort",
          "Sort Space Used": 69,
          "Sort Space Type": "Memory",
          "Workers": [
            {
              "Worker Number": 0,
              "Sort Method": "quicksort",
              "Sort Space Used": 58,
              "Sort Space Type": "Memory"
            },
            {
              "Worker Number": 1,
              "Sort Method": "quicksort",
              "Sort Space Used": 60,
              "Sort Space Type": "Memory"
            }
          ],
          "Plans": [
            {
              "Node Type": "Hash Join",
              "Parent Relationship": "Outer",
              "Parallel Aware": false,
              "Async Capable": false,
              "Join Type": "Inner",
              "Startup Cost": 408.43,
              "Total Cost": 7457.67,
              "Plan Rows": 310,
              "Plan Width": 192,
              "Inner Unique": false,
              "Hash Cond": "(ps.ps_suppkey = s.s_suppkey)",
              "Workers": [],
              "Plans": [
                {
                  "Node Type": "Nested Loop",
                  "Parent Relationship": "Outer",
                  "Parallel Aware": false,
                  "Async Capable": false,
                  "Join Type": "Inner",
                  "Startup Cost": 0.42,
                  "Total Cost": 7040.77,
                  "Plan Rows": 1548,
                  "Plan Width": 34,
                  "Inner Unique": false,
                  "Workers": [],
                  "Plans": [
                    {
                      "Node Type": "Seq Scan",
                      "Parent Relationship": "Outer",
                      "Parallel Aware": true,
                      "Async Capable": false,
                      "Relation Name": "part",
                      "Alias": "p",
                      "Startup Cost": 0.0,
                      "Total Cost": 5554.0,
                      "Plan Rows": 387,
                      "Plan Width": 30,
                      "Filter": "(((p_type)::text ~~ '%TIN'::text) AND (p_size = 38))",
                      "Rows Removed by Filter": 66396,
                      "Workers": []
                    },
                    {
                      "Node Type": "Index Only Scan",
                      "Parent Relationship": "Inner",
                      "Parallel Aware": false,
                      "Async Capable": false,
                      "Scan Direction": "Forward",
                      "Index Name": "pk_partsupp",
                      "Relation Name": "partsupp",
                      "Alias": "ps",
                      "Startup Cost": 0.42,
                      "Total Cost": 3.8,
                      "Plan Rows": 4,
                      "Plan Width": 8,
                      "Index Cond": "(ps_partkey = p.p_partkey)",
                      "Rows Removed by Index Recheck": 0,
                      "Heap Fetches": 0,
                      "Workers": []
                    }
                  ]
                },
                {
                  "Node Type": "Hash",
                  "Parent Relationship": "Inner",
                  "Parallel Aware": false,
                  "Async Capable": false,
                  "Startup Cost": 383.01,
                  "Total Cost": 383.01,
                  "Plan Rows": 2000,
                  "Plan Width": 166,
                  "Hash Buckets": 2048,
                  "Original Hash Buckets": 2048,
                  "Hash Batches": 1,
                  "Original Hash Batches": 1,
                  "Peak Memory Usage": 413,
                  "Workers": [],
                  "Plans": [
                    {
                      "Node Type": "Hash Join",
                      "Parent Relationship": "Outer",
                      "Parallel Aware": false,
                      "Async Capable": false,
                      "Join Type": "Inner",
                      "Startup Cost": 2.51,
                      "Total Cost": 383.01,
                      "Plan Rows": 2000,
                      "Plan Width": 166,
                      "Inner Unique": false,
                      "Hash Cond": "(s.s_nationkey = n.n_nationkey)",
                      "Workers": [],
                      "Plans": [
                        {
                          "Node Type": "Seq Scan",
                          "Parent Relationship": "Outer",
                          "Parallel Aware": false,
                          "Async Capable": false,
                          "Relation Name": "supplier",
                          "Alias": "s",
                          "Startup Cost": 0.0,
                          "Total Cost": 323.0,
                          "Plan Rows": 10000,
                          "Plan Width": 144,
                          "Workers": []
                        },
                        {
                          "Node Type": "Hash",
                          "Parent Relationship": "Inner",
                          "Parallel Aware": false,
                          "Async Capable": false,
                          "Startup Cost": 2.45,
                          "Total Cost": 2.45,
                          "Plan Rows": 5,
                          "Plan Width": 30,
                          "Hash Buckets": 1024,
                          "Original Hash Buckets": 1024,
                          "Hash Batches": 1,
                          "Original Hash Batches": 1,
                          "Peak Memory Usage": 9,
                          "Workers": [],
                          "Plans": [
                            {
                              "Node Type": "Hash Join",
                              "Parent Relationship": "Outer",
                              "Parallel Aware": false,
                              "Async Capable": false,
                              "Join Type": "Inner",
                              "Startup Cost": 1.07,
                              "Total Cost": 2.45,
                              "Plan Rows": 5,
                              "Plan Width": 30,
                              "Inner Unique": true,
                              "Hash Cond": "(n.n_regionkey = r.r_regionkey)",
                              "Workers": [],
                              "Plans": [
                                {
                                  "Node Type": "Seq Scan",
                                  "Parent Relationship": "Outer",
                                  "Parallel Aware": false,
                                  "Async Capable": false,
                                  "Relation Name": "nation",
                                  "Alias": "n",
                                  "Startup Cost": 0.0,
                                  "Total Cost": 1.25,
                                  "Plan Rows": 25,
                                  "Plan Width": 34,
                                  "Workers": []
                                },
                                {
                                  "Node Type": "Hash",
                                  "Parent Relationship": "Inner",
                                  "Parallel Aware": false,
                                  "Async Capable": false,
                                  "Startup Cost": 1.06,
                                  "Total Cost": 1.06,
                                  "Plan Rows": 1,
                                  "Plan Width": 4,
                                  "Hash Buckets": 1024,
                                  "Original Hash Buckets": 1024,
                                  "Hash Batches": 1,
                                  "Original Hash Batches": 1,
                                  "Peak Memory Usage": 9,
                                  "Workers": [],
                                  "Plans": [
                                    {
                                      "Node Type": "Seq Scan",
                                      "Parent Relationship": "Outer",
                                      "Parallel Aware": false,
                                      "Async Capable": false,
                                      "Relation Name": "region",
                                      "Alias": "r",
                                      "Startup Cost": 0.0,
                                      "Total Cost": 1.06,
                                      "Plan Rows": 1,
                                      "Plan Width": 4,
                                      "Filter": "(r_name = 'MIDDLE EAST'::bpchar)",
                                      "Rows Removed by Filter": 4,
                                      "Workers": []
                                    }
                                  ]
                                }
                              ]
                            }
                          ]
                        }
                      ]
                    }
                  ]
                }
              ]
            }
          ]
        }
      ]
    }
  ]
}