{
  "Node Type": "Limit",
  "Parallel Aware": false,
  "Async Capable": false,
  "Startup Cost": 71174.97,
  "Total Cost": 71181.63,
  "Plan Rows": 35,
  "Plan Width": 71,
  "Plans": [
    {
      "Node Type": "Aggregate",
      "Strategy": "Sorted",
      "Partial Mode": "Simple",
      "Parent Relationship": "Outer",
      "Parallel Aware": false,
      "Async Capable": false,
      "Startup Cost": 71174.97,
      "Total Cost": 210548.61,
      "Plan Rows": 731650,
      "Plan Width": 71,
      "Group Key": [
        "o.o_custkey",
        "o.o_clerk",
        "c.c_name"
      ],
      "Plans": [
        {
          "Node Type": "Incremental Sort",
          "Parent Relationship": "Outer",
          "Parallel Aware": false,
          "Async Capable": false,
          "Startup Cost": 71174.97,
          "Total Cost": 194086.49,
          "Plan Rows": 731650,
          "Plan Width": 45,
          "Sort Key": [
            "o.o_custkey",
            "o.o_clerk",
            "c.c_name"
          ],
          "Presorted Key": [
            "o.o_custkey",
            "o.o_clerk"
          ],
          "Full-sort Groups": {
            "Group Count": 2,
            "Sort Methods Used": [
              "quicksort"
            ],
            "Sort Space Memory": {
              "Average Sort Space Used": 27,
              "Peak Sort Space Used": 27
            }
          },
          "Plans": [
            {
              "Node Type": "Merge Join",
              "Parent Relationship": "Outer",
              "Parallel Aware": false,
              "Async Capable": false,
              "Join Type": "Left",
              "Startup Cost": 71174.23,
              "Total Cost": 173574.56,
              "Plan Rows": 731650,
              "Plan Width": 45,
              "Inner Unique": true,
              "Merge Cond": "(o.o_custkey = c.c_custkey)",
              "Plans": [
                {
                  "Node Type": "Gather Merge",
                  "Parent Relationship": "Outer",
                  "Parallel Aware": false,
                  "Async Capable": false,
                  "Startup Cost": 71173.81,
                  "Total Cost": 156386.51,
                  "Plan Rows": 731650,
                  "Plan Width": 20,
                  "Workers Planned": 2,
                  "Workers Launched": 2,
                  "Plans": [
                    {
                      "Node Type": "Sort",
                      "Parent Relationship": "Outer",
                      "Parallel Aware": false,
                      "Async Capable": false,
                      "Startup Cost": 70173.78,
                      "Total Cost": 70935.92,
                      "Plan Rows": 304854,
                      "Plan Width": 20,
                      "Sort Key": [
                        "o.o_custkey",
                        "o.o_clerk"
                      ],
                      "Sort Method": "external merge",
                      "Sort Space Used": 6568,
                      "Sort Space Type": "Disk",
                      "Workers": [
                        {
                          "Worker Number": 0,
                          "Sort Method": "external merge",
                          "Sort Space Used": 7456,
                          "Sort Space Type": "Disk"
                        },
                        {
                          "Worker Number": 1,
                          "Sort Method": "external merge",
                          "Sort Space Used": 7464,
                          "Sort Space Type": "Disk"
                        }
                      ],
                      "Plans": [
                        {
                          "Node Type": "Seq Scan",
                          "Parent Relationship": "Outer",
                          "Parallel Aware": true,
                          "Async Capable": false,
                          "Relation Name": "orders",
                          "Alias": "o",
                          "Startup Cost": 0.0,
                          "Total Cost": 36150.5,
                          "Plan Rows": 304854,
                          "Plan Width": 20,
                          "Filter": "(o_orderstatus = 'F'::bpchar)",
                          "Rows Removed by Filter": 256862,
                          "Workers": []
                        }
                      ]
                    }
                  ]
                },
                {
                  "Node Type": "Index Scan",
                  "Parent Relationship": "Inner",
                  "Parallel Aware": false,
                  "Async Capable": false,
                  "Scan Direction": "Forward",
                  "Index Name": "pk_customer",
                  "Relation Name": "customer",
                  "Alias": "c",
                  "Startup Cost": 0.42,
                  "Total Cost": 7667.43,
                  "Plan Rows": 150000,
                  "Plan Width": 29
                }
              ]
            }
          ]
        }
      ]
    }
  ]
}