{
  "Node Type": "Limit",
  "Parallel Aware": false,
  "Async Capable": false,
  "Startup Cost": 73013.88,
  "Total Cost": 73013.93,
  "Plan Rows": 20,
  "Plan Width": 81,
  "Plans": [
    {
      "Node Type": "Sort",
      "Parent Relationship": "Outer",
      "Parallel Aware": false,
      "Async Capable": false,
      "Startup Cost": 73013.88,
      "Total Cost": 75013.88,
      "Plan Rows": 800000,
      "Plan Width": 81,
      "Sort Key": [
        "pa.p_name",
        "su.s_phone",
        "ps.ps_supplycost",
        "na.n_name DESC"
      ],
      "Sort Method": "top-N heapsort",
      "Sort Space Used": 27,
      "Sort Space Type": "Memory",
      "Plans": [
        {
          "Node Type": "Hash Join",
          "Parent Relationship": "Outer",
          "Parallel Aware": false,
          "Async Capable": false,
          "Join Type": "Full",
          "Startup Cost": 10668.04,
          "Total Cost": 51726.17,
          "Plan Rows": 800000,
          "Plan Width": 81,
          "Inner Unique": true,
          "Hash Cond": "(su.s_nationkey = na.n_nationkey)",
          "Join Filter": "(na.n_regionkey > 3)",
          "Rows Removed by Join Filter": 172640,
          "Plans": [
            {
              "Node Type": "Hash Join",
              "Parent Relationship": "Outer",
              "Parallel Aware": false,
              "Async Capable": false,
              "Join Type": "Left",
              "Startup Cost": 10666.48,
              "Total Cost": 49537.41,
              "Plan Rows": 800000,
              "Plan Width": 59,
              "Inner Unique": true,
              "Hash Cond": "(ps.ps_suppkey = su.s_suppkey)",
              "Plans": [
                {
                  "Node Type": "Hash Join",
                  "Parent Relationship": "Outer",
                  "Parallel Aware": false,
                  "Async Capable": false,
                  "Join Type": "Left",
                  "Startup Cost": 10284.84,
                  "Total Cost": 47054.88,
                  "Plan Rows": 800000,
                  "Plan Width": 43,
                  "Inner Unique": true,
                  "Hash Cond": "(ps.ps_partkey = pa.p_partkey)",
                  "Plans": [
                    {
                      "Node Type": "Seq Scan",
                      "Parent Relationship": "Outer",
                      "Parallel Aware": false,
                      "Async Capable": false,
                      "Relation Name": "partsupp",
                      "Alias": "ps",
                      "Startup Cost": 0.0,
                      "Total Cost": 25517.0,
                      "Plan Rows": 800000,
                      "Plan Width": 14
                    },
                    {
                      "Node Type": "Hash",
                      "Parent Relationship": "Inner",
                      "Parallel Aware": false,
                      "Async Capable": false,
                      "Startup Cost": 6804.0,
                      "Total Cost": 6804.0,
                      "Plan Rows": 171347,
                      "Plan Width": 37,
                      "Hash Buckets": 131072,
                      "Original Hash Buckets": 131072,
                      "Hash Batches": 2,
                      "Original Hash Batches": 2,
                      "Peak Memory Usage": 7006,
                      "Plans": [
                        {
                          "Node Type": "Seq Scan",
                          "Parent Relationship": "Outer",
                          "Parallel Aware": false,
                          "Async Capable": false,
                          "Relation Name": "part",
                          "Alias": "pa",
                          "Startup Cost": 0.0,
                          "Total Cost": 6804.0,
                          "Plan Rows": 171347,
                          "Plan Width": 37,
                          "Filter": "(p_size > 7)",
                          "Rows Removed by Filter": 28314
                        }
                      ]
                    }
                  ]
                },
                {
                  "Node Type": "Hash",
                  "Parent Relationship": "Inner",
                  "Parallel Aware": false,
                  "Async Capable": false,
                  "Startup Cost": 348.0,
                  "Total Cost": 348.0,
                  "Plan Rows": 2691,
                  "Plan Width": 24,
                  "Hash Buckets": 4096,
                  "Original Hash Buckets": 4096,
                  "Hash Batches": 1,
                  "Original Hash Batches": 1,
                  "Peak Memory Usage": 180,
                  "Plans": [
                    {
                      "Node Type": "Seq Scan",
                      "Parent Relationship": "Outer",
                      "Parallel Aware": false,
                      "Async Capable": false,
                      "Relation Name": "supplier",
                      "Alias": "su",
                      "Startup Cost": 0.0,
                      "Total Cost": 348.0,
                      "Plan Rows": 2691,
                      "Plan Width": 24,
                      "Filter": "(s_acctbal < '2000'::numeric)",
                      "Rows Removed by Filter": 7309
                    }
                  ]
                }
              ]
            },
            {
              "Node Type": "Hash",
              "Parent Relationship": "Inner",
              "Parallel Aware": false,
              "Async Capable": false,
              "Startup Cost": 1.25,
              "Total Cost": 1.25,
              "Plan Rows": 25,
              "Plan Width": 34,
              "Hash Buckets": 1024,
              "Original Hash Buckets": 1024,
              "Hash Batches": 1,
              "Original Hash Batches": 1,
              "Peak Memory Usage": 10,
              "Plans": [
                {
                  "Node Type": "Seq Scan",
                  "Parent Relationship": "Outer",
                  "Parallel Aware": false,
                  "Async Capable": false,
                  "Relation Name": "nation",
                  "Alias": "na",
                  "Startup Cost": 0.0,
                  "Total Cost": 1.25,
                  "Plan Rows": 25,
                  "Plan Width": 34
                }
              ]
            }
          ]
        }
      ]
    }
  ]
}