{
  "Node Type": "Append",
  "Parallel Aware": false,
  "Async Capable": false,
  "Startup Cost": 209310.79,
  "Total Cost": 251773.91,
  "Plan Rows": 63341,
  "Plan Width": 168,
  "Subplans Removed": 0,
  "Plans": [
    {
      "Node Type": "Sort",
      "Parent Relationship": "Member",
      "Parallel Aware": false,
      "Async Capable": false,
      "Startup Cost": 209310.79,
      "Total Cost": 209467.74,
      "Plan Rows": 62779,
      "Plan Width": 84,
      "Sort Key": [
        "(avg((l.l_extendedprice * ('1'::numeric - l.l_discount)))) DESC",
        "n.n_name DESC",
        "s.s_name"
      ],
      "Sort Method": "quicksort",
      "Sort Space Used": 1157,
      "Sort Space Type": "Memory",
      "Plans": [
        {
          "Node Type": "Aggregate",
          "Strategy": "Sorted",
          "Partial Mode": "Finalize",
          "Parent Relationship": "Outer",
          "Parallel Aware": false,
          "Async Capable": false,
          "Startup Cost": 193235.62,
          "Total Cost": 201301.43,
          "Plan Rows": 62779,
          "Plan Width": 84,
          "Group Key": [
            "n.n_name",
            "s.s_name"
          ],
          "Plans": [
            {
              "Node Type": "Gather Merge",
              "Parent Relationship": "Outer",
              "Parallel Aware": false,
              "Async Capable": false,
              "Startup Cost": 193235.62,
              "Total Cost": 199993.53,
              "Plan Rows": 52316,
              "Plan Width": 84,
              "Workers Planned": 2,
              "Workers Launched": 2,
              "Plans": [
                {
                  "Node Type": "Aggregate",
                  "Strategy": "Sorted",
                  "Partial Mode": "Partial",
                  "Parent Relationship": "Outer",
                  "Parallel Aware": false,
                  "Async Capable": false,
                  "Startup Cost": 192235.6,
                  "Total Cost": 192954.95,
                  "Plan Rows": 26158,
                  "Plan Width": 84,
                  "Group Key": [
                    "n.n_name",
                    "s.s_name"
                  ],
                  "Workers": [],
                  "Plans": [
                    {
                      "Node Type": "Sort",
                      "Parent Relationship": "Outer",
                      "Parallel Aware": false,
                      "Async Capable": false,
                      "Startup Cost": 192235.6,
                      "Total Cost": 192301.0,
                      "Plan Rows": 26158,
                      "Plan Width": 64,
                      "Sort Key": [
                        "n.n_name DESC",
                        "s.s_name"
                      ],
                      "Sort Method": "quicksort",
                      "Sort Space Used": 1515,
                      "Sort Space Type": "Memory",
                      "Workers": [
                        {
                          "Worker Number": 0,
                          "Sort Method": "quicksort",
                          "Sort Space Used": 1422,
                          "Sort Space Type": "Memory"
                        },
                        {
                          "Worker Number": 1,
                          "Sort Method": "quicksort",
                          "Sort Space Used": 1392,
                          "Sort Space Type": "Memory"
                        }
                      ],
                      "Plans": [
                        {
                          "Node Type": "Hash Join",
                          "Parent Relationship": "Outer",
                          "Parallel Aware": false,
                          "Async Capable": false,
                          "Join Type": "Inner",
                          "Startup Cost": 36846.34,
                          "Total Cost": 190316.26,
                          "Plan Rows": 26158,
                          "Plan Width": 64,
                          "Inner Unique": true,
                          "Hash Cond": "(n.n_regionkey = r.r_regionkey)",
                          "Workers": [],
                          "Plans": [
                            {
                              "Node Type": "Hash Join",
                              "Parent Relationship": "Outer",
                              "Parallel Aware": false,
                              "Async Capable": false,
                              "Join Type": "Inner",
                              "Startup Cost": 36845.22,
                              "Total Cost": 190188.28,
                              "Plan Rows": 26158,
                              "Plan Width": 68,
                              "Inner Unique": true,
                              "Hash Cond": "(s.s_nationkey = n.n_nationkey)",
                              "Workers": [],
                              "Plans": [
                                {
                                  "Node Type": "Hash Join",
                                  "Parent Relationship": "Outer",
                                  "Parallel Aware": false,
                                  "Async Capable": false,
                                  "Join Type": "Inner",
                                  "Startup Cost": 36843.66,
                                  "Total Cost": 190106.42,
                                  "Plan Rows": 26158,
                                  "Plan Width": 42,
                                  "Inner Unique": true,
                                  "Hash Cond": "(l.l_suppkey = s.s_suppkey)",
                                  "Join Filter": "(s.s_acctbal <= o.o_totalprice)",
                                  "Rows Removed by Join Filter": 4212,
                                  "Workers": [],
                                  "Plans": [
                                    {
                                      "Node Type": "Hash Join",
                                      "Parent Relationship": "Outer",
                                      "Parallel Aware": true,
                                      "Async Capable": false,
                                      "Join Type": "Inner",
                                      "Startup Cost": 36395.66,
                                      "Total Cost": 189452.38,
                                      "Plan Rows": 78474,
                                      "Plan Width": 24,
                                      "Inner Unique": true,
                                      "Hash Cond": "(l.l_orderkey = o.o_orderkey)",
                                      "Workers": [],
                                      "Plans": [
                                        {
                                          "Node Type": "Seq Scan",
                                          "Parent Relationship": "Outer",
                                          "Parallel Aware": true,
                                          "Async Capable": false,
                                          "Relation Name": "lineitem",
                                          "Alias": "l",
                                          "Startup Cost": 0.0,
                                          "Total Cost": 146492.49,
                                          "Plan Rows": 2500649,
                                          "Plan Width": 24,
                                          "Workers": []
                                        },
                                        {
                                          "Node Type": "Hash",
                                          "Parent Relationship": "Inner",
                                          "Parallel Aware": true,
                                          "Async Capable": false,
                                          "Startup Cost": 36150.5,
                                          "Total Cost": 36150.5,
                                          "Plan Rows": 19613,
                                          "Plan Width": 16,
                                          "Hash Buckets": 65536,
                                          "Original Hash Buckets": 65536,
                                          "Hash Batches": 1,
                                          "Original Hash Batches": 1,
                                          "Peak Memory Usage": 2912,
                                          "Workers": [],
                                          "Plans": [
                                            {
                                              "Node Type": "Seq Scan",
                                              "Parent Relationship": "Outer",
                                              "Parallel Aware": true,
                                              "Async Capable": false,
                                              "Relation Name": "orders",
                                              "Alias": "o",
                                              "Startup Cost": 0.0,
                                              "Total Cost": 36150.5,
                                              "Plan Rows": 19613,
                                              "Plan Width": 16,
                                              "Filter": "(o_totalprice <= '15000'::numeric)",
                                              "Rows Removed by Filter": 484198,
                                              "Workers": []
                                            }
                                          ]
                                        }
                                      ]
                                    },
                                    {
                                      "Node Type": "Hash",
                                      "Parent Relationship": "Inner",
                                      "Parallel Aware": false,
                                      "Async Capable": false,
                                      "Startup Cost": 323.0,
                                      "Total Cost": 323.0,
                                      "Plan Rows": 10000,
                                      "Plan Width": 40,
                                      "Hash Buckets": 16384,
                                      "Original Hash Buckets": 16384,
                                      "Hash Batches": 1,
                                      "Original Hash Batches": 1,
                                      "Peak Memory Usage": 861,
                                      "Workers": [],
                                      "Plans": [
                                        {
                                          "Node Type": "Seq Scan",
                                          "Parent Relationship": "Outer",
                                          "Parallel Aware": false,
                                          "Async Capable": false,
                                          "Relation Name": "supplier",
                                          "Alias": "s",
                                          "Startup Cost": 0.0,
                                          "Total Cost": 323.0,
                                          "Plan Rows": 10000,
                                          "Plan Width": 40,
                                          "Workers": []
                                        }
                                      ]
                                    }
                                  ]
                                },
                                {
                                  "Node Type": "Hash",
                                  "Parent Relationship": "Inner",
                                  "Parallel Aware": false,
                                  "Async Capable": false,
                                  "Startup Cost": 1.25,
                                  "Total Cost": 1.25,
                                  "Plan Rows": 25,
                                  "Plan Width": 34,
                                  "Hash Buckets": 1024,
                                  "Original Hash Buckets": 1024,
                                  "Hash Batches": 1,
                                  "Original Hash Batches": 1,
                                  "Peak Memory Usage": 10,
                                  "Workers": [],
                                  "Plans": [
                                    {
                                      "Node Type": "Seq Scan",
                                      "Parent Relationship": "Outer",
                                      "Parallel Aware": false,
                                      "Async Capable": false,
                                      "Relation Name": "nation",
                                      "Alias": "n",
                                      "Startup Cost": 0.0,
                                      "Total Cost": 1.25,
                                      "Plan Rows": 25,
                                      "Plan Width": 34,
                                      "Workers": []
                                    }
                                  ]
                                }
                              ]
                            },
                            {
                              "Node Type": "Hash",
                              "Parent Relationship": "Inner",
                              "Parallel Aware": false,
                              "Async Capable": false,
                              "Startup Cost": 1.05,
                              "Total Cost": 1.05,
                              "Plan Rows": 5,
                              "Plan Width": 4,
                              "Hash Buckets": 1024,
                              "Original Hash Buckets": 1024,
                              "Hash Batches": 1,
                              "Original Hash Batches": 1,
                              "Peak Memory Usage": 9,
                              "Workers": [],
                              "Plans": [
                                {
                                  "Node Type": "Seq Scan",
                                  "Parent Relationship": "Outer",
                                  "Parallel Aware": false,
                                  "Async Capable": false,
                                  "Relation Name": "region",
                                  "Alias": "r",
                                  "Startup Cost": 0.0,
                                  "Total Cost": 1.05,
                                  "Plan Rows": 5,
                                  "Plan Width": 4,
                                  "Workers": []
                                }
                              ]
                            }
                          ]
                        }
                      ]
                    }
                  ]
                }
              ]
            }
          ]
        }
      ]
    },
    {
      "Node Type": "Subquery Scan",
      "Parent Relationship": "Member",
      "Parallel Aware": false,
      "Async Capable": false,
      "Alias": "*SELECT* 2",
      "Startup Cost": 41923.98,
      "Total Cost": 41989.47,
      "Plan Rows": 562,
      "Plan Width": 66,
      "Plans": [
        {
          "Node Type": "Group",
          "Parent Relationship": "Subquery",
          "Parallel Aware": false,
          "Async Capable": false,
          "Startup Cost": 41923.98,
          "Total Cost": 41983.85,
          "Plan Rows": 562,
          "Plan Width": 53,
          "Group Key": [
            "o_1.o_totalprice",
            "n_1.n_name",
            "c.c_name"
          ],
          "Plans": [
            {
              "Node Type": "Gather Merge",
              "Parent Relationship": "Outer",
              "Parallel Aware": false,
              "Async Capable": false,
              "Startup Cost": 41923.98,
              "Total Cost": 41980.34,
              "Plan Rows": 468,
              "Plan Width": 53,
              "Workers Planned": 2,
              "Workers Launched": 1,
              "Plans": [
                {
                  "Node Type": "Group",
                  "Parent Relationship": "Outer",
                  "Parallel Aware": false,
                  "Async Capable": false,
                  "Startup Cost": 40923.96,
                  "Total Cost": 40926.3,
                  "Plan Rows": 234,
                  "Plan Width": 53,
                  "Group Key": [
                    "o_1.o_totalprice",
                    "n_1.n_name",
                    "c.c_name"
                  ],
                  "Workers": [],
                  "Plans": [
                    {
                      "Node Type": "Sort",
                      "Parent Relationship": "Outer",
                      "Parallel Aware": false,
                      "Async Capable": false,
                      "Startup Cost": 40923.96,
                      "Total Cost": 40924.54,
                      "Plan Rows": 234,
                      "Plan Width": 53,
                      "Sort Key": [
                        "o_1.o_totalprice",
                        "n_1.n_name",
                        "c.c_name"
                      ],
                      "Sort Method": "quicksort",
                      "Sort Space Used": 59,
                      "Sort Space Type": "Memory",
                      "Workers": [
                        {
                          "Worker Number": 0,
                          "Sort Method": "quicksort",
                          "Sort Space Used": 61,
                          "Sort Space Type": "Memory"
                        }
                      ],
                      "Plans": [
                        {
                          "Node Type": "Hash Join",
                          "Parent Relationship": "Outer",
                          "Parallel Aware": false,
                          "Async Capable": false,
                          "Join Type": "Inner",
                          "Startup Cost": 4712.05,
                          "Total Cost": 40914.75,
                          "Plan Rows": 234,
                          "Plan Width": 53,
                          "Inner Unique": true,
                          "Hash Cond": "(c.c_nationkey = n_1.n_nationkey)",
                          "Workers": [],
                          "Plans": [
                            {
                              "Node Type": "Hash Join",
                              "Parent Relationship": "Outer",
                              "Parallel Aware": true,
                              "Async Capable": false,
                              "Join Type": "Inner",
                              "Startup Cost": 4710.49,
                              "Total Cost": 40912.47,
                              "Plan Rows": 234,
                              "Plan Width": 31,
                              "Inner Unique": true,
                              "Hash Cond": "(o_1.o_custkey = c.c_custkey)",
                              "Join Filter": "(o_1.o_totalprice <= c.c_acctbal)",
                              "Rows Removed by Join Filter": 326,
                              "Workers": [],
                              "Plans": [
                                {
                                  "Node Type": "Seq Scan",
                                  "Parent Relationship": "Outer",
                                  "Parallel Aware": true,
                                  "Async Capable": false,
                                  "Relation Name": "orders",
                                  "Alias": "o_1",
                                  "Startup Cost": 0.0,
                                  "Total Cost": 36150.5,
                                  "Plan Rows": 19613,
                                  "Plan Width": 12,
                                  "Filter": "(o_totalprice <= '15000'::numeric)",
                                  "Rows Removed by Filter": 726297,
                                  "Workers": []
                                },
                                {
                                  "Node Type": "Hash",
                                  "Parent Relationship": "Inner",
                                  "Parallel Aware": true,
                                  "Async Capable": false,
                                  "Startup Cost": 4682.5,
                                  "Total Cost": 4682.5,
                                  "Plan Rows": 2239,
                                  "Plan Width": 33,
                                  "Hash Buckets": 8192,
                                  "Original Hash Buckets": 8192,
                                  "Hash Batches": 1,
                                  "Original Hash Batches": 1,
                                  "Peak Memory Usage": 480,
                                  "Workers": [],
                                  "Plans": [
                                    {
                                      "Node Type": "Seq Scan",
                                      "Parent Relationship": "Outer",
                                      "Parallel Aware": true,
                                      "Async Capable": false,
                                      "Relation Name": "customer",
                                      "Alias": "c",
                                      "Startup Cost": 0.0,
                                      "Total Cost": 4682.5,
                                      "Plan Rows": 2239,
                                      "Plan Width": 33,
                                      "Filter": "((c_acctbal >= '9000'::numeric) AND (c_mktsegment = ANY ('{HOUSEHOLD,MACHINERY}'::bpchar[])))",
                                      "Rows Removed by Filter": 72330,
                                      "Workers": []
                                    }
                                  ]
                                }
                              ]
                            },
                            {
                              "Node Type": "Hash",
                              "Parent Relationship": "Inner",
                              "Parallel Aware": false,
                              "Async Capable": false,
                              "Startup Cost": 1.25,
                              "Total Cost": 1.25,
                              "Plan Rows": 25,
                              "Plan Width": 30,
                              "Hash Buckets": 1024,
                              "Original Hash Buckets": 1024,
                              "Hash Batches": 1,
                              "Original Hash Batches": 1,
                              "Peak Memory Usage": 10,
                              "Workers": [],
                              "Plans": [
                                {
                                  "Node Type": "Seq Scan",
                                  "Parent Relationship": "Outer",
                                  "Parallel Aware": false,
                                  "Async Capable": false,
                                  "Relation Name": "nation",
                                  "Alias": "n_1",
                                  "Startup Cost": 0.0,
                                  "Total Cost": 1.25,
                                  "Plan Rows": 25,
                                  "Plan Width": 30,
                                  "Workers": []
                                }
                              ]
                            }
                          ]
                        }
                      ]
                    }
                  ]
                }
              ]
            }
          ]
        }
      ]
    }
  ]
}