{
  "Node Type": "Sort",
  "Parallel Aware": false,
  "Async Capable": false,
  "Startup Cost": 29667.25,
  "Total Cost": 29693.92,
  "Plan Rows": 10667,
  "Plan Width": 68,
  "Sort Key": [
    "i.total_value DESC"
  ],
  "Sort Method": "quicksort",
  "Sort Space Used": 1654,
  "Sort Space Type": "Memory",
  "Plans": [
    {
      "Node Type": "Aggregate",
      "Strategy": "Hashed",
      "Partial Mode": "Simple",
      "Parent Relationship": "InitPlan",
      "Subplan Name": "CTE indiastock",
      "Parallel Aware": false,
      "Async Capable": false,
      "Startup Cost": 27113.57,
      "Total Cost": 27513.57,
      "Plan Rows": 32000,
      "Plan Width": 36,
      "Group Key": [
        "ps.ps_partkey"
      ],
      "Planned Partitions": 0,
      "HashAgg Batches": 5,
      "Peak Memory Usage": 8241,
      "Disk Usage": 688,
      "Plans": [
        {
          "Node Type": "Gather",
          "Parent Relationship": "Outer",
          "Parallel Aware": false,
          "Async Capable": false,
          "Startup Cost": 1360.03,
          "Total Cost": 26793.57,
          "Plan Rows": 32000,
          "Plan Width": 14,
          "Workers Planned": 2,
          "Workers Launched": 2,
          "Single Copy": false,
          "Plans": [
            {
              "Node Type": "Hash Join",
              "Parent Relationship": "Outer",
              "Parallel Aware": false,
              "Async Capable": false,
              "Join Type": "Inner",
              "Startup Cost": 360.02,
              "Total Cost": 22593.57,
              "Plan Rows": 13333,
              "Plan Width": 14,
              "Inner Unique": false,
              "Hash Cond": "(ps.ps_suppkey = s.s_suppkey)",
              "Workers": [],
              "Plans": [
                {
                  "Node Type": "Seq Scan",
                  "Parent Relationship": "Outer",
                  "Parallel Aware": true,
                  "Async Capable": false,
                  "Relation Name": "partsupp",
                  "Alias": "ps",
                  "Startup Cost": 0.0,
                  "Total Cost": 20850.33,
                  "Plan Rows": 333333,
                  "Plan Width": 18,
                  "Workers": []
                },
                {
                  "Node Type": "Hash",
                  "Parent Relationship": "Inner",
                  "Parallel Aware": false,
                  "Async Capable": false,
                  "Startup Cost": 355.02,
                  "Total Cost": 355.02,
                  "Plan Rows": 400,
                  "Plan Width": 4,
                  "Hash Buckets": 1024,
                  "Original Hash Buckets": 1024,
                  "Hash Batches": 1,
                  "Original Hash Batches": 1,
                  "Peak Memory Usage": 23,
                  "Workers": [],
                  "Plans": [
                    {
                      "Node Type": "Hash Join",
                      "Parent Relationship": "Outer",
                      "Parallel Aware": false,
                      "Async Capable": false,
                      "Join Type": "Inner",
                      "Startup Cost": 1.32,
                      "Total Cost": 355.02,
                      "Plan Rows": 400,
                      "Plan Width": 4,
                      "Inner Unique": true,
                      "Hash Cond": "(s.s_nationkey = n.n_nationkey)",
                      "Workers": [],
                      "Plans": [
                        {
                          "Node Type": "Seq Scan",
                          "Parent Relationship": "Outer",
                          "Parallel Aware": false,
                          "Async Capable": false,
                          "Relation Name": "supplier",
                          "Alias": "s",
                          "Startup Cost": 0.0,
                          "Total Cost": 323.0,
                          "Plan Rows": 10000,
                          "Plan Width": 8,
                          "Workers": []
                        },
                        {
                          "Node Type": "Hash",
                          "Parent Relationship": "Inner",
                          "Parallel Aware": false,
                          "Async Capable": false,
                          "Startup Cost": 1.31,
                          "Total Cost": 1.31,
                          "Plan Rows": 1,
                          "Plan Width": 4,
                          "Hash Buckets": 1024,
                          "Original Hash Buckets": 1024,
                          "Hash Batches": 1,
                          "Original Hash Batches": 1,
                          "Peak Memory Usage": 9,
                          "Workers": [],
                          "Plans": [
                            {
                              "Node Type": "Seq Scan",
                              "Parent Relationship": "Outer",
                              "Parallel Aware": false,
                              "Async Capable": false,
                              "Relation Name": "nation",
                              "Alias": "n",
                              "Startup Cost": 0.0,
                              "Total Cost": 1.31,
                              "Plan Rows": 1,
                              "Plan Width": 4,
                              "Filter": "(n_name = 'INDIA'::bpchar)",
                              "Rows Removed by Filter": 24,
                              "Workers": []
                            }
                          ]
                        }
                      ]
                    }
                  ]
                }
              ]
            }
          ]
        }
      ]
    },
    {
      "Node Type": "Aggregate",
      "Strategy": "Plain",
      "Partial Mode": "Simple",
      "Parent Relationship": "InitPlan",
      "Subplan Name": "InitPlan 2",
      "Parallel Aware": false,
      "Async Capable": false,
      "Startup Cost": 720.0,
      "Total Cost": 720.02,
      "Plan Rows": 1,
      "Plan Width": 32,
      "Plans": [
        {
          "Node Type": "CTE Scan",
          "Parent Relationship": "Outer",
          "Parallel Aware": false,
          "Async Capable": false,
          "CTE Name": "indiastock",
          "Alias": "indiastock",
          "Startup Cost": 0.0,
          "Total Cost": 640.0,
          "Plan Rows": 32000,
          "Plan Width": 32
        }
      ]
    },
    {
      "Node Type": "CTE Scan",
      "Parent Relationship": "Outer",
      "Parallel Aware": false,
      "Async Capable": false,
      "CTE Name": "indiastock",
      "Alias": "i",
      "Startup Cost": 0.0,
      "Total Cost": 720.0,
      "Plan Rows": 10667,
      "Plan Width": 68,
      "Filter": "(total_value > (InitPlan 2).col1)",
      "Rows Removed by Filter": 8413
    }
  ]
}