{
  "Node Type": "Append",
  "Parallel Aware": false,
  "Async Capable": false,
  "Startup Cost": 1000.56,
  "Total Cost": 29386.4,
  "Plan Rows": 22,
  "Plan Width": 36,
  "Subplans Removed": 0,
  "Plans": [
    {
      "Node Type": "Limit",
      "Parent Relationship": "Member",
      "Parallel Aware": false,
      "Async Capable": false,
      "Startup Cost": 1000.56,
      "Total Cost": 29364.3,
      "Plan Rows": 10,
      "Plan Width": 23,
      "Plans": [
        {
          "Node Type": "Nested Loop",
          "Parent Relationship": "Outer",
          "Parallel Aware": false,
          "Async Capable": false,
          "Join Type": "Inner",
          "Startup Cost": 1000.56,
          "Total Cost": 858713263.55,
          "Plan Rows": 302750,
          "Plan Width": 23,
          "Inner Unique": false,
          "Join Filter": "(c.c_custkey = o.o_custkey)",
          "Rows Removed by Join Filter": 1876304,
          "Plans": [
            {
              "Node Type": "Gather Merge",
              "Parent Relationship": "Outer",
              "Parallel Aware": false,
              "Async Capable": false,
              "Startup Cost": 1000.56,
              "Total Cost": 27918.67,
              "Plan Rows": 150000,
              "Plan Width": 23,
              "Workers Planned": 2,
              "Workers Launched": 2,
              "Plans": [
                {
                  "Node Type": "Incremental Sort",
                  "Parent Relationship": "Outer",
                  "Parallel Aware": false,
                  "Async Capable": false,
                  "Startup Cost": 0.54,
                  "Total Cost": 9604.93,
                  "Plan Rows": 62500,
                  "Plan Width": 23,
                  "Sort Key": [
                    "c.c_custkey",
                    "c.c_name DESC"
                  ],
                  "Presorted Key": [
                    "c.c_custkey"
                  ],
                  "Full-sort Groups": {
                    "Group Count": 1,
                    "Sort Methods Used": [
                      "quicksort"
                    ],
                    "Sort Space Memory": {
                      "Average Sort Space Used": 26,
                      "Peak Sort Space Used": 26
                    }
                  },
                  "Workers": [
                    {
                      "Worker Number": 0,
                      "Full-sort Groups": {
                        "Group Count": 43,
                        "Sort Methods Used": [
                          "quicksort"
                        ],
                        "Sort Space Memory": {
                          "Average Sort Space Used": 26,
                          "Peak Sort Space Used": 26
                        }
                      }
                    },
                    {
                      "Worker Number": 1,
                      "Full-sort Groups": {
                        "Group Count": 43,
                        "Sort Methods Used": [
                          "quicksort"
                        ],
                        "Sort Space Memory": {
                          "Average Sort Space Used": 26,
                          "Peak Sort Space Used": 26
                        }
                      }
                    }
                  ],
                  "Plans": [
                    {
                      "Node Type": "Index Scan",
                      "Parent Relationship": "Outer",
                      "Parallel Aware": true,
                      "Async Capable": false,
                      "Scan Direction": "Forward",
                      "Index Name": "pk_customer",
                      "Relation Name": "customer",
                      "Alias": "c",
                      "Startup Cost": 0.42,
                      "Total Cost": 6792.43,
                      "Plan Rows": 62500,
                      "Plan Width": 23,
                      "Workers": []
                    }
                  ]
                }
              ]
            },
            {
              "Node Type": "Materialize",
              "Parent Relationship": "Inner",
              "Parallel Aware": false,
              "Async Capable": false,
              "Startup Cost": 0.0,
              "Total Cost": 49784.75,
              "Plan Rows": 302750,
              "Plan Width": 4,
              "Plans": [
                {
                  "Node Type": "Seq Scan",
                  "Parent Relationship": "Outer",
                  "Parallel Aware": false,
                  "Async Capable": false,
                  "Relation Name": "orders",
                  "Alias": "o",
                  "Startup Cost": 0.0,
                  "Total Cost": 47088.0,
                  "Plan Rows": 302750,
                  "Plan Width": 4,
                  "Filter": "(o_orderpriority = '1-URGENT'::bpchar)",
                  "Rows Removed by Filter": 1199657
                }
              ]
            }
          ]
        }
      ]
    },
    {
      "Node Type": "Subquery Scan",
      "Parent Relationship": "Member",
      "Parallel Aware": false,
      "Async Capable": false,
      "Alias": "*SELECT* 2",
      "Startup Cost": 1.91,
      "Total Cost": 21.99,
      "Plan Rows": 12,
      "Plan Width": 36,
      "Plans": [
        {
          "Node Type": "Limit",
          "Parent Relationship": "Subquery",
          "Parallel Aware": false,
          "Async Capable": false,
          "Startup Cost": 1.91,
          "Total Cost": 21.84,
          "Plan Rows": 12,
          "Plan Width": 30,
          "Plans": [
            {
              "Node Type": "Incremental Sort",
              "Parent Relationship": "Outer",
              "Parallel Aware": false,
              "Async Capable": false,
              "Startup Cost": 1.91,
              "Total Cost": 666.09,
              "Plan Rows": 400,
              "Plan Width": 30,
              "Sort Key": [
                "s.s_suppkey DESC",
                "s.s_name"
              ],
              "Presorted Key": [
                "s.s_suppkey"
              ],
              "Full-sort Groups": {
                "Group Count": 1,
                "Sort Methods Used": [
                  "quicksort"
                ],
                "Sort Space Memory": {
                  "Average Sort Space Used": 25,
                  "Peak Sort Space Used": 25
                }
              },
              "Plans": [
                {
                  "Node Type": "Nested Loop",
                  "Parent Relationship": "Outer",
                  "Parallel Aware": false,
                  "Async Capable": false,
                  "Join Type": "Inner",
                  "Startup Cost": 0.29,
                  "Total Cost": 648.09,
                  "Plan Rows": 400,
                  "Plan Width": 30,
                  "Inner Unique": true,
                  "Join Filter": "(n.n_nationkey = s.s_nationkey)",
                  "Rows Removed by Join Filter": 281,
                  "Plans": [
                    {
                      "Node Type": "Index Scan",
                      "Parent Relationship": "Outer",
                      "Parallel Aware": false,
                      "Async Capable": false,
                      "Scan Direction": "Backward",
                      "Index Name": "pk_supplier",
                      "Relation Name": "supplier",
                      "Alias": "s",
                      "Startup Cost": 0.29,
                      "Total Cost": 496.78,
                      "Plan Rows": 10000,
                      "Plan Width": 34
                    },
                    {
                      "Node Type": "Materialize",
                      "Parent Relationship": "Inner",
                      "Parallel Aware": false,
                      "Async Capable": false,
                      "Startup Cost": 0.0,
                      "Total Cost": 1.32,
                      "Plan Rows": 1,
                      "Plan Width": 4,
                      "Plans": [
                        {
                          "Node Type": "Seq Scan",
                          "Parent Relationship": "Outer",
                          "Parallel Aware": false,
                          "Async Capable": false,
                          "Relation Name": "nation",
                          "Alias": "n",
                          "Startup Cost": 0.0,
                          "Total Cost": 1.31,
                          "Plan Rows": 1,
                          "Plan Width": 4,
                          "Filter": "(n_name = 'GERMANY'::bpchar)",
                          "Rows Removed by Filter": 24
                        }
                      ]
                    }
                  ]
                }
              ]
            }
          ]
        }
      ]
    }
  ]
}