{
  "Node Type": "Append",
  "Parallel Aware": false,
  "Async Capable": false,
  "Startup Cost": 357.05,
  "Total Cost": 227910.81,
  "Plan Rows": 11,
  "Plan Width": 49,
  "Subplans Removed": 0,
  "Plans": [
    {
      "Node Type": "Limit",
      "Parent Relationship": "Member",
      "Parallel Aware": false,
      "Async Capable": false,
      "Startup Cost": 357.05,
      "Total Cost": 357.05,
      "Plan Rows": 1,
      "Plan Width": 58,
      "Plans": [
        {
          "Node Type": "Sort",
          "Parent Relationship": "Outer",
          "Parallel Aware": false,
          "Async Capable": false,
          "Startup Cost": 357.05,
          "Total Cost": 357.05,
          "Plan Rows": 1,
          "Plan Width": 58,
          "Sort Key": [
            "n.n_name DESC"
          ],
          "Sort Method": "quicksort",
          "Sort Space Used": 25,
          "Sort Space Type": "Memory",
          "Plans": [
            {
              "Node Type": "Aggregate",
              "Strategy": "Hashed",
              "Partial Mode": "Simple",
              "Parent Relationship": "Outer",
              "Parallel Aware": false,
              "Async Capable": false,
              "Startup Cost": 357.02,
              "Total Cost": 357.04,
              "Plan Rows": 1,
              "Plan Width": 58,
              "Group Key": [
                "n.n_name"
              ],
              "Planned Partitions": 0,
              "HashAgg Batches": 1,
              "Peak Memory Usage": 24,
              "Disk Usage": 0,
              "Plans": [
                {
                  "Node Type": "Hash Join",
                  "Parent Relationship": "Outer",
                  "Parallel Aware": false,
                  "Async Capable": false,
                  "Join Type": "Inner",
                  "Startup Cost": 1.32,
                  "Total Cost": 355.02,
                  "Plan Rows": 400,
                  "Plan Width": 32,
                  "Inner Unique": true,
                  "Hash Cond": "(s.s_nationkey = n.n_nationkey)",
                  "Plans": [
                    {
                      "Node Type": "Seq Scan",
                      "Parent Relationship": "Outer",
                      "Parallel Aware": false,
                      "Async Capable": false,
                      "Relation Name": "supplier",
                      "Alias": "s",
                      "Startup Cost": 0.0,
                      "Total Cost": 323.0,
                      "Plan Rows": 10000,
                      "Plan Width": 10
                    },
                    {
                      "Node Type": "Hash",
                      "Parent Relationship": "Inner",
                      "Parallel Aware": false,
                      "Async Capable": false,
                      "Startup Cost": 1.31,
                      "Total Cost": 1.31,
                      "Plan Rows": 1,
                      "Plan Width": 30,
                      "Hash Buckets": 1024,
                      "Original Hash Buckets": 1024,
                      "Hash Batches": 1,
                      "Original Hash Batches": 1,
                      "Peak Memory Usage": 9,
                      "Plans": [
                        {
                          "Node Type": "Seq Scan",
                          "Parent Relationship": "Outer",
                          "Parallel Aware": false,
                          "Async Capable": false,
                          "Relation Name": "nation",
                          "Alias": "n",
                          "Startup Cost": 0.0,
                          "Total Cost": 1.31,
                          "Plan Rows": 1,
                          "Plan Width": 30,
                          "Filter": "(n_name ~~ '%UNITED%'::text)",
                          "Rows Removed by Filter": 23
                        }
                      ]
                    }
                  ]
                }
              ]
            }
          ]
        }
      ]
    },
    {
      "Node Type": "Limit",
      "Parent Relationship": "Member",
      "Parallel Aware": false,
      "Async Capable": false,
      "Startup Cost": 227553.68,
      "Total Cost": 227553.7,
      "Plan Rows": 10,
      "Plan Width": 48,
      "Plans": [
        {
          "Node Type": "Sort",
          "Parent Relationship": "Outer",
          "Parallel Aware": false,
          "Async Capable": false,
          "Startup Cost": 227553.68,
          "Total Cost": 227556.18,
          "Plan Rows": 1000,
          "Plan Width": 48,
          "Sort Key": [
            "(sum(l.l_extendedprice)) DESC"
          ],
          "Sort Method": "top-N heapsort",
          "Sort Space Used": 26,
          "Sort Space Type": "Memory",
          "Plans": [
            {
              "Node Type": "Aggregate",
              "Strategy": "Sorted",
              "Partial Mode": "Finalize",
              "Parent Relationship": "Outer",
              "Parallel Aware": false,
              "Async Capable": false,
              "Startup Cost": 227271.22,
              "Total Cost": 227532.07,
              "Plan Rows": 1000,
              "Plan Width": 48,
              "Group Key": [
                "o.o_clerk"
              ],
              "Plans": [
                {
                  "Node Type": "Gather Merge",
                  "Parent Relationship": "Outer",
                  "Parallel Aware": false,
                  "Async Capable": false,
                  "Startup Cost": 227271.22,
                  "Total Cost": 227504.57,
                  "Plan Rows": 2000,
                  "Plan Width": 48,
                  "Workers Planned": 2,
                  "Workers Launched": 2,
                  "Plans": [
                    {
                      "Node Type": "Sort",
                      "Parent Relationship": "Outer",
                      "Parallel Aware": false,
                      "Async Capable": false,
                      "Startup Cost": 226271.2,
                      "Total Cost": 226273.7,
                      "Plan Rows": 1000,
                      "Plan Width": 48,
                      "Sort Key": [
                        "o.o_clerk"
                      ],
                      "Sort Method": "quicksort",
                      "Sort Space Used": 126,
                      "Sort Space Type": "Memory",
                      "Workers": [
                        {
                          "Worker Number": 0,
                          "Sort Method": "quicksort",
                          "Sort Space Used": 126,
                          "Sort Space Type": "Memory"
                        },
                        {
                          "Worker Number": 1,
                          "Sort Method": "quicksort",
                          "Sort Space Used": 126,
                          "Sort Space Type": "Memory"
                        }
                      ],
                      "Plans": [
                        {
                          "Node Type": "Aggregate",
                          "Strategy": "Hashed",
                          "Partial Mode": "Partial",
                          "Parent Relationship": "Outer",
                          "Parallel Aware": false,
                          "Async Capable": false,
                          "Startup Cost": 226208.87,
                          "Total Cost": 226221.37,
                          "Plan Rows": 1000,
                          "Plan Width": 48,
                          "Group Key": [
                            "o.o_clerk"
                          ],
                          "Planned Partitions": 0,
                          "HashAgg Batches": 1,
                          "Peak Memory Usage": 577,
                          "Disk Usage": 0,
                          "Workers": [
                            {
                              "Worker Number": 0,
                              "HashAgg Batches": 1,
                              "Peak Memory Usage": 577,
                              "Disk Usage": 0
                            },
                            {
                              "Worker Number": 1,
                              "HashAgg Batches": 1,
                              "Peak Memory Usage": 577,
                              "Disk Usage": 0
                            }
                          ],
                          "Plans": [
                            {
                              "Node Type": "Hash Join",
                              "Parent Relationship": "Outer",
                              "Parallel Aware": true,
                              "Async Capable": false,
                              "Join Type": "Inner",
                              "Startup Cost": 41372.95,
                              "Total Cost": 220518.67,
                              "Plan Rows": 1138040,
                              "Plan Width": 24,
                              "Inner Unique": true,
                              "Hash Cond": "(l.l_orderkey = o.o_orderkey)",
                              "Workers": [],
                              "Plans": [
                                {
                                  "Node Type": "Seq Scan",
                                  "Parent Relationship": "Outer",
                                  "Parallel Aware": true,
                                  "Async Capable": false,
                                  "Relation Name": "lineitem",
                                  "Alias": "l",
                                  "Startup Cost": 0.0,
                                  "Total Cost": 146492.49,
                                  "Plan Rows": 2500649,
                                  "Plan Width": 16,
                                  "Workers": []
                                },
                                {
                                  "Node Type": "Hash",
                                  "Parent Relationship": "Inner",
                                  "Parallel Aware": true,
                                  "Async Capable": false,
                                  "Startup Cost": 36150.5,
                                  "Total Cost": 36150.5,
                                  "Plan Rows": 284436,
                                  "Plan Width": 24,
                                  "Hash Buckets": 131072,
                                  "Original Hash Buckets": 131072,
                                  "Hash Batches": 8,
                                  "Original Hash Batches": 8,
                                  "Peak Memory Usage": 5760,
                                  "Workers": [],
                                  "Plans": [
                                    {
                                      "Node Type": "Seq Scan",
                                      "Parent Relationship": "Outer",
                                      "Parallel Aware": true,
                                      "Async Capable": false,
                                      "Relation Name": "orders",
                                      "Alias": "o",
                                      "Startup Cost": 0.0,
                                      "Total Cost": 36150.5,
                                      "Plan Rows": 284436,
                                      "Plan Width": 24,
                                      "Filter": "(o_orderdate <= '1995-01-01'::date)",
                                      "Rows Removed by Filter": 272686,
                                      "Workers": []
                                    }
                                  ]
                                }
                              ]
                            }
                          ]
                        }
                      ]
                    }
                  ]
                }
              ]
            }
          ]
        }
      ]
    }
  ]
}