[
  {
    "Plan": {
      "Node Type": "Aggregate",
      "Strategy": "Sorted",
      "Partial Mode": "Finalize",
      "Parallel Aware": false,
      "Async Capable": false,
      "Startup Cost": 194094.76,
      "Total Cost": 194096.03,
      "Plan Rows": 5,
      "Plan Width": 24,
      "Actual Startup Time": 943.146,
      "Actual Total Time": 949.537,
      "Actual Rows": 5,
      "Actual Loops": 1,
      "Group Key": [
        "orders.o_orderpriority"
      ],
      "Shared Hit Blocks": 1060,
      "Shared Read Blocks": 148808,
      "Shared Dirtied Blocks": 0,
      "Shared Written Blocks": 0,
      "Local Hit Blocks": 0,
      "Local Read Blocks": 0,
      "Local Dirtied Blocks": 0,
      "Local Written Blocks": 0,
      "Temp Read Blocks": 0,
      "Temp Written Blocks": 0,
      "Plans": [
        {
          "Node Type": "Gather Merge",
          "Parent Relationship": "Outer",
          "Parallel Aware": false,
          "Async Capable": false,
          "Startup Cost": 194094.76,
          "Total Cost": 194095.93,
          "Plan Rows": 10,
          "Plan Width": 24,
          "Actual Startup Time": 943.128,
          "Actual Total Time": 949.522,
          "Actual Rows": 15,
          "Actual Loops": 1,
          "Workers Planned": 2,
          "Workers Launched": 2,
          "Shared Hit Blocks": 1060,
          "Shared Read Blocks": 148808,
          "Shared Dirtied Blocks": 0,
          "Shared Written Blocks": 0,
          "Local Hit Blocks": 0,
          "Local Read Blocks": 0,
          "Local Dirtied Blocks": 0,
          "Local Written Blocks": 0,
          "Temp Read Blocks": 0,
          "Temp Written Blocks": 0,
          "Plans": [
            {
              "Node Type": "Sort",
              "Parent Relationship": "Outer",
              "Parallel Aware": false,
              "Async Capable": false,
              "Startup Cost": 193094.74,
              "Total Cost": 193094.75,
              "Plan Rows": 5,
              "Plan Width": 24,
              "Actual Startup Time": 900.593,
              "Actual Total Time": 900.596,
              "Actual Rows": 5,
              "Actual Loops": 3,
              "Sort Key": [
                "orders.o_orderpriority"
              ],
              "Sort Method": "quicksort",
              "Sort Space Used": 25,
              "Sort Space Type": "Memory",
              "Shared Hit Blocks": 1060,
              "Shared Read Blocks": 148808,
              "Shared Dirtied Blocks": 0,
              "Shared Written Blocks": 0,
              "Local Hit Blocks": 0,
              "Local Read Blocks": 0,
              "Local Dirtied Blocks": 0,
              "Local Written Blocks": 0,
              "Temp Read Blocks": 0,
              "Temp Written Blocks": 0,
              "Workers": [
                {
                  "Worker Number": 0,
                  "Sort Method": "quicksort",
                  "Sort Space Used": 25,
                  "Sort Space Type": "Memory"
                },
                {
                  "Worker Number": 1,
                  "Sort Method": "quicksort",
                  "Sort Space Used": 25,
                  "Sort Space Type": "Memory"
                }
              ],
              "Plans": [
                {
                  "Node Type": "Aggregate",
                  "Strategy": "Hashed",
                  "Partial Mode": "Partial",
                  "Parent Relationship": "Outer",
                  "Parallel Aware": false,
                  "Async Capable": false,
                  "Startup Cost": 193094.63,
                  "Total Cost": 193094.68,
                  "Plan Rows": 5,
                  "Plan Width": 24,
                  "Actual Startup Time": 900.554,
                  "Actual Total Time": 900.558,
                  "Actual Rows": 5,
                  "Actual Loops": 3,
                  "Group Key": [
                    "orders.o_orderpriority"
                  ],
                  "Planned Partitions": 0,
                  "HashAgg Batches": 1,
                  "Peak Memory Usage": 24,
                  "Disk Usage": 0,
                  "Shared Hit Blocks": 1046,
                  "Shared Read Blocks": 148808,
                  "Shared Dirtied Blocks": 0,
                  "Shared Written Blocks": 0,
                  "Local Hit Blocks": 0,
                  "Local Read Blocks": 0,
                  "Local Dirtied Blocks": 0,
                  "Local Written Blocks": 0,
                  "Temp Read Blocks": 0,
                  "Temp Written Blocks": 0,
                  "Workers": [
                    {
                      "Worker Number": 0,
                      "HashAgg Batches": 1,
                      "Peak Memory Usage": 24,
                      "Disk Usage": 0
                    },
                    {
                      "Worker Number": 1,
                      "HashAgg Batches": 1,
                      "Peak Memory Usage": 24,
                      "Disk Usage": 0
                    }
                  ],
                  "Plans": [
                    {
                      "Node Type": "Hash Join",
                      "Parent Relationship": "Outer",
                      "Parallel Aware": true,
                      "Async Capable": false,
                      "Join Type": "Inner",
                      "Startup Cost": 38006.09,
                      "Total Cost": 192938.28,
                      "Plan Rows": 31270,
                      "Plan Width": 16,
                      "Actual Startup Time": 124.961,
                      "Actual Total Time": 887.838,
                      "Actual Rows": 48917,
                      "Actual Loops": 3,
                      "Inner Unique": true,
                      "Hash Cond": "(lineitem.l_orderkey = orders.o_orderkey)",
                      "Shared Hit Blocks": 1046,
                      "Shared Read Blocks": 148808,
                      "Shared Dirtied Blocks": 0,
                      "Shared Written Blocks": 0,
                      "Local Hit Blocks": 0,
                      "Local Read Blocks": 0,
                      "Local Dirtied Blocks": 0,
                      "Local Written Blocks": 0,
                      "Temp Read Blocks": 0,
                      "Temp Written Blocks": 0,
                      "Workers": [],
                      "Plans": [
                        {
                          "Node Type": "Seq Scan",
                          "Parent Relationship": "Outer",
                          "Parallel Aware": true,
                          "Async Capable": false,
                          "Relation Name": "lineitem",
                          "Alias": "lineitem",
                          "Startup Cost": 0.0,
                          "Total Cost": 152744.11,
                          "Plan Rows": 833550,
                          "Plan Width": 8,
                          "Actual Startup Time": 0.631,
                          "Actual Total Time": 578.127,
                          "Actual Rows": 1281011,
                          "Actual Loops": 3,
                          "Filter": "(l_commitdate <= l_receiptdate)",
                          "Rows Removed by Filter": 719394,
                          "Shared Hit Blocks": 407,
                          "Shared Read Blocks": 121079,
                          "Shared Dirtied Blocks": 0,
                          "Shared Written Blocks": 0,
                          "Local Hit Blocks": 0,
                          "Local Read Blocks": 0,
                          "Local Dirtied Blocks": 0,
                          "Local Written Blocks": 0,
                          "Temp Read Blocks": 0,
                          "Temp Written Blocks": 0,
                          "Workers": []
                        },
                        {
                          "Node Type": "Hash",
                          "Parent Relationship": "Inner",
                          "Parallel Aware": true,
                          "Async Capable": false,
                          "Startup Cost": 37713.0,
                          "Total Cost": 37713.0,
                          "Plan Rows": 23447,
                          "Plan Width": 24,
                          "Actual Startup Time": 123.592,
                          "Actual Total Time": 123.592,
                          "Actual Rows": 19073,
                          "Actual Loops": 3,
                          "Hash Buckets": 65536,
                          "Original Hash Buckets": 65536,
                          "Hash Batches": 1,
                          "Original Hash Batches": 1,
                          "Peak Memory Usage": 3680,
                          "Shared Hit Blocks": 609,
                          "Shared Read Blocks": 27729,
                          "Shared Dirtied Blocks": 0,
                          "Shared Written Blocks": 0,
                          "Local Hit Blocks": 0,
                          "Local Read Blocks": 0,
                          "Local Dirtied Blocks": 0,
                          "Local Written Blocks": 0,
                          "Temp Read Blocks": 0,
                          "Temp Written Blocks": 0,
                          "Workers": [],
                          "Plans": [
                            {
                              "Node Type": "Seq Scan",
                              "Parent Relationship": "Outer",
                              "Parallel Aware": true,
                              "Async Capable": false,
                              "Relation Name": "orders",
                              "Alias": "orders",
                              "Startup Cost": 0.0,
                              "Total Cost": 37713.0,
                              "Plan Rows": 23447,
                              "Plan Width": 24,
                              "Actual Startup Time": 0.535,
                              "Actual Total Time": 117.063,
                              "Actual Rows": 19073,
                              "Actual Loops": 3,
                              "Filter": "((o_orderdate >= '1993-07-01'::date) AND (o_orderdate < '1993-10-01'::date))",
                              "Rows Removed by Filter": 480927,
                              "Shared Hit Blocks": 609,
                              "Shared Read Blocks": 27729,
                              "Shared Dirtied Blocks": 0,
                              "Shared Written Blocks": 0,
                              "Local Hit Blocks": 0,
                              "Local Read Blocks": 0,
                              "Local Dirtied Blocks": 0,
                              "Local Written Blocks": 0,
                              "Temp Read Blocks": 0,
                              "Temp Written Blocks": 0,
                              "Workers": []
                            }
                          ]
                        }
                      ]
                    }
                  ]
                }
              ]
            }
          ]
        }
      ]
    },
    "Planning": {
      "Shared Hit Blocks": 16,
      "Shared Read Blocks": 0,
      "Shared Dirtied Blocks": 0,
      "Shared Written Blocks": 0,
      "Local Hit Blocks": 0,
      "Local Read Blocks": 0,
      "Local Dirtied Blocks": 0,
      "Local Written Blocks": 0,
      "Temp Read Blocks": 0,
      "Temp Written Blocks": 0
    },
    "Planning Time": 0.349,
    "Triggers": [],
    "Execution Time": 949.601
  }
]