[
  {
    "Plan": {
      "Node Type": "Limit",
      "Parallel Aware": false,
      "Async Capable": false,
      "Startup Cost": 200147.12,
      "Total Cost": 200147.13,
      "Plan Rows": 1,
      "Plan Width": 12,
      "Actual Startup Time": 1337.619,
      "Actual Total Time": 1418.638,
      "Actual Rows": 7,
      "Actual Loops": 1,
      "Shared Hit Blocks": 11217,
      "Shared Read Blocks": 128180,
      "Shared Dirtied Blocks": 0,
      "Shared Written Blocks": 0,
      "Local Hit Blocks": 0,
      "Local Read Blocks": 0,
      "Local Dirtied Blocks": 0,
      "Local Written Blocks": 0,
      "Temp Read Blocks": 5949,
      "Temp Written Blocks": 6012,
      "Plans": [
        {
          "Node Type": "Sort",
          "Parent Relationship": "Outer",
          "Parallel Aware": false,
          "Async Capable": false,
          "Startup Cost": 200147.12,
          "Total Cost": 200147.13,
          "Plan Rows": 1,
          "Plan Width": 12,
          "Actual Startup Time": 1337.617,
          "Actual Total Time": 1418.635,
          "Actual Rows": 7,
          "Actual Loops": 1,
          "Sort Key": [
            "lineitem.l_orderkey"
          ],
          "Sort Method": "top-N heapsort",
          "Sort Space Used": 25,
          "Sort Space Type": "Memory",
          "Shared Hit Blocks": 11217,
          "Shared Read Blocks": 128180,
          "Shared Dirtied Blocks": 0,
          "Shared Written Blocks": 0,
          "Local Hit Blocks": 0,
          "Local Read Blocks": 0,
          "Local Dirtied Blocks": 0,
          "Local Written Blocks": 0,
          "Temp Read Blocks": 5949,
          "Temp Written Blocks": 6012,
          "Plans": [
            {
              "Node Type": "Nested Loop",
              "Parent Relationship": "Outer",
              "Parallel Aware": false,
              "Async Capable": false,
              "Join Type": "Inner",
              "Startup Cost": 29312.09,
              "Total Cost": 200147.11,
              "Plan Rows": 1,
              "Plan Width": 12,
              "Actual Startup Time": 1252.185,
              "Actual Total Time": 1418.565,
              "Actual Rows": 50,
              "Actual Loops": 1,
              "Inner Unique": true,
              "Shared Hit Blocks": 11217,
              "Shared Read Blocks": 128180,
              "Shared Dirtied Blocks": 0,
              "Shared Written Blocks": 0,
              "Local Hit Blocks": 0,
              "Local Read Blocks": 0,
              "Local Dirtied Blocks": 0,
              "Local Written Blocks": 0,
              "Temp Read Blocks": 5949,
              "Temp Written Blocks": 6012,
              "Plans": [
                {
                  "Node Type": "Gather",
                  "Parent Relationship": "Outer",
                  "Parallel Aware": false,
                  "Async Capable": false,
                  "Startup Cost": 29311.66,
                  "Total Cost": 200146.38,
                  "Plan Rows": 1,
                  "Plan Width": 16,
                  "Actual Startup Time": 1252.085,
                  "Actual Total Time": 1415.839,
                  "Actual Rows": 50,
                  "Actual Loops": 1,
                  "Workers Planned": 2,
                  "Workers Launched": 2,
                  "Single Copy": false,
                  "Shared Hit Blocks": 11127,
                  "Shared Read Blocks": 128070,
                  "Shared Dirtied Blocks": 0,
                  "Shared Written Blocks": 0,
                  "Local Hit Blocks": 0,
                  "Local Read Blocks": 0,
                  "Local Dirtied Blocks": 0,
                  "Local Written Blocks": 0,
                  "Temp Read Blocks": 5949,
                  "Temp Written Blocks": 6012,
                  "Plans": [
                    {
                      "Node Type": "Hash Join",
                      "Parent Relationship": "Outer",
                      "Parallel Aware": true,
                      "Async Capable": false,
                      "Join Type": "Inner",
                      "Startup Cost": 28311.66,
                      "Total Cost": 199146.28,
                      "Plan Rows": 1,
                      "Plan Width": 16,
                      "Actual Startup Time": 1187.235,
                      "Actual Total Time": 1288.636,
                      "Actual Rows": 17,
                      "Actual Loops": 3,
                      "Inner Unique": true,
                      "Hash Cond": "((lineitem.l_partkey = partsupp.ps_partkey) AND (lineitem.l_suppkey = partsupp.ps_suppkey) AND (lineitem.l_linenumber = partsupp.ps_availqty))",
                      "Shared Hit Blocks": 11127,
                      "Shared Read Blocks": 128070,
                      "Shared Dirtied Blocks": 0,
                      "Shared Written Blocks": 0,
                      "Local Hit Blocks": 0,
                      "Local Read Blocks": 0,
                      "Local Dirtied Blocks": 0,
                      "Local Written Blocks": 0,
                      "Temp Read Blocks": 5949,
                      "Temp Written Blocks": 6012,
                      "Workers": [],
                      "Plans": [
                        {
                          "Node Type": "Seq Scan",
                          "Parent Relationship": "Outer",
                          "Parallel Aware": true,
                          "Async Capable": false,
                          "Relation Name": "lineitem",
                          "Alias": "lineitem",
                          "Startup Cost": 0.0,
                          "Total Cost": 165247.36,
                          "Plan Rows": 202065,
                          "Plan Width": 24,
                          "Actual Startup Time": 0.69,
                          "Actual Total Time": 880.684,
                          "Actual Rows": 197647,
                          "Actual Loops": 3,
                          "Filter": "((l_commitdate <= l_receiptdate) AND (l_shipdate <= l_commitdate) AND (l_receiptdate > '1994-01-01'::date))",
                          "Rows Removed by Filter": 1802758,
                          "Shared Hit Blocks": 536,
                          "Shared Read Blocks": 120950,
                          "Shared Dirtied Blocks": 0,
                          "Shared Written Blocks": 0,
                          "Local Hit Blocks": 0,
                          "Local Read Blocks": 0,
                          "Local Dirtied Blocks": 0,
                          "Local Written Blocks": 0,
                          "Temp Read Blocks": 0,
                          "Temp Written Blocks": 0,
                          "Workers": []
                        },
                        {
                          "Node Type": "Hash",
                          "Parent Relationship": "Inner",
                          "Parallel Aware": true,
                          "Async Capable": false,
                          "Startup Cost": 20850.33,
                          "Total Cost": 20850.33,
                          "Plan Rows": 333333,
                          "Plan Width": 12,
                          "Actual Startup Time": 200.197,
                          "Actual Total Time": 200.198,
                          "Actual Rows": 266667,
                          "Actual Loops": 3,
                          "Hash Buckets": 262144,
                          "Original Hash Buckets": 262144,
                          "Hash Batches": 8,
                          "Original Hash Batches": 8,
                          "Peak Memory Usage": 6784,
                          "Shared Hit Blocks": 10397,
                          "Shared Read Blocks": 7120,
                          "Shared Dirtied Blocks": 0,
                          "Shared Written Blocks": 0,
                          "Local Hit Blocks": 0,
                          "Local Read Blocks": 0,
                          "Local Dirtied Blocks": 0,
                          "Local Written Blocks": 0,
                          "Temp Read Blocks": 0,
                          "Temp Written Blocks": 2780,
                          "Workers": [],
                          "Plans": [
                            {
                              "Node Type": "Seq Scan",
                              "Parent Relationship": "Outer",
                              "Parallel Aware": true,
                              "Async Capable": false,
                              "Relation Name": "partsupp",
                              "Alias": "partsupp",
                              "Startup Cost": 0.0,
                              "Total Cost": 20850.33,
                              "Plan Rows": 333333,
                              "Plan Width": 12,
                              "Actual Startup Time": 0.38,
                              "Actual Total Time": 105.996,
                              "Actual Rows": 266667,
                              "Actual Loops": 3,
                              "Shared Hit Blocks": 10397,
                              "Shared Read Blocks": 7120,
                              "Shared Dirtied Blocks": 0,
                              "Shared Written Blocks": 0,
                              "Local Hit Blocks": 0,
                              "Local Read Blocks": 0,
                              "Local Dirtied Blocks": 0,
                              "Local Written Blocks": 0,
                              "Temp Read Blocks": 0,
                              "Temp Written Blocks": 0,
                              "Workers": []
                            }
                          ]
                        }
                      ]
                    }
                  ]
                },
                {
                  "Node Type": "Index Scan",
                  "Parent Relationship": "Inner",
                  "Parallel Aware": false,
                  "Async Capable": false,
                  "Scan Direction": "Forward",
                  "Index Name": "pk_orders",
                  "Relation Name": "orders",
                  "Alias": "orders",
                  "Startup Cost": 0.43,
                  "Total Cost": 0.72,
                  "Plan Rows": 1,
                  "Plan Width": 12,
                  "Actual Startup Time": 0.052,
                  "Actual Total Time": 0.052,
                  "Actual Rows": 1,
                  "Actual Loops": 50,
                  "Index Cond": "(o_orderkey = lineitem.l_orderkey)",
                  "Rows Removed by Index Recheck": 0,
                  "Filter": "((o_orderdate >= '1990-01-01'::date) AND (lineitem.l_shipdate >= o_orderdate))",
                  "Rows Removed by Filter": 0,
                  "Shared Hit Blocks": 90,
                  "Shared Read Blocks": 110,
                  "Shared Dirtied Blocks": 0,
                  "Shared Written Blocks": 0,
                  "Local Hit Blocks": 0,
                  "Local Read Blocks": 0,
                  "Local Dirtied Blocks": 0,
                  "Local Written Blocks": 0,
                  "Temp Read Blocks": 0,
                  "Temp Written Blocks": 0
                }
              ]
            }
          ]
        }
      ]
    },
    "Planning": {
      "Shared Hit Blocks": 87,
      "Shared Read Blocks": 1,
      "Shared Dirtied Blocks": 0,
      "Shared Written Blocks": 0,
      "Local Hit Blocks": 0,
      "Local Read Blocks": 0,
      "Local Dirtied Blocks": 0,
      "Local Written Blocks": 0,
      "Temp Read Blocks": 0,
      "Temp Written Blocks": 0
    },
    "Planning Time": 1.294,
    "Triggers": [],
    "Execution Time": 1418.704
  }
]