[
  {
    "Plan": {
      "Node Type": "Limit",
      "Parallel Aware": false,
      "Async Capable": false,
      "Startup Cost": 62908.18,
      "Total Cost": 62908.18,
      "Plan Rows": 1,
      "Plan Width": 192,
      "Actual Startup Time": 738.183,
      "Actual Total Time": 738.304,
      "Actual Rows": 100,
      "Actual Loops": 1,
      "Shared Hit Blocks": 28959,
      "Shared Read Blocks": 23390,
      "Shared Dirtied Blocks": 0,
      "Shared Written Blocks": 0,
      "Local Hit Blocks": 0,
      "Local Read Blocks": 0,
      "Local Dirtied Blocks": 0,
      "Local Written Blocks": 0,
      "Temp Read Blocks": 3359,
      "Temp Written Blocks": 3359,
      "Plans": [
        {
          "Node Type": "Sort",
          "Parent Relationship": "Outer",
          "Parallel Aware": false,
          "Async Capable": false,
          "Startup Cost": 62908.18,
          "Total Cost": 62908.18,
          "Plan Rows": 1,
          "Plan Width": 192,
          "Actual Startup Time": 738.181,
          "Actual Total Time": 738.292,
          "Actual Rows": 100,
          "Actual Loops": 1,
          "Sort Key": [
            "supplier.s_acctbal DESC",
            "nation.n_name",
            "supplier.s_name",
            "part.p_partkey"
          ],
          "Sort Method": "top-N heapsort",
          "Sort Space Used": 71,
          "Sort Space Type": "Memory",
          "Shared Hit Blocks": 28959,
          "Shared Read Blocks": 23390,
          "Shared Dirtied Blocks": 0,
          "Shared Written Blocks": 0,
          "Local Hit Blocks": 0,
          "Local Read Blocks": 0,
          "Local Dirtied Blocks": 0,
          "Local Written Blocks": 0,
          "Temp Read Blocks": 3359,
          "Temp Written Blocks": 3359,
          "Plans": [
            {
              "Node Type": "Hash Join",
              "Parent Relationship": "Outer",
              "Parallel Aware": false,
              "Async Capable": false,
              "Join Type": "Inner",
              "Startup Cost": 37830.57,
              "Total Cost": 62908.17,
              "Plan Rows": 1,
              "Plan Width": 192,
              "Actual Startup Time": 574.24,
              "Actual Total Time": 737.648,
              "Actual Rows": 460,
              "Actual Loops": 1,
              "Inner Unique": false,
              "Hash Cond": "((part.p_partkey = partsupp.ps_partkey) AND ((SubPlan 1) = partsupp.ps_supplycost))",
              "Shared Hit Blocks": 28959,
              "Shared Read Blocks": 23390,
              "Shared Dirtied Blocks": 0,
              "Shared Written Blocks": 0,
              "Local Hit Blocks": 0,
              "Local Read Blocks": 0,
              "Local Dirtied Blocks": 0,
              "Local Written Blocks": 0,
              "Temp Read Blocks": 3359,
              "Temp Written Blocks": 3359,
              "Plans": [
                {
                  "Node Type": "Gather",
                  "Parent Relationship": "Outer",
                  "Parallel Aware": false,
                  "Async Capable": false,
                  "Startup Cost": 1000.0,
                  "Total Cost": 6617.8,
                  "Plan Rows": 638,
                  "Plan Width": 30,
                  "Actual Startup Time": 0.92,
                  "Actual Total Time": 1.27,
                  "Actual Rows": 747,
                  "Actual Loops": 1,
                  "Workers Planned": 2,
                  "Workers Launched": 2,
                  "Single Copy": false,
                  "Shared Hit Blocks": 96,
                  "Shared Read Blocks": 4208,
                  "Shared Dirtied Blocks": 0,
                  "Shared Written Blocks": 0,
                  "Local Hit Blocks": 0,
                  "Local Read Blocks": 0,
                  "Local Dirtied Blocks": 0,
                  "Local Written Blocks": 0,
                  "Temp Read Blocks": 0,
                  "Temp Written Blocks": 0,
                  "Plans": [
                    {
                      "Node Type": "Seq Scan",
                      "Parent Relationship": "Outer",
                      "Parallel Aware": true,
                      "Async Capable": false,
                      "Relation Name": "part",
                      "Alias": "part",
                      "Startup Cost": 0.0,
                      "Total Cost": 5554.0,
                      "Plan Rows": 266,
                      "Plan Width": 30,
                      "Actual Startup Time": 0.667,
                      "Actual Total Time": 22.382,
                      "Actual Rows": 249,
                      "Actual Loops": 3,
                      "Filter": "(((p_type)::text ~~ '%BRASS'::text) AND (p_size = 15))",
                      "Rows Removed by Filter": 66418,
                      "Shared Hit Blocks": 96,
                      "Shared Read Blocks": 4208,
                      "Shared Dirtied Blocks": 0,
                      "Shared Written Blocks": 0,
                      "Local Hit Blocks": 0,
                      "Local Read Blocks": 0,
                      "Local Dirtied Blocks": 0,
                      "Local Written Blocks": 0,
                      "Temp Read Blocks": 0,
                      "Temp Written Blocks": 0,
                      "Workers": []
                    }
                  ]
                },
                {
                  "Node Type": "Hash",
                  "Parent Relationship": "Inner",
                  "Parallel Aware": false,
                  "Async Capable": false,
                  "Startup Cost": 30523.57,
                  "Total Cost": 30523.57,
                  "Plan Rows": 160000,
                  "Plan Width": 172,
                  "Actual Startup Time": 566.328,
                  "Actual Total Time": 566.343,
                  "Actual Rows": 158960,
                  "Actual Loops": 1,
                  "Hash Buckets": 65536,
                  "Original Hash Buckets": 65536,
                  "Hash Batches": 8,
                  "Original Hash Batches": 8,
                  "Peak Memory Usage": 4543,
                  "Shared Hit Blocks": 1,
                  "Shared Read Blocks": 17741,
                  "Shared Dirtied Blocks": 0,
                  "Shared Written Blocks": 0,
                  "Local Hit Blocks": 0,
                  "Local Read Blocks": 0,
                  "Local Dirtied Blocks": 0,
                  "Local Written Blocks": 0,
                  "Temp Read Blocks": 0,
                  "Temp Written Blocks": 3345,
                  "Plans": [
                    {
                      "Node Type": "Hash Join",
                      "Parent Relationship": "Outer",
                      "Parallel Aware": false,
                      "Async Capable": false,
                      "Join Type": "Inner",
                      "Startup Cost": 408.01,
                      "Total Cost": 30523.57,
                      "Plan Rows": 160000,
                      "Plan Width": 172,
                      "Actual Startup Time": 6.491,
                      "Actual Total Time": 414.216,
                      "Actual Rows": 158960,
                      "Actual Loops": 1,
                      "Inner Unique": false,
                      "Hash Cond": "(partsupp.ps_suppkey = supplier.s_suppkey)",
                      "Shared Hit Blocks": 1,
                      "Shared Read Blocks": 17741,
                      "Shared Dirtied Blocks": 0,
                      "Shared Written Blocks": 0,
                      "Local Hit Blocks": 0,
                      "Local Read Blocks": 0,
                      "Local Dirtied Blocks": 0,
                      "Local Written Blocks": 0,
                      "Temp Read Blocks": 0,
                      "Temp Written Blocks": 0,
                      "Plans": [
                        {
                          "Node Type": "Seq Scan",
                          "Parent Relationship": "Outer",
                          "Parallel Aware": false,
                          "Async Capable": false,
                          "Relation Name": "partsupp",
                          "Alias": "partsupp",
                          "Startup Cost": 0.0,
                          "Total Cost": 25517.0,
                          "Plan Rows": 800000,
                          "Plan Width": 14,
                          "Actual Startup Time": 0.046,
                          "Actual Total Time": 227.089,
                          "Actual Rows": 800000,
                          "Actual Loops": 1,
                          "Shared Hit Blocks": 0,
                          "Shared Read Blocks": 17517,
                          "Shared Dirtied Blocks": 0,
                          "Shared Written Blocks": 0,
                          "Local Hit Blocks": 0,
                          "Local Read Blocks": 0,
                          "Local Dirtied Blocks": 0,
                          "Local Written Blocks": 0,
                          "Temp Read Blocks": 0,
                          "Temp Written Blocks": 0
                        },
                        {
                          "Node Type": "Hash",
                          "Parent Relationship": "Inner",
                          "Parallel Aware": false,
                          "Async Capable": false,
                          "Startup Cost": 383.01,
                          "Total Cost": 383.01,
                          "Plan Rows": 2000,
                          "Plan Width": 166,
                          "Actual Startup Time": 6.422,
                          "Actual Total Time": 6.435,
                          "Actual Rows": 1987,
                          "Actual Loops": 1,
                          "Hash Buckets": 2048,
                          "Original Hash Buckets": 2048,
                          "Hash Batches": 1,
                          "Original Hash Batches": 1,
                          "Peak Memory Usage": 409,
                          "Shared Hit Blocks": 1,
                          "Shared Read Blocks": 224,
                          "Shared Dirtied Blocks": 0,
                          "Shared Written Blocks": 0,
                          "Local Hit Blocks": 0,
                          "Local Read Blocks": 0,
                          "Local Dirtied Blocks": 0,
                          "Local Written Blocks": 0,
                          "Temp Read Blocks": 0,
                          "Temp Written Blocks": 0,
                          "Plans": [
                            {
                              "Node Type": "Hash Join",
                              "Parent Relationship": "Outer",
                              "Parallel Aware": false,
                              "Async Capable": false,
                              "Join Type": "Inner",
                              "Startup Cost": 2.51,
                              "Total Cost": 383.01,
                              "Plan Rows": 2000,
                              "Plan Width": 166,
                              "Actual Startup Time": 0.11,
                              "Actual Total Time": 5.283,
                              "Actual Rows": 1987,
                              "Actual Loops": 1,
                              "Inner Unique": false,
                              "Hash Cond": "(supplier.s_nationkey = nation.n_nationkey)",
                              "Shared Hit Blocks": 1,
                              "Shared Read Blocks": 224,
                              "Shared Dirtied Blocks": 0,
                              "Shared Written Blocks": 0,
                              "Local Hit Blocks": 0,
                              "Local Read Blocks": 0,
                              "Local Dirtied Blocks": 0,
                              "Local Written Blocks": 0,
                              "Temp Read Blocks": 0,
                              "Temp Written Blocks": 0,
                              "Plans": [
                                {
                                  "Node Type": "Seq Scan",
                                  "Parent Relationship": "Outer",
                                  "Parallel Aware": false,
                                  "Async Capable": false,
                                  "Relation Name": "supplier",
                                  "Alias": "supplier",
                                  "Startup Cost": 0.0,
                                  "Total Cost": 323.0,
                                  "Plan Rows": 10000,
                                  "Plan Width": 144,
                                  "Actual Startup Time": 0.027,
                                  "Actual Total Time": 3.078,
                                  "Actual Rows": 10000,
                                  "Actual Loops": 1,
                                  "Shared Hit Blocks": 0,
                                  "Shared Read Blocks": 223,
                                  "Shared Dirtied Blocks": 0,
                                  "Shared Written Blocks": 0,
                                  "Local Hit Blocks": 0,
                                  "Local Read Blocks": 0,
                                  "Local Dirtied Blocks": 0,
                                  "Local Written Blocks": 0,
                                  "Temp Read Blocks": 0,
                                  "Temp Written Blocks": 0
                                },
                                {
                                  "Node Type": "Hash",
                                  "Parent Relationship": "Inner",
                                  "Parallel Aware": false,
                                  "Async Capable": false,
                                  "Startup Cost": 2.45,
                                  "Total Cost": 2.45,
                                  "Plan Rows": 5,
                                  "Plan Width": 30,
                                  "Actual Startup Time": 0.075,
                                  "Actual Total Time": 0.079,
                                  "Actual Rows": 5,
                                  "Actual Loops": 1,
                                  "Hash Buckets": 1024,
                                  "Original Hash Buckets": 1024,
                                  "Hash Batches": 1,
                                  "Original Hash Batches": 1,
                                  "Peak Memory Usage": 9,
                                  "Shared Hit Blocks": 1,
                                  "Shared Read Blocks": 1,
                                  "Shared Dirtied Blocks": 0,
                                  "Shared Written Blocks": 0,
                                  "Local Hit Blocks": 0,
                                  "Local Read Blocks": 0,
                                  "Local Dirtied Blocks": 0,
                                  "Local Written Blocks": 0,
                                  "Temp Read Blocks": 0,
                                  "Temp Written Blocks": 0,
                                  "Plans": [
                                    {
                                      "Node Type": "Hash Join",
                                      "Parent Relationship": "Outer",
                                      "Parallel Aware": false,
                                      "Async Capable": false,
                                      "Join Type": "Inner",
                                      "Startup Cost": 1.07,
                                      "Total Cost": 2.45,
                                      "Plan Rows": 5,
                                      "Plan Width": 30,
                                      "Actual Startup Time": 0.062,
                                      "Actual Total Time": 0.072,
                                      "Actual Rows": 5,
                                      "Actual Loops": 1,
                                      "Inner Unique": true,
                                      "Hash Cond": "(nation.n_regionkey = region.r_regionkey)",
                                      "Shared Hit Blocks": 1,
                                      "Shared Read Blocks": 1,
                                      "Shared Dirtied Blocks": 0,
                                      "Shared Written Blocks": 0,
                                      "Local Hit Blocks": 0,
                                      "Local Read Blocks": 0,
                                      "Local Dirtied Blocks": 0,
                                      "Local Written Blocks": 0,
                                      "Temp Read Blocks": 0,
                                      "Temp Written Blocks": 0,
                                      "Plans": [
                                        {
                                          "Node Type": "Seq Scan",
                                          "Parent Relationship": "Outer",
                                          "Parallel Aware": false,
                                          "Async Capable": false,
                                          "Relation Name": "nation",
                                          "Alias": "nation",
                                          "Startup Cost": 0.0,
                                          "Total Cost": 1.25,
                                          "Plan Rows": 25,
                                          "Plan Width": 34,
                                          "Actual Startup Time": 0.014,
                                          "Actual Total Time": 0.017,
                                          "Actual Rows": 25,
                                          "Actual Loops": 1,
                                          "Shared Hit Blocks": 1,
                                          "Shared Read Blocks": 0,
                                          "Shared Dirtied Blocks": 0,
                                          "Shared Written Blocks": 0,
                                          "Local Hit Blocks": 0,
                                          "Local Read Blocks": 0,
                                          "Local Dirtied Blocks": 0,
                                          "Local Written Blocks": 0,
                                          "Temp Read Blocks": 0,
                                          "Temp Written Blocks": 0
                                        },
                                        {
                                          "Node Type": "Hash",
                                          "Parent Relationship": "Inner",
                                          "Parallel Aware": false,
                                          "Async Capable": false,
                                          "Startup Cost": 1.06,
                                          "Total Cost": 1.06,
                                          "Plan Rows": 1,
                                          "Plan Width": 4,
                                          "Actual Startup Time": 0.038,
                                          "Actual Total Time": 0.04,
                                          "Actual Rows": 1,
                                          "Actual Loops": 1,
                                          "Hash Buckets": 1024,
                                          "Original Hash Buckets": 1024,
                                          "Hash Batches": 1,
                                          "Original Hash Batches": 1,
                                          "Peak Memory Usage": 9,
                                          "Shared Hit Blocks": 0,
                                          "Shared Read Blocks": 1,
                                          "Shared Dirtied Blocks": 0,
                                          "Shared Written Blocks": 0,
                                          "Local Hit Blocks": 0,
                                          "Local Read Blocks": 0,
                                          "Local Dirtied Blocks": 0,
                                          "Local Written Blocks": 0,
                                          "Temp Read Blocks": 0,
                                          "Temp Written Blocks": 0,
                                          "Plans": [
                                            {
                                              "Node Type": "Seq Scan",
                                              "Parent Relationship": "Outer",
                                              "Parallel Aware": false,
                                              "Async Capable": false,
                                              "Relation Name": "region",
                                              "Alias": "region",
                                              "Startup Cost": 0.0,
                                              "Total Cost": 1.06,
                                              "Plan Rows": 1,
                                              "Plan Width": 4,
                                              "Actual Startup Time": 0.025,
                                              "Actual Total Time": 0.026,
                                              "Actual Rows": 1,
                                              "Actual Loops": 1,
                                              "Filter": "(r_name = 'EUROPE'::bpchar)",
                                              "Rows Removed by Filter": 4,
                                              "Shared Hit Blocks": 0,
                                              "Shared Read Blocks": 1,
                                              "Shared Dirtied Blocks": 0,
                                              "Shared Written Blocks": 0,
                                              "Local Hit Blocks": 0,
                                              "Local Read Blocks": 0,
                                              "Local Dirtied Blocks": 0,
                                              "Local Written Blocks": 0,
                                              "Temp Read Blocks": 0,
                                              "Temp Written Blocks": 0
                                            }
                                          ]
                                        }
                                      ]
                                    }
                                  ]
                                }
                              ]
                            }
                          ]
                        }
                      ]
                    }
                  ]
                },
                {
                  "Node Type": "Aggregate",
                  "Strategy": "Plain",
                  "Partial Mode": "Simple",
                  "Parent Relationship": "SubPlan",
                  "Subplan Name": "SubPlan 1",
                  "Parallel Aware": false,
                  "Async Capable": false,
                  "Startup Cost": 48.7,
                  "Total Cost": 48.71,
                  "Plan Rows": 1,
                  "Plan Width": 32,
                  "Actual Startup Time": 0.039,
                  "Actual Total Time": 0.039,
                  "Actual Rows": 1,
                  "Actual Loops": 1207,
                  "Shared Hit Blocks": 28862,
                  "Shared Read Blocks": 1441,
                  "Shared Dirtied Blocks": 0,
                  "Shared Written Blocks": 0,
                  "Local Hit Blocks": 0,
                  "Local Read Blocks": 0,
                  "Local Dirtied Blocks": 0,
                  "Local Written Blocks": 0,
                  "Temp Read Blocks": 0,
                  "Temp Written Blocks": 0,
                  "Plans": [
                    {
                      "Node Type": "Nested Loop",
                      "Parent Relationship": "Outer",
                      "Parallel Aware": false,
                      "Async Capable": false,
                      "Join Type": "Inner",
                      "Startup Cost": 0.85,
                      "Total Cost": 48.7,
                      "Plan Rows": 1,
                      "Plan Width": 6,
                      "Actual Startup Time": 0.027,
                      "Actual Total Time": 0.035,
                      "Actual Rows": 1,
                      "Actual Loops": 1207,
                      "Inner Unique": false,
                      "Join Filter": "(region_1.r_regionkey = nation_1.n_regionkey)",
                      "Rows Removed by Join Filter": 3,
                      "Shared Hit Blocks": 28862,
                      "Shared Read Blocks": 1441,
                      "Shared Dirtied Blocks": 0,
                      "Shared Written Blocks": 0,
                      "Local Hit Blocks": 0,
                      "Local Read Blocks": 0,
                      "Local Dirtied Blocks": 0,
                      "Local Written Blocks": 0,
                      "Temp Read Blocks": 0,
                      "Temp Written Blocks": 0,
                      "Plans": [
                        {
                          "Node Type": "Seq Scan",
                          "Parent Relationship": "Outer",
                          "Parallel Aware": false,
                          "Async Capable": false,
                          "Relation Name": "region",
                          "Alias": "region_1",
                          "Startup Cost": 0.0,
                          "Total Cost": 1.06,
                          "Plan Rows": 1,
                          "Plan Width": 4,
                          "Actual Startup Time": 0.001,
                          "Actual Total Time": 0.002,
                          "Actual Rows": 1,
                          "Actual Loops": 1207,
                          "Filter": "(r_name = 'EUROPE'::bpchar)",
                          "Rows Removed by Filter": 4,
                          "Shared Hit Blocks": 1207,
                          "Shared Read Blocks": 0,
                          "Shared Dirtied Blocks": 0,
                          "Shared Written Blocks": 0,
                          "Local Hit Blocks": 0,
                          "Local Read Blocks": 0,
                          "Local Dirtied Blocks": 0,
                          "Local Written Blocks": 0,
                          "Temp Read Blocks": 0,
                          "Temp Written Blocks": 0
                        },
                        {
                          "Node Type": "Nested Loop",
                          "Parent Relationship": "Inner",
                          "Parallel Aware": false,
                          "Async Capable": false,
                          "Join Type": "Inner",
                          "Startup Cost": 0.85,
                          "Total Cost": 47.58,
                          "Plan Rows": 4,
                          "Plan Width": 10,
                          "Actual Startup Time": 0.019,
                          "Actual Total Time": 0.032,
                          "Actual Rows": 4,
                          "Actual Loops": 1207,
                          "Inner Unique": true,
                          "Shared Hit Blocks": 27655,
                          "Shared Read Blocks": 1441,
                          "Shared Dirtied Blocks": 0,
                          "Shared Written Blocks": 0,
                          "Local Hit Blocks": 0,
                          "Local Read Blocks": 0,
                          "Local Dirtied Blocks": 0,
                          "Local Written Blocks": 0,
                          "Temp Read Blocks": 0,
                          "Temp Written Blocks": 0,
                          "Plans": [
                            {
                              "Node Type": "Nested Loop",
                              "Parent Relationship": "Outer",
                              "Parallel Aware": false,
                              "Async Capable": false,
                              "Join Type": "Inner",
                              "Startup Cost": 0.71,
                              "Total Cost": 46.96,
                              "Plan Rows": 4,
                              "Plan Width": 10,
                              "Actual Startup Time": 0.018,
                              "Actual Total Time": 0.026,
                              "Actual Rows": 4,
                              "Actual Loops": 1207,
                              "Inner Unique": true,
                              "Shared Hit Blocks": 17999,
                              "Shared Read Blocks": 1441,
                              "Shared Dirtied Blocks": 0,
                              "Shared Written Blocks": 0,
                              "Local Hit Blocks": 0,
                              "Local Read Blocks": 0,
                              "Local Dirtied Blocks": 0,
                              "Local Written Blocks": 0,
                              "Temp Read Blocks": 0,
                              "Temp Written Blocks": 0,
                              "Plans": [
                                {
                                  "Node Type": "Index Scan",
                                  "Parent Relationship": "Outer",
                                  "Parallel Aware": false,
                                  "Async Capable": false,
                                  "Scan Direction": "Forward",
                                  "Index Name": "pk_partsupp",
                                  "Relation Name": "partsupp",
                                  "Alias": "partsupp_1",
                                  "Startup Cost": 0.42,
                                  "Total Cost": 13.75,
                                  "Plan Rows": 4,
                                  "Plan Width": 10,
                                  "Actual Startup Time": 0.014,
                                  "Actual Total Time": 0.015,
                                  "Actual Rows": 4,
                                  "Actual Loops": 1207,
                                  "Index Cond": "(ps_partkey = part.p_partkey)",
                                  "Rows Removed by Index Recheck": 0,
                                  "Shared Hit Blocks": 3541,
                                  "Shared Read Blocks": 1415,
                                  "Shared Dirtied Blocks": 0,
                                  "Shared Written Blocks": 0,
                                  "Local Hit Blocks": 0,
                                  "Local Read Blocks": 0,
                                  "Local Dirtied Blocks": 0,
                                  "Local Written Blocks": 0,
                                  "Temp Read Blocks": 0,
                                  "Temp Written Blocks": 0
                                },
                                {
                                  "Node Type": "Index Scan",
                                  "Parent Relationship": "Inner",
                                  "Parallel Aware": false,
                                  "Async Capable": false,
                                  "Scan Direction": "Forward",
                                  "Index Name": "pk_supplier",
                                  "Relation Name": "supplier",
                                  "Alias": "supplier_1",
                                  "Startup Cost": 0.29,
                                  "Total Cost": 8.3,
                                  "Plan Rows": 1,
                                  "Plan Width": 8,
                                  "Actual Startup Time": 0.002,
                                  "Actual Total Time": 0.002,
                                  "Actual Rows": 1,
                                  "Actual Loops": 4828,
                                  "Index Cond": "(s_suppkey = partsupp_1.ps_suppkey)",
                                  "Rows Removed by Index Recheck": 0,
                                  "Shared Hit Blocks": 14458,
                                  "Shared Read Blocks": 26,
                                  "Shared Dirtied Blocks": 0,
                                  "Shared Written Blocks": 0,
                                  "Local Hit Blocks": 0,
                                  "Local Read Blocks": 0,
                                  "Local Dirtied Blocks": 0,
                                  "Local Written Blocks": 0,
                                  "Temp Read Blocks": 0,
                                  "Temp Written Blocks": 0
                                }
                              ]
                            },
                            {
                              "Node Type": "Index Scan",
                              "Parent Relationship": "Inner",
                              "Parallel Aware": false,
                              "Async Capable": false,
                              "Scan Direction": "Forward",
                              "Index Name": "pk_nation",
                              "Relation Name": "nation",
                              "Alias": "nation_1",
                              "Startup Cost": 0.14,
                              "Total Cost": 0.16,
                              "Plan Rows": 1,
                              "Plan Width": 8,
                              "Actual Startup Time": 0.001,
                              "Actual Total Time": 0.001,
                              "Actual Rows": 1,
                              "Actual Loops": 4828,
                              "Index Cond": "(n_nationkey = supplier_1.s_nationkey)",
                              "Rows Removed by Index Recheck": 0,
                              "Shared Hit Blocks": 9656,
                              "Shared Read Blocks": 0,
                              "Shared Dirtied Blocks": 0,
                              "Shared Written Blocks": 0,
                              "Local Hit Blocks": 0,
                              "Local Read Blocks": 0,
                              "Local Dirtied Blocks": 0,
                              "Local Written Blocks": 0,
                              "Temp Read Blocks": 0,
                              "Temp Written Blocks": 0
                            }
                          ]
                        }
                      ]
                    }
                  ]
                }
              ]
            }
          ]
        }
      ]
    },
    "Planning": {
      "Shared Hit Blocks": 40,
      "Shared Read Blocks": 22,
      "Shared Dirtied Blocks": 0,
      "Shared Written Blocks": 0,
      "Local Hit Blocks": 0,
      "Local Read Blocks": 0,
      "Local Dirtied Blocks": 0,
      "Local Written Blocks": 0,
      "Temp Read Blocks": 0,
      "Temp Written Blocks": 0
    },
    "Planning Time": 1.977,
    "Triggers": [],
    "Execution Time": 739.66
  }
]