[
  {
    "Plan": {
      "Node Type": "Aggregate",
      "Strategy": "Sorted",
      "Partial Mode": "Finalize",
      "Parallel Aware": false,
      "Async Capable": false,
      "Startup Cost": 131940.71,
      "Total Cost": 132287.93,
      "Plan Rows": 2406,
      "Plan Width": 64,
      "Actual Startup Time": 899.426,
      "Actual Total Time": 909.197,
      "Actual Rows": 2,
      "Actual Loops": 1,
      "Group Key": [
        "(EXTRACT(year FROM orders.o_orderdate))"
      ],
      "Shared Hit Blocks": 292979,
      "Shared Read Blocks": 124149,
      "Shared Dirtied Blocks": 0,
      "Shared Written Blocks": 0,
      "Local Hit Blocks": 0,
      "Local Read Blocks": 0,
      "Local Dirtied Blocks": 0,
      "Local Written Blocks": 0,
      "Temp Read Blocks": 0,
      "Temp Written Blocks": 0,
      "Plans": [
        {
          "Node Type": "Gather Merge",
          "Parent Relationship": "Outer",
          "Parallel Aware": false,
          "Async Capable": false,
          "Startup Cost": 131940.71,
          "Total Cost": 132214.54,
          "Plan Rows": 2022,
          "Plan Width": 96,
          "Actual Startup Time": 899.215,
          "Actual Total Time": 909.155,
          "Actual Rows": 6,
          "Actual Loops": 1,
          "Workers Planned": 2,
          "Workers Launched": 2,
          "Shared Hit Blocks": 292979,
          "Shared Read Blocks": 124149,
          "Shared Dirtied Blocks": 0,
          "Shared Written Blocks": 0,
          "Local Hit Blocks": 0,
          "Local Read Blocks": 0,
          "Local Dirtied Blocks": 0,
          "Local Written Blocks": 0,
          "Temp Read Blocks": 0,
          "Temp Written Blocks": 0,
          "Plans": [
            {
              "Node Type": "Aggregate",
              "Strategy": "Sorted",
              "Partial Mode": "Partial",
              "Parent Relationship": "Outer",
              "Parallel Aware": false,
              "Async Capable": false,
              "Startup Cost": 130940.69,
              "Total Cost": 130981.13,
              "Plan Rows": 1011,
              "Plan Width": 96,
              "Actual Startup Time": 828.718,
              "Actual Total Time": 828.929,
              "Actual Rows": 2,
              "Actual Loops": 3,
              "Group Key": [
                "(EXTRACT(year FROM orders.o_orderdate))"
              ],
              "Shared Hit Blocks": 292979,
              "Shared Read Blocks": 124149,
              "Shared Dirtied Blocks": 0,
              "Shared Written Blocks": 0,
              "Local Hit Blocks": 0,
              "Local Read Blocks": 0,
              "Local Dirtied Blocks": 0,
              "Local Written Blocks": 0,
              "Temp Read Blocks": 0,
              "Temp Written Blocks": 0,
              "Workers": [],
              "Plans": [
                {
                  "Node Type": "Sort",
                  "Parent Relationship": "Outer",
                  "Parallel Aware": false,
                  "Async Capable": false,
                  "Startup Cost": 130940.69,
                  "Total Cost": 130943.21,
                  "Plan Rows": 1011,
                  "Plan Width": 70,
                  "Actual Startup Time": 828.484,
                  "Actual Total Time": 828.528,
                  "Actual Rows": 904,
                  "Actual Loops": 3,
                  "Sort Key": [
                    "(EXTRACT(year FROM orders.o_orderdate))"
                  ],
                  "Sort Method": "quicksort",
                  "Sort Space Used": 60,
                  "Sort Space Type": "Memory",
                  "Shared Hit Blocks": 292979,
                  "Shared Read Blocks": 124149,
                  "Shared Dirtied Blocks": 0,
                  "Shared Written Blocks": 0,
                  "Local Hit Blocks": 0,
                  "Local Read Blocks": 0,
                  "Local Dirtied Blocks": 0,
                  "Local Written Blocks": 0,
                  "Temp Read Blocks": 0,
                  "Temp Written Blocks": 0,
                  "Workers": [
                    {
                      "Worker Number": 0,
                      "Sort Method": "quicksort",
                      "Sort Space Used": 113,
                      "Sort Space Type": "Memory"
                    },
                    {
                      "Worker Number": 1,
                      "Sort Method": "quicksort",
                      "Sort Space Used": 119,
                      "Sort Space Type": "Memory"
                    }
                  ],
                  "Plans": [
                    {
                      "Node Type": "Hash Join",
                      "Parent Relationship": "Outer",
                      "Parallel Aware": false,
                      "Async Capable": false,
                      "Join Type": "Inner",
                      "Startup Cost": 10243.01,
                      "Total Cost": 130890.23,
                      "Plan Rows": 1011,
                      "Plan Width": 70,
                      "Actual Startup Time": 44.596,
                      "Actual Total Time": 826.825,
                      "Actual Rows": 904,
                      "Actual Loops": 3,
                      "Inner Unique": true,
                      "Hash Cond": "(supplier.s_nationkey = n2.n_nationkey)",
                      "Shared Hit Blocks": 292967,
                      "Shared Read Blocks": 124147,
                      "Shared Dirtied Blocks": 0,
                      "Shared Written Blocks": 0,
                      "Local Hit Blocks": 0,
                      "Local Read Blocks": 0,
                      "Local Dirtied Blocks": 0,
                      "Local Written Blocks": 0,
                      "Temp Read Blocks": 0,
                      "Temp Written Blocks": 0,
                      "Workers": [],
                      "Plans": [
                        {
                          "Node Type": "Nested Loop",
                          "Parent Relationship": "Outer",
                          "Parallel Aware": false,
                          "Async Capable": false,
                          "Join Type": "Inner",
                          "Startup Cost": 10241.44,
                          "Total Cost": 130883.04,
                          "Plan Rows": 1011,
                          "Plan Width": 20,
                          "Actual Startup Time": 44.052,
                          "Actual Total Time": 824.571,
                          "Actual Rows": 904,
                          "Actual Loops": 3,
                          "Inner Unique": true,
                          "Shared Hit Blocks": 292936,
                          "Shared Read Blocks": 124147,
                          "Shared Dirtied Blocks": 0,
                          "Shared Written Blocks": 0,
                          "Local Hit Blocks": 0,
                          "Local Read Blocks": 0,
                          "Local Dirtied Blocks": 0,
                          "Local Written Blocks": 0,
                          "Temp Read Blocks": 0,
                          "Temp Written Blocks": 0,
                          "Workers": [],
                          "Plans": [
                            {
                              "Node Type": "Hash Join",
                              "Parent Relationship": "Outer",
                              "Parallel Aware": true,
                              "Async Capable": false,
                              "Join Type": "Inner",
                              "Startup Cost": 10241.16,
                              "Total Cost": 130577.04,
                              "Plan Rows": 1011,
                              "Plan Width": 20,
                              "Actual Startup Time": 43.82,
                              "Actual Total Time": 818.086,
                              "Actual Rows": 904,
                              "Actual Loops": 3,
                              "Inner Unique": true,
                              "Hash Cond": "(lineitem.l_partkey = part.p_partkey)",
                              "Shared Hit Blocks": 285002,
                              "Shared Read Blocks": 123946,
                              "Shared Dirtied Blocks": 0,
                              "Shared Written Blocks": 0,
                              "Local Hit Blocks": 0,
                              "Local Read Blocks": 0,
                              "Local Dirtied Blocks": 0,
                              "Local Written Blocks": 0,
                              "Temp Read Blocks": 0,
                              "Temp Written Blocks": 0,
                              "Workers": [],
                              "Plans": [
                                {
                                  "Node Type": "Nested Loop",
                                  "Parent Relationship": "Outer",
                                  "Parallel Aware": false,
                                  "Async Capable": false,
                                  "Join Type": "Inner",
                                  "Startup Cost": 4888.57,
                                  "Total Cost": 124825.3,
                                  "Plan Rows": 152054,
                                  "Plan Width": 24,
                                  "Actual Startup Time": 20.534,
                                  "Actual Total Time": 773.089,
                                  "Actual Rows": 122382,
                                  "Actual Loops": 3,
                                  "Inner Unique": false,
                                  "Shared Hit Blocks": 284828,
                                  "Shared Read Blocks": 119816,
                                  "Shared Dirtied Blocks": 0,
                                  "Shared Written Blocks": 0,
                                  "Local Hit Blocks": 0,
                                  "Local Read Blocks": 0,
                                  "Local Dirtied Blocks": 0,
                                  "Local Written Blocks": 0,
                                  "Temp Read Blocks": 0,
                                  "Temp Written Blocks": 0,
                                  "Workers": [],
                                  "Plans": [
                                    {
                                      "Node Type": "Hash Join",
                                      "Parent Relationship": "Outer",
                                      "Parallel Aware": true,
                                      "Async Capable": false,
                                      "Join Type": "Inner",
                                      "Startup Cost": 4888.13,
                                      "Total Cost": 43472.05,
                                      "Plan Rows": 38004,
                                      "Plan Width": 12,
                                      "Actual Startup Time": 19.643,
                                      "Actual Total Time": 192.813,
                                      "Actual Rows": 30569,
                                      "Actual Loops": 3,
                                      "Inner Unique": false,
                                      "Hash Cond": "(orders.o_custkey = customer.c_custkey)",
                                      "Shared Hit Blocks": 2918,
                                      "Shared Read Blocks": 29169,
                                      "Shared Dirtied Blocks": 0,
                                      "Shared Written Blocks": 0,
                                      "Local Hit Blocks": 0,
                                      "Local Read Blocks": 0,
                                      "Local Dirtied Blocks": 0,
                                      "Local Written Blocks": 0,
                                      "Temp Read Blocks": 0,
                                      "Temp Written Blocks": 0,
                                      "Workers": [],
                                      "Plans": [
                                        {
                                          "Node Type": "Seq Scan",
                                          "Parent Relationship": "Outer",
                                          "Parallel Aware": true,
                                          "Async Capable": false,
                                          "Relation Name": "orders",
                                          "Alias": "orders",
                                          "Startup Cost": 0.0,
                                          "Total Cost": 37713.0,
                                          "Plan Rows": 190018,
                                          "Plan Width": 16,
                                          "Actual Startup Time": 0.637,
                                          "Actual Total Time": 117.153,
                                          "Actual Rows": 152421,
                                          "Actual Loops": 3,
                                          "Filter": "((o_orderdate >= '1995-01-01'::date) AND (o_orderdate <= '1996-12-31'::date))",
                                          "Rows Removed by Filter": 347579,
                                          "Shared Hit Blocks": 0,
                                          "Shared Read Blocks": 28338,
                                          "Shared Dirtied Blocks": 0,
                                          "Shared Written Blocks": 0,
                                          "Local Hit Blocks": 0,
                                          "Local Read Blocks": 0,
                                          "Local Dirtied Blocks": 0,
                                          "Local Written Blocks": 0,
                                          "Temp Read Blocks": 0,
                                          "Temp Written Blocks": 0,
                                          "Workers": []
                                        },
                                        {
                                          "Node Type": "Hash",
                                          "Parent Relationship": "Inner",
                                          "Parallel Aware": true,
                                          "Async Capable": false,
                                          "Startup Cost": 4731.88,
                                          "Total Cost": 4731.88,
                                          "Plan Rows": 12500,
                                          "Plan Width": 4,
                                          "Actual Startup Time": 18.84,
                                          "Actual Total Time": 18.843,
                                          "Actual Rows": 10061,
                                          "Actual Loops": 3,
                                          "Hash Buckets": 32768,
                                          "Original Hash Buckets": 32768,
                                          "Hash Batches": 1,
                                          "Original Hash Batches": 1,
                                          "Peak Memory Usage": 1472,
                                          "Shared Hit Blocks": 2918,
                                          "Shared Read Blocks": 831,
                                          "Shared Dirtied Blocks": 0,
                                          "Shared Written Blocks": 0,
                                          "Local Hit Blocks": 0,
                                          "Local Read Blocks": 0,
                                          "Local Dirtied Blocks": 0,
                                          "Local Written Blocks": 0,
                                          "Temp Read Blocks": 0,
                                          "Temp Written Blocks": 0,
                                          "Workers": [],
                                          "Plans": [
                                            {
                                              "Node Type": "Hash Join",
                                              "Parent Relationship": "Outer",
                                              "Parallel Aware": false,
                                              "Async Capable": false,
                                              "Join Type": "Inner",
                                              "Startup Cost": 2.51,
                                              "Total Cost": 4731.88,
                                              "Plan Rows": 12500,
                                              "Plan Width": 4,
                                              "Actual Startup Time": 0.84,
                                              "Actual Total Time": 24.848,
                                              "Actual Rows": 15092,
                                              "Actual Loops": 2,
                                              "Inner Unique": false,
                                              "Hash Cond": "(customer.c_nationkey = n1.n_nationkey)",
                                              "Shared Hit Blocks": 2918,
                                              "Shared Read Blocks": 831,
                                              "Shared Dirtied Blocks": 0,
                                              "Shared Written Blocks": 0,
                                              "Local Hit Blocks": 0,
                                              "Local Read Blocks": 0,
                                              "Local Dirtied Blocks": 0,
                                              "Local Written Blocks": 0,
                                              "Temp Read Blocks": 0,
                                              "Temp Written Blocks": 0,
                                              "Workers": [],
                                              "Plans": [
                                                {
                                                  "Node Type": "Seq Scan",
                                                  "Parent Relationship": "Outer",
                                                  "Parallel Aware": true,
                                                  "Async Capable": false,
                                                  "Relation Name": "customer",
                                                  "Alias": "customer",
                                                  "Startup Cost": 0.0,
                                                  "Total Cost": 4370.0,
                                                  "Plan Rows": 62500,
                                                  "Plan Width": 8,
                                                  "Actual Startup Time": 0.447,
                                                  "Actual Total Time": 11.944,
                                                  "Actual Rows": 75000,
                                                  "Actual Loops": 2,
                                                  "Shared Hit Blocks": 2914,
                                                  "Shared Read Blocks": 831,
                                                  "Shared Dirtied Blocks": 0,
                                                  "Shared Written Blocks": 0,
                                                  "Local Hit Blocks": 0,
                                                  "Local Read Blocks": 0,
                                                  "Local Dirtied Blocks": 0,
                                                  "Local Written Blocks": 0,
                                                  "Temp Read Blocks": 0,
                                                  "Temp Written Blocks": 0,
                                                  "Workers": []
                                                },
                                                {
                                                  "Node Type": "Hash",
                                                  "Parent Relationship": "Inner",
                                                  "Parallel Aware": false,
                                                  "Async Capable": false,
                                                  "Startup Cost": 2.45,
                                                  "Total Cost": 2.45,
                                                  "Plan Rows": 5,
                                                  "Plan Width": 4,
                                                  "Actual Startup Time": 0.373,
                                                  "Actual Total Time": 0.376,
                                                  "Actual Rows": 5,
                                                  "Actual Loops": 2,
                                                  "Hash Buckets": 1024,
                                                  "Original Hash Buckets": 1024,
                                                  "Hash Batches": 1,
                                                  "Original Hash Batches": 1,
                                                  "Peak Memory Usage": 9,
                                                  "Shared Hit Blocks": 4,
                                                  "Shared Read Blocks": 0,
                                                  "Shared Dirtied Blocks": 0,
                                                  "Shared Written Blocks": 0,
                                                  "Local Hit Blocks": 0,
                                                  "Local Read Blocks": 0,
                                                  "Local Dirtied Blocks": 0,
                                                  "Local Written Blocks": 0,
                                                  "Temp Read Blocks": 0,
                                                  "Temp Written Blocks": 0,
                                                  "Workers": [],
                                                  "Plans": [
                                                    {
                                                      "Node Type": "Hash Join",
                                                      "Parent Relationship": "Outer",
                                                      "Parallel Aware": false,
                                                      "Async Capable": false,
                                                      "Join Type": "Inner",
                                                      "Startup Cost": 1.07,
                                                      "Total Cost": 2.45,
                                                      "Plan Rows": 5,
                                                      "Plan Width": 4,
                                                      "Actual Startup Time": 0.361,
                                                      "Actual Total Time": 0.369,
                                                      "Actual Rows": 5,
                                                      "Actual Loops": 2,
                                                      "Inner Unique": true,
                                                      "Hash Cond": "(n1.n_regionkey = region.r_regionkey)",
                                                      "Shared Hit Blocks": 4,
                                                      "Shared Read Blocks": 0,
                                                      "Shared Dirtied Blocks": 0,
                                                      "Shared Written Blocks": 0,
                                                      "Local Hit Blocks": 0,
                                                      "Local Read Blocks": 0,
                                                      "Local Dirtied Blocks": 0,
                                                      "Local Written Blocks": 0,
                                                      "Temp Read Blocks": 0,
                                                      "Temp Written Blocks": 0,
                                                      "Workers": [],
                                                      "Plans": [
                                                        {
                                                          "Node Type": "Seq Scan",
                                                          "Parent Relationship": "Outer",
                                                          "Parallel Aware": false,
                                                          "Async Capable": false,
                                                          "Relation Name": "nation",
                                                          "Alias": "n1",
                                                          "Startup Cost": 0.0,
                                                          "Total Cost": 1.25,
                                                          "Plan Rows": 25,
                                                          "Plan Width": 8,
                                                          "Actual Startup Time": 0.014,
                                                          "Actual Total Time": 0.017,
                                                          "Actual Rows": 25,
                                                          "Actual Loops": 2,
                                                          "Shared Hit Blocks": 2,
                                                          "Shared Read Blocks": 0,
                                                          "Shared Dirtied Blocks": 0,
                                                          "Shared Written Blocks": 0,
                                                          "Local Hit Blocks": 0,
                                                          "Local Read Blocks": 0,
                                                          "Local Dirtied Blocks": 0,
                                                          "Local Written Blocks": 0,
                                                          "Temp Read Blocks": 0,
                                                          "Temp Written Blocks": 0,
                                                          "Workers": []
                                                        },
                                                        {
                                                          "Node Type": "Hash",
                                                          "Parent Relationship": "Inner",
                                                          "Parallel Aware": false,
                                                          "Async Capable": false,
                                                          "Startup Cost": 1.06,
                                                          "Total Cost": 1.06,
                                                          "Plan Rows": 1,
                                                          "Plan Width": 4,
                                                          "Actual Startup Time": 0.336,
                                                          "Actual Total Time": 0.337,
                                                          "Actual Rows": 1,
                                                          "Actual Loops": 2,
                                                          "Hash Buckets": 1024,
                                                          "Original Hash Buckets": 1024,
                                                          "Hash Batches": 1,
                                                          "Original Hash Batches": 1,
                                                          "Peak Memory Usage": 9,
                                                          "Shared Hit Blocks": 2,
                                                          "Shared Read Blocks": 0,
                                                          "Shared Dirtied Blocks": 0,
                                                          "Shared Written Blocks": 0,
                                                          "Local Hit Blocks": 0,
                                                          "Local Read Blocks": 0,
                                                          "Local Dirtied Blocks": 0,
                                                          "Local Written Blocks": 0,
                                                          "Temp Read Blocks": 0,
                                                          "Temp Written Blocks": 0,
                                                          "Workers": [],
                                                          "Plans": [
                                                            {
                                                              "Node Type": "Seq Scan",
                                                              "Parent Relationship": "Outer",
                                                              "Parallel Aware": false,
                                                              "Async Capable": false,
                                                              "Relation Name": "region",
                                                              "Alias": "region",
                                                              "Startup Cost": 0.0,
                                                              "Total Cost": 1.06,
                                                              "Plan Rows": 1,
                                                              "Plan Width": 4,
                                                              "Actual Startup Time": 0.326,
                                                              "Actual Total Time": 0.328,
                                                              "Actual Rows": 1,
                                                              "Actual Loops": 2,
                                                              "Filter": "(r_name = 'ASIA'::bpchar)",
                                                              "Rows Removed by Filter": 4,
                                                              "Shared Hit Blocks": 2,
                                                              "Shared Read Blocks": 0,
                                                              "Shared Dirtied Blocks": 0,
                                                              "Shared Written Blocks": 0,
                                                              "Local Hit Blocks": 0,
                                                              "Local Read Blocks": 0,
                                                              "Local Dirtied Blocks": 0,
                                                              "Local Written Blocks": 0,
                                                              "Temp Read Blocks": 0,
                                                              "Temp Written Blocks": 0,
                                                              "Workers": []
                                                            }
                                                          ]
                                                        }
                                                      ]
                                                    }
                                                  ]
                                                }
                                              ]
                                            }
                                          ]
                                        }
                                      ]
                                    },
                                    {
                                      "Node Type": "Index Scan",
                                      "Parent Relationship": "Inner",
                                      "Parallel Aware": false,
                                      "Async Capable": false,
                                      "Scan Direction": "Forward",
                                      "Index Name": "pk_lineitem",
                                      "Relation Name": "lineitem",
                                      "Alias": "lineitem",
                                      "Startup Cost": 0.43,
                                      "Total Cost": 1.98,
                                      "Plan Rows": 16,
                                      "Plan Width": 28,
                                      "Actual Startup Time": 0.016,
                                      "Actual Total Time": 0.018,
                                      "Actual Rows": 4,
                                      "Actual Loops": 91707,
                                      "Index Cond": "(l_orderkey = orders.o_orderkey)",
                                      "Rows Removed by Index Recheck": 0,
                                      "Shared Hit Blocks": 281910,
                                      "Shared Read Blocks": 90647,
                                      "Shared Dirtied Blocks": 0,
                                      "Shared Written Blocks": 0,
                                      "Local Hit Blocks": 0,
                                      "Local Read Blocks": 0,
                                      "Local Dirtied Blocks": 0,
                                      "Local Written Blocks": 0,
                                      "Temp Read Blocks": 0,
                                      "Temp Written Blocks": 0,
                                      "Workers": []
                                    }
                                  ]
                                },
                                {
                                  "Node Type": "Hash",
                                  "Parent Relationship": "Inner",
                                  "Parallel Aware": true,
                                  "Async Capable": false,
                                  "Startup Cost": 5345.67,
                                  "Total Cost": 5345.67,
                                  "Plan Rows": 554,
                                  "Plan Width": 4,
                                  "Actual Startup Time": 22.639,
                                  "Actual Total Time": 22.639,
                                  "Actual Rows": 484,
                                  "Actual Loops": 3,
                                  "Hash Buckets": 2048,
                                  "Original Hash Buckets": 2048,
                                  "Hash Batches": 1,
                                  "Original Hash Batches": 1,
                                  "Peak Memory Usage": 112,
                                  "Shared Hit Blocks": 174,
                                  "Shared Read Blocks": 4130,
                                  "Shared Dirtied Blocks": 0,
                                  "Shared Written Blocks": 0,
                                  "Local Hit Blocks": 0,
                                  "Local Read Blocks": 0,
                                  "Local Dirtied Blocks": 0,
                                  "Local Written Blocks": 0,
                                  "Temp Read Blocks": 0,
                                  "Temp Written Blocks": 0,
                                  "Workers": [],
                                  "Plans": [
                                    {
                                      "Node Type": "Seq Scan",
                                      "Parent Relationship": "Outer",
                                      "Parallel Aware": true,
                                      "Async Capable": false,
                                      "Relation Name": "part",
                                      "Alias": "part",
                                      "Startup Cost": 0.0,
                                      "Total Cost": 5345.67,
                                      "Plan Rows": 554,
                                      "Plan Width": 4,
                                      "Actual Startup Time": 0.411,
                                      "Actual Total Time": 33.425,
                                      "Actual Rows": 726,
                                      "Actual Loops": 2,
                                      "Filter": "((p_type)::text = 'ECONOMY ANODIZED STEEL'::text)",
                                      "Rows Removed by Filter": 99274,
                                      "Shared Hit Blocks": 174,
                                      "Shared Read Blocks": 4130,
                                      "Shared Dirtied Blocks": 0,
                                      "Shared Written Blocks": 0,
                                      "Local Hit Blocks": 0,
                                      "Local Read Blocks": 0,
                                      "Local Dirtied Blocks": 0,
                                      "Local Written Blocks": 0,
                                      "Temp Read Blocks": 0,
                                      "Temp Written Blocks": 0,
                                      "Workers": []
                                    }
                                  ]
                                }
                              ]
                            },
                            {
                              "Node Type": "Index Scan",
                              "Parent Relationship": "Inner",
                              "Parallel Aware": false,
                              "Async Capable": false,
                              "Scan Direction": "Forward",
                              "Index Name": "pk_supplier",
                              "Relation Name": "supplier",
                              "Alias": "supplier",
                              "Startup Cost": 0.29,
                              "Total Cost": 0.3,
                              "Plan Rows": 1,
                              "Plan Width": 8,
                              "Actual Startup Time": 0.006,
                              "Actual Total Time": 0.006,
                              "Actual Rows": 1,
                              "Actual Loops": 2711,
                              "Index Cond": "(s_suppkey = lineitem.l_suppkey)",
                              "Rows Removed by Index Recheck": 0,
                              "Shared Hit Blocks": 7934,
                              "Shared Read Blocks": 201,
                              "Shared Dirtied Blocks": 0,
                              "Shared Written Blocks": 0,
                              "Local Hit Blocks": 0,
                              "Local Read Blocks": 0,
                              "Local Dirtied Blocks": 0,
                              "Local Written Blocks": 0,
                              "Temp Read Blocks": 0,
                              "Temp Written Blocks": 0,
                              "Workers": []
                            }
                          ]
                        },
                        {
                          "Node Type": "Hash",
                          "Parent Relationship": "Inner",
                          "Parallel Aware": false,
                          "Async Capable": false,
                          "Startup Cost": 1.25,
                          "Total Cost": 1.25,
                          "Plan Rows": 25,
                          "Plan Width": 30,
                          "Actual Startup Time": 0.504,
                          "Actual Total Time": 0.505,
                          "Actual Rows": 25,
                          "Actual Loops": 3,
                          "Hash Buckets": 1024,
                          "Original Hash Buckets": 1024,
                          "Hash Batches": 1,
                          "Original Hash Batches": 1,
                          "Peak Memory Usage": 10,
                          "Shared Hit Blocks": 3,
                          "Shared Read Blocks": 0,
                          "Shared Dirtied Blocks": 0,
                          "Shared Written Blocks": 0,
                          "Local Hit Blocks": 0,
                          "Local Read Blocks": 0,
                          "Local Dirtied Blocks": 0,
                          "Local Written Blocks": 0,
                          "Temp Read Blocks": 0,
                          "Temp Written Blocks": 0,
                          "Workers": [],
                          "Plans": [
                            {
                              "Node Type": "Seq Scan",
                              "Parent Relationship": "Outer",
                              "Parallel Aware": false,
                              "Async Capable": false,
                              "Relation Name": "nation",
                              "Alias": "n2",
                              "Startup Cost": 0.0,
                              "Total Cost": 1.25,
                              "Plan Rows": 25,
                              "Plan Width": 30,
                              "Actual Startup Time": 0.491,
                              "Actual Total Time": 0.494,
                              "Actual Rows": 25,
                              "Actual Loops": 3,
                              "Shared Hit Blocks": 3,
                              "Shared Read Blocks": 0,
                              "Shared Dirtied Blocks": 0,
                              "Shared Written Blocks": 0,
                              "Local Hit Blocks": 0,
                              "Local Read Blocks": 0,
                              "Local Dirtied Blocks": 0,
                              "Local Written Blocks": 0,
                              "Temp Read Blocks": 0,
                              "Temp Written Blocks": 0,
                              "Workers": []
                            }
                          ]
                        }
                      ]
                    }
                  ]
                }
              ]
            }
          ]
        }
      ]
    },
    "Planning": {
      "Shared Hit Blocks": 38,
      "Shared Read Blocks": 12,
      "Shared Dirtied Blocks": 0,
      "Shared Written Blocks": 0,
      "Local Hit Blocks": 0,
      "Local Read Blocks": 0,
      "Local Dirtied Blocks": 0,
      "Local Written Blocks": 0,
      "Temp Read Blocks": 0,
      "Temp Written Blocks": 0
    },
    "Planning Time": 2.399,
    "Triggers": [],
    "Execution Time": 909.429
  }
]