[
  {
    "Plan": {
      "Node Type": "Sort",
      "Parallel Aware": false,
      "Async Capable": false,
      "Startup Cost": 761431.08,
      "Total Cost": 762648.15,
      "Plan Rows": 486826,
      "Plan Width": 75,
      "Actual Startup Time": 5916.278,
      "Actual Total Time": 5920.022,
      "Actual Rows": 57,
      "Actual Loops": 1,
      "Sort Key": [
        "orders.o_totalprice DESC",
        "orders.o_orderdate"
      ],
      "Sort Method": "quicksort",
      "Sort Space Used": 29,
      "Sort Space Type": "Memory",
      "Shared Hit Blocks": 169060,
      "Shared Read Blocks": 305768,
      "Shared Dirtied Blocks": 0,
      "Shared Written Blocks": 0,
      "Local Hit Blocks": 0,
      "Local Read Blocks": 0,
      "Local Dirtied Blocks": 0,
      "Local Written Blocks": 0,
      "Temp Read Blocks": 0,
      "Temp Written Blocks": 0,
      "Plans": [
        {
          "Node Type": "Aggregate",
          "Strategy": "Sorted",
          "Partial Mode": "Finalize",
          "Parent Relationship": "Outer",
          "Parallel Aware": false,
          "Async Capable": false,
          "Startup Cost": 632276.8,
          "Total Cost": 693809.45,
          "Plan Rows": 486826,
          "Plan Width": 75,
          "Actual Startup Time": 5916.184,
          "Actual Total Time": 5919.984,
          "Actual Rows": 57,
          "Actual Loops": 1,
          "Group Key": [
            "customer.c_custkey",
            "orders.o_orderkey"
          ],
          "Shared Hit Blocks": 169060,
          "Shared Read Blocks": 305768,
          "Shared Dirtied Blocks": 0,
          "Shared Written Blocks": 0,
          "Local Hit Blocks": 0,
          "Local Read Blocks": 0,
          "Local Dirtied Blocks": 0,
          "Local Written Blocks": 0,
          "Temp Read Blocks": 0,
          "Temp Written Blocks": 0,
          "Plans": [
            {
              "Node Type": "Gather Merge",
              "Parent Relationship": "Outer",
              "Parallel Aware": false,
              "Async Capable": false,
              "Startup Cost": 632276.8,
              "Total Cost": 683667.25,
              "Plan Rows": 405688,
              "Plan Width": 75,
              "Actual Startup Time": 5916.177,
              "Actual Total Time": 5919.926,
              "Actual Rows": 57,
              "Actual Loops": 1,
              "Workers Planned": 2,
              "Workers Launched": 2,
              "Shared Hit Blocks": 169060,
              "Shared Read Blocks": 305768,
              "Shared Dirtied Blocks": 0,
              "Shared Written Blocks": 0,
              "Local Hit Blocks": 0,
              "Local Read Blocks": 0,
              "Local Dirtied Blocks": 0,
              "Local Written Blocks": 0,
              "Temp Read Blocks": 0,
              "Temp Written Blocks": 0,
              "Plans": [
                {
                  "Node Type": "Aggregate",
                  "Strategy": "Sorted",
                  "Partial Mode": "Partial",
                  "Parent Relationship": "Outer",
                  "Parallel Aware": false,
                  "Async Capable": false,
                  "Startup Cost": 631276.77,
                  "Total Cost": 635840.76,
                  "Plan Rows": 202844,
                  "Plan Width": 75,
                  "Actual Startup Time": 4497.236,
                  "Actual Total Time": 4497.284,
                  "Actual Rows": 19,
                  "Actual Loops": 3,
                  "Group Key": [
                    "customer.c_custkey",
                    "orders.o_orderkey"
                  ],
                  "Shared Hit Blocks": 169060,
                  "Shared Read Blocks": 305768,
                  "Shared Dirtied Blocks": 0,
                  "Shared Written Blocks": 0,
                  "Local Hit Blocks": 0,
                  "Local Read Blocks": 0,
                  "Local Dirtied Blocks": 0,
                  "Local Written Blocks": 0,
                  "Temp Read Blocks": 0,
                  "Temp Written Blocks": 0,
                  "Workers": [],
                  "Plans": [
                    {
                      "Node Type": "Sort",
                      "Parent Relationship": "Outer",
                      "Parallel Aware": false,
                      "Async Capable": false,
                      "Startup Cost": 631276.77,
                      "Total Cost": 631783.88,
                      "Plan Rows": 202844,
                      "Plan Width": 48,
                      "Actual Startup Time": 4497.223,
                      "Actual Total Time": 4497.235,
                      "Actual Rows": 133,
                      "Actual Loops": 3,
                      "Sort Key": [
                        "customer.c_custkey",
                        "orders.o_orderkey"
                      ],
                      "Sort Method": "quicksort",
                      "Sort Space Used": 25,
                      "Sort Space Type": "Memory",
                      "Shared Hit Blocks": 169060,
                      "Shared Read Blocks": 305768,
                      "Shared Dirtied Blocks": 0,
                      "Shared Written Blocks": 0,
                      "Local Hit Blocks": 0,
                      "Local Read Blocks": 0,
                      "Local Dirtied Blocks": 0,
                      "Local Written Blocks": 0,
                      "Temp Read Blocks": 0,
                      "Temp Written Blocks": 0,
                      "Workers": [
                        {
                          "Worker Number": 0,
                          "Sort Method": "quicksort",
                          "Sort Space Used": 39,
                          "Sort Space Type": "Memory"
                        },
                        {
                          "Worker Number": 1,
                          "Sort Method": "quicksort",
                          "Sort Space Used": 38,
                          "Sort Space Type": "Memory"
                        }
                      ],
                      "Plans": [
                        {
                          "Node Type": "Nested Loop",
                          "Parent Relationship": "Outer",
                          "Parallel Aware": false,
                          "Async Capable": false,
                          "Join Type": "Inner",
                          "Startup Cost": 505505.85,
                          "Total Cost": 607155.56,
                          "Plan Rows": 202844,
                          "Plan Width": 48,
                          "Actual Startup Time": 4172.058,
                          "Actual Total Time": 4497.103,
                          "Actual Rows": 133,
                          "Actual Loops": 3,
                          "Inner Unique": false,
                          "Shared Hit Blocks": 169030,
                          "Shared Read Blocks": 305768,
                          "Shared Dirtied Blocks": 0,
                          "Shared Written Blocks": 0,
                          "Local Hit Blocks": 0,
                          "Local Read Blocks": 0,
                          "Local Dirtied Blocks": 0,
                          "Local Written Blocks": 0,
                          "Temp Read Blocks": 0,
                          "Temp Written Blocks": 0,
                          "Workers": [],
                          "Plans": [
                            {
                              "Node Type": "Hash Join",
                              "Parent Relationship": "Outer",
                              "Parallel Aware": false,
                              "Async Capable": false,
                              "Join Type": "Inner",
                              "Startup Cost": 505505.41,
                              "Total Cost": 543374.71,
                              "Plan Rows": 50698,
                              "Plan Width": 51,
                              "Actual Startup Time": 4171.982,
                              "Actual Total Time": 4495.983,
                              "Actual Rows": 19,
                              "Actual Loops": 3,
                              "Inner Unique": true,
                              "Hash Cond": "(orders.o_orderkey = lineitem_1.l_orderkey)",
                              "Shared Hit Blocks": 168952,
                              "Shared Read Blocks": 305610,
                              "Shared Dirtied Blocks": 0,
                              "Shared Written Blocks": 0,
                              "Local Hit Blocks": 0,
                              "Local Read Blocks": 0,
                              "Local Dirtied Blocks": 0,
                              "Local Written Blocks": 0,
                              "Temp Read Blocks": 0,
                              "Temp Written Blocks": 0,
                              "Workers": [],
                              "Plans": [
                                {
                                  "Node Type": "Hash Join",
                                  "Parent Relationship": "Outer",
                                  "Parallel Aware": true,
                                  "Async Capable": false,
                                  "Join Type": "Inner",
                                  "Startup Cost": 5151.25,
                                  "Total Cost": 41379.92,
                                  "Plan Rows": 625000,
                                  "Plan Width": 43,
                                  "Actual Startup Time": 38.439,
                                  "Actual Total Time": 317.996,
                                  "Actual Rows": 500000,
                                  "Actual Loops": 3,
                                  "Inner Unique": true,
                                  "Hash Cond": "(orders.o_custkey = customer.c_custkey)",
                                  "Shared Hit Blocks": 23,
                                  "Shared Read Blocks": 32082,
                                  "Shared Dirtied Blocks": 0,
                                  "Shared Written Blocks": 0,
                                  "Local Hit Blocks": 0,
                                  "Local Read Blocks": 0,
                                  "Local Dirtied Blocks": 0,
                                  "Local Written Blocks": 0,
                                  "Temp Read Blocks": 0,
                                  "Temp Written Blocks": 0,
                                  "Workers": [],
                                  "Plans": [
                                    {
                                      "Node Type": "Seq Scan",
                                      "Parent Relationship": "Outer",
                                      "Parallel Aware": true,
                                      "Async Capable": false,
                                      "Relation Name": "orders",
                                      "Alias": "orders",
                                      "Startup Cost": 0.0,
                                      "Total Cost": 34588.0,
                                      "Plan Rows": 625000,
                                      "Plan Width": 24,
                                      "Actual Startup Time": 0.697,
                                      "Actual Total Time": 79.867,
                                      "Actual Rows": 500000,
                                      "Actual Loops": 3,
                                      "Shared Hit Blocks": 1,
                                      "Shared Read Blocks": 28337,
                                      "Shared Dirtied Blocks": 0,
                                      "Shared Written Blocks": 0,
                                      "Local Hit Blocks": 0,
                                      "Local Read Blocks": 0,
                                      "Local Dirtied Blocks": 0,
                                      "Local Written Blocks": 0,
                                      "Temp Read Blocks": 0,
                                      "Temp Written Blocks": 0,
                                      "Workers": []
                                    },
                                    {
                                      "Node Type": "Hash",
                                      "Parent Relationship": "Inner",
                                      "Parallel Aware": true,
                                      "Async Capable": false,
                                      "Startup Cost": 4370.0,
                                      "Total Cost": 4370.0,
                                      "Plan Rows": 62500,
                                      "Plan Width": 23,
                                      "Actual Startup Time": 37.099,
                                      "Actual Total Time": 37.101,
                                      "Actual Rows": 50000,
                                      "Actual Loops": 3,
                                      "Hash Buckets": 262144,
                                      "Original Hash Buckets": 262144,
                                      "Hash Batches": 1,
                                      "Original Hash Batches": 1,
                                      "Peak Memory Usage": 10336,
                                      "Shared Hit Blocks": 0,
                                      "Shared Read Blocks": 3745,
                                      "Shared Dirtied Blocks": 0,
                                      "Shared Written Blocks": 0,
                                      "Local Hit Blocks": 0,
                                      "Local Read Blocks": 0,
                                      "Local Dirtied Blocks": 0,
                                      "Local Written Blocks": 0,
                                      "Temp Read Blocks": 0,
                                      "Temp Written Blocks": 0,
                                      "Workers": [],
                                      "Plans": [
                                        {
                                          "Node Type": "Seq Scan",
                                          "Parent Relationship": "Outer",
                                          "Parallel Aware": true,
                                          "Async Capable": false,
                                          "Relation Name": "customer",
                                          "Alias": "customer",
                                          "Startup Cost": 0.0,
                                          "Total Cost": 4370.0,
                                          "Plan Rows": 62500,
                                          "Plan Width": 23,
                                          "Actual Startup Time": 0.469,
                                          "Actual Total Time": 20.095,
                                          "Actual Rows": 50000,
                                          "Actual Loops": 3,
                                          "Shared Hit Blocks": 0,
                                          "Shared Read Blocks": 3745,
                                          "Shared Dirtied Blocks": 0,
                                          "Shared Written Blocks": 0,
                                          "Local Hit Blocks": 0,
                                          "Local Read Blocks": 0,
                                          "Local Dirtied Blocks": 0,
                                          "Local Written Blocks": 0,
                                          "Temp Read Blocks": 0,
                                          "Temp Written Blocks": 0,
                                          "Workers": []
                                        }
                                      ]
                                    }
                                  ]
                                },
                                {
                                  "Node Type": "Hash",
                                  "Parent Relationship": "Inner",
                                  "Parallel Aware": false,
                                  "Async Capable": false,
                                  "Startup Cost": 498833.23,
                                  "Total Cost": 498833.23,
                                  "Plan Rows": 121675,
                                  "Plan Width": 8,
                                  "Actual Startup Time": 4113.653,
                                  "Actual Total Time": 4113.654,
                                  "Actual Rows": 57,
                                  "Actual Loops": 3,
                                  "Hash Buckets": 131072,
                                  "Original Hash Buckets": 131072,
                                  "Hash Batches": 1,
                                  "Original Hash Batches": 1,
                                  "Peak Memory Usage": 1027,
                                  "Shared Hit Blocks": 168906,
                                  "Shared Read Blocks": 273527,
                                  "Shared Dirtied Blocks": 0,
                                  "Shared Written Blocks": 0,
                                  "Local Hit Blocks": 0,
                                  "Local Read Blocks": 0,
                                  "Local Dirtied Blocks": 0,
                                  "Local Written Blocks": 0,
                                  "Temp Read Blocks": 0,
                                  "Temp Written Blocks": 0,
                                  "Workers": [],
                                  "Plans": [
                                    {
                                      "Node Type": "Aggregate",
                                      "Strategy": "Sorted",
                                      "Partial Mode": "Simple",
                                      "Parent Relationship": "Outer",
                                      "Parallel Aware": false,
                                      "Async Capable": false,
                                      "Startup Cost": 0.43,
                                      "Total Cost": 498833.23,
                                      "Plan Rows": 121675,
                                      "Plan Width": 8,
                                      "Actual Startup Time": 6.829,
                                      "Actual Total Time": 4113.493,
                                      "Actual Rows": 57,
                                      "Actual Loops": 3,
                                      "Group Key": [
                                        "lineitem_1.l_orderkey"
                                      ],
                                      "Filter": "(sum(lineitem_1.l_quantity) > '300'::numeric)",
                                      "Rows Removed by Filter": 1499943,
                                      "Shared Hit Blocks": 168906,
                                      "Shared Read Blocks": 273527,
                                      "Shared Dirtied Blocks": 0,
                                      "Shared Written Blocks": 0,
                                      "Local Hit Blocks": 0,
                                      "Local Read Blocks": 0,
                                      "Local Dirtied Blocks": 0,
                                      "Local Written Blocks": 0,
                                      "Temp Read Blocks": 0,
                                      "Temp Written Blocks": 0,
                                      "Workers": [],
                                      "Plans": [
                                        {
                                          "Node Type": "Index Scan",
                                          "Parent Relationship": "Outer",
                                          "Parallel Aware": false,
                                          "Async Capable": false,
                                          "Scan Direction": "Forward",
                                          "Index Name": "pk_lineitem",
                                          "Relation Name": "lineitem",
                                          "Alias": "lineitem_1",
                                          "Startup Cost": 0.43,
                                          "Total Cost": 463350.06,
                                          "Plan Rows": 6001558,
                                          "Plan Width": 13,
                                          "Actual Startup Time": 0.511,
                                          "Actual Total Time": 2444.509,
                                          "Actual Rows": 6001215,
                                          "Actual Loops": 3,
                                          "Shared Hit Blocks": 168906,
                                          "Shared Read Blocks": 273527,
                                          "Shared Dirtied Blocks": 0,
                                          "Shared Written Blocks": 0,
                                          "Local Hit Blocks": 0,
                                          "Local Read Blocks": 0,
                                          "Local Dirtied Blocks": 0,
                                          "Local Written Blocks": 0,
                                          "Temp Read Blocks": 0,
                                          "Temp Written Blocks": 0,
                                          "Workers": []
                                        }
                                      ]
                                    }
                                  ]
                                }
                              ]
                            },
                            {
                              "Node Type": "Index Scan",
                              "Parent Relationship": "Inner",
                              "Parallel Aware": false,
                              "Async Capable": false,
                              "Scan Direction": "Forward",
                              "Index Name": "pk_lineitem",
                              "Relation Name": "lineitem",
                              "Alias": "lineitem",
                              "Startup Cost": 0.43,
                              "Total Cost": 1.1,
                              "Plan Rows": 16,
                              "Plan Width": 13,
                              "Actual Startup Time": 0.051,
                              "Actual Total Time": 0.053,
                              "Actual Rows": 7,
                              "Actual Loops": 57,
                              "Index Cond": "(l_orderkey = orders.o_orderkey)",
                              "Rows Removed by Index Recheck": 0,
                              "Shared Hit Blocks": 78,
                              "Shared Read Blocks": 158,
                              "Shared Dirtied Blocks": 0,
                              "Shared Written Blocks": 0,
                              "Local Hit Blocks": 0,
                              "Local Read Blocks": 0,
                              "Local Dirtied Blocks": 0,
                              "Local Written Blocks": 0,
                              "Temp Read Blocks": 0,
                              "Temp Written Blocks": 0,
                              "Workers": []
                            }
                          ]
                        }
                      ]
                    }
                  ]
                }
              ]
            }
          ]
        }
      ]
    },
    "Planning": {
      "Shared Hit Blocks": 17,
      "Shared Read Blocks": 13,
      "Shared Dirtied Blocks": 0,
      "Shared Written Blocks": 0,
      "Local Hit Blocks": 0,
      "Local Read Blocks": 0,
      "Local Dirtied Blocks": 0,
      "Local Written Blocks": 0,
      "Temp Read Blocks": 0,
      "Temp Written Blocks": 0
    },
    "Planning Time": 0.597,
    "Triggers": [],
    "Execution Time": 5920.282
  }
]