[
  {
    "Plan": {
      "Node Type": "Group",
      "Parallel Aware": false,
      "Async Capable": false,
      "Startup Cost": 972797.9,
      "Total Cost": 1008550.35,
      "Plan Rows": 150000,
      "Plan Width": 25,
      "Actual Startup Time": 2652.133,
      "Actual Total Time": 2767.098,
      "Actual Rows": 44019,
      "Actual Loops": 1,
      "Group Key": [
        "customer.c_address"
      ],
      "Shared Hit Blocks": 6715,
      "Shared Read Blocks": 149713,
      "Shared Dirtied Blocks": 0,
      "Shared Written Blocks": 0,
      "Local Hit Blocks": 0,
      "Local Read Blocks": 0,
      "Local Dirtied Blocks": 0,
      "Local Written Blocks": 0,
      "Temp Read Blocks": 2818,
      "Temp Written Blocks": 2876,
      "Plans": [
        {
          "Node Type": "Gather Merge",
          "Parent Relationship": "Outer",
          "Parallel Aware": false,
          "Async Capable": false,
          "Startup Cost": 972797.9,
          "Total Cost": 1007800.35,
          "Plan Rows": 300000,
          "Plan Width": 25,
          "Actual Startup Time": 2652.129,
          "Actual Total Time": 2757.215,
          "Actual Rows": 76421,
          "Actual Loops": 1,
          "Workers Planned": 2,
          "Workers Launched": 2,
          "Shared Hit Blocks": 6715,
          "Shared Read Blocks": 149713,
          "Shared Dirtied Blocks": 0,
          "Shared Written Blocks": 0,
          "Local Hit Blocks": 0,
          "Local Read Blocks": 0,
          "Local Dirtied Blocks": 0,
          "Local Written Blocks": 0,
          "Temp Read Blocks": 2818,
          "Temp Written Blocks": 2876,
          "Plans": [
            {
              "Node Type": "Sort",
              "Parent Relationship": "Outer",
              "Parallel Aware": false,
              "Async Capable": false,
              "Startup Cost": 971797.88,
              "Total Cost": 972172.88,
              "Plan Rows": 150000,
              "Plan Width": 25,
              "Actual Startup Time": 2611.059,
              "Actual Total Time": 2612.279,
              "Actual Rows": 25474,
              "Actual Loops": 3,
              "Sort Key": [
                "customer.c_address"
              ],
              "Sort Method": "quicksort",
              "Sort Space Used": 769,
              "Sort Space Type": "Memory",
              "Shared Hit Blocks": 6715,
              "Shared Read Blocks": 149713,
              "Shared Dirtied Blocks": 0,
              "Shared Written Blocks": 0,
              "Local Hit Blocks": 0,
              "Local Read Blocks": 0,
              "Local Dirtied Blocks": 0,
              "Local Written Blocks": 0,
              "Temp Read Blocks": 2818,
              "Temp Written Blocks": 2876,
              "Workers": [
                {
                  "Worker Number": 0,
                  "Sort Method": "quicksort",
                  "Sort Space Used": 769,
                  "Sort Space Type": "Memory"
                },
                {
                  "Worker Number": 1,
                  "Sort Method": "quicksort",
                  "Sort Space Used": 769,
                  "Sort Space Type": "Memory"
                }
              ],
              "Plans": [
                {
                  "Node Type": "Aggregate",
                  "Strategy": "Hashed",
                  "Partial Mode": "Partial",
                  "Parent Relationship": "Outer",
                  "Parallel Aware": false,
                  "Async Capable": false,
                  "Startup Cost": 851320.98,
                  "Total Cost": 955310.93,
                  "Plan Rows": 150000,
                  "Plan Width": 25,
                  "Actual Startup Time": 2494.379,
                  "Actual Total Time": 2498.252,
                  "Actual Rows": 25474,
                  "Actual Loops": 3,
                  "Group Key": [
                    "customer.c_address"
                  ],
                  "Planned Partitions": 4,
                  "HashAgg Batches": 1,
                  "Peak Memory Usage": 3345,
                  "Disk Usage": 0,
                  "Shared Hit Blocks": 6699,
                  "Shared Read Blocks": 149713,
                  "Shared Dirtied Blocks": 0,
                  "Shared Written Blocks": 0,
                  "Local Hit Blocks": 0,
                  "Local Read Blocks": 0,
                  "Local Dirtied Blocks": 0,
                  "Local Written Blocks": 0,
                  "Temp Read Blocks": 2818,
                  "Temp Written Blocks": 2876,
                  "Workers": [
                    {
                      "Worker Number": 0,
                      "HashAgg Batches": 1,
                      "Peak Memory Usage": 3345,
                      "Disk Usage": 0
                    },
                    {
                      "Worker Number": 1,
                      "HashAgg Batches": 1,
                      "Peak Memory Usage": 3089,
                      "Disk Usage": 0
                    }
                  ],
                  "Plans": [
                    {
                      "Node Type": "Hash Join",
                      "Parent Relationship": "Outer",
                      "Parallel Aware": true,
                      "Async Capable": false,
                      "Join Type": "Inner",
                      "Startup Cost": 70768.12,
                      "Total Cost": 272691.98,
                      "Plan Rows": 7496408,
                      "Plan Width": 25,
                      "Actual Startup Time": 1372.515,
                      "Actual Total Time": 1931.443,
                      "Actual Rows": 3077147,
                      "Actual Loops": 3,
                      "Inner Unique": false,
                      "Hash Cond": "(lineitem.l_suppkey = partsupp.ps_suppkey)",
                      "Shared Hit Blocks": 6699,
                      "Shared Read Blocks": 149713,
                      "Shared Dirtied Blocks": 0,
                      "Shared Written Blocks": 0,
                      "Local Hit Blocks": 0,
                      "Local Read Blocks": 0,
                      "Local Dirtied Blocks": 0,
                      "Local Written Blocks": 0,
                      "Temp Read Blocks": 2818,
                      "Temp Written Blocks": 2876,
                      "Workers": [],
                      "Plans": [
                        {
                          "Node Type": "Hash Join",
                          "Parent Relationship": "Outer",
                          "Parallel Aware": true,
                          "Async Capable": false,
                          "Join Type": "Inner",
                          "Startup Cost": 49132.7,
                          "Total Cost": 203986.86,
                          "Plan Rows": 93790,
                          "Plan Width": 29,
                          "Actual Startup Time": 250.961,
                          "Actual Total Time": 1202.491,
                          "Actual Rows": 38464,
                          "Actual Loops": 3,
                          "Inner Unique": true,
                          "Hash Cond": "(lineitem.l_partkey = part.p_partkey)",
                          "Shared Hit Blocks": 6612,
                          "Shared Read Blocks": 147539,
                          "Shared Dirtied Blocks": 0,
                          "Shared Written Blocks": 0,
                          "Local Hit Blocks": 0,
                          "Local Read Blocks": 0,
                          "Local Dirtied Blocks": 0,
                          "Local Written Blocks": 0,
                          "Temp Read Blocks": 0,
                          "Temp Written Blocks": 0,
                          "Workers": [],
                          "Plans": [
                            {
                              "Node Type": "Hash Join",
                              "Parent Relationship": "Outer",
                              "Parallel Aware": true,
                              "Async Capable": false,
                              "Join Type": "Inner",
                              "Startup Cost": 44053.29,
                              "Total Cost": 198661.25,
                              "Plan Rows": 93790,
                              "Plan Width": 33,
                              "Actual Startup Time": 208.62,
                              "Actual Total Time": 1132.227,
                              "Actual Rows": 38464,
                              "Actual Loops": 3,
                              "Inner Unique": true,
                              "Hash Cond": "(orders.o_custkey = customer.c_custkey)",
                              "Shared Hit Blocks": 6605,
                              "Shared Read Blocks": 146994,
                              "Shared Dirtied Blocks": 0,
                              "Shared Written Blocks": 0,
                              "Local Hit Blocks": 0,
                              "Local Read Blocks": 0,
                              "Local Dirtied Blocks": 0,
                              "Local Written Blocks": 0,
                              "Temp Read Blocks": 0,
                              "Temp Written Blocks": 0,
                              "Workers": [],
                              "Plans": [
                                {
                                  "Node Type": "Hash Join",
                                  "Parent Relationship": "Outer",
                                  "Parallel Aware": true,
                                  "Async Capable": false,
                                  "Join Type": "Inner",
                                  "Startup Cost": 38902.04,
                                  "Total Cost": 193263.79,
                                  "Plan Rows": 93790,
                                  "Plan Width": 12,
                                  "Actual Startup Time": 171.836,
                                  "Actual Total Time": 1071.48,
                                  "Actual Rows": 38464,
                                  "Actual Loops": 3,
                                  "Inner Unique": true,
                                  "Hash Cond": "(lineitem.l_orderkey = orders.o_orderkey)",
                                  "Shared Hit Blocks": 2869,
                                  "Shared Read Blocks": 146985,
                                  "Shared Dirtied Blocks": 0,
                                  "Shared Written Blocks": 0,
                                  "Local Hit Blocks": 0,
                                  "Local Read Blocks": 0,
                                  "Local Dirtied Blocks": 0,
                                  "Local Written Blocks": 0,
                                  "Temp Read Blocks": 0,
                                  "Temp Written Blocks": 0,
                                  "Workers": [],
                                  "Plans": [
                                    {
                                      "Node Type": "Seq Scan",
                                      "Parent Relationship": "Outer",
                                      "Parallel Aware": true,
                                      "Async Capable": false,
                                      "Relation Name": "lineitem",
                                      "Alias": "lineitem",
                                      "Startup Cost": 0.0,
                                      "Total Cost": 152744.11,
                                      "Plan Rows": 616243,
                                      "Plan Width": 16,
                                      "Actual Startup Time": 0.723,
                                      "Actual Total Time": 775.101,
                                      "Actual Rows": 492957,
                                      "Actual Loops": 3,
                                      "Filter": "(l_returnflag = 'R'::bpchar)",
                                      "Rows Removed by Filter": 1507448,
                                      "Shared Hit Blocks": 1657,
                                      "Shared Read Blocks": 119829,
                                      "Shared Dirtied Blocks": 0,
                                      "Shared Written Blocks": 0,
                                      "Local Hit Blocks": 0,
                                      "Local Read Blocks": 0,
                                      "Local Dirtied Blocks": 0,
                                      "Local Written Blocks": 0,
                                      "Temp Read Blocks": 0,
                                      "Temp Written Blocks": 0,
                                      "Workers": []
                                    },
                                    {
                                      "Node Type": "Hash",
                                      "Parent Relationship": "Inner",
                                      "Parallel Aware": true,
                                      "Async Capable": false,
                                      "Startup Cost": 37713.0,
                                      "Total Cost": 37713.0,
                                      "Plan Rows": 95123,
                                      "Plan Width": 12,
                                      "Actual Startup Time": 170.539,
                                      "Actual Total Time": 170.54,
                                      "Actual Rows": 76212,
                                      "Actual Loops": 3,
                                      "Hash Buckets": 262144,
                                      "Original Hash Buckets": 262144,
                                      "Hash Batches": 1,
                                      "Original Hash Batches": 1,
                                      "Peak Memory Usage": 12832,
                                      "Shared Hit Blocks": 1182,
                                      "Shared Read Blocks": 27156,
                                      "Shared Dirtied Blocks": 0,
                                      "Shared Written Blocks": 0,
                                      "Local Hit Blocks": 0,
                                      "Local Read Blocks": 0,
                                      "Local Dirtied Blocks": 0,
                                      "Local Written Blocks": 0,
                                      "Temp Read Blocks": 0,
                                      "Temp Written Blocks": 0,
                                      "Workers": [],
                                      "Plans": [
                                        {
                                          "Node Type": "Seq Scan",
                                          "Parent Relationship": "Outer",
                                          "Parallel Aware": true,
                                          "Async Capable": false,
                                          "Relation Name": "orders",
                                          "Alias": "orders",
                                          "Startup Cost": 0.0,
                                          "Total Cost": 37713.0,
                                          "Plan Rows": 95123,
                                          "Plan Width": 12,
                                          "Actual Startup Time": 0.701,
                                          "Actual Total Time": 141.826,
                                          "Actual Rows": 76212,
                                          "Actual Loops": 3,
                                          "Filter": "((o_orderdate >= '1995-01-01'::date) AND (o_orderdate <= '1995-12-31'::date))",
                                          "Rows Removed by Filter": 423788,
                                          "Shared Hit Blocks": 1182,
                                          "Shared Read Blocks": 27156,
                                          "Shared Dirtied Blocks": 0,
                                          "Shared Written Blocks": 0,
                                          "Local Hit Blocks": 0,
                                          "Local Read Blocks": 0,
                                          "Local Dirtied Blocks": 0,
                                          "Local Written Blocks": 0,
                                          "Temp Read Blocks": 0,
                                          "Temp Written Blocks": 0,
                                          "Workers": []
                                        }
                                      ]
                                    }
                                  ]
                                },
                                {
                                  "Node Type": "Hash",
                                  "Parent Relationship": "Inner",
                                  "Parallel Aware": true,
                                  "Async Capable": false,
                                  "Startup Cost": 4370.0,
                                  "Total Cost": 4370.0,
                                  "Plan Rows": 62500,
                                  "Plan Width": 29,
                                  "Actual Startup Time": 36.246,
                                  "Actual Total Time": 36.246,
                                  "Actual Rows": 50000,
                                  "Actual Loops": 3,
                                  "Hash Buckets": 262144,
                                  "Original Hash Buckets": 262144,
                                  "Hash Batches": 1,
                                  "Original Hash Batches": 1,
                                  "Peak Memory Usage": 11744,
                                  "Shared Hit Blocks": 3736,
                                  "Shared Read Blocks": 9,
                                  "Shared Dirtied Blocks": 0,
                                  "Shared Written Blocks": 0,
                                  "Local Hit Blocks": 0,
                                  "Local Read Blocks": 0,
                                  "Local Dirtied Blocks": 0,
                                  "Local Written Blocks": 0,
                                  "Temp Read Blocks": 0,
                                  "Temp Written Blocks": 0,
                                  "Workers": [],
                                  "Plans": [
                                    {
                                      "Node Type": "Seq Scan",
                                      "Parent Relationship": "Outer",
                                      "Parallel Aware": true,
                                      "Async Capable": false,
                                      "Relation Name": "customer",
                                      "Alias": "customer",
                                      "Startup Cost": 0.0,
                                      "Total Cost": 4370.0,
                                      "Plan Rows": 62500,
                                      "Plan Width": 29,
                                      "Actual Startup Time": 0.32,
                                      "Actual Total Time": 15.287,
                                      "Actual Rows": 50000,
                                      "Actual Loops": 3,
                                      "Shared Hit Blocks": 3736,
                                      "Shared Read Blocks": 9,
                                      "Shared Dirtied Blocks": 0,
                                      "Shared Written Blocks": 0,
                                      "Local Hit Blocks": 0,
                                      "Local Read Blocks": 0,
                                      "Local Dirtied Blocks": 0,
                                      "Local Written Blocks": 0,
                                      "Temp Read Blocks": 0,
                                      "Temp Written Blocks": 0,
                                      "Workers": []
                                    }
                                  ]
                                }
                              ]
                            },
                            {
                              "Node Type": "Hash",
                              "Parent Relationship": "Inner",
                              "Parallel Aware": true,
                              "Async Capable": false,
                              "Startup Cost": 4037.75,
                              "Total Cost": 4037.75,
                              "Plan Rows": 83333,
                              "Plan Width": 4,
                              "Actual Startup Time": 41.888,
                              "Actual Total Time": 41.888,
                              "Actual Rows": 66667,
                              "Actual Loops": 3,
                              "Hash Buckets": 262144,
                              "Original Hash Buckets": 262144,
                              "Hash Batches": 1,
                              "Original Hash Batches": 1,
                              "Peak Memory Usage": 9920,
                              "Shared Hit Blocks": 7,
                              "Shared Read Blocks": 545,
                              "Shared Dirtied Blocks": 0,
                              "Shared Written Blocks": 0,
                              "Local Hit Blocks": 0,
                              "Local Read Blocks": 0,
                              "Local Dirtied Blocks": 0,
                              "Local Written Blocks": 0,
                              "Temp Read Blocks": 0,
                              "Temp Written Blocks": 0,
                              "Workers": [],
                              "Plans": [
                                {
                                  "Node Type": "Index Only Scan",
                                  "Parent Relationship": "Outer",
                                  "Parallel Aware": true,
                                  "Async Capable": false,
                                  "Scan Direction": "Forward",
                                  "Index Name": "pk_part",
                                  "Relation Name": "part",
                                  "Alias": "part",
                                  "Startup Cost": 0.42,
                                  "Total Cost": 4037.75,
                                  "Plan Rows": 83333,
                                  "Plan Width": 4,
                                  "Actual Startup Time": 1.139,
                                  "Actual Total Time": 19.728,
                                  "Actual Rows": 66667,
                                  "Actual Loops": 3,
                                  "Heap Fetches": 0,
                                  "Shared Hit Blocks": 7,
                                  "Shared Read Blocks": 545,
                                  "Shared Dirtied Blocks": 0,
                                  "Shared Written Blocks": 0,
                                  "Local Hit Blocks": 0,
                                  "Local Read Blocks": 0,
                                  "Local Dirtied Blocks": 0,
                                  "Local Written Blocks": 0,
                                  "Temp Read Blocks": 0,
                                  "Temp Written Blocks": 0,
                                  "Workers": []
                                }
                              ]
                            }
                          ]
                        },
                        {
                          "Node Type": "Hash",
                          "Parent Relationship": "Inner",
                          "Parallel Aware": true,
                          "Async Capable": false,
                          "Startup Cost": 16165.76,
                          "Total Cost": 16165.76,
                          "Plan Rows": 333333,
                          "Plan Width": 4,
                          "Actual Startup Time": 126.739,
                          "Actual Total Time": 126.739,
                          "Actual Rows": 266667,
                          "Actual Loops": 3,
                          "Hash Buckets": 262144,
                          "Original Hash Buckets": 262144,
                          "Hash Batches": 8,
                          "Original Hash Batches": 8,
                          "Peak Memory Usage": 6080,
                          "Shared Hit Blocks": 29,
                          "Shared Read Blocks": 2174,
                          "Shared Dirtied Blocks": 0,
                          "Shared Written Blocks": 0,
                          "Local Hit Blocks": 0,
                          "Local Read Blocks": 0,
                          "Local Dirtied Blocks": 0,
                          "Local Written Blocks": 0,
                          "Temp Read Blocks": 0,
                          "Temp Written Blocks": 2112,
                          "Workers": [],
                          "Plans": [
                            {
                              "Node Type": "Index Only Scan",
                              "Parent Relationship": "Outer",
                              "Parallel Aware": true,
                              "Async Capable": false,
                              "Scan Direction": "Forward",
                              "Index Name": "pk_partsupp",
                              "Relation Name": "partsupp",
                              "Alias": "partsupp",
                              "Startup Cost": 0.42,
                              "Total Cost": 16165.76,
                              "Plan Rows": 333333,
                              "Plan Width": 4,
                              "Actual Startup Time": 1.445,
                              "Actual Total Time": 67.241,
                              "Actual Rows": 266667,
                              "Actual Loops": 3,
                              "Heap Fetches": 0,
                              "Shared Hit Blocks": 29,
                              "Shared Read Blocks": 2174,
                              "Shared Dirtied Blocks": 0,
                              "Shared Written Blocks": 0,
                              "Local Hit Blocks": 0,
                              "Local Read Blocks": 0,
                              "Local Dirtied Blocks": 0,
                              "Local Written Blocks": 0,
                              "Temp Read Blocks": 0,
                              "Temp Written Blocks": 0,
                              "Workers": []
                            }
                          ]
                        }
                      ]
                    }
                  ]
                }
              ]
            }
          ]
        }
      ]
    },
    "Planning": {
      "Shared Hit Blocks": 58,
      "Shared Read Blocks": 2,
      "Shared Dirtied Blocks": 0,
      "Shared Written Blocks": 0,
      "Local Hit Blocks": 0,
      "Local Read Blocks": 0,
      "Local Dirtied Blocks": 0,
      "Local Written Blocks": 0,
      "Temp Read Blocks": 0,
      "Temp Written Blocks": 0
    },
    "Planning Time": 1.558,
    "Triggers": [],
    "Execution Time": 2769.835
  }
]