[
  {
    "Plan": {
      "Node Type": "Aggregate",
      "Strategy": "Plain",
      "Partial Mode": "Finalize",
      "Parallel Aware": false,
      "Async Capable": false,
      "Startup Cost": 167998.25,
      "Total Cost": 167998.26,
      "Plan Rows": 1,
      "Plan Width": 32,
      "Actual Startup Time": 835.659,
      "Actual Total Time": 845.402,
      "Actual Rows": 1,
      "Actual Loops": 1,
      "Shared Hit Blocks": 9397,
      "Shared Read Blocks": 112089,
      "Shared Dirtied Blocks": 0,
      "Shared Written Blocks": 0,
      "Local Hit Blocks": 0,
      "Local Read Blocks": 0,
      "Local Dirtied Blocks": 0,
      "Local Written Blocks": 0,
      "Temp Read Blocks": 0,
      "Temp Written Blocks": 0,
      "Plans": [
        {
          "Node Type": "Gather",
          "Parent Relationship": "Outer",
          "Parallel Aware": false,
          "Async Capable": false,
          "Startup Cost": 167998.03,
          "Total Cost": 167998.24,
          "Plan Rows": 2,
          "Plan Width": 32,
          "Actual Startup Time": 835.242,
          "Actual Total Time": 845.385,
          "Actual Rows": 3,
          "Actual Loops": 1,
          "Workers Planned": 2,
          "Workers Launched": 2,
          "Single Copy": false,
          "Shared Hit Blocks": 9397,
          "Shared Read Blocks": 112089,
          "Shared Dirtied Blocks": 0,
          "Shared Written Blocks": 0,
          "Local Hit Blocks": 0,
          "Local Read Blocks": 0,
          "Local Dirtied Blocks": 0,
          "Local Written Blocks": 0,
          "Temp Read Blocks": 0,
          "Temp Written Blocks": 0,
          "Plans": [
            {
              "Node Type": "Aggregate",
              "Strategy": "Plain",
              "Partial Mode": "Partial",
              "Parent Relationship": "Outer",
              "Parallel Aware": false,
              "Async Capable": false,
              "Startup Cost": 166998.03,
              "Total Cost": 166998.04,
              "Plan Rows": 1,
              "Plan Width": 32,
              "Actual Startup Time": 789.708,
              "Actual Total Time": 789.709,
              "Actual Rows": 1,
              "Actual Loops": 3,
              "Shared Hit Blocks": 9397,
              "Shared Read Blocks": 112089,
              "Shared Dirtied Blocks": 0,
              "Shared Written Blocks": 0,
              "Local Hit Blocks": 0,
              "Local Read Blocks": 0,
              "Local Dirtied Blocks": 0,
              "Local Written Blocks": 0,
              "Temp Read Blocks": 0,
              "Temp Written Blocks": 0,
              "Workers": [],
              "Plans": [
                {
                  "Node Type": "Seq Scan",
                  "Parent Relationship": "Outer",
                  "Parallel Aware": true,
                  "Async Capable": false,
                  "Relation Name": "lineitem",
                  "Alias": "lineitem",
                  "Startup Cost": 0.0,
                  "Total Cost": 165247.36,
                  "Plan Rows": 350133,
                  "Plan Width": 12,
                  "Actual Startup Time": 0.121,
                  "Actual Total Time": 724.055,
                  "Actual Rows": 278574,
                  "Actual Loops": 3,
                  "Filter": "((l_shipdate >= '1993-01-01'::date) AND (l_shipdate < '1995-01-01'::date) AND (l_quantity < '24'::numeric))",
                  "Rows Removed by Filter": 1721831,
                  "Shared Hit Blocks": 9397,
                  "Shared Read Blocks": 112089,
                  "Shared Dirtied Blocks": 0,
                  "Shared Written Blocks": 0,
                  "Local Hit Blocks": 0,
                  "Local Read Blocks": 0,
                  "Local Dirtied Blocks": 0,
                  "Local Written Blocks": 0,
                  "Temp Read Blocks": 0,
                  "Temp Written Blocks": 0,
                  "Workers": []
                }
              ]
            }
          ]
        }
      ]
    },
    "Planning": {
      "Shared Hit Blocks": 0,
      "Shared Read Blocks": 0,
      "Shared Dirtied Blocks": 0,
      "Shared Written Blocks": 0,
      "Local Hit Blocks": 0,
      "Local Read Blocks": 0,
      "Local Dirtied Blocks": 0,
      "Local Written Blocks": 0,
      "Temp Read Blocks": 0,
      "Temp Written Blocks": 0
    },
    "Planning Time": 0.095,
    "Triggers": [],
    "Execution Time": 845.438
  }
]