[
  {
    "Plan": {
      "Node Type": "Limit",
      "Parallel Aware": false,
      "Async Capable": false,
      "Startup Cost": 211809.8,
      "Total Cost": 211809.85,
      "Plan Rows": 20,
      "Plan Width": 201,
      "Actual Startup Time": 1335.257,
      "Actual Total Time": 1345.328,
      "Actual Rows": 20,
      "Actual Loops": 1,
      "Shared Hit Blocks": 10432,
      "Shared Read Blocks": 143318,
      "Shared Dirtied Blocks": 0,
      "Shared Written Blocks": 0,
      "Local Hit Blocks": 0,
      "Local Read Blocks": 0,
      "Local Dirtied Blocks": 0,
      "Local Written Blocks": 0,
      "Temp Read Blocks": 2262,
      "Temp Written Blocks": 2266,
      "Plans": [
        {
          "Node Type": "Sort",
          "Parent Relationship": "Outer",
          "Parallel Aware": false,
          "Async Capable": false,
          "Startup Cost": 211809.8,
          "Total Cost": 211954.51,
          "Plan Rows": 57886,
          "Plan Width": 201,
          "Actual Startup Time": 1335.255,
          "Actual Total Time": 1345.324,
          "Actual Rows": 20,
          "Actual Loops": 1,
          "Sort Key": [
            "(sum((lineitem.l_extendedprice * ('1'::numeric - lineitem.l_discount)))) DESC",
            "customer.c_custkey",
            "customer.c_name",
            "customer.c_acctbal",
            "customer.c_phone",
            "nation.n_name",
            "customer.c_address",
            "customer.c_comment"
          ],
          "Sort Method": "top-N heapsort",
          "Sort Space Used": 33,
          "Sort Space Type": "Memory",
          "Shared Hit Blocks": 10432,
          "Shared Read Blocks": 143318,
          "Shared Dirtied Blocks": 0,
          "Shared Written Blocks": 0,
          "Local Hit Blocks": 0,
          "Local Read Blocks": 0,
          "Local Dirtied Blocks": 0,
          "Local Written Blocks": 0,
          "Temp Read Blocks": 2262,
          "Temp Written Blocks": 2266,
          "Plans": [
            {
              "Node Type": "Aggregate",
              "Strategy": "Sorted",
              "Partial Mode": "Finalize",
              "Parent Relationship": "Outer",
              "Parallel Aware": false,
              "Async Capable": false,
              "Startup Cost": 202832.38,
              "Total Cost": 210269.47,
              "Plan Rows": 57886,
              "Plan Width": 201,
              "Actual Startup Time": 1219.024,
              "Actual Total Time": 1327.393,
              "Actual Rows": 35593,
              "Actual Loops": 1,
              "Group Key": [
                "customer.c_custkey",
                "nation.n_name"
              ],
              "Shared Hit Blocks": 10432,
              "Shared Read Blocks": 143318,
              "Shared Dirtied Blocks": 0,
              "Shared Written Blocks": 0,
              "Local Hit Blocks": 0,
              "Local Read Blocks": 0,
              "Local Dirtied Blocks": 0,
              "Local Written Blocks": 0,
              "Temp Read Blocks": 2262,
              "Temp Written Blocks": 2266,
              "Plans": [
                {
                  "Node Type": "Gather Merge",
                  "Parent Relationship": "Outer",
                  "Parallel Aware": false,
                  "Async Capable": false,
                  "Startup Cost": 202832.38,
                  "Total Cost": 209063.52,
                  "Plan Rows": 48238,
                  "Plan Width": 201,
                  "Actual Startup Time": 1219.011,
                  "Actual Total Time": 1278.975,
                  "Actual Rows": 35593,
                  "Actual Loops": 1,
                  "Workers Planned": 2,
                  "Workers Launched": 2,
                  "Shared Hit Blocks": 10432,
                  "Shared Read Blocks": 143318,
                  "Shared Dirtied Blocks": 0,
                  "Shared Written Blocks": 0,
                  "Local Hit Blocks": 0,
                  "Local Read Blocks": 0,
                  "Local Dirtied Blocks": 0,
                  "Local Written Blocks": 0,
                  "Temp Read Blocks": 2262,
                  "Temp Written Blocks": 2266,
                  "Plans": [
                    {
                      "Node Type": "Aggregate",
                      "Strategy": "Sorted",
                      "Partial Mode": "Partial",
                      "Parent Relationship": "Outer",
                      "Parallel Aware": false,
                      "Async Capable": false,
                      "Startup Cost": 201832.36,
                      "Total Cost": 202495.63,
                      "Plan Rows": 24119,
                      "Plan Width": 201,
                      "Actual Startup Time": 1097.473,
                      "Actual Total Time": 1129.367,
                      "Actual Rows": 11864,
                      "Actual Loops": 3,
                      "Group Key": [
                        "customer.c_custkey",
                        "nation.n_name"
                      ],
                      "Shared Hit Blocks": 10432,
                      "Shared Read Blocks": 143318,
                      "Shared Dirtied Blocks": 0,
                      "Shared Written Blocks": 0,
                      "Local Hit Blocks": 0,
                      "Local Read Blocks": 0,
                      "Local Dirtied Blocks": 0,
                      "Local Written Blocks": 0,
                      "Temp Read Blocks": 2262,
                      "Temp Written Blocks": 2266,
                      "Workers": [],
                      "Plans": [
                        {
                          "Node Type": "Sort",
                          "Parent Relationship": "Outer",
                          "Parallel Aware": false,
                          "Async Capable": false,
                          "Startup Cost": 201832.36,
                          "Total Cost": 201892.66,
                          "Plan Rows": 24119,
                          "Plan Width": 181,
                          "Actual Startup Time": 1097.452,
                          "Actual Total Time": 1104.089,
                          "Actual Rows": 31636,
                          "Actual Loops": 3,
                          "Sort Key": [
                            "customer.c_custkey",
                            "nation.n_name"
                          ],
                          "Sort Method": "external merge",
                          "Sort Space Used": 4504,
                          "Sort Space Type": "Disk",
                          "Shared Hit Blocks": 10432,
                          "Shared Read Blocks": 143318,
                          "Shared Dirtied Blocks": 0,
                          "Shared Written Blocks": 0,
                          "Local Hit Blocks": 0,
                          "Local Read Blocks": 0,
                          "Local Dirtied Blocks": 0,
                          "Local Written Blocks": 0,
                          "Temp Read Blocks": 2262,
                          "Temp Written Blocks": 2266,
                          "Workers": [
                            {
                              "Worker Number": 0,
                              "Sort Method": "external merge",
                              "Sort Space Used": 7120,
                              "Sort Space Type": "Disk"
                            },
                            {
                              "Worker Number": 1,
                              "Sort Method": "external merge",
                              "Sort Space Used": 6472,
                              "Sort Space Type": "Disk"
                            }
                          ],
                          "Plans": [
                            {
                              "Node Type": "Hash Join",
                              "Parent Relationship": "Outer",
                              "Parallel Aware": false,
                              "Async Capable": false,
                              "Join Type": "Inner",
                              "Startup Cost": 192683.58,
                              "Total Cost": 197931.25,
                              "Plan Rows": 24119,
                              "Plan Width": 181,
                              "Actual Startup Time": 1013.578,
                              "Actual Total Time": 1066.013,
                              "Actual Rows": 31636,
                              "Actual Loops": 3,
                              "Inner Unique": true,
                              "Hash Cond": "(customer.c_nationkey = nation.n_nationkey)",
                              "Shared Hit Blocks": 10315,
                              "Shared Read Blocks": 143309,
                              "Shared Dirtied Blocks": 0,
                              "Shared Written Blocks": 0,
                              "Local Hit Blocks": 0,
                              "Local Read Blocks": 0,
                              "Local Dirtied Blocks": 0,
                              "Local Written Blocks": 0,
                              "Temp Read Blocks": 0,
                              "Temp Written Blocks": 0,
                              "Workers": [],
                              "Plans": [
                                {
                                  "Node Type": "Hash Join",
                                  "Parent Relationship": "Outer",
                                  "Parallel Aware": true,
                                  "Async Capable": false,
                                  "Join Type": "Inner",
                                  "Startup Cost": 192682.01,
                                  "Total Cost": 197855.64,
                                  "Plan Rows": 24119,
                                  "Plan Width": 159,
                                  "Actual Startup Time": 1012.056,
                                  "Actual Total Time": 1057.315,
                                  "Actual Rows": 31636,
                                  "Actual Loops": 3,
                                  "Inner Unique": false,
                                  "Hash Cond": "(customer.c_custkey = orders.o_custkey)",
                                  "Shared Hit Blocks": 10296,
                                  "Shared Read Blocks": 143303,
                                  "Shared Dirtied Blocks": 0,
                                  "Shared Written Blocks": 0,
                                  "Local Hit Blocks": 0,
                                  "Local Read Blocks": 0,
                                  "Local Dirtied Blocks": 0,
                                  "Local Written Blocks": 0,
                                  "Temp Read Blocks": 0,
                                  "Temp Written Blocks": 0,
                                  "Workers": [],
                                  "Plans": [
                                    {
                                      "Node Type": "Seq Scan",
                                      "Parent Relationship": "Outer",
                                      "Parallel Aware": true,
                                      "Async Capable": false,
                                      "Relation Name": "customer",
                                      "Alias": "customer",
                                      "Startup Cost": 0.0,
                                      "Total Cost": 4370.0,
                                      "Plan Rows": 62500,
                                      "Plan Width": 147,
                                      "Actual Startup Time": 1.108,
                                      "Actual Total Time": 20.312,
                                      "Actual Rows": 50000,
                                      "Actual Loops": 3,
                                      "Shared Hit Blocks": 0,
                                      "Shared Read Blocks": 3745,
                                      "Shared Dirtied Blocks": 0,
                                      "Shared Written Blocks": 0,
                                      "Local Hit Blocks": 0,
                                      "Local Read Blocks": 0,
                                      "Local Dirtied Blocks": 0,
                                      "Local Written Blocks": 0,
                                      "Temp Read Blocks": 0,
                                      "Temp Written Blocks": 0,
                                      "Workers": []
                                    },
                                    {
                                      "Node Type": "Hash",
                                      "Parent Relationship": "Inner",
                                      "Parallel Aware": true,
                                      "Async Capable": false,
                                      "Startup Cost": 192380.53,
                                      "Total Cost": 192380.53,
                                      "Plan Rows": 24119,
                                      "Plan Width": 16,
                                      "Actual Startup Time": 1010.672,
                                      "Actual Total Time": 1010.676,
                                      "Actual Rows": 31636,
                                      "Actual Loops": 3,
                                      "Hash Buckets": 131072,
                                      "Original Hash Buckets": 65536,
                                      "Hash Batches": 1,
                                      "Original Hash Batches": 1,
                                      "Peak Memory Usage": 6560,
                                      "Shared Hit Blocks": 10296,
                                      "Shared Read Blocks": 139558,
                                      "Shared Dirtied Blocks": 0,
                                      "Shared Written Blocks": 0,
                                      "Local Hit Blocks": 0,
                                      "Local Read Blocks": 0,
                                      "Local Dirtied Blocks": 0,
                                      "Local Written Blocks": 0,
                                      "Temp Read Blocks": 0,
                                      "Temp Written Blocks": 0,
                                      "Workers": [],
                                      "Plans": [
                                        {
                                          "Node Type": "Hash Join",
                                          "Parent Relationship": "Outer",
                                          "Parallel Aware": true,
                                          "Async Capable": false,
                                          "Join Type": "Inner",
                                          "Startup Cost": 38018.78,
                                          "Total Cost": 192380.53,
                                          "Plan Rows": 24119,
                                          "Plan Width": 16,
                                          "Actual Startup Time": 134.821,
                                          "Actual Total Time": 986.352,
                                          "Actual Rows": 31636,
                                          "Actual Loops": 3,
                                          "Inner Unique": true,
                                          "Hash Cond": "(lineitem.l_orderkey = orders.o_orderkey)",
                                          "Shared Hit Blocks": 10296,
                                          "Shared Read Blocks": 139558,
                                          "Shared Dirtied Blocks": 0,
                                          "Shared Written Blocks": 0,
                                          "Local Hit Blocks": 0,
                                          "Local Read Blocks": 0,
                                          "Local Dirtied Blocks": 0,
                                          "Local Written Blocks": 0,
                                          "Temp Read Blocks": 0,
                                          "Temp Written Blocks": 0,
                                          "Workers": [],
                                          "Plans": [
                                            {
                                              "Node Type": "Seq Scan",
                                              "Parent Relationship": "Outer",
                                              "Parallel Aware": true,
                                              "Async Capable": false,
                                              "Relation Name": "lineitem",
                                              "Alias": "lineitem",
                                              "Startup Cost": 0.0,
                                              "Total Cost": 152744.11,
                                              "Plan Rows": 616243,
                                              "Plan Width": 20,
                                              "Actual Startup Time": 0.656,
                                              "Actual Total Time": 742.05,
                                              "Actual Rows": 492957,
                                              "Actual Loops": 3,
                                              "Filter": "(l_returnflag = 'R'::bpchar)",
                                              "Rows Removed by Filter": 1507448,
                                              "Shared Hit Blocks": 10172,
                                              "Shared Read Blocks": 111314,
                                              "Shared Dirtied Blocks": 0,
                                              "Shared Written Blocks": 0,
                                              "Local Hit Blocks": 0,
                                              "Local Read Blocks": 0,
                                              "Local Dirtied Blocks": 0,
                                              "Local Written Blocks": 0,
                                              "Temp Read Blocks": 0,
                                              "Temp Written Blocks": 0,
                                              "Workers": []
                                            },
                                            {
                                              "Node Type": "Hash",
                                              "Parent Relationship": "Inner",
                                              "Parallel Aware": true,
                                              "Async Capable": false,
                                              "Startup Cost": 37713.0,
                                              "Total Cost": 37713.0,
                                              "Plan Rows": 24462,
                                              "Plan Width": 12,
                                              "Actual Startup Time": 133.802,
                                              "Actual Total Time": 133.803,
                                              "Actual Rows": 18835,
                                              "Actual Loops": 3,
                                              "Hash Buckets": 65536,
                                              "Original Hash Buckets": 65536,
                                              "Hash Batches": 1,
                                              "Original Hash Batches": 1,
                                              "Peak Memory Usage": 3232,
                                              "Shared Hit Blocks": 96,
                                              "Shared Read Blocks": 28242,
                                              "Shared Dirtied Blocks": 0,
                                              "Shared Written Blocks": 0,
                                              "Local Hit Blocks": 0,
                                              "Local Read Blocks": 0,
                                              "Local Dirtied Blocks": 0,
                                              "Local Written Blocks": 0,
                                              "Temp Read Blocks": 0,
                                              "Temp Written Blocks": 0,
                                              "Workers": [],
                                              "Plans": [
                                                {
                                                  "Node Type": "Seq Scan",
                                                  "Parent Relationship": "Outer",
                                                  "Parallel Aware": true,
                                                  "Async Capable": false,
                                                  "Relation Name": "orders",
                                                  "Alias": "orders",
                                                  "Startup Cost": 0.0,
                                                  "Total Cost": 37713.0,
                                                  "Plan Rows": 24462,
                                                  "Plan Width": 12,
                                                  "Actual Startup Time": 0.482,
                                                  "Actual Total Time": 126.641,
                                                  "Actual Rows": 18835,
                                                  "Actual Loops": 3,
                                                  "Filter": "((o_orderdate >= '1995-01-01'::date) AND (o_orderdate <= '1995-03-31'::date))",
                                                  "Rows Removed by Filter": 481165,
                                                  "Shared Hit Blocks": 96,
                                                  "Shared Read Blocks": 28242,
                                                  "Shared Dirtied Blocks": 0,
                                                  "Shared Written Blocks": 0,
                                                  "Local Hit Blocks": 0,
                                                  "Local Read Blocks": 0,
                                                  "Local Dirtied Blocks": 0,
                                                  "Local Written Blocks": 0,
                                                  "Temp Read Blocks": 0,
                                                  "Temp Written Blocks": 0,
                                                  "Workers": []
                                                }
                                              ]
                                            }
                                          ]
                                        }
                                      ]
                                    }
                                  ]
                                },
                                {
                                  "Node Type": "Hash",
                                  "Parent Relationship": "Inner",
                                  "Parallel Aware": false,
                                  "Async Capable": false,
                                  "Startup Cost": 1.25,
                                  "Total Cost": 1.25,
                                  "Plan Rows": 25,
                                  "Plan Width": 30,
                                  "Actual Startup Time": 0.546,
                                  "Actual Total Time": 0.546,
                                  "Actual Rows": 25,
                                  "Actual Loops": 3,
                                  "Hash Buckets": 1024,
                                  "Original Hash Buckets": 1024,
                                  "Hash Batches": 1,
                                  "Original Hash Batches": 1,
                                  "Peak Memory Usage": 10,
                                  "Shared Hit Blocks": 2,
                                  "Shared Read Blocks": 1,
                                  "Shared Dirtied Blocks": 0,
                                  "Shared Written Blocks": 0,
                                  "Local Hit Blocks": 0,
                                  "Local Read Blocks": 0,
                                  "Local Dirtied Blocks": 0,
                                  "Local Written Blocks": 0,
                                  "Temp Read Blocks": 0,
                                  "Temp Written Blocks": 0,
                                  "Workers": [],
                                  "Plans": [
                                    {
                                      "Node Type": "Seq Scan",
                                      "Parent Relationship": "Outer",
                                      "Parallel Aware": false,
                                      "Async Capable": false,
                                      "Relation Name": "nation",
                                      "Alias": "nation",
                                      "Startup Cost": 0.0,
                                      "Total Cost": 1.25,
                                      "Plan Rows": 25,
                                      "Plan Width": 30,
                                      "Actual Startup Time": 0.527,
                                      "Actual Total Time": 0.53,
                                      "Actual Rows": 25,
                                      "Actual Loops": 3,
                                      "Shared Hit Blocks": 2,
                                      "Shared Read Blocks": 1,
                                      "Shared Dirtied Blocks": 0,
                                      "Shared Written Blocks": 0,
                                      "Local Hit Blocks": 0,
                                      "Local Read Blocks": 0,
                                      "Local Dirtied Blocks": 0,
                                      "Local Written Blocks": 0,
                                      "Temp Read Blocks": 0,
                                      "Temp Written Blocks": 0,
                                      "Workers": []
                                    }
                                  ]
                                }
                              ]
                            }
                          ]
                        }
                      ]
                    }
                  ]
                }
              ]
            }
          ]
        }
      ]
    },
    "Planning": {
      "Shared Hit Blocks": 10,
      "Shared Read Blocks": 21,
      "Shared Dirtied Blocks": 0,
      "Shared Written Blocks": 0,
      "Local Hit Blocks": 0,
      "Local Read Blocks": 0,
      "Local Dirtied Blocks": 0,
      "Local Written Blocks": 0,
      "Temp Read Blocks": 0,
      "Temp Written Blocks": 0
    },
    "Planning Time": 1.575,
    "Triggers": [],
    "Execution Time": 1349.818
  }
]