[
  {
    "Plan": {
      "Node Type": "Aggregate",
      "Strategy": "Sorted",
      "Partial Mode": "Finalize",
      "Parallel Aware": false,
      "Async Capable": false,
      "Startup Cost": 201069.61,
      "Total Cost": 201144.3,
      "Plan Rows": 558,
      "Plan Width": 90,
      "Actual Startup Time": 5065.995,
      "Actual Total Time": 5466.301,
      "Actual Rows": 175,
      "Actual Loops": 1,
      "Group Key": [
        "nation.n_name",
        "(EXTRACT(year FROM orders.o_orderdate))"
      ],
      "Shared Hit Blocks": 8337913,
      "Shared Read Blocks": 363643,
      "Shared Dirtied Blocks": 0,
      "Shared Written Blocks": 0,
      "Local Hit Blocks": 0,
      "Local Read Blocks": 0,
      "Local Dirtied Blocks": 0,
      "Local Written Blocks": 0,
      "Temp Read Blocks": 22013,
      "Temp Written Blocks": 22114,
      "Plans": [
        {
          "Node Type": "Gather Merge",
          "Parent Relationship": "Outer",
          "Parallel Aware": false,
          "Async Capable": false,
          "Startup Cost": 201069.61,
          "Total Cost": 201131.29,
          "Plan Rows": 464,
          "Plan Width": 90,
          "Actual Startup Time": 5063.788,
          "Actual Total Time": 5465.455,
          "Actual Rows": 525,
          "Actual Loops": 1,
          "Workers Planned": 2,
          "Workers Launched": 2,
          "Shared Hit Blocks": 8337913,
          "Shared Read Blocks": 363643,
          "Shared Dirtied Blocks": 0,
          "Shared Written Blocks": 0,
          "Local Hit Blocks": 0,
          "Local Read Blocks": 0,
          "Local Dirtied Blocks": 0,
          "Local Written Blocks": 0,
          "Temp Read Blocks": 22013,
          "Temp Written Blocks": 22114,
          "Plans": [
            {
              "Node Type": "Aggregate",
              "Strategy": "Sorted",
              "Partial Mode": "Partial",
              "Parent Relationship": "Outer",
              "Parallel Aware": false,
              "Async Capable": false,
              "Startup Cost": 200069.59,
              "Total Cost": 200077.71,
              "Plan Rows": 232,
              "Plan Width": 90,
              "Actual Startup Time": 4734.664,
              "Actual Total Time": 5107.487,
              "Actual Rows": 175,
              "Actual Loops": 3,
              "Group Key": [
                "nation.n_name",
                "(EXTRACT(year FROM orders.o_orderdate))"
              ],
              "Shared Hit Blocks": 8337913,
              "Shared Read Blocks": 363643,
              "Shared Dirtied Blocks": 0,
              "Shared Written Blocks": 0,
              "Local Hit Blocks": 0,
              "Local Read Blocks": 0,
              "Local Dirtied Blocks": 0,
              "Local Written Blocks": 0,
              "Temp Read Blocks": 22013,
              "Temp Written Blocks": 22114,
              "Workers": [],
              "Plans": [
                {
                  "Node Type": "Sort",
                  "Parent Relationship": "Outer",
                  "Parallel Aware": false,
                  "Async Capable": false,
                  "Startup Cost": 200069.59,
                  "Total Cost": 200070.17,
                  "Plan Rows": 232,
                  "Plan Width": 81,
                  "Actual Startup Time": 4732.9,
                  "Actual Total Time": 4862.605,
                  "Actual Rows": 407533,
                  "Actual Loops": 3,
                  "Sort Key": [
                    "nation.n_name",
                    "(EXTRACT(year FROM orders.o_orderdate)) DESC"
                  ],
                  "Sort Method": "external merge",
                  "Sort Space Used": 16560,
                  "Sort Space Type": "Disk",
                  "Shared Hit Blocks": 8337913,
                  "Shared Read Blocks": 363643,
                  "Shared Dirtied Blocks": 0,
                  "Shared Written Blocks": 0,
                  "Local Hit Blocks": 0,
                  "Local Read Blocks": 0,
                  "Local Dirtied Blocks": 0,
                  "Local Written Blocks": 0,
                  "Temp Read Blocks": 22013,
                  "Temp Written Blocks": 22114,
                  "Workers": [
                    {
                      "Worker Number": 0,
                      "Sort Method": "external merge",
                      "Sort Space Used": 31992,
                      "Sort Space Type": "Disk"
                    },
                    {
                      "Worker Number": 1,
                      "Sort Method": "external merge",
                      "Sort Space Used": 31064,
                      "Sort Space Type": "Disk"
                    }
                  ],
                  "Plans": [
                    {
                      "Node Type": "Nested Loop",
                      "Parent Relationship": "Outer",
                      "Parallel Aware": false,
                      "Async Capable": false,
                      "Join Type": "Inner",
                      "Startup Cost": 33068.27,
                      "Total Cost": 200060.47,
                      "Plan Rows": 232,
                      "Plan Width": 81,
                      "Actual Startup Time": 1161.143,
                      "Actual Total Time": 4087.364,
                      "Actual Rows": 407533,
                      "Actual Loops": 3,
                      "Inner Unique": true,
                      "Shared Hit Blocks": 8337893,
                      "Shared Read Blocks": 363635,
                      "Shared Dirtied Blocks": 0,
                      "Shared Written Blocks": 0,
                      "Local Hit Blocks": 0,
                      "Local Read Blocks": 0,
                      "Local Dirtied Blocks": 0,
                      "Local Written Blocks": 0,
                      "Temp Read Blocks": 12061,
                      "Temp Written Blocks": 12132,
                      "Workers": [],
                      "Plans": [
                        {
                          "Node Type": "Hash Join",
                          "Parent Relationship": "Outer",
                          "Parallel Aware": false,
                          "Async Capable": false,
                          "Join Type": "Inner",
                          "Startup Cost": 33067.84,
                          "Total Cost": 199951.64,
                          "Plan Rows": 232,
                          "Plan Width": 57,
                          "Actual Startup Time": 1160.464,
                          "Actual Total Time": 2421.843,
                          "Actual Rows": 407533,
                          "Actual Loops": 3,
                          "Inner Unique": true,
                          "Hash Cond": "(supplier.s_nationkey = nation.n_nationkey)",
                          "Shared Hit Blocks": 3677542,
                          "Shared Read Blocks": 133592,
                          "Shared Dirtied Blocks": 0,
                          "Shared Written Blocks": 0,
                          "Local Hit Blocks": 0,
                          "Local Read Blocks": 0,
                          "Local Dirtied Blocks": 0,
                          "Local Written Blocks": 0,
                          "Temp Read Blocks": 12061,
                          "Temp Written Blocks": 12132,
                          "Workers": [],
                          "Plans": [
                            {
                              "Node Type": "Nested Loop",
                              "Parent Relationship": "Outer",
                              "Parallel Aware": false,
                              "Async Capable": false,
                              "Join Type": "Inner",
                              "Startup Cost": 33066.28,
                              "Total Cost": 199949.36,
                              "Plan Rows": 232,
                              "Plan Width": 35,
                              "Actual Startup Time": 1159.586,
                              "Actual Total Time": 2306.375,
                              "Actual Rows": 407533,
                              "Actual Loops": 3,
                              "Inner Unique": true,
                              "Shared Hit Blocks": 3677518,
                              "Shared Read Blocks": 133585,
                              "Shared Dirtied Blocks": 0,
                              "Shared Written Blocks": 0,
                              "Local Hit Blocks": 0,
                              "Local Read Blocks": 0,
                              "Local Dirtied Blocks": 0,
                              "Local Written Blocks": 0,
                              "Temp Read Blocks": 12061,
                              "Temp Written Blocks": 12132,
                              "Workers": [],
                              "Plans": [
                                {
                                  "Node Type": "Hash Join",
                                  "Parent Relationship": "Outer",
                                  "Parallel Aware": true,
                                  "Async Capable": false,
                                  "Join Type": "Inner",
                                  "Startup Cost": 33065.99,
                                  "Total Cost": 199878.89,
                                  "Plan Rows": 232,
                                  "Plan Width": 39,
                                  "Actual Startup Time": 1158.479,
                                  "Actual Total Time": 1482.065,
                                  "Actual Rows": 407533,
                                  "Actual Loops": 3,
                                  "Inner Unique": true,
                                  "Hash Cond": "((part.p_partkey = partsupp.ps_partkey) AND (lineitem.l_suppkey = partsupp.ps_suppkey))",
                                  "Shared Hit Blocks": 9975,
                                  "Shared Read Blocks": 133332,
                                  "Shared Dirtied Blocks": 0,
                                  "Shared Written Blocks": 0,
                                  "Local Hit Blocks": 0,
                                  "Local Read Blocks": 0,
                                  "Local Dirtied Blocks": 0,
                                  "Local Written Blocks": 0,
                                  "Temp Read Blocks": 12061,
                                  "Temp Written Blocks": 12132,
                                  "Workers": [],
                                  "Plans": [
                                    {
                                      "Node Type": "Hash Join",
                                      "Parent Relationship": "Outer",
                                      "Parallel Aware": true,
                                      "Async Capable": false,
                                      "Join Type": "Inner",
                                      "Startup Cost": 5587.67,
                                      "Total Cost": 158644.51,
                                      "Plan Rows": 580963,
                                      "Plan Width": 37,
                                      "Actual Startup Time": 25.23,
                                      "Actual Total Time": 847.439,
                                      "Actual Rows": 407533,
                                      "Actual Loops": 3,
                                      "Inner Unique": true,
                                      "Hash Cond": "(lineitem.l_partkey = part.p_partkey)",
                                      "Shared Hit Blocks": 9975,
                                      "Shared Read Blocks": 115815,
                                      "Shared Dirtied Blocks": 0,
                                      "Shared Written Blocks": 0,
                                      "Local Hit Blocks": 0,
                                      "Local Read Blocks": 0,
                                      "Local Dirtied Blocks": 0,
                                      "Local Written Blocks": 0,
                                      "Temp Read Blocks": 0,
                                      "Temp Written Blocks": 0,
                                      "Workers": [],
                                      "Plans": [
                                        {
                                          "Node Type": "Seq Scan",
                                          "Parent Relationship": "Outer",
                                          "Parallel Aware": true,
                                          "Async Capable": false,
                                          "Relation Name": "lineitem",
                                          "Alias": "lineitem",
                                          "Startup Cost": 0.0,
                                          "Total Cost": 146492.49,
                                          "Plan Rows": 2500649,
                                          "Plan Width": 33,
                                          "Actual Startup Time": 0.897,
                                          "Actual Total Time": 387.771,
                                          "Actual Rows": 2000405,
                                          "Actual Loops": 3,
                                          "Shared Hit Blocks": 9975,
                                          "Shared Read Blocks": 111511,
                                          "Shared Dirtied Blocks": 0,
                                          "Shared Written Blocks": 0,
                                          "Local Hit Blocks": 0,
                                          "Local Read Blocks": 0,
                                          "Local Dirtied Blocks": 0,
                                          "Local Written Blocks": 0,
                                          "Temp Read Blocks": 0,
                                          "Temp Written Blocks": 0,
                                          "Workers": []
                                        },
                                        {
                                          "Node Type": "Hash",
                                          "Parent Relationship": "Inner",
                                          "Parallel Aware": true,
                                          "Async Capable": false,
                                          "Startup Cost": 5345.67,
                                          "Total Cost": 5345.67,
                                          "Plan Rows": 19360,
                                          "Plan Width": 4,
                                          "Actual Startup Time": 24.132,
                                          "Actual Total Time": 24.133,
                                          "Actual Rows": 13586,
                                          "Actual Loops": 3,
                                          "Hash Buckets": 65536,
                                          "Original Hash Buckets": 65536,
                                          "Hash Batches": 1,
                                          "Original Hash Batches": 1,
                                          "Peak Memory Usage": 2176,
                                          "Shared Hit Blocks": 0,
                                          "Shared Read Blocks": 4304,
                                          "Shared Dirtied Blocks": 0,
                                          "Shared Written Blocks": 0,
                                          "Local Hit Blocks": 0,
                                          "Local Read Blocks": 0,
                                          "Local Dirtied Blocks": 0,
                                          "Local Written Blocks": 0,
                                          "Temp Read Blocks": 0,
                                          "Temp Written Blocks": 0,
                                          "Workers": [],
                                          "Plans": [
                                            {
                                              "Node Type": "Seq Scan",
                                              "Parent Relationship": "Outer",
                                              "Parallel Aware": true,
                                              "Async Capable": false,
                                              "Relation Name": "part",
                                              "Alias": "part",
                                              "Startup Cost": 0.0,
                                              "Total Cost": 5345.67,
                                              "Plan Rows": 19360,
                                              "Plan Width": 4,
                                              "Actual Startup Time": 0.79,
                                              "Actual Total Time": 21.162,
                                              "Actual Rows": 13586,
                                              "Actual Loops": 3,
                                              "Filter": "((p_name)::text ~~ '%co%'::text)",
                                              "Rows Removed by Filter": 53080,
                                              "Shared Hit Blocks": 0,
                                              "Shared Read Blocks": 4304,
                                              "Shared Dirtied Blocks": 0,
                                              "Shared Written Blocks": 0,
                                              "Local Hit Blocks": 0,
                                              "Local Read Blocks": 0,
                                              "Local Dirtied Blocks": 0,
                                              "Local Written Blocks": 0,
                                              "Temp Read Blocks": 0,
                                              "Temp Written Blocks": 0,
                                              "Workers": []
                                            }
                                          ]
                                        }
                                      ]
                                    },
                                    {
                                      "Node Type": "Hash",
                                      "Parent Relationship": "Inner",
                                      "Parallel Aware": true,
                                      "Async Capable": false,
                                      "Startup Cost": 20850.33,
                                      "Total Cost": 20850.33,
                                      "Plan Rows": 333333,
                                      "Plan Width": 14,
                                      "Actual Startup Time": 142.081,
                                      "Actual Total Time": 142.082,
                                      "Actual Rows": 266667,
                                      "Actual Loops": 3,
                                      "Hash Buckets": 262144,
                                      "Original Hash Buckets": 262144,
                                      "Hash Batches": 8,
                                      "Original Hash Batches": 8,
                                      "Peak Memory Usage": 6784,
                                      "Shared Hit Blocks": 0,
                                      "Shared Read Blocks": 17517,
                                      "Shared Dirtied Blocks": 0,
                                      "Shared Written Blocks": 0,
                                      "Local Hit Blocks": 0,
                                      "Local Read Blocks": 0,
                                      "Local Dirtied Blocks": 0,
                                      "Local Written Blocks": 0,
                                      "Temp Read Blocks": 0,
                                      "Temp Written Blocks": 3116,
                                      "Workers": [],
                                      "Plans": [
                                        {
                                          "Node Type": "Seq Scan",
                                          "Parent Relationship": "Outer",
                                          "Parallel Aware": true,
                                          "Async Capable": false,
                                          "Relation Name": "partsupp",
                                          "Alias": "partsupp",
                                          "Startup Cost": 0.0,
                                          "Total Cost": 20850.33,
                                          "Plan Rows": 333333,
                                          "Plan Width": 14,
                                          "Actual Startup Time": 0.447,
                                          "Actual Total Time": 72.646,
                                          "Actual Rows": 266667,
                                          "Actual Loops": 3,
                                          "Shared Hit Blocks": 0,
                                          "Shared Read Blocks": 17517,
                                          "Shared Dirtied Blocks": 0,
                                          "Shared Written Blocks": 0,
                                          "Local Hit Blocks": 0,
                                          "Local Read Blocks": 0,
                                          "Local Dirtied Blocks": 0,
                                          "Local Written Blocks": 0,
                                          "Temp Read Blocks": 0,
                                          "Temp Written Blocks": 0,
                                          "Workers": []
                                        }
                                      ]
                                    }
                                  ]
                                },
                                {
                                  "Node Type": "Index Scan",
                                  "Parent Relationship": "Inner",
                                  "Parallel Aware": false,
                                  "Async Capable": false,
                                  "Scan Direction": "Forward",
                                  "Index Name": "pk_supplier",
                                  "Relation Name": "supplier",
                                  "Alias": "supplier",
                                  "Startup Cost": 0.29,
                                  "Total Cost": 0.3,
                                  "Plan Rows": 1,
                                  "Plan Width": 8,
                                  "Actual Startup Time": 0.002,
                                  "Actual Total Time": 0.002,
                                  "Actual Rows": 1,
                                  "Actual Loops": 1222598,
                                  "Index Cond": "(s_suppkey = partsupp.ps_suppkey)",
                                  "Rows Removed by Index Recheck": 0,
                                  "Shared Hit Blocks": 3667543,
                                  "Shared Read Blocks": 253,
                                  "Shared Dirtied Blocks": 0,
                                  "Shared Written Blocks": 0,
                                  "Local Hit Blocks": 0,
                                  "Local Read Blocks": 0,
                                  "Local Dirtied Blocks": 0,
                                  "Local Written Blocks": 0,
                                  "Temp Read Blocks": 0,
                                  "Temp Written Blocks": 0,
                                  "Workers": []
                                }
                              ]
                            },
                            {
                              "Node Type": "Hash",
                              "Parent Relationship": "Inner",
                              "Parallel Aware": false,
                              "Async Capable": false,
                              "Startup Cost": 1.25,
                              "Total Cost": 1.25,
                              "Plan Rows": 25,
                              "Plan Width": 30,
                              "Actual Startup Time": 0.422,
                              "Actual Total Time": 0.423,
                              "Actual Rows": 25,
                              "Actual Loops": 3,
                              "Hash Buckets": 1024,
                              "Original Hash Buckets": 1024,
                              "Hash Batches": 1,
                              "Original Hash Batches": 1,
                              "Peak Memory Usage": 10,
                              "Shared Hit Blocks": 2,
                              "Shared Read Blocks": 1,
                              "Shared Dirtied Blocks": 0,
                              "Shared Written Blocks": 0,
                              "Local Hit Blocks": 0,
                              "Local Read Blocks": 0,
                              "Local Dirtied Blocks": 0,
                              "Local Written Blocks": 0,
                              "Temp Read Blocks": 0,
                              "Temp Written Blocks": 0,
                              "Workers": [],
                              "Plans": [
                                {
                                  "Node Type": "Seq Scan",
                                  "Parent Relationship": "Outer",
                                  "Parallel Aware": false,
                                  "Async Capable": false,
                                  "Relation Name": "nation",
                                  "Alias": "nation",
                                  "Startup Cost": 0.0,
                                  "Total Cost": 1.25,
                                  "Plan Rows": 25,
                                  "Plan Width": 30,
                                  "Actual Startup Time": 0.377,
                                  "Actual Total Time": 0.41,
                                  "Actual Rows": 25,
                                  "Actual Loops": 3,
                                  "Shared Hit Blocks": 2,
                                  "Shared Read Blocks": 1,
                                  "Shared Dirtied Blocks": 0,
                                  "Shared Written Blocks": 0,
                                  "Local Hit Blocks": 0,
                                  "Local Read Blocks": 0,
                                  "Local Dirtied Blocks": 0,
                                  "Local Written Blocks": 0,
                                  "Temp Read Blocks": 0,
                                  "Temp Written Blocks": 0,
                                  "Workers": []
                                }
                              ]
                            }
                          ]
                        },
                        {
                          "Node Type": "Index Scan",
                          "Parent Relationship": "Inner",
                          "Parallel Aware": false,
                          "Async Capable": false,
                          "Scan Direction": "Forward",
                          "Index Name": "pk_orders",
                          "Relation Name": "orders",
                          "Alias": "orders",
                          "Startup Cost": 0.43,
                          "Total Cost": 0.47,
                          "Plan Rows": 1,
                          "Plan Width": 12,
                          "Actual Startup Time": 0.003,
                          "Actual Total Time": 0.003,
                          "Actual Rows": 1,
                          "Actual Loops": 1222598,
                          "Index Cond": "(o_orderkey = lineitem.l_orderkey)",
                          "Rows Removed by Index Recheck": 0,
                          "Shared Hit Blocks": 4660351,
                          "Shared Read Blocks": 230043,
                          "Shared Dirtied Blocks": 0,
                          "Shared Written Blocks": 0,
                          "Local Hit Blocks": 0,
                          "Local Read Blocks": 0,
                          "Local Dirtied Blocks": 0,
                          "Local Written Blocks": 0,
                          "Temp Read Blocks": 0,
                          "Temp Written Blocks": 0,
                          "Workers": []
                        }
                      ]
                    }
                  ]
                }
              ]
            }
          ]
        }
      ]
    },
    "Planning": {
      "Shared Hit Blocks": 36,
      "Shared Read Blocks": 28,
      "Shared Dirtied Blocks": 0,
      "Shared Written Blocks": 0,
      "Local Hit Blocks": 0,
      "Local Read Blocks": 0,
      "Local Dirtied Blocks": 0,
      "Local Written Blocks": 0,
      "Temp Read Blocks": 0,
      "Temp Written Blocks": 0
    },
    "Planning Time": 2.98,
    "Triggers": [],
    "Execution Time": 5469.148
  }
]