[
  {
    "Plan": {
      "Node Type": "Aggregate",
      "Strategy": "Sorted",
      "Partial Mode": "Finalize",
      "Parallel Aware": false,
      "Async Capable": false,
      "Startup Cost": 221422.38,
      "Total Cost": 221610.69,
      "Plan Rows": 7,
      "Plan Width": 27,
      "Actual Startup Time": 964.722,
      "Actual Total Time": 970.586,
      "Actual Rows": 2,
      "Actual Loops": 1,
      "Group Key": [
        "lineitem.l_shipmode"
      ],
      "Shared Hit Blocks": 10171,
      "Shared Read Blocks": 139795,
      "Shared Dirtied Blocks": 0,
      "Shared Written Blocks": 0,
      "Local Hit Blocks": 0,
      "Local Read Blocks": 0,
      "Local Dirtied Blocks": 0,
      "Local Written Blocks": 0,
      "Temp Read Blocks": 0,
      "Temp Written Blocks": 0,
      "Plans": [
        {
          "Node Type": "Gather Merge",
          "Parent Relationship": "Outer",
          "Parallel Aware": false,
          "Async Capable": false,
          "Startup Cost": 221422.38,
          "Total Cost": 221610.52,
          "Plan Rows": 14,
          "Plan Width": 27,
          "Actual Startup Time": 962.28,
          "Actual Total Time": 970.571,
          "Actual Rows": 6,
          "Actual Loops": 1,
          "Workers Planned": 2,
          "Workers Launched": 2,
          "Shared Hit Blocks": 10171,
          "Shared Read Blocks": 139795,
          "Shared Dirtied Blocks": 0,
          "Shared Written Blocks": 0,
          "Local Hit Blocks": 0,
          "Local Read Blocks": 0,
          "Local Dirtied Blocks": 0,
          "Local Written Blocks": 0,
          "Temp Read Blocks": 0,
          "Temp Written Blocks": 0,
          "Plans": [
            {
              "Node Type": "Aggregate",
              "Strategy": "Sorted",
              "Partial Mode": "Partial",
              "Parent Relationship": "Outer",
              "Parallel Aware": false,
              "Async Capable": false,
              "Startup Cost": 220422.36,
              "Total Cost": 220608.88,
              "Plan Rows": 7,
              "Plan Width": 27,
              "Actual Startup Time": 867.814,
              "Actual Total Time": 869.72,
              "Actual Rows": 2,
              "Actual Loops": 3,
              "Group Key": [
                "lineitem.l_shipmode"
              ],
              "Shared Hit Blocks": 10171,
              "Shared Read Blocks": 139795,
              "Shared Dirtied Blocks": 0,
              "Shared Written Blocks": 0,
              "Local Hit Blocks": 0,
              "Local Read Blocks": 0,
              "Local Dirtied Blocks": 0,
              "Local Written Blocks": 0,
              "Temp Read Blocks": 0,
              "Temp Written Blocks": 0,
              "Workers": [],
              "Plans": [
                {
                  "Node Type": "Sort",
                  "Parent Relationship": "Outer",
                  "Parallel Aware": false,
                  "Async Capable": false,
                  "Startup Cost": 220422.36,
                  "Total Cost": 220453.43,
                  "Plan Rows": 12430,
                  "Plan Width": 27,
                  "Actual Startup Time": 866.059,
                  "Actual Total Time": 866.545,
                  "Actual Rows": 10415,
                  "Actual Loops": 3,
                  "Sort Key": [
                    "lineitem.l_shipmode"
                  ],
                  "Sort Method": "quicksort",
                  "Sort Space Used": 543,
                  "Sort Space Type": "Memory",
                  "Shared Hit Blocks": 10171,
                  "Shared Read Blocks": 139795,
                  "Shared Dirtied Blocks": 0,
                  "Shared Written Blocks": 0,
                  "Local Hit Blocks": 0,
                  "Local Read Blocks": 0,
                  "Local Dirtied Blocks": 0,
                  "Local Written Blocks": 0,
                  "Temp Read Blocks": 0,
                  "Temp Written Blocks": 0,
                  "Workers": [
                    {
                      "Worker Number": 0,
                      "Sort Method": "quicksort",
                      "Sort Space Used": 920,
                      "Sort Space Type": "Memory"
                    },
                    {
                      "Worker Number": 1,
                      "Sort Method": "quicksort",
                      "Sort Space Used": 963,
                      "Sort Space Type": "Memory"
                    }
                  ],
                  "Plans": [
                    {
                      "Node Type": "Hash Join",
                      "Parent Relationship": "Outer",
                      "Parallel Aware": true,
                      "Async Capable": false,
                      "Join Type": "Inner",
                      "Startup Cost": 177905.98,
                      "Total Cost": 219577.02,
                      "Plan Rows": 12430,
                      "Plan Width": 27,
                      "Actual Startup Time": 693.013,
                      "Actual Total Time": 863.349,
                      "Actual Rows": 10415,
                      "Actual Loops": 3,
                      "Inner Unique": false,
                      "Hash Cond": "(orders.o_orderkey = lineitem.l_orderkey)",
                      "Shared Hit Blocks": 10059,
                      "Shared Read Blocks": 139795,
                      "Shared Dirtied Blocks": 0,
                      "Shared Written Blocks": 0,
                      "Local Hit Blocks": 0,
                      "Local Read Blocks": 0,
                      "Local Dirtied Blocks": 0,
                      "Local Written Blocks": 0,
                      "Temp Read Blocks": 0,
                      "Temp Written Blocks": 0,
                      "Workers": [],
                      "Plans": [
                        {
                          "Node Type": "Seq Scan",
                          "Parent Relationship": "Outer",
                          "Parallel Aware": true,
                          "Async Capable": false,
                          "Relation Name": "orders",
                          "Alias": "orders",
                          "Startup Cost": 0.0,
                          "Total Cost": 34588.0,
                          "Plan Rows": 625000,
                          "Plan Width": 24,
                          "Actual Startup Time": 0.655,
                          "Actual Total Time": 77.489,
                          "Actual Rows": 500000,
                          "Actual Loops": 3,
                          "Shared Hit Blocks": 9933,
                          "Shared Read Blocks": 18405,
                          "Shared Dirtied Blocks": 0,
                          "Shared Written Blocks": 0,
                          "Local Hit Blocks": 0,
                          "Local Read Blocks": 0,
                          "Local Dirtied Blocks": 0,
                          "Local Written Blocks": 0,
                          "Temp Read Blocks": 0,
                          "Temp Written Blocks": 0,
                          "Workers": []
                        },
                        {
                          "Node Type": "Hash",
                          "Parent Relationship": "Inner",
                          "Parallel Aware": true,
                          "Async Capable": false,
                          "Startup Cost": 177750.61,
                          "Total Cost": 177750.61,
                          "Plan Rows": 12430,
                          "Plan Width": 19,
                          "Actual Startup Time": 692.074,
                          "Actual Total Time": 692.074,
                          "Actual Rows": 10415,
                          "Actual Loops": 3,
                          "Hash Buckets": 32768,
                          "Original Hash Buckets": 32768,
                          "Hash Batches": 1,
                          "Original Hash Batches": 1,
                          "Peak Memory Usage": 2016,
                          "Shared Hit Blocks": 96,
                          "Shared Read Blocks": 121390,
                          "Shared Dirtied Blocks": 0,
                          "Shared Written Blocks": 0,
                          "Local Hit Blocks": 0,
                          "Local Read Blocks": 0,
                          "Local Dirtied Blocks": 0,
                          "Local Written Blocks": 0,
                          "Temp Read Blocks": 0,
                          "Temp Written Blocks": 0,
                          "Workers": [],
                          "Plans": [
                            {
                              "Node Type": "Seq Scan",
                              "Parent Relationship": "Outer",
                              "Parallel Aware": true,
                              "Async Capable": false,
                              "Relation Name": "lineitem",
                              "Alias": "lineitem",
                              "Startup Cost": 0.0,
                              "Total Cost": 177750.61,
                              "Plan Rows": 12430,
                              "Plan Width": 19,
                              "Actual Startup Time": 1.022,
                              "Actual Total Time": 685.679,
                              "Actual Rows": 10415,
                              "Actual Loops": 3,
                              "Filter": "((l_shipdate < l_commitdate) AND (l_commitdate < l_receiptdate) AND (l_shipmode = ANY ('{SHIP,TRUCK}'::bpchar[])) AND (l_receiptdate >= '1995-01-01'::date) AND (l_receiptdate <= '1995-12-31'::date))",
                              "Rows Removed by Filter": 1989990,
                              "Shared Hit Blocks": 96,
                              "Shared Read Blocks": 121390,
                              "Shared Dirtied Blocks": 0,
                              "Shared Written Blocks": 0,
                              "Local Hit Blocks": 0,
                              "Local Read Blocks": 0,
                              "Local Dirtied Blocks": 0,
                              "Local Written Blocks": 0,
                              "Temp Read Blocks": 0,
                              "Temp Written Blocks": 0,
                              "Workers": []
                            }
                          ]
                        }
                      ]
                    }
                  ]
                }
              ]
            }
          ]
        }
      ]
    },
    "Planning": {
      "Shared Hit Blocks": 16,
      "Shared Read Blocks": 0,
      "Shared Dirtied Blocks": 0,
      "Shared Written Blocks": 0,
      "Local Hit Blocks": 0,
      "Local Read Blocks": 0,
      "Local Dirtied Blocks": 0,
      "Local Written Blocks": 0,
      "Temp Read Blocks": 0,
      "Temp Written Blocks": 0
    },
    "Planning Time": 0.674,
    "Triggers": [],
    "Execution Time": 970.905
  }
]