[
  {
    "Plan": {
      "Node Type": "Aggregate",
      "Strategy": "Sorted",
      "Partial Mode": "Finalize",
      "Parallel Aware": false,
      "Async Capable": false,
      "Startup Cost": 52995.18,
      "Total Cost": 53095.47,
      "Plan Rows": 752,
      "Plan Width": 72,
      "Actual Startup Time": 407.163,
      "Actual Total Time": 413.69,
      "Actual Rows": 7,
      "Actual Loops": 1,
      "Group Key": [
        "(SUBSTRING(customer.c_phone FROM 1 FOR 2))"
      ],
      "Shared Hit Blocks": 12885,
      "Shared Read Blocks": 23085,
      "Shared Dirtied Blocks": 0,
      "Shared Written Blocks": 0,
      "Local Hit Blocks": 0,
      "Local Read Blocks": 0,
      "Local Dirtied Blocks": 0,
      "Local Written Blocks": 0,
      "Temp Read Blocks": 0,
      "Temp Written Blocks": 0,
      "Plans": [
        {
          "Node Type": "Aggregate",
          "Strategy": "Plain",
          "Partial Mode": "Finalize",
          "Parent Relationship": "InitPlan",
          "Subplan Name": "InitPlan 1",
          "Parallel Aware": false,
          "Async Capable": false,
          "Startup Cost": 6390.82,
          "Total Cost": 6390.83,
          "Plan Rows": 1,
          "Plan Width": 32,
          "Actual Startup Time": 155.141,
          "Actual Total Time": 155.213,
          "Actual Rows": 1,
          "Actual Loops": 1,
          "Shared Hit Blocks": 0,
          "Shared Read Blocks": 3745,
          "Shared Dirtied Blocks": 0,
          "Shared Written Blocks": 0,
          "Local Hit Blocks": 0,
          "Local Read Blocks": 0,
          "Local Dirtied Blocks": 0,
          "Local Written Blocks": 0,
          "Temp Read Blocks": 0,
          "Temp Written Blocks": 0,
          "Plans": [
            {
              "Node Type": "Gather",
              "Parent Relationship": "Outer",
              "Parallel Aware": false,
              "Async Capable": false,
              "Startup Cost": 6390.6,
              "Total Cost": 6390.81,
              "Plan Rows": 2,
              "Plan Width": 32,
              "Actual Startup Time": 154.655,
              "Actual Total Time": 155.192,
              "Actual Rows": 3,
              "Actual Loops": 1,
              "Workers Planned": 2,
              "Workers Launched": 2,
              "Single Copy": false,
              "Shared Hit Blocks": 0,
              "Shared Read Blocks": 3745,
              "Shared Dirtied Blocks": 0,
              "Shared Written Blocks": 0,
              "Local Hit Blocks": 0,
              "Local Read Blocks": 0,
              "Local Dirtied Blocks": 0,
              "Local Written Blocks": 0,
              "Temp Read Blocks": 0,
              "Temp Written Blocks": 0,
              "Plans": [
                {
                  "Node Type": "Aggregate",
                  "Strategy": "Plain",
                  "Partial Mode": "Partial",
                  "Parent Relationship": "Outer",
                  "Parallel Aware": false,
                  "Async Capable": false,
                  "Startup Cost": 5390.6,
                  "Total Cost": 5390.61,
                  "Plan Rows": 1,
                  "Plan Width": 32,
                  "Actual Startup Time": 72.469,
                  "Actual Total Time": 72.47,
                  "Actual Rows": 1,
                  "Actual Loops": 3,
                  "Shared Hit Blocks": 0,
                  "Shared Read Blocks": 3745,
                  "Shared Dirtied Blocks": 0,
                  "Shared Written Blocks": 0,
                  "Local Hit Blocks": 0,
                  "Local Read Blocks": 0,
                  "Local Dirtied Blocks": 0,
                  "Local Written Blocks": 0,
                  "Temp Read Blocks": 0,
                  "Temp Written Blocks": 0,
                  "Workers": [],
                  "Plans": [
                    {
                      "Node Type": "Seq Scan",
                      "Parent Relationship": "Outer",
                      "Parallel Aware": true,
                      "Async Capable": false,
                      "Relation Name": "customer",
                      "Alias": "customer_1",
                      "Startup Cost": 0.0,
                      "Total Cost": 5385.62,
                      "Plan Rows": 1988,
                      "Plan Width": 6,
                      "Actual Startup Time": 0.697,
                      "Actual Total Time": 70.13,
                      "Actual Rows": 12707,
                      "Actual Loops": 3,
                      "Filter": "((c_acctbal > 0.00) AND (SUBSTRING(c_phone FROM 1 FOR 2) = ANY ('{13,31,23,29,30,18,17}'::text[])))",
                      "Rows Removed by Filter": 37293,
                      "Shared Hit Blocks": 0,
                      "Shared Read Blocks": 3745,
                      "Shared Dirtied Blocks": 0,
                      "Shared Written Blocks": 0,
                      "Local Hit Blocks": 0,
                      "Local Read Blocks": 0,
                      "Local Dirtied Blocks": 0,
                      "Local Written Blocks": 0,
                      "Temp Read Blocks": 0,
                      "Temp Written Blocks": 0,
                      "Workers": []
                    }
                  ]
                }
              ]
            }
          ]
        },
        {
          "Node Type": "Gather Merge",
          "Parent Relationship": "Outer",
          "Parallel Aware": false,
          "Async Capable": false,
          "Startup Cost": 46604.35,
          "Total Cost": 46685.22,
          "Plan Rows": 626,
          "Plan Width": 72,
          "Actual Startup Time": 407.149,
          "Actual Total Time": 413.597,
          "Actual Rows": 7,
          "Actual Loops": 1,
          "Workers Planned": 2,
          "Workers Launched": 2,
          "Shared Hit Blocks": 12885,
          "Shared Read Blocks": 23085,
          "Shared Dirtied Blocks": 0,
          "Shared Written Blocks": 0,
          "Local Hit Blocks": 0,
          "Local Read Blocks": 0,
          "Local Dirtied Blocks": 0,
          "Local Written Blocks": 0,
          "Temp Read Blocks": 0,
          "Temp Written Blocks": 0,
          "Plans": [
            {
              "Node Type": "Aggregate",
              "Strategy": "Sorted",
              "Partial Mode": "Partial",
              "Parent Relationship": "Outer",
              "Parallel Aware": false,
              "Async Capable": false,
              "Startup Cost": 45604.33,
              "Total Cost": 45612.94,
              "Plan Rows": 313,
              "Plan Width": 72,
              "Actual Startup Time": 205.296,
              "Actual Total Time": 205.597,
              "Actual Rows": 2,
              "Actual Loops": 3,
              "Group Key": [
                "(SUBSTRING(customer.c_phone FROM 1 FOR 2))"
              ],
              "Shared Hit Blocks": 12885,
              "Shared Read Blocks": 19340,
              "Shared Dirtied Blocks": 0,
              "Shared Written Blocks": 0,
              "Local Hit Blocks": 0,
              "Local Read Blocks": 0,
              "Local Dirtied Blocks": 0,
              "Local Written Blocks": 0,
              "Temp Read Blocks": 0,
              "Temp Written Blocks": 0,
              "Workers": [],
              "Plans": [
                {
                  "Node Type": "Sort",
                  "Parent Relationship": "Outer",
                  "Parallel Aware": false,
                  "Async Capable": false,
                  "Startup Cost": 45604.33,
                  "Total Cost": 45605.11,
                  "Plan Rows": 313,
                  "Plan Width": 38,
                  "Actual Startup Time": 205.242,
                  "Actual Total Time": 205.322,
                  "Actual Rows": 2128,
                  "Actual Loops": 3,
                  "Sort Key": [
                    "(SUBSTRING(customer.c_phone FROM 1 FOR 2))"
                  ],
                  "Sort Method": "quicksort",
                  "Sort Space Used": 25,
                  "Sort Space Type": "Memory",
                  "Shared Hit Blocks": 12885,
                  "Shared Read Blocks": 19340,
                  "Shared Dirtied Blocks": 0,
                  "Shared Written Blocks": 0,
                  "Local Hit Blocks": 0,
                  "Local Read Blocks": 0,
                  "Local Dirtied Blocks": 0,
                  "Local Written Blocks": 0,
                  "Temp Read Blocks": 0,
                  "Temp Written Blocks": 0,
                  "Workers": [
                    {
                      "Worker Number": 0,
                      "Sort Method": "quicksort",
                      "Sort Space Used": 25,
                      "Sort Space Type": "Memory"
                    },
                    {
                      "Worker Number": 1,
                      "Sort Method": "quicksort",
                      "Sort Space Used": 392,
                      "Sort Space Type": "Memory"
                    }
                  ],
                  "Plans": [
                    {
                      "Node Type": "Hash Join",
                      "Parent Relationship": "Outer",
                      "Parallel Aware": true,
                      "Async Capable": false,
                      "Join Type": "Right Anti",
                      "Startup Cost": 5394.74,
                      "Total Cost": 45591.36,
                      "Plan Rows": 313,
                      "Plan Width": 38,
                      "Actual Startup Time": 203.624,
                      "Actual Total Time": 204.435,
                      "Actual Rows": 2128,
                      "Actual Loops": 3,
                      "Inner Unique": true,
                      "Hash Cond": "(orders.o_custkey = customer.c_custkey)",
                      "Shared Hit Blocks": 12771,
                      "Shared Read Blocks": 19340,
                      "Shared Dirtied Blocks": 0,
                      "Shared Written Blocks": 0,
                      "Local Hit Blocks": 0,
                      "Local Read Blocks": 0,
                      "Local Dirtied Blocks": 0,
                      "Local Written Blocks": 0,
                      "Temp Read Blocks": 0,
                      "Temp Written Blocks": 0,
                      "Workers": [],
                      "Plans": [
                        {
                          "Node Type": "Seq Scan",
                          "Parent Relationship": "Outer",
                          "Parallel Aware": true,
                          "Async Capable": false,
                          "Relation Name": "orders",
                          "Alias": "orders",
                          "Startup Cost": 0.0,
                          "Total Cost": 34588.0,
                          "Plan Rows": 625000,
                          "Plan Width": 4,
                          "Actual Startup Time": 0.621,
                          "Actual Total Time": 77.931,
                          "Actual Rows": 500000,
                          "Actual Loops": 3,
                          "Shared Hit Blocks": 8998,
                          "Shared Read Blocks": 19340,
                          "Shared Dirtied Blocks": 0,
                          "Shared Written Blocks": 0,
                          "Local Hit Blocks": 0,
                          "Local Read Blocks": 0,
                          "Local Dirtied Blocks": 0,
                          "Local Written Blocks": 0,
                          "Temp Read Blocks": 0,
                          "Temp Written Blocks": 0,
                          "Workers": []
                        },
                        {
                          "Node Type": "Hash",
                          "Parent Relationship": "Inner",
                          "Parallel Aware": true,
                          "Async Capable": false,
                          "Startup Cost": 5385.62,
                          "Total Cost": 5385.62,
                          "Plan Rows": 729,
                          "Plan Width": 26,
                          "Actual Startup Time": 33.068,
                          "Actual Total Time": 33.069,
                          "Actual Rows": 6333,
                          "Actual Loops": 3,
                          "Hash Buckets": 32768,
                          "Original Hash Buckets": 2048,
                          "Hash Batches": 1,
                          "Original Hash Batches": 1,
                          "Peak Memory Usage": 1712,
                          "Shared Hit Blocks": 3745,
                          "Shared Read Blocks": 0,
                          "Shared Dirtied Blocks": 0,
                          "Shared Written Blocks": 0,
                          "Local Hit Blocks": 0,
                          "Local Read Blocks": 0,
                          "Local Dirtied Blocks": 0,
                          "Local Written Blocks": 0,
                          "Temp Read Blocks": 0,
                          "Temp Written Blocks": 0,
                          "Workers": [],
                          "Plans": [
                            {
                              "Node Type": "Seq Scan",
                              "Parent Relationship": "Outer",
                              "Parallel Aware": true,
                              "Async Capable": false,
                              "Relation Name": "customer",
                              "Alias": "customer",
                              "Startup Cost": 0.0,
                              "Total Cost": 5385.62,
                              "Plan Rows": 729,
                              "Plan Width": 26,
                              "Actual Startup Time": 0.033,
                              "Actual Total Time": 28.924,
                              "Actual Rows": 6333,
                              "Actual Loops": 3,
                              "Filter": "((c_acctbal > (InitPlan 1).col1) AND (SUBSTRING(c_phone FROM 1 FOR 2) = ANY ('{13,31,23,29,30,18,17}'::text[])))",
                              "Rows Removed by Filter": 43667,
                              "Shared Hit Blocks": 3745,
                              "Shared Read Blocks": 0,
                              "Shared Dirtied Blocks": 0,
                              "Shared Written Blocks": 0,
                              "Local Hit Blocks": 0,
                              "Local Read Blocks": 0,
                              "Local Dirtied Blocks": 0,
                              "Local Written Blocks": 0,
                              "Temp Read Blocks": 0,
                              "Temp Written Blocks": 0,
                              "Workers": []
                            }
                          ]
                        }
                      ]
                    }
                  ]
                }
              ]
            }
          ]
        }
      ]
    },
    "Planning": {
      "Shared Hit Blocks": 8,
      "Shared Read Blocks": 0,
      "Shared Dirtied Blocks": 0,
      "Shared Written Blocks": 0,
      "Local Hit Blocks": 0,
      "Local Read Blocks": 0,
      "Local Dirtied Blocks": 0,
      "Local Written Blocks": 0,
      "Temp Read Blocks": 0,
      "Temp Written Blocks": 0
    },
    "Planning Time": 2.768,
    "Triggers": [],
    "Execution Time": 414.466
  }
]