[
  {
    "Plan": {
      "Node Type": "Aggregate",
      "Strategy": "Plain",
      "Partial Mode": "Finalize",
      "Parallel Aware": false,
      "Async Capable": false,
      "Startup Cost": 166809.98,
      "Total Cost": 166809.99,
      "Plan Rows": 1,
      "Plan Width": 32,
      "Actual Startup Time": 702.172,
      "Actual Total Time": 712.167,
      "Actual Rows": 1,
      "Actual Loops": 1,
      "Shared Hit Blocks": 7940,
      "Shared Read Blocks": 118014,
      "Shared Dirtied Blocks": 0,
      "Shared Written Blocks": 0,
      "Local Hit Blocks": 0,
      "Local Read Blocks": 0,
      "Local Dirtied Blocks": 0,
      "Local Written Blocks": 0,
      "Temp Read Blocks": 0,
      "Temp Written Blocks": 0,
      "Plans": [
        {
          "Node Type": "Gather",
          "Parent Relationship": "Outer",
          "Parallel Aware": false,
          "Async Capable": false,
          "Startup Cost": 166809.74,
          "Total Cost": 166809.95,
          "Plan Rows": 2,
          "Plan Width": 64,
          "Actual Startup Time": 701.058,
          "Actual Total Time": 712.147,
          "Actual Rows": 3,
          "Actual Loops": 1,
          "Workers Planned": 2,
          "Workers Launched": 2,
          "Single Copy": false,
          "Shared Hit Blocks": 7940,
          "Shared Read Blocks": 118014,
          "Shared Dirtied Blocks": 0,
          "Shared Written Blocks": 0,
          "Local Hit Blocks": 0,
          "Local Read Blocks": 0,
          "Local Dirtied Blocks": 0,
          "Local Written Blocks": 0,
          "Temp Read Blocks": 0,
          "Temp Written Blocks": 0,
          "Plans": [
            {
              "Node Type": "Aggregate",
              "Strategy": "Plain",
              "Partial Mode": "Partial",
              "Parent Relationship": "Outer",
              "Parallel Aware": false,
              "Async Capable": false,
              "Startup Cost": 165809.74,
              "Total Cost": 165809.75,
              "Plan Rows": 1,
              "Plan Width": 64,
              "Actual Startup Time": 661.713,
              "Actual Total Time": 661.716,
              "Actual Rows": 1,
              "Actual Loops": 3,
              "Shared Hit Blocks": 7940,
              "Shared Read Blocks": 118014,
              "Shared Dirtied Blocks": 0,
              "Shared Written Blocks": 0,
              "Local Hit Blocks": 0,
              "Local Read Blocks": 0,
              "Local Dirtied Blocks": 0,
              "Local Written Blocks": 0,
              "Temp Read Blocks": 0,
              "Temp Written Blocks": 0,
              "Workers": [],
              "Plans": [
                {
                  "Node Type": "Hash Join",
                  "Parent Relationship": "Outer",
                  "Parallel Aware": true,
                  "Async Capable": false,
                  "Join Type": "Inner",
                  "Startup Cost": 6179.0,
                  "Total Cost": 165257.56,
                  "Plan Rows": 31553,
                  "Plan Width": 33,
                  "Actual Startup Time": 43.045,
                  "Actual Total Time": 644.612,
                  "Actual Rows": 25785,
                  "Actual Loops": 3,
                  "Inner Unique": true,
                  "Hash Cond": "(lineitem.l_partkey = part.p_partkey)",
                  "Shared Hit Blocks": 7940,
                  "Shared Read Blocks": 118014,
                  "Shared Dirtied Blocks": 0,
                  "Shared Written Blocks": 0,
                  "Local Hit Blocks": 0,
                  "Local Read Blocks": 0,
                  "Local Dirtied Blocks": 0,
                  "Local Written Blocks": 0,
                  "Temp Read Blocks": 0,
                  "Temp Written Blocks": 0,
                  "Workers": [],
                  "Plans": [
                    {
                      "Node Type": "Seq Scan",
                      "Parent Relationship": "Outer",
                      "Parallel Aware": true,
                      "Async Capable": false,
                      "Relation Name": "lineitem",
                      "Alias": "lineitem",
                      "Startup Cost": 0.0,
                      "Total Cost": 158995.74,
                      "Plan Rows": 31553,
                      "Plan Width": 16,
                      "Actual Startup Time": 0.501,
                      "Actual Total Time": 577.928,
                      "Actual Rows": 25785,
                      "Actual Loops": 3,
                      "Filter": "((l_shipdate >= '1995-01-01'::date) AND (l_shipdate <= '1995-01-31'::date))",
                      "Rows Removed by Filter": 1974620,
                      "Shared Hit Blocks": 7776,
                      "Shared Read Blocks": 113710,
                      "Shared Dirtied Blocks": 0,
                      "Shared Written Blocks": 0,
                      "Local Hit Blocks": 0,
                      "Local Read Blocks": 0,
                      "Local Dirtied Blocks": 0,
                      "Local Written Blocks": 0,
                      "Temp Read Blocks": 0,
                      "Temp Written Blocks": 0,
                      "Workers": []
                    },
                    {
                      "Node Type": "Hash",
                      "Parent Relationship": "Inner",
                      "Parallel Aware": true,
                      "Async Capable": false,
                      "Startup Cost": 5137.33,
                      "Total Cost": 5137.33,
                      "Plan Rows": 83333,
                      "Plan Width": 25,
                      "Actual Startup Time": 41.667,
                      "Actual Total Time": 41.668,
                      "Actual Rows": 66667,
                      "Actual Loops": 3,
                      "Hash Buckets": 262144,
                      "Original Hash Buckets": 262144,
                      "Hash Batches": 1,
                      "Original Hash Batches": 1,
                      "Peak Memory Usage": 14144,
                      "Shared Hit Blocks": 0,
                      "Shared Read Blocks": 4304,
                      "Shared Dirtied Blocks": 0,
                      "Shared Written Blocks": 0,
                      "Local Hit Blocks": 0,
                      "Local Read Blocks": 0,
                      "Local Dirtied Blocks": 0,
                      "Local Written Blocks": 0,
                      "Temp Read Blocks": 0,
                      "Temp Written Blocks": 0,
                      "Workers": [],
                      "Plans": [
                        {
                          "Node Type": "Seq Scan",
                          "Parent Relationship": "Outer",
                          "Parallel Aware": true,
                          "Async Capable": false,
                          "Relation Name": "part",
                          "Alias": "part",
                          "Startup Cost": 0.0,
                          "Total Cost": 5137.33,
                          "Plan Rows": 83333,
                          "Plan Width": 25,
                          "Actual Startup Time": 0.498,
                          "Actual Total Time": 19.809,
                          "Actual Rows": 66667,
                          "Actual Loops": 3,
                          "Shared Hit Blocks": 0,
                          "Shared Read Blocks": 4304,
                          "Shared Dirtied Blocks": 0,
                          "Shared Written Blocks": 0,
                          "Local Hit Blocks": 0,
                          "Local Read Blocks": 0,
                          "Local Dirtied Blocks": 0,
                          "Local Written Blocks": 0,
                          "Temp Read Blocks": 0,
                          "Temp Written Blocks": 0,
                          "Workers": []
                        }
                      ]
                    }
                  ]
                }
              ]
            }
          ]
        }
      ]
    },
    "Planning": {
      "Shared Hit Blocks": 2,
      "Shared Read Blocks": 6,
      "Shared Dirtied Blocks": 0,
      "Shared Written Blocks": 0,
      "Local Hit Blocks": 0,
      "Local Read Blocks": 0,
      "Local Dirtied Blocks": 0,
      "Local Written Blocks": 0,
      "Temp Read Blocks": 0,
      "Temp Written Blocks": 0
    },
    "Planning Time": 0.228,
    "Triggers": [],
    "Execution Time": 712.205
  }
]