[
  {
    "Plan": {
      "Node Type": "Append",
      "Parallel Aware": false,
      "Async Capable": false,
      "Startup Cost": 88615.11,
      "Total Cost": 284179.65,
      "Plan Rows": 15,
      "Plan Width": 45,
      "Actual Startup Time": 1479.0,
      "Actual Total Time": 2892.178,
      "Actual Rows": 15,
      "Actual Loops": 1,
      "Shared Hit Blocks": 60644,
      "Shared Read Blocks": 169956,
      "Shared Dirtied Blocks": 0,
      "Shared Written Blocks": 0,
      "Local Hit Blocks": 0,
      "Local Read Blocks": 0,
      "Local Dirtied Blocks": 0,
      "Local Written Blocks": 0,
      "Temp Read Blocks": 1353,
      "Temp Written Blocks": 4881,
      "Subplans Removed": 0,
      "Plans": [
        {
          "Node Type": "Limit",
          "Parent Relationship": "Member",
          "Parallel Aware": false,
          "Async Capable": false,
          "Startup Cost": 88615.11,
          "Total Cost": 119160.12,
          "Plan Rows": 5,
          "Plan Width": 38,
          "Actual Startup Time": 1478.999,
          "Actual Total Time": 2194.507,
          "Actual Rows": 5,
          "Actual Loops": 1,
          "Shared Hit Blocks": 50515,
          "Shared Read Blocks": 56717,
          "Shared Dirtied Blocks": 0,
          "Shared Written Blocks": 0,
          "Local Hit Blocks": 0,
          "Local Read Blocks": 0,
          "Local Dirtied Blocks": 0,
          "Local Written Blocks": 0,
          "Temp Read Blocks": 1353,
          "Temp Written Blocks": 4881,
          "Plans": [
            {
              "Node Type": "Nested Loop",
              "Parent Relationship": "Outer",
              "Parallel Aware": false,
              "Async Capable": false,
              "Join Type": "Inner",
              "Startup Cost": 88615.11,
              "Total Cost": 2061822.97,
              "Plan Rows": 323,
              "Plan Width": 38,
              "Actual Startup Time": 1478.996,
              "Actual Total Time": 2194.498,
              "Actual Rows": 5,
              "Actual Loops": 1,
              "Inner Unique": true,
              "Shared Hit Blocks": 50515,
              "Shared Read Blocks": 56717,
              "Shared Dirtied Blocks": 0,
              "Shared Written Blocks": 0,
              "Local Hit Blocks": 0,
              "Local Read Blocks": 0,
              "Local Dirtied Blocks": 0,
              "Local Written Blocks": 0,
              "Temp Read Blocks": 1353,
              "Temp Written Blocks": 4881,
              "Plans": [
                {
                  "Node Type": "Nested Loop",
                  "Parent Relationship": "Outer",
                  "Parallel Aware": false,
                  "Async Capable": false,
                  "Join Type": "Inner",
                  "Startup Cost": 88614.69,
                  "Total Cost": 1694951.12,
                  "Plan Rows": 796352,
                  "Plan Width": 39,
                  "Actual Startup Time": 1022.924,
                  "Actual Total Time": 2104.697,
                  "Actual Rows": 54706,
                  "Actual Loops": 1,
                  "Inner Unique": false,
                  "Shared Hit Blocks": 39854,
                  "Shared Read Blocks": 56474,
                  "Shared Dirtied Blocks": 0,
                  "Shared Written Blocks": 0,
                  "Local Hit Blocks": 0,
                  "Local Read Blocks": 0,
                  "Local Dirtied Blocks": 0,
                  "Local Written Blocks": 0,
                  "Temp Read Blocks": 1353,
                  "Temp Written Blocks": 4881,
                  "Plans": [
                    {
                      "Node Type": "Gather Merge",
                      "Parent Relationship": "Outer",
                      "Parallel Aware": false,
                      "Async Capable": false,
                      "Startup Cost": 88614.25,
                      "Total Cost": 210914.77,
                      "Plan Rows": 1050092,
                      "Plan Width": 28,
                      "Actual Startup Time": 1022.801,
                      "Actual Total Time": 1068.163,
                      "Actual Rows": 16702,
                      "Actual Loops": 1,
                      "Workers Planned": 2,
                      "Workers Launched": 2,
                      "Shared Hit Blocks": 1154,
                      "Shared Read Blocks": 27296,
                      "Shared Dirtied Blocks": 0,
                      "Shared Written Blocks": 0,
                      "Local Hit Blocks": 0,
                      "Local Read Blocks": 0,
                      "Local Dirtied Blocks": 0,
                      "Local Written Blocks": 0,
                      "Temp Read Blocks": 1353,
                      "Temp Written Blocks": 4881,
                      "Plans": [
                        {
                          "Node Type": "Sort",
                          "Parent Relationship": "Outer",
                          "Parallel Aware": false,
                          "Async Capable": false,
                          "Startup Cost": 87614.23,
                          "Total Cost": 88708.07,
                          "Plan Rows": 437538,
                          "Plan Width": 28,
                          "Actual Startup Time": 932.183,
                          "Actual Total Time": 936.023,
                          "Actual Rows": 6260,
                          "Actual Loops": 3,
                          "Sort Key": [
                            "orders.o_clerk"
                          ],
                          "Sort Method": "external merge",
                          "Sort Space Used": 9680,
                          "Sort Space Type": "Disk",
                          "Shared Hit Blocks": 1154,
                          "Shared Read Blocks": 27296,
                          "Shared Dirtied Blocks": 0,
                          "Shared Written Blocks": 0,
                          "Local Hit Blocks": 0,
                          "Local Read Blocks": 0,
                          "Local Dirtied Blocks": 0,
                          "Local Written Blocks": 0,
                          "Temp Read Blocks": 1353,
                          "Temp Written Blocks": 4881,
                          "Workers": [
                            {
                              "Worker Number": 0,
                              "Sort Method": "external merge",
                              "Sort Space Used": 14608,
                              "Sort Space Type": "Disk"
                            },
                            {
                              "Worker Number": 1,
                              "Sort Method": "external merge",
                              "Sort Space Used": 14624,
                              "Sort Space Type": "Disk"
                            }
                          ],
                          "Plans": [
                            {
                              "Node Type": "Seq Scan",
                              "Parent Relationship": "Outer",
                              "Parallel Aware": true,
                              "Async Capable": false,
                              "Relation Name": "orders",
                              "Alias": "orders",
                              "Startup Cost": 0.0,
                              "Total Cost": 36150.5,
                              "Plan Rows": 437538,
                              "Plan Width": 28,
                              "Actual Startup Time": 0.592,
                              "Actual Total Time": 101.808,
                              "Actual Rows": 348544,
                              "Actual Loops": 3,
                              "Filter": "(o_orderdate > '1994-01-01'::date)",
                              "Rows Removed by Filter": 151456,
                              "Shared Hit Blocks": 1042,
                              "Shared Read Blocks": 27296,
                              "Shared Dirtied Blocks": 0,
                              "Shared Written Blocks": 0,
                              "Local Hit Blocks": 0,
                              "Local Read Blocks": 0,
                              "Local Dirtied Blocks": 0,
                              "Local Written Blocks": 0,
                              "Temp Read Blocks": 0,
                              "Temp Written Blocks": 0,
                              "Workers": []
                            }
                          ]
                        }
                      ]
                    },
                    {
                      "Node Type": "Index Scan",
                      "Parent Relationship": "Inner",
                      "Parallel Aware": false,
                      "Async Capable": false,
                      "Scan Direction": "Forward",
                      "Index Name": "pk_lineitem",
                      "Relation Name": "lineitem",
                      "Alias": "lineitem",
                      "Startup Cost": 0.43,
                      "Total Cost": 1.38,
                      "Plan Rows": 3,
                      "Plan Width": 35,
                      "Actual Startup Time": 0.056,
                      "Actual Total Time": 0.06,
                      "Actual Rows": 3,
                      "Actual Loops": 16702,
                      "Index Cond": "(l_orderkey = orders.o_orderkey)",
                      "Rows Removed by Index Recheck": 0,
                      "Filter": "((l_shipdate > '1995-01-01'::date) AND (l_suppkey < 10000) AND (l_shipdate >= orders.o_orderdate))",
                      "Rows Removed by Filter": 1,
                      "Shared Hit Blocks": 38700,
                      "Shared Read Blocks": 29178,
                      "Shared Dirtied Blocks": 0,
                      "Shared Written Blocks": 0,
                      "Local Hit Blocks": 0,
                      "Local Read Blocks": 0,
                      "Local Dirtied Blocks": 0,
                      "Local Written Blocks": 0,
                      "Temp Read Blocks": 0,
                      "Temp Written Blocks": 0
                    }
                  ]
                },
                {
                  "Node Type": "Index Scan",
                  "Parent Relationship": "Inner",
                  "Parallel Aware": false,
                  "Async Capable": false,
                  "Scan Direction": "Forward",
                  "Index Name": "pk_part",
                  "Relation Name": "part",
                  "Alias": "part",
                  "Startup Cost": 0.42,
                  "Total Cost": 0.45,
                  "Plan Rows": 1,
                  "Plan Width": 21,
                  "Actual Startup Time": 0.001,
                  "Actual Total Time": 0.001,
                  "Actual Rows": 0,
                  "Actual Loops": 54706,
                  "Index Cond": "((p_partkey = lineitem.l_partkey) AND (p_partkey < 10000))",
                  "Rows Removed by Index Recheck": 0,
                  "Filter": "((p_container = 'LG CAN'::bpchar) AND (p_retailprice >= lineitem.l_extendedprice))",
                  "Rows Removed by Filter": 0,
                  "Shared Hit Blocks": 10661,
                  "Shared Read Blocks": 243,
                  "Shared Dirtied Blocks": 0,
                  "Shared Written Blocks": 0,
                  "Local Hit Blocks": 0,
                  "Local Read Blocks": 0,
                  "Local Dirtied Blocks": 0,
                  "Local Written Blocks": 0,
                  "Temp Read Blocks": 0,
                  "Temp Written Blocks": 0
                }
              ]
            }
          ]
        },
        {
          "Node Type": "Limit",
          "Parent Relationship": "Member",
          "Parallel Aware": false,
          "Async Capable": false,
          "Startup Cost": 165018.29,
          "Total Cost": 165019.46,
          "Plan Rows": 10,
          "Plan Width": 48,
          "Actual Startup Time": 697.557,
          "Actual Total Time": 697.66,
          "Actual Rows": 10,
          "Actual Loops": 1,
          "Shared Hit Blocks": 10129,
          "Shared Read Blocks": 113239,
          "Shared Dirtied Blocks": 0,
          "Shared Written Blocks": 0,
          "Local Hit Blocks": 0,
          "Local Read Blocks": 0,
          "Local Dirtied Blocks": 0,
          "Local Written Blocks": 0,
          "Temp Read Blocks": 0,
          "Temp Written Blocks": 0,
          "Plans": [
            {
              "Node Type": "Gather Merge",
              "Parent Relationship": "Outer",
              "Parallel Aware": false,
              "Async Capable": false,
              "Startup Cost": 165018.29,
              "Total Cost": 165222.94,
              "Plan Rows": 1754,
              "Plan Width": 48,
              "Actual Startup Time": 697.554,
              "Actual Total Time": 697.655,
              "Actual Rows": 10,
              "Actual Loops": 1,
              "Workers Planned": 2,
              "Workers Launched": 2,
              "Shared Hit Blocks": 10129,
              "Shared Read Blocks": 113239,
              "Shared Dirtied Blocks": 0,
              "Shared Written Blocks": 0,
              "Local Hit Blocks": 0,
              "Local Read Blocks": 0,
              "Local Dirtied Blocks": 0,
              "Local Written Blocks": 0,
              "Temp Read Blocks": 0,
              "Temp Written Blocks": 0,
              "Plans": [
                {
                  "Node Type": "Sort",
                  "Parent Relationship": "Outer",
                  "Parallel Aware": false,
                  "Async Capable": false,
                  "Startup Cost": 164018.27,
                  "Total Cost": 164020.46,
                  "Plan Rows": 877,
                  "Plan Width": 48,
                  "Actual Startup Time": 653.249,
                  "Actual Total Time": 653.254,
                  "Actual Rows": 8,
                  "Actual Loops": 3,
                  "Sort Key": [
                    "supplier.s_name"
                  ],
                  "Sort Method": "top-N heapsort",
                  "Sort Space Used": 26,
                  "Sort Space Type": "Memory",
                  "Shared Hit Blocks": 10129,
                  "Shared Read Blocks": 113239,
                  "Shared Dirtied Blocks": 0,
                  "Shared Written Blocks": 0,
                  "Local Hit Blocks": 0,
                  "Local Read Blocks": 0,
                  "Local Dirtied Blocks": 0,
                  "Local Written Blocks": 0,
                  "Temp Read Blocks": 0,
                  "Temp Written Blocks": 0,
                  "Workers": [
                    {
                      "Worker Number": 0,
                      "Sort Method": "top-N heapsort",
                      "Sort Space Used": 26,
                      "Sort Space Type": "Memory"
                    },
                    {
                      "Worker Number": 1,
                      "Sort Method": "top-N heapsort",
                      "Sort Space Used": 26,
                      "Sort Space Type": "Memory"
                    }
                  ],
                  "Plans": [
                    {
                      "Node Type": "Hash Join",
                      "Parent Relationship": "Outer",
                      "Parallel Aware": false,
                      "Async Capable": false,
                      "Join Type": "Inner",
                      "Startup Cost": 1264.02,
                      "Total Cost": 163999.32,
                      "Plan Rows": 877,
                      "Plan Width": 48,
                      "Actual Startup Time": 13.297,
                      "Actual Total Time": 652.145,
                      "Actual Rows": 145,
                      "Actual Loops": 3,
                      "Inner Unique": true,
                      "Hash Cond": "(lineitem_1.l_suppkey = supplier.s_suppkey)",
                      "Join Filter": "(supplier.s_acctbal >= lineitem_1.l_extendedprice)",
                      "Rows Removed by Join Filter": 2132,
                      "Shared Hit Blocks": 10115,
                      "Shared Read Blocks": 113239,
                      "Shared Dirtied Blocks": 0,
                      "Shared Written Blocks": 0,
                      "Local Hit Blocks": 0,
                      "Local Read Blocks": 0,
                      "Local Dirtied Blocks": 0,
                      "Local Written Blocks": 0,
                      "Temp Read Blocks": 0,
                      "Temp Written Blocks": 0,
                      "Workers": [],
                      "Plans": [
                        {
                          "Node Type": "Hash Join",
                          "Parent Relationship": "Outer",
                          "Parallel Aware": false,
                          "Async Capable": false,
                          "Join Type": "Inner",
                          "Startup Cost": 816.02,
                          "Total Cost": 163544.41,
                          "Plan Rows": 2630,
                          "Plan Width": 34,
                          "Actual Startup Time": 5.418,
                          "Actual Total Time": 644.73,
                          "Actual Rows": 2277,
                          "Actual Loops": 3,
                          "Inner Unique": true,
                          "Hash Cond": "(lineitem_1.l_partkey = part_1.p_partkey)",
                          "Shared Hit Blocks": 9350,
                          "Shared Read Blocks": 113239,
                          "Shared Dirtied Blocks": 0,
                          "Shared Written Blocks": 0,
                          "Local Hit Blocks": 0,
                          "Local Read Blocks": 0,
                          "Local Dirtied Blocks": 0,
                          "Local Written Blocks": 0,
                          "Temp Read Blocks": 0,
                          "Temp Written Blocks": 0,
                          "Workers": [],
                          "Plans": [
                            {
                              "Node Type": "Seq Scan",
                              "Parent Relationship": "Outer",
                              "Parallel Aware": true,
                              "Async Capable": false,
                              "Relation Name": "lineitem",
                              "Alias": "lineitem_1",
                              "Startup Cost": 0.0,
                              "Total Cost": 158995.74,
                              "Plan Rows": 1421933,
                              "Plan Width": 27,
                              "Actual Startup Time": 0.87,
                              "Actual Total Time": 545.692,
                              "Actual Rows": 1141399,
                              "Actual Loops": 3,
                              "Filter": "((l_shipdate > '1995-01-01'::date) AND (l_suppkey < 14000))",
                              "Rows Removed by Filter": 859006,
                              "Shared Hit Blocks": 8369,
                              "Shared Read Blocks": 113117,
                              "Shared Dirtied Blocks": 0,
                              "Shared Written Blocks": 0,
                              "Local Hit Blocks": 0,
                              "Local Read Blocks": 0,
                              "Local Dirtied Blocks": 0,
                              "Local Written Blocks": 0,
                              "Temp Read Blocks": 0,
                              "Temp Written Blocks": 0,
                              "Workers": []
                            },
                            {
                              "Node Type": "Hash",
                              "Parent Relationship": "Inner",
                              "Parallel Aware": false,
                              "Async Capable": false,
                              "Startup Cost": 811.4,
                              "Total Cost": 811.4,
                              "Plan Rows": 370,
                              "Plan Width": 15,
                              "Actual Startup Time": 3.939,
                              "Actual Total Time": 3.94,
                              "Actual Rows": 405,
                              "Actual Loops": 3,
                              "Hash Buckets": 1024,
                              "Original Hash Buckets": 1024,
                              "Hash Batches": 1,
                              "Original Hash Batches": 1,
                              "Peak Memory Usage": 27,
                              "Shared Hit Blocks": 981,
                              "Shared Read Blocks": 122,
                              "Shared Dirtied Blocks": 0,
                              "Shared Written Blocks": 0,
                              "Local Hit Blocks": 0,
                              "Local Read Blocks": 0,
                              "Local Dirtied Blocks": 0,
                              "Local Written Blocks": 0,
                              "Temp Read Blocks": 0,
                              "Temp Written Blocks": 0,
                              "Workers": [],
                              "Plans": [
                                {
                                  "Node Type": "Index Scan",
                                  "Parent Relationship": "Outer",
                                  "Parallel Aware": false,
                                  "Async Capable": false,
                                  "Scan Direction": "Forward",
                                  "Index Name": "pk_part",
                                  "Relation Name": "part",
                                  "Alias": "part_1",
                                  "Startup Cost": 0.42,
                                  "Total Cost": 811.4,
                                  "Plan Rows": 370,
                                  "Plan Width": 15,
                                  "Actual Startup Time": 0.197,
                                  "Actual Total Time": 3.869,
                                  "Actual Rows": 405,
                                  "Actual Loops": 3,
                                  "Index Cond": "(p_partkey < 15000)",
                                  "Rows Removed by Index Recheck": 0,
                                  "Filter": "(p_container = 'LG CAN'::bpchar)",
                                  "Rows Removed by Filter": 14594,
                                  "Shared Hit Blocks": 981,
                                  "Shared Read Blocks": 122,
                                  "Shared Dirtied Blocks": 0,
                                  "Shared Written Blocks": 0,
                                  "Local Hit Blocks": 0,
                                  "Local Read Blocks": 0,
                                  "Local Dirtied Blocks": 0,
                                  "Local Written Blocks": 0,
                                  "Temp Read Blocks": 0,
                                  "Temp Written Blocks": 0,
                                  "Workers": []
                                }
                              ]
                            }
                          ]
                        },
                        {
                          "Node Type": "Hash",
                          "Parent Relationship": "Inner",
                          "Parallel Aware": false,
                          "Async Capable": false,
                          "Startup Cost": 323.0,
                          "Total Cost": 323.0,
                          "Plan Rows": 10000,
                          "Plan Width": 36,
                          "Actual Startup Time": 4.433,
                          "Actual Total Time": 4.434,
                          "Actual Rows": 10000,
                          "Actual Loops": 3,
                          "Hash Buckets": 16384,
                          "Original Hash Buckets": 16384,
                          "Hash Batches": 1,
                          "Original Hash Batches": 1,
                          "Peak Memory Usage": 822,
                          "Shared Hit Blocks": 669,
                          "Shared Read Blocks": 0,
                          "Shared Dirtied Blocks": 0,
                          "Shared Written Blocks": 0,
                          "Local Hit Blocks": 0,
                          "Local Read Blocks": 0,
                          "Local Dirtied Blocks": 0,
                          "Local Written Blocks": 0,
                          "Temp Read Blocks": 0,
                          "Temp Written Blocks": 0,
                          "Workers": [],
                          "Plans": [
                            {
                              "Node Type": "Seq Scan",
                              "Parent Relationship": "Outer",
                              "Parallel Aware": false,
                              "Async Capable": false,
                              "Relation Name": "supplier",
                              "Alias": "supplier",
                              "Startup Cost": 0.0,
                              "Total Cost": 323.0,
                              "Plan Rows": 10000,
                              "Plan Width": 36,
                              "Actual Startup Time": 0.856,
                              "Actual Total Time": 2.704,
                              "Actual Rows": 10000,
                              "Actual Loops": 3,
                              "Shared Hit Blocks": 669,
                              "Shared Read Blocks": 0,
                              "Shared Dirtied Blocks": 0,
                              "Shared Written Blocks": 0,
                              "Local Hit Blocks": 0,
                              "Local Read Blocks": 0,
                              "Local Dirtied Blocks": 0,
                              "Local Written Blocks": 0,
                              "Temp Read Blocks": 0,
                              "Temp Written Blocks": 0,
                              "Workers": []
                            }
                          ]
                        }
                      ]
                    }
                  ]
                }
              ]
            }
          ]
        }
      ]
    },
    "Planning": {
      "Shared Hit Blocks": 41,
      "Shared Read Blocks": 0,
      "Shared Dirtied Blocks": 0,
      "Shared Written Blocks": 0,
      "Local Hit Blocks": 0,
      "Local Read Blocks": 0,
      "Local Dirtied Blocks": 0,
      "Local Written Blocks": 0,
      "Temp Read Blocks": 0,
      "Temp Written Blocks": 0
    },
    "Planning Time": 1.504,
    "Triggers": [],
    "Execution Time": 2897.978
  }
]