[
  {
    "Plan": {
      "Node Type": "Limit",
      "Parallel Aware": false,
      "Async Capable": false,
      "Startup Cost": 212626.09,
      "Total Cost": 212626.14,
      "Plan Rows": 20,
      "Plan Width": 197,
      "Actual Startup Time": 1345.164,
      "Actual Total Time": 1360.253,
      "Actual Rows": 20,
      "Actual Loops": 1,
      "Shared Hit Blocks": 9881,
      "Shared Read Blocks": 143891,
      "Shared Dirtied Blocks": 0,
      "Shared Written Blocks": 0,
      "Local Hit Blocks": 0,
      "Local Read Blocks": 0,
      "Local Dirtied Blocks": 0,
      "Local Written Blocks": 0,
      "Temp Read Blocks": 2639,
      "Temp Written Blocks": 2644,
      "Plans": [
        {
          "Node Type": "Sort",
          "Parent Relationship": "Outer",
          "Parallel Aware": false,
          "Async Capable": false,
          "Startup Cost": 212626.09,
          "Total Cost": 212771.72,
          "Plan Rows": 58253,
          "Plan Width": 197,
          "Actual Startup Time": 1345.162,
          "Actual Total Time": 1360.248,
          "Actual Rows": 20,
          "Actual Loops": 1,
          "Sort Key": [
            "(sum((lineitem.l_extendedprice * ('1'::numeric - lineitem.l_discount)))) DESC"
          ],
          "Sort Method": "top-N heapsort",
          "Sort Space Used": 34,
          "Sort Space Type": "Memory",
          "Shared Hit Blocks": 9881,
          "Shared Read Blocks": 143891,
          "Shared Dirtied Blocks": 0,
          "Shared Written Blocks": 0,
          "Local Hit Blocks": 0,
          "Local Read Blocks": 0,
          "Local Dirtied Blocks": 0,
          "Local Written Blocks": 0,
          "Temp Read Blocks": 2639,
          "Temp Written Blocks": 2644,
          "Plans": [
            {
              "Node Type": "Aggregate",
              "Strategy": "Sorted",
              "Partial Mode": "Finalize",
              "Parent Relationship": "Outer",
              "Parallel Aware": false,
              "Async Capable": false,
              "Startup Cost": 202863.57,
              "Total Cost": 211076.0,
              "Plan Rows": 58253,
              "Plan Width": 197,
              "Actual Startup Time": 1159.111,
              "Actual Total Time": 1339.735,
              "Actual Rows": 37607,
              "Actual Loops": 1,
              "Group Key": [
                "customer.c_name",
                "customer.c_acctbal",
                "customer.c_phone",
                "nation.n_name",
                "customer.c_address",
                "customer.c_comment"
              ],
              "Shared Hit Blocks": 9881,
              "Shared Read Blocks": 143891,
              "Shared Dirtied Blocks": 0,
              "Shared Written Blocks": 0,
              "Local Hit Blocks": 0,
              "Local Read Blocks": 0,
              "Local Dirtied Blocks": 0,
              "Local Written Blocks": 0,
              "Temp Read Blocks": 2639,
              "Temp Written Blocks": 2644,
              "Plans": [
                {
                  "Node Type": "Gather Merge",
                  "Parent Relationship": "Outer",
                  "Parallel Aware": false,
                  "Async Capable": false,
                  "Startup Cost": 202863.57,
                  "Total Cost": 209376.96,
                  "Plan Rows": 48544,
                  "Plan Width": 197,
                  "Actual Startup Time": 1159.101,
                  "Actual Total Time": 1284.084,
                  "Actual Rows": 37607,
                  "Actual Loops": 1,
                  "Workers Planned": 2,
                  "Workers Launched": 2,
                  "Shared Hit Blocks": 9881,
                  "Shared Read Blocks": 143891,
                  "Shared Dirtied Blocks": 0,
                  "Shared Written Blocks": 0,
                  "Local Hit Blocks": 0,
                  "Local Read Blocks": 0,
                  "Local Dirtied Blocks": 0,
                  "Local Written Blocks": 0,
                  "Temp Read Blocks": 2639,
                  "Temp Written Blocks": 2644,
                  "Plans": [
                    {
                      "Node Type": "Aggregate",
                      "Strategy": "Sorted",
                      "Partial Mode": "Partial",
                      "Parent Relationship": "Outer",
                      "Parallel Aware": false,
                      "Async Capable": false,
                      "Startup Cost": 201863.55,
                      "Total Cost": 202773.75,
                      "Plan Rows": 24272,
                      "Plan Width": 197,
                      "Actual Startup Time": 1104.364,
                      "Actual Total Time": 1161.906,
                      "Actual Rows": 12536,
                      "Actual Loops": 3,
                      "Group Key": [
                        "customer.c_name",
                        "customer.c_acctbal",
                        "customer.c_phone",
                        "nation.n_name",
                        "customer.c_address",
                        "customer.c_comment"
                      ],
                      "Shared Hit Blocks": 9881,
                      "Shared Read Blocks": 143891,
                      "Shared Dirtied Blocks": 0,
                      "Shared Written Blocks": 0,
                      "Local Hit Blocks": 0,
                      "Local Read Blocks": 0,
                      "Local Dirtied Blocks": 0,
                      "Local Written Blocks": 0,
                      "Temp Read Blocks": 2639,
                      "Temp Written Blocks": 2644,
                      "Workers": [],
                      "Plans": [
                        {
                          "Node Type": "Sort",
                          "Parent Relationship": "Outer",
                          "Parallel Aware": false,
                          "Async Capable": false,
                          "Startup Cost": 201863.55,
                          "Total Cost": 201924.23,
                          "Plan Rows": 24272,
                          "Plan Width": 177,
                          "Actual Startup Time": 1104.339,
                          "Actual Total Time": 1125.699,
                          "Actual Rows": 37599,
                          "Actual Loops": 3,
                          "Sort Key": [
                            "customer.c_name",
                            "customer.c_acctbal",
                            "customer.c_phone",
                            "nation.n_name",
                            "customer.c_address",
                            "customer.c_comment"
                          ],
                          "Sort Method": "external merge",
                          "Sort Space Used": 4344,
                          "Sort Space Type": "Disk",
                          "Shared Hit Blocks": 9881,
                          "Shared Read Blocks": 143891,
                          "Shared Dirtied Blocks": 0,
                          "Shared Written Blocks": 0,
                          "Local Hit Blocks": 0,
                          "Local Read Blocks": 0,
                          "Local Dirtied Blocks": 0,
                          "Local Written Blocks": 0,
                          "Temp Read Blocks": 2639,
                          "Temp Written Blocks": 2644,
                          "Workers": [
                            {
                              "Worker Number": 0,
                              "Sort Method": "external merge",
                              "Sort Space Used": 9424,
                              "Sort Space Type": "Disk"
                            },
                            {
                              "Worker Number": 1,
                              "Sort Method": "external merge",
                              "Sort Space Used": 7344,
                              "Sort Space Type": "Disk"
                            }
                          ],
                          "Plans": [
                            {
                              "Node Type": "Hash Join",
                              "Parent Relationship": "Outer",
                              "Parallel Aware": false,
                              "Async Capable": false,
                              "Join Type": "Inner",
                              "Startup Cost": 192687.43,
                              "Total Cost": 197936.2,
                              "Plan Rows": 24272,
                              "Plan Width": 177,
                              "Actual Startup Time": 968.832,
                              "Actual Total Time": 1014.655,
                              "Actual Rows": 37599,
                              "Actual Loops": 3,
                              "Inner Unique": true,
                              "Hash Cond": "(customer.c_nationkey = nation.n_nationkey)",
                              "Shared Hit Blocks": 9751,
                              "Shared Read Blocks": 143879,
                              "Shared Dirtied Blocks": 0,
                              "Shared Written Blocks": 0,
                              "Local Hit Blocks": 0,
                              "Local Read Blocks": 0,
                              "Local Dirtied Blocks": 0,
                              "Local Written Blocks": 0,
                              "Temp Read Blocks": 0,
                              "Temp Written Blocks": 0,
                              "Workers": [],
                              "Plans": [
                                {
                                  "Node Type": "Hash Join",
                                  "Parent Relationship": "Outer",
                                  "Parallel Aware": true,
                                  "Async Capable": false,
                                  "Join Type": "Inner",
                                  "Startup Cost": 192685.86,
                                  "Total Cost": 197860.12,
                                  "Plan Rows": 24272,
                                  "Plan Width": 155,
                                  "Actual Startup Time": 968.132,
                                  "Actual Total Time": 1006.812,
                                  "Actual Rows": 37599,
                                  "Actual Loops": 3,
                                  "Inner Unique": false,
                                  "Hash Cond": "(customer.c_custkey = orders.o_custkey)",
                                  "Shared Hit Blocks": 9724,
                                  "Shared Read Blocks": 143875,
                                  "Shared Dirtied Blocks": 0,
                                  "Shared Written Blocks": 0,
                                  "Local Hit Blocks": 0,
                                  "Local Read Blocks": 0,
                                  "Local Dirtied Blocks": 0,
                                  "Local Written Blocks": 0,
                                  "Temp Read Blocks": 0,
                                  "Temp Written Blocks": 0,
                                  "Workers": [],
                                  "Plans": [
                                    {
                                      "Node Type": "Seq Scan",
                                      "Parent Relationship": "Outer",
                                      "Parallel Aware": true,
                                      "Async Capable": false,
                                      "Relation Name": "customer",
                                      "Alias": "customer",
                                      "Startup Cost": 0.0,
                                      "Total Cost": 4370.0,
                                      "Plan Rows": 62500,
                                      "Plan Width": 147,
                                      "Actual Startup Time": 1.467,
                                      "Actual Total Time": 16.872,
                                      "Actual Rows": 50000,
                                      "Actual Loops": 3,
                                      "Shared Hit Blocks": 0,
                                      "Shared Read Blocks": 3745,
                                      "Shared Dirtied Blocks": 0,
                                      "Shared Written Blocks": 0,
                                      "Local Hit Blocks": 0,
                                      "Local Read Blocks": 0,
                                      "Local Dirtied Blocks": 0,
                                      "Local Written Blocks": 0,
                                      "Temp Read Blocks": 0,
                                      "Temp Written Blocks": 0,
                                      "Workers": []
                                    },
                                    {
                                      "Node Type": "Hash",
                                      "Parent Relationship": "Inner",
                                      "Parallel Aware": true,
                                      "Async Capable": false,
                                      "Startup Cost": 192382.46,
                                      "Total Cost": 192382.46,
                                      "Plan Rows": 24272,
                                      "Plan Width": 16,
                                      "Actual Startup Time": 966.406,
                                      "Actual Total Time": 966.411,
                                      "Actual Rows": 37599,
                                      "Actual Loops": 3,
                                      "Hash Buckets": 131072,
                                      "Original Hash Buckets": 65536,
                                      "Hash Batches": 1,
                                      "Original Hash Batches": 1,
                                      "Peak Memory Usage": 7520,
                                      "Shared Hit Blocks": 9724,
                                      "Shared Read Blocks": 140130,
                                      "Shared Dirtied Blocks": 0,
                                      "Shared Written Blocks": 0,
                                      "Local Hit Blocks": 0,
                                      "Local Read Blocks": 0,
                                      "Local Dirtied Blocks": 0,
                                      "Local Written Blocks": 0,
                                      "Temp Read Blocks": 0,
                                      "Temp Written Blocks": 0,
                                      "Workers": [],
                                      "Plans": [
                                        {
                                          "Node Type": "Hash Join",
                                          "Parent Relationship": "Outer",
                                          "Parallel Aware": true,
                                          "Async Capable": false,
                                          "Join Type": "Inner",
                                          "Startup Cost": 38020.71,
                                          "Total Cost": 192382.46,
                                          "Plan Rows": 24272,
                                          "Plan Width": 16,
                                          "Actual Startup Time": 139.294,
                                          "Actual Total Time": 945.439,
                                          "Actual Rows": 37599,
                                          "Actual Loops": 3,
                                          "Inner Unique": true,
                                          "Hash Cond": "(lineitem.l_orderkey = orders.o_orderkey)",
                                          "Shared Hit Blocks": 9724,
                                          "Shared Read Blocks": 140130,
                                          "Shared Dirtied Blocks": 0,
                                          "Shared Written Blocks": 0,
                                          "Local Hit Blocks": 0,
                                          "Local Read Blocks": 0,
                                          "Local Dirtied Blocks": 0,
                                          "Local Written Blocks": 0,
                                          "Temp Read Blocks": 0,
                                          "Temp Written Blocks": 0,
                                          "Workers": [],
                                          "Plans": [
                                            {
                                              "Node Type": "Seq Scan",
                                              "Parent Relationship": "Outer",
                                              "Parallel Aware": true,
                                              "Async Capable": false,
                                              "Relation Name": "lineitem",
                                              "Alias": "lineitem",
                                              "Startup Cost": 0.0,
                                              "Total Cost": 152744.11,
                                              "Plan Rows": 616243,
                                              "Plan Width": 20,
                                              "Actual Startup Time": 0.831,
                                              "Actual Total Time": 701.691,
                                              "Actual Rows": 492957,
                                              "Actual Loops": 3,
                                              "Filter": "(l_returnflag = 'R'::bpchar)",
                                              "Rows Removed by Filter": 1507448,
                                              "Shared Hit Blocks": 9599,
                                              "Shared Read Blocks": 111887,
                                              "Shared Dirtied Blocks": 0,
                                              "Shared Written Blocks": 0,
                                              "Local Hit Blocks": 0,
                                              "Local Read Blocks": 0,
                                              "Local Dirtied Blocks": 0,
                                              "Local Written Blocks": 0,
                                              "Temp Read Blocks": 0,
                                              "Temp Written Blocks": 0,
                                              "Workers": []
                                            },
                                            {
                                              "Node Type": "Hash",
                                              "Parent Relationship": "Inner",
                                              "Parallel Aware": true,
                                              "Async Capable": false,
                                              "Startup Cost": 37713.0,
                                              "Total Cost": 37713.0,
                                              "Plan Rows": 24617,
                                              "Plan Width": 12,
                                              "Actual Startup Time": 137.915,
                                              "Actual Total Time": 137.916,
                                              "Actual Rows": 18783,
                                              "Actual Loops": 3,
                                              "Hash Buckets": 65536,
                                              "Original Hash Buckets": 65536,
                                              "Hash Batches": 1,
                                              "Original Hash Batches": 1,
                                              "Peak Memory Usage": 3200,
                                              "Shared Hit Blocks": 96,
                                              "Shared Read Blocks": 28242,
                                              "Shared Dirtied Blocks": 0,
                                              "Shared Written Blocks": 0,
                                              "Local Hit Blocks": 0,
                                              "Local Read Blocks": 0,
                                              "Local Dirtied Blocks": 0,
                                              "Local Written Blocks": 0,
                                              "Temp Read Blocks": 0,
                                              "Temp Written Blocks": 0,
                                              "Workers": [],
                                              "Plans": [
                                                {
                                                  "Node Type": "Seq Scan",
                                                  "Parent Relationship": "Outer",
                                                  "Parallel Aware": true,
                                                  "Async Capable": false,
                                                  "Relation Name": "orders",
                                                  "Alias": "orders",
                                                  "Startup Cost": 0.0,
                                                  "Total Cost": 37713.0,
                                                  "Plan Rows": 24617,
                                                  "Plan Width": 12,
                                                  "Actual Startup Time": 0.428,
                                                  "Actual Total Time": 130.626,
                                                  "Actual Rows": 18783,
                                                  "Actual Loops": 3,
                                                  "Filter": "((o_orderdate >= '1994-01-01'::date) AND (o_orderdate < '1994-04-01 00:00:00'::timestamp without time zone))",
                                                  "Rows Removed by Filter": 481217,
                                                  "Shared Hit Blocks": 96,
                                                  "Shared Read Blocks": 28242,
                                                  "Shared Dirtied Blocks": 0,
                                                  "Shared Written Blocks": 0,
                                                  "Local Hit Blocks": 0,
                                                  "Local Read Blocks": 0,
                                                  "Local Dirtied Blocks": 0,
                                                  "Local Written Blocks": 0,
                                                  "Temp Read Blocks": 0,
                                                  "Temp Written Blocks": 0,
                                                  "Workers": []
                                                }
                                              ]
                                            }
                                          ]
                                        }
                                      ]
                                    }
                                  ]
                                },
                                {
                                  "Node Type": "Hash",
                                  "Parent Relationship": "Inner",
                                  "Parallel Aware": false,
                                  "Async Capable": false,
                                  "Startup Cost": 1.25,
                                  "Total Cost": 1.25,
                                  "Plan Rows": 25,
                                  "Plan Width": 30,
                                  "Actual Startup Time": 0.648,
                                  "Actual Total Time": 0.649,
                                  "Actual Rows": 25,
                                  "Actual Loops": 3,
                                  "Hash Buckets": 1024,
                                  "Original Hash Buckets": 1024,
                                  "Hash Batches": 1,
                                  "Original Hash Batches": 1,
                                  "Peak Memory Usage": 10,
                                  "Shared Hit Blocks": 2,
                                  "Shared Read Blocks": 1,
                                  "Shared Dirtied Blocks": 0,
                                  "Shared Written Blocks": 0,
                                  "Local Hit Blocks": 0,
                                  "Local Read Blocks": 0,
                                  "Local Dirtied Blocks": 0,
                                  "Local Written Blocks": 0,
                                  "Temp Read Blocks": 0,
                                  "Temp Written Blocks": 0,
                                  "Workers": [],
                                  "Plans": [
                                    {
                                      "Node Type": "Seq Scan",
                                      "Parent Relationship": "Outer",
                                      "Parallel Aware": false,
                                      "Async Capable": false,
                                      "Relation Name": "nation",
                                      "Alias": "nation",
                                      "Startup Cost": 0.0,
                                      "Total Cost": 1.25,
                                      "Plan Rows": 25,
                                      "Plan Width": 30,
                                      "Actual Startup Time": 0.628,
                                      "Actual Total Time": 0.631,
                                      "Actual Rows": 25,
                                      "Actual Loops": 3,
                                      "Shared Hit Blocks": 2,
                                      "Shared Read Blocks": 1,
                                      "Shared Dirtied Blocks": 0,
                                      "Shared Written Blocks": 0,
                                      "Local Hit Blocks": 0,
                                      "Local Read Blocks": 0,
                                      "Local Dirtied Blocks": 0,
                                      "Local Written Blocks": 0,
                                      "Temp Read Blocks": 0,
                                      "Temp Written Blocks": 0,
                                      "Workers": []
                                    }
                                  ]
                                }
                              ]
                            }
                          ]
                        }
                      ]
                    }
                  ]
                }
              ]
            }
          ]
        }
      ]
    },
    "Planning": {
      "Shared Hit Blocks": 28,
      "Shared Read Blocks": 39,
      "Shared Dirtied Blocks": 0,
      "Shared Written Blocks": 0,
      "Local Hit Blocks": 0,
      "Local Read Blocks": 0,
      "Local Dirtied Blocks": 0,
      "Local Written Blocks": 0,
      "Temp Read Blocks": 0,
      "Temp Written Blocks": 0
    },
    "Planning Time": 3.528,
    "Triggers": [],
    "Execution Time": 1364.022
  }
]