[
  {
    "Plan": {
      "Node Type": "Limit",
      "Parallel Aware": false,
      "Async Capable": false,
      "Startup Cost": 200901.57,
      "Total Cost": 200901.82,
      "Plan Rows": 100,
      "Plan Width": 34,
      "Actual Startup Time": 983.536,
      "Actual Total Time": 991.162,
      "Actual Rows": 100,
      "Actual Loops": 1,
      "Shared Hit Blocks": 8522,
      "Shared Read Blocks": 142046,
      "Shared Dirtied Blocks": 0,
      "Shared Written Blocks": 0,
      "Local Hit Blocks": 0,
      "Local Read Blocks": 0,
      "Local Dirtied Blocks": 0,
      "Local Written Blocks": 0,
      "Temp Read Blocks": 0,
      "Temp Written Blocks": 0,
      "Plans": [
        {
          "Node Type": "Sort",
          "Parent Relationship": "Outer",
          "Parallel Aware": false,
          "Async Capable": false,
          "Startup Cost": 200901.57,
          "Total Cost": 200926.57,
          "Plan Rows": 10000,
          "Plan Width": 34,
          "Actual Startup Time": 983.534,
          "Actual Total Time": 991.149,
          "Actual Rows": 100,
          "Actual Loops": 1,
          "Sort Key": [
            "(count(*)) DESC",
            "supplier.s_name"
          ],
          "Sort Method": "top-N heapsort",
          "Sort Space Used": 36,
          "Sort Space Type": "Memory",
          "Shared Hit Blocks": 8522,
          "Shared Read Blocks": 142046,
          "Shared Dirtied Blocks": 0,
          "Shared Written Blocks": 0,
          "Local Hit Blocks": 0,
          "Local Read Blocks": 0,
          "Local Dirtied Blocks": 0,
          "Local Written Blocks": 0,
          "Temp Read Blocks": 0,
          "Temp Written Blocks": 0,
          "Plans": [
            {
              "Node Type": "Aggregate",
              "Strategy": "Sorted",
              "Partial Mode": "Finalize",
              "Parent Relationship": "Outer",
              "Parallel Aware": false,
              "Async Capable": false,
              "Startup Cost": 197985.88,
              "Total Cost": 200519.38,
              "Plan Rows": 10000,
              "Plan Width": 34,
              "Actual Startup Time": 981.974,
              "Actual Total Time": 990.796,
              "Actual Rows": 396,
              "Actual Loops": 1,
              "Group Key": [
                "supplier.s_name"
              ],
              "Shared Hit Blocks": 8522,
              "Shared Read Blocks": 142046,
              "Shared Dirtied Blocks": 0,
              "Shared Written Blocks": 0,
              "Local Hit Blocks": 0,
              "Local Read Blocks": 0,
              "Local Dirtied Blocks": 0,
              "Local Written Blocks": 0,
              "Temp Read Blocks": 0,
              "Temp Written Blocks": 0,
              "Plans": [
                {
                  "Node Type": "Gather Merge",
                  "Parent Relationship": "Outer",
                  "Parallel Aware": false,
                  "Async Capable": false,
                  "Startup Cost": 197985.88,
                  "Total Cost": 200319.38,
                  "Plan Rows": 20000,
                  "Plan Width": 34,
                  "Actual Startup Time": 981.957,
                  "Actual Total Time": 990.353,
                  "Actual Rows": 1188,
                  "Actual Loops": 1,
                  "Workers Planned": 2,
                  "Workers Launched": 2,
                  "Shared Hit Blocks": 8522,
                  "Shared Read Blocks": 142046,
                  "Shared Dirtied Blocks": 0,
                  "Shared Written Blocks": 0,
                  "Local Hit Blocks": 0,
                  "Local Read Blocks": 0,
                  "Local Dirtied Blocks": 0,
                  "Local Written Blocks": 0,
                  "Temp Read Blocks": 0,
                  "Temp Written Blocks": 0,
                  "Plans": [
                    {
                      "Node Type": "Sort",
                      "Parent Relationship": "Outer",
                      "Parallel Aware": false,
                      "Async Capable": false,
                      "Startup Cost": 196985.86,
                      "Total Cost": 197010.86,
                      "Plan Rows": 10000,
                      "Plan Width": 34,
                      "Actual Startup Time": 939.962,
                      "Actual Total Time": 940.011,
                      "Actual Rows": 396,
                      "Actual Loops": 3,
                      "Sort Key": [
                        "supplier.s_name"
                      ],
                      "Sort Method": "quicksort",
                      "Sort Space Used": 46,
                      "Sort Space Type": "Memory",
                      "Shared Hit Blocks": 8522,
                      "Shared Read Blocks": 142046,
                      "Shared Dirtied Blocks": 0,
                      "Shared Written Blocks": 0,
                      "Local Hit Blocks": 0,
                      "Local Read Blocks": 0,
                      "Local Dirtied Blocks": 0,
                      "Local Written Blocks": 0,
                      "Temp Read Blocks": 0,
                      "Temp Written Blocks": 0,
                      "Workers": [
                        {
                          "Worker Number": 0,
                          "Sort Method": "quicksort",
                          "Sort Space Used": 46,
                          "Sort Space Type": "Memory"
                        },
                        {
                          "Worker Number": 1,
                          "Sort Method": "quicksort",
                          "Sort Space Used": 46,
                          "Sort Space Type": "Memory"
                        }
                      ],
                      "Plans": [
                        {
                          "Node Type": "Aggregate",
                          "Strategy": "Hashed",
                          "Partial Mode": "Partial",
                          "Parent Relationship": "Outer",
                          "Parallel Aware": false,
                          "Async Capable": false,
                          "Startup Cost": 196221.47,
                          "Total Cost": 196321.47,
                          "Plan Rows": 10000,
                          "Plan Width": 34,
                          "Actual Startup Time": 938.083,
                          "Actual Total Time": 938.23,
                          "Actual Rows": 396,
                          "Actual Loops": 3,
                          "Group Key": [
                            "supplier.s_name"
                          ],
                          "Planned Partitions": 0,
                          "HashAgg Batches": 1,
                          "Peak Memory Usage": 465,
                          "Disk Usage": 0,
                          "Shared Hit Blocks": 8508,
                          "Shared Read Blocks": 142046,
                          "Shared Dirtied Blocks": 0,
                          "Shared Written Blocks": 0,
                          "Local Hit Blocks": 0,
                          "Local Read Blocks": 0,
                          "Local Dirtied Blocks": 0,
                          "Local Written Blocks": 0,
                          "Temp Read Blocks": 0,
                          "Temp Written Blocks": 0,
                          "Workers": [
                            {
                              "Worker Number": 0,
                              "HashAgg Batches": 1,
                              "Peak Memory Usage": 465,
                              "Disk Usage": 0
                            },
                            {
                              "Worker Number": 1,
                              "HashAgg Batches": 1,
                              "Peak Memory Usage": 465,
                              "Disk Usage": 0
                            }
                          ],
                          "Plans": [
                            {
                              "Node Type": "Hash Join",
                              "Parent Relationship": "Outer",
                              "Parallel Aware": true,
                              "Async Capable": false,
                              "Join Type": "Inner",
                              "Startup Cost": 158480.54,
                              "Total Cost": 195977.53,
                              "Plan Rows": 48789,
                              "Plan Width": 26,
                              "Actual Startup Time": 720.189,
                              "Actual Total Time": 926.777,
                              "Actual Rows": 38437,
                              "Actual Loops": 3,
                              "Inner Unique": false,
                              "Hash Cond": "(orders.o_orderkey = l1.l_orderkey)",
                              "Shared Hit Blocks": 8508,
                              "Shared Read Blocks": 142046,
                              "Shared Dirtied Blocks": 0,
                              "Shared Written Blocks": 0,
                              "Local Hit Blocks": 0,
                              "Local Read Blocks": 0,
                              "Local Dirtied Blocks": 0,
                              "Local Written Blocks": 0,
                              "Temp Read Blocks": 0,
                              "Temp Written Blocks": 0,
                              "Workers": [],
                              "Plans": [
                                {
                                  "Node Type": "Seq Scan",
                                  "Parent Relationship": "Outer",
                                  "Parallel Aware": true,
                                  "Async Capable": false,
                                  "Relation Name": "orders",
                                  "Alias": "orders",
                                  "Startup Cost": 0.0,
                                  "Total Cost": 36150.5,
                                  "Plan Rows": 304854,
                                  "Plan Width": 8,
                                  "Actual Startup Time": 0.655,
                                  "Actual Total Time": 122.439,
                                  "Actual Rows": 243138,
                                  "Actual Loops": 3,
                                  "Filter": "(o_orderstatus = 'F'::bpchar)",
                                  "Rows Removed by Filter": 256862,
                                  "Shared Hit Blocks": 121,
                                  "Shared Read Blocks": 28217,
                                  "Shared Dirtied Blocks": 0,
                                  "Shared Written Blocks": 0,
                                  "Local Hit Blocks": 0,
                                  "Local Read Blocks": 0,
                                  "Local Dirtied Blocks": 0,
                                  "Local Written Blocks": 0,
                                  "Temp Read Blocks": 0,
                                  "Temp Written Blocks": 0,
                                  "Workers": []
                                },
                                {
                                  "Node Type": "Hash",
                                  "Parent Relationship": "Inner",
                                  "Parallel Aware": true,
                                  "Async Capable": false,
                                  "Startup Cost": 157230.21,
                                  "Total Cost": 157230.21,
                                  "Plan Rows": 100026,
                                  "Plan Width": 34,
                                  "Actual Startup Time": 718.608,
                                  "Actual Total Time": 718.619,
                                  "Actual Rows": 79401,
                                  "Actual Loops": 3,
                                  "Hash Buckets": 262144,
                                  "Original Hash Buckets": 262144,
                                  "Hash Batches": 1,
                                  "Original Hash Batches": 1,
                                  "Peak Memory Usage": 18912,
                                  "Shared Hit Blocks": 8357,
                                  "Shared Read Blocks": 113829,
                                  "Shared Dirtied Blocks": 0,
                                  "Shared Written Blocks": 0,
                                  "Local Hit Blocks": 0,
                                  "Local Read Blocks": 0,
                                  "Local Dirtied Blocks": 0,
                                  "Local Written Blocks": 0,
                                  "Temp Read Blocks": 0,
                                  "Temp Written Blocks": 0,
                                  "Workers": [],
                                  "Plans": [
                                    {
                                      "Node Type": "Hash Join",
                                      "Parent Relationship": "Outer",
                                      "Parallel Aware": false,
                                      "Async Capable": false,
                                      "Join Type": "Inner",
                                      "Startup Cost": 360.02,
                                      "Total Cost": 157230.21,
                                      "Plan Rows": 100026,
                                      "Plan Width": 34,
                                      "Actual Startup Time": 4.668,
                                      "Actual Total Time": 688.178,
                                      "Actual Rows": 79401,
                                      "Actual Loops": 3,
                                      "Inner Unique": false,
                                      "Hash Cond": "(l1.l_suppkey = supplier.s_suppkey)",
                                      "Shared Hit Blocks": 8357,
                                      "Shared Read Blocks": 113829,
                                      "Shared Dirtied Blocks": 0,
                                      "Shared Written Blocks": 0,
                                      "Local Hit Blocks": 0,
                                      "Local Read Blocks": 0,
                                      "Local Dirtied Blocks": 0,
                                      "Local Written Blocks": 0,
                                      "Temp Read Blocks": 0,
                                      "Temp Written Blocks": 0,
                                      "Workers": [],
                                      "Plans": [
                                        {
                                          "Node Type": "Seq Scan",
                                          "Parent Relationship": "Outer",
                                          "Parallel Aware": true,
                                          "Async Capable": false,
                                          "Relation Name": "lineitem",
                                          "Alias": "l1",
                                          "Startup Cost": 0.0,
                                          "Total Cost": 146492.49,
                                          "Plan Rows": 2500649,
                                          "Plan Width": 12,
                                          "Actual Startup Time": 0.449,
                                          "Actual Total Time": 479.146,
                                          "Actual Rows": 2000405,
                                          "Actual Loops": 3,
                                          "Shared Hit Blocks": 7881,
                                          "Shared Read Blocks": 113605,
                                          "Shared Dirtied Blocks": 0,
                                          "Shared Written Blocks": 0,
                                          "Local Hit Blocks": 0,
                                          "Local Read Blocks": 0,
                                          "Local Dirtied Blocks": 0,
                                          "Local Written Blocks": 0,
                                          "Temp Read Blocks": 0,
                                          "Temp Written Blocks": 0,
                                          "Workers": []
                                        },
                                        {
                                          "Node Type": "Hash",
                                          "Parent Relationship": "Inner",
                                          "Parallel Aware": false,
                                          "Async Capable": false,
                                          "Startup Cost": 355.02,
                                          "Total Cost": 355.02,
                                          "Plan Rows": 400,
                                          "Plan Width": 30,
                                          "Actual Startup Time": 4.165,
                                          "Actual Total Time": 4.173,
                                          "Actual Rows": 396,
                                          "Actual Loops": 3,
                                          "Hash Buckets": 1024,
                                          "Original Hash Buckets": 1024,
                                          "Hash Batches": 1,
                                          "Original Hash Batches": 1,
                                          "Peak Memory Usage": 33,
                                          "Shared Hit Blocks": 448,
                                          "Shared Read Blocks": 224,
                                          "Shared Dirtied Blocks": 0,
                                          "Shared Written Blocks": 0,
                                          "Local Hit Blocks": 0,
                                          "Local Read Blocks": 0,
                                          "Local Dirtied Blocks": 0,
                                          "Local Written Blocks": 0,
                                          "Temp Read Blocks": 0,
                                          "Temp Written Blocks": 0,
                                          "Workers": [],
                                          "Plans": [
                                            {
                                              "Node Type": "Hash Join",
                                              "Parent Relationship": "Outer",
                                              "Parallel Aware": false,
                                              "Async Capable": false,
                                              "Join Type": "Inner",
                                              "Startup Cost": 1.32,
                                              "Total Cost": 355.02,
                                              "Plan Rows": 400,
                                              "Plan Width": 30,
                                              "Actual Startup Time": 0.883,
                                              "Actual Total Time": 4.084,
                                              "Actual Rows": 396,
                                              "Actual Loops": 3,
                                              "Inner Unique": true,
                                              "Hash Cond": "(supplier.s_nationkey = nation.n_nationkey)",
                                              "Shared Hit Blocks": 448,
                                              "Shared Read Blocks": 224,
                                              "Shared Dirtied Blocks": 0,
                                              "Shared Written Blocks": 0,
                                              "Local Hit Blocks": 0,
                                              "Local Read Blocks": 0,
                                              "Local Dirtied Blocks": 0,
                                              "Local Written Blocks": 0,
                                              "Temp Read Blocks": 0,
                                              "Temp Written Blocks": 0,
                                              "Workers": [],
                                              "Plans": [
                                                {
                                                  "Node Type": "Seq Scan",
                                                  "Parent Relationship": "Outer",
                                                  "Parallel Aware": false,
                                                  "Async Capable": false,
                                                  "Relation Name": "supplier",
                                                  "Alias": "supplier",
                                                  "Startup Cost": 0.0,
                                                  "Total Cost": 323.0,
                                                  "Plan Rows": 10000,
                                                  "Plan Width": 34,
                                                  "Actual Startup Time": 0.396,
                                                  "Actual Total Time": 2.216,
                                                  "Actual Rows": 10000,
                                                  "Actual Loops": 3,
                                                  "Shared Hit Blocks": 445,
                                                  "Shared Read Blocks": 224,
                                                  "Shared Dirtied Blocks": 0,
                                                  "Shared Written Blocks": 0,
                                                  "Local Hit Blocks": 0,
                                                  "Local Read Blocks": 0,
                                                  "Local Dirtied Blocks": 0,
                                                  "Local Written Blocks": 0,
                                                  "Temp Read Blocks": 0,
                                                  "Temp Written Blocks": 0,
                                                  "Workers": []
                                                },
                                                {
                                                  "Node Type": "Hash",
                                                  "Parent Relationship": "Inner",
                                                  "Parallel Aware": false,
                                                  "Async Capable": false,
                                                  "Startup Cost": 1.31,
                                                  "Total Cost": 1.31,
                                                  "Plan Rows": 1,
                                                  "Plan Width": 4,
                                                  "Actual Startup Time": 0.444,
                                                  "Actual Total Time": 0.451,
                                                  "Actual Rows": 1,
                                                  "Actual Loops": 3,
                                                  "Hash Buckets": 1024,
                                                  "Original Hash Buckets": 1024,
                                                  "Hash Batches": 1,
                                                  "Original Hash Batches": 1,
                                                  "Peak Memory Usage": 9,
                                                  "Shared Hit Blocks": 3,
                                                  "Shared Read Blocks": 0,
                                                  "Shared Dirtied Blocks": 0,
                                                  "Shared Written Blocks": 0,
                                                  "Local Hit Blocks": 0,
                                                  "Local Read Blocks": 0,
                                                  "Local Dirtied Blocks": 0,
                                                  "Local Written Blocks": 0,
                                                  "Temp Read Blocks": 0,
                                                  "Temp Written Blocks": 0,
                                                  "Workers": [],
                                                  "Plans": [
                                                    {
                                                      "Node Type": "Seq Scan",
                                                      "Parent Relationship": "Outer",
                                                      "Parallel Aware": false,
                                                      "Async Capable": false,
                                                      "Relation Name": "nation",
                                                      "Alias": "nation",
                                                      "Startup Cost": 0.0,
                                                      "Total Cost": 1.31,
                                                      "Plan Rows": 1,
                                                      "Plan Width": 4,
                                                      "Actual Startup Time": 0.415,
                                                      "Actual Total Time": 0.419,
                                                      "Actual Rows": 1,
                                                      "Actual Loops": 3,
                                                      "Filter": "(n_name = 'GERMANY'::bpchar)",
                                                      "Rows Removed by Filter": 24,
                                                      "Shared Hit Blocks": 3,
                                                      "Shared Read Blocks": 0,
                                                      "Shared Dirtied Blocks": 0,
                                                      "Shared Written Blocks": 0,
                                                      "Local Hit Blocks": 0,
                                                      "Local Read Blocks": 0,
                                                      "Local Dirtied Blocks": 0,
                                                      "Local Written Blocks": 0,
                                                      "Temp Read Blocks": 0,
                                                      "Temp Written Blocks": 0,
                                                      "Workers": []
                                                    }
                                                  ]
                                                }
                                              ]
                                            }
                                          ]
                                        }
                                      ]
                                    }
                                  ]
                                }
                              ]
                            }
                          ]
                        }
                      ]
                    }
                  ]
                }
              ]
            }
          ]
        }
      ]
    },
    "Planning": {
      "Shared Hit Blocks": 26,
      "Shared Read Blocks": 4,
      "Shared Dirtied Blocks": 0,
      "Shared Written Blocks": 0,
      "Local Hit Blocks": 0,
      "Local Read Blocks": 0,
      "Local Dirtied Blocks": 0,
      "Local Written Blocks": 0,
      "Temp Read Blocks": 0,
      "Temp Written Blocks": 0
    },
    "Planning Time": 1.016,
    "Triggers": [],
    "Execution Time": 991.695
  }
]