[
  {
    "Plan": {
      "Node Type": "Limit",
      "Parallel Aware": false,
      "Async Capable": false,
      "Startup Cost": 109779.02,
      "Total Cost": 109779.09,
      "Plan Rows": 25,
      "Plan Width": 58,
      "Actual Startup Time": 718.012,
      "Actual Total Time": 728.413,
      "Actual Rows": 5,
      "Actual Loops": 1,
      "Shared Hit Blocks": 123578,
      "Shared Read Blocks": 92055,
      "Shared Dirtied Blocks": 0,
      "Shared Written Blocks": 0,
      "Local Hit Blocks": 0,
      "Local Read Blocks": 0,
      "Local Dirtied Blocks": 0,
      "Local Written Blocks": 0,
      "Temp Read Blocks": 0,
      "Temp Written Blocks": 0,
      "Plans": [
        {
          "Node Type": "Sort",
          "Parent Relationship": "Outer",
          "Parallel Aware": false,
          "Async Capable": false,
          "Startup Cost": 109779.02,
          "Total Cost": 109779.09,
          "Plan Rows": 25,
          "Plan Width": 58,
          "Actual Startup Time": 718.011,
          "Actual Total Time": 728.41,
          "Actual Rows": 5,
          "Actual Loops": 1,
          "Sort Key": [
            "(sum((lineitem.l_extendedprice * ('1'::numeric - lineitem.l_discount)))) DESC"
          ],
          "Sort Method": "quicksort",
          "Sort Space Used": 25,
          "Sort Space Type": "Memory",
          "Shared Hit Blocks": 123578,
          "Shared Read Blocks": 92055,
          "Shared Dirtied Blocks": 0,
          "Shared Written Blocks": 0,
          "Local Hit Blocks": 0,
          "Local Read Blocks": 0,
          "Local Dirtied Blocks": 0,
          "Local Written Blocks": 0,
          "Temp Read Blocks": 0,
          "Temp Written Blocks": 0,
          "Plans": [
            {
              "Node Type": "Aggregate",
              "Strategy": "Sorted",
              "Partial Mode": "Finalize",
              "Parent Relationship": "Outer",
              "Parallel Aware": false,
              "Async Capable": false,
              "Startup Cost": 109732.86,
              "Total Cost": 109778.44,
              "Plan Rows": 25,
              "Plan Width": 58,
              "Actual Startup Time": 717.668,
              "Actual Total Time": 728.4,
              "Actual Rows": 5,
              "Actual Loops": 1,
              "Group Key": [
                "nation.n_name"
              ],
              "Shared Hit Blocks": 123578,
              "Shared Read Blocks": 92055,
              "Shared Dirtied Blocks": 0,
              "Shared Written Blocks": 0,
              "Local Hit Blocks": 0,
              "Local Read Blocks": 0,
              "Local Dirtied Blocks": 0,
              "Local Written Blocks": 0,
              "Temp Read Blocks": 0,
              "Temp Written Blocks": 0,
              "Plans": [
                {
                  "Node Type": "Gather Merge",
                  "Parent Relationship": "Outer",
                  "Parallel Aware": false,
                  "Async Capable": false,
                  "Startup Cost": 109732.86,
                  "Total Cost": 109777.75,
                  "Plan Rows": 50,
                  "Plan Width": 58,
                  "Actual Startup Time": 717.559,
                  "Actual Total Time": 728.386,
                  "Actual Rows": 15,
                  "Actual Loops": 1,
                  "Workers Planned": 2,
                  "Workers Launched": 2,
                  "Shared Hit Blocks": 123578,
                  "Shared Read Blocks": 92055,
                  "Shared Dirtied Blocks": 0,
                  "Shared Written Blocks": 0,
                  "Local Hit Blocks": 0,
                  "Local Read Blocks": 0,
                  "Local Dirtied Blocks": 0,
                  "Local Written Blocks": 0,
                  "Temp Read Blocks": 0,
                  "Temp Written Blocks": 0,
                  "Plans": [
                    {
                      "Node Type": "Aggregate",
                      "Strategy": "Sorted",
                      "Partial Mode": "Partial",
                      "Parent Relationship": "Outer",
                      "Parallel Aware": false,
                      "Async Capable": false,
                      "Startup Cost": 108732.83,
                      "Total Cost": 108771.96,
                      "Plan Rows": 25,
                      "Plan Width": 58,
                      "Actual Startup Time": 663.624,
                      "Actual Total Time": 664.273,
                      "Actual Rows": 5,
                      "Actual Loops": 3,
                      "Group Key": [
                        "nation.n_name"
                      ],
                      "Shared Hit Blocks": 123578,
                      "Shared Read Blocks": 92055,
                      "Shared Dirtied Blocks": 0,
                      "Shared Written Blocks": 0,
                      "Local Hit Blocks": 0,
                      "Local Read Blocks": 0,
                      "Local Dirtied Blocks": 0,
                      "Local Written Blocks": 0,
                      "Temp Read Blocks": 0,
                      "Temp Written Blocks": 0,
                      "Workers": [],
                      "Plans": [
                        {
                          "Node Type": "Sort",
                          "Parent Relationship": "Outer",
                          "Parallel Aware": false,
                          "Async Capable": false,
                          "Startup Cost": 108732.83,
                          "Total Cost": 108740.6,
                          "Plan Rows": 3105,
                          "Plan Width": 38,
                          "Actual Startup Time": 663.414,
                          "Actual Total Time": 663.516,
                          "Actual Rows": 2417,
                          "Actual Loops": 3,
                          "Sort Key": [
                            "nation.n_name"
                          ],
                          "Sort Method": "quicksort",
                          "Sort Space Used": 139,
                          "Sort Space Type": "Memory",
                          "Shared Hit Blocks": 123578,
                          "Shared Read Blocks": 92055,
                          "Shared Dirtied Blocks": 0,
                          "Shared Written Blocks": 0,
                          "Local Hit Blocks": 0,
                          "Local Read Blocks": 0,
                          "Local Dirtied Blocks": 0,
                          "Local Written Blocks": 0,
                          "Temp Read Blocks": 0,
                          "Temp Written Blocks": 0,
                          "Workers": [
                            {
                              "Worker Number": 0,
                              "Sort Method": "quicksort",
                              "Sort Space Used": 251,
                              "Sort Space Type": "Memory"
                            },
                            {
                              "Worker Number": 1,
                              "Sort Method": "quicksort",
                              "Sort Space Used": 248,
                              "Sort Space Type": "Memory"
                            }
                          ],
                          "Plans": [
                            {
                              "Node Type": "Hash Join",
                              "Parent Relationship": "Outer",
                              "Parallel Aware": false,
                              "Async Capable": false,
                              "Join Type": "Inner",
                              "Startup Cost": 5361.57,
                              "Total Cost": 108552.74,
                              "Plan Rows": 3105,
                              "Plan Width": 38,
                              "Actual Startup Time": 41.049,
                              "Actual Total Time": 660.652,
                              "Actual Rows": 2417,
                              "Actual Loops": 3,
                              "Inner Unique": true,
                              "Hash Cond": "((lineitem.l_suppkey = supplier.s_suppkey) AND (customer.c_nationkey = supplier.s_nationkey))",
                              "Shared Hit Blocks": 123567,
                              "Shared Read Blocks": 92052,
                              "Shared Dirtied Blocks": 0,
                              "Shared Written Blocks": 0,
                              "Local Hit Blocks": 0,
                              "Local Read Blocks": 0,
                              "Local Dirtied Blocks": 0,
                              "Local Written Blocks": 0,
                              "Temp Read Blocks": 0,
                              "Temp Written Blocks": 0,
                              "Workers": [],
                              "Plans": [
                                {
                                  "Node Type": "Nested Loop",
                                  "Parent Relationship": "Outer",
                                  "Parallel Aware": false,
                                  "Async Capable": false,
                                  "Join Type": "Inner",
                                  "Startup Cost": 4888.57,
                                  "Total Cost": 107672.34,
                                  "Plan Rows": 77600,
                                  "Plan Width": 50,
                                  "Actual Startup Time": 35.792,
                                  "Actual Total Time": 634.272,
                                  "Actual Rows": 59997,
                                  "Actual Loops": 3,
                                  "Inner Unique": false,
                                  "Shared Hit Blocks": 123099,
                                  "Shared Read Blocks": 91823,
                                  "Shared Dirtied Blocks": 0,
                                  "Shared Written Blocks": 0,
                                  "Local Hit Blocks": 0,
                                  "Local Read Blocks": 0,
                                  "Local Dirtied Blocks": 0,
                                  "Local Written Blocks": 0,
                                  "Temp Read Blocks": 0,
                                  "Temp Written Blocks": 0,
                                  "Workers": [],
                                  "Plans": [
                                    {
                                      "Node Type": "Hash Join",
                                      "Parent Relationship": "Outer",
                                      "Parallel Aware": true,
                                      "Async Capable": false,
                                      "Join Type": "Inner",
                                      "Startup Cost": 4888.13,
                                      "Total Cost": 43045.6,
                                      "Plan Rows": 19395,
                                      "Plan Width": 42,
                                      "Actual Startup Time": 35.002,
                                      "Actual Total Time": 200.447,
                                      "Actual Rows": 15003,
                                      "Actual Loops": 3,
                                      "Inner Unique": false,
                                      "Hash Cond": "(orders.o_custkey = customer.c_custkey)",
                                      "Shared Hit Blocks": 4,
                                      "Shared Read Blocks": 32085,
                                      "Shared Dirtied Blocks": 0,
                                      "Shared Written Blocks": 0,
                                      "Local Hit Blocks": 0,
                                      "Local Read Blocks": 0,
                                      "Local Dirtied Blocks": 0,
                                      "Local Written Blocks": 0,
                                      "Temp Read Blocks": 0,
                                      "Temp Written Blocks": 0,
                                      "Workers": [],
                                      "Plans": [
                                        {
                                          "Node Type": "Seq Scan",
                                          "Parent Relationship": "Outer",
                                          "Parallel Aware": true,
                                          "Async Capable": false,
                                          "Relation Name": "orders",
                                          "Alias": "orders",
                                          "Startup Cost": 0.0,
                                          "Total Cost": 37713.0,
                                          "Plan Rows": 96975,
                                          "Plan Width": 12,
                                          "Actual Startup Time": 0.984,
                                          "Actual Total Time": 130.427,
                                          "Actual Rows": 75866,
                                          "Actual Loops": 3,
                                          "Filter": "((o_orderdate >= '1994-01-01'::date) AND (o_orderdate < '1995-01-01 00:00:00'::timestamp without time zone))",
                                          "Rows Removed by Filter": 424134,
                                          "Shared Hit Blocks": 0,
                                          "Shared Read Blocks": 28338,
                                          "Shared Dirtied Blocks": 0,
                                          "Shared Written Blocks": 0,
                                          "Local Hit Blocks": 0,
                                          "Local Read Blocks": 0,
                                          "Local Dirtied Blocks": 0,
                                          "Local Written Blocks": 0,
                                          "Temp Read Blocks": 0,
                                          "Temp Written Blocks": 0,
                                          "Workers": []
                                        },
                                        {
                                          "Node Type": "Hash",
                                          "Parent Relationship": "Inner",
                                          "Parallel Aware": true,
                                          "Async Capable": false,
                                          "Startup Cost": 4731.88,
                                          "Total Cost": 4731.88,
                                          "Plan Rows": 12500,
                                          "Plan Width": 38,
                                          "Actual Startup Time": 33.786,
                                          "Actual Total Time": 33.789,
                                          "Actual Rows": 9968,
                                          "Actual Loops": 3,
                                          "Hash Buckets": 32768,
                                          "Original Hash Buckets": 32768,
                                          "Hash Batches": 1,
                                          "Original Hash Batches": 1,
                                          "Peak Memory Usage": 2400,
                                          "Shared Hit Blocks": 4,
                                          "Shared Read Blocks": 3747,
                                          "Shared Dirtied Blocks": 0,
                                          "Shared Written Blocks": 0,
                                          "Local Hit Blocks": 0,
                                          "Local Read Blocks": 0,
                                          "Local Dirtied Blocks": 0,
                                          "Local Written Blocks": 0,
                                          "Temp Read Blocks": 0,
                                          "Temp Written Blocks": 0,
                                          "Workers": [],
                                          "Plans": [
                                            {
                                              "Node Type": "Hash Join",
                                              "Parent Relationship": "Outer",
                                              "Parallel Aware": false,
                                              "Async Capable": false,
                                              "Join Type": "Inner",
                                              "Startup Cost": 2.51,
                                              "Total Cost": 4731.88,
                                              "Plan Rows": 12500,
                                              "Plan Width": 38,
                                              "Actual Startup Time": 1.593,
                                              "Actual Total Time": 29.092,
                                              "Actual Rows": 9968,
                                              "Actual Loops": 3,
                                              "Inner Unique": false,
                                              "Hash Cond": "(customer.c_nationkey = nation.n_nationkey)",
                                              "Shared Hit Blocks": 4,
                                              "Shared Read Blocks": 3747,
                                              "Shared Dirtied Blocks": 0,
                                              "Shared Written Blocks": 0,
                                              "Local Hit Blocks": 0,
                                              "Local Read Blocks": 0,
                                              "Local Dirtied Blocks": 0,
                                              "Local Written Blocks": 0,
                                              "Temp Read Blocks": 0,
                                              "Temp Written Blocks": 0,
                                              "Workers": [],
                                              "Plans": [
                                                {
                                                  "Node Type": "Seq Scan",
                                                  "Parent Relationship": "Outer",
                                                  "Parallel Aware": true,
                                                  "Async Capable": false,
                                                  "Relation Name": "customer",
                                                  "Alias": "customer",
                                                  "Startup Cost": 0.0,
                                                  "Total Cost": 4370.0,
                                                  "Plan Rows": 62500,
                                                  "Plan Width": 8,
                                                  "Actual Startup Time": 0.502,
                                                  "Actual Total Time": 18.582,
                                                  "Actual Rows": 50000,
                                                  "Actual Loops": 3,
                                                  "Shared Hit Blocks": 0,
                                                  "Shared Read Blocks": 3745,
                                                  "Shared Dirtied Blocks": 0,
                                                  "Shared Written Blocks": 0,
                                                  "Local Hit Blocks": 0,
                                                  "Local Read Blocks": 0,
                                                  "Local Dirtied Blocks": 0,
                                                  "Local Written Blocks": 0,
                                                  "Temp Read Blocks": 0,
                                                  "Temp Written Blocks": 0,
                                                  "Workers": []
                                                },
                                                {
                                                  "Node Type": "Hash",
                                                  "Parent Relationship": "Inner",
                                                  "Parallel Aware": false,
                                                  "Async Capable": false,
                                                  "Startup Cost": 2.45,
                                                  "Total Cost": 2.45,
                                                  "Plan Rows": 5,
                                                  "Plan Width": 30,
                                                  "Actual Startup Time": 1.074,
                                                  "Actual Total Time": 1.076,
                                                  "Actual Rows": 5,
                                                  "Actual Loops": 3,
                                                  "Hash Buckets": 1024,
                                                  "Original Hash Buckets": 1024,
                                                  "Hash Batches": 1,
                                                  "Original Hash Batches": 1,
                                                  "Peak Memory Usage": 9,
                                                  "Shared Hit Blocks": 4,
                                                  "Shared Read Blocks": 2,
                                                  "Shared Dirtied Blocks": 0,
                                                  "Shared Written Blocks": 0,
                                                  "Local Hit Blocks": 0,
                                                  "Local Read Blocks": 0,
                                                  "Local Dirtied Blocks": 0,
                                                  "Local Written Blocks": 0,
                                                  "Temp Read Blocks": 0,
                                                  "Temp Written Blocks": 0,
                                                  "Workers": [],
                                                  "Plans": [
                                                    {
                                                      "Node Type": "Hash Join",
                                                      "Parent Relationship": "Outer",
                                                      "Parallel Aware": false,
                                                      "Async Capable": false,
                                                      "Join Type": "Inner",
                                                      "Startup Cost": 1.07,
                                                      "Total Cost": 2.45,
                                                      "Plan Rows": 5,
                                                      "Plan Width": 30,
                                                      "Actual Startup Time": 1.061,
                                                      "Actual Total Time": 1.068,
                                                      "Actual Rows": 5,
                                                      "Actual Loops": 3,
                                                      "Inner Unique": true,
                                                      "Hash Cond": "(nation.n_regionkey = region.r_regionkey)",
                                                      "Shared Hit Blocks": 4,
                                                      "Shared Read Blocks": 2,
                                                      "Shared Dirtied Blocks": 0,
                                                      "Shared Written Blocks": 0,
                                                      "Local Hit Blocks": 0,
                                                      "Local Read Blocks": 0,
                                                      "Local Dirtied Blocks": 0,
                                                      "Local Written Blocks": 0,
                                                      "Temp Read Blocks": 0,
                                                      "Temp Written Blocks": 0,
                                                      "Workers": [],
                                                      "Plans": [
                                                        {
                                                          "Node Type": "Seq Scan",
                                                          "Parent Relationship": "Outer",
                                                          "Parallel Aware": false,
                                                          "Async Capable": false,
                                                          "Relation Name": "nation",
                                                          "Alias": "nation",
                                                          "Startup Cost": 0.0,
                                                          "Total Cost": 1.25,
                                                          "Plan Rows": 25,
                                                          "Plan Width": 34,
                                                          "Actual Startup Time": 0.606,
                                                          "Actual Total Time": 0.608,
                                                          "Actual Rows": 25,
                                                          "Actual Loops": 3,
                                                          "Shared Hit Blocks": 2,
                                                          "Shared Read Blocks": 1,
                                                          "Shared Dirtied Blocks": 0,
                                                          "Shared Written Blocks": 0,
                                                          "Local Hit Blocks": 0,
                                                          "Local Read Blocks": 0,
                                                          "Local Dirtied Blocks": 0,
                                                          "Local Written Blocks": 0,
                                                          "Temp Read Blocks": 0,
                                                          "Temp Written Blocks": 0,
                                                          "Workers": []
                                                        },
                                                        {
                                                          "Node Type": "Hash",
                                                          "Parent Relationship": "Inner",
                                                          "Parallel Aware": false,
                                                          "Async Capable": false,
                                                          "Startup Cost": 1.06,
                                                          "Total Cost": 1.06,
                                                          "Plan Rows": 1,
                                                          "Plan Width": 4,
                                                          "Actual Startup Time": 0.432,
                                                          "Actual Total Time": 0.433,
                                                          "Actual Rows": 1,
                                                          "Actual Loops": 3,
                                                          "Hash Buckets": 1024,
                                                          "Original Hash Buckets": 1024,
                                                          "Hash Batches": 1,
                                                          "Original Hash Batches": 1,
                                                          "Peak Memory Usage": 9,
                                                          "Shared Hit Blocks": 2,
                                                          "Shared Read Blocks": 1,
                                                          "Shared Dirtied Blocks": 0,
                                                          "Shared Written Blocks": 0,
                                                          "Local Hit Blocks": 0,
                                                          "Local Read Blocks": 0,
                                                          "Local Dirtied Blocks": 0,
                                                          "Local Written Blocks": 0,
                                                          "Temp Read Blocks": 0,
                                                          "Temp Written Blocks": 0,
                                                          "Workers": [],
                                                          "Plans": [
                                                            {
                                                              "Node Type": "Seq Scan",
                                                              "Parent Relationship": "Outer",
                                                              "Parallel Aware": false,
                                                              "Async Capable": false,
                                                              "Relation Name": "region",
                                                              "Alias": "region",
                                                              "Startup Cost": 0.0,
                                                              "Total Cost": 1.06,
                                                              "Plan Rows": 1,
                                                              "Plan Width": 4,
                                                              "Actual Startup Time": 0.403,
                                                              "Actual Total Time": 0.405,
                                                              "Actual Rows": 1,
                                                              "Actual Loops": 3,
                                                              "Filter": "(r_name = 'MIDDLE EAST'::bpchar)",
                                                              "Rows Removed by Filter": 4,
                                                              "Shared Hit Blocks": 2,
                                                              "Shared Read Blocks": 1,
                                                              "Shared Dirtied Blocks": 0,
                                                              "Shared Written Blocks": 0,
                                                              "Local Hit Blocks": 0,
                                                              "Local Read Blocks": 0,
                                                              "Local Dirtied Blocks": 0,
                                                              "Local Written Blocks": 0,
                                                              "Temp Read Blocks": 0,
                                                              "Temp Written Blocks": 0,
                                                              "Workers": []
                                                            }
                                                          ]
                                                        }
                                                      ]
                                                    }
                                                  ]
                                                }
                                              ]
                                            }
                                          ]
                                        }
                                      ]
                                    },
                                    {
                                      "Node Type": "Index Scan",
                                      "Parent Relationship": "Inner",
                                      "Parallel Aware": false,
                                      "Async Capable": false,
                                      "Scan Direction": "Forward",
                                      "Index Name": "pk_lineitem",
                                      "Relation Name": "lineitem",
                                      "Alias": "lineitem",
                                      "Startup Cost": 0.43,
                                      "Total Cost": 3.17,
                                      "Plan Rows": 16,
                                      "Plan Width": 24,
                                      "Actual Startup Time": 0.026,
                                      "Actual Total Time": 0.028,
                                      "Actual Rows": 4,
                                      "Actual Loops": 45009,
                                      "Index Cond": "(l_orderkey = orders.o_orderkey)",
                                      "Rows Removed by Index Recheck": 0,
                                      "Shared Hit Blocks": 123095,
                                      "Shared Read Blocks": 59738,
                                      "Shared Dirtied Blocks": 0,
                                      "Shared Written Blocks": 0,
                                      "Local Hit Blocks": 0,
                                      "Local Read Blocks": 0,
                                      "Local Dirtied Blocks": 0,
                                      "Local Written Blocks": 0,
                                      "Temp Read Blocks": 0,
                                      "Temp Written Blocks": 0,
                                      "Workers": []
                                    }
                                  ]
                                },
                                {
                                  "Node Type": "Hash",
                                  "Parent Relationship": "Inner",
                                  "Parallel Aware": false,
                                  "Async Capable": false,
                                  "Startup Cost": 323.0,
                                  "Total Cost": 323.0,
                                  "Plan Rows": 10000,
                                  "Plan Width": 8,
                                  "Actual Startup Time": 4.135,
                                  "Actual Total Time": 4.135,
                                  "Actual Rows": 10000,
                                  "Actual Loops": 3,
                                  "Hash Buckets": 16384,
                                  "Original Hash Buckets": 16384,
                                  "Hash Batches": 1,
                                  "Original Hash Batches": 1,
                                  "Peak Memory Usage": 519,
                                  "Shared Hit Blocks": 446,
                                  "Shared Read Blocks": 223,
                                  "Shared Dirtied Blocks": 0,
                                  "Shared Written Blocks": 0,
                                  "Local Hit Blocks": 0,
                                  "Local Read Blocks": 0,
                                  "Local Dirtied Blocks": 0,
                                  "Local Written Blocks": 0,
                                  "Temp Read Blocks": 0,
                                  "Temp Written Blocks": 0,
                                  "Workers": [],
                                  "Plans": [
                                    {
                                      "Node Type": "Seq Scan",
                                      "Parent Relationship": "Outer",
                                      "Parallel Aware": false,
                                      "Async Capable": false,
                                      "Relation Name": "supplier",
                                      "Alias": "supplier",
                                      "Startup Cost": 0.0,
                                      "Total Cost": 323.0,
                                      "Plan Rows": 10000,
                                      "Plan Width": 8,
                                      "Actual Startup Time": 0.804,
                                      "Actual Total Time": 2.748,
                                      "Actual Rows": 10000,
                                      "Actual Loops": 3,
                                      "Shared Hit Blocks": 446,
                                      "Shared Read Blocks": 223,
                                      "Shared Dirtied Blocks": 0,
                                      "Shared Written Blocks": 0,
                                      "Local Hit Blocks": 0,
                                      "Local Read Blocks": 0,
                                      "Local Dirtied Blocks": 0,
                                      "Local Written Blocks": 0,
                                      "Temp Read Blocks": 0,
                                      "Temp Written Blocks": 0,
                                      "Workers": []
                                    }
                                  ]
                                }
                              ]
                            }
                          ]
                        }
                      ]
                    }
                  ]
                }
              ]
            }
          ]
        }
      ]
    },
    "Planning": {
      "Shared Hit Blocks": 34,
      "Shared Read Blocks": 38,
      "Shared Dirtied Blocks": 0,
      "Shared Written Blocks": 0,
      "Local Hit Blocks": 0,
      "Local Read Blocks": 0,
      "Local Dirtied Blocks": 0,
      "Local Written Blocks": 0,
      "Temp Read Blocks": 0,
      "Temp Written Blocks": 0
    },
    "Planning Time": 9.159,
    "Triggers": [],
    "Execution Time": 728.766
  }
]