[
  {
    "Plan": {
      "Node Type": "Limit",
      "Parallel Aware": false,
      "Async Capable": false,
      "Startup Cost": 10349.07,
      "Total Cost": 10352.53,
      "Plan Rows": 10,
      "Plan Width": 53,
      "Actual Startup Time": 491.781,
      "Actual Total Time": 499.74,
      "Actual Rows": 10,
      "Actual Loops": 1,
      "Shared Hit Blocks": 181,
      "Shared Read Blocks": 3744,
      "Shared Dirtied Blocks": 0,
      "Shared Written Blocks": 0,
      "Local Hit Blocks": 0,
      "Local Read Blocks": 0,
      "Local Dirtied Blocks": 0,
      "Local Written Blocks": 0,
      "Temp Read Blocks": 251,
      "Temp Written Blocks": 297,
      "Plans": [
        {
          "Node Type": "Aggregate",
          "Strategy": "Sorted",
          "Partial Mode": "Simple",
          "Parent Relationship": "Outer",
          "Parallel Aware": false,
          "Async Capable": false,
          "Startup Cost": 10349.07,
          "Total Cost": 62300.23,
          "Plan Rows": 150000,
          "Plan Width": 53,
          "Actual Startup Time": 491.779,
          "Actual Total Time": 499.736,
          "Actual Rows": 10,
          "Actual Loops": 1,
          "Group Key": [
            "customer.c_name",
            "nation.n_name"
          ],
          "Shared Hit Blocks": 181,
          "Shared Read Blocks": 3744,
          "Shared Dirtied Blocks": 0,
          "Shared Written Blocks": 0,
          "Local Hit Blocks": 0,
          "Local Read Blocks": 0,
          "Local Dirtied Blocks": 0,
          "Local Written Blocks": 0,
          "Temp Read Blocks": 251,
          "Temp Written Blocks": 297,
          "Plans": [
            {
              "Node Type": "Incremental Sort",
              "Parent Relationship": "Outer",
              "Parallel Aware": false,
              "Async Capable": false,
              "Startup Cost": 10349.07,
              "Total Cost": 59675.23,
              "Plan Rows": 150000,
              "Plan Width": 45,
              "Actual Startup Time": 491.771,
              "Actual Total Time": 499.721,
              "Actual Rows": 11,
              "Actual Loops": 1,
              "Sort Key": [
                "customer.c_name",
                "nation.n_name DESC"
              ],
              "Presorted Key": [
                "customer.c_name"
              ],
              "Full-sort Groups": {
                "Group Count": 1,
                "Sort Methods Used": [
                  "quicksort"
                ],
                "Sort Space Memory": {
                  "Average Sort Space Used": 26,
                  "Peak Sort Space Used": 26
                }
              },
              "Shared Hit Blocks": 181,
              "Shared Read Blocks": 3744,
              "Shared Dirtied Blocks": 0,
              "Shared Written Blocks": 0,
              "Local Hit Blocks": 0,
              "Local Read Blocks": 0,
              "Local Dirtied Blocks": 0,
              "Local Written Blocks": 0,
              "Temp Read Blocks": 251,
              "Temp Written Blocks": 297,
              "Plans": [
                {
                  "Node Type": "Nested Loop",
                  "Parent Relationship": "Outer",
                  "Parallel Aware": false,
                  "Async Capable": false,
                  "Join Type": "Left",
                  "Startup Cost": 10348.78,
                  "Total Cost": 52925.23,
                  "Plan Rows": 150000,
                  "Plan Width": 45,
                  "Actual Startup Time": 491.553,
                  "Actual Total Time": 499.684,
                  "Actual Rows": 33,
                  "Actual Loops": 1,
                  "Inner Unique": true,
                  "Join Filter": "(customer.c_acctbal < '1000'::numeric)",
                  "Rows Removed by Join Filter": 26,
                  "Shared Hit Blocks": 181,
                  "Shared Read Blocks": 3744,
                  "Shared Dirtied Blocks": 0,
                  "Shared Written Blocks": 0,
                  "Local Hit Blocks": 0,
                  "Local Read Blocks": 0,
                  "Local Dirtied Blocks": 0,
                  "Local Written Blocks": 0,
                  "Temp Read Blocks": 251,
                  "Temp Written Blocks": 297,
                  "Plans": [
                    {
                      "Node Type": "Gather Merge",
                      "Parent Relationship": "Outer",
                      "Parallel Aware": false,
                      "Async Capable": false,
                      "Startup Cost": 10348.64,
                      "Total Cost": 27818.61,
                      "Plan Rows": 150000,
                      "Plan Width": 29,
                      "Actual Startup Time": 491.513,
                      "Actual Total Time": 499.541,
                      "Actual Rows": 33,
                      "Actual Loops": 1,
                      "Workers Planned": 2,
                      "Workers Launched": 2,
                      "Shared Hit Blocks": 115,
                      "Shared Read Blocks": 3744,
                      "Shared Dirtied Blocks": 0,
                      "Shared Written Blocks": 0,
                      "Local Hit Blocks": 0,
                      "Local Read Blocks": 0,
                      "Local Dirtied Blocks": 0,
                      "Local Written Blocks": 0,
                      "Temp Read Blocks": 251,
                      "Temp Written Blocks": 297,
                      "Plans": [
                        {
                          "Node Type": "Sort",
                          "Parent Relationship": "Outer",
                          "Parallel Aware": false,
                          "Async Capable": false,
                          "Startup Cost": 9348.62,
                          "Total Cost": 9504.87,
                          "Plan Rows": 62500,
                          "Plan Width": 29,
                          "Actual Startup Time": 306.841,
                          "Actual Total Time": 306.895,
                          "Actual Rows": 791,
                          "Actual Loops": 3,
                          "Sort Key": [
                            "customer.c_name"
                          ],
                          "Sort Method": "external merge",
                          "Sort Space Used": 2368,
                          "Sort Space Type": "Disk",
                          "Shared Hit Blocks": 115,
                          "Shared Read Blocks": 3744,
                          "Shared Dirtied Blocks": 0,
                          "Shared Written Blocks": 0,
                          "Local Hit Blocks": 0,
                          "Local Read Blocks": 0,
                          "Local Dirtied Blocks": 0,
                          "Local Written Blocks": 0,
                          "Temp Read Blocks": 251,
                          "Temp Written Blocks": 297,
                          "Workers": [
                            {
                              "Worker Number": 0,
                              "Sort Method": "quicksort",
                              "Sort Space Used": 2991,
                              "Sort Space Type": "Memory"
                            },
                            {
                              "Worker Number": 1,
                              "Sort Method": "quicksort",
                              "Sort Space Used": 4011,
                              "Sort Space Type": "Memory"
                            }
                          ],
                          "Plans": [
                            {
                              "Node Type": "Seq Scan",
                              "Parent Relationship": "Outer",
                              "Parallel Aware": true,
                              "Async Capable": false,
                              "Relation Name": "customer",
                              "Alias": "customer",
                              "Startup Cost": 0.0,
                              "Total Cost": 4370.0,
                              "Plan Rows": 62500,
                              "Plan Width": 29,
                              "Actual Startup Time": 0.869,
                              "Actual Total Time": 39.531,
                              "Actual Rows": 50000,
                              "Actual Loops": 3,
                              "Shared Hit Blocks": 1,
                              "Shared Read Blocks": 3744,
                              "Shared Dirtied Blocks": 0,
                              "Shared Written Blocks": 0,
                              "Local Hit Blocks": 0,
                              "Local Read Blocks": 0,
                              "Local Dirtied Blocks": 0,
                              "Local Written Blocks": 0,
                              "Temp Read Blocks": 0,
                              "Temp Written Blocks": 0,
                              "Workers": []
                            }
                          ]
                        }
                      ]
                    },
                    {
                      "Node Type": "Index Scan",
                      "Parent Relationship": "Inner",
                      "Parallel Aware": false,
                      "Async Capable": false,
                      "Scan Direction": "Forward",
                      "Index Name": "pk_nation",
                      "Relation Name": "nation",
                      "Alias": "nation",
                      "Startup Cost": 0.14,
                      "Total Cost": 0.16,
                      "Plan Rows": 1,
                      "Plan Width": 30,
                      "Actual Startup Time": 0.003,
                      "Actual Total Time": 0.003,
                      "Actual Rows": 1,
                      "Actual Loops": 33,
                      "Index Cond": "(n_nationkey = customer.c_nationkey)",
                      "Rows Removed by Index Recheck": 0,
                      "Shared Hit Blocks": 66,
                      "Shared Read Blocks": 0,
                      "Shared Dirtied Blocks": 0,
                      "Shared Written Blocks": 0,
                      "Local Hit Blocks": 0,
                      "Local Read Blocks": 0,
                      "Local Dirtied Blocks": 0,
                      "Local Written Blocks": 0,
                      "Temp Read Blocks": 0,
                      "Temp Written Blocks": 0
                    }
                  ]
                }
              ]
            }
          ]
        }
      ]
    },
    "Planning": {
      "Shared Hit Blocks": 12,
      "Shared Read Blocks": 0,
      "Shared Dirtied Blocks": 0,
      "Shared Written Blocks": 0,
      "Local Hit Blocks": 0,
      "Local Read Blocks": 0,
      "Local Dirtied Blocks": 0,
      "Local Written Blocks": 0,
      "Temp Read Blocks": 0,
      "Temp Written Blocks": 0
    },
    "Planning Time": 0.331,
    "Triggers": [],
    "Execution Time": 503.594
  }
]