[
  {
    "Plan": {
      "Node Type": "Limit",
      "Parallel Aware": false,
      "Async Capable": false,
      "Startup Cost": 121776.1,
      "Total Cost": 121780.64,
      "Plan Rows": 35,
      "Plan Width": 71,
      "Actual Startup Time": 1148.334,
      "Actual Total Time": 1167.957,
      "Actual Rows": 35,
      "Actual Loops": 1,
      "Shared Hit Blocks": 4132,
      "Shared Read Blocks": 28115,
      "Shared Dirtied Blocks": 0,
      "Shared Written Blocks": 0,
      "Local Hit Blocks": 0,
      "Local Read Blocks": 0,
      "Local Dirtied Blocks": 0,
      "Local Written Blocks": 0,
      "Temp Read Blocks": 1456,
      "Temp Written Blocks": 8082,
      "Plans": [
        {
          "Node Type": "Aggregate",
          "Strategy": "Sorted",
          "Partial Mode": "Finalize",
          "Parent Relationship": "Outer",
          "Parallel Aware": false,
          "Async Capable": false,
          "Startup Cost": 121776.1,
          "Total Cost": 316057.12,
          "Plan Rows": 1500000,
          "Plan Width": 71,
          "Actual Startup Time": 1148.228,
          "Actual Total Time": 1167.846,
          "Actual Rows": 35,
          "Actual Loops": 1,
          "Group Key": [
            "orders.o_custkey",
            "orders.o_clerk",
            "customer.c_name"
          ],
          "Shared Hit Blocks": 4132,
          "Shared Read Blocks": 28115,
          "Shared Dirtied Blocks": 0,
          "Shared Written Blocks": 0,
          "Local Hit Blocks": 0,
          "Local Read Blocks": 0,
          "Local Dirtied Blocks": 0,
          "Local Written Blocks": 0,
          "Temp Read Blocks": 1456,
          "Temp Written Blocks": 8082,
          "Plans": [
            {
              "Node Type": "Gather Merge",
              "Parent Relationship": "Outer",
              "Parallel Aware": false,
              "Async Capable": false,
              "Startup Cost": 121776.1,
              "Total Cost": 281682.12,
              "Plan Rows": 1250000,
              "Plan Width": 71,
              "Actual Startup Time": 1148.186,
              "Actual Total Time": 1167.79,
              "Actual Rows": 36,
              "Actual Loops": 1,
              "Workers Planned": 2,
              "Workers Launched": 2,
              "Shared Hit Blocks": 4132,
              "Shared Read Blocks": 28115,
              "Shared Dirtied Blocks": 0,
              "Shared Written Blocks": 0,
              "Local Hit Blocks": 0,
              "Local Read Blocks": 0,
              "Local Dirtied Blocks": 0,
              "Local Written Blocks": 0,
              "Temp Read Blocks": 1456,
              "Temp Written Blocks": 8082,
              "Plans": [
                {
                  "Node Type": "Aggregate",
                  "Strategy": "Sorted",
                  "Partial Mode": "Partial",
                  "Parent Relationship": "Outer",
                  "Parallel Aware": false,
                  "Async Capable": false,
                  "Startup Cost": 120776.08,
                  "Total Cost": 136401.08,
                  "Plan Rows": 625000,
                  "Plan Width": 71,
                  "Actual Startup Time": 933.294,
                  "Actual Total Time": 933.648,
                  "Actual Rows": 313,
                  "Actual Loops": 3,
                  "Group Key": [
                    "orders.o_custkey",
                    "orders.o_clerk",
                    "customer.c_name"
                  ],
                  "Shared Hit Blocks": 4132,
                  "Shared Read Blocks": 28115,
                  "Shared Dirtied Blocks": 0,
                  "Shared Written Blocks": 0,
                  "Local Hit Blocks": 0,
                  "Local Read Blocks": 0,
                  "Local Dirtied Blocks": 0,
                  "Local Written Blocks": 0,
                  "Temp Read Blocks": 1456,
                  "Temp Written Blocks": 8082,
                  "Workers": [],
                  "Plans": [
                    {
                      "Node Type": "Sort",
                      "Parent Relationship": "Outer",
                      "Parallel Aware": false,
                      "Async Capable": false,
                      "Startup Cost": 120776.08,
                      "Total Cost": 122338.58,
                      "Plan Rows": 625000,
                      "Plan Width": 45,
                      "Actual Startup Time": 933.279,
                      "Actual Total Time": 933.475,
                      "Actual Rows": 316,
                      "Actual Loops": 3,
                      "Sort Key": [
                        "orders.o_custkey",
                        "orders.o_clerk",
                        "customer.c_name"
                      ],
                      "Sort Method": "external merge",
                      "Sort Space Used": 16888,
                      "Sort Space Type": "Disk",
                      "Shared Hit Blocks": 4132,
                      "Shared Read Blocks": 28115,
                      "Shared Dirtied Blocks": 0,
                      "Shared Written Blocks": 0,
                      "Local Hit Blocks": 0,
                      "Local Read Blocks": 0,
                      "Local Dirtied Blocks": 0,
                      "Local Written Blocks": 0,
                      "Temp Read Blocks": 1456,
                      "Temp Written Blocks": 8082,
                      "Workers": [
                        {
                          "Worker Number": 0,
                          "Sort Method": "external merge",
                          "Sort Space Used": 23480,
                          "Sort Space Type": "Disk"
                        },
                        {
                          "Worker Number": 1,
                          "Sort Method": "external merge",
                          "Sort Space Used": 24072,
                          "Sort Space Type": "Disk"
                        }
                      ],
                      "Plans": [
                        {
                          "Node Type": "Hash Join",
                          "Parent Relationship": "Outer",
                          "Parallel Aware": true,
                          "Async Capable": false,
                          "Join Type": "Full",
                          "Startup Cost": 5151.25,
                          "Total Cost": 41379.9,
                          "Plan Rows": 625000,
                          "Plan Width": 45,
                          "Actual Startup Time": 39.29,
                          "Actual Total Time": 532.938,
                          "Actual Rows": 516797,
                          "Actual Loops": 3,
                          "Inner Unique": true,
                          "Hash Cond": "(orders.o_custkey = customer.c_custkey)",
                          "Join Filter": "(orders.o_orderstatus = 'F'::bpchar)",
                          "Rows Removed by Join Filter": 256862,
                          "Shared Hit Blocks": 3990,
                          "Shared Read Blocks": 28115,
                          "Shared Dirtied Blocks": 0,
                          "Shared Written Blocks": 0,
                          "Local Hit Blocks": 0,
                          "Local Read Blocks": 0,
                          "Local Dirtied Blocks": 0,
                          "Local Written Blocks": 0,
                          "Temp Read Blocks": 0,
                          "Temp Written Blocks": 0,
                          "Workers": [],
                          "Plans": [
                            {
                              "Node Type": "Seq Scan",
                              "Parent Relationship": "Outer",
                              "Parallel Aware": true,
                              "Async Capable": false,
                              "Relation Name": "orders",
                              "Alias": "orders",
                              "Startup Cost": 0.0,
                              "Total Cost": 34588.0,
                              "Plan Rows": 625000,
                              "Plan Width": 22,
                              "Actual Startup Time": 0.883,
                              "Actual Total Time": 124.632,
                              "Actual Rows": 500000,
                              "Actual Loops": 3,
                              "Shared Hit Blocks": 224,
                              "Shared Read Blocks": 28114,
                              "Shared Dirtied Blocks": 0,
                              "Shared Written Blocks": 0,
                              "Local Hit Blocks": 0,
                              "Local Read Blocks": 0,
                              "Local Dirtied Blocks": 0,
                              "Local Written Blocks": 0,
                              "Temp Read Blocks": 0,
                              "Temp Written Blocks": 0,
                              "Workers": []
                            },
                            {
                              "Node Type": "Hash",
                              "Parent Relationship": "Inner",
                              "Parallel Aware": true,
                              "Async Capable": false,
                              "Startup Cost": 4370.0,
                              "Total Cost": 4370.0,
                              "Plan Rows": 62500,
                              "Plan Width": 29,
                              "Actual Startup Time": 37.324,
                              "Actual Total Time": 37.325,
                              "Actual Rows": 50000,
                              "Actual Loops": 3,
                              "Hash Buckets": 262144,
                              "Original Hash Buckets": 262144,
                              "Hash Batches": 1,
                              "Original Hash Batches": 1,
                              "Peak Memory Usage": 11488,
                              "Shared Hit Blocks": 3745,
                              "Shared Read Blocks": 0,
                              "Shared Dirtied Blocks": 0,
                              "Shared Written Blocks": 0,
                              "Local Hit Blocks": 0,
                              "Local Read Blocks": 0,
                              "Local Dirtied Blocks": 0,
                              "Local Written Blocks": 0,
                              "Temp Read Blocks": 0,
                              "Temp Written Blocks": 0,
                              "Workers": [],
                              "Plans": [
                                {
                                  "Node Type": "Seq Scan",
                                  "Parent Relationship": "Outer",
                                  "Parallel Aware": true,
                                  "Async Capable": false,
                                  "Relation Name": "customer",
                                  "Alias": "customer",
                                  "Startup Cost": 0.0,
                                  "Total Cost": 4370.0,
                                  "Plan Rows": 62500,
                                  "Plan Width": 29,
                                  "Actual Startup Time": 0.012,
                                  "Actual Total Time": 17.393,
                                  "Actual Rows": 50000,
                                  "Actual Loops": 3,
                                  "Shared Hit Blocks": 3745,
                                  "Shared Read Blocks": 0,
                                  "Shared Dirtied Blocks": 0,
                                  "Shared Written Blocks": 0,
                                  "Local Hit Blocks": 0,
                                  "Local Read Blocks": 0,
                                  "Local Dirtied Blocks": 0,
                                  "Local Written Blocks": 0,
                                  "Temp Read Blocks": 0,
                                  "Temp Written Blocks": 0,
                                  "Workers": []
                                }
                              ]
                            }
                          ]
                        }
                      ]
                    }
                  ]
                }
              ]
            }
          ]
        }
      ]
    },
    "Planning": {
      "Shared Hit Blocks": 5,
      "Shared Read Blocks": 1,
      "Shared Dirtied Blocks": 0,
      "Shared Written Blocks": 0,
      "Local Hit Blocks": 0,
      "Local Read Blocks": 0,
      "Local Dirtied Blocks": 0,
      "Local Written Blocks": 0,
      "Temp Read Blocks": 0,
      "Temp Written Blocks": 0
    },
    "Planning Time": 0.203,
    "Triggers": [],
    "Execution Time": 1177.115
  }
]