[
  {
    "Plan": {
      "Node Type": "Limit",
      "Parallel Aware": false,
      "Async Capable": false,
      "Startup Cost": 73013.88,
      "Total Cost": 73013.93,
      "Plan Rows": 20,
      "Plan Width": 81,
      "Actual Startup Time": 1413.971,
      "Actual Total Time": 1413.978,
      "Actual Rows": 20,
      "Actual Loops": 1,
      "Shared Hit Blocks": 10455,
      "Shared Read Blocks": 11590,
      "Shared Dirtied Blocks": 0,
      "Shared Written Blocks": 0,
      "Local Hit Blocks": 0,
      "Local Read Blocks": 0,
      "Local Dirtied Blocks": 0,
      "Local Written Blocks": 0,
      "Temp Read Blocks": 2377,
      "Temp Written Blocks": 2377,
      "Plans": [
        {
          "Node Type": "Sort",
          "Parent Relationship": "Outer",
          "Parallel Aware": false,
          "Async Capable": false,
          "Startup Cost": 73013.88,
          "Total Cost": 75013.88,
          "Plan Rows": 800000,
          "Plan Width": 81,
          "Actual Startup Time": 1413.969,
          "Actual Total Time": 1413.974,
          "Actual Rows": 20,
          "Actual Loops": 1,
          "Sort Key": [
            "part.p_name",
            "supplier.s_phone",
            "partsupp.ps_supplycost",
            "nation.n_name DESC"
          ],
          "Sort Method": "top-N heapsort",
          "Sort Space Used": 28,
          "Sort Space Type": "Memory",
          "Shared Hit Blocks": 10455,
          "Shared Read Blocks": 11590,
          "Shared Dirtied Blocks": 0,
          "Shared Written Blocks": 0,
          "Local Hit Blocks": 0,
          "Local Read Blocks": 0,
          "Local Dirtied Blocks": 0,
          "Local Written Blocks": 0,
          "Temp Read Blocks": 2377,
          "Temp Written Blocks": 2377,
          "Plans": [
            {
              "Node Type": "Hash Join",
              "Parent Relationship": "Outer",
              "Parallel Aware": false,
              "Async Capable": false,
              "Join Type": "Full",
              "Startup Cost": 10668.04,
              "Total Cost": 51726.17,
              "Plan Rows": 800000,
              "Plan Width": 81,
              "Actual Startup Time": 195.755,
              "Actual Total Time": 1137.026,
              "Actual Rows": 800020,
              "Actual Loops": 1,
              "Inner Unique": true,
              "Hash Cond": "(supplier.s_nationkey = nation.n_nationkey)",
              "Join Filter": "(nation.n_regionkey > 3)",
              "Rows Removed by Join Filter": 172640,
              "Shared Hit Blocks": 10455,
              "Shared Read Blocks": 11590,
              "Shared Dirtied Blocks": 0,
              "Shared Written Blocks": 0,
              "Local Hit Blocks": 0,
              "Local Read Blocks": 0,
              "Local Dirtied Blocks": 0,
              "Local Written Blocks": 0,
              "Temp Read Blocks": 2377,
              "Temp Written Blocks": 2377,
              "Plans": [
                {
                  "Node Type": "Hash Join",
                  "Parent Relationship": "Outer",
                  "Parallel Aware": false,
                  "Async Capable": false,
                  "Join Type": "Left",
                  "Startup Cost": 10666.48,
                  "Total Cost": 49537.41,
                  "Plan Rows": 800000,
                  "Plan Width": 59,
                  "Actual Startup Time": 195.697,
                  "Actual Total Time": 980.346,
                  "Actual Rows": 800000,
                  "Actual Loops": 1,
                  "Inner Unique": true,
                  "Hash Cond": "(partsupp.ps_suppkey = supplier.s_suppkey)",
                  "Shared Hit Blocks": 10454,
                  "Shared Read Blocks": 11590,
                  "Shared Dirtied Blocks": 0,
                  "Shared Written Blocks": 0,
                  "Local Hit Blocks": 0,
                  "Local Read Blocks": 0,
                  "Local Dirtied Blocks": 0,
                  "Local Written Blocks": 0,
                  "Temp Read Blocks": 2377,
                  "Temp Written Blocks": 2377,
                  "Plans": [
                    {
                      "Node Type": "Hash Join",
                      "Parent Relationship": "Outer",
                      "Parallel Aware": false,
                      "Async Capable": false,
                      "Join Type": "Left",
                      "Startup Cost": 10284.84,
                      "Total Cost": 47054.88,
                      "Plan Rows": 800000,
                      "Plan Width": 43,
                      "Actual Startup Time": 192.593,
                      "Actual Total Time": 786.758,
                      "Actual Rows": 800000,
                      "Actual Loops": 1,
                      "Inner Unique": true,
                      "Hash Cond": "(partsupp.ps_partkey = part.p_partkey)",
                      "Shared Hit Blocks": 10231,
                      "Shared Read Blocks": 11590,
                      "Shared Dirtied Blocks": 0,
                      "Shared Written Blocks": 0,
                      "Local Hit Blocks": 0,
                      "Local Read Blocks": 0,
                      "Local Dirtied Blocks": 0,
                      "Local Written Blocks": 0,
                      "Temp Read Blocks": 2377,
                      "Temp Written Blocks": 2377,
                      "Plans": [
                        {
                          "Node Type": "Seq Scan",
                          "Parent Relationship": "Outer",
                          "Parallel Aware": false,
                          "Async Capable": false,
                          "Relation Name": "partsupp",
                          "Alias": "partsupp",
                          "Startup Cost": 0.0,
                          "Total Cost": 25517.0,
                          "Plan Rows": 800000,
                          "Plan Width": 14,
                          "Actual Startup Time": 0.013,
                          "Actual Total Time": 191.169,
                          "Actual Rows": 800000,
                          "Actual Loops": 1,
                          "Shared Hit Blocks": 9451,
                          "Shared Read Blocks": 8066,
                          "Shared Dirtied Blocks": 0,
                          "Shared Written Blocks": 0,
                          "Local Hit Blocks": 0,
                          "Local Read Blocks": 0,
                          "Local Dirtied Blocks": 0,
                          "Local Written Blocks": 0,
                          "Temp Read Blocks": 0,
                          "Temp Written Blocks": 0
                        },
                        {
                          "Node Type": "Hash",
                          "Parent Relationship": "Inner",
                          "Parallel Aware": false,
                          "Async Capable": false,
                          "Startup Cost": 6804.0,
                          "Total Cost": 6804.0,
                          "Plan Rows": 171347,
                          "Plan Width": 37,
                          "Actual Startup Time": 192.218,
                          "Actual Total Time": 192.219,
                          "Actual Rows": 171686,
                          "Actual Loops": 1,
                          "Hash Buckets": 131072,
                          "Original Hash Buckets": 131072,
                          "Hash Batches": 2,
                          "Original Hash Batches": 2,
                          "Peak Memory Usage": 7006,
                          "Shared Hit Blocks": 780,
                          "Shared Read Blocks": 3524,
                          "Shared Dirtied Blocks": 0,
                          "Shared Written Blocks": 0,
                          "Local Hit Blocks": 0,
                          "Local Read Blocks": 0,
                          "Local Dirtied Blocks": 0,
                          "Local Written Blocks": 0,
                          "Temp Read Blocks": 0,
                          "Temp Written Blocks": 619,
                          "Plans": [
                            {
                              "Node Type": "Seq Scan",
                              "Parent Relationship": "Outer",
                              "Parallel Aware": false,
                              "Async Capable": false,
                              "Relation Name": "part",
                              "Alias": "part",
                              "Startup Cost": 0.0,
                              "Total Cost": 6804.0,
                              "Plan Rows": 171347,
                              "Plan Width": 37,
                              "Actual Startup Time": 0.023,
                              "Actual Total Time": 103.143,
                              "Actual Rows": 171686,
                              "Actual Loops": 1,
                              "Filter": "(p_size > 7)",
                              "Rows Removed by Filter": 28314,
                              "Shared Hit Blocks": 780,
                              "Shared Read Blocks": 3524,
                              "Shared Dirtied Blocks": 0,
                              "Shared Written Blocks": 0,
                              "Local Hit Blocks": 0,
                              "Local Read Blocks": 0,
                              "Local Dirtied Blocks": 0,
                              "Local Written Blocks": 0,
                              "Temp Read Blocks": 0,
                              "Temp Written Blocks": 0
                            }
                          ]
                        }
                      ]
                    },
                    {
                      "Node Type": "Hash",
                      "Parent Relationship": "Inner",
                      "Parallel Aware": false,
                      "Async Capable": false,
                      "Startup Cost": 348.0,
                      "Total Cost": 348.0,
                      "Plan Rows": 2691,
                      "Plan Width": 24,
                      "Actual Startup Time": 3.072,
                      "Actual Total Time": 3.073,
                      "Actual Rows": 2691,
                      "Actual Loops": 1,
                      "Hash Buckets": 4096,
                      "Original Hash Buckets": 4096,
                      "Hash Batches": 1,
                      "Original Hash Batches": 1,
                      "Peak Memory Usage": 180,
                      "Shared Hit Blocks": 223,
                      "Shared Read Blocks": 0,
                      "Shared Dirtied Blocks": 0,
                      "Shared Written Blocks": 0,
                      "Local Hit Blocks": 0,
                      "Local Read Blocks": 0,
                      "Local Dirtied Blocks": 0,
                      "Local Written Blocks": 0,
                      "Temp Read Blocks": 0,
                      "Temp Written Blocks": 0,
                      "Plans": [
                        {
                          "Node Type": "Seq Scan",
                          "Parent Relationship": "Outer",
                          "Parallel Aware": false,
                          "Async Capable": false,
                          "Relation Name": "supplier",
                          "Alias": "supplier",
                          "Startup Cost": 0.0,
                          "Total Cost": 348.0,
                          "Plan Rows": 2691,
                          "Plan Width": 24,
                          "Actual Startup Time": 0.025,
                          "Actual Total Time": 2.501,
                          "Actual Rows": 2691,
                          "Actual Loops": 1,
                          "Filter": "(s_acctbal < '2000'::numeric)",
                          "Rows Removed by Filter": 7309,
                          "Shared Hit Blocks": 223,
                          "Shared Read Blocks": 0,
                          "Shared Dirtied Blocks": 0,
                          "Shared Written Blocks": 0,
                          "Local Hit Blocks": 0,
                          "Local Read Blocks": 0,
                          "Local Dirtied Blocks": 0,
                          "Local Written Blocks": 0,
                          "Temp Read Blocks": 0,
                          "Temp Written Blocks": 0
                        }
                      ]
                    }
                  ]
                },
                {
                  "Node Type": "Hash",
                  "Parent Relationship": "Inner",
                  "Parallel Aware": false,
                  "Async Capable": false,
                  "Startup Cost": 1.25,
                  "Total Cost": 1.25,
                  "Plan Rows": 25,
                  "Plan Width": 34,
                  "Actual Startup Time": 0.049,
                  "Actual Total Time": 0.05,
                  "Actual Rows": 25,
                  "Actual Loops": 1,
                  "Hash Buckets": 1024,
                  "Original Hash Buckets": 1024,
                  "Hash Batches": 1,
                  "Original Hash Batches": 1,
                  "Peak Memory Usage": 10,
                  "Shared Hit Blocks": 1,
                  "Shared Read Blocks": 0,
                  "Shared Dirtied Blocks": 0,
                  "Shared Written Blocks": 0,
                  "Local Hit Blocks": 0,
                  "Local Read Blocks": 0,
                  "Local Dirtied Blocks": 0,
                  "Local Written Blocks": 0,
                  "Temp Read Blocks": 0,
                  "Temp Written Blocks": 0,
                  "Plans": [
                    {
                      "Node Type": "Seq Scan",
                      "Parent Relationship": "Outer",
                      "Parallel Aware": false,
                      "Async Capable": false,
                      "Relation Name": "nation",
                      "Alias": "nation",
                      "Startup Cost": 0.0,
                      "Total Cost": 1.25,
                      "Plan Rows": 25,
                      "Plan Width": 34,
                      "Actual Startup Time": 0.032,
                      "Actual Total Time": 0.04,
                      "Actual Rows": 25,
                      "Actual Loops": 1,
                      "Shared Hit Blocks": 1,
                      "Shared Read Blocks": 0,
                      "Shared Dirtied Blocks": 0,
                      "Shared Written Blocks": 0,
                      "Local Hit Blocks": 0,
                      "Local Read Blocks": 0,
                      "Local Dirtied Blocks": 0,
                      "Local Written Blocks": 0,
                      "Temp Read Blocks": 0,
                      "Temp Written Blocks": 0
                    }
                  ]
                }
              ]
            }
          ]
        }
      ]
    },
    "Planning": {
      "Shared Hit Blocks": 22,
      "Shared Read Blocks": 0,
      "Shared Dirtied Blocks": 0,
      "Shared Written Blocks": 0,
      "Local Hit Blocks": 0,
      "Local Read Blocks": 0,
      "Local Dirtied Blocks": 0,
      "Local Written Blocks": 0,
      "Temp Read Blocks": 0,
      "Temp Written Blocks": 0
    },
    "Planning Time": 1.018,
    "Triggers": [],
    "Execution Time": 1414.94
  }
]