[
  {
    "Plan": {
      "Node Type": "Append",
      "Parallel Aware": false,
      "Async Capable": false,
      "Startup Cost": 41923.98,
      "Total Cost": 252553.03,
      "Plan Rows": 63341,
      "Plan Width": 168,
      "Actual Startup Time": 191.231,
      "Actual Total Time": 1230.207,
      "Actual Rows": 10666,
      "Actual Loops": 1,
      "Shared Hit Blocks": 11014,
      "Shared Read Blocks": 171949,
      "Shared Dirtied Blocks": 0,
      "Shared Written Blocks": 0,
      "Local Hit Blocks": 0,
      "Local Read Blocks": 0,
      "Local Dirtied Blocks": 0,
      "Local Written Blocks": 0,
      "Temp Read Blocks": 0,
      "Temp Written Blocks": 0,
      "Subplans Removed": 0,
      "Plans": [
        {
          "Node Type": "Group",
          "Parent Relationship": "Member",
          "Parallel Aware": false,
          "Async Capable": false,
          "Startup Cost": 41923.98,
          "Total Cost": 41983.85,
          "Plan Rows": 562,
          "Plan Width": 53,
          "Actual Startup Time": 191.23,
          "Actual Total Time": 192.334,
          "Actual Rows": 1005,
          "Actual Loops": 1,
          "Group Key": [
            "orders.o_totalprice",
            "nation.n_name",
            "customer.c_name"
          ],
          "Shared Hit Blocks": 196,
          "Shared Read Blocks": 32090,
          "Shared Dirtied Blocks": 0,
          "Shared Written Blocks": 0,
          "Local Hit Blocks": 0,
          "Local Read Blocks": 0,
          "Local Dirtied Blocks": 0,
          "Local Written Blocks": 0,
          "Temp Read Blocks": 0,
          "Temp Written Blocks": 0,
          "Plans": [
            {
              "Node Type": "Gather Merge",
              "Parent Relationship": "Outer",
              "Parallel Aware": false,
              "Async Capable": false,
              "Startup Cost": 41923.98,
              "Total Cost": 41980.34,
              "Plan Rows": 468,
              "Plan Width": 53,
              "Actual Startup Time": 191.227,
              "Actual Total Time": 192.057,
              "Actual Rows": 1005,
              "Actual Loops": 1,
              "Workers Planned": 2,
              "Workers Launched": 2,
              "Shared Hit Blocks": 196,
              "Shared Read Blocks": 32090,
              "Shared Dirtied Blocks": 0,
              "Shared Written Blocks": 0,
              "Local Hit Blocks": 0,
              "Local Read Blocks": 0,
              "Local Dirtied Blocks": 0,
              "Local Written Blocks": 0,
              "Temp Read Blocks": 0,
              "Temp Written Blocks": 0,
              "Plans": [
                {
                  "Node Type": "Group",
                  "Parent Relationship": "Outer",
                  "Parallel Aware": false,
                  "Async Capable": false,
                  "Startup Cost": 40923.96,
                  "Total Cost": 40926.3,
                  "Plan Rows": 234,
                  "Plan Width": 53,
                  "Actual Startup Time": 138.214,
                  "Actual Total Time": 138.336,
                  "Actual Rows": 335,
                  "Actual Loops": 3,
                  "Group Key": [
                    "orders.o_totalprice",
                    "nation.n_name",
                    "customer.c_name"
                  ],
                  "Shared Hit Blocks": 196,
                  "Shared Read Blocks": 32090,
                  "Shared Dirtied Blocks": 0,
                  "Shared Written Blocks": 0,
                  "Local Hit Blocks": 0,
                  "Local Read Blocks": 0,
                  "Local Dirtied Blocks": 0,
                  "Local Written Blocks": 0,
                  "Temp Read Blocks": 0,
                  "Temp Written Blocks": 0,
                  "Workers": [],
                  "Plans": [
                    {
                      "Node Type": "Sort",
                      "Parent Relationship": "Outer",
                      "Parallel Aware": false,
                      "Async Capable": false,
                      "Startup Cost": 40923.96,
                      "Total Cost": 40924.54,
                      "Plan Rows": 234,
                      "Plan Width": 53,
                      "Actual Startup Time": 138.211,
                      "Actual Total Time": 138.244,
                      "Actual Rows": 335,
                      "Actual Loops": 3,
                      "Sort Key": [
                        "orders.o_totalprice",
                        "nation.n_name",
                        "customer.c_name"
                      ],
                      "Sort Method": "quicksort",
                      "Sort Space Used": 43,
                      "Sort Space Type": "Memory",
                      "Shared Hit Blocks": 196,
                      "Shared Read Blocks": 32090,
                      "Shared Dirtied Blocks": 0,
                      "Shared Written Blocks": 0,
                      "Local Hit Blocks": 0,
                      "Local Read Blocks": 0,
                      "Local Dirtied Blocks": 0,
                      "Local Written Blocks": 0,
                      "Temp Read Blocks": 0,
                      "Temp Written Blocks": 0,
                      "Workers": [
                        {
                          "Worker Number": 0,
                          "Sort Method": "quicksort",
                          "Sort Space Used": 51,
                          "Sort Space Type": "Memory"
                        },
                        {
                          "Worker Number": 1,
                          "Sort Method": "quicksort",
                          "Sort Space Used": 50,
                          "Sort Space Type": "Memory"
                        }
                      ],
                      "Plans": [
                        {
                          "Node Type": "Hash Join",
                          "Parent Relationship": "Outer",
                          "Parallel Aware": false,
                          "Async Capable": false,
                          "Join Type": "Inner",
                          "Startup Cost": 4712.05,
                          "Total Cost": 40914.75,
                          "Plan Rows": 234,
                          "Plan Width": 53,
                          "Actual Startup Time": 24.727,
                          "Actual Total Time": 137.328,
                          "Actual Rows": 335,
                          "Actual Loops": 3,
                          "Inner Unique": true,
                          "Hash Cond": "(customer.c_nationkey = nation.n_nationkey)",
                          "Shared Hit Blocks": 68,
                          "Shared Read Blocks": 32076,
                          "Shared Dirtied Blocks": 0,
                          "Shared Written Blocks": 0,
                          "Local Hit Blocks": 0,
                          "Local Read Blocks": 0,
                          "Local Dirtied Blocks": 0,
                          "Local Written Blocks": 0,
                          "Temp Read Blocks": 0,
                          "Temp Written Blocks": 0,
                          "Workers": [],
                          "Plans": [
                            {
                              "Node Type": "Hash Join",
                              "Parent Relationship": "Outer",
                              "Parallel Aware": true,
                              "Async Capable": false,
                              "Join Type": "Inner",
                              "Startup Cost": 4710.49,
                              "Total Cost": 40912.47,
                              "Plan Rows": 234,
                              "Plan Width": 31,
                              "Actual Startup Time": 23.349,
                              "Actual Total Time": 135.732,
                              "Actual Rows": 335,
                              "Actual Loops": 3,
                              "Inner Unique": true,
                              "Hash Cond": "(orders.o_custkey = customer.c_custkey)",
                              "Join Filter": "(orders.o_totalprice <= customer.c_acctbal)",
                              "Rows Removed by Join Filter": 218,
                              "Shared Hit Blocks": 16,
                              "Shared Read Blocks": 32067,
                              "Shared Dirtied Blocks": 0,
                              "Shared Written Blocks": 0,
                              "Local Hit Blocks": 0,
                              "Local Read Blocks": 0,
                              "Local Dirtied Blocks": 0,
                              "Local Written Blocks": 0,
                              "Temp Read Blocks": 0,
                              "Temp Written Blocks": 0,
                              "Workers": [],
                              "Plans": [
                                {
                                  "Node Type": "Seq Scan",
                                  "Parent Relationship": "Outer",
                                  "Parallel Aware": true,
                                  "Async Capable": false,
                                  "Relation Name": "orders",
                                  "Alias": "orders",
                                  "Startup Cost": 0.0,
                                  "Total Cost": 36150.5,
                                  "Plan Rows": 19613,
                                  "Plan Width": 12,
                                  "Actual Startup Time": 0.499,
                                  "Actual Total Time": 109.092,
                                  "Actual Rows": 15802,
                                  "Actual Loops": 3,
                                  "Filter": "(o_totalprice <= '15000'::numeric)",
                                  "Rows Removed by Filter": 484198,
                                  "Shared Hit Blocks": 16,
                                  "Shared Read Blocks": 28322,
                                  "Shared Dirtied Blocks": 0,
                                  "Shared Written Blocks": 0,
                                  "Local Hit Blocks": 0,
                                  "Local Read Blocks": 0,
                                  "Local Dirtied Blocks": 0,
                                  "Local Written Blocks": 0,
                                  "Temp Read Blocks": 0,
                                  "Temp Written Blocks": 0,
                                  "Workers": []
                                },
                                {
                                  "Node Type": "Hash",
                                  "Parent Relationship": "Inner",
                                  "Parallel Aware": true,
                                  "Async Capable": false,
                                  "Startup Cost": 4682.5,
                                  "Total Cost": 4682.5,
                                  "Plan Rows": 2239,
                                  "Plan Width": 33,
                                  "Actual Startup Time": 22.433,
                                  "Actual Total Time": 22.433,
                                  "Actual Rows": 1780,
                                  "Actual Loops": 3,
                                  "Hash Buckets": 8192,
                                  "Original Hash Buckets": 8192,
                                  "Hash Batches": 1,
                                  "Original Hash Batches": 1,
                                  "Peak Memory Usage": 448,
                                  "Shared Hit Blocks": 0,
                                  "Shared Read Blocks": 3745,
                                  "Shared Dirtied Blocks": 0,
                                  "Shared Written Blocks": 0,
                                  "Local Hit Blocks": 0,
                                  "Local Read Blocks": 0,
                                  "Local Dirtied Blocks": 0,
                                  "Local Written Blocks": 0,
                                  "Temp Read Blocks": 0,
                                  "Temp Written Blocks": 0,
                                  "Workers": [],
                                  "Plans": [
                                    {
                                      "Node Type": "Seq Scan",
                                      "Parent Relationship": "Outer",
                                      "Parallel Aware": true,
                                      "Async Capable": false,
                                      "Relation Name": "customer",
                                      "Alias": "customer",
                                      "Startup Cost": 0.0,
                                      "Total Cost": 4682.5,
                                      "Plan Rows": 2239,
                                      "Plan Width": 33,
                                      "Actual Startup Time": 0.02,
                                      "Actual Total Time": 63.936,
                                      "Actual Rows": 5341,
                                      "Actual Loops": 1,
                                      "Filter": "((c_acctbal >= '9000'::numeric) AND (c_mktsegment = ANY ('{HOUSEHOLD,MACHINERY}'::bpchar[])))",
                                      "Rows Removed by Filter": 144659,
                                      "Shared Hit Blocks": 0,
                                      "Shared Read Blocks": 3745,
                                      "Shared Dirtied Blocks": 0,
                                      "Shared Written Blocks": 0,
                                      "Local Hit Blocks": 0,
                                      "Local Read Blocks": 0,
                                      "Local Dirtied Blocks": 0,
                                      "Local Written Blocks": 0,
                                      "Temp Read Blocks": 0,
                                      "Temp Written Blocks": 0,
                                      "Workers": []
                                    }
                                  ]
                                }
                              ]
                            },
                            {
                              "Node Type": "Hash",
                              "Parent Relationship": "Inner",
                              "Parallel Aware": false,
                              "Async Capable": false,
                              "Startup Cost": 1.25,
                              "Total Cost": 1.25,
                              "Plan Rows": 25,
                              "Plan Width": 30,
                              "Actual Startup Time": 0.631,
                              "Actual Total Time": 0.632,
                              "Actual Rows": 25,
                              "Actual Loops": 3,
                              "Hash Buckets": 1024,
                              "Original Hash Buckets": 1024,
                              "Hash Batches": 1,
                              "Original Hash Batches": 1,
                              "Peak Memory Usage": 10,
                              "Shared Hit Blocks": 2,
                              "Shared Read Blocks": 1,
                              "Shared Dirtied Blocks": 0,
                              "Shared Written Blocks": 0,
                              "Local Hit Blocks": 0,
                              "Local Read Blocks": 0,
                              "Local Dirtied Blocks": 0,
                              "Local Written Blocks": 0,
                              "Temp Read Blocks": 0,
                              "Temp Written Blocks": 0,
                              "Workers": [],
                              "Plans": [
                                {
                                  "Node Type": "Seq Scan",
                                  "Parent Relationship": "Outer",
                                  "Parallel Aware": false,
                                  "Async Capable": false,
                                  "Relation Name": "nation",
                                  "Alias": "nation",
                                  "Startup Cost": 0.0,
                                  "Total Cost": 1.25,
                                  "Plan Rows": 25,
                                  "Plan Width": 30,
                                  "Actual Startup Time": 0.613,
                                  "Actual Total Time": 0.616,
                                  "Actual Rows": 25,
                                  "Actual Loops": 3,
                                  "Shared Hit Blocks": 2,
                                  "Shared Read Blocks": 1,
                                  "Shared Dirtied Blocks": 0,
                                  "Shared Written Blocks": 0,
                                  "Local Hit Blocks": 0,
                                  "Local Read Blocks": 0,
                                  "Local Dirtied Blocks": 0,
                                  "Local Written Blocks": 0,
                                  "Temp Read Blocks": 0,
                                  "Temp Written Blocks": 0,
                                  "Workers": []
                                }
                              ]
                            }
                          ]
                        }
                      ]
                    }
                  ]
                }
              ]
            }
          ]
        },
        {
          "Node Type": "Subquery Scan",
          "Parent Relationship": "Member",
          "Parallel Aware": false,
          "Async Capable": false,
          "Alias": "*SELECT* 2",
          "Startup Cost": 209310.79,
          "Total Cost": 210252.47,
          "Plan Rows": 62779,
          "Plan Width": 90,
          "Actual Startup Time": 1033.221,
          "Actual Total Time": 1037.145,
          "Actual Rows": 9661,
          "Actual Loops": 1,
          "Shared Hit Blocks": 10818,
          "Shared Read Blocks": 139859,
          "Shared Dirtied Blocks": 0,
          "Shared Written Blocks": 0,
          "Local Hit Blocks": 0,
          "Local Read Blocks": 0,
          "Local Dirtied Blocks": 0,
          "Local Written Blocks": 0,
          "Temp Read Blocks": 0,
          "Temp Written Blocks": 0,
          "Plans": [
            {
              "Node Type": "Sort",
              "Parent Relationship": "Subquery",
              "Parallel Aware": false,
              "Async Capable": false,
              "Startup Cost": 209310.79,
              "Total Cost": 209467.74,
              "Plan Rows": 62779,
              "Plan Width": 84,
              "Actual Startup Time": 1033.214,
              "Actual Total Time": 1034.539,
              "Actual Rows": 9661,
              "Actual Loops": 1,
              "Sort Key": [
                "(avg((lineitem.l_extendedprice * ('1'::numeric - lineitem.l_discount)))) DESC",
                "nation_1.n_name DESC",
                "supplier.s_name"
              ],
              "Sort Method": "quicksort",
              "Sort Space Used": 1157,
              "Sort Space Type": "Memory",
              "Shared Hit Blocks": 10818,
              "Shared Read Blocks": 139859,
              "Shared Dirtied Blocks": 0,
              "Shared Written Blocks": 0,
              "Local Hit Blocks": 0,
              "Local Read Blocks": 0,
              "Local Dirtied Blocks": 0,
              "Local Written Blocks": 0,
              "Temp Read Blocks": 0,
              "Temp Written Blocks": 0,
              "Plans": [
                {
                  "Node Type": "Aggregate",
                  "Strategy": "Sorted",
                  "Partial Mode": "Finalize",
                  "Parent Relationship": "Outer",
                  "Parallel Aware": false,
                  "Async Capable": false,
                  "Startup Cost": 193235.62,
                  "Total Cost": 201301.43,
                  "Plan Rows": 62779,
                  "Plan Width": 84,
                  "Actual Startup Time": 960.927,
                  "Actual Total Time": 1027.167,
                  "Actual Rows": 9661,
                  "Actual Loops": 1,
                  "Group Key": [
                    "nation_1.n_name",
                    "supplier.s_name"
                  ],
                  "Shared Hit Blocks": 10818,
                  "Shared Read Blocks": 139859,
                  "Shared Dirtied Blocks": 0,
                  "Shared Written Blocks": 0,
                  "Local Hit Blocks": 0,
                  "Local Read Blocks": 0,
                  "Local Dirtied Blocks": 0,
                  "Local Written Blocks": 0,
                  "Temp Read Blocks": 0,
                  "Temp Written Blocks": 0,
                  "Plans": [
                    {
                      "Node Type": "Gather Merge",
                      "Parent Relationship": "Outer",
                      "Parallel Aware": false,
                      "Async Capable": false,
                      "Startup Cost": 193235.62,
                      "Total Cost": 199993.53,
                      "Plan Rows": 52316,
                      "Plan Width": 84,
                      "Actual Startup Time": 960.909,
                      "Actual Total Time": 1002.659,
                      "Actual Rows": 20881,
                      "Actual Loops": 1,
                      "Workers Planned": 2,
                      "Workers Launched": 2,
                      "Shared Hit Blocks": 10818,
                      "Shared Read Blocks": 139859,
                      "Shared Dirtied Blocks": 0,
                      "Shared Written Blocks": 0,
                      "Local Hit Blocks": 0,
                      "Local Read Blocks": 0,
                      "Local Dirtied Blocks": 0,
                      "Local Written Blocks": 0,
                      "Temp Read Blocks": 0,
                      "Temp Written Blocks": 0,
                      "Plans": [
                        {
                          "Node Type": "Aggregate",
                          "Strategy": "Sorted",
                          "Partial Mode": "Partial",
                          "Parent Relationship": "Outer",
                          "Parallel Aware": false,
                          "Async Capable": false,
                          "Startup Cost": 192235.6,
                          "Total Cost": 192954.95,
                          "Plan Rows": 26158,
                          "Plan Width": 84,
                          "Actual Startup Time": 922.832,
                          "Actual Total Time": 934.255,
                          "Actual Rows": 6960,
                          "Actual Loops": 3,
                          "Group Key": [
                            "nation_1.n_name",
                            "supplier.s_name"
                          ],
                          "Shared Hit Blocks": 10818,
                          "Shared Read Blocks": 139859,
                          "Shared Dirtied Blocks": 0,
                          "Shared Written Blocks": 0,
                          "Local Hit Blocks": 0,
                          "Local Read Blocks": 0,
                          "Local Dirtied Blocks": 0,
                          "Local Written Blocks": 0,
                          "Temp Read Blocks": 0,
                          "Temp Written Blocks": 0,
                          "Workers": [],
                          "Plans": [
                            {
                              "Node Type": "Sort",
                              "Parent Relationship": "Outer",
                              "Parallel Aware": false,
                              "Async Capable": false,
                              "Startup Cost": 192235.6,
                              "Total Cost": 192301.0,
                              "Plan Rows": 26158,
                              "Plan Width": 64,
                              "Actual Startup Time": 922.812,
                              "Actual Total Time": 924.593,
                              "Actual Rows": 13062,
                              "Actual Loops": 3,
                              "Sort Key": [
                                "nation_1.n_name DESC",
                                "supplier.s_name"
                              ],
                              "Sort Method": "quicksort",
                              "Sort Space Used": 1072,
                              "Sort Space Type": "Memory",
                              "Shared Hit Blocks": 10818,
                              "Shared Read Blocks": 139859,
                              "Shared Dirtied Blocks": 0,
                              "Shared Written Blocks": 0,
                              "Local Hit Blocks": 0,
                              "Local Read Blocks": 0,
                              "Local Dirtied Blocks": 0,
                              "Local Written Blocks": 0,
                              "Temp Read Blocks": 0,
                              "Temp Written Blocks": 0,
                              "Workers": [
                                {
                                  "Worker Number": 0,
                                  "Sort Method": "quicksort",
                                  "Sort Space Used": 1627,
                                  "Sort Space Type": "Memory"
                                },
                                {
                                  "Worker Number": 1,
                                  "Sort Method": "quicksort",
                                  "Sort Space Used": 1630,
                                  "Sort Space Type": "Memory"
                                }
                              ],
                              "Plans": [
                                {
                                  "Node Type": "Hash Join",
                                  "Parent Relationship": "Outer",
                                  "Parallel Aware": false,
                                  "Async Capable": false,
                                  "Join Type": "Inner",
                                  "Startup Cost": 36846.34,
                                  "Total Cost": 190316.26,
                                  "Plan Rows": 26158,
                                  "Plan Width": 64,
                                  "Actual Startup Time": 136.814,
                                  "Actual Total Time": 875.437,
                                  "Actual Rows": 13062,
                                  "Actual Loops": 3,
                                  "Inner Unique": true,
                                  "Hash Cond": "(nation_1.n_regionkey = region.r_regionkey)",
                                  "Shared Hit Blocks": 10698,
                                  "Shared Read Blocks": 139859,
                                  "Shared Dirtied Blocks": 0,
                                  "Shared Written Blocks": 0,
                                  "Local Hit Blocks": 0,
                                  "Local Read Blocks": 0,
                                  "Local Dirtied Blocks": 0,
                                  "Local Written Blocks": 0,
                                  "Temp Read Blocks": 0,
                                  "Temp Written Blocks": 0,
                                  "Workers": [],
                                  "Plans": [
                                    {
                                      "Node Type": "Hash Join",
                                      "Parent Relationship": "Outer",
                                      "Parallel Aware": false,
                                      "Async Capable": false,
                                      "Join Type": "Inner",
                                      "Startup Cost": 36845.22,
                                      "Total Cost": 190188.28,
                                      "Plan Rows": 26158,
                                      "Plan Width": 68,
                                      "Actual Startup Time": 136.319,
                                      "Actual Total Time": 871.697,
                                      "Actual Rows": 13062,
                                      "Actual Loops": 3,
                                      "Inner Unique": true,
                                      "Hash Cond": "(supplier.s_nationkey = nation_1.n_nationkey)",
                                      "Shared Hit Blocks": 10668,
                                      "Shared Read Blocks": 139858,
                                      "Shared Dirtied Blocks": 0,
                                      "Shared Written Blocks": 0,
                                      "Local Hit Blocks": 0,
                                      "Local Read Blocks": 0,
                                      "Local Dirtied Blocks": 0,
                                      "Local Written Blocks": 0,
                                      "Temp Read Blocks": 0,
                                      "Temp Written Blocks": 0,
                                      "Workers": [],
                                      "Plans": [
                                        {
                                          "Node Type": "Hash Join",
                                          "Parent Relationship": "Outer",
                                          "Parallel Aware": false,
                                          "Async Capable": false,
                                          "Join Type": "Inner",
                                          "Startup Cost": 36843.66,
                                          "Total Cost": 190106.42,
                                          "Plan Rows": 26158,
                                          "Plan Width": 42,
                                          "Actual Startup Time": 135.854,
                                          "Actual Total Time": 867.253,
                                          "Actual Rows": 13062,
                                          "Actual Loops": 3,
                                          "Inner Unique": true,
                                          "Hash Cond": "(lineitem.l_suppkey = supplier.s_suppkey)",
                                          "Join Filter": "(supplier.s_acctbal <= orders_1.o_totalprice)",
                                          "Rows Removed by Join Filter": 4212,
                                          "Shared Hit Blocks": 10665,
                                          "Shared Read Blocks": 139858,
                                          "Shared Dirtied Blocks": 0,
                                          "Shared Written Blocks": 0,
                                          "Local Hit Blocks": 0,
                                          "Local Read Blocks": 0,
                                          "Local Dirtied Blocks": 0,
                                          "Local Written Blocks": 0,
                                          "Temp Read Blocks": 0,
                                          "Temp Written Blocks": 0,
                                          "Workers": [],
                                          "Plans": [
                                            {
                                              "Node Type": "Hash Join",
                                              "Parent Relationship": "Outer",
                                              "Parallel Aware": true,
                                              "Async Capable": false,
                                              "Join Type": "Inner",
                                              "Startup Cost": 36395.66,
                                              "Total Cost": 189452.38,
                                              "Plan Rows": 78474,
                                              "Plan Width": 24,
                                              "Actual Startup Time": 131.07,
                                              "Actual Total Time": 848.814,
                                              "Actual Rows": 17274,
                                              "Actual Loops": 3,
                                              "Inner Unique": true,
                                              "Hash Cond": "(lineitem.l_orderkey = orders_1.o_orderkey)",
                                              "Shared Hit Blocks": 10219,
                                              "Shared Read Blocks": 139635,
                                              "Shared Dirtied Blocks": 0,
                                              "Shared Written Blocks": 0,
                                              "Local Hit Blocks": 0,
                                              "Local Read Blocks": 0,
                                              "Local Dirtied Blocks": 0,
                                              "Local Written Blocks": 0,
                                              "Temp Read Blocks": 0,
                                              "Temp Written Blocks": 0,
                                              "Workers": [],
                                              "Plans": [
                                                {
                                                  "Node Type": "Seq Scan",
                                                  "Parent Relationship": "Outer",
                                                  "Parallel Aware": true,
                                                  "Async Capable": false,
                                                  "Relation Name": "lineitem",
                                                  "Alias": "lineitem",
                                                  "Startup Cost": 0.0,
                                                  "Total Cost": 146492.49,
                                                  "Plan Rows": 2500649,
                                                  "Plan Width": 24,
                                                  "Actual Startup Time": 0.415,
                                                  "Actual Total Time": 432.472,
                                                  "Actual Rows": 2000405,
                                                  "Actual Loops": 3,
                                                  "Shared Hit Blocks": 10078,
                                                  "Shared Read Blocks": 111408,
                                                  "Shared Dirtied Blocks": 0,
                                                  "Shared Written Blocks": 0,
                                                  "Local Hit Blocks": 0,
                                                  "Local Read Blocks": 0,
                                                  "Local Dirtied Blocks": 0,
                                                  "Local Written Blocks": 0,
                                                  "Temp Read Blocks": 0,
                                                  "Temp Written Blocks": 0,
                                                  "Workers": []
                                                },
                                                {
                                                  "Node Type": "Hash",
                                                  "Parent Relationship": "Inner",
                                                  "Parallel Aware": true,
                                                  "Async Capable": false,
                                                  "Startup Cost": 36150.5,
                                                  "Total Cost": 36150.5,
                                                  "Plan Rows": 19613,
                                                  "Plan Width": 16,
                                                  "Actual Startup Time": 130.147,
                                                  "Actual Total Time": 130.148,
                                                  "Actual Rows": 15802,
                                                  "Actual Loops": 3,
                                                  "Hash Buckets": 65536,
                                                  "Original Hash Buckets": 65536,
                                                  "Hash Batches": 1,
                                                  "Original Hash Batches": 1,
                                                  "Peak Memory Usage": 2944,
                                                  "Shared Hit Blocks": 112,
                                                  "Shared Read Blocks": 28226,
                                                  "Shared Dirtied Blocks": 0,
                                                  "Shared Written Blocks": 0,
                                                  "Local Hit Blocks": 0,
                                                  "Local Read Blocks": 0,
                                                  "Local Dirtied Blocks": 0,
                                                  "Local Written Blocks": 0,
                                                  "Temp Read Blocks": 0,
                                                  "Temp Written Blocks": 0,
                                                  "Workers": [],
                                                  "Plans": [
                                                    {
                                                      "Node Type": "Seq Scan",
                                                      "Parent Relationship": "Outer",
                                                      "Parallel Aware": true,
                                                      "Async Capable": false,
                                                      "Relation Name": "orders",
                                                      "Alias": "orders_1",
                                                      "Startup Cost": 0.0,
                                                      "Total Cost": 36150.5,
                                                      "Plan Rows": 19613,
                                                      "Plan Width": 16,
                                                      "Actual Startup Time": 0.657,
                                                      "Actual Total Time": 123.595,
                                                      "Actual Rows": 15802,
                                                      "Actual Loops": 3,
                                                      "Filter": "(o_totalprice <= '15000'::numeric)",
                                                      "Rows Removed by Filter": 484198,
                                                      "Shared Hit Blocks": 112,
                                                      "Shared Read Blocks": 28226,
                                                      "Shared Dirtied Blocks": 0,
                                                      "Shared Written Blocks": 0,
                                                      "Local Hit Blocks": 0,
                                                      "Local Read Blocks": 0,
                                                      "Local Dirtied Blocks": 0,
                                                      "Local Written Blocks": 0,
                                                      "Temp Read Blocks": 0,
                                                      "Temp Written Blocks": 0,
                                                      "Workers": []
                                                    }
                                                  ]
                                                }
                                              ]
                                            },
                                            {
                                              "Node Type": "Hash",
                                              "Parent Relationship": "Inner",
                                              "Parallel Aware": false,
                                              "Async Capable": false,
                                              "Startup Cost": 323.0,
                                              "Total Cost": 323.0,
                                              "Plan Rows": 10000,
                                              "Plan Width": 40,
                                              "Actual Startup Time": 4.66,
                                              "Actual Total Time": 4.661,
                                              "Actual Rows": 10000,
                                              "Actual Loops": 3,
                                              "Hash Buckets": 16384,
                                              "Original Hash Buckets": 16384,
                                              "Hash Batches": 1,
                                              "Original Hash Batches": 1,
                                              "Peak Memory Usage": 861,
                                              "Shared Hit Blocks": 446,
                                              "Shared Read Blocks": 223,
                                              "Shared Dirtied Blocks": 0,
                                              "Shared Written Blocks": 0,
                                              "Local Hit Blocks": 0,
                                              "Local Read Blocks": 0,
                                              "Local Dirtied Blocks": 0,
                                              "Local Written Blocks": 0,
                                              "Temp Read Blocks": 0,
                                              "Temp Written Blocks": 0,
                                              "Workers": [],
                                              "Plans": [
                                                {
                                                  "Node Type": "Seq Scan",
                                                  "Parent Relationship": "Outer",
                                                  "Parallel Aware": false,
                                                  "Async Capable": false,
                                                  "Relation Name": "supplier",
                                                  "Alias": "supplier",
                                                  "Startup Cost": 0.0,
                                                  "Total Cost": 323.0,
                                                  "Plan Rows": 10000,
                                                  "Plan Width": 40,
                                                  "Actual Startup Time": 0.423,
                                                  "Actual Total Time": 2.759,
                                                  "Actual Rows": 10000,
                                                  "Actual Loops": 3,
                                                  "Shared Hit Blocks": 446,
                                                  "Shared Read Blocks": 223,
                                                  "Shared Dirtied Blocks": 0,
                                                  "Shared Written Blocks": 0,
                                                  "Local Hit Blocks": 0,
                                                  "Local Read Blocks": 0,
                                                  "Local Dirtied Blocks": 0,
                                                  "Local Written Blocks": 0,
                                                  "Temp Read Blocks": 0,
                                                  "Temp Written Blocks": 0,
                                                  "Workers": []
                                                }
                                              ]
                                            }
                                          ]
                                        },
                                        {
                                          "Node Type": "Hash",
                                          "Parent Relationship": "Inner",
                                          "Parallel Aware": false,
                                          "Async Capable": false,
                                          "Startup Cost": 1.25,
                                          "Total Cost": 1.25,
                                          "Plan Rows": 25,
                                          "Plan Width": 34,
                                          "Actual Startup Time": 0.452,
                                          "Actual Total Time": 0.453,
                                          "Actual Rows": 25,
                                          "Actual Loops": 3,
                                          "Hash Buckets": 1024,
                                          "Original Hash Buckets": 1024,
                                          "Hash Batches": 1,
                                          "Original Hash Batches": 1,
                                          "Peak Memory Usage": 10,
                                          "Shared Hit Blocks": 3,
                                          "Shared Read Blocks": 0,
                                          "Shared Dirtied Blocks": 0,
                                          "Shared Written Blocks": 0,
                                          "Local Hit Blocks": 0,
                                          "Local Read Blocks": 0,
                                          "Local Dirtied Blocks": 0,
                                          "Local Written Blocks": 0,
                                          "Temp Read Blocks": 0,
                                          "Temp Written Blocks": 0,
                                          "Workers": [],
                                          "Plans": [
                                            {
                                              "Node Type": "Seq Scan",
                                              "Parent Relationship": "Outer",
                                              "Parallel Aware": false,
                                              "Async Capable": false,
                                              "Relation Name": "nation",
                                              "Alias": "nation_1",
                                              "Startup Cost": 0.0,
                                              "Total Cost": 1.25,
                                              "Plan Rows": 25,
                                              "Plan Width": 34,
                                              "Actual Startup Time": 0.426,
                                              "Actual Total Time": 0.432,
                                              "Actual Rows": 25,
                                              "Actual Loops": 3,
                                              "Shared Hit Blocks": 3,
                                              "Shared Read Blocks": 0,
                                              "Shared Dirtied Blocks": 0,
                                              "Shared Written Blocks": 0,
                                              "Local Hit Blocks": 0,
                                              "Local Read Blocks": 0,
                                              "Local Dirtied Blocks": 0,
                                              "Local Written Blocks": 0,
                                              "Temp Read Blocks": 0,
                                              "Temp Written Blocks": 0,
                                              "Workers": []
                                            }
                                          ]
                                        }
                                      ]
                                    },
                                    {
                                      "Node Type": "Hash",
                                      "Parent Relationship": "Inner",
                                      "Parallel Aware": false,
                                      "Async Capable": false,
                                      "Startup Cost": 1.05,
                                      "Total Cost": 1.05,
                                      "Plan Rows": 5,
                                      "Plan Width": 4,
                                      "Actual Startup Time": 0.463,
                                      "Actual Total Time": 0.464,
                                      "Actual Rows": 5,
                                      "Actual Loops": 3,
                                      "Hash Buckets": 1024,
                                      "Original Hash Buckets": 1024,
                                      "Hash Batches": 1,
                                      "Original Hash Batches": 1,
                                      "Peak Memory Usage": 9,
                                      "Shared Hit Blocks": 2,
                                      "Shared Read Blocks": 1,
                                      "Shared Dirtied Blocks": 0,
                                      "Shared Written Blocks": 0,
                                      "Local Hit Blocks": 0,
                                      "Local Read Blocks": 0,
                                      "Local Dirtied Blocks": 0,
                                      "Local Written Blocks": 0,
                                      "Temp Read Blocks": 0,
                                      "Temp Written Blocks": 0,
                                      "Workers": [],
                                      "Plans": [
                                        {
                                          "Node Type": "Seq Scan",
                                          "Parent Relationship": "Outer",
                                          "Parallel Aware": false,
                                          "Async Capable": false,
                                          "Relation Name": "region",
                                          "Alias": "region",
                                          "Startup Cost": 0.0,
                                          "Total Cost": 1.05,
                                          "Plan Rows": 5,
                                          "Plan Width": 4,
                                          "Actual Startup Time": 0.452,
                                          "Actual Total Time": 0.454,
                                          "Actual Rows": 5,
                                          "Actual Loops": 3,
                                          "Shared Hit Blocks": 2,
                                          "Shared Read Blocks": 1,
                                          "Shared Dirtied Blocks": 0,
                                          "Shared Written Blocks": 0,
                                          "Local Hit Blocks": 0,
                                          "Local Read Blocks": 0,
                                          "Local Dirtied Blocks": 0,
                                          "Local Written Blocks": 0,
                                          "Temp Read Blocks": 0,
                                          "Temp Written Blocks": 0,
                                          "Workers": []
                                        }
                                      ]
                                    }
                                  ]
                                }
                              ]
                            }
                          ]
                        }
                      ]
                    }
                  ]
                }
              ]
            }
          ]
        }
      ]
    },
    "Planning": {
      "Shared Hit Blocks": 17,
      "Shared Read Blocks": 25,
      "Shared Dirtied Blocks": 0,
      "Shared Written Blocks": 0,
      "Local Hit Blocks": 0,
      "Local Read Blocks": 0,
      "Local Dirtied Blocks": 0,
      "Local Written Blocks": 0,
      "Temp Read Blocks": 0,
      "Temp Written Blocks": 0
    },
    "Planning Time": 1.848,
    "Triggers": [],
    "Execution Time": 1231.253
  }
]