[
  {
    "Plan": {
      "Node Type": "Aggregate",
      "Strategy": "Sorted",
      "Partial Mode": "Finalize",
      "Parallel Aware": false,
      "Async Capable": false,
      "Startup Cost": 183946.83,
      "Total Cost": 183956.5,
      "Plan Rows": 73,
      "Plan Width": 90,
      "Actual Startup Time": 2540.182,
      "Actual Total Time": 2589.245,
      "Actual Rows": 175,
      "Actual Loops": 1,
      "Group Key": [
        "nation.n_name",
        "(EXTRACT(year FROM orders.o_orderdate))"
      ],
      "Shared Hit Blocks": 1227265,
      "Shared Read Blocks": 253567,
      "Shared Dirtied Blocks": 0,
      "Shared Written Blocks": 0,
      "Local Hit Blocks": 0,
      "Local Read Blocks": 0,
      "Local Dirtied Blocks": 0,
      "Local Written Blocks": 0,
      "Temp Read Blocks": 1234,
      "Temp Written Blocks": 1236,
      "Plans": [
        {
          "Node Type": "Gather Merge",
          "Parent Relationship": "Outer",
          "Parallel Aware": false,
          "Async Capable": false,
          "Startup Cost": 183946.83,
          "Total Cost": 183954.8,
          "Plan Rows": 60,
          "Plan Width": 90,
          "Actual Startup Time": 2539.794,
          "Actual Total Time": 2588.663,
          "Actual Rows": 525,
          "Actual Loops": 1,
          "Workers Planned": 2,
          "Workers Launched": 2,
          "Shared Hit Blocks": 1227265,
          "Shared Read Blocks": 253567,
          "Shared Dirtied Blocks": 0,
          "Shared Written Blocks": 0,
          "Local Hit Blocks": 0,
          "Local Read Blocks": 0,
          "Local Dirtied Blocks": 0,
          "Local Written Blocks": 0,
          "Temp Read Blocks": 1234,
          "Temp Written Blocks": 1236,
          "Plans": [
            {
              "Node Type": "Aggregate",
              "Strategy": "Sorted",
              "Partial Mode": "Partial",
              "Parent Relationship": "Outer",
              "Parallel Aware": false,
              "Async Capable": false,
              "Startup Cost": 182946.8,
              "Total Cost": 182947.85,
              "Plan Rows": 30,
              "Plan Width": 90,
              "Actual Startup Time": 2453.628,
              "Actual Total Time": 2506.813,
              "Actual Rows": 175,
              "Actual Loops": 3,
              "Group Key": [
                "nation.n_name",
                "(EXTRACT(year FROM orders.o_orderdate))"
              ],
              "Shared Hit Blocks": 1227265,
              "Shared Read Blocks": 253567,
              "Shared Dirtied Blocks": 0,
              "Shared Written Blocks": 0,
              "Local Hit Blocks": 0,
              "Local Read Blocks": 0,
              "Local Dirtied Blocks": 0,
              "Local Written Blocks": 0,
              "Temp Read Blocks": 1234,
              "Temp Written Blocks": 1236,
              "Workers": [],
              "Plans": [
                {
                  "Node Type": "Sort",
                  "Parent Relationship": "Outer",
                  "Parallel Aware": false,
                  "Async Capable": false,
                  "Startup Cost": 182946.8,
                  "Total Cost": 182946.88,
                  "Plan Rows": 30,
                  "Plan Width": 81,
                  "Actual Startup Time": 2453.383,
                  "Actual Total Time": 2464.275,
                  "Actual Rows": 63689,
                  "Actual Loops": 3,
                  "Sort Key": [
                    "nation.n_name",
                    "(EXTRACT(year FROM orders.o_orderdate)) DESC"
                  ],
                  "Sort Method": "quicksort",
                  "Sort Space Used": 3976,
                  "Sort Space Type": "Memory",
                  "Shared Hit Blocks": 1227265,
                  "Shared Read Blocks": 253567,
                  "Shared Dirtied Blocks": 0,
                  "Shared Written Blocks": 0,
                  "Local Hit Blocks": 0,
                  "Local Read Blocks": 0,
                  "Local Dirtied Blocks": 0,
                  "Local Written Blocks": 0,
                  "Temp Read Blocks": 1234,
                  "Temp Written Blocks": 1236,
                  "Workers": [
                    {
                      "Worker Number": 0,
                      "Sort Method": "external merge",
                      "Sort Space Used": 4856,
                      "Sort Space Type": "Disk"
                    },
                    {
                      "Worker Number": 1,
                      "Sort Method": "external merge",
                      "Sort Space Used": 5016,
                      "Sort Space Type": "Disk"
                    }
                  ],
                  "Plans": [
                    {
                      "Node Type": "Hash Join",
                      "Parent Relationship": "Outer",
                      "Parallel Aware": false,
                      "Async Capable": false,
                      "Join Type": "Inner",
                      "Startup Cost": 159573.07,
                      "Total Cost": 182946.07,
                      "Plan Rows": 30,
                      "Plan Width": 81,
                      "Actual Startup Time": 882.302,
                      "Actual Total Time": 2365.297,
                      "Actual Rows": 63689,
                      "Actual Loops": 3,
                      "Inner Unique": true,
                      "Hash Cond": "(supplier.s_nationkey = nation.n_nationkey)",
                      "Shared Hit Blocks": 1227237,
                      "Shared Read Blocks": 253567,
                      "Shared Dirtied Blocks": 0,
                      "Shared Written Blocks": 0,
                      "Local Hit Blocks": 0,
                      "Local Read Blocks": 0,
                      "Local Dirtied Blocks": 0,
                      "Local Written Blocks": 0,
                      "Temp Read Blocks": 0,
                      "Temp Written Blocks": 0,
                      "Workers": [],
                      "Plans": [
                        {
                          "Node Type": "Nested Loop",
                          "Parent Relationship": "Outer",
                          "Parallel Aware": false,
                          "Async Capable": false,
                          "Join Type": "Inner",
                          "Startup Cost": 159571.51,
                          "Total Cost": 182944.34,
                          "Plan Rows": 30,
                          "Plan Width": 31,
                          "Actual Startup Time": 881.74,
                          "Actual Total Time": 2319.777,
                          "Actual Rows": 63689,
                          "Actual Loops": 3,
                          "Inner Unique": true,
                          "Shared Hit Blocks": 1227206,
                          "Shared Read Blocks": 253567,
                          "Shared Dirtied Blocks": 0,
                          "Shared Written Blocks": 0,
                          "Local Hit Blocks": 0,
                          "Local Read Blocks": 0,
                          "Local Dirtied Blocks": 0,
                          "Local Written Blocks": 0,
                          "Temp Read Blocks": 0,
                          "Temp Written Blocks": 0,
                          "Workers": [],
                          "Plans": [
                            {
                              "Node Type": "Nested Loop",
                              "Parent Relationship": "Outer",
                              "Parallel Aware": false,
                              "Async Capable": false,
                              "Join Type": "Inner",
                              "Startup Cost": 159571.08,
                              "Total Cost": 182930.34,
                              "Plan Rows": 30,
                              "Plan Width": 35,
                              "Actual Startup Time": 880.555,
                              "Actual Total Time": 1226.413,
                              "Actual Rows": 63689,
                              "Actual Loops": 3,
                              "Inner Unique": true,
                              "Shared Hit Blocks": 581326,
                              "Shared Read Blocks": 135181,
                              "Shared Dirtied Blocks": 0,
                              "Shared Written Blocks": 0,
                              "Local Hit Blocks": 0,
                              "Local Read Blocks": 0,
                              "Local Dirtied Blocks": 0,
                              "Local Written Blocks": 0,
                              "Temp Read Blocks": 0,
                              "Temp Written Blocks": 0,
                              "Workers": [],
                              "Plans": [
                                {
                                  "Node Type": "Hash Join",
                                  "Parent Relationship": "Outer",
                                  "Parallel Aware": true,
                                  "Async Capable": false,
                                  "Join Type": "Inner",
                                  "Startup Cost": 159570.8,
                                  "Total Cost": 182921.26,
                                  "Plan Rows": 30,
                                  "Plan Width": 39,
                                  "Actual Startup Time": 880.172,
                                  "Actual Total Time": 1079.362,
                                  "Actual Rows": 63689,
                                  "Actual Loops": 3,
                                  "Inner Unique": false,
                                  "Hash Cond": "((partsupp.ps_suppkey = lineitem.l_suppkey) AND (partsupp.ps_partkey = lineitem.l_partkey))",
                                  "Shared Hit Blocks": 8157,
                                  "Shared Read Blocks": 135150,
                                  "Shared Dirtied Blocks": 0,
                                  "Shared Written Blocks": 0,
                                  "Local Hit Blocks": 0,
                                  "Local Read Blocks": 0,
                                  "Local Dirtied Blocks": 0,
                                  "Local Written Blocks": 0,
                                  "Temp Read Blocks": 0,
                                  "Temp Written Blocks": 0,
                                  "Workers": [],
                                  "Plans": [
                                    {
                                      "Node Type": "Seq Scan",
                                      "Parent Relationship": "Outer",
                                      "Parallel Aware": true,
                                      "Async Capable": false,
                                      "Relation Name": "partsupp",
                                      "Alias": "partsupp",
                                      "Startup Cost": 0.0,
                                      "Total Cost": 20850.33,
                                      "Plan Rows": 333333,
                                      "Plan Width": 14,
                                      "Actual Startup Time": 1.044,
                                      "Actual Total Time": 65.341,
                                      "Actual Rows": 266667,
                                      "Actual Loops": 3,
                                      "Shared Hit Blocks": 0,
                                      "Shared Read Blocks": 17517,
                                      "Shared Dirtied Blocks": 0,
                                      "Shared Written Blocks": 0,
                                      "Local Hit Blocks": 0,
                                      "Local Read Blocks": 0,
                                      "Local Dirtied Blocks": 0,
                                      "Local Written Blocks": 0,
                                      "Temp Read Blocks": 0,
                                      "Temp Written Blocks": 0,
                                      "Workers": []
                                    },
                                    {
                                      "Node Type": "Hash",
                                      "Parent Relationship": "Inner",
                                      "Parallel Aware": true,
                                      "Async Capable": false,
                                      "Startup Cost": 158434.07,
                                      "Total Cost": 158434.07,
                                      "Plan Rows": 75782,
                                      "Plan Width": 37,
                                      "Actual Startup Time": 878.183,
                                      "Actual Total Time": 878.187,
                                      "Actual Rows": 63689,
                                      "Actual Loops": 3,
                                      "Hash Buckets": 262144,
                                      "Original Hash Buckets": 262144,
                                      "Hash Batches": 1,
                                      "Original Hash Batches": 1,
                                      "Peak Memory Usage": 15584,
                                      "Shared Hit Blocks": 8157,
                                      "Shared Read Blocks": 117633,
                                      "Shared Dirtied Blocks": 0,
                                      "Shared Written Blocks": 0,
                                      "Local Hit Blocks": 0,
                                      "Local Read Blocks": 0,
                                      "Local Dirtied Blocks": 0,
                                      "Local Written Blocks": 0,
                                      "Temp Read Blocks": 0,
                                      "Temp Written Blocks": 0,
                                      "Workers": [],
                                      "Plans": [
                                        {
                                          "Node Type": "Hash Join",
                                          "Parent Relationship": "Outer",
                                          "Parallel Aware": true,
                                          "Async Capable": false,
                                          "Join Type": "Inner",
                                          "Startup Cost": 5377.23,
                                          "Total Cost": 158434.07,
                                          "Plan Rows": 75782,
                                          "Plan Width": 37,
                                          "Actual Startup Time": 25.503,
                                          "Actual Total Time": 846.251,
                                          "Actual Rows": 63689,
                                          "Actual Loops": 3,
                                          "Inner Unique": true,
                                          "Hash Cond": "(lineitem.l_partkey = part.p_partkey)",
                                          "Shared Hit Blocks": 8157,
                                          "Shared Read Blocks": 117633,
                                          "Shared Dirtied Blocks": 0,
                                          "Shared Written Blocks": 0,
                                          "Local Hit Blocks": 0,
                                          "Local Read Blocks": 0,
                                          "Local Dirtied Blocks": 0,
                                          "Local Written Blocks": 0,
                                          "Temp Read Blocks": 0,
                                          "Temp Written Blocks": 0,
                                          "Workers": [],
                                          "Plans": [
                                            {
                                              "Node Type": "Seq Scan",
                                              "Parent Relationship": "Outer",
                                              "Parallel Aware": true,
                                              "Async Capable": false,
                                              "Relation Name": "lineitem",
                                              "Alias": "lineitem",
                                              "Startup Cost": 0.0,
                                              "Total Cost": 146492.49,
                                              "Plan Rows": 2500649,
                                              "Plan Width": 33,
                                              "Actual Startup Time": 0.699,
                                              "Actual Total Time": 493.848,
                                              "Actual Rows": 2000405,
                                              "Actual Loops": 3,
                                              "Shared Hit Blocks": 8061,
                                              "Shared Read Blocks": 113425,
                                              "Shared Dirtied Blocks": 0,
                                              "Shared Written Blocks": 0,
                                              "Local Hit Blocks": 0,
                                              "Local Read Blocks": 0,
                                              "Local Dirtied Blocks": 0,
                                              "Local Written Blocks": 0,
                                              "Temp Read Blocks": 0,
                                              "Temp Written Blocks": 0,
                                              "Workers": []
                                            },
                                            {
                                              "Node Type": "Hash",
                                              "Parent Relationship": "Inner",
                                              "Parallel Aware": true,
                                              "Async Capable": false,
                                              "Startup Cost": 5345.67,
                                              "Total Cost": 5345.67,
                                              "Plan Rows": 2525,
                                              "Plan Width": 4,
                                              "Actual Startup Time": 24.76,
                                              "Actual Total Time": 24.761,
                                              "Actual Rows": 2121,
                                              "Actual Loops": 3,
                                              "Hash Buckets": 8192,
                                              "Original Hash Buckets": 8192,
                                              "Hash Batches": 1,
                                              "Original Hash Batches": 1,
                                              "Peak Memory Usage": 352,
                                              "Shared Hit Blocks": 96,
                                              "Shared Read Blocks": 4208,
                                              "Shared Dirtied Blocks": 0,
                                              "Shared Written Blocks": 0,
                                              "Local Hit Blocks": 0,
                                              "Local Read Blocks": 0,
                                              "Local Dirtied Blocks": 0,
                                              "Local Written Blocks": 0,
                                              "Temp Read Blocks": 0,
                                              "Temp Written Blocks": 0,
                                              "Workers": [],
                                              "Plans": [
                                                {
                                                  "Node Type": "Seq Scan",
                                                  "Parent Relationship": "Outer",
                                                  "Parallel Aware": true,
                                                  "Async Capable": false,
                                                  "Relation Name": "part",
                                                  "Alias": "part",
                                                  "Startup Cost": 0.0,
                                                  "Total Cost": 5345.67,
                                                  "Plan Rows": 2525,
                                                  "Plan Width": 4,
                                                  "Actual Startup Time": 0.352,
                                                  "Actual Total Time": 35.667,
                                                  "Actual Rows": 3181,
                                                  "Actual Loops": 2,
                                                  "Filter": "((p_name)::text ~~ 'co%'::text)",
                                                  "Rows Removed by Filter": 96819,
                                                  "Shared Hit Blocks": 96,
                                                  "Shared Read Blocks": 4208,
                                                  "Shared Dirtied Blocks": 0,
                                                  "Shared Written Blocks": 0,
                                                  "Local Hit Blocks": 0,
                                                  "Local Read Blocks": 0,
                                                  "Local Dirtied Blocks": 0,
                                                  "Local Written Blocks": 0,
                                                  "Temp Read Blocks": 0,
                                                  "Temp Written Blocks": 0,
                                                  "Workers": []
                                                }
                                              ]
                                            }
                                          ]
                                        }
                                      ]
                                    }
                                  ]
                                },
                                {
                                  "Node Type": "Index Scan",
                                  "Parent Relationship": "Inner",
                                  "Parallel Aware": false,
                                  "Async Capable": false,
                                  "Scan Direction": "Forward",
                                  "Index Name": "pk_supplier",
                                  "Relation Name": "supplier",
                                  "Alias": "supplier",
                                  "Startup Cost": 0.29,
                                  "Total Cost": 0.3,
                                  "Plan Rows": 1,
                                  "Plan Width": 8,
                                  "Actual Startup Time": 0.002,
                                  "Actual Total Time": 0.002,
                                  "Actual Rows": 1,
                                  "Actual Loops": 191066,
                                  "Index Cond": "(s_suppkey = lineitem.l_suppkey)",
                                  "Rows Removed by Index Recheck": 0,
                                  "Shared Hit Blocks": 573169,
                                  "Shared Read Blocks": 31,
                                  "Shared Dirtied Blocks": 0,
                                  "Shared Written Blocks": 0,
                                  "Local Hit Blocks": 0,
                                  "Local Read Blocks": 0,
                                  "Local Dirtied Blocks": 0,
                                  "Local Written Blocks": 0,
                                  "Temp Read Blocks": 0,
                                  "Temp Written Blocks": 0,
                                  "Workers": []
                                }
                              ]
                            },
                            {
                              "Node Type": "Index Scan",
                              "Parent Relationship": "Inner",
                              "Parallel Aware": false,
                              "Async Capable": false,
                              "Scan Direction": "Forward",
                              "Index Name": "pk_orders",
                              "Relation Name": "orders",
                              "Alias": "orders",
                              "Startup Cost": 0.43,
                              "Total Cost": 0.47,
                              "Plan Rows": 1,
                              "Plan Width": 12,
                              "Actual Startup Time": 0.017,
                              "Actual Total Time": 0.017,
                              "Actual Rows": 1,
                              "Actual Loops": 191066,
                              "Index Cond": "(o_orderkey = lineitem.l_orderkey)",
                              "Rows Removed by Index Recheck": 0,
                              "Shared Hit Blocks": 645880,
                              "Shared Read Blocks": 118386,
                              "Shared Dirtied Blocks": 0,
                              "Shared Written Blocks": 0,
                              "Local Hit Blocks": 0,
                              "Local Read Blocks": 0,
                              "Local Dirtied Blocks": 0,
                              "Local Written Blocks": 0,
                              "Temp Read Blocks": 0,
                              "Temp Written Blocks": 0,
                              "Workers": []
                            }
                          ]
                        },
                        {
                          "Node Type": "Hash",
                          "Parent Relationship": "Inner",
                          "Parallel Aware": false,
                          "Async Capable": false,
                          "Startup Cost": 1.25,
                          "Total Cost": 1.25,
                          "Plan Rows": 25,
                          "Plan Width": 30,
                          "Actual Startup Time": 0.515,
                          "Actual Total Time": 0.516,
                          "Actual Rows": 25,
                          "Actual Loops": 3,
                          "Hash Buckets": 1024,
                          "Original Hash Buckets": 1024,
                          "Hash Batches": 1,
                          "Original Hash Batches": 1,
                          "Peak Memory Usage": 10,
                          "Shared Hit Blocks": 3,
                          "Shared Read Blocks": 0,
                          "Shared Dirtied Blocks": 0,
                          "Shared Written Blocks": 0,
                          "Local Hit Blocks": 0,
                          "Local Read Blocks": 0,
                          "Local Dirtied Blocks": 0,
                          "Local Written Blocks": 0,
                          "Temp Read Blocks": 0,
                          "Temp Written Blocks": 0,
                          "Workers": [],
                          "Plans": [
                            {
                              "Node Type": "Seq Scan",
                              "Parent Relationship": "Outer",
                              "Parallel Aware": false,
                              "Async Capable": false,
                              "Relation Name": "nation",
                              "Alias": "nation",
                              "Startup Cost": 0.0,
                              "Total Cost": 1.25,
                              "Plan Rows": 25,
                              "Plan Width": 30,
                              "Actual Startup Time": 0.497,
                              "Actual Total Time": 0.5,
                              "Actual Rows": 25,
                              "Actual Loops": 3,
                              "Shared Hit Blocks": 3,
                              "Shared Read Blocks": 0,
                              "Shared Dirtied Blocks": 0,
                              "Shared Written Blocks": 0,
                              "Local Hit Blocks": 0,
                              "Local Read Blocks": 0,
                              "Local Dirtied Blocks": 0,
                              "Local Written Blocks": 0,
                              "Temp Read Blocks": 0,
                              "Temp Written Blocks": 0,
                              "Workers": []
                            }
                          ]
                        }
                      ]
                    }
                  ]
                }
              ]
            }
          ]
        }
      ]
    },
    "Planning": {
      "Shared Hit Blocks": 58,
      "Shared Read Blocks": 6,
      "Shared Dirtied Blocks": 0,
      "Shared Written Blocks": 0,
      "Local Hit Blocks": 0,
      "Local Read Blocks": 0,
      "Local Dirtied Blocks": 0,
      "Local Written Blocks": 0,
      "Temp Read Blocks": 0,
      "Temp Written Blocks": 0
    },
    "Planning Time": 1.97,
    "Triggers": [],
    "Execution Time": 2590.541
  }
]