[
  {
    "Plan": {
      "Node Type": "Aggregate",
      "Strategy": "Plain",
      "Partial Mode": "Simple",
      "Parallel Aware": false,
      "Async Capable": false,
      "Startup Cost": 573408.25,
      "Total Cost": 573408.26,
      "Plan Rows": 1,
      "Plan Width": 32,
      "Actual Startup Time": 3561.997,
      "Actual Total Time": 3562.27,
      "Actual Rows": 1,
      "Actual Loops": 1,
      "Shared Hit Blocks": 882,
      "Shared Read Blocks": 246602,
      "Shared Dirtied Blocks": 0,
      "Shared Written Blocks": 0,
      "Local Hit Blocks": 0,
      "Local Read Blocks": 0,
      "Local Dirtied Blocks": 0,
      "Local Written Blocks": 0,
      "Temp Read Blocks": 35371,
      "Temp Written Blocks": 57359,
      "Plans": [
        {
          "Node Type": "Hash Join",
          "Parent Relationship": "Outer",
          "Parallel Aware": false,
          "Async Capable": false,
          "Join Type": "Inner",
          "Startup Cost": 418153.72,
          "Total Cost": 573403.43,
          "Plan Rows": 1924,
          "Plan Width": 8,
          "Actual Startup Time": 3151.162,
          "Actual Total Time": 3561.735,
          "Actual Rows": 2228,
          "Actual Loops": 1,
          "Inner Unique": true,
          "Hash Cond": "(p.p_partkey = lineitem.l_partkey)",
          "Join Filter": "(l.l_quantity < ((0.7 * avg(lineitem.l_quantity))))",
          "Rows Removed by Join Filter": 4185,
          "Shared Hit Blocks": 882,
          "Shared Read Blocks": 246602,
          "Shared Dirtied Blocks": 0,
          "Shared Written Blocks": 0,
          "Local Hit Blocks": 0,
          "Local Read Blocks": 0,
          "Local Dirtied Blocks": 0,
          "Local Written Blocks": 0,
          "Temp Read Blocks": 35371,
          "Temp Written Blocks": 57359,
          "Plans": [
            {
              "Node Type": "Gather",
              "Parent Relationship": "Outer",
              "Parallel Aware": false,
              "Async Capable": false,
              "Startup Cost": 6555.04,
              "Total Cost": 160209.08,
              "Plan Rows": 5972,
              "Plan Width": 21,
              "Actual Startup Time": 184.233,
              "Actual Total Time": 558.703,
              "Actual Rows": 6413,
              "Actual Loops": 1,
              "Workers Planned": 2,
              "Workers Launched": 2,
              "Single Copy": false,
              "Shared Hit Blocks": 592,
              "Shared Read Blocks": 125392,
              "Shared Dirtied Blocks": 0,
              "Shared Written Blocks": 0,
              "Local Hit Blocks": 0,
              "Local Read Blocks": 0,
              "Local Dirtied Blocks": 0,
              "Local Written Blocks": 0,
              "Temp Read Blocks": 0,
              "Temp Written Blocks": 0,
              "Plans": [
                {
                  "Node Type": "Hash Join",
                  "Parent Relationship": "Outer",
                  "Parallel Aware": true,
                  "Async Capable": false,
                  "Join Type": "Inner",
                  "Startup Cost": 5555.04,
                  "Total Cost": 158611.88,
                  "Plan Rows": 2488,
                  "Plan Width": 21,
                  "Actual Startup Time": 65.959,
                  "Actual Total Time": 691.805,
                  "Actual Rows": 2138,
                  "Actual Loops": 3,
                  "Inner Unique": true,
                  "Hash Cond": "(l.l_partkey = p.p_partkey)",
                  "Shared Hit Blocks": 592,
                  "Shared Read Blocks": 125392,
                  "Shared Dirtied Blocks": 0,
                  "Shared Written Blocks": 0,
                  "Local Hit Blocks": 0,
                  "Local Read Blocks": 0,
                  "Local Dirtied Blocks": 0,
                  "Local Written Blocks": 0,
                  "Temp Read Blocks": 0,
                  "Temp Written Blocks": 0,
                  "Workers": [],
                  "Plans": [
                    {
                      "Node Type": "Seq Scan",
                      "Parent Relationship": "Outer",
                      "Parallel Aware": true,
                      "Async Capable": false,
                      "Relation Name": "lineitem",
                      "Alias": "l",
                      "Startup Cost": 0.0,
                      "Total Cost": 146492.49,
                      "Plan Rows": 2500649,
                      "Plan Width": 17,
                      "Actual Startup Time": 0.775,
                      "Actual Total Time": 379.666,
                      "Actual Rows": 2000405,
                      "Actual Loops": 3,
                      "Shared Hit Blocks": 206,
                      "Shared Read Blocks": 121280,
                      "Shared Dirtied Blocks": 0,
                      "Shared Written Blocks": 0,
                      "Local Hit Blocks": 0,
                      "Local Read Blocks": 0,
                      "Local Dirtied Blocks": 0,
                      "Local Written Blocks": 0,
                      "Temp Read Blocks": 0,
                      "Temp Written Blocks": 0,
                      "Workers": []
                    },
                    {
                      "Node Type": "Hash",
                      "Parent Relationship": "Inner",
                      "Parallel Aware": true,
                      "Async Capable": false,
                      "Startup Cost": 5554.0,
                      "Total Cost": 5554.0,
                      "Plan Rows": 83,
                      "Plan Width": 4,
                      "Actual Startup Time": 64.449,
                      "Actual Total Time": 64.45,
                      "Actual Rows": 71,
                      "Actual Loops": 3,
                      "Hash Buckets": 1024,
                      "Original Hash Buckets": 1024,
                      "Hash Batches": 1,
                      "Original Hash Batches": 1,
                      "Peak Memory Usage": 104,
                      "Shared Hit Blocks": 192,
                      "Shared Read Blocks": 4112,
                      "Shared Dirtied Blocks": 0,
                      "Shared Written Blocks": 0,
                      "Local Hit Blocks": 0,
                      "Local Read Blocks": 0,
                      "Local Dirtied Blocks": 0,
                      "Local Written Blocks": 0,
                      "Temp Read Blocks": 0,
                      "Temp Written Blocks": 0,
                      "Workers": [],
                      "Plans": [
                        {
                          "Node Type": "Seq Scan",
                          "Parent Relationship": "Outer",
                          "Parallel Aware": true,
                          "Async Capable": false,
                          "Relation Name": "part",
                          "Alias": "p",
                          "Startup Cost": 0.0,
                          "Total Cost": 5554.0,
                          "Plan Rows": 83,
                          "Plan Width": 4,
                          "Actual Startup Time": 0.779,
                          "Actual Total Time": 64.136,
                          "Actual Rows": 71,
                          "Actual Loops": 3,
                          "Filter": "((p_brand = 'Brand#53'::bpchar) AND (p_container = 'MED BAG'::bpchar))",
                          "Rows Removed by Filter": 66595,
                          "Shared Hit Blocks": 192,
                          "Shared Read Blocks": 4112,
                          "Shared Dirtied Blocks": 0,
                          "Shared Written Blocks": 0,
                          "Local Hit Blocks": 0,
                          "Local Read Blocks": 0,
                          "Local Dirtied Blocks": 0,
                          "Local Written Blocks": 0,
                          "Temp Read Blocks": 0,
                          "Temp Written Blocks": 0,
                          "Workers": []
                        }
                      ]
                    }
                  ]
                }
              ]
            },
            {
              "Node Type": "Hash",
              "Parent Relationship": "Inner",
              "Parallel Aware": false,
              "Async Capable": false,
              "Startup Cost": 407672.99,
              "Total Cost": 407672.99,
              "Plan Rows": 193255,
              "Plan Width": 36,
              "Actual Startup Time": 2962.228,
              "Actual Total Time": 2962.278,
              "Actual Rows": 200000,
              "Actual Loops": 1,
              "Hash Buckets": 131072,
              "Original Hash Buckets": 131072,
              "Hash Batches": 2,
              "Original Hash Batches": 2,
              "Peak Memory Usage": 5832,
              "Shared Hit Blocks": 290,
              "Shared Read Blocks": 121210,
              "Shared Dirtied Blocks": 0,
              "Shared Written Blocks": 0,
              "Local Hit Blocks": 0,
              "Local Read Blocks": 0,
              "Local Dirtied Blocks": 0,
              "Local Written Blocks": 0,
              "Temp Read Blocks": 34897,
              "Temp Written Blocks": 57338,
              "Plans": [
                {
                  "Node Type": "Aggregate",
                  "Strategy": "Sorted",
                  "Partial Mode": "Finalize",
                  "Parent Relationship": "Outer",
                  "Parallel Aware": false,
                  "Async Capable": false,
                  "Startup Cost": 356779.36,
                  "Total Cost": 407672.99,
                  "Plan Rows": 193255,
                  "Plan Width": 36,
                  "Actual Startup Time": 2467.309,
                  "Actual Total Time": 2909.601,
                  "Actual Rows": 200000,
                  "Actual Loops": 1,
                  "Group Key": [
                    "lineitem.l_partkey"
                  ],
                  "Shared Hit Blocks": 290,
                  "Shared Read Blocks": 121210,
                  "Shared Dirtied Blocks": 0,
                  "Shared Written Blocks": 0,
                  "Local Hit Blocks": 0,
                  "Local Read Blocks": 0,
                  "Local Dirtied Blocks": 0,
                  "Local Written Blocks": 0,
                  "Temp Read Blocks": 34897,
                  "Temp Written Blocks": 56885,
                  "Plans": [
                    {
                      "Node Type": "Gather Merge",
                      "Parent Relationship": "Outer",
                      "Parallel Aware": false,
                      "Async Capable": false,
                      "Startup Cost": 356779.36,
                      "Total Cost": 401875.34,
                      "Plan Rows": 386510,
                      "Plan Width": 36,
                      "Actual Startup Time": 2467.284,
                      "Actual Total Time": 2632.689,
                      "Actual Rows": 599860,
                      "Actual Loops": 1,
                      "Workers Planned": 2,
                      "Workers Launched": 2,
                      "Shared Hit Blocks": 290,
                      "Shared Read Blocks": 121210,
                      "Shared Dirtied Blocks": 0,
                      "Shared Written Blocks": 0,
                      "Local Hit Blocks": 0,
                      "Local Read Blocks": 0,
                      "Local Dirtied Blocks": 0,
                      "Local Written Blocks": 0,
                      "Temp Read Blocks": 34897,
                      "Temp Written Blocks": 56885,
                      "Plans": [
                        {
                          "Node Type": "Sort",
                          "Parent Relationship": "Outer",
                          "Parallel Aware": false,
                          "Async Capable": false,
                          "Startup Cost": 355779.34,
                          "Total Cost": 356262.47,
                          "Plan Rows": 193255,
                          "Plan Width": 36,
                          "Actual Startup Time": 2360.361,
                          "Actual Total Time": 2396.151,
                          "Actual Rows": 199953,
                          "Actual Loops": 3,
                          "Sort Key": [
                            "lineitem.l_partkey"
                          ],
                          "Sort Method": "external merge",
                          "Sort Space Used": 15080,
                          "Sort Space Type": "Disk",
                          "Shared Hit Blocks": 290,
                          "Shared Read Blocks": 121210,
                          "Shared Dirtied Blocks": 0,
                          "Shared Written Blocks": 0,
                          "Local Hit Blocks": 0,
                          "Local Read Blocks": 0,
                          "Local Dirtied Blocks": 0,
                          "Local Written Blocks": 0,
                          "Temp Read Blocks": 34897,
                          "Temp Written Blocks": 56885,
                          "Workers": [
                            {
                              "Worker Number": 0,
                              "Sort Method": "external merge",
                              "Sort Space Used": 15088,
                              "Sort Space Type": "Disk"
                            },
                            {
                              "Worker Number": 1,
                              "Sort Method": "external merge",
                              "Sort Space Used": 15088,
                              "Sort Space Type": "Disk"
                            }
                          ],
                          "Plans": [
                            {
                              "Node Type": "Aggregate",
                              "Strategy": "Hashed",
                              "Partial Mode": "Partial",
                              "Parent Relationship": "Outer",
                              "Parallel Aware": false,
                              "Async Capable": false,
                              "Startup Cost": 306690.32,
                              "Total Cost": 333526.41,
                              "Plan Rows": 193255,
                              "Plan Width": 36,
                              "Actual Startup Time": 1404.257,
                              "Actual Total Time": 2273.061,
                              "Actual Rows": 199953,
                              "Actual Loops": 3,
                              "Group Key": [
                                "lineitem.l_partkey"
                              ],
                              "Planned Partitions": 8,
                              "HashAgg Batches": 41,
                              "Peak Memory Usage": 8273,
                              "Disk Usage": 48360,
                              "Shared Hit Blocks": 276,
                              "Shared Read Blocks": 121210,
                              "Shared Dirtied Blocks": 0,
                              "Shared Written Blocks": 0,
                              "Local Hit Blocks": 0,
                              "Local Read Blocks": 0,
                              "Local Dirtied Blocks": 0,
                              "Local Written Blocks": 0,
                              "Temp Read Blocks": 29240,
                              "Temp Written Blocks": 51213,
                              "Workers": [
                                {
                                  "Worker Number": 0,
                                  "HashAgg Batches": 41,
                                  "Peak Memory Usage": 8273,
                                  "Disk Usage": 74256
                                },
                                {
                                  "Worker Number": 1,
                                  "HashAgg Batches": 41,
                                  "Peak Memory Usage": 8273,
                                  "Disk Usage": 78352
                                }
                              ],
                              "Plans": [
                                {
                                  "Node Type": "Seq Scan",
                                  "Parent Relationship": "Outer",
                                  "Parallel Aware": true,
                                  "Async Capable": false,
                                  "Relation Name": "lineitem",
                                  "Alias": "lineitem",
                                  "Startup Cost": 0.0,
                                  "Total Cost": 146492.49,
                                  "Plan Rows": 2500649,
                                  "Plan Width": 9,
                                  "Actual Startup Time": 0.655,
                                  "Actual Total Time": 389.327,
                                  "Actual Rows": 2000405,
                                  "Actual Loops": 3,
                                  "Shared Hit Blocks": 276,
                                  "Shared Read Blocks": 121210,
                                  "Shared Dirtied Blocks": 0,
                                  "Shared Written Blocks": 0,
                                  "Local Hit Blocks": 0,
                                  "Local Read Blocks": 0,
                                  "Local Dirtied Blocks": 0,
                                  "Local Written Blocks": 0,
                                  "Temp Read Blocks": 0,
                                  "Temp Written Blocks": 0,
                                  "Workers": []
                                }
                              ]
                            }
                          ]
                        }
                      ]
                    }
                  ]
                }
              ]
            }
          ]
        }
      ]
    },
    "Planning": {
      "Shared Hit Blocks": 8,
      "Shared Read Blocks": 0,
      "Shared Dirtied Blocks": 0,
      "Shared Written Blocks": 0,
      "Local Hit Blocks": 0,
      "Local Read Blocks": 0,
      "Local Dirtied Blocks": 0,
      "Local Written Blocks": 0,
      "Temp Read Blocks": 0,
      "Temp Written Blocks": 0
    },
    "Planning Time": 2.123,
    "Triggers": [],
    "Execution Time": 3582.644
  }
]