[
  {
    "Plan": {
      "Node Type": "Aggregate",
      "Strategy": "Sorted",
      "Partial Mode": "Finalize",
      "Parallel Aware": false,
      "Async Capable": false,
      "Startup Cost": 1000.43,
      "Total Cost": 208222.79,
      "Plan Rows": 1,
      "Plan Width": 27,
      "Actual Startup Time": 748.641,
      "Actual Total Time": 756.5,
      "Actual Rows": 1,
      "Actual Loops": 1,
      "Shared Hit Blocks": 53331,
      "Shared Read Blocks": 130225,
      "Shared Dirtied Blocks": 0,
      "Shared Written Blocks": 0,
      "Local Hit Blocks": 0,
      "Local Read Blocks": 0,
      "Local Dirtied Blocks": 0,
      "Local Written Blocks": 0,
      "Temp Read Blocks": 0,
      "Temp Written Blocks": 0,
      "Plans": [
        {
          "Node Type": "Gather",
          "Parent Relationship": "Outer",
          "Parallel Aware": false,
          "Async Capable": false,
          "Startup Cost": 1000.43,
          "Total Cost": 208222.77,
          "Plan Rows": 2,
          "Plan Width": 27,
          "Actual Startup Time": 748.436,
          "Actual Total Time": 756.481,
          "Actual Rows": 3,
          "Actual Loops": 1,
          "Workers Planned": 2,
          "Workers Launched": 2,
          "Single Copy": false,
          "Shared Hit Blocks": 53331,
          "Shared Read Blocks": 130225,
          "Shared Dirtied Blocks": 0,
          "Shared Written Blocks": 0,
          "Local Hit Blocks": 0,
          "Local Read Blocks": 0,
          "Local Dirtied Blocks": 0,
          "Local Written Blocks": 0,
          "Temp Read Blocks": 0,
          "Temp Written Blocks": 0,
          "Plans": [
            {
              "Node Type": "Aggregate",
              "Strategy": "Sorted",
              "Partial Mode": "Partial",
              "Parent Relationship": "Outer",
              "Parallel Aware": false,
              "Async Capable": false,
              "Startup Cost": 0.43,
              "Total Cost": 207222.57,
              "Plan Rows": 1,
              "Plan Width": 27,
              "Actual Startup Time": 689.441,
              "Actual Total Time": 689.442,
              "Actual Rows": 1,
              "Actual Loops": 3,
              "Shared Hit Blocks": 53331,
              "Shared Read Blocks": 130225,
              "Shared Dirtied Blocks": 0,
              "Shared Written Blocks": 0,
              "Local Hit Blocks": 0,
              "Local Read Blocks": 0,
              "Local Dirtied Blocks": 0,
              "Local Written Blocks": 0,
              "Temp Read Blocks": 0,
              "Temp Written Blocks": 0,
              "Workers": [],
              "Plans": [
                {
                  "Node Type": "Nested Loop",
                  "Parent Relationship": "Outer",
                  "Parallel Aware": false,
                  "Async Capable": false,
                  "Join Type": "Inner",
                  "Startup Cost": 0.43,
                  "Total Cost": 207128.96,
                  "Plan Rows": 6240,
                  "Plan Width": 27,
                  "Actual Startup Time": 1.333,
                  "Actual Total Time": 686.684,
                  "Actual Rows": 5172,
                  "Actual Loops": 3,
                  "Inner Unique": true,
                  "Shared Hit Blocks": 53331,
                  "Shared Read Blocks": 130225,
                  "Shared Dirtied Blocks": 0,
                  "Shared Written Blocks": 0,
                  "Local Hit Blocks": 0,
                  "Local Read Blocks": 0,
                  "Local Dirtied Blocks": 0,
                  "Local Written Blocks": 0,
                  "Temp Read Blocks": 0,
                  "Temp Written Blocks": 0,
                  "Workers": [],
                  "Plans": [
                    {
                      "Node Type": "Seq Scan",
                      "Parent Relationship": "Outer",
                      "Parallel Aware": true,
                      "Async Capable": false,
                      "Relation Name": "lineitem",
                      "Alias": "lineitem",
                      "Startup Cost": 0.0,
                      "Total Cost": 177750.61,
                      "Plan Rows": 6240,
                      "Plan Width": 19,
                      "Actual Startup Time": 0.885,
                      "Actual Total Time": 623.587,
                      "Actual Rows": 5172,
                      "Actual Loops": 3,
                      "Filter": "((l_commitdate < l_receiptdate) AND (l_shipdate < l_commitdate) AND (l_receiptdate >= '1995-01-01'::date) AND (l_receiptdate < '1996-01-01 00:00:00'::timestamp without time zone) AND (l_shipmode = 'SHIP'::bpchar))",
                      "Rows Removed by Filter": 1995233,
                      "Shared Hit Blocks": 50,
                      "Shared Read Blocks": 121436,
                      "Shared Dirtied Blocks": 0,
                      "Shared Written Blocks": 0,
                      "Local Hit Blocks": 0,
                      "Local Read Blocks": 0,
                      "Local Dirtied Blocks": 0,
                      "Local Written Blocks": 0,
                      "Temp Read Blocks": 0,
                      "Temp Written Blocks": 0,
                      "Workers": []
                    },
                    {
                      "Node Type": "Index Scan",
                      "Parent Relationship": "Inner",
                      "Parallel Aware": false,
                      "Async Capable": false,
                      "Scan Direction": "Forward",
                      "Index Name": "pk_orders",
                      "Relation Name": "orders",
                      "Alias": "orders",
                      "Startup Cost": 0.43,
                      "Total Cost": 4.71,
                      "Plan Rows": 1,
                      "Plan Width": 24,
                      "Actual Startup Time": 0.011,
                      "Actual Total Time": 0.011,
                      "Actual Rows": 1,
                      "Actual Loops": 15517,
                      "Index Cond": "(o_orderkey = lineitem.l_orderkey)",
                      "Rows Removed by Index Recheck": 0,
                      "Shared Hit Blocks": 53281,
                      "Shared Read Blocks": 8789,
                      "Shared Dirtied Blocks": 0,
                      "Shared Written Blocks": 0,
                      "Local Hit Blocks": 0,
                      "Local Read Blocks": 0,
                      "Local Dirtied Blocks": 0,
                      "Local Written Blocks": 0,
                      "Temp Read Blocks": 0,
                      "Temp Written Blocks": 0,
                      "Workers": []
                    }
                  ]
                }
              ]
            }
          ]
        }
      ]
    },
    "Planning": {
      "Shared Hit Blocks": 10,
      "Shared Read Blocks": 9,
      "Shared Dirtied Blocks": 0,
      "Shared Written Blocks": 0,
      "Local Hit Blocks": 0,
      "Local Read Blocks": 0,
      "Local Dirtied Blocks": 0,
      "Local Written Blocks": 0,
      "Temp Read Blocks": 0,
      "Temp Written Blocks": 0
    },
    "Planning Time": 0.561,
    "Triggers": [],
    "Execution Time": 756.564
  }
]