[
  {
    "Plan": {
      "Node Type": "Append",
      "Parallel Aware": false,
      "Async Capable": false,
      "Startup Cost": 1.91,
      "Total Cost": 29386.35,
      "Plan Rows": 22,
      "Plan Width": 36,
      "Actual Startup Time": 0.228,
      "Actual Total Time": 646.753,
      "Actual Rows": 22,
      "Actual Loops": 1,
      "Shared Hit Blocks": 306,
      "Shared Read Blocks": 28324,
      "Shared Dirtied Blocks": 0,
      "Shared Written Blocks": 0,
      "Local Hit Blocks": 0,
      "Local Read Blocks": 0,
      "Local Dirtied Blocks": 0,
      "Local Written Blocks": 0,
      "Temp Read Blocks": 2697,
      "Temp Written Blocks": 514,
      "Subplans Removed": 0,
      "Plans": [
        {
          "Node Type": "Limit",
          "Parent Relationship": "Member",
          "Parallel Aware": false,
          "Async Capable": false,
          "Startup Cost": 1.91,
          "Total Cost": 21.84,
          "Plan Rows": 12,
          "Plan Width": 30,
          "Actual Startup Time": 0.227,
          "Actual Total Time": 0.231,
          "Actual Rows": 12,
          "Actual Loops": 1,
          "Shared Hit Blocks": 16,
          "Shared Read Blocks": 1,
          "Shared Dirtied Blocks": 0,
          "Shared Written Blocks": 0,
          "Local Hit Blocks": 0,
          "Local Read Blocks": 0,
          "Local Dirtied Blocks": 0,
          "Local Written Blocks": 0,
          "Temp Read Blocks": 0,
          "Temp Written Blocks": 0,
          "Plans": [
            {
              "Node Type": "Incremental Sort",
              "Parent Relationship": "Outer",
              "Parallel Aware": false,
              "Async Capable": false,
              "Startup Cost": 1.91,
              "Total Cost": 666.09,
              "Plan Rows": 400,
              "Plan Width": 30,
              "Actual Startup Time": 0.226,
              "Actual Total Time": 0.228,
              "Actual Rows": 12,
              "Actual Loops": 1,
              "Sort Key": [
                "supplier.s_suppkey DESC",
                "supplier.s_name"
              ],
              "Presorted Key": [
                "supplier.s_suppkey"
              ],
              "Full-sort Groups": {
                "Group Count": 1,
                "Sort Methods Used": [
                  "quicksort"
                ],
                "Sort Space Memory": {
                  "Average Sort Space Used": 25,
                  "Peak Sort Space Used": 25
                }
              },
              "Shared Hit Blocks": 16,
              "Shared Read Blocks": 1,
              "Shared Dirtied Blocks": 0,
              "Shared Written Blocks": 0,
              "Local Hit Blocks": 0,
              "Local Read Blocks": 0,
              "Local Dirtied Blocks": 0,
              "Local Written Blocks": 0,
              "Temp Read Blocks": 0,
              "Temp Written Blocks": 0,
              "Plans": [
                {
                  "Node Type": "Nested Loop",
                  "Parent Relationship": "Outer",
                  "Parallel Aware": false,
                  "Async Capable": false,
                  "Join Type": "Inner",
                  "Startup Cost": 0.29,
                  "Total Cost": 648.09,
                  "Plan Rows": 400,
                  "Plan Width": 30,
                  "Actual Startup Time": 0.071,
                  "Actual Total Time": 0.203,
                  "Actual Rows": 13,
                  "Actual Loops": 1,
                  "Inner Unique": true,
                  "Join Filter": "(nation.n_nationkey = supplier.s_nationkey)",
                  "Rows Removed by Join Filter": 281,
                  "Shared Hit Blocks": 13,
                  "Shared Read Blocks": 1,
                  "Shared Dirtied Blocks": 0,
                  "Shared Written Blocks": 0,
                  "Local Hit Blocks": 0,
                  "Local Read Blocks": 0,
                  "Local Dirtied Blocks": 0,
                  "Local Written Blocks": 0,
                  "Temp Read Blocks": 0,
                  "Temp Written Blocks": 0,
                  "Plans": [
                    {
                      "Node Type": "Index Scan",
                      "Parent Relationship": "Outer",
                      "Parallel Aware": false,
                      "Async Capable": false,
                      "Scan Direction": "Backward",
                      "Index Name": "pk_supplier",
                      "Relation Name": "supplier",
                      "Alias": "supplier",
                      "Startup Cost": 0.29,
                      "Total Cost": 496.78,
                      "Plan Rows": 10000,
                      "Plan Width": 34,
                      "Actual Startup Time": 0.023,
                      "Actual Total Time": 0.093,
                      "Actual Rows": 294,
                      "Actual Loops": 1,
                      "Shared Hit Blocks": 13,
                      "Shared Read Blocks": 0,
                      "Shared Dirtied Blocks": 0,
                      "Shared Written Blocks": 0,
                      "Local Hit Blocks": 0,
                      "Local Read Blocks": 0,
                      "Local Dirtied Blocks": 0,
                      "Local Written Blocks": 0,
                      "Temp Read Blocks": 0,
                      "Temp Written Blocks": 0
                    },
                    {
                      "Node Type": "Materialize",
                      "Parent Relationship": "Inner",
                      "Parallel Aware": false,
                      "Async Capable": false,
                      "Startup Cost": 0.0,
                      "Total Cost": 1.32,
                      "Plan Rows": 1,
                      "Plan Width": 4,
                      "Actual Startup Time": 0.0,
                      "Actual Total Time": 0.0,
                      "Actual Rows": 1,
                      "Actual Loops": 294,
                      "Shared Hit Blocks": 0,
                      "Shared Read Blocks": 1,
                      "Shared Dirtied Blocks": 0,
                      "Shared Written Blocks": 0,
                      "Local Hit Blocks": 0,
                      "Local Read Blocks": 0,
                      "Local Dirtied Blocks": 0,
                      "Local Written Blocks": 0,
                      "Temp Read Blocks": 0,
                      "Temp Written Blocks": 0,
                      "Plans": [
                        {
                          "Node Type": "Seq Scan",
                          "Parent Relationship": "Outer",
                          "Parallel Aware": false,
                          "Async Capable": false,
                          "Relation Name": "nation",
                          "Alias": "nation",
                          "Startup Cost": 0.0,
                          "Total Cost": 1.31,
                          "Plan Rows": 1,
                          "Plan Width": 4,
                          "Actual Startup Time": 0.03,
                          "Actual Total Time": 0.032,
                          "Actual Rows": 1,
                          "Actual Loops": 1,
                          "Filter": "(n_name = 'GERMANY'::bpchar)",
                          "Rows Removed by Filter": 24,
                          "Shared Hit Blocks": 0,
                          "Shared Read Blocks": 1,
                          "Shared Dirtied Blocks": 0,
                          "Shared Written Blocks": 0,
                          "Local Hit Blocks": 0,
                          "Local Read Blocks": 0,
                          "Local Dirtied Blocks": 0,
                          "Local Written Blocks": 0,
                          "Temp Read Blocks": 0,
                          "Temp Written Blocks": 0
                        }
                      ]
                    }
                  ]
                }
              ]
            }
          ]
        },
        {
          "Node Type": "Subquery Scan",
          "Parent Relationship": "Member",
          "Parallel Aware": false,
          "Async Capable": false,
          "Alias": "*SELECT* 2",
          "Startup Cost": 1000.56,
          "Total Cost": 29364.4,
          "Plan Rows": 10,
          "Plan Width": 36,
          "Actual Startup Time": 89.012,
          "Actual Total Time": 646.514,
          "Actual Rows": 10,
          "Actual Loops": 1,
          "Shared Hit Blocks": 290,
          "Shared Read Blocks": 28323,
          "Shared Dirtied Blocks": 0,
          "Shared Written Blocks": 0,
          "Local Hit Blocks": 0,
          "Local Read Blocks": 0,
          "Local Dirtied Blocks": 0,
          "Local Written Blocks": 0,
          "Temp Read Blocks": 2697,
          "Temp Written Blocks": 514,
          "Plans": [
            {
              "Node Type": "Limit",
              "Parent Relationship": "Subquery",
              "Parallel Aware": false,
              "Async Capable": false,
              "Startup Cost": 1000.56,
              "Total Cost": 29364.3,
              "Plan Rows": 10,
              "Plan Width": 23,
              "Actual Startup Time": 89.01,
              "Actual Total Time": 646.504,
              "Actual Rows": 10,
              "Actual Loops": 1,
              "Shared Hit Blocks": 290,
              "Shared Read Blocks": 28323,
              "Shared Dirtied Blocks": 0,
              "Shared Written Blocks": 0,
              "Local Hit Blocks": 0,
              "Local Read Blocks": 0,
              "Local Dirtied Blocks": 0,
              "Local Written Blocks": 0,
              "Temp Read Blocks": 2697,
              "Temp Written Blocks": 514,
              "Plans": [
                {
                  "Node Type": "Nested Loop",
                  "Parent Relationship": "Outer",
                  "Parallel Aware": false,
                  "Async Capable": false,
                  "Join Type": "Inner",
                  "Startup Cost": 1000.56,
                  "Total Cost": 858713263.55,
                  "Plan Rows": 302750,
                  "Plan Width": 23,
                  "Actual Startup Time": 89.009,
                  "Actual Total Time": 646.497,
                  "Actual Rows": 10,
                  "Actual Loops": 1,
                  "Inner Unique": false,
                  "Join Filter": "(customer.c_custkey = orders.o_custkey)",
                  "Rows Removed by Join Filter": 1876304,
                  "Shared Hit Blocks": 290,
                  "Shared Read Blocks": 28323,
                  "Shared Dirtied Blocks": 0,
                  "Shared Written Blocks": 0,
                  "Local Hit Blocks": 0,
                  "Local Read Blocks": 0,
                  "Local Dirtied Blocks": 0,
                  "Local Written Blocks": 0,
                  "Temp Read Blocks": 2697,
                  "Temp Written Blocks": 514,
                  "Plans": [
                    {
                      "Node Type": "Gather Merge",
                      "Parent Relationship": "Outer",
                      "Parallel Aware": false,
                      "Async Capable": false,
                      "Startup Cost": 1000.56,
                      "Total Cost": 27918.67,
                      "Plan Rows": 150000,
                      "Plan Width": 23,
                      "Actual Startup Time": 60.822,
                      "Actual Total Time": 68.449,
                      "Actual Rows": 7,
                      "Actual Loops": 1,
                      "Workers Planned": 2,
                      "Workers Launched": 2,
                      "Shared Hit Blocks": 194,
                      "Shared Read Blocks": 81,
                      "Shared Dirtied Blocks": 0,
                      "Shared Written Blocks": 0,
                      "Local Hit Blocks": 0,
                      "Local Read Blocks": 0,
                      "Local Dirtied Blocks": 0,
                      "Local Written Blocks": 0,
                      "Temp Read Blocks": 0,
                      "Temp Written Blocks": 0,
                      "Plans": [
                        {
                          "Node Type": "Incremental Sort",
                          "Parent Relationship": "Outer",
                          "Parallel Aware": false,
                          "Async Capable": false,
                          "Startup Cost": 0.54,
                          "Total Cost": 9604.93,
                          "Plan Rows": 62500,
                          "Plan Width": 23,
                          "Actual Startup Time": 1.065,
                          "Actual Total Time": 1.622,
                          "Actual Rows": 912,
                          "Actual Loops": 3,
                          "Sort Key": [
                            "customer.c_custkey",
                            "customer.c_name DESC"
                          ],
                          "Presorted Key": [
                            "customer.c_custkey"
                          ],
                          "Full-sort Groups": {
                            "Group Count": 1,
                            "Sort Methods Used": [
                              "quicksort"
                            ],
                            "Sort Space Memory": {
                              "Average Sort Space Used": 26,
                              "Peak Sort Space Used": 26
                            }
                          },
                          "Shared Hit Blocks": 194,
                          "Shared Read Blocks": 81,
                          "Shared Dirtied Blocks": 0,
                          "Shared Written Blocks": 0,
                          "Local Hit Blocks": 0,
                          "Local Read Blocks": 0,
                          "Local Dirtied Blocks": 0,
                          "Local Written Blocks": 0,
                          "Temp Read Blocks": 0,
                          "Temp Written Blocks": 0,
                          "Workers": [
                            {
                              "Worker Number": 0,
                              "Full-sort Groups": {
                                "Group Count": 43,
                                "Sort Methods Used": [
                                  "quicksort"
                                ],
                                "Sort Space Memory": {
                                  "Average Sort Space Used": 26,
                                  "Peak Sort Space Used": 26
                                }
                              }
                            },
                            {
                              "Worker Number": 1,
                              "Full-sort Groups": {
                                "Group Count": 43,
                                "Sort Methods Used": [
                                  "quicksort"
                                ],
                                "Sort Space Memory": {
                                  "Average Sort Space Used": 26,
                                  "Peak Sort Space Used": 26
                                }
                              }
                            }
                          ],
                          "Plans": [
                            {
                              "Node Type": "Index Scan",
                              "Parent Relationship": "Outer",
                              "Parallel Aware": true,
                              "Async Capable": false,
                              "Scan Direction": "Forward",
                              "Index Name": "pk_customer",
                              "Relation Name": "customer",
                              "Alias": "customer",
                              "Startup Cost": 0.42,
                              "Total Cost": 6792.43,
                              "Plan Rows": 62500,
                              "Plan Width": 23,
                              "Actual Startup Time": 0.88,
                              "Actual Total Time": 1.335,
                              "Actual Rows": 929,
                              "Actual Loops": 3,
                              "Shared Hit Blocks": 4,
                              "Shared Read Blocks": 81,
                              "Shared Dirtied Blocks": 0,
                              "Shared Written Blocks": 0,
                              "Local Hit Blocks": 0,
                              "Local Read Blocks": 0,
                              "Local Dirtied Blocks": 0,
                              "Local Written Blocks": 0,
                              "Temp Read Blocks": 0,
                              "Temp Written Blocks": 0,
                              "Workers": []
                            }
                          ]
                        }
                      ]
                    },
                    {
                      "Node Type": "Materialize",
                      "Parent Relationship": "Inner",
                      "Parallel Aware": false,
                      "Async Capable": false,
                      "Startup Cost": 0.0,
                      "Total Cost": 49784.75,
                      "Plan Rows": 302750,
                      "Plan Width": 4,
                      "Actual Startup Time": 0.046,
                      "Actual Total Time": 65.61,
                      "Actual Rows": 268045,
                      "Actual Loops": 7,
                      "Shared Hit Blocks": 96,
                      "Shared Read Blocks": 28242,
                      "Shared Dirtied Blocks": 0,
                      "Shared Written Blocks": 0,
                      "Local Hit Blocks": 0,
                      "Local Read Blocks": 0,
                      "Local Dirtied Blocks": 0,
                      "Local Written Blocks": 0,
                      "Temp Read Blocks": 2697,
                      "Temp Written Blocks": 514,
                      "Plans": [
                        {
                          "Node Type": "Seq Scan",
                          "Parent Relationship": "Outer",
                          "Parallel Aware": false,
                          "Async Capable": false,
                          "Relation Name": "orders",
                          "Alias": "orders",
                          "Startup Cost": 0.0,
                          "Total Cost": 47088.0,
                          "Plan Rows": 302750,
                          "Plan Width": 4,
                          "Actual Startup Time": 0.111,
                          "Actual Total Time": 294.864,
                          "Actual Rows": 300343,
                          "Actual Loops": 1,
                          "Filter": "(o_orderpriority = '1-URGENT'::bpchar)",
                          "Rows Removed by Filter": 1199657,
                          "Shared Hit Blocks": 96,
                          "Shared Read Blocks": 28242,
                          "Shared Dirtied Blocks": 0,
                          "Shared Written Blocks": 0,
                          "Local Hit Blocks": 0,
                          "Local Read Blocks": 0,
                          "Local Dirtied Blocks": 0,
                          "Local Written Blocks": 0,
                          "Temp Read Blocks": 0,
                          "Temp Written Blocks": 0
                        }
                      ]
                    }
                  ]
                }
              ]
            }
          ]
        }
      ]
    },
    "Planning": {
      "Shared Hit Blocks": 206,
      "Shared Read Blocks": 27,
      "Shared Dirtied Blocks": 0,
      "Shared Written Blocks": 0,
      "Local Hit Blocks": 0,
      "Local Read Blocks": 0,
      "Local Dirtied Blocks": 0,
      "Local Written Blocks": 0,
      "Temp Read Blocks": 0,
      "Temp Written Blocks": 0
    },
    "Planning Time": 13.941,
    "Triggers": [],
    "Execution Time": 649.58
  }
]