{
  "Node Type": "Sort",
  "Parallel Aware": false,
  "Async Capable": false,
  "Startup Cost": 226184.93,
  "Total Cost": 226215.01,
  "Plan Rows": 12030,
  "Plan Width": 51,
  "Sort Key": [
    "(sum(((lineitem.l_extendedprice * ('1'::numeric - lineitem.l_discount)) + lineitem.l_quantity))) DESC",
    "orders.o_orderdate",
    "orders.o_shippriority"
  ],
  "Sort Method": "quicksort",
  "Sort Space Used": 516,
  "Sort Space Type": "Memory",
  "Plans": [
    {
      "Node Type": "Aggregate",
      "Strategy": "Sorted",
      "Partial Mode": "Finalize",
      "Parent Relationship": "Outer",
      "Parallel Aware": false,
      "Async Capable": false,
      "Startup Cost": 222111.32,
      "Total Cost": 225369.64,
      "Plan Rows": 12030,
      "Plan Width": 51,
      "Group Key": [
        "orders.o_orderdate",
        "orders.o_shippriority",
        "customer.c_mktsegment"
      ],
      "Plans": [
        {
          "Node Type": "Gather Merge",
          "Parent Relationship": "Outer",
          "Parallel Aware": false,
          "Async Capable": false,
          "Startup Cost": 222111.32,
          "Total Cost": 224918.51,
          "Plan Rows": 24060,
          "Plan Width": 51,
          "Workers Planned": 2,
          "Workers Launched": 2,
          "Plans": [
            {
              "Node Type": "Sort",
              "Parent Relationship": "Outer",
              "Parallel Aware": false,
              "Async Capable": false,
              "Startup Cost": 221111.29,
              "Total Cost": 221141.37,
              "Plan Rows": 12030,
              "Plan Width": 51,
              "Sort Key": [
                "orders.o_orderdate",
                "orders.o_shippriority",
                "customer.c_mktsegment"
              ],
              "Sort Method": "quicksort",
              "Sort Space Used": 894,
              "Sort Space Type": "Memory",
              "Workers": [
                {
                  "Worker Number": 0,
                  "Sort Method": "quicksort",
                  "Sort Space Used": 894,
                  "Sort Space Type": "Memory"
                },
                {
                  "Worker Number": 1,
                  "Sort Method": "quicksort",
                  "Sort Space Used": 894,
                  "Sort Space Type": "Memory"
                }
              ],
              "Plans": [
                {
                  "Node Type": "Aggregate",
                  "Strategy": "Hashed",
                  "Partial Mode": "Partial",
                  "Parent Relationship": "Outer",
                  "Parallel Aware": false,
                  "Async Capable": false,
                  "Startup Cost": 220145.62,
                  "Total Cost": 220296.0,
                  "Plan Rows": 12030,
                  "Plan Width": 51,
                  "Group Key": [
                    "orders.o_orderdate",
                    "orders.o_shippriority",
                    "customer.c_mktsegment"
                  ],
                  "Planned Partitions": 0,
                  "HashAgg Batches": 1,
                  "Peak Memory Usage": 3217,
                  "Disk Usage": 0,
                  "Workers": [
                    {
                      "Worker Number": 0,
                      "HashAgg Batches": 1,
                      "Peak Memory Usage": 3217,
                      "Disk Usage": 0
                    },
                    {
                      "Worker Number": 1,
                      "HashAgg Batches": 1,
                      "Peak Memory Usage": 3217,
                      "Disk Usage": 0
                    }
                  ],
                  "Plans": [
                    {
                      "Node Type": "Hash Join",
                      "Parent Relationship": "Outer",
                      "Parallel Aware": true,
                      "Async Capable": false,
                      "Join Type": "Inner",
                      "Startup Cost": 47883.64,
                      "Total Cost": 218374.76,
                      "Plan Rows": 101192,
                      "Plan Width": 36,
                      "Inner Unique": true,
                      "Hash Cond": "(orders.o_custkey = customer.c_custkey)",
                      "Workers": [],
                      "Plans": [
                        {
                          "Node Type": "Hash Join",
                          "Parent Relationship": "Outer",
                          "Parallel Aware": true,
                          "Async Capable": false,
                          "Join Type": "Inner",
                          "Startup Cost": 42732.39,
                          "Total Cost": 212957.87,
                          "Plan Rows": 101192,
                          "Plan Width": 29,
                          "Inner Unique": true,
                          "Hash Cond": "(lineitem.l_orderkey = orders.o_orderkey)",
                          "Workers": [],
                          "Plans": [
                            {
                              "Node Type": "Seq Scan",
                              "Parent Relationship": "Outer",
                              "Parallel Aware": true,
                              "Async Capable": false,
                              "Relation Name": "lineitem",
                              "Alias": "lineitem",
                              "Startup Cost": 0.0,
                              "Total Cost": 165247.36,
                              "Plan Rows": 176429,
                              "Plan Width": 25,
                              "Filter": "((l_extendedprice >= '5000'::numeric) AND (l_extendedprice <= '10000'::numeric) AND (l_quantity <= '123'::numeric))",
                              "Rows Removed by Filter": 1860171,
                              "Workers": []
                            },
                            {
                              "Node Type": "Hash",
                              "Parent Relationship": "Inner",
                              "Parallel Aware": true,
                              "Async Capable": false,
                              "Startup Cost": 36150.5,
                              "Total Cost": 36150.5,
                              "Plan Rows": 358471,
                              "Plan Width": 20,
                              "Hash Buckets": 131072,
                              "Original Hash Buckets": 131072,
                              "Hash Batches": 8,
                              "Original Hash Batches": 8,
                              "Peak Memory Usage": 6976,
                              "Workers": [],
                              "Plans": [
                                {
                                  "Node Type": "Seq Scan",
                                  "Parent Relationship": "Outer",
                                  "Parallel Aware": true,
                                  "Async Capable": false,
                                  "Relation Name": "orders",
                                  "Alias": "orders",
                                  "Startup Cost": 0.0,
                                  "Total Cost": 36150.5,
                                  "Plan Rows": 358471,
                                  "Plan Width": 20,
                                  "Filter": "(o_orderdate <= '1995-10-13'::date)",
                                  "Rows Removed by Filter": 213057,
                                  "Workers": []
                                }
                              ]
                            }
                          ]
                        },
                        {
                          "Node Type": "Hash",
                          "Parent Relationship": "Inner",
                          "Parallel Aware": true,
                          "Async Capable": false,
                          "Startup Cost": 4370.0,
                          "Total Cost": 4370.0,
                          "Plan Rows": 62500,
                          "Plan Width": 15,
                          "Hash Buckets": 262144,
                          "Original Hash Buckets": 262144,
                          "Hash Batches": 1,
                          "Original Hash Batches": 1,
                          "Peak Memory Usage": 9120,
                          "Workers": [],
                          "Plans": [
                            {
                              "Node Type": "Seq Scan",
                              "Parent Relationship": "Outer",
                              "Parallel Aware": true,
                              "Async Capable": false,
                              "Relation Name": "customer",
                              "Alias": "customer",
                              "Startup Cost": 0.0,
                              "Total Cost": 4370.0,
                              "Plan Rows": 62500,
                              "Plan Width": 15,
                              "Workers": []
                            }
                          ]
                        }
                      ]
                    }
                  ]
                }
              ]
            }
          ]
        }
      ]
    }
  ]
}