{
  "Node Type": "Sort",
  "Parallel Aware": false,
  "Async Capable": false,
  "Startup Cost": 20601.17,
  "Total Cost": 20622.92,
  "Plan Rows": 8699,
  "Plan Width": 44,
  "Sort Key": [
    "(count(DISTINCT ps.ps_suppkey)) DESC",
    "p.p_brand",
    "p.p_type",
    "p.p_size"
  ],
  "Sort Method": "quicksort",
  "Sort Space Used": 622,
  "Sort Space Type": "Memory",
  "Plans": [
    {
      "Node Type": "Aggregate",
      "Strategy": "Sorted",
      "Partial Mode": "Simple",
      "Parent Relationship": "Outer",
      "Parallel Aware": false,
      "Async Capable": false,
      "Startup Cost": 14331.38,
      "Total Cost": 20031.97,
      "Plan Rows": 8699,
      "Plan Width": 44,
      "Group Key": [
        "p.p_brand",
        "p.p_type",
        "p.p_size"
      ],
      "Plans": [
        {
          "Node Type": "Gather Merge",
          "Parent Relationship": "Outer",
          "Parallel Aware": false,
          "Async Capable": false,
          "Startup Cost": 14331.38,
          "Total Cost": 19501.1,
          "Plan Rows": 44388,
          "Plan Width": 40,
          "Workers Planned": 2,
          "Workers Launched": 2,
          "Plans": [
            {
              "Node Type": "Sort",
              "Parent Relationship": "Outer",
              "Parallel Aware": false,
              "Async Capable": false,
              "Startup Cost": 13331.36,
              "Total Cost": 13377.6,
              "Plan Rows": 18495,
              "Plan Width": 40,
              "Sort Key": [
                "p.p_brand",
                "p.p_type",
                "p.p_size",
                "ps.ps_suppkey"
              ],
              "Sort Method": "quicksort",
              "Sort Space Used": 2312,
              "Sort Space Type": "Memory",
              "Workers": [
                {
                  "Worker Number": 0,
                  "Sort Method": "quicksort",
                  "Sort Space Used": 993,
                  "Sort Space Type": "Memory"
                },
                {
                  "Worker Number": 1,
                  "Sort Method": "quicksort",
                  "Sort Space Used": 883,
                  "Sort Space Type": "Memory"
                }
              ],
              "Plans": [
                {
                  "Node Type": "Nested Loop",
                  "Parent Relationship": "Outer",
                  "Parallel Aware": false,
                  "Async Capable": false,
                  "Join Type": "Inner",
                  "Startup Cost": 0.42,
                  "Total Cost": 12020.54,
                  "Plan Rows": 18495,
                  "Plan Width": 40,
                  "Inner Unique": false,
                  "Workers": [],
                  "Plans": [
                    {
                      "Node Type": "Seq Scan",
                      "Parent Relationship": "Outer",
                      "Parallel Aware": true,
                      "Async Capable": false,
                      "Relation Name": "part",
                      "Alias": "p",
                      "Startup Cost": 0.0,
                      "Total Cost": 5866.5,
                      "Plan Rows": 4624,
                      "Plan Width": 40,
                      "Filter": "((p_brand <> 'Brand#23'::bpchar) AND ((p_type)::text !~~ 'MEDIUM POLISHED%'::text) AND (p_size = ANY ('{1,4,7}'::integer[])))",
                      "Rows Removed by Filter": 62909,
                      "Workers": []
                    },
                    {
                      "Node Type": "Index Only Scan",
                      "Parent Relationship": "Inner",
                      "Parallel Aware": false,
                      "Async Capable": false,
                      "Scan Direction": "Forward",
                      "Index Name": "pk_partsupp",
                      "Relation Name": "partsupp",
                      "Alias": "ps",
                      "Startup Cost": 0.42,
                      "Total Cost": 1.29,
                      "Plan Rows": 4,
                      "Plan Width": 8,
                      "Index Cond": "(ps_partkey = p.p_partkey)",
                      "Rows Removed by Index Recheck": 0,
                      "Heap Fetches": 0,
                      "Workers": []
                    }
                  ]
                }
              ]
            }
          ]
        }
      ]
    }
  ]
}