{
  "Node Type": "Aggregate",
  "Strategy": "Plain",
  "Partial Mode": "Finalize",
  "Parallel Aware": false,
  "Async Capable": false,
  "Startup Cost": 167019.34,
  "Total Cost": 167019.35,
  "Plan Rows": 1,
  "Plan Width": 32,
  "Plans": [
    {
      "Node Type": "Gather",
      "Parent Relationship": "Outer",
      "Parallel Aware": false,
      "Async Capable": false,
      "Startup Cost": 167019.12,
      "Total Cost": 167019.33,
      "Plan Rows": 2,
      "Plan Width": 32,
      "Workers Planned": 2,
      "Workers Launched": 2,
      "Single Copy": false,
      "Plans": [
        {
          "Node Type": "Aggregate",
          "Strategy": "Plain",
          "Partial Mode": "Partial",
          "Parent Relationship": "Outer",
          "Parallel Aware": false,
          "Async Capable": false,
          "Startup Cost": 166019.12,
          "Total Cost": 166019.13,
          "Plan Rows": 1,
          "Plan Width": 32,
          "Workers": [],
          "Plans": [
            {
              "Node Type": "Seq Scan",
              "Parent Relationship": "Outer",
              "Parallel Aware": true,
              "Async Capable": false,
              "Relation Name": "lineitem",
              "Alias": "lineitem",
              "Startup Cost": 0.0,
              "Total Cost": 165247.36,
              "Plan Rows": 154351,
              "Plan Width": 12,
              "Filter": "((l_shipdate < '1995-01-01'::date) AND (l_shipdate >= '1993-01-01'::date) AND (l_quantity > '40'::numeric))",
              "Rows Removed by Filter": 1879354,
              "Workers": []
            }
          ]
        }
      ]
    }
  ]
}