{
  "Node Type": "Sort",
  "Parallel Aware": false,
  "Async Capable": false,
  "Startup Cost": 174926.82,
  "Total Cost": 174926.82,
  "Plan Rows": 1,
  "Plan Width": 34,
  "Sort Key": [
    "(count(*)) DESC",
    "s.s_name"
  ],
  "Sort Method": "quicksort",
  "Sort Space Used": 47,
  "Sort Space Type": "Memory",
  "Plans": [
    {
      "Node Type": "Aggregate",
      "Strategy": "Sorted",
      "Partial Mode": "Simple",
      "Parent Relationship": "Outer",
      "Parallel Aware": false,
      "Async Capable": false,
      "Startup Cost": 174926.79,
      "Total Cost": 174926.81,
      "Plan Rows": 1,
      "Plan Width": 34,
      "Group Key": [
        "s.s_name"
      ],
      "Plans": [
        {
          "Node Type": "Sort",
          "Parent Relationship": "Outer",
          "Parallel Aware": false,
          "Async Capable": false,
          "Startup Cost": 174926.79,
          "Total Cost": 174926.79,
          "Plan Rows": 1,
          "Plan Width": 26,
          "Sort Key": [
            "s.s_name"
          ],
          "Sort Method": "quicksort",
          "Sort Space Used": 97,
          "Sort Space Type": "Memory",
          "Plans": [
            {
              "Node Type": "Nested Loop",
              "Parent Relationship": "Outer",
              "Parallel Aware": false,
              "Async Capable": false,
              "Join Type": "Anti",
              "Startup Cost": 1361.32,
              "Total Cost": 174926.78,
              "Plan Rows": 1,
              "Plan Width": 26,
              "Inner Unique": false,
              "Plans": [
                {
                  "Node Type": "Nested Loop",
                  "Parent Relationship": "Outer",
                  "Parallel Aware": false,
                  "Async Capable": false,
                  "Join Type": "Inner",
                  "Startup Cost": 1360.88,
                  "Total Cost": 174925.68,
                  "Plan Rows": 1,
                  "Plan Width": 38,
                  "Inner Unique": true,
                  "Plans": [
                    {
                      "Node Type": "Gather",
                      "Parent Relationship": "Outer",
                      "Parallel Aware": false,
                      "Async Capable": false,
                      "Startup Cost": 1360.46,
                      "Total Cost": 174925.17,
                      "Plan Rows": 1,
                      "Plan Width": 38,
                      "Workers Planned": 2,
                      "Workers Launched": 2,
                      "Single Copy": false,
                      "Plans": [
                        {
                          "Node Type": "Nested Loop",
                          "Parent Relationship": "Outer",
                          "Parallel Aware": false,
                          "Async Capable": false,
                          "Join Type": "Anti",
                          "Startup Cost": 360.46,
                          "Total Cost": 173925.07,
                          "Plan Rows": 1,
                          "Plan Width": 38,
                          "Inner Unique": false,
                          "Workers": [],
                          "Plans": [
                            {
                              "Node Type": "Hash Join",
                              "Parent Relationship": "Outer",
                              "Parallel Aware": false,
                              "Async Capable": false,
                              "Join Type": "Inner",
                              "Startup Cost": 360.02,
                              "Total Cost": 156563.37,
                              "Plan Rows": 33342,
                              "Plan Width": 38,
                              "Inner Unique": false,
                              "Hash Cond": "(l1.l_suppkey = s.s_suppkey)",
                              "Workers": [],
                              "Plans": [
                                {
                                  "Node Type": "Seq Scan",
                                  "Parent Relationship": "Outer",
                                  "Parallel Aware": true,
                                  "Async Capable": false,
                                  "Relation Name": "lineitem",
                                  "Alias": "l1",
                                  "Startup Cost": 0.0,
                                  "Total Cost": 152744.11,
                                  "Plan Rows": 833550,
                                  "Plan Width": 12,
                                  "Filter": "(l_receiptdate > l_commitdate)",
                                  "Rows Removed by Filter": 735973,
                                  "Workers": []
                                },
                                {
                                  "Node Type": "Hash",
                                  "Parent Relationship": "Inner",
                                  "Parallel Aware": false,
                                  "Async Capable": false,
                                  "Startup Cost": 355.02,
                                  "Total Cost": 355.02,
                                  "Plan Rows": 400,
                                  "Plan Width": 30,
                                  "Hash Buckets": 1024,
                                  "Original Hash Buckets": 1024,
                                  "Hash Batches": 1,
                                  "Original Hash Batches": 1,
                                  "Peak Memory Usage": 34,
                                  "Workers": [],
                                  "Plans": [
                                    {
                                      "Node Type": "Hash Join",
                                      "Parent Relationship": "Outer",
                                      "Parallel Aware": false,
                                      "Async Capable": false,
                                      "Join Type": "Inner",
                                      "Startup Cost": 1.32,
                                      "Total Cost": 355.02,
                                      "Plan Rows": 400,
                                      "Plan Width": 30,
                                      "Inner Unique": true,
                                      "Hash Cond": "(s.s_nationkey = n.n_nationkey)",
                                      "Workers": [],
                                      "Plans": [
                                        {
                                          "Node Type": "Seq Scan",
                                          "Parent Relationship": "Outer",
                                          "Parallel Aware": false,
                                          "Async Capable": false,
                                          "Relation Name": "supplier",
                                          "Alias": "s",
                                          "Startup Cost": 0.0,
                                          "Total Cost": 323.0,
                                          "Plan Rows": 10000,
                                          "Plan Width": 34,
                                          "Workers": []
                                        },
                                        {
                                          "Node Type": "Hash",
                                          "Parent Relationship": "Inner",
                                          "Parallel Aware": false,
                                          "Async Capable": false,
                                          "Startup Cost": 1.31,
                                          "Total Cost": 1.31,
                                          "Plan Rows": 1,
                                          "Plan Width": 4,
                                          "Hash Buckets": 1024,
                                          "Original Hash Buckets": 1024,
                                          "Hash Batches": 1,
                                          "Original Hash Batches": 1,
                                          "Peak Memory Usage": 9,
                                          "Workers": [],
                                          "Plans": [
                                            {
                                              "Node Type": "Seq Scan",
                                              "Parent Relationship": "Outer",
                                              "Parallel Aware": false,
                                              "Async Capable": false,
                                              "Relation Name": "nation",
                                              "Alias": "n",
                                              "Startup Cost": 0.0,
                                              "Total Cost": 1.31,
                                              "Plan Rows": 1,
                                              "Plan Width": 4,
                                              "Filter": "(n_name = 'ARGENTINA'::bpchar)",
                                              "Rows Removed by Filter": 24,
                                              "Workers": []
                                            }
                                          ]
                                        }
                                      ]
                                    }
                                  ]
                                }
                              ]
                            },
                            {
                              "Node Type": "Index Scan",
                              "Parent Relationship": "Inner",
                              "Parallel Aware": false,
                              "Async Capable": false,
                              "Scan Direction": "Forward",
                              "Index Name": "pk_lineitem",
                              "Relation Name": "lineitem",
                              "Alias": "l2",
                              "Startup Cost": 0.43,
                              "Total Cost": 1.04,
                              "Plan Rows": 16,
                              "Plan Width": 12,
                              "Index Cond": "(l_orderkey = l1.l_orderkey)",
                              "Rows Removed by Index Recheck": 0,
                              "Filter": "(l_suppkey <> l1.l_suppkey)",
                              "Rows Removed by Filter": 0,
                              "Workers": []
                            }
                          ]
                        }
                      ]
                    },
                    {
                      "Node Type": "Index Scan",
                      "Parent Relationship": "Inner",
                      "Parallel Aware": false,
                      "Async Capable": false,
                      "Scan Direction": "Forward",
                      "Index Name": "pk_orders",
                      "Relation Name": "orders",
                      "Alias": "o",
                      "Startup Cost": 0.43,
                      "Total Cost": 0.51,
                      "Plan Rows": 1,
                      "Plan Width": 8,
                      "Index Cond": "(o_orderkey = l1.l_orderkey)",
                      "Rows Removed by Index Recheck": 0,
                      "Filter": "(o_orderstatus = 'F'::bpchar)",
                      "Rows Removed by Filter": 1
                    }
                  ]
                },
                {
                  "Node Type": "Index Scan",
                  "Parent Relationship": "Inner",
                  "Parallel Aware": false,
                  "Async Capable": false,
                  "Scan Direction": "Forward",
                  "Index Name": "pk_lineitem",
                  "Relation Name": "lineitem",
                  "Alias": "l3",
                  "Startup Cost": 0.43,
                  "Total Cost": 1.08,
                  "Plan Rows": 5,
                  "Plan Width": 12,
                  "Index Cond": "(l_orderkey = l1.l_orderkey)",
                  "Rows Removed by Index Recheck": 0,
                  "Filter": "((l_receiptdate > l_commitdate) AND (l_suppkey <> l1.l_suppkey))",
                  "Rows Removed by Filter": 1
                }
              ]
            }
          ]
        }
      ]
    }
  ]
}