{
  "Node Type": "Aggregate",
  "Strategy": "Sorted",
  "Partial Mode": "Finalize",
  "Parallel Aware": false,
  "Async Capable": false,
  "Startup Cost": 131940.71,
  "Total Cost": 132287.93,
  "Plan Rows": 2406,
  "Plan Width": 64,
  "Group Key": [
    "(EXTRACT(year FROM o.o_orderdate))"
  ],
  "Plans": [
    {
      "Node Type": "Gather Merge",
      "Parent Relationship": "Outer",
      "Parallel Aware": false,
      "Async Capable": false,
      "Startup Cost": 131940.71,
      "Total Cost": 132214.54,
      "Plan Rows": 2022,
      "Plan Width": 96,
      "Workers Planned": 2,
      "Workers Launched": 2,
      "Plans": [
        {
          "Node Type": "Aggregate",
          "Strategy": "Sorted",
          "Partial Mode": "Partial",
          "Parent Relationship": "Outer",
          "Parallel Aware": false,
          "Async Capable": false,
          "Startup Cost": 130940.69,
          "Total Cost": 130981.13,
          "Plan Rows": 1011,
          "Plan Width": 96,
          "Group Key": [
            "(EXTRACT(year FROM o.o_orderdate))"
          ],
          "Workers": [],
          "Plans": [
            {
              "Node Type": "Sort",
              "Parent Relationship": "Outer",
              "Parallel Aware": false,
              "Async Capable": false,
              "Startup Cost": 130940.69,
              "Total Cost": 130943.21,
              "Plan Rows": 1011,
              "Plan Width": 70,
              "Sort Key": [
                "(EXTRACT(year FROM o.o_orderdate))"
              ],
              "Sort Method": "quicksort",
              "Sort Space Used": 73,
              "Sort Space Type": "Memory",
              "Workers": [
                {
                  "Worker Number": 0,
                  "Sort Method": "quicksort",
                  "Sort Space Used": 69,
                  "Sort Space Type": "Memory"
                },
                {
                  "Worker Number": 1,
                  "Sort Method": "quicksort",
                  "Sort Space Used": 72,
                  "Sort Space Type": "Memory"
                }
              ],
              "Plans": [
                {
                  "Node Type": "Hash Join",
                  "Parent Relationship": "Outer",
                  "Parallel Aware": false,
                  "Async Capable": false,
                  "Join Type": "Inner",
                  "Startup Cost": 10243.01,
                  "Total Cost": 130890.23,
                  "Plan Rows": 1011,
                  "Plan Width": 70,
                  "Inner Unique": true,
                  "Hash Cond": "(s.s_nationkey = n2.n_nationkey)",
                  "Workers": [],
                  "Plans": [
                    {
                      "Node Type": "Nested Loop",
                      "Parent Relationship": "Outer",
                      "Parallel Aware": false,
                      "Async Capable": false,
                      "Join Type": "Inner",
                      "Startup Cost": 10241.44,
                      "Total Cost": 130883.04,
                      "Plan Rows": 1011,
                      "Plan Width": 20,
                      "Inner Unique": true,
                      "Workers": [],
                      "Plans": [
                        {
                          "Node Type": "Hash Join",
                          "Parent Relationship": "Outer",
                          "Parallel Aware": true,
                          "Async Capable": false,
                          "Join Type": "Inner",
                          "Startup Cost": 10241.16,
                          "Total Cost": 130577.04,
                          "Plan Rows": 1011,
                          "Plan Width": 20,
                          "Inner Unique": true,
                          "Hash Cond": "(l.l_partkey = p.p_partkey)",
                          "Workers": [],
                          "Plans": [
                            {
                              "Node Type": "Nested Loop",
                              "Parent Relationship": "Outer",
                              "Parallel Aware": false,
                              "Async Capable": false,
                              "Join Type": "Inner",
                              "Startup Cost": 4888.57,
                              "Total Cost": 124825.3,
                              "Plan Rows": 152054,
                              "Plan Width": 24,
                              "Inner Unique": false,
                              "Workers": [],
                              "Plans": [
                                {
                                  "Node Type": "Hash Join",
                                  "Parent Relationship": "Outer",
                                  "Parallel Aware": true,
                                  "Async Capable": false,
                                  "Join Type": "Inner",
                                  "Startup Cost": 4888.13,
                                  "Total Cost": 43472.05,
                                  "Plan Rows": 38004,
                                  "Plan Width": 12,
                                  "Inner Unique": false,
                                  "Hash Cond": "(o.o_custkey = c.c_custkey)",
                                  "Workers": [],
                                  "Plans": [
                                    {
                                      "Node Type": "Seq Scan",
                                      "Parent Relationship": "Outer",
                                      "Parallel Aware": true,
                                      "Async Capable": false,
                                      "Relation Name": "orders",
                                      "Alias": "o",
                                      "Startup Cost": 0.0,
                                      "Total Cost": 37713.0,
                                      "Plan Rows": 190018,
                                      "Plan Width": 16,
                                      "Filter": "((o_orderdate >= '1995-01-01'::date) AND (o_orderdate <= '1996-12-31'::date))",
                                      "Rows Removed by Filter": 347579,
                                      "Workers": []
                                    },
                                    {
                                      "Node Type": "Hash",
                                      "Parent Relationship": "Inner",
                                      "Parallel Aware": true,
                                      "Async Capable": false,
                                      "Startup Cost": 4731.88,
                                      "Total Cost": 4731.88,
                                      "Plan Rows": 12500,
                                      "Plan Width": 4,
                                      "Hash Buckets": 32768,
                                      "Original Hash Buckets": 32768,
                                      "Hash Batches": 1,
                                      "Original Hash Batches": 1,
                                      "Peak Memory Usage": 1472,
                                      "Workers": [],
                                      "Plans": [
                                        {
                                          "Node Type": "Hash Join",
                                          "Parent Relationship": "Outer",
                                          "Parallel Aware": false,
                                          "Async Capable": false,
                                          "Join Type": "Inner",
                                          "Startup Cost": 2.51,
                                          "Total Cost": 4731.88,
                                          "Plan Rows": 12500,
                                          "Plan Width": 4,
                                          "Inner Unique": false,
                                          "Hash Cond": "(c.c_nationkey = n1.n_nationkey)",
                                          "Workers": [],
                                          "Plans": [
                                            {
                                              "Node Type": "Seq Scan",
                                              "Parent Relationship": "Outer",
                                              "Parallel Aware": true,
                                              "Async Capable": false,
                                              "Relation Name": "customer",
                                              "Alias": "c",
                                              "Startup Cost": 0.0,
                                              "Total Cost": 4370.0,
                                              "Plan Rows": 62500,
                                              "Plan Width": 8,
                                              "Workers": []
                                            },
                                            {
                                              "Node Type": "Hash",
                                              "Parent Relationship": "Inner",
                                              "Parallel Aware": false,
                                              "Async Capable": false,
                                              "Startup Cost": 2.45,
                                              "Total Cost": 2.45,
                                              "Plan Rows": 5,
                                              "Plan Width": 4,
                                              "Hash Buckets": 1024,
                                              "Original Hash Buckets": 1024,
                                              "Hash Batches": 1,
                                              "Original Hash Batches": 1,
                                              "Peak Memory Usage": 9,
                                              "Workers": [],
                                              "Plans": [
                                                {
                                                  "Node Type": "Hash Join",
                                                  "Parent Relationship": "Outer",
                                                  "Parallel Aware": false,
                                                  "Async Capable": false,
                                                  "Join Type": "Inner",
                                                  "Startup Cost": 1.07,
                                                  "Total Cost": 2.45,
                                                  "Plan Rows": 5,
                                                  "Plan Width": 4,
                                                  "Inner Unique": true,
                                                  "Hash Cond": "(n1.n_regionkey = r.r_regionkey)",
                                                  "Workers": [],
                                                  "Plans": [
                                                    {
                                                      "Node Type": "Seq Scan",
                                                      "Parent Relationship": "Outer",
                                                      "Parallel Aware": false,
                                                      "Async Capable": false,
                                                      "Relation Name": "nation",
                                                      "Alias": "n1",
                                                      "Startup Cost": 0.0,
                                                      "Total Cost": 1.25,
                                                      "Plan Rows": 25,
                                                      "Plan Width": 8,
                                                      "Workers": []
                                                    },
                                                    {
                                                      "Node Type": "Hash",
                                                      "Parent Relationship": "Inner",
                                                      "Parallel Aware": false,
                                                      "Async Capable": false,
                                                      "Startup Cost": 1.06,
                                                      "Total Cost": 1.06,
                                                      "Plan Rows": 1,
                                                      "Plan Width": 4,
                                                      "Hash Buckets": 1024,
                                                      "Original Hash Buckets": 1024,
                                                      "Hash Batches": 1,
                                                      "Original Hash Batches": 1,
                                                      "Peak Memory Usage": 9,
                                                      "Workers": [],
                                                      "Plans": [
                                                        {
                                                          "Node Type": "Seq Scan",
                                                          "Parent Relationship": "Outer",
                                                          "Parallel Aware": false,
                                                          "Async Capable": false,
                                                          "Relation Name": "region",
                                                          "Alias": "r",
                                                          "Startup Cost": 0.0,
                                                          "Total Cost": 1.06,
                                                          "Plan Rows": 1,
                                                          "Plan Width": 4,
                                                          "Filter": "(r_name = 'ASIA'::bpchar)",
                                                          "Rows Removed by Filter": 4,
                                                          "Workers": []
                                                        }
                                                      ]
                                                    }
                                                  ]
                                                }
                                              ]
                                            }
                                          ]
                                        }
                                      ]
                                    }
                                  ]
                                },
                                {
                                  "Node Type": "Index Scan",
                                  "Parent Relationship": "Inner",
                                  "Parallel Aware": false,
                                  "Async Capable": false,
                                  "Scan Direction": "Forward",
                                  "Index Name": "pk_lineitem",
                                  "Relation Name": "lineitem",
                                  "Alias": "l",
                                  "Startup Cost": 0.43,
                                  "Total Cost": 1.98,
                                  "Plan Rows": 16,
                                  "Plan Width": 28,
                                  "Index Cond": "(l_orderkey = o.o_orderkey)",
                                  "Rows Removed by Index Recheck": 0,
                                  "Workers": []
                                }
                              ]
                            },
                            {
                              "Node Type": "Hash",
                              "Parent Relationship": "Inner",
                              "Parallel Aware": true,
                              "Async Capable": false,
                              "Startup Cost": 5345.67,
                              "Total Cost": 5345.67,
                              "Plan Rows": 554,
                              "Plan Width": 4,
                              "Hash Buckets": 2048,
                              "Original Hash Buckets": 2048,
                              "Hash Batches": 1,
                              "Original Hash Batches": 1,
                              "Peak Memory Usage": 112,
                              "Workers": [],
                              "Plans": [
                                {
                                  "Node Type": "Seq Scan",
                                  "Parent Relationship": "Outer",
                                  "Parallel Aware": true,
                                  "Async Capable": false,
                                  "Relation Name": "part",
                                  "Alias": "p",
                                  "Startup Cost": 0.0,
                                  "Total Cost": 5345.67,
                                  "Plan Rows": 554,
                                  "Plan Width": 4,
                                  "Filter": "((p_type)::text = 'LARGE PLATED TIN'::text)",
                                  "Rows Removed by Filter": 99355,
                                  "Workers": []
                                }
                              ]
                            }
                          ]
                        },
                        {
                          "Node Type": "Index Scan",
                          "Parent Relationship": "Inner",
                          "Parallel Aware": false,
                          "Async Capable": false,
                          "Scan Direction": "Forward",
                          "Index Name": "pk_supplier",
                          "Relation Name": "supplier",
                          "Alias": "s",
                          "Startup Cost": 0.29,
                          "Total Cost": 0.3,
                          "Plan Rows": 1,
                          "Plan Width": 8,
                          "Index Cond": "(s_suppkey = l.l_suppkey)",
                          "Rows Removed by Index Recheck": 0,
                          "Workers": []
                        }
                      ]
                    },
                    {
                      "Node Type": "Hash",
                      "Parent Relationship": "Inner",
                      "Parallel Aware": false,
                      "Async Capable": false,
                      "Startup Cost": 1.25,
                      "Total Cost": 1.25,
                      "Plan Rows": 25,
                      "Plan Width": 30,
                      "Hash Buckets": 1024,
                      "Original Hash Buckets": 1024,
                      "Hash Batches": 1,
                      "Original Hash Batches": 1,
                      "Peak Memory Usage": 10,
                      "Workers": [],
                      "Plans": [
                        {
                          "Node Type": "Seq Scan",
                          "Parent Relationship": "Outer",
                          "Parallel Aware": false,
                          "Async Capable": false,
                          "Relation Name": "nation",
                          "Alias": "n2",
                          "Startup Cost": 0.0,
                          "Total Cost": 1.25,
                          "Plan Rows": 25,
                          "Plan Width": 30,
                          "Workers": []
                        }
                      ]
                    }
                  ]
                }
              ]
            }
          ]
        }
      ]
    }
  ]
}