{
  "Node Type": "Sort",
  "Parallel Aware": false,
  "Async Capable": false,
  "Startup Cost": 298466.17,
  "Total Cost": 298466.18,
  "Plan Rows": 1,
  "Plan Width": 51,
  "Sort Key": [
    "s.s_name"
  ],
  "Sort Method": "quicksort",
  "Sort Space Used": 129,
  "Sort Space Type": "Memory",
  "Plans": [
    {
      "Node Type": "Nested Loop",
      "Parent Relationship": "Outer",
      "Parallel Aware": false,
      "Async Capable": false,
      "Join Type": "Inner",
      "Startup Cost": 280392.51,
      "Total Cost": 298466.16,
      "Plan Rows": 1,
      "Plan Width": 51,
      "Inner Unique": true,
      "Join Filter": "((s.s_suppkey = ps.ps_suppkey) AND (ps.ps_partkey = p.p_partkey))",
      "Rows Removed by Join Filter": 0,
      "Plans": [
        {
          "Node Type": "Hash Join",
          "Parent Relationship": "Outer",
          "Parallel Aware": false,
          "Async Capable": false,
          "Join Type": "Inner",
          "Startup Cost": 280392.09,
          "Total Cost": 298095.76,
          "Plan Rows": 591,
          "Plan Width": 99,
          "Inner Unique": false,
          "Hash Cond": "(lineitem.l_suppkey = s.s_suppkey)",
          "Plans": [
            {
              "Node Type": "Hash Join",
              "Parent Relationship": "Outer",
              "Parallel Aware": false,
              "Async Capable": false,
              "Join Type": "Inner",
              "Startup Cost": 280032.06,
              "Total Cost": 297674.39,
              "Plan Rows": 14784,
              "Plan Width": 44,
              "Inner Unique": true,
              "Hash Cond": "(lineitem.l_partkey = p.p_partkey)",
              "Plans": [
                {
                  "Node Type": "Aggregate",
                  "Strategy": "Hashed",
                  "Partial Mode": "Simple",
                  "Parent Relationship": "Outer",
                  "Parallel Aware": false,
                  "Async Capable": false,
                  "Startup Cost": 273152.3,
                  "Total Cost": 289513.98,
                  "Plan Rows": 487855,
                  "Plan Width": 40,
                  "Group Key": [
                    "lineitem.l_partkey",
                    "lineitem.l_suppkey"
                  ],
                  "Planned Partitions": 32,
                  "HashAgg Batches": 33,
                  "Peak Memory Usage": 8209,
                  "Disk Usage": 62584,
                  "Plans": [
                    {
                      "Node Type": "Seq Scan",
                      "Parent Relationship": "Outer",
                      "Parallel Aware": false,
                      "Async Capable": false,
                      "Relation Name": "lineitem",
                      "Alias": "lineitem",
                      "Startup Cost": 0.0,
                      "Total Cost": 211509.37,
                      "Plan Rows": 926091,
                      "Plan Width": 13,
                      "Filter": "((l_shipdate >= '1995-01-01'::date) AND (l_shipdate < '1996-01-01 00:00:00'::timestamp without time zone))",
                      "Rows Removed by Filter": 5086252
                    }
                  ]
                },
                {
                  "Node Type": "Hash",
                  "Parent Relationship": "Inner",
                  "Parallel Aware": false,
                  "Async Capable": false,
                  "Startup Cost": 6804.0,
                  "Total Cost": 6804.0,
                  "Plan Rows": 6061,
                  "Plan Width": 4,
                  "Hash Buckets": 16384,
                  "Original Hash Buckets": 8192,
                  "Hash Batches": 1,
                  "Original Hash Batches": 1,
                  "Peak Memory Usage": 506,
                  "Plans": [
                    {
                      "Node Type": "Seq Scan",
                      "Parent Relationship": "Outer",
                      "Parallel Aware": false,
                      "Async Capable": false,
                      "Relation Name": "part",
                      "Alias": "p",
                      "Startup Cost": 0.0,
                      "Total Cost": 6804.0,
                      "Plan Rows": 6061,
                      "Plan Width": 4,
                      "Filter": "((p_name)::text ~~ '%steel%'::text)",
                      "Rows Removed by Filter": 189252
                    }
                  ]
                }
              ]
            },
            {
              "Node Type": "Hash",
              "Parent Relationship": "Inner",
              "Parallel Aware": false,
              "Async Capable": false,
              "Startup Cost": 355.02,
              "Total Cost": 355.02,
              "Plan Rows": 400,
              "Plan Width": 55,
              "Hash Buckets": 1024,
              "Original Hash Buckets": 1024,
              "Hash Batches": 1,
              "Original Hash Batches": 1,
              "Peak Memory Usage": 44,
              "Plans": [
                {
                  "Node Type": "Hash Join",
                  "Parent Relationship": "Outer",
                  "Parallel Aware": false,
                  "Async Capable": false,
                  "Join Type": "Inner",
                  "Startup Cost": 1.32,
                  "Total Cost": 355.02,
                  "Plan Rows": 400,
                  "Plan Width": 55,
                  "Inner Unique": true,
                  "Hash Cond": "(s.s_nationkey = n.n_nationkey)",
                  "Plans": [
                    {
                      "Node Type": "Seq Scan",
                      "Parent Relationship": "Outer",
                      "Parallel Aware": false,
                      "Async Capable": false,
                      "Relation Name": "supplier",
                      "Alias": "s",
                      "Startup Cost": 0.0,
                      "Total Cost": 323.0,
                      "Plan Rows": 10000,
                      "Plan Width": 59
                    },
                    {
                      "Node Type": "Hash",
                      "Parent Relationship": "Inner",
                      "Parallel Aware": false,
                      "Async Capable": false,
                      "Startup Cost": 1.31,
                      "Total Cost": 1.31,
                      "Plan Rows": 1,
                      "Plan Width": 4,
                      "Hash Buckets": 1024,
                      "Original Hash Buckets": 1024,
                      "Hash Batches": 1,
                      "Original Hash Batches": 1,
                      "Peak Memory Usage": 9,
                      "Plans": [
                        {
                          "Node Type": "Seq Scan",
                          "Parent Relationship": "Outer",
                          "Parallel Aware": false,
                          "Async Capable": false,
                          "Relation Name": "nation",
                          "Alias": "n",
                          "Startup Cost": 0.0,
                          "Total Cost": 1.31,
                          "Plan Rows": 1,
                          "Plan Width": 4,
                          "Filter": "(n_name = 'FRANCE'::bpchar)",
                          "Rows Removed by Filter": 24
                        }
                      ]
                    }
                  ]
                }
              ]
            }
          ]
        },
        {
          "Node Type": "Index Scan",
          "Parent Relationship": "Inner",
          "Parallel Aware": false,
          "Async Capable": false,
          "Scan Direction": "Forward",
          "Index Name": "pk_partsupp",
          "Relation Name": "partsupp",
          "Alias": "ps",
          "Startup Cost": 0.42,
          "Total Cost": 0.61,
          "Plan Rows": 1,
          "Plan Width": 12,
          "Index Cond": "((ps_partkey = lineitem.l_partkey) AND (ps_suppkey = lineitem.l_suppkey))",
          "Rows Removed by Index Recheck": 0,
          "Filter": "((ps_availqty)::numeric > ((0.5 * sum(lineitem.l_quantity))))",
          "Rows Removed by Filter": 0
        }
      ]
    }
  ]
}