{
  "Node Type": "Aggregate",
  "Strategy": "Sorted",
  "Partial Mode": "Finalize",
  "Parallel Aware": false,
  "Async Capable": false,
  "Startup Cost": 153759.52,
  "Total Cost": 153766.73,
  "Plan Rows": 6,
  "Plan Width": 76,
  "Group Key": [
    "l_returnflag",
    "l_linestatus"
  ],
  "Plans": [
    {
      "Node Type": "Gather Merge",
      "Parent Relationship": "Outer",
      "Parallel Aware": false,
      "Async Capable": false,
      "Startup Cost": 153759.52,
      "Total Cost": 153766.43,
      "Plan Rows": 12,
      "Plan Width": 76,
      "Workers Planned": 2,
      "Workers Launched": 2,
      "Plans": [
        {
          "Node Type": "Aggregate",
          "Strategy": "Sorted",
          "Partial Mode": "Partial",
          "Parent Relationship": "Outer",
          "Parallel Aware": false,
          "Async Capable": false,
          "Startup Cost": 152759.5,
          "Total Cost": 152765.02,
          "Plan Rows": 6,
          "Plan Width": 76,
          "Group Key": [
            "l_returnflag",
            "l_linestatus"
          ],
          "Workers": [],
          "Plans": [
            {
              "Node Type": "Sort",
              "Parent Relationship": "Outer",
              "Parallel Aware": false,
              "Async Capable": false,
              "Startup Cost": 152759.5,
              "Total Cost": 152760.4,
              "Plan Rows": 362,
              "Plan Width": 17,
              "Sort Key": [
                "l_returnflag",
                "l_linestatus"
              ],
              "Sort Method": "quicksort",
              "Sort Space Used": 26,
              "Sort Space Type": "Memory",
              "Workers": [
                {
                  "Worker Number": 0,
                  "Sort Method": "quicksort",
                  "Sort Space Used": 26,
                  "Sort Space Type": "Memory"
                },
                {
                  "Worker Number": 1,
                  "Sort Method": "quicksort",
                  "Sort Space Used": 26,
                  "Sort Space Type": "Memory"
                }
              ],
              "Plans": [
                {
                  "Node Type": "Seq Scan",
                  "Parent Relationship": "Outer",
                  "Parallel Aware": true,
                  "Async Capable": false,
                  "Relation Name": "lineitem",
                  "Alias": "lineitem",
                  "Startup Cost": 0.0,
                  "Total Cost": 152744.11,
                  "Plan Rows": 362,
                  "Plan Width": 17,
                  "Filter": "(l_shipdate > '1998-11-28 00:00:00'::timestamp without time zone)",
                  "Rows Removed by Filter": 2000372,
                  "Workers": []
                }
              ]
            }
          ]
        }
      ]
    }
  ]
}