{
  "Node Type": "Limit",
  "Parallel Aware": false,
  "Async Capable": false,
  "Startup Cost": 228351.51,
  "Total Cost": 228351.56,
  "Plan Rows": 20,
  "Plan Width": 201,
  "Plans": [
    {
      "Node Type": "Sort",
      "Parent Relationship": "Outer",
      "Parallel Aware": false,
      "Async Capable": false,
      "Startup Cost": 228351.51,
      "Total Cost": 228647.63,
      "Plan Rows": 118448,
      "Plan Width": 201,
      "Sort Key": [
        "(sum((l.l_extendedprice * ('1'::numeric - l.l_discount)))) DESC"
      ],
      "Sort Method": "top-N heapsort",
      "Sort Space Used": 33,
      "Sort Space Type": "Memory",
      "Plans": [
        {
          "Node Type": "Aggregate",
          "Strategy": "Sorted",
          "Partial Mode": "Finalize",
          "Parent Relationship": "Outer",
          "Parallel Aware": false,
          "Async Capable": false,
          "Startup Cost": 209981.67,
          "Total Cost": 225199.66,
          "Plan Rows": 118448,
          "Plan Width": 201,
          "Group Key": [
            "c.c_custkey",
            "n.n_name"
          ],
          "Plans": [
            {
              "Node Type": "Gather Merge",
              "Parent Relationship": "Outer",
              "Parallel Aware": false,
              "Async Capable": false,
              "Startup Cost": 209981.67,
              "Total Cost": 222732.0,
              "Plan Rows": 98706,
              "Plan Width": 201,
              "Workers Planned": 2,
              "Workers Launched": 2,
              "Plans": [
                {
                  "Node Type": "Aggregate",
                  "Strategy": "Sorted",
                  "Partial Mode": "Partial",
                  "Parent Relationship": "Outer",
                  "Parallel Aware": false,
                  "Async Capable": false,
                  "Startup Cost": 208981.64,
                  "Total Cost": 210338.85,
                  "Plan Rows": 49353,
                  "Plan Width": 201,
                  "Group Key": [
                    "c.c_custkey",
                    "n.n_name"
                  ],
                  "Workers": [],
                  "Plans": [
                    {
                      "Node Type": "Sort",
                      "Parent Relationship": "Outer",
                      "Parallel Aware": false,
                      "Async Capable": false,
                      "Startup Cost": 208981.64,
                      "Total Cost": 209105.03,
                      "Plan Rows": 49353,
                      "Plan Width": 181,
                      "Sort Key": [
                        "c.c_custkey",
                        "n.n_name"
                      ],
                      "Sort Method": "quicksort",
                      "Sort Space Used": 2953,
                      "Sort Space Type": "Memory",
                      "Workers": [
                        {
                          "Worker Number": 0,
                          "Sort Method": "quicksort",
                          "Sort Space Used": 2601,
                          "Sort Space Type": "Memory"
                        },
                        {
                          "Worker Number": 1,
                          "Sort Method": "quicksort",
                          "Sort Space Used": 2849,
                          "Sort Space Type": "Memory"
                        }
                      ],
                      "Plans": [
                        {
                          "Node Type": "Hash Join",
                          "Parent Relationship": "Outer",
                          "Parallel Aware": false,
                          "Async Capable": false,
                          "Join Type": "Inner",
                          "Startup Cost": 194690.09,
                          "Total Cost": 200745.37,
                          "Plan Rows": 49353,
                          "Plan Width": 181,
                          "Inner Unique": true,
                          "Hash Cond": "(c.c_nationkey = n.n_nationkey)",
                          "Workers": [],
                          "Plans": [
                            {
                              "Node Type": "Hash Join",
                              "Parent Relationship": "Outer",
                              "Parallel Aware": true,
                              "Async Capable": false,
                              "Join Type": "Inner",
                              "Startup Cost": 194688.53,
                              "Total Cost": 200592.29,
                              "Plan Rows": 49353,
                              "Plan Width": 159,
                              "Inner Unique": false,
                              "Hash Cond": "(c.c_custkey = o.o_custkey)",
                              "Workers": [],
                              "Plans": [
                                {
                                  "Node Type": "Seq Scan",
                                  "Parent Relationship": "Outer",
                                  "Parallel Aware": true,
                                  "Async Capable": false,
                                  "Relation Name": "customer",
                                  "Alias": "c",
                                  "Startup Cost": 0.0,
                                  "Total Cost": 4370.0,
                                  "Plan Rows": 62500,
                                  "Plan Width": 147,
                                  "Workers": []
                                },
                                {
                                  "Node Type": "Hash",
                                  "Parent Relationship": "Inner",
                                  "Parallel Aware": true,
                                  "Async Capable": false,
                                  "Startup Cost": 194071.61,
                                  "Total Cost": 194071.61,
                                  "Plan Rows": 49353,
                                  "Plan Width": 16,
                                  "Hash Buckets": 131072,
                                  "Original Hash Buckets": 131072,
                                  "Hash Batches": 1,
                                  "Original Hash Batches": 1,
                                  "Peak Memory Usage": 2976,
                                  "Workers": [],
                                  "Plans": [
                                    {
                                      "Node Type": "Hash Join",
                                      "Parent Relationship": "Outer",
                                      "Parallel Aware": true,
                                      "Async Capable": false,
                                      "Join Type": "Inner",
                                      "Startup Cost": 38018.91,
                                      "Total Cost": 194071.61,
                                      "Plan Rows": 49353,
                                      "Plan Width": 16,
                                      "Inner Unique": true,
                                      "Hash Cond": "(l.l_orderkey = o.o_orderkey)",
                                      "Workers": [],
                                      "Plans": [
                                        {
                                          "Node Type": "Seq Scan",
                                          "Parent Relationship": "Outer",
                                          "Parallel Aware": true,
                                          "Async Capable": false,
                                          "Relation Name": "lineitem",
                                          "Alias": "l",
                                          "Startup Cost": 0.0,
                                          "Total Cost": 152744.11,
                                          "Plan Rows": 1260410,
                                          "Plan Width": 20,
                                          "Filter": "(l_returnflag = 'N'::bpchar)",
                                          "Rows Removed by Filter": 985788,
                                          "Workers": []
                                        },
                                        {
                                          "Node Type": "Hash",
                                          "Parent Relationship": "Inner",
                                          "Parallel Aware": true,
                                          "Async Capable": false,
                                          "Startup Cost": 37713.0,
                                          "Total Cost": 37713.0,
                                          "Plan Rows": 24473,
                                          "Plan Width": 12,
                                          "Hash Buckets": 65536,
                                          "Original Hash Buckets": 65536,
                                          "Hash Batches": 1,
                                          "Original Hash Batches": 1,
                                          "Peak Memory Usage": 3200,
                                          "Workers": [],
                                          "Plans": [
                                            {
                                              "Node Type": "Seq Scan",
                                              "Parent Relationship": "Outer",
                                              "Parallel Aware": true,
                                              "Async Capable": false,
                                              "Relation Name": "orders",
                                              "Alias": "o",
                                              "Startup Cost": 0.0,
                                              "Total Cost": 37713.0,
                                              "Plan Rows": 24473,
                                              "Plan Width": 12,
                                              "Filter": "((o_orderdate >= '1995-01-01'::date) AND (o_orderdate < '1995-04-01'::date))",
                                              "Rows Removed by Filter": 481165,
                                              "Workers": []
                                            }
                                          ]
                                        }
                                      ]
                                    }
                                  ]
                                }
                              ]
                            },
                            {
                              "Node Type": "Hash",
                              "Parent Relationship": "Inner",
                              "Parallel Aware": false,
                              "Async Capable": false,
                              "Startup Cost": 1.25,
                              "Total Cost": 1.25,
                              "Plan Rows": 25,
                              "Plan Width": 30,
                              "Hash Buckets": 1024,
                              "Original Hash Buckets": 1024,
                              "Hash Batches": 1,
                              "Original Hash Batches": 1,
                              "Peak Memory Usage": 10,
                              "Workers": [],
                              "Plans": [
                                {
                                  "Node Type": "Seq Scan",
                                  "Parent Relationship": "Outer",
                                  "Parallel Aware": false,
                                  "Async Capable": false,
                                  "Relation Name": "nation",
                                  "Alias": "n",
                                  "Startup Cost": 0.0,
                                  "Total Cost": 1.25,
                                  "Plan Rows": 25,
                                  "Plan Width": 30,
                                  "Workers": []
                                }
                              ]
                            }
                          ]
                        }
                      ]
                    }
                  ]
                }
              ]
            }
          ]
        }
      ]
    }
  ]
}