{
  "Node Type": "Sort",
  "Parallel Aware": false,
  "Async Capable": false,
  "Startup Cost": 761431.08,
  "Total Cost": 762648.15,
  "Plan Rows": 486826,
  "Plan Width": 75,
  "Sort Key": [
    "orders.o_totalprice DESC",
    "orders.o_orderdate"
  ],
  "Sort Method": "quicksort",
  "Sort Space Used": 3797,
  "Sort Space Type": "Memory",
  "Plans": [
    {
      "Node Type": "Aggregate",
      "Strategy": "Sorted",
      "Partial Mode": "Finalize",
      "Parent Relationship": "Outer",
      "Parallel Aware": false,
      "Async Capable": false,
      "Startup Cost": 632276.8,
      "Total Cost": 693809.45,
      "Plan Rows": 486826,
      "Plan Width": 75,
      "Group Key": [
        "customer.c_custkey",
        "orders.o_orderkey"
      ],
      "Plans": [
        {
          "Node Type": "Gather Merge",
          "Parent Relationship": "Outer",
          "Parallel Aware": false,
          "Async Capable": false,
          "Startup Cost": 632276.8,
          "Total Cost": 683667.25,
          "Plan Rows": 405688,
          "Plan Width": 75,
          "Workers Planned": 2,
          "Workers Launched": 2,
          "Plans": [
            {
              "Node Type": "Aggregate",
              "Strategy": "Sorted",
              "Partial Mode": "Partial",
              "Parent Relationship": "Outer",
              "Parallel Aware": false,
              "Async Capable": false,
              "Startup Cost": 631276.77,
              "Total Cost": 635840.76,
              "Plan Rows": 202844,
              "Plan Width": 75,
              "Group Key": [
                "customer.c_custkey",
                "orders.o_orderkey"
              ],
              "Workers": [],
              "Plans": [
                {
                  "Node Type": "Sort",
                  "Parent Relationship": "Outer",
                  "Parallel Aware": false,
                  "Async Capable": false,
                  "Startup Cost": 631276.77,
                  "Total Cost": 631783.88,
                  "Plan Rows": 202844,
                  "Plan Width": 48,
                  "Sort Key": [
                    "customer.c_custkey",
                    "orders.o_orderkey"
                  ],
                  "Sort Method": "quicksort",
                  "Sort Space Used": 1430,
                  "Sort Space Type": "Memory",
                  "Workers": [
                    {
                      "Worker Number": 0,
                      "Sort Method": "quicksort",
                      "Sort Space Used": 1416,
                      "Sort Space Type": "Memory"
                    },
                    {
                      "Worker Number": 1,
                      "Sort Method": "quicksort",
                      "Sort Space Used": 1488,
                      "Sort Space Type": "Memory"
                    }
                  ],
                  "Plans": [
                    {
                      "Node Type": "Nested Loop",
                      "Parent Relationship": "Outer",
                      "Parallel Aware": false,
                      "Async Capable": false,
                      "Join Type": "Inner",
                      "Startup Cost": 505505.85,
                      "Total Cost": 607155.56,
                      "Plan Rows": 202844,
                      "Plan Width": 48,
                      "Inner Unique": false,
                      "Workers": [],
                      "Plans": [
                        {
                          "Node Type": "Hash Join",
                          "Parent Relationship": "Outer",
                          "Parallel Aware": false,
                          "Async Capable": false,
                          "Join Type": "Inner",
                          "Startup Cost": 505505.41,
                          "Total Cost": 543374.71,
                          "Plan Rows": 50698,
                          "Plan Width": 51,
                          "Inner Unique": true,
                          "Hash Cond": "(orders.o_orderkey = lineitem.l_orderkey)",
                          "Workers": [],
                          "Plans": [
                            {
                              "Node Type": "Hash Join",
                              "Parent Relationship": "Outer",
                              "Parallel Aware": true,
                              "Async Capable": false,
                              "Join Type": "Inner",
                              "Startup Cost": 5151.25,
                              "Total Cost": 41379.92,
                              "Plan Rows": 625000,
                              "Plan Width": 43,
                              "Inner Unique": true,
                              "Hash Cond": "(orders.o_custkey = customer.c_custkey)",
                              "Workers": [],
                              "Plans": [
                                {
                                  "Node Type": "Seq Scan",
                                  "Parent Relationship": "Outer",
                                  "Parallel Aware": true,
                                  "Async Capable": false,
                                  "Relation Name": "orders",
                                  "Alias": "orders",
                                  "Startup Cost": 0.0,
                                  "Total Cost": 34588.0,
                                  "Plan Rows": 625000,
                                  "Plan Width": 24,
                                  "Workers": []
                                },
                                {
                                  "Node Type": "Hash",
                                  "Parent Relationship": "Inner",
                                  "Parallel Aware": true,
                                  "Async Capable": false,
                                  "Startup Cost": 4370.0,
                                  "Total Cost": 4370.0,
                                  "Plan Rows": 62500,
                                  "Plan Width": 23,
                                  "Hash Buckets": 262144,
                                  "Original Hash Buckets": 262144,
                                  "Hash Batches": 1,
                                  "Original Hash Batches": 1,
                                  "Peak Memory Usage": 10304,
                                  "Workers": [],
                                  "Plans": [
                                    {
                                      "Node Type": "Seq Scan",
                                      "Parent Relationship": "Outer",
                                      "Parallel Aware": true,
                                      "Async Capable": false,
                                      "Relation Name": "customer",
                                      "Alias": "customer",
                                      "Startup Cost": 0.0,
                                      "Total Cost": 4370.0,
                                      "Plan Rows": 62500,
                                      "Plan Width": 23,
                                      "Workers": []
                                    }
                                  ]
                                }
                              ]
                            },
                            {
                              "Node Type": "Hash",
                              "Parent Relationship": "Inner",
                              "Parallel Aware": false,
                              "Async Capable": false,
                              "Startup Cost": 498833.23,
                              "Total Cost": 498833.23,
                              "Plan Rows": 121675,
                              "Plan Width": 8,
                              "Hash Buckets": 131072,
                              "Original Hash Buckets": 131072,
                              "Hash Batches": 1,
                              "Original Hash Batches": 1,
                              "Peak Memory Usage": 2658,
                              "Workers": [],
                              "Plans": [
                                {
                                  "Node Type": "Aggregate",
                                  "Strategy": "Sorted",
                                  "Partial Mode": "Simple",
                                  "Parent Relationship": "Outer",
                                  "Parallel Aware": false,
                                  "Async Capable": false,
                                  "Startup Cost": 0.43,
                                  "Total Cost": 498833.23,
                                  "Plan Rows": 121675,
                                  "Plan Width": 8,
                                  "Group Key": [
                                    "lineitem.l_orderkey"
                                  ],
                                  "Filter": "(sum(lineitem.l_quantity) < '10'::numeric)",
                                  "Rows Removed by Filter": 1458185,
                                  "Workers": [],
                                  "Plans": [
                                    {
                                      "Node Type": "Index Scan",
                                      "Parent Relationship": "Outer",
                                      "Parallel Aware": false,
                                      "Async Capable": false,
                                      "Scan Direction": "Forward",
                                      "Index Name": "pk_lineitem",
                                      "Relation Name": "lineitem",
                                      "Alias": "lineitem",
                                      "Startup Cost": 0.43,
                                      "Total Cost": 463350.06,
                                      "Plan Rows": 6001558,
                                      "Plan Width": 13,
                                      "Workers": []
                                    }
                                  ]
                                }
                              ]
                            }
                          ]
                        },
                        {
                          "Node Type": "Index Scan",
                          "Parent Relationship": "Inner",
                          "Parallel Aware": false,
                          "Async Capable": false,
                          "Scan Direction": "Forward",
                          "Index Name": "pk_lineitem",
                          "Relation Name": "lineitem",
                          "Alias": "l",
                          "Startup Cost": 0.43,
                          "Total Cost": 1.1,
                          "Plan Rows": 16,
                          "Plan Width": 13,
                          "Index Cond": "(l_orderkey = orders.o_orderkey)",
                          "Rows Removed by Index Recheck": 0,
                          "Workers": []
                        }
                      ]
                    }
                  ]
                }
              ]
            }
          ]
        }
      ]
    }
  ]
}