{
  "Node Type": "Limit",
  "Parallel Aware": false,
  "Async Capable": false,
  "Startup Cost": 196898.58,
  "Total Cost": 196898.6,
  "Plan Rows": 10,
  "Plan Width": 48,
  "Plans": [
    {
      "Node Type": "Sort",
      "Parent Relationship": "Outer",
      "Parallel Aware": false,
      "Async Capable": false,
      "Startup Cost": 196898.58,
      "Total Cost": 197657.94,
      "Plan Rows": 303744,
      "Plan Width": 48,
      "Sort Key": [
        "(sum((l.l_extendedprice * ('1'::numeric - l.l_discount)))) DESC"
      ],
      "Sort Method": "top-N heapsort",
      "Sort Space Used": 26,
      "Sort Space Type": "Memory",
      "Plans": [
        {
          "Node Type": "Aggregate",
          "Strategy": "Sorted",
          "Partial Mode": "Finalize",
          "Parent Relationship": "Outer",
          "Parallel Aware": false,
          "Async Capable": false,
          "Startup Cost": 150360.85,
          "Total Cost": 190334.78,
          "Plan Rows": 303744,
          "Plan Width": 48,
          "Group Key": [
            "l.l_orderkey",
            "o.o_orderdate",
            "o.o_shippriority"
          ],
          "Plans": [
            {
              "Node Type": "Gather Merge",
              "Parent Relationship": "Outer",
              "Parallel Aware": false,
              "Async Capable": false,
              "Startup Cost": 150360.85,
              "Total Cost": 183373.98,
              "Plan Rows": 253120,
              "Plan Width": 48,
              "Workers Planned": 2,
              "Workers Launched": 2,
              "Plans": [
                {
                  "Node Type": "Aggregate",
                  "Strategy": "Sorted",
                  "Partial Mode": "Partial",
                  "Parent Relationship": "Outer",
                  "Parallel Aware": false,
                  "Async Capable": false,
                  "Startup Cost": 149360.83,
                  "Total Cost": 153157.63,
                  "Plan Rows": 126560,
                  "Plan Width": 48,
                  "Group Key": [
                    "l.l_orderkey",
                    "o.o_orderdate",
                    "o.o_shippriority"
                  ],
                  "Workers": [],
                  "Plans": [
                    {
                      "Node Type": "Sort",
                      "Parent Relationship": "Outer",
                      "Parallel Aware": false,
                      "Async Capable": false,
                      "Startup Cost": 149360.83,
                      "Total Cost": 149677.23,
                      "Plan Rows": 126560,
                      "Plan Width": 28,
                      "Sort Key": [
                        "l.l_orderkey",
                        "o.o_orderdate",
                        "o.o_shippriority"
                      ],
                      "Sort Method": "quicksort",
                      "Sort Space Used": 890,
                      "Sort Space Type": "Memory",
                      "Workers": [
                        {
                          "Worker Number": 0,
                          "Sort Method": "quicksort",
                          "Sort Space Used": 835,
                          "Sort Space Type": "Memory"
                        },
                        {
                          "Worker Number": 1,
                          "Sort Method": "quicksort",
                          "Sort Space Used": 835,
                          "Sort Space Type": "Memory"
                        }
                      ],
                      "Plans": [
                        {
                          "Node Type": "Nested Loop",
                          "Parent Relationship": "Outer",
                          "Parallel Aware": false,
                          "Async Capable": false,
                          "Join Type": "Inner",
                          "Startup Cost": 4679.6,
                          "Total Cost": 135604.21,
                          "Plan Rows": 126560,
                          "Plan Width": 28,
                          "Inner Unique": false,
                          "Workers": [],
                          "Plans": [
                            {
                              "Node Type": "Hash Join",
                              "Parent Relationship": "Outer",
                              "Parallel Aware": true,
                              "Async Capable": false,
                              "Join Type": "Inner",
                              "Startup Cost": 4679.16,
                              "Total Cost": 41575.65,
                              "Plan Rows": 55623,
                              "Plan Width": 16,
                              "Inner Unique": true,
                              "Hash Cond": "(o.o_custkey = c.c_custkey)",
                              "Workers": [],
                              "Plans": [
                                {
                                  "Node Type": "Seq Scan",
                                  "Parent Relationship": "Outer",
                                  "Parallel Aware": true,
                                  "Async Capable": false,
                                  "Relation Name": "orders",
                                  "Alias": "o",
                                  "Startup Cost": 0.0,
                                  "Total Cost": 36150.5,
                                  "Plan Rows": 284178,
                                  "Plan Width": 20,
                                  "Filter": "(o_orderdate < '1995-01-01'::date)",
                                  "Rows Removed by Filter": 272890,
                                  "Workers": []
                                },
                                {
                                  "Node Type": "Hash",
                                  "Parent Relationship": "Inner",
                                  "Parallel Aware": true,
                                  "Async Capable": false,
                                  "Startup Cost": 4526.25,
                                  "Total Cost": 4526.25,
                                  "Plan Rows": 12233,
                                  "Plan Width": 4,
                                  "Hash Buckets": 32768,
                                  "Original Hash Buckets": 32768,
                                  "Hash Batches": 1,
                                  "Original Hash Batches": 1,
                                  "Peak Memory Usage": 1440,
                                  "Workers": [],
                                  "Plans": [
                                    {
                                      "Node Type": "Seq Scan",
                                      "Parent Relationship": "Outer",
                                      "Parallel Aware": true,
                                      "Async Capable": false,
                                      "Relation Name": "customer",
                                      "Alias": "c",
                                      "Startup Cost": 0.0,
                                      "Total Cost": 4526.25,
                                      "Plan Rows": 12233,
                                      "Plan Width": 4,
                                      "Filter": "(c_mktsegment = 'AUTOMOBILE'::bpchar)",
                                      "Rows Removed by Filter": 120248,
                                      "Workers": []
                                    }
                                  ]
                                }
                              ]
                            },
                            {
                              "Node Type": "Index Scan",
                              "Parent Relationship": "Inner",
                              "Parallel Aware": false,
                              "Async Capable": false,
                              "Scan Direction": "Forward",
                              "Index Name": "pk_lineitem",
                              "Relation Name": "lineitem",
                              "Alias": "l",
                              "Startup Cost": 0.43,
                              "Total Cost": 1.6,
                              "Plan Rows": 9,
                              "Plan Width": 20,
                              "Index Cond": "(l_orderkey = o.o_orderkey)",
                              "Rows Removed by Index Recheck": 0,
                              "Filter": "(l_shipdate > '1995-01-01'::date)",
                              "Rows Removed by Filter": 4,
                              "Workers": []
                            }
                          ]
                        }
                      ]
                    }
                  ]
                }
              ]
            }
          ]
        }
      ]
    }
  ]
}