{
  "Node Type": "Append",
  "Parallel Aware": false,
  "Async Capable": false,
  "Startup Cost": 88615.11,
  "Total Cost": 282654.14,
  "Plan Rows": 15,
  "Plan Width": 45,
  "Subplans Removed": 0,
  "Plans": [
    {
      "Node Type": "Limit",
      "Parent Relationship": "Member",
      "Parallel Aware": false,
      "Async Capable": false,
      "Startup Cost": 88615.11,
      "Total Cost": 117632.87,
      "Plan Rows": 5,
      "Plan Width": 38,
      "Plans": [
        {
          "Node Type": "Nested Loop",
          "Parent Relationship": "Outer",
          "Parallel Aware": false,
          "Async Capable": false,
          "Join Type": "Inner",
          "Startup Cost": 88615.11,
          "Total Cost": 2061822.97,
          "Plan Rows": 340,
          "Plan Width": 38,
          "Inner Unique": true,
          "Plans": [
            {
              "Node Type": "Nested Loop",
              "Parent Relationship": "Outer",
              "Parallel Aware": false,
              "Async Capable": false,
              "Join Type": "Inner",
              "Startup Cost": 88614.69,
              "Total Cost": 1694951.12,
              "Plan Rows": 796352,
              "Plan Width": 39,
              "Inner Unique": false,
              "Plans": [
                {
                  "Node Type": "Gather Merge",
                  "Parent Relationship": "Outer",
                  "Parallel Aware": false,
                  "Async Capable": false,
                  "Startup Cost": 88614.25,
                  "Total Cost": 210914.77,
                  "Plan Rows": 1050092,
                  "Plan Width": 28,
                  "Workers Planned": 2,
                  "Workers Launched": 2,
                  "Plans": [
                    {
                      "Node Type": "Sort",
                      "Parent Relationship": "Outer",
                      "Parallel Aware": false,
                      "Async Capable": false,
                      "Startup Cost": 87614.23,
                      "Total Cost": 88708.07,
                      "Plan Rows": 437538,
                      "Plan Width": 28,
                      "Sort Key": [
                        "orders.o_clerk"
                      ],
                      "Sort Method": "external merge",
                      "Sort Space Used": 13592,
                      "Sort Space Type": "Disk",
                      "Workers": [
                        {
                          "Worker Number": 0,
                          "Sort Method": "external merge",
                          "Sort Space Used": 12560,
                          "Sort Space Type": "Disk"
                        },
                        {
                          "Worker Number": 1,
                          "Sort Method": "external merge",
                          "Sort Space Used": 12760,
                          "Sort Space Type": "Disk"
                        }
                      ],
                      "Plans": [
                        {
                          "Node Type": "Seq Scan",
                          "Parent Relationship": "Outer",
                          "Parallel Aware": true,
                          "Async Capable": false,
                          "Relation Name": "orders",
                          "Alias": "orders",
                          "Startup Cost": 0.0,
                          "Total Cost": 36150.5,
                          "Plan Rows": 437538,
                          "Plan Width": 28,
                          "Filter": "(o_orderdate > '1994-01-01'::date)",
                          "Rows Removed by Filter": 151456,
                          "Workers": []
                        }
                      ]
                    }
                  ]
                },
                {
                  "Node Type": "Index Scan",
                  "Parent Relationship": "Inner",
                  "Parallel Aware": false,
                  "Async Capable": false,
                  "Scan Direction": "Forward",
                  "Index Name": "pk_lineitem",
                  "Relation Name": "lineitem",
                  "Alias": "lineitem",
                  "Startup Cost": 0.43,
                  "Total Cost": 1.38,
                  "Plan Rows": 3,
                  "Plan Width": 35,
                  "Index Cond": "(l_orderkey = orders.o_orderkey)",
                  "Rows Removed by Index Recheck": 0,
                  "Filter": "((l_shipdate > '1995-01-01'::date) AND (l_suppkey < 10000) AND (l_shipdate >= orders.o_orderdate))",
                  "Rows Removed by Filter": 1
                }
              ]
            },
            {
              "Node Type": "Index Scan",
              "Parent Relationship": "Inner",
              "Parallel Aware": false,
              "Async Capable": false,
              "Scan Direction": "Forward",
              "Index Name": "pk_part",
              "Relation Name": "part",
              "Alias": "part",
              "Startup Cost": 0.42,
              "Total Cost": 0.45,
              "Plan Rows": 1,
              "Plan Width": 21,
              "Index Cond": "((p_partkey = lineitem.l_partkey) AND (p_partkey < 10000))",
              "Rows Removed by Index Recheck": 0,
              "Filter": "((p_container = 'SM JAR'::bpchar) AND (p_retailprice >= lineitem.l_extendedprice))",
              "Rows Removed by Filter": 0
            }
          ]
        }
      ]
    },
    {
      "Node Type": "Limit",
      "Parent Relationship": "Member",
      "Parallel Aware": false,
      "Async Capable": false,
      "Startup Cost": 165020.03,
      "Total Cost": 165021.19,
      "Plan Rows": 10,
      "Plan Width": 48,
      "Plans": [
        {
          "Node Type": "Gather Merge",
          "Parent Relationship": "Outer",
          "Parallel Aware": false,
          "Async Capable": false,
          "Startup Cost": 165020.03,
          "Total Cost": 165236.34,
          "Plan Rows": 1854,
          "Plan Width": 48,
          "Workers Planned": 2,
          "Workers Launched": 2,
          "Plans": [
            {
              "Node Type": "Sort",
              "Parent Relationship": "Outer",
              "Parallel Aware": false,
              "Async Capable": false,
              "Startup Cost": 164020.0,
              "Total Cost": 164022.32,
              "Plan Rows": 927,
              "Plan Width": 48,
              "Sort Key": [
                "supplier.s_name"
              ],
              "Sort Method": "top-N heapsort",
              "Sort Space Used": 26,
              "Sort Space Type": "Memory",
              "Workers": [
                {
                  "Worker Number": 0,
                  "Sort Method": "top-N heapsort",
                  "Sort Space Used": 26,
                  "Sort Space Type": "Memory"
                },
                {
                  "Worker Number": 1,
                  "Sort Method": "top-N heapsort",
                  "Sort Space Used": 26,
                  "Sort Space Type": "Memory"
                }
              ],
              "Plans": [
                {
                  "Node Type": "Hash Join",
                  "Parent Relationship": "Outer",
                  "Parallel Aware": false,
                  "Async Capable": false,
                  "Join Type": "Inner",
                  "Startup Cost": 1264.28,
                  "Total Cost": 163999.97,
                  "Plan Rows": 927,
                  "Plan Width": 48,
                  "Inner Unique": true,
                  "Hash Cond": "(lineitem_1.l_suppkey = supplier.s_suppkey)",
                  "Join Filter": "(supplier.s_acctbal >= lineitem_1.l_extendedprice)",
                  "Rows Removed by Join Filter": 1942,
                  "Workers": [],
                  "Plans": [
                    {
                      "Node Type": "Hash Join",
                      "Parent Relationship": "Outer",
                      "Parallel Aware": false,
                      "Async Capable": false,
                      "Join Type": "Inner",
                      "Startup Cost": 816.28,
                      "Total Cost": 163544.67,
                      "Plan Rows": 2780,
                      "Plan Width": 34,
                      "Inner Unique": true,
                      "Hash Cond": "(lineitem_1.l_partkey = part_1.p_partkey)",
                      "Workers": [],
                      "Plans": [
                        {
                          "Node Type": "Seq Scan",
                          "Parent Relationship": "Outer",
                          "Parallel Aware": true,
                          "Async Capable": false,
                          "Relation Name": "lineitem",
                          "Alias": "lineitem_1",
                          "Startup Cost": 0.0,
                          "Total Cost": 158995.74,
                          "Plan Rows": 1421933,
                          "Plan Width": 27,
                          "Filter": "((l_shipdate > '1995-01-01'::date) AND (l_suppkey < 14000))",
                          "Rows Removed by Filter": 859006,
                          "Workers": []
                        },
                        {
                          "Node Type": "Hash",
                          "Parent Relationship": "Inner",
                          "Parallel Aware": false,
                          "Async Capable": false,
                          "Startup Cost": 811.4,
                          "Total Cost": 811.4,
                          "Plan Rows": 391,
                          "Plan Width": 15,
                          "Hash Buckets": 1024,
                          "Original Hash Buckets": 1024,
                          "Hash Batches": 1,
                          "Original Hash Batches": 1,
                          "Peak Memory Usage": 26,
                          "Workers": [],
                          "Plans": [
                            {
                              "Node Type": "Index Scan",
                              "Parent Relationship": "Outer",
                              "Parallel Aware": false,
                              "Async Capable": false,
                              "Scan Direction": "Forward",
                              "Index Name": "pk_part",
                              "Relation Name": "part",
                              "Alias": "part_1",
                              "Startup Cost": 0.42,
                              "Total Cost": 811.4,
                              "Plan Rows": 391,
                              "Plan Width": 15,
                              "Index Cond": "(p_partkey < 15000)",
                              "Rows Removed by Index Recheck": 0,
                              "Filter": "(p_container = 'SM JAR'::bpchar)",
                              "Rows Removed by Filter": 14631,
                              "Workers": []
                            }
                          ]
                        }
                      ]
                    },
                    {
                      "Node Type": "Hash",
                      "Parent Relationship": "Inner",
                      "Parallel Aware": false,
                      "Async Capable": false,
                      "Startup Cost": 323.0,
                      "Total Cost": 323.0,
                      "Plan Rows": 10000,
                      "Plan Width": 36,
                      "Hash Buckets": 16384,
                      "Original Hash Buckets": 16384,
                      "Hash Batches": 1,
                      "Original Hash Batches": 1,
                      "Peak Memory Usage": 822,
                      "Workers": [],
                      "Plans": [
                        {
                          "Node Type": "Seq Scan",
                          "Parent Relationship": "Outer",
                          "Parallel Aware": false,
                          "Async Capable": false,
                          "Relation Name": "supplier",
                          "Alias": "supplier",
                          "Startup Cost": 0.0,
                          "Total Cost": 323.0,
                          "Plan Rows": 10000,
                          "Plan Width": 36,
                          "Workers": []
                        }
                      ]
                    }
                  ]
                }
              ]
            }
          ]
        }
      ]
    }
  ]
}