{
  "Node Type": "Limit",
  "Parallel Aware": false,
  "Async Capable": false,
  "Startup Cost": 43633.54,
  "Total Cost": 43670.14,
  "Plan Rows": 100,
  "Plan Width": 63,
  "Plans": [
    {
      "Node Type": "Aggregate",
      "Strategy": "Sorted",
      "Partial Mode": "Simple",
      "Parent Relationship": "Outer",
      "Parallel Aware": false,
      "Async Capable": false,
      "Startup Cost": 43633.54,
      "Total Cost": 132399.15,
      "Plan Rows": 242503,
      "Plan Width": 63,
      "Group Key": [
        "orders.o_orderdate",
        "orders.o_totalprice",
        "customer.c_name"
      ],
      "Plans": [
        {
          "Node Type": "Nested Loop",
          "Parent Relationship": "Outer",
          "Parallel Aware": false,
          "Async Capable": false,
          "Join Type": "Inner",
          "Startup Cost": 43633.54,
          "Total Cost": 126942.83,
          "Plan Rows": 242503,
          "Plan Width": 36,
          "Inner Unique": false,
          "Plans": [
            {
              "Node Type": "Gather Merge",
              "Parent Relationship": "Outer",
              "Parallel Aware": false,
              "Async Capable": false,
              "Startup Cost": 43633.11,
              "Total Cost": 50692.14,
              "Plan Rows": 60610,
              "Plan Width": 39,
              "Workers Planned": 2,
              "Workers Launched": 2,
              "Plans": [
                {
                  "Node Type": "Sort",
                  "Parent Relationship": "Outer",
                  "Parallel Aware": false,
                  "Async Capable": false,
                  "Startup Cost": 42633.08,
                  "Total Cost": 42696.22,
                  "Plan Rows": 25254,
                  "Plan Width": 39,
                  "Sort Key": [
                    "orders.o_orderdate",
                    "orders.o_totalprice DESC",
                    "customer.c_name"
                  ],
                  "Sort Method": "quicksort",
                  "Sort Space Used": 2058,
                  "Sort Space Type": "Memory",
                  "Workers": [
                    {
                      "Worker Number": 0,
                      "Sort Method": "quicksort",
                      "Sort Space Used": 1970,
                      "Sort Space Type": "Memory"
                    },
                    {
                      "Worker Number": 1,
                      "Sort Method": "quicksort",
                      "Sort Space Used": 2035,
                      "Sort Space Type": "Memory"
                    }
                  ],
                  "Plans": [
                    {
                      "Node Type": "Hash Join",
                      "Parent Relationship": "Outer",
                      "Parallel Aware": true,
                      "Async Capable": false,
                      "Join Type": "Inner",
                      "Startup Cost": 4557.81,
                      "Total Cost": 40786.48,
                      "Plan Rows": 25254,
                      "Plan Width": 39,
                      "Inner Unique": true,
                      "Hash Cond": "(orders.o_custkey = customer.c_custkey)",
                      "Workers": [],
                      "Plans": [
                        {
                          "Node Type": "Seq Scan",
                          "Parent Relationship": "Outer",
                          "Parallel Aware": true,
                          "Async Capable": false,
                          "Relation Name": "orders",
                          "Alias": "orders",
                          "Startup Cost": 0.0,
                          "Total Cost": 34588.0,
                          "Plan Rows": 625000,
                          "Plan Width": 24,
                          "Workers": []
                        },
                        {
                          "Node Type": "Hash",
                          "Parent Relationship": "Inner",
                          "Parallel Aware": true,
                          "Async Capable": false,
                          "Startup Cost": 4526.25,
                          "Total Cost": 4526.25,
                          "Plan Rows": 2525,
                          "Plan Width": 23,
                          "Hash Buckets": 8192,
                          "Original Hash Buckets": 8192,
                          "Hash Batches": 1,
                          "Original Hash Batches": 1,
                          "Peak Memory Usage": 416,
                          "Workers": [],
                          "Plans": [
                            {
                              "Node Type": "Seq Scan",
                              "Parent Relationship": "Outer",
                              "Parallel Aware": true,
                              "Async Capable": false,
                              "Relation Name": "customer",
                              "Alias": "customer",
                              "Startup Cost": 0.0,
                              "Total Cost": 4526.25,
                              "Plan Rows": 2525,
                              "Plan Width": 23,
                              "Filter": "(c_phone ~~ '31-%'::text)",
                              "Rows Removed by Filter": 143992,
                              "Workers": []
                            }
                          ]
                        }
                      ]
                    }
                  ]
                }
              ]
            },
            {
              "Node Type": "Index Scan",
              "Parent Relationship": "Inner",
              "Parallel Aware": false,
              "Async Capable": false,
              "Scan Direction": "Forward",
              "Index Name": "pk_lineitem",
              "Relation Name": "lineitem",
              "Alias": "lineitem",
              "Startup Cost": 0.43,
              "Total Cost": 1.1,
              "Plan Rows": 16,
              "Plan Width": 13,
              "Index Cond": "(l_orderkey = orders.o_orderkey)",
              "Rows Removed by Index Recheck": 0
            }
          ]
        }
      ]
    }
  ]
}