{
  "Node Type": "Limit",
  "Parallel Aware": false,
  "Async Capable": false,
  "Startup Cost": 39264.67,
  "Total Cost": 39267.06,
  "Plan Rows": 10,
  "Plan Width": 28,
  "Plans": [
    {
      "Node Type": "Aggregate",
      "Strategy": "Sorted",
      "Partial Mode": "Finalize",
      "Parent Relationship": "Outer",
      "Parallel Aware": false,
      "Async Capable": false,
      "Startup Cost": 39264.67,
      "Total Cost": 41611.25,
      "Plan Rows": 9829,
      "Plan Width": 28,
      "Group Key": [
        "o_orderpriority",
        "o_orderdate"
      ],
      "Plans": [
        {
          "Node Type": "Gather Merge",
          "Parent Relationship": "Outer",
          "Parallel Aware": false,
          "Async Capable": false,
          "Startup Cost": 39264.67,
          "Total Cost": 41386.11,
          "Plan Rows": 16914,
          "Plan Width": 28,
          "Workers Planned": 2,
          "Workers Launched": 2,
          "Plans": [
            {
              "Node Type": "Aggregate",
              "Strategy": "Sorted",
              "Partial Mode": "Partial",
              "Parent Relationship": "Outer",
              "Parallel Aware": false,
              "Async Capable": false,
              "Startup Cost": 38264.65,
              "Total Cost": 38433.79,
              "Plan Rows": 8457,
              "Plan Width": 28,
              "Group Key": [
                "o_orderpriority",
                "o_orderdate"
              ],
              "Workers": [],
              "Plans": [
                {
                  "Node Type": "Sort",
                  "Parent Relationship": "Outer",
                  "Parallel Aware": false,
                  "Async Capable": false,
                  "Startup Cost": 38264.65,
                  "Total Cost": 38285.79,
                  "Plan Rows": 8457,
                  "Plan Width": 20,
                  "Sort Key": [
                    "o_orderpriority",
                    "o_orderdate"
                  ],
                  "Sort Method": "quicksort",
                  "Sort Space Used": 713,
                  "Sort Space Type": "Memory",
                  "Workers": [
                    {
                      "Worker Number": 0,
                      "Sort Method": "quicksort",
                      "Sort Space Used": 389,
                      "Sort Space Type": "Memory"
                    },
                    {
                      "Worker Number": 1,
                      "Sort Method": "quicksort",
                      "Sort Space Used": 471,
                      "Sort Space Type": "Memory"
                    }
                  ],
                  "Plans": [
                    {
                      "Node Type": "Seq Scan",
                      "Parent Relationship": "Outer",
                      "Parallel Aware": true,
                      "Async Capable": false,
                      "Relation Name": "orders",
                      "Alias": "orders",
                      "Startup Cost": 0.0,
                      "Total Cost": 37713.0,
                      "Plan Rows": 8457,
                      "Plan Width": 20,
                      "Filter": "((o_orderdate >= '1998-07-01'::date) AND (o_orderdate < '1998-10-01 00:00:00'::timestamp without time zone))",
                      "Rows Removed by Filter": 493143,
                      "Workers": []
                    }
                  ]
                }
              ]
            }
          ]
        }
      ]
    }
  ]
}