{
  "Node Type": "Sort",
  "Parallel Aware": false,
  "Async Capable": false,
  "Startup Cost": 11645.06,
  "Total Cost": 11650.93,
  "Plan Rows": 2349,
  "Plan Width": 44,
  "Sort Key": [
    "(count(*)) DESC",
    "part.p_brand",
    "part.p_type"
  ],
  "Sort Method": "quicksort",
  "Sort Space Used": 240,
  "Sort Space Type": "Memory",
  "Plans": [
    {
      "Node Type": "Aggregate",
      "Strategy": "Hashed",
      "Partial Mode": "Finalize",
      "Parent Relationship": "Outer",
      "Parallel Aware": false,
      "Async Capable": false,
      "Startup Cost": 11490.05,
      "Total Cost": 11513.54,
      "Plan Rows": 2349,
      "Plan Width": 44,
      "Group Key": [
        "part.p_brand",
        "part.p_type"
      ],
      "Planned Partitions": 0,
      "HashAgg Batches": 1,
      "Peak Memory Usage": 369,
      "Disk Usage": 0,
      "Plans": [
        {
          "Node Type": "Gather",
          "Parent Relationship": "Outer",
          "Parallel Aware": false,
          "Async Capable": false,
          "Startup Cost": 10961.52,
          "Total Cost": 11454.81,
          "Plan Rows": 4698,
          "Plan Width": 44,
          "Workers Planned": 2,
          "Workers Launched": 2,
          "Single Copy": false,
          "Plans": [
            {
              "Node Type": "Aggregate",
              "Strategy": "Hashed",
              "Partial Mode": "Partial",
              "Parent Relationship": "Outer",
              "Parallel Aware": false,
              "Async Capable": false,
              "Startup Cost": 9961.52,
              "Total Cost": 9985.01,
              "Plan Rows": 2349,
              "Plan Width": 44,
              "Group Key": [
                "part.p_brand",
                "part.p_type"
              ],
              "Planned Partitions": 0,
              "HashAgg Batches": 1,
              "Peak Memory Usage": 369,
              "Disk Usage": 0,
              "Workers": [
                {
                  "Worker Number": 0,
                  "HashAgg Batches": 1,
                  "Peak Memory Usage": 241,
                  "Disk Usage": 0
                },
                {
                  "Worker Number": 1,
                  "HashAgg Batches": 1,
                  "Peak Memory Usage": 177,
                  "Disk Usage": 0
                }
              ],
              "Plans": [
                {
                  "Node Type": "Nested Loop",
                  "Parent Relationship": "Outer",
                  "Parallel Aware": false,
                  "Async Capable": false,
                  "Join Type": "Inner",
                  "Startup Cost": 0.42,
                  "Total Cost": 9915.79,
                  "Plan Rows": 6098,
                  "Plan Width": 36,
                  "Inner Unique": false,
                  "Workers": [],
                  "Plans": [
                    {
                      "Node Type": "Seq Scan",
                      "Parent Relationship": "Outer",
                      "Parallel Aware": true,
                      "Async Capable": false,
                      "Relation Name": "part",
                      "Alias": "part",
                      "Startup Cost": 0.0,
                      "Total Cost": 5762.33,
                      "Plan Rows": 1525,
                      "Plan Width": 40,
                      "Filter": "(((p_type)::text !~~ 'SMALL PLATED%'::text) AND (p_brand <> 'Brand#45'::bpchar) AND (p_size = 1))",
                      "Rows Removed by Filter": 65418,
                      "Workers": []
                    },
                    {
                      "Node Type": "Index Only Scan",
                      "Parent Relationship": "Inner",
                      "Parallel Aware": false,
                      "Async Capable": false,
                      "Scan Direction": "Forward",
                      "Index Name": "pk_partsupp",
                      "Relation Name": "partsupp",
                      "Alias": "partsupp",
                      "Startup Cost": 0.42,
                      "Total Cost": 2.68,
                      "Plan Rows": 4,
                      "Plan Width": 4,
                      "Index Cond": "(ps_partkey = part.p_partkey)",
                      "Rows Removed by Index Recheck": 0,
                      "Heap Fetches": 0,
                      "Workers": []
                    }
                  ]
                }
              ]
            }
          ]
        }
      ]
    }
  ]
}