{
  "Node Type": "Limit",
  "Parallel Aware": false,
  "Async Capable": false,
  "Startup Cost": 6774.93,
  "Total Cost": 6774.95,
  "Plan Rows": 10,
  "Plan Width": 53,
  "Plans": [
    {
      "Node Type": "Sort",
      "Parent Relationship": "Outer",
      "Parallel Aware": false,
      "Async Capable": false,
      "Startup Cost": 6774.93,
      "Total Cost": 6843.29,
      "Plan Rows": 27344,
      "Plan Width": 53,
      "Sort Key": [
        "customer.c_name",
        "nation.n_name DESC"
      ],
      "Sort Method": "top-N heapsort",
      "Sort Space Used": 27,
      "Sort Space Type": "Memory",
      "Plans": [
        {
          "Node Type": "Aggregate",
          "Strategy": "Hashed",
          "Partial Mode": "Simple",
          "Parent Relationship": "Outer",
          "Parallel Aware": false,
          "Async Capable": false,
          "Startup Cost": 5910.59,
          "Total Cost": 6184.03,
          "Plan Rows": 27344,
          "Plan Width": 53,
          "Group Key": [
            "customer.c_name",
            "nation.n_name"
          ],
          "Planned Partitions": 0,
          "HashAgg Batches": 1,
          "Peak Memory Usage": 4113,
          "Disk Usage": 0,
          "Plans": [
            {
              "Node Type": "Hash Join",
              "Parent Relationship": "Outer",
              "Parallel Aware": false,
              "Async Capable": false,
              "Join Type": "Right",
              "Startup Cost": 1.56,
              "Total Cost": 5705.51,
              "Plan Rows": 27344,
              "Plan Width": 45,
              "Inner Unique": true,
              "Hash Cond": "(customer.c_nationkey = nation.n_nationkey)",
              "Plans": [
                {
                  "Node Type": "Seq Scan",
                  "Parent Relationship": "Outer",
                  "Parallel Aware": false,
                  "Async Capable": false,
                  "Relation Name": "customer",
                  "Alias": "customer",
                  "Startup Cost": 0.0,
                  "Total Cost": 5620.0,
                  "Plan Rows": 27344,
                  "Plan Width": 23,
                  "Filter": "(c_acctbal < '1000'::numeric)",
                  "Rows Removed by Filter": 122881
                },
                {
                  "Node Type": "Hash",
                  "Parent Relationship": "Inner",
                  "Parallel Aware": false,
                  "Async Capable": false,
                  "Startup Cost": 1.25,
                  "Total Cost": 1.25,
                  "Plan Rows": 25,
                  "Plan Width": 30,
                  "Hash Buckets": 1024,
                  "Original Hash Buckets": 1024,
                  "Hash Batches": 1,
                  "Original Hash Batches": 1,
                  "Peak Memory Usage": 10,
                  "Plans": [
                    {
                      "Node Type": "Seq Scan",
                      "Parent Relationship": "Outer",
                      "Parallel Aware": false,
                      "Async Capable": false,
                      "Relation Name": "nation",
                      "Alias": "nation",
                      "Startup Cost": 0.0,
                      "Total Cost": 1.25,
                      "Plan Rows": 25,
                      "Plan Width": 30
                    }
                  ]
                }
              ]
            }
          ]
        }
      ]
    }
  ]
}