{
  "Node Type": "Limit",
  "Parallel Aware": false,
  "Async Capable": false,
  "Startup Cost": 121776.1,
  "Total Cost": 121780.64,
  "Plan Rows": 35,
  "Plan Width": 71,
  "Plans": [
    {
      "Node Type": "Aggregate",
      "Strategy": "Sorted",
      "Partial Mode": "Finalize",
      "Parent Relationship": "Outer",
      "Parallel Aware": false,
      "Async Capable": false,
      "Startup Cost": 121776.1,
      "Total Cost": 316057.12,
      "Plan Rows": 1500000,
      "Plan Width": 71,
      "Group Key": [
        "orders.o_custkey",
        "orders.o_clerk",
        "customer.c_name"
      ],
      "Plans": [
        {
          "Node Type": "Gather Merge",
          "Parent Relationship": "Outer",
          "Parallel Aware": false,
          "Async Capable": false,
          "Startup Cost": 121776.1,
          "Total Cost": 281682.12,
          "Plan Rows": 1250000,
          "Plan Width": 71,
          "Workers Planned": 2,
          "Workers Launched": 2,
          "Plans": [
            {
              "Node Type": "Aggregate",
              "Strategy": "Sorted",
              "Partial Mode": "Partial",
              "Parent Relationship": "Outer",
              "Parallel Aware": false,
              "Async Capable": false,
              "Startup Cost": 120776.08,
              "Total Cost": 136401.08,
              "Plan Rows": 625000,
              "Plan Width": 71,
              "Group Key": [
                "orders.o_custkey",
                "orders.o_clerk",
                "customer.c_name"
              ],
              "Workers": [],
              "Plans": [
                {
                  "Node Type": "Sort",
                  "Parent Relationship": "Outer",
                  "Parallel Aware": false,
                  "Async Capable": false,
                  "Startup Cost": 120776.08,
                  "Total Cost": 122338.58,
                  "Plan Rows": 625000,
                  "Plan Width": 45,
                  "Sort Key": [
                    "orders.o_custkey",
                    "orders.o_clerk",
                    "customer.c_name"
                  ],
                  "Sort Method": "external merge",
                  "Sort Space Used": 21840,
                  "Sort Space Type": "Disk",
                  "Workers": [
                    {
                      "Worker Number": 0,
                      "Sort Method": "external merge",
                      "Sort Space Used": 21128,
                      "Sort Space Type": "Disk"
                    },
                    {
                      "Worker Number": 1,
                      "Sort Method": "external merge",
                      "Sort Space Used": 21520,
                      "Sort Space Type": "Disk"
                    }
                  ],
                  "Plans": [
                    {
                      "Node Type": "Hash Join",
                      "Parent Relationship": "Outer",
                      "Parallel Aware": true,
                      "Async Capable": false,
                      "Join Type": "Full",
                      "Startup Cost": 5151.25,
                      "Total Cost": 41379.9,
                      "Plan Rows": 625000,
                      "Plan Width": 45,
                      "Inner Unique": true,
                      "Hash Cond": "(orders.o_custkey = customer.c_custkey)",
                      "Join Filter": "(orders.o_orderstatus = 'O'::bpchar)",
                      "Rows Removed by Join Filter": 255985,
                      "Workers": [],
                      "Plans": [
                        {
                          "Node Type": "Seq Scan",
                          "Parent Relationship": "Outer",
                          "Parallel Aware": true,
                          "Async Capable": false,
                          "Relation Name": "orders",
                          "Alias": "orders",
                          "Startup Cost": 0.0,
                          "Total Cost": 34588.0,
                          "Plan Rows": 625000,
                          "Plan Width": 22,
                          "Workers": []
                        },
                        {
                          "Node Type": "Hash",
                          "Parent Relationship": "Inner",
                          "Parallel Aware": true,
                          "Async Capable": false,
                          "Startup Cost": 4370.0,
                          "Total Cost": 4370.0,
                          "Plan Rows": 62500,
                          "Plan Width": 29,
                          "Hash Buckets": 262144,
                          "Original Hash Buckets": 262144,
                          "Hash Batches": 1,
                          "Original Hash Batches": 1,
                          "Peak Memory Usage": 11488,
                          "Workers": [],
                          "Plans": [
                            {
                              "Node Type": "Seq Scan",
                              "Parent Relationship": "Outer",
                              "Parallel Aware": true,
                              "Async Capable": false,
                              "Relation Name": "customer",
                              "Alias": "customer",
                              "Startup Cost": 0.0,
                              "Total Cost": 4370.0,
                              "Plan Rows": 62500,
                              "Plan Width": 29,
                              "Workers": []
                            }
                          ]
                        }
                      ]
                    }
                  ]
                }
              ]
            }
          ]
        }
      ]
    }
  ]
}