{
  "Node Type": "Limit",
  "Parallel Aware": false,
  "Async Capable": false,
  "Startup Cost": 41767.08,
  "Total Cost": 41778.75,
  "Plan Rows": 100,
  "Plan Width": 58,
  "Plans": [
    {
      "Node Type": "Gather Merge",
      "Parent Relationship": "Outer",
      "Parallel Aware": false,
      "Async Capable": false,
      "Startup Cost": 41767.08,
      "Total Cost": 119550.21,
      "Plan Rows": 666666,
      "Plan Width": 58,
      "Workers Planned": 2,
      "Workers Launched": 2,
      "Plans": [
        {
          "Node Type": "Sort",
          "Parent Relationship": "Outer",
          "Parallel Aware": false,
          "Async Capable": false,
          "Startup Cost": 40767.06,
          "Total Cost": 41600.39,
          "Plan Rows": 333333,
          "Plan Width": 58,
          "Sort Key": [
            "partsupp.ps_suppkey"
          ],
          "Sort Method": "top-N heapsort",
          "Sort Space Used": 31,
          "Sort Space Type": "Memory",
          "Workers": [
            {
              "Worker Number": 0,
              "Sort Method": "top-N heapsort",
              "Sort Space Used": 31,
              "Sort Space Type": "Memory"
            },
            {
              "Worker Number": 1,
              "Sort Method": "top-N heapsort",
              "Sort Space Used": 31,
              "Sort Space Type": "Memory"
            }
          ],
          "Plans": [
            {
              "Node Type": "Hash Join",
              "Parent Relationship": "Outer",
              "Parallel Aware": true,
              "Async Capable": false,
              "Join Type": "Left",
              "Startup Cost": 6301.98,
              "Total Cost": 28027.31,
              "Plan Rows": 333333,
              "Plan Width": 58,
              "Inner Unique": true,
              "Hash Cond": "(partsupp.ps_partkey = part.p_partkey)",
              "Join Filter": "(partsupp.ps_availqty < 100)",
              "Rows Removed by Join Filter": 242609,
              "Workers": [],
              "Plans": [
                {
                  "Node Type": "Seq Scan",
                  "Parent Relationship": "Outer",
                  "Parallel Aware": true,
                  "Async Capable": false,
                  "Relation Name": "partsupp",
                  "Alias": "partsupp",
                  "Startup Cost": 0.0,
                  "Total Cost": 20850.33,
                  "Plan Rows": 333333,
                  "Plan Width": 12,
                  "Workers": []
                },
                {
                  "Node Type": "Hash",
                  "Parent Relationship": "Inner",
                  "Parallel Aware": true,
                  "Async Capable": false,
                  "Startup Cost": 5345.67,
                  "Total Cost": 5345.67,
                  "Plan Rows": 76505,
                  "Plan Width": 58,
                  "Hash Buckets": 262144,
                  "Original Hash Buckets": 262144,
                  "Hash Batches": 1,
                  "Original Hash Batches": 1,
                  "Peak Memory Usage": 19168,
                  "Workers": [],
                  "Plans": [
                    {
                      "Node Type": "Seq Scan",
                      "Parent Relationship": "Outer",
                      "Parallel Aware": true,
                      "Async Capable": false,
                      "Relation Name": "part",
                      "Alias": "part",
                      "Startup Cost": 0.0,
                      "Total Cost": 5345.67,
                      "Plan Rows": 76505,
                      "Plan Width": 58,
                      "Filter": "(p_size > 4)",
                      "Rows Removed by Filter": 5403,
                      "Workers": []
                    }
                  ]
                }
              ]
            }
          ]
        }
      ]
    }
  ]
}