{
  "Node Type": "Aggregate",
  "Strategy": "Sorted",
  "Partial Mode": "Finalize",
  "Parallel Aware": false,
  "Async Capable": false,
  "Startup Cost": 182583.42,
  "Total Cost": 182589.86,
  "Plan Rows": 48,
  "Plan Width": 90,
  "Group Key": [
    "nation.n_name",
    "(EXTRACT(year FROM orders.o_orderdate))"
  ],
  "Plans": [
    {
      "Node Type": "Gather Merge",
      "Parent Relationship": "Outer",
      "Parallel Aware": false,
      "Async Capable": false,
      "Startup Cost": 182583.42,
      "Total Cost": 182588.74,
      "Plan Rows": 40,
      "Plan Width": 90,
      "Workers Planned": 2,
      "Workers Launched": 2,
      "Plans": [
        {
          "Node Type": "Aggregate",
          "Strategy": "Sorted",
          "Partial Mode": "Partial",
          "Parent Relationship": "Outer",
          "Parallel Aware": false,
          "Async Capable": false,
          "Startup Cost": 181583.4,
          "Total Cost": 181584.1,
          "Plan Rows": 20,
          "Plan Width": 90,
          "Group Key": [
            "nation.n_name",
            "(EXTRACT(year FROM orders.o_orderdate))"
          ],
          "Workers": [],
          "Plans": [
            {
              "Node Type": "Sort",
              "Parent Relationship": "Outer",
              "Parallel Aware": false,
              "Async Capable": false,
              "Startup Cost": 181583.4,
              "Total Cost": 181583.45,
              "Plan Rows": 20,
              "Plan Width": 81,
              "Sort Key": [
                "nation.n_name",
                "(EXTRACT(year FROM orders.o_orderdate)) DESC"
              ],
              "Sort Method": "external merge",
              "Sort Space Used": 2696,
              "Sort Space Type": "Disk",
              "Workers": [
                {
                  "Worker Number": 0,
                  "Sort Method": "external merge",
                  "Sort Space Used": 2816,
                  "Sort Space Type": "Disk"
                },
                {
                  "Worker Number": 1,
                  "Sort Method": "external merge",
                  "Sort Space Used": 2832,
                  "Sort Space Type": "Disk"
                }
              ],
              "Plans": [
                {
                  "Node Type": "Hash Join",
                  "Parent Relationship": "Outer",
                  "Parallel Aware": false,
                  "Async Capable": false,
                  "Join Type": "Inner",
                  "Startup Cost": 5369.4,
                  "Total Cost": 181582.96,
                  "Plan Rows": 20,
                  "Plan Width": 81,
                  "Inner Unique": true,
                  "Hash Cond": "(supplier.s_nationkey = nation.n_nationkey)",
                  "Workers": [],
                  "Plans": [
                    {
                      "Node Type": "Nested Loop",
                      "Parent Relationship": "Outer",
                      "Parallel Aware": false,
                      "Async Capable": false,
                      "Join Type": "Inner",
                      "Startup Cost": 5367.84,
                      "Total Cost": 181581.29,
                      "Plan Rows": 20,
                      "Plan Width": 31,
                      "Inner Unique": true,
                      "Workers": [],
                      "Plans": [
                        {
                          "Node Type": "Nested Loop",
                          "Parent Relationship": "Outer",
                          "Parallel Aware": false,
                          "Async Capable": false,
                          "Join Type": "Inner",
                          "Startup Cost": 5367.41,
                          "Total Cost": 181571.96,
                          "Plan Rows": 20,
                          "Plan Width": 35,
                          "Inner Unique": true,
                          "Workers": [],
                          "Plans": [
                            {
                              "Node Type": "Nested Loop",
                              "Parent Relationship": "Outer",
                              "Parallel Aware": false,
                              "Async Capable": false,
                              "Join Type": "Inner",
                              "Startup Cost": 5367.13,
                              "Total Cost": 181565.9,
                              "Plan Rows": 20,
                              "Plan Width": 39,
                              "Inner Unique": true,
                              "Workers": [],
                              "Plans": [
                                {
                                  "Node Type": "Hash Join",
                                  "Parent Relationship": "Outer",
                                  "Parallel Aware": true,
                                  "Async Capable": false,
                                  "Join Type": "Inner",
                                  "Startup Cost": 5366.7,
                                  "Total Cost": 158423.54,
                                  "Plan Rows": 50513,
                                  "Plan Width": 37,
                                  "Inner Unique": true,
                                  "Hash Cond": "(lineitem.l_partkey = part.p_partkey)",
                                  "Workers": [],
                                  "Plans": [
                                    {
                                      "Node Type": "Seq Scan",
                                      "Parent Relationship": "Outer",
                                      "Parallel Aware": true,
                                      "Async Capable": false,
                                      "Relation Name": "lineitem",
                                      "Alias": "lineitem",
                                      "Startup Cost": 0.0,
                                      "Total Cost": 146492.49,
                                      "Plan Rows": 2500649,
                                      "Plan Width": 33,
                                      "Workers": []
                                    },
                                    {
                                      "Node Type": "Hash",
                                      "Parent Relationship": "Inner",
                                      "Parallel Aware": true,
                                      "Async Capable": false,
                                      "Startup Cost": 5345.67,
                                      "Total Cost": 5345.67,
                                      "Plan Rows": 1683,
                                      "Plan Width": 4,
                                      "Hash Buckets": 4096,
                                      "Original Hash Buckets": 4096,
                                      "Hash Batches": 1,
                                      "Original Hash Batches": 1,
                                      "Peak Memory Usage": 224,
                                      "Workers": [],
                                      "Plans": [
                                        {
                                          "Node Type": "Seq Scan",
                                          "Parent Relationship": "Outer",
                                          "Parallel Aware": true,
                                          "Async Capable": false,
                                          "Relation Name": "part",
                                          "Alias": "part",
                                          "Startup Cost": 0.0,
                                          "Total Cost": 5345.67,
                                          "Plan Rows": 1683,
                                          "Plan Width": 4,
                                          "Filter": "((p_name)::text ~~ 'gr%'::text)",
                                          "Rows Removed by Filter": 97874,
                                          "Workers": []
                                        }
                                      ]
                                    }
                                  ]
                                },
                                {
                                  "Node Type": "Index Scan",
                                  "Parent Relationship": "Inner",
                                  "Parallel Aware": false,
                                  "Async Capable": false,
                                  "Scan Direction": "Forward",
                                  "Index Name": "pk_partsupp",
                                  "Relation Name": "partsupp",
                                  "Alias": "partsupp",
                                  "Startup Cost": 0.42,
                                  "Total Cost": 0.46,
                                  "Plan Rows": 1,
                                  "Plan Width": 14,
                                  "Index Cond": "((ps_partkey = lineitem.l_partkey) AND (ps_suppkey = lineitem.l_suppkey))",
                                  "Rows Removed by Index Recheck": 0,
                                  "Workers": []
                                }
                              ]
                            },
                            {
                              "Node Type": "Index Scan",
                              "Parent Relationship": "Inner",
                              "Parallel Aware": false,
                              "Async Capable": false,
                              "Scan Direction": "Forward",
                              "Index Name": "pk_supplier",
                              "Relation Name": "supplier",
                              "Alias": "supplier",
                              "Startup Cost": 0.29,
                              "Total Cost": 0.3,
                              "Plan Rows": 1,
                              "Plan Width": 8,
                              "Index Cond": "(s_suppkey = lineitem.l_suppkey)",
                              "Rows Removed by Index Recheck": 0,
                              "Workers": []
                            }
                          ]
                        },
                        {
                          "Node Type": "Index Scan",
                          "Parent Relationship": "Inner",
                          "Parallel Aware": false,
                          "Async Capable": false,
                          "Scan Direction": "Forward",
                          "Index Name": "pk_orders",
                          "Relation Name": "orders",
                          "Alias": "orders",
                          "Startup Cost": 0.43,
                          "Total Cost": 0.47,
                          "Plan Rows": 1,
                          "Plan Width": 12,
                          "Index Cond": "(o_orderkey = lineitem.l_orderkey)",
                          "Rows Removed by Index Recheck": 0,
                          "Workers": []
                        }
                      ]
                    },
                    {
                      "Node Type": "Hash",
                      "Parent Relationship": "Inner",
                      "Parallel Aware": false,
                      "Async Capable": false,
                      "Startup Cost": 1.25,
                      "Total Cost": 1.25,
                      "Plan Rows": 25,
                      "Plan Width": 30,
                      "Hash Buckets": 1024,
                      "Original Hash Buckets": 1024,
                      "Hash Batches": 1,
                      "Original Hash Batches": 1,
                      "Peak Memory Usage": 10,
                      "Workers": [],
                      "Plans": [
                        {
                          "Node Type": "Seq Scan",
                          "Parent Relationship": "Outer",
                          "Parallel Aware": false,
                          "Async Capable": false,
                          "Relation Name": "nation",
                          "Alias": "nation",
                          "Startup Cost": 0.0,
                          "Total Cost": 1.25,
                          "Plan Rows": 25,
                          "Plan Width": 30,
                          "Workers": []
                        }
                      ]
                    }
                  ]
                }
              ]
            }
          ]
        }
      ]
    }
  ]
}