{
  "Node Type": "Append",
  "Parallel Aware": false,
  "Async Capable": false,
  "Startup Cost": 1000.88,
  "Total Cost": 21092.57,
  "Plan Rows": 25,
  "Plan Width": 33,
  "Subplans Removed": 0,
  "Plans": [
    {
      "Node Type": "Limit",
      "Parent Relationship": "Member",
      "Parallel Aware": false,
      "Async Capable": false,
      "Startup Cost": 1000.88,
      "Total Cost": 21087.6,
      "Plan Rows": 20,
      "Plan Width": 38,
      "Plans": [
        {
          "Node Type": "Nested Loop",
          "Parent Relationship": "Outer",
          "Parallel Aware": false,
          "Async Capable": false,
          "Join Type": "Inner",
          "Startup Cost": 1000.88,
          "Total Cost": 115495.18,
          "Plan Rows": 114,
          "Plan Width": 38,
          "Inner Unique": true,
          "Join Filter": "(nation.n_nationkey = customer.c_nationkey)",
          "Rows Removed by Join Filter": 187,
          "Plans": [
            {
              "Node Type": "Gather Merge",
              "Parent Relationship": "Outer",
              "Parallel Aware": false,
              "Async Capable": false,
              "Startup Cost": 1000.88,
              "Total Cost": 115452.84,
              "Plan Rows": 114,
              "Plan Width": 16,
              "Workers Planned": 2,
              "Workers Launched": 2,
              "Plans": [
                {
                  "Node Type": "Nested Loop",
                  "Parent Relationship": "Outer",
                  "Parallel Aware": false,
                  "Async Capable": false,
                  "Join Type": "Inner",
                  "Startup Cost": 0.86,
                  "Total Cost": 114439.66,
                  "Plan Rows": 48,
                  "Plan Width": 16,
                  "Inner Unique": true,
                  "Workers": [],
                  "Plans": [
                    {
                      "Node Type": "Index Scan",
                      "Parent Relationship": "Outer",
                      "Parallel Aware": true,
                      "Async Capable": false,
                      "Scan Direction": "Forward",
                      "Index Name": "pk_orders",
                      "Relation Name": "orders",
                      "Alias": "orders",
                      "Startup Cost": 0.43,
                      "Total Cost": 60114.92,
                      "Plan Rows": 474207,
                      "Plan Width": 16,
                      "Filter": "(o_orderdate < '1997-01-01'::date)",
                      "Rows Removed by Filter": 120469,
                      "Workers": []
                    },
                    {
                      "Node Type": "Memoize",
                      "Parent Relationship": "Inner",
                      "Parallel Aware": false,
                      "Async Capable": false,
                      "Startup Cost": 0.43,
                      "Total Cost": 0.46,
                      "Plan Rows": 1,
                      "Plan Width": 8,
                      "Cache Key": "orders.o_custkey",
                      "Cache Mode": "logical",
                      "Cache Hits": 1,
                      "Cache Misses": 278,
                      "Cache Evictions": 0,
                      "Cache Overflows": 0,
                      "Peak Memory Usage": 19,
                      "Workers": [
                        {
                          "Worker Number": 0,
                          "Cache Hits": 479445,
                          "Cache Misses": 98876,
                          "Cache Evictions": 0,
                          "Cache Overflows": 0,
                          "Peak Memory Usage": 6569
                        },
                        {
                          "Worker Number": 1,
                          "Cache Hits": 461196,
                          "Cache Misses": 98798,
                          "Cache Evictions": 0,
                          "Cache Overflows": 0,
                          "Peak Memory Usage": 6564
                        }
                      ],
                      "Plans": [
                        {
                          "Node Type": "Index Scan",
                          "Parent Relationship": "Outer",
                          "Parallel Aware": false,
                          "Async Capable": false,
                          "Scan Direction": "Forward",
                          "Index Name": "pk_customer",
                          "Relation Name": "customer",
                          "Alias": "customer",
                          "Startup Cost": 0.42,
                          "Total Cost": 0.45,
                          "Plan Rows": 1,
                          "Plan Width": 8,
                          "Index Cond": "(c_custkey = orders.o_custkey)",
                          "Rows Removed by Index Recheck": 0,
                          "Filter": "((c_name)::text ~~ '%0001248%'::text)",
                          "Rows Removed by Filter": 1,
                          "Workers": []
                        }
                      ]
                    }
                  ]
                }
              ]
            },
            {
              "Node Type": "Materialize",
              "Parent Relationship": "Inner",
              "Parallel Aware": false,
              "Async Capable": false,
              "Startup Cost": 0.0,
              "Total Cost": 1.38,
              "Plan Rows": 25,
              "Plan Width": 30,
              "Plans": [
                {
                  "Node Type": "Seq Scan",
                  "Parent Relationship": "Outer",
                  "Parallel Aware": false,
                  "Async Capable": false,
                  "Relation Name": "nation",
                  "Alias": "nation",
                  "Startup Cost": 0.0,
                  "Total Cost": 1.25,
                  "Plan Rows": 25,
                  "Plan Width": 30
                }
              ]
            }
          ]
        }
      ]
    },
    {
      "Node Type": "Limit",
      "Parent Relationship": "Member",
      "Parallel Aware": false,
      "Async Capable": false,
      "Startup Cost": 2.15,
      "Total Cost": 4.85,
      "Plan Rows": 5,
      "Plan Width": 14,
      "Plans": [
        {
          "Node Type": "Merge Join",
          "Parent Relationship": "Outer",
          "Parallel Aware": false,
          "Async Capable": false,
          "Join Type": "Inner",
          "Startup Cost": 2.15,
          "Total Cost": 585365.74,
          "Plan Rows": 1083161,
          "Plan Width": 14,
          "Inner Unique": true,
          "Merge Cond": "(lineitem.l_orderkey = orders_1.o_orderkey)",
          "Plans": [
            {
              "Node Type": "Index Scan",
              "Parent Relationship": "Outer",
              "Parallel Aware": false,
              "Async Capable": false,
              "Scan Direction": "Forward",
              "Index Name": "pk_lineitem",
              "Relation Name": "lineitem",
              "Alias": "lineitem",
              "Startup Cost": 0.43,
              "Total Cost": 493357.85,
              "Plan Rows": 3616259,
              "Plan Width": 12,
              "Filter": "((l_quantity > '20'::numeric) AND (l_extendedprice > '1000'::numeric))",
              "Rows Removed by Filter": 3
            },
            {
              "Node Type": "Index Scan",
              "Parent Relationship": "Inner",
              "Parallel Aware": false,
              "Async Capable": false,
              "Scan Direction": "Forward",
              "Index Name": "pk_orders",
              "Relation Name": "orders",
              "Alias": "orders_1",
              "Startup Cost": 0.43,
              "Total Cost": 71052.42,
              "Plan Rows": 449288,
              "Plan Width": 10,
              "Filter": "(o_orderdate < '1994-01-01'::date)",
              "Rows Removed by Filter": 2
            }
          ]
        }
      ]
    }
  ]
}