{
  "Node Type": "Append",
  "Parallel Aware": false,
  "Async Capable": false,
  "Startup Cost": 112159.56,
  "Total Cost": 612538.93,
  "Plan Rows": 20,
  "Plan Width": 40,
  "Subplans Removed": 0,
  "Plans": [
    {
      "Node Type": "Subquery Scan",
      "Parent Relationship": "Member",
      "Parallel Aware": false,
      "Async Capable": false,
      "Alias": "*SELECT* 1",
      "Startup Cost": 112159.56,
      "Total Cost": 112159.74,
      "Plan Rows": 10,
      "Plan Width": 40,
      "Plans": [
        {
          "Node Type": "Limit",
          "Parent Relationship": "Subquery",
          "Parallel Aware": false,
          "Async Capable": false,
          "Startup Cost": 112159.56,
          "Total Cost": 112159.59,
          "Plan Rows": 10,
          "Plan Width": 12,
          "Plans": [
            {
              "Node Type": "Sort",
              "Parent Relationship": "Outer",
              "Parallel Aware": false,
              "Async Capable": false,
              "Startup Cost": 112159.56,
              "Total Cost": 112534.56,
              "Plan Rows": 150000,
              "Plan Width": 12,
              "Sort Key": [
                "(count(*))"
              ],
              "Sort Method": "top-N heapsort",
              "Sort Space Used": 25,
              "Sort Space Type": "Memory",
              "Plans": [
                {
                  "Node Type": "Aggregate",
                  "Strategy": "Hashed",
                  "Partial Mode": "Simple",
                  "Parent Relationship": "Outer",
                  "Parallel Aware": false,
                  "Async Capable": false,
                  "Startup Cost": 101027.69,
                  "Total Cost": 108918.12,
                  "Plan Rows": 150000,
                  "Plan Width": 12,
                  "Group Key": [
                    "customer.c_custkey"
                  ],
                  "Planned Partitions": 4,
                  "HashAgg Batches": 5,
                  "Peak Memory Usage": 8241,
                  "Disk Usage": 3576,
                  "Plans": [
                    {
                      "Node Type": "Hash Join",
                      "Parent Relationship": "Outer",
                      "Parallel Aware": false,
                      "Async Capable": false,
                      "Join Type": "Inner",
                      "Startup Cost": 5781.42,
                      "Total Cost": 55016.66,
                      "Plan Rows": 817974,
                      "Plan Width": 4,
                      "Inner Unique": true,
                      "Hash Cond": "(orders.o_custkey = customer.c_custkey)",
                      "Plans": [
                        {
                          "Node Type": "Seq Scan",
                          "Parent Relationship": "Outer",
                          "Parallel Aware": false,
                          "Async Capable": false,
                          "Relation Name": "orders",
                          "Alias": "orders",
                          "Startup Cost": 0.0,
                          "Total Cost": 47088.0,
                          "Plan Rows": 817974,
                          "Plan Width": 4,
                          "Filter": "(o_orderdate >= '1995-01-01'::date)",
                          "Rows Removed by Filter": 681331
                        },
                        {
                          "Node Type": "Hash",
                          "Parent Relationship": "Inner",
                          "Parallel Aware": false,
                          "Async Capable": false,
                          "Startup Cost": 3906.42,
                          "Total Cost": 3906.42,
                          "Plan Rows": 150000,
                          "Plan Width": 4,
                          "Hash Buckets": 262144,
                          "Original Hash Buckets": 262144,
                          "Hash Batches": 1,
                          "Original Hash Batches": 1,
                          "Peak Memory Usage": 7322,
                          "Plans": [
                            {
                              "Node Type": "Index Only Scan",
                              "Parent Relationship": "Outer",
                              "Parallel Aware": false,
                              "Async Capable": false,
                              "Scan Direction": "Forward",
                              "Index Name": "pk_customer",
                              "Relation Name": "customer",
                              "Alias": "customer",
                              "Startup Cost": 0.42,
                              "Total Cost": 3906.42,
                              "Plan Rows": 150000,
                              "Plan Width": 4,
                              "Heap Fetches": 0
                            }
                          ]
                        }
                      ]
                    }
                  ]
                }
              ]
            }
          ]
        }
      ]
    },
    {
      "Node Type": "Limit",
      "Parent Relationship": "Member",
      "Parallel Aware": false,
      "Async Capable": false,
      "Startup Cost": 500379.07,
      "Total Cost": 500379.09,
      "Plan Rows": 10,
      "Plan Width": 40,
      "Plans": [
        {
          "Node Type": "Sort",
          "Parent Relationship": "Outer",
          "Parallel Aware": false,
          "Async Capable": false,
          "Startup Cost": 500379.07,
          "Total Cost": 501291.63,
          "Plan Rows": 365025,
          "Plan Width": 40,
          "Sort Key": [
            "(sum(lineitem.l_quantity)) DESC"
          ],
          "Sort Method": "top-N heapsort",
          "Sort Space Used": 25,
          "Sort Space Type": "Memory",
          "Plans": [
            {
              "Node Type": "Aggregate",
              "Strategy": "Sorted",
              "Partial Mode": "Finalize",
              "Parent Relationship": "Outer",
              "Parallel Aware": false,
              "Async Capable": false,
              "Startup Cost": 397274.37,
              "Total Cost": 492491.01,
              "Plan Rows": 365025,
              "Plan Width": 40,
              "Group Key": [
                "lineitem.l_orderkey"
              ],
              "Plans": [
                {
                  "Node Type": "Gather Merge",
                  "Parent Relationship": "Outer",
                  "Parallel Aware": false,
                  "Async Capable": false,
                  "Startup Cost": 397274.37,
                  "Total Cost": 482452.82,
                  "Plan Rows": 730050,
                  "Plan Width": 40,
                  "Workers Planned": 2,
                  "Workers Launched": 2,
                  "Plans": [
                    {
                      "Node Type": "Sort",
                      "Parent Relationship": "Outer",
                      "Parallel Aware": false,
                      "Async Capable": false,
                      "Startup Cost": 396274.35,
                      "Total Cost": 397186.91,
                      "Plan Rows": 365025,
                      "Plan Width": 40,
                      "Sort Key": [
                        "lineitem.l_orderkey"
                      ],
                      "Sort Method": "external merge",
                      "Sort Space Used": 26816,
                      "Sort Space Type": "Disk",
                      "Workers": [
                        {
                          "Worker Number": 0,
                          "Sort Method": "external merge",
                          "Sort Space Used": 27880,
                          "Sort Space Type": "Disk"
                        },
                        {
                          "Worker Number": 1,
                          "Sort Method": "external merge",
                          "Sort Space Used": 26640,
                          "Sort Space Type": "Disk"
                        }
                      ],
                      "Plans": [
                        {
                          "Node Type": "Aggregate",
                          "Strategy": "Hashed",
                          "Partial Mode": "Partial",
                          "Parent Relationship": "Outer",
                          "Parallel Aware": false,
                          "Async Capable": false,
                          "Startup Cost": 331374.62,
                          "Total Cost": 352568.36,
                          "Plan Rows": 365025,
                          "Plan Width": 40,
                          "Group Key": [
                            "lineitem.l_orderkey"
                          ],
                          "Planned Partitions": 16,
                          "HashAgg Batches": 17,
                          "Peak Memory Usage": 8337,
                          "Disk Usage": 47648,
                          "Workers": [
                            {
                              "Worker Number": 0,
                              "HashAgg Batches": 81,
                              "Peak Memory Usage": 8337,
                              "Disk Usage": 47768
                            },
                            {
                              "Worker Number": 1,
                              "HashAgg Batches": 17,
                              "Peak Memory Usage": 8337,
                              "Disk Usage": 47640
                            }
                          ],
                          "Plans": [
                            {
                              "Node Type": "Hash Join",
                              "Parent Relationship": "Outer",
                              "Parallel Aware": true,
                              "Async Capable": false,
                              "Join Type": "Inner",
                              "Startup Cost": 43134.01,
                              "Total Cost": 222275.73,
                              "Plan Rows": 1703007,
                              "Plan Width": 13,
                              "Inner Unique": true,
                              "Hash Cond": "(lineitem.l_orderkey = orders_1.o_orderkey)",
                              "Workers": [],
                              "Plans": [
                                {
                                  "Node Type": "Seq Scan",
                                  "Parent Relationship": "Outer",
                                  "Parallel Aware": true,
                                  "Async Capable": false,
                                  "Relation Name": "lineitem",
                                  "Alias": "lineitem",
                                  "Startup Cost": 0.0,
                                  "Total Cost": 146492.49,
                                  "Plan Rows": 2500649,
                                  "Plan Width": 13,
                                  "Workers": []
                                },
                                {
                                  "Node Type": "Hash",
                                  "Parent Relationship": "Inner",
                                  "Parallel Aware": true,
                                  "Async Capable": false,
                                  "Startup Cost": 36150.5,
                                  "Total Cost": 36150.5,
                                  "Plan Rows": 425641,
                                  "Plan Width": 8,
                                  "Hash Buckets": 262144,
                                  "Original Hash Buckets": 262144,
                                  "Hash Batches": 8,
                                  "Original Hash Batches": 8,
                                  "Peak Memory Usage": 7072,
                                  "Workers": [],
                                  "Plans": [
                                    {
                                      "Node Type": "Seq Scan",
                                      "Parent Relationship": "Outer",
                                      "Parallel Aware": true,
                                      "Async Capable": false,
                                      "Relation Name": "orders",
                                      "Alias": "orders_1",
                                      "Startup Cost": 0.0,
                                      "Total Cost": 36150.5,
                                      "Plan Rows": 425641,
                                      "Plan Width": 8,
                                      "Filter": "(o_orderdate < '1996-07-01'::date)",
                                      "Rows Removed by Filter": 158896,
                                      "Workers": []
                                    }
                                  ]
                                }
                              ]
                            }
                          ]
                        }
                      ]
                    }
                  ]
                }
              ]
            }
          ]
        }
      ]
    }
  ]
}