{
  "Node Type": "Append",
  "Parallel Aware": false,
  "Async Capable": false,
  "Startup Cost": 1.56,
  "Total Cost": 6671.72,
  "Plan Rows": 31865,
  "Plan Width": 136,
  "Subplans Removed": 0,
  "Plans": [
    {
      "Node Type": "Hash Join",
      "Parent Relationship": "Member",
      "Parallel Aware": false,
      "Async Capable": false,
      "Join Type": "Inner",
      "Startup Cost": 1.56,
      "Total Cost": 6077.58,
      "Plan Rows": 26390,
      "Plan Width": 45,
      "Inner Unique": true,
      "Hash Cond": "(customer.c_nationkey = nation.n_nationkey)",
      "Plans": [
        {
          "Node Type": "Seq Scan",
          "Parent Relationship": "Outer",
          "Parallel Aware": false,
          "Async Capable": false,
          "Relation Name": "customer",
          "Alias": "customer",
          "Startup Cost": 0.0,
          "Total Cost": 5995.0,
          "Plan Rows": 26390,
          "Plan Width": 23,
          "Filter": "((c_acctbal > '100'::numeric) AND (c_mktsegment = 'AUTOMOBILE'::bpchar))",
          "Rows Removed by Filter": 123199
        },
        {
          "Node Type": "Hash",
          "Parent Relationship": "Inner",
          "Parallel Aware": false,
          "Async Capable": false,
          "Startup Cost": 1.25,
          "Total Cost": 1.25,
          "Plan Rows": 25,
          "Plan Width": 30,
          "Hash Buckets": 1024,
          "Original Hash Buckets": 1024,
          "Hash Batches": 1,
          "Original Hash Batches": 1,
          "Peak Memory Usage": 10,
          "Plans": [
            {
              "Node Type": "Seq Scan",
              "Parent Relationship": "Outer",
              "Parallel Aware": false,
              "Async Capable": false,
              "Relation Name": "nation",
              "Alias": "nation",
              "Startup Cost": 0.0,
              "Total Cost": 1.25,
              "Plan Rows": 25,
              "Plan Width": 30
            }
          ]
        }
      ]
    },
    {
      "Node Type": "Subquery Scan",
      "Parent Relationship": "Member",
      "Parallel Aware": false,
      "Async Capable": false,
      "Alias": "*SELECT* 2",
      "Startup Cost": 1.56,
      "Total Cost": 434.81,
      "Plan Rows": 5475,
      "Plan Width": 58,
      "Plans": [
        {
          "Node Type": "Hash Join",
          "Parent Relationship": "Subquery",
          "Parallel Aware": false,
          "Async Capable": false,
          "Join Type": "Inner",
          "Startup Cost": 1.56,
          "Total Cost": 366.37,
          "Plan Rows": 5475,
          "Plan Width": 52,
          "Inner Unique": true,
          "Hash Cond": "(supplier.s_nationkey = nation_1.n_nationkey)",
          "Plans": [
            {
              "Node Type": "Seq Scan",
              "Parent Relationship": "Outer",
              "Parallel Aware": false,
              "Async Capable": false,
              "Relation Name": "supplier",
              "Alias": "supplier",
              "Startup Cost": 0.0,
              "Total Cost": 348.0,
              "Plan Rows": 5475,
              "Plan Width": 30,
              "Filter": "(s_acctbal > '4000'::numeric)",
              "Rows Removed by Filter": 4528
            },
            {
              "Node Type": "Hash",
              "Parent Relationship": "Inner",
              "Parallel Aware": false,
              "Async Capable": false,
              "Startup Cost": 1.25,
              "Total Cost": 1.25,
              "Plan Rows": 25,
              "Plan Width": 30,
              "Hash Buckets": 1024,
              "Original Hash Buckets": 1024,
              "Hash Batches": 1,
              "Original Hash Batches": 1,
              "Peak Memory Usage": 10,
              "Plans": [
                {
                  "Node Type": "Seq Scan",
                  "Parent Relationship": "Outer",
                  "Parallel Aware": false,
                  "Async Capable": false,
                  "Relation Name": "nation",
                  "Alias": "nation_1",
                  "Startup Cost": 0.0,
                  "Total Cost": 1.25,
                  "Plan Rows": 25,
                  "Plan Width": 30
                }
              ]
            }
          ]
        }
      ]
    }
  ]
}