{
  "Node Type": "Limit",
  "Parallel Aware": false,
  "Async Capable": false,
  "Startup Cost": 39316.42,
  "Total Cost": 39316.43,
  "Plan Rows": 1,
  "Plan Width": 12,
  "Plans": [
    {
      "Node Type": "Sort",
      "Parent Relationship": "Outer",
      "Parallel Aware": false,
      "Async Capable": false,
      "Startup Cost": 39316.42,
      "Total Cost": 39316.43,
      "Plan Rows": 1,
      "Plan Width": 12,
      "Sort Key": [
        "lineitem.l_orderkey"
      ],
      "Sort Method": "quicksort",
      "Sort Space Used": 25,
      "Sort Space Type": "Memory",
      "Plans": [
        {
          "Node Type": "Gather",
          "Parent Relationship": "Outer",
          "Parallel Aware": false,
          "Async Capable": false,
          "Startup Cost": 1000.86,
          "Total Cost": 39316.41,
          "Plan Rows": 1,
          "Plan Width": 12,
          "Workers Planned": 2,
          "Workers Launched": 2,
          "Single Copy": false,
          "Plans": [
            {
              "Node Type": "Nested Loop",
              "Parent Relationship": "Outer",
              "Parallel Aware": false,
              "Async Capable": false,
              "Join Type": "Inner",
              "Startup Cost": 0.86,
              "Total Cost": 38316.31,
              "Plan Rows": 1,
              "Plan Width": 12,
              "Inner Unique": true,
              "Workers": [],
              "Plans": [
                {
                  "Node Type": "Nested Loop",
                  "Parent Relationship": "Outer",
                  "Parallel Aware": false,
                  "Async Capable": false,
                  "Join Type": "Inner",
                  "Startup Cost": 0.43,
                  "Total Cost": 38311.97,
                  "Plan Rows": 7,
                  "Plan Width": 20,
                  "Inner Unique": false,
                  "Workers": [],
                  "Plans": [
                    {
                      "Node Type": "Seq Scan",
                      "Parent Relationship": "Outer",
                      "Parallel Aware": true,
                      "Async Capable": false,
                      "Relation Name": "orders",
                      "Alias": "orders",
                      "Startup Cost": 0.0,
                      "Total Cost": 36150.5,
                      "Plan Rows": 62,
                      "Plan Width": 12,
                      "Filter": "(o_orderdate < '1990-01-01'::date)",
                      "Rows Removed by Filter": 500000,
                      "Workers": []
                    },
                    {
                      "Node Type": "Index Scan",
                      "Parent Relationship": "Inner",
                      "Parallel Aware": false,
                      "Async Capable": false,
                      "Scan Direction": "Forward",
                      "Index Name": "pk_lineitem",
                      "Relation Name": "lineitem",
                      "Alias": "lineitem",
                      "Startup Cost": 0.43,
                      "Total Cost": 34.85,
                      "Plan Rows": 1,
                      "Plan Width": 24,
                      "Index Cond": "(l_orderkey = orders.o_orderkey)",
                      "Rows Removed by Index Recheck": 0,
                      "Filter": "((l_commitdate <= l_receiptdate) AND (l_shipdate <= l_commitdate) AND (l_receiptdate > '1994-01-01'::date) AND (l_shipdate >= orders.o_orderdate))",
                      "Rows Removed by Filter": 0,
                      "Workers": []
                    }
                  ]
                },
                {
                  "Node Type": "Index Scan",
                  "Parent Relationship": "Inner",
                  "Parallel Aware": false,
                  "Async Capable": false,
                  "Scan Direction": "Forward",
                  "Index Name": "pk_partsupp",
                  "Relation Name": "partsupp",
                  "Alias": "partsupp",
                  "Startup Cost": 0.42,
                  "Total Cost": 0.61,
                  "Plan Rows": 1,
                  "Plan Width": 12,
                  "Index Cond": "((ps_partkey = lineitem.l_partkey) AND (ps_suppkey = lineitem.l_suppkey))",
                  "Rows Removed by Index Recheck": 0,
                  "Filter": "(lineitem.l_linenumber = ps_availqty)",
                  "Rows Removed by Filter": 0,
                  "Workers": []
                }
              ]
            }
          ]
        }
      ]
    }
  ]
}