{
  "Node Type": "Limit",
  "Parallel Aware": false,
  "Async Capable": false,
  "Startup Cost": 197521.99,
  "Total Cost": 197522.24,
  "Plan Rows": 100,
  "Plan Width": 34,
  "Plans": [
    {
      "Node Type": "Sort",
      "Parent Relationship": "Outer",
      "Parallel Aware": false,
      "Async Capable": false,
      "Startup Cost": 197521.99,
      "Total Cost": 197546.99,
      "Plan Rows": 10000,
      "Plan Width": 34,
      "Sort Key": [
        "(count(*)) DESC"
      ],
      "Sort Method": "top-N heapsort",
      "Sort Space Used": 36,
      "Sort Space Type": "Memory",
      "Plans": [
        {
          "Node Type": "Aggregate",
          "Strategy": "Sorted",
          "Partial Mode": "Finalize",
          "Parent Relationship": "Outer",
          "Parallel Aware": false,
          "Async Capable": false,
          "Startup Cost": 194372.51,
          "Total Cost": 197139.8,
          "Plan Rows": 10000,
          "Plan Width": 34,
          "Group Key": [
            "supplier.s_name"
          ],
          "Plans": [
            {
              "Node Type": "Gather Merge",
              "Parent Relationship": "Outer",
              "Parallel Aware": false,
              "Async Capable": false,
              "Startup Cost": 194372.51,
              "Total Cost": 196939.8,
              "Plan Rows": 20000,
              "Plan Width": 34,
              "Workers Planned": 2,
              "Workers Launched": 2,
              "Plans": [
                {
                  "Node Type": "Aggregate",
                  "Strategy": "Sorted",
                  "Partial Mode": "Partial",
                  "Parent Relationship": "Outer",
                  "Parallel Aware": false,
                  "Async Capable": false,
                  "Startup Cost": 193372.49,
                  "Total Cost": 193631.28,
                  "Plan Rows": 10000,
                  "Plan Width": 34,
                  "Group Key": [
                    "supplier.s_name"
                  ],
                  "Workers": [],
                  "Plans": [
                    {
                      "Node Type": "Sort",
                      "Parent Relationship": "Outer",
                      "Parallel Aware": false,
                      "Async Capable": false,
                      "Startup Cost": 193372.49,
                      "Total Cost": 193425.42,
                      "Plan Rows": 21172,
                      "Plan Width": 26,
                      "Sort Key": [
                        "supplier.s_name"
                      ],
                      "Sort Method": "quicksort",
                      "Sort Space Used": 1537,
                      "Sort Space Type": "Memory",
                      "Workers": [
                        {
                          "Worker Number": 0,
                          "Sort Method": "quicksort",
                          "Sort Space Used": 1537,
                          "Sort Space Type": "Memory"
                        },
                        {
                          "Worker Number": 1,
                          "Sort Method": "quicksort",
                          "Sort Space Used": 1537,
                          "Sort Space Type": "Memory"
                        }
                      ],
                      "Plans": [
                        {
                          "Node Type": "Hash Join",
                          "Parent Relationship": "Outer",
                          "Parallel Aware": false,
                          "Async Capable": false,
                          "Join Type": "Inner",
                          "Startup Cost": 36798.5,
                          "Total Cost": 191851.29,
                          "Plan Rows": 21172,
                          "Plan Width": 26,
                          "Inner Unique": true,
                          "Hash Cond": "(supplier.s_nationkey = nation.n_nationkey)",
                          "Workers": [],
                          "Plans": [
                            {
                              "Node Type": "Hash Join",
                              "Parent Relationship": "Outer",
                              "Parallel Aware": false,
                              "Async Capable": false,
                              "Join Type": "Inner",
                              "Startup Cost": 36796.94,
                              "Total Cost": 191784.73,
                              "Plan Rows": 21172,
                              "Plan Width": 30,
                              "Inner Unique": true,
                              "Hash Cond": "(lineitem.l_suppkey = supplier.s_suppkey)",
                              "Workers": [],
                              "Plans": [
                                {
                                  "Node Type": "Hash Join",
                                  "Parent Relationship": "Outer",
                                  "Parallel Aware": true,
                                  "Async Capable": false,
                                  "Join Type": "Inner",
                                  "Startup Cost": 36348.94,
                                  "Total Cost": 191281.13,
                                  "Plan Rows": 21172,
                                  "Plan Width": 4,
                                  "Inner Unique": true,
                                  "Hash Cond": "(lineitem.l_orderkey = orders.o_orderkey)",
                                  "Workers": [],
                                  "Plans": [
                                    {
                                      "Node Type": "Seq Scan",
                                      "Parent Relationship": "Outer",
                                      "Parallel Aware": true,
                                      "Async Capable": false,
                                      "Relation Name": "lineitem",
                                      "Alias": "lineitem",
                                      "Startup Cost": 0.0,
                                      "Total Cost": 152744.11,
                                      "Plan Rows": 833550,
                                      "Plan Width": 12,
                                      "Filter": "(l_receiptdate >= l_commitdate)",
                                      "Rows Removed by Filter": 719394,
                                      "Workers": []
                                    },
                                    {
                                      "Node Type": "Hash",
                                      "Parent Relationship": "Inner",
                                      "Parallel Aware": true,
                                      "Async Capable": false,
                                      "Startup Cost": 36150.5,
                                      "Total Cost": 36150.5,
                                      "Plan Rows": 15875,
                                      "Plan Width": 8,
                                      "Hash Buckets": 65536,
                                      "Original Hash Buckets": 65536,
                                      "Hash Batches": 1,
                                      "Original Hash Batches": 1,
                                      "Peak Memory Usage": 2080,
                                      "Workers": [],
                                      "Plans": [
                                        {
                                          "Node Type": "Seq Scan",
                                          "Parent Relationship": "Outer",
                                          "Parallel Aware": true,
                                          "Async Capable": false,
                                          "Relation Name": "orders",
                                          "Alias": "orders",
                                          "Startup Cost": 0.0,
                                          "Total Cost": 36150.5,
                                          "Plan Rows": 15875,
                                          "Plan Width": 8,
                                          "Filter": "(o_orderstatus = 'P'::bpchar)",
                                          "Rows Removed by Filter": 487152,
                                          "Workers": []
                                        }
                                      ]
                                    }
                                  ]
                                },
                                {
                                  "Node Type": "Hash",
                                  "Parent Relationship": "Inner",
                                  "Parallel Aware": false,
                                  "Async Capable": false,
                                  "Startup Cost": 323.0,
                                  "Total Cost": 323.0,
                                  "Plan Rows": 10000,
                                  "Plan Width": 34,
                                  "Hash Buckets": 16384,
                                  "Original Hash Buckets": 16384,
                                  "Hash Batches": 1,
                                  "Original Hash Batches": 1,
                                  "Peak Memory Usage": 793,
                                  "Workers": [],
                                  "Plans": [
                                    {
                                      "Node Type": "Seq Scan",
                                      "Parent Relationship": "Outer",
                                      "Parallel Aware": false,
                                      "Async Capable": false,
                                      "Relation Name": "supplier",
                                      "Alias": "supplier",
                                      "Startup Cost": 0.0,
                                      "Total Cost": 323.0,
                                      "Plan Rows": 10000,
                                      "Plan Width": 34,
                                      "Workers": []
                                    }
                                  ]
                                }
                              ]
                            },
                            {
                              "Node Type": "Hash",
                              "Parent Relationship": "Inner",
                              "Parallel Aware": false,
                              "Async Capable": false,
                              "Startup Cost": 1.25,
                              "Total Cost": 1.25,
                              "Plan Rows": 25,
                              "Plan Width": 4,
                              "Hash Buckets": 1024,
                              "Original Hash Buckets": 1024,
                              "Hash Batches": 1,
                              "Original Hash Batches": 1,
                              "Peak Memory Usage": 9,
                              "Workers": [],
                              "Plans": [
                                {
                                  "Node Type": "Seq Scan",
                                  "Parent Relationship": "Outer",
                                  "Parallel Aware": false,
                                  "Async Capable": false,
                                  "Relation Name": "nation",
                                  "Alias": "nation",
                                  "Startup Cost": 0.0,
                                  "Total Cost": 1.25,
                                  "Plan Rows": 25,
                                  "Plan Width": 4,
                                  "Workers": []
                                }
                              ]
                            }
                          ]
                        }
                      ]
                    }
                  ]
                }
              ]
            }
          ]
        }
      ]
    }
  ]
}