[
  {
    "Plan": {
      "Node Type": "Sort",
      "Parallel Aware": false,
      "Async Capable": false,
      "Startup Cost": 226184.93,
      "Total Cost": 226215.01,
      "Plan Rows": 12030,
      "Plan Width": 51,
      "Actual Startup Time": 2308.682,
      "Actual Total Time": 2407.627,
      "Actual Rows": 6910,
      "Actual Loops": 1,
      "Sort Key": [
        "(sum(((lineitem.l_extendedprice * ('1'::numeric - lineitem.l_discount)) + lineitem.l_quantity))) DESC",
        "orders.o_orderdate",
        "orders.o_shippriority"
      ],
      "Sort Method": "quicksort",
      "Sort Space Used": 516,
      "Sort Space Type": "Memory",
      "Shared Hit Blocks": 13443,
      "Shared Read Blocks": 140206,
      "Shared Dirtied Blocks": 0,
      "Shared Written Blocks": 0,
      "Local Hit Blocks": 0,
      "Local Read Blocks": 0,
      "Local Dirtied Blocks": 0,
      "Local Written Blocks": 0,
      "Temp Read Blocks": 6695,
      "Temp Written Blocks": 6748,
      "Plans": [
        {
          "Node Type": "Aggregate",
          "Strategy": "Sorted",
          "Partial Mode": "Finalize",
          "Parent Relationship": "Outer",
          "Parallel Aware": false,
          "Async Capable": false,
          "Startup Cost": 222111.32,
          "Total Cost": 225369.64,
          "Plan Rows": 12030,
          "Plan Width": 51,
          "Actual Startup Time": 2273.644,
          "Actual Total Time": 2402.541,
          "Actual Rows": 6910,
          "Actual Loops": 1,
          "Group Key": [
            "orders.o_orderdate",
            "orders.o_shippriority",
            "customer.c_mktsegment"
          ],
          "Shared Hit Blocks": 13443,
          "Shared Read Blocks": 140206,
          "Shared Dirtied Blocks": 0,
          "Shared Written Blocks": 0,
          "Local Hit Blocks": 0,
          "Local Read Blocks": 0,
          "Local Dirtied Blocks": 0,
          "Local Written Blocks": 0,
          "Temp Read Blocks": 6695,
          "Temp Written Blocks": 6748,
          "Plans": [
            {
              "Node Type": "Gather Merge",
              "Parent Relationship": "Outer",
              "Parallel Aware": false,
              "Async Capable": false,
              "Startup Cost": 222111.32,
              "Total Cost": 224918.51,
              "Plan Rows": 24060,
              "Plan Width": 51,
              "Actual Startup Time": 2273.621,
              "Actual Total Time": 2386.278,
              "Actual Rows": 20729,
              "Actual Loops": 1,
              "Workers Planned": 2,
              "Workers Launched": 2,
              "Shared Hit Blocks": 13443,
              "Shared Read Blocks": 140206,
              "Shared Dirtied Blocks": 0,
              "Shared Written Blocks": 0,
              "Local Hit Blocks": 0,
              "Local Read Blocks": 0,
              "Local Dirtied Blocks": 0,
              "Local Written Blocks": 0,
              "Temp Read Blocks": 6695,
              "Temp Written Blocks": 6748,
              "Plans": [
                {
                  "Node Type": "Sort",
                  "Parent Relationship": "Outer",
                  "Parallel Aware": false,
                  "Async Capable": false,
                  "Startup Cost": 221111.29,
                  "Total Cost": 221141.37,
                  "Plan Rows": 12030,
                  "Plan Width": 51,
                  "Actual Startup Time": 2227.868,
                  "Actual Total Time": 2229.064,
                  "Actual Rows": 6910,
                  "Actual Loops": 3,
                  "Sort Key": [
                    "orders.o_orderdate",
                    "orders.o_shippriority",
                    "customer.c_mktsegment"
                  ],
                  "Sort Method": "quicksort",
                  "Sort Space Used": 894,
                  "Sort Space Type": "Memory",
                  "Shared Hit Blocks": 13443,
                  "Shared Read Blocks": 140206,
                  "Shared Dirtied Blocks": 0,
                  "Shared Written Blocks": 0,
                  "Local Hit Blocks": 0,
                  "Local Read Blocks": 0,
                  "Local Dirtied Blocks": 0,
                  "Local Written Blocks": 0,
                  "Temp Read Blocks": 6695,
                  "Temp Written Blocks": 6748,
                  "Workers": [
                    {
                      "Worker Number": 0,
                      "Sort Method": "quicksort",
                      "Sort Space Used": 894,
                      "Sort Space Type": "Memory"
                    },
                    {
                      "Worker Number": 1,
                      "Sort Method": "quicksort",
                      "Sort Space Used": 894,
                      "Sort Space Type": "Memory"
                    }
                  ],
                  "Plans": [
                    {
                      "Node Type": "Aggregate",
                      "Strategy": "Hashed",
                      "Partial Mode": "Partial",
                      "Parent Relationship": "Outer",
                      "Parallel Aware": false,
                      "Async Capable": false,
                      "Startup Cost": 220145.62,
                      "Total Cost": 220296.0,
                      "Plan Rows": 12030,
                      "Plan Width": 51,
                      "Actual Startup Time": 2215.434,
                      "Actual Total Time": 2219.32,
                      "Actual Rows": 6910,
                      "Actual Loops": 3,
                      "Group Key": [
                        "orders.o_orderdate",
                        "orders.o_shippriority",
                        "customer.c_mktsegment"
                      ],
                      "Planned Partitions": 0,
                      "HashAgg Batches": 1,
                      "Peak Memory Usage": 3217,
                      "Disk Usage": 0,
                      "Shared Hit Blocks": 13399,
                      "Shared Read Blocks": 140206,
                      "Shared Dirtied Blocks": 0,
                      "Shared Written Blocks": 0,
                      "Local Hit Blocks": 0,
                      "Local Read Blocks": 0,
                      "Local Dirtied Blocks": 0,
                      "Local Written Blocks": 0,
                      "Temp Read Blocks": 6695,
                      "Temp Written Blocks": 6748,
                      "Workers": [
                        {
                          "Worker Number": 0,
                          "HashAgg Batches": 1,
                          "Peak Memory Usage": 3217,
                          "Disk Usage": 0
                        },
                        {
                          "Worker Number": 1,
                          "HashAgg Batches": 1,
                          "Peak Memory Usage": 3217,
                          "Disk Usage": 0
                        }
                      ],
                      "Plans": [
                        {
                          "Node Type": "Hash Join",
                          "Parent Relationship": "Outer",
                          "Parallel Aware": true,
                          "Async Capable": false,
                          "Join Type": "Inner",
                          "Startup Cost": 47883.64,
                          "Total Cost": 218374.76,
                          "Plan Rows": 101192,
                          "Plan Width": 36,
                          "Actual Startup Time": 1903.272,
                          "Actual Total Time": 2116.358,
                          "Actual Rows": 80422,
                          "Actual Loops": 3,
                          "Inner Unique": true,
                          "Hash Cond": "(orders.o_custkey = customer.c_custkey)",
                          "Shared Hit Blocks": 13399,
                          "Shared Read Blocks": 140206,
                          "Shared Dirtied Blocks": 0,
                          "Shared Written Blocks": 0,
                          "Local Hit Blocks": 0,
                          "Local Read Blocks": 0,
                          "Local Dirtied Blocks": 0,
                          "Local Written Blocks": 0,
                          "Temp Read Blocks": 6695,
                          "Temp Written Blocks": 6748,
                          "Workers": [],
                          "Plans": [
                            {
                              "Node Type": "Hash Join",
                              "Parent Relationship": "Outer",
                              "Parallel Aware": true,
                              "Async Capable": false,
                              "Join Type": "Inner",
                              "Startup Cost": 42732.39,
                              "Total Cost": 212957.87,
                              "Plan Rows": 101192,
                              "Plan Width": 29,
                              "Actual Startup Time": 1864.427,
                              "Actual Total Time": 2024.02,
                              "Actual Rows": 80422,
                              "Actual Loops": 3,
                              "Inner Unique": true,
                              "Hash Cond": "(lineitem.l_orderkey = orders.o_orderkey)",
                              "Shared Hit Blocks": 9651,
                              "Shared Read Blocks": 140203,
                              "Shared Dirtied Blocks": 0,
                              "Shared Written Blocks": 0,
                              "Local Hit Blocks": 0,
                              "Local Read Blocks": 0,
                              "Local Dirtied Blocks": 0,
                              "Local Written Blocks": 0,
                              "Temp Read Blocks": 6695,
                              "Temp Written Blocks": 6748,
                              "Workers": [],
                              "Plans": [
                                {
                                  "Node Type": "Seq Scan",
                                  "Parent Relationship": "Outer",
                                  "Parallel Aware": true,
                                  "Async Capable": false,
                                  "Relation Name": "lineitem",
                                  "Alias": "lineitem",
                                  "Startup Cost": 0.0,
                                  "Total Cost": 165247.36,
                                  "Plan Rows": 176429,
                                  "Plan Width": 25,
                                  "Actual Startup Time": 0.756,
                                  "Actual Total Time": 1436.314,
                                  "Actual Rows": 140234,
                                  "Actual Loops": 3,
                                  "Filter": "((l_extendedprice >= '5000'::numeric) AND (l_extendedprice <= '10000'::numeric) AND (l_quantity <= '123'::numeric))",
                                  "Rows Removed by Filter": 1860171,
                                  "Shared Hit Blocks": 9116,
                                  "Shared Read Blocks": 112370,
                                  "Shared Dirtied Blocks": 0,
                                  "Shared Written Blocks": 0,
                                  "Local Hit Blocks": 0,
                                  "Local Read Blocks": 0,
                                  "Local Dirtied Blocks": 0,
                                  "Local Written Blocks": 0,
                                  "Temp Read Blocks": 0,
                                  "Temp Written Blocks": 0,
                                  "Workers": []
                                },
                                {
                                  "Node Type": "Hash",
                                  "Parent Relationship": "Inner",
                                  "Parallel Aware": true,
                                  "Async Capable": false,
                                  "Startup Cost": 36150.5,
                                  "Total Cost": 36150.5,
                                  "Plan Rows": 358471,
                                  "Plan Width": 20,
                                  "Actual Startup Time": 324.612,
                                  "Actual Total Time": 324.613,
                                  "Actual Rows": 286943,
                                  "Actual Loops": 3,
                                  "Hash Buckets": 131072,
                                  "Original Hash Buckets": 131072,
                                  "Hash Batches": 8,
                                  "Original Hash Batches": 8,
                                  "Peak Memory Usage": 6976,
                                  "Shared Hit Blocks": 505,
                                  "Shared Read Blocks": 27833,
                                  "Shared Dirtied Blocks": 0,
                                  "Shared Written Blocks": 0,
                                  "Local Hit Blocks": 0,
                                  "Local Read Blocks": 0,
                                  "Local Dirtied Blocks": 0,
                                  "Local Written Blocks": 0,
                                  "Temp Read Blocks": 0,
                                  "Temp Written Blocks": 4076,
                                  "Workers": [],
                                  "Plans": [
                                    {
                                      "Node Type": "Seq Scan",
                                      "Parent Relationship": "Outer",
                                      "Parallel Aware": true,
                                      "Async Capable": false,
                                      "Relation Name": "orders",
                                      "Alias": "orders",
                                      "Startup Cost": 0.0,
                                      "Total Cost": 36150.5,
                                      "Plan Rows": 358471,
                                      "Plan Width": 20,
                                      "Actual Startup Time": 0.755,
                                      "Actual Total Time": 214.966,
                                      "Actual Rows": 286943,
                                      "Actual Loops": 3,
                                      "Filter": "(o_orderdate <= '1995-10-13'::date)",
                                      "Rows Removed by Filter": 213057,
                                      "Shared Hit Blocks": 505,
                                      "Shared Read Blocks": 27833,
                                      "Shared Dirtied Blocks": 0,
                                      "Shared Written Blocks": 0,
                                      "Local Hit Blocks": 0,
                                      "Local Read Blocks": 0,
                                      "Local Dirtied Blocks": 0,
                                      "Local Written Blocks": 0,
                                      "Temp Read Blocks": 0,
                                      "Temp Written Blocks": 0,
                                      "Workers": []
                                    }
                                  ]
                                }
                              ]
                            },
                            {
                              "Node Type": "Hash",
                              "Parent Relationship": "Inner",
                              "Parallel Aware": true,
                              "Async Capable": false,
                              "Startup Cost": 4370.0,
                              "Total Cost": 4370.0,
                              "Plan Rows": 62500,
                              "Plan Width": 15,
                              "Actual Startup Time": 38.076,
                              "Actual Total Time": 38.076,
                              "Actual Rows": 50000,
                              "Actual Loops": 3,
                              "Hash Buckets": 262144,
                              "Original Hash Buckets": 262144,
                              "Hash Batches": 1,
                              "Original Hash Batches": 1,
                              "Peak Memory Usage": 9120,
                              "Shared Hit Blocks": 3742,
                              "Shared Read Blocks": 3,
                              "Shared Dirtied Blocks": 0,
                              "Shared Written Blocks": 0,
                              "Local Hit Blocks": 0,
                              "Local Read Blocks": 0,
                              "Local Dirtied Blocks": 0,
                              "Local Written Blocks": 0,
                              "Temp Read Blocks": 0,
                              "Temp Written Blocks": 0,
                              "Workers": [],
                              "Plans": [
                                {
                                  "Node Type": "Seq Scan",
                                  "Parent Relationship": "Outer",
                                  "Parallel Aware": true,
                                  "Async Capable": false,
                                  "Relation Name": "customer",
                                  "Alias": "customer",
                                  "Startup Cost": 0.0,
                                  "Total Cost": 4370.0,
                                  "Plan Rows": 62500,
                                  "Plan Width": 15,
                                  "Actual Startup Time": 0.012,
                                  "Actual Total Time": 18.097,
                                  "Actual Rows": 50000,
                                  "Actual Loops": 3,
                                  "Shared Hit Blocks": 3742,
                                  "Shared Read Blocks": 3,
                                  "Shared Dirtied Blocks": 0,
                                  "Shared Written Blocks": 0,
                                  "Local Hit Blocks": 0,
                                  "Local Read Blocks": 0,
                                  "Local Dirtied Blocks": 0,
                                  "Local Written Blocks": 0,
                                  "Temp Read Blocks": 0,
                                  "Temp Written Blocks": 0,
                                  "Workers": []
                                }
                              ]
                            }
                          ]
                        }
                      ]
                    }
                  ]
                }
              ]
            }
          ]
        }
      ]
    },
    "Planning": {
      "Shared Hit Blocks": 27,
      "Shared Read Blocks": 0,
      "Shared Dirtied Blocks": 0,
      "Shared Written Blocks": 0,
      "Local Hit Blocks": 0,
      "Local Read Blocks": 0,
      "Local Dirtied Blocks": 0,
      "Local Written Blocks": 0,
      "Temp Read Blocks": 0,
      "Temp Written Blocks": 0
    },
    "Planning Time": 0.508,
    "Triggers": [],
    "Execution Time": 2409.276
  }
]