[
  {
    "Plan": {
      "Node Type": "Limit",
      "Parallel Aware": false,
      "Async Capable": false,
      "Startup Cost": 196898.58,
      "Total Cost": 196898.6,
      "Plan Rows": 10,
      "Plan Width": 48,
      "Actual Startup Time": 2006.607,
      "Actual Total Time": 2014.975,
      "Actual Rows": 10,
      "Actual Loops": 1,
      "Shared Hit Blocks": 445981,
      "Shared Read Blocks": 136581,
      "Shared Dirtied Blocks": 0,
      "Shared Written Blocks": 0,
      "Local Hit Blocks": 0,
      "Local Read Blocks": 0,
      "Local Dirtied Blocks": 0,
      "Local Written Blocks": 0,
      "Temp Read Blocks": 0,
      "Temp Written Blocks": 0,
      "Plans": [
        {
          "Node Type": "Sort",
          "Parent Relationship": "Outer",
          "Parallel Aware": false,
          "Async Capable": false,
          "Startup Cost": 196898.58,
          "Total Cost": 197657.94,
          "Plan Rows": 303744,
          "Plan Width": 48,
          "Actual Startup Time": 2006.604,
          "Actual Total Time": 2014.971,
          "Actual Rows": 10,
          "Actual Loops": 1,
          "Sort Key": [
            "(sum((l.l_extendedprice * ('1'::numeric - l.l_discount)))) DESC"
          ],
          "Sort Method": "top-N heapsort",
          "Sort Space Used": 26,
          "Sort Space Type": "Memory",
          "Shared Hit Blocks": 445981,
          "Shared Read Blocks": 136581,
          "Shared Dirtied Blocks": 0,
          "Shared Written Blocks": 0,
          "Local Hit Blocks": 0,
          "Local Read Blocks": 0,
          "Local Dirtied Blocks": 0,
          "Local Written Blocks": 0,
          "Temp Read Blocks": 0,
          "Temp Written Blocks": 0,
          "Plans": [
            {
              "Node Type": "Aggregate",
              "Strategy": "Sorted",
              "Partial Mode": "Finalize",
              "Parent Relationship": "Outer",
              "Parallel Aware": false,
              "Async Capable": false,
              "Startup Cost": 150360.85,
              "Total Cost": 190334.78,
              "Plan Rows": 303744,
              "Plan Width": 48,
              "Actual Startup Time": 1980.091,
              "Actual Total Time": 2011.833,
              "Actual Rows": 11294,
              "Actual Loops": 1,
              "Group Key": [
                "l.l_orderkey",
                "o.o_orderdate",
                "o.o_shippriority"
              ],
              "Shared Hit Blocks": 445981,
              "Shared Read Blocks": 136581,
              "Shared Dirtied Blocks": 0,
              "Shared Written Blocks": 0,
              "Local Hit Blocks": 0,
              "Local Read Blocks": 0,
              "Local Dirtied Blocks": 0,
              "Local Written Blocks": 0,
              "Temp Read Blocks": 0,
              "Temp Written Blocks": 0,
              "Plans": [
                {
                  "Node Type": "Gather Merge",
                  "Parent Relationship": "Outer",
                  "Parallel Aware": false,
                  "Async Capable": false,
                  "Startup Cost": 150360.85,
                  "Total Cost": 183373.98,
                  "Plan Rows": 253120,
                  "Plan Width": 48,
                  "Actual Startup Time": 1980.084,
                  "Actual Total Time": 2001.704,
                  "Actual Rows": 11294,
                  "Actual Loops": 1,
                  "Workers Planned": 2,
                  "Workers Launched": 2,
                  "Shared Hit Blocks": 445981,
                  "Shared Read Blocks": 136581,
                  "Shared Dirtied Blocks": 0,
                  "Shared Written Blocks": 0,
                  "Local Hit Blocks": 0,
                  "Local Read Blocks": 0,
                  "Local Dirtied Blocks": 0,
                  "Local Written Blocks": 0,
                  "Temp Read Blocks": 0,
                  "Temp Written Blocks": 0,
                  "Plans": [
                    {
                      "Node Type": "Aggregate",
                      "Strategy": "Sorted",
                      "Partial Mode": "Partial",
                      "Parent Relationship": "Outer",
                      "Parallel Aware": false,
                      "Async Capable": false,
                      "Startup Cost": 149360.83,
                      "Total Cost": 153157.63,
                      "Plan Rows": 126560,
                      "Plan Width": 48,
                      "Actual Startup Time": 1930.058,
                      "Actual Total Time": 1939.008,
                      "Actual Rows": 3765,
                      "Actual Loops": 3,
                      "Group Key": [
                        "l.l_orderkey",
                        "o.o_orderdate",
                        "o.o_shippriority"
                      ],
                      "Shared Hit Blocks": 445981,
                      "Shared Read Blocks": 136581,
                      "Shared Dirtied Blocks": 0,
                      "Shared Written Blocks": 0,
                      "Local Hit Blocks": 0,
                      "Local Read Blocks": 0,
                      "Local Dirtied Blocks": 0,
                      "Local Written Blocks": 0,
                      "Temp Read Blocks": 0,
                      "Temp Written Blocks": 0,
                      "Workers": [],
                      "Plans": [
                        {
                          "Node Type": "Sort",
                          "Parent Relationship": "Outer",
                          "Parallel Aware": false,
                          "Async Capable": false,
                          "Startup Cost": 149360.83,
                          "Total Cost": 149677.23,
                          "Plan Rows": 126560,
                          "Plan Width": 28,
                          "Actual Startup Time": 1930.035,
                          "Actual Total Time": 1930.726,
                          "Actual Rows": 10003,
                          "Actual Loops": 3,
                          "Sort Key": [
                            "l.l_orderkey",
                            "o.o_orderdate",
                            "o.o_shippriority"
                          ],
                          "Sort Method": "quicksort",
                          "Sort Space Used": 890,
                          "Sort Space Type": "Memory",
                          "Shared Hit Blocks": 445981,
                          "Shared Read Blocks": 136581,
                          "Shared Dirtied Blocks": 0,
                          "Shared Written Blocks": 0,
                          "Local Hit Blocks": 0,
                          "Local Read Blocks": 0,
                          "Local Dirtied Blocks": 0,
                          "Local Written Blocks": 0,
                          "Temp Read Blocks": 0,
                          "Temp Written Blocks": 0,
                          "Workers": [
                            {
                              "Worker Number": 0,
                              "Sort Method": "quicksort",
                              "Sort Space Used": 835,
                              "Sort Space Type": "Memory"
                            },
                            {
                              "Worker Number": 1,
                              "Sort Method": "quicksort",
                              "Sort Space Used": 835,
                              "Sort Space Type": "Memory"
                            }
                          ],
                          "Plans": [
                            {
                              "Node Type": "Nested Loop",
                              "Parent Relationship": "Outer",
                              "Parallel Aware": false,
                              "Async Capable": false,
                              "Join Type": "Inner",
                              "Startup Cost": 4679.6,
                              "Total Cost": 135604.21,
                              "Plan Rows": 126560,
                              "Plan Width": 28,
                              "Actual Startup Time": 17.167,
                              "Actual Total Time": 1921.662,
                              "Actual Rows": 10003,
                              "Actual Loops": 3,
                              "Inner Unique": false,
                              "Shared Hit Blocks": 445935,
                              "Shared Read Blocks": 136581,
                              "Shared Dirtied Blocks": 0,
                              "Shared Written Blocks": 0,
                              "Local Hit Blocks": 0,
                              "Local Read Blocks": 0,
                              "Local Dirtied Blocks": 0,
                              "Local Written Blocks": 0,
                              "Temp Read Blocks": 0,
                              "Temp Written Blocks": 0,
                              "Workers": [],
                              "Plans": [
                                {
                                  "Node Type": "Hash Join",
                                  "Parent Relationship": "Outer",
                                  "Parallel Aware": true,
                                  "Async Capable": false,
                                  "Join Type": "Inner",
                                  "Startup Cost": 4679.16,
                                  "Total Cost": 41575.65,
                                  "Plan Rows": 55623,
                                  "Plan Width": 16,
                                  "Actual Startup Time": 13.351,
                                  "Actual Total Time": 379.386,
                                  "Actual Rows": 45160,
                                  "Actual Loops": 3,
                                  "Inner Unique": true,
                                  "Hash Cond": "(o.o_custkey = c.c_custkey)",
                                  "Shared Hit Blocks": 3870,
                                  "Shared Read Blocks": 28235,
                                  "Shared Dirtied Blocks": 0,
                                  "Shared Written Blocks": 0,
                                  "Local Hit Blocks": 0,
                                  "Local Read Blocks": 0,
                                  "Local Dirtied Blocks": 0,
                                  "Local Written Blocks": 0,
                                  "Temp Read Blocks": 0,
                                  "Temp Written Blocks": 0,
                                  "Workers": [],
                                  "Plans": [
                                    {
                                      "Node Type": "Seq Scan",
                                      "Parent Relationship": "Outer",
                                      "Parallel Aware": true,
                                      "Async Capable": false,
                                      "Relation Name": "orders",
                                      "Alias": "o",
                                      "Startup Cost": 0.0,
                                      "Total Cost": 36150.5,
                                      "Plan Rows": 284178,
                                      "Plan Width": 20,
                                      "Actual Startup Time": 0.707,
                                      "Actual Total Time": 247.009,
                                      "Actual Rows": 227110,
                                      "Actual Loops": 3,
                                      "Filter": "(o_orderdate < '1995-01-01'::date)",
                                      "Rows Removed by Filter": 272890,
                                      "Shared Hit Blocks": 103,
                                      "Shared Read Blocks": 28235,
                                      "Shared Dirtied Blocks": 0,
                                      "Shared Written Blocks": 0,
                                      "Local Hit Blocks": 0,
                                      "Local Read Blocks": 0,
                                      "Local Dirtied Blocks": 0,
                                      "Local Written Blocks": 0,
                                      "Temp Read Blocks": 0,
                                      "Temp Written Blocks": 0,
                                      "Workers": []
                                    },
                                    {
                                      "Node Type": "Hash",
                                      "Parent Relationship": "Inner",
                                      "Parallel Aware": true,
                                      "Async Capable": false,
                                      "Startup Cost": 4526.25,
                                      "Total Cost": 4526.25,
                                      "Plan Rows": 12233,
                                      "Plan Width": 4,
                                      "Actual Startup Time": 12.505,
                                      "Actual Total Time": 12.506,
                                      "Actual Rows": 9917,
                                      "Actual Loops": 3,
                                      "Hash Buckets": 32768,
                                      "Original Hash Buckets": 32768,
                                      "Hash Batches": 1,
                                      "Original Hash Batches": 1,
                                      "Peak Memory Usage": 1440,
                                      "Shared Hit Blocks": 3745,
                                      "Shared Read Blocks": 0,
                                      "Shared Dirtied Blocks": 0,
                                      "Shared Written Blocks": 0,
                                      "Local Hit Blocks": 0,
                                      "Local Read Blocks": 0,
                                      "Local Dirtied Blocks": 0,
                                      "Local Written Blocks": 0,
                                      "Temp Read Blocks": 0,
                                      "Temp Written Blocks": 0,
                                      "Workers": [],
                                      "Plans": [
                                        {
                                          "Node Type": "Seq Scan",
                                          "Parent Relationship": "Outer",
                                          "Parallel Aware": true,
                                          "Async Capable": false,
                                          "Relation Name": "customer",
                                          "Alias": "c",
                                          "Startup Cost": 0.0,
                                          "Total Cost": 4526.25,
                                          "Plan Rows": 12233,
                                          "Plan Width": 4,
                                          "Actual Startup Time": 0.007,
                                          "Actual Total Time": 29.762,
                                          "Actual Rows": 29752,
                                          "Actual Loops": 1,
                                          "Filter": "(c_mktsegment = 'AUTOMOBILE'::bpchar)",
                                          "Rows Removed by Filter": 120248,
                                          "Shared Hit Blocks": 3745,
                                          "Shared Read Blocks": 0,
                                          "Shared Dirtied Blocks": 0,
                                          "Shared Written Blocks": 0,
                                          "Local Hit Blocks": 0,
                                          "Local Read Blocks": 0,
                                          "Local Dirtied Blocks": 0,
                                          "Local Written Blocks": 0,
                                          "Temp Read Blocks": 0,
                                          "Temp Written Blocks": 0,
                                          "Workers": []
                                        }
                                      ]
                                    }
                                  ]
                                },
                                {
                                  "Node Type": "Index Scan",
                                  "Parent Relationship": "Inner",
                                  "Parallel Aware": false,
                                  "Async Capable": false,
                                  "Scan Direction": "Forward",
                                  "Index Name": "pk_lineitem",
                                  "Relation Name": "lineitem",
                                  "Alias": "l",
                                  "Startup Cost": 0.43,
                                  "Total Cost": 1.6,
                                  "Plan Rows": 9,
                                  "Plan Width": 20,
                                  "Actual Startup Time": 0.033,
                                  "Actual Total Time": 0.033,
                                  "Actual Rows": 0,
                                  "Actual Loops": 135479,
                                  "Index Cond": "(l_orderkey = o.o_orderkey)",
                                  "Rows Removed by Index Recheck": 0,
                                  "Filter": "(l_shipdate > '1995-01-01'::date)",
                                  "Rows Removed by Filter": 4,
                                  "Shared Hit Blocks": 442065,
                                  "Shared Read Blocks": 108346,
                                  "Shared Dirtied Blocks": 0,
                                  "Shared Written Blocks": 0,
                                  "Local Hit Blocks": 0,
                                  "Local Read Blocks": 0,
                                  "Local Dirtied Blocks": 0,
                                  "Local Written Blocks": 0,
                                  "Temp Read Blocks": 0,
                                  "Temp Written Blocks": 0,
                                  "Workers": []
                                }
                              ]
                            }
                          ]
                        }
                      ]
                    }
                  ]
                }
              ]
            }
          ]
        }
      ]
    },
    "Planning": {
      "Shared Hit Blocks": 26,
      "Shared Read Blocks": 1,
      "Shared Dirtied Blocks": 0,
      "Shared Written Blocks": 0,
      "Local Hit Blocks": 0,
      "Local Read Blocks": 0,
      "Local Dirtied Blocks": 0,
      "Local Written Blocks": 0,
      "Temp Read Blocks": 0,
      "Temp Written Blocks": 0
    },
    "Planning Time": 0.545,
    "Triggers": [],
    "Execution Time": 2015.316
  }
]