[
  {
    "Plan": {
      "Node Type": "Limit",
      "Parallel Aware": false,
      "Async Capable": false,
      "Startup Cost": 63324.03,
      "Total Cost": 63324.03,
      "Plan Rows": 1,
      "Plan Width": 192,
      "Actual Startup Time": 783.303,
      "Actual Total Time": 783.435,
      "Actual Rows": 100,
      "Actual Loops": 1,
      "Shared Hit Blocks": 28293,
      "Shared Read Blocks": 23326,
      "Shared Dirtied Blocks": 0,
      "Shared Written Blocks": 0,
      "Local Hit Blocks": 0,
      "Local Read Blocks": 0,
      "Local Dirtied Blocks": 0,
      "Local Written Blocks": 0,
      "Temp Read Blocks": 3359,
      "Temp Written Blocks": 3359,
      "Plans": [
        {
          "Node Type": "Sort",
          "Parent Relationship": "Outer",
          "Parallel Aware": false,
          "Async Capable": false,
          "Startup Cost": 63324.03,
          "Total Cost": 63324.03,
          "Plan Rows": 1,
          "Plan Width": 192,
          "Actual Startup Time": 783.302,
          "Actual Total Time": 783.425,
          "Actual Rows": 100,
          "Actual Loops": 1,
          "Sort Key": [
            "s.s_acctbal DESC",
            "n.n_name",
            "s.s_name",
            "p.p_partkey"
          ],
          "Sort Method": "top-N heapsort",
          "Sort Space Used": 68,
          "Sort Space Type": "Memory",
          "Shared Hit Blocks": 28293,
          "Shared Read Blocks": 23326,
          "Shared Dirtied Blocks": 0,
          "Shared Written Blocks": 0,
          "Local Hit Blocks": 0,
          "Local Read Blocks": 0,
          "Local Dirtied Blocks": 0,
          "Local Written Blocks": 0,
          "Temp Read Blocks": 3359,
          "Temp Written Blocks": 3359,
          "Plans": [
            {
              "Node Type": "Hash Join",
              "Parent Relationship": "Outer",
              "Parallel Aware": false,
              "Async Capable": false,
              "Join Type": "Inner",
              "Startup Cost": 37830.57,
              "Total Cost": 63324.02,
              "Plan Rows": 1,
              "Plan Width": 192,
              "Actual Startup Time": 621.69,
              "Actual Total Time": 782.682,
              "Actual Rows": 436,
              "Actual Loops": 1,
              "Inner Unique": false,
              "Hash Cond": "((p.p_partkey = ps.ps_partkey) AND ((SubPlan 1) = ps.ps_supplycost))",
              "Shared Hit Blocks": 28293,
              "Shared Read Blocks": 23326,
              "Shared Dirtied Blocks": 0,
              "Shared Written Blocks": 0,
              "Local Hit Blocks": 0,
              "Local Read Blocks": 0,
              "Local Dirtied Blocks": 0,
              "Local Written Blocks": 0,
              "Temp Read Blocks": 3359,
              "Temp Written Blocks": 3359,
              "Plans": [
                {
                  "Node Type": "Gather",
                  "Parent Relationship": "Outer",
                  "Parallel Aware": false,
                  "Async Capable": false,
                  "Startup Cost": 1000.0,
                  "Total Cost": 6619.5,
                  "Plan Rows": 655,
                  "Plan Width": 30,
                  "Actual Startup Time": 0.612,
                  "Actual Total Time": 0.994,
                  "Actual Rows": 742,
                  "Actual Loops": 1,
                  "Workers Planned": 2,
                  "Workers Launched": 2,
                  "Single Copy": false,
                  "Shared Hit Blocks": 128,
                  "Shared Read Blocks": 4176,
                  "Shared Dirtied Blocks": 0,
                  "Shared Written Blocks": 0,
                  "Local Hit Blocks": 0,
                  "Local Read Blocks": 0,
                  "Local Dirtied Blocks": 0,
                  "Local Written Blocks": 0,
                  "Temp Read Blocks": 0,
                  "Temp Written Blocks": 0,
                  "Plans": [
                    {
                      "Node Type": "Seq Scan",
                      "Parent Relationship": "Outer",
                      "Parallel Aware": true,
                      "Async Capable": false,
                      "Relation Name": "part",
                      "Alias": "p",
                      "Startup Cost": 0.0,
                      "Total Cost": 5554.0,
                      "Plan Rows": 273,
                      "Plan Width": 30,
                      "Actual Startup Time": 0.788,
                      "Actual Total Time": 32.024,
                      "Actual Rows": 247,
                      "Actual Loops": 3,
                      "Filter": "(((p_type)::text ~~ '%BRASS'::text) AND (p_size = 45))",
                      "Rows Removed by Filter": 66419,
                      "Shared Hit Blocks": 128,
                      "Shared Read Blocks": 4176,
                      "Shared Dirtied Blocks": 0,
                      "Shared Written Blocks": 0,
                      "Local Hit Blocks": 0,
                      "Local Read Blocks": 0,
                      "Local Dirtied Blocks": 0,
                      "Local Written Blocks": 0,
                      "Temp Read Blocks": 0,
                      "Temp Written Blocks": 0,
                      "Workers": []
                    }
                  ]
                },
                {
                  "Node Type": "Hash",
                  "Parent Relationship": "Inner",
                  "Parallel Aware": false,
                  "Async Capable": false,
                  "Startup Cost": 30523.57,
                  "Total Cost": 30523.57,
                  "Plan Rows": 160000,
                  "Plan Width": 172,
                  "Actual Startup Time": 618.735,
                  "Actual Total Time": 618.741,
                  "Actual Rows": 158960,
                  "Actual Loops": 1,
                  "Hash Buckets": 65536,
                  "Original Hash Buckets": 65536,
                  "Hash Batches": 8,
                  "Original Hash Batches": 8,
                  "Peak Memory Usage": 4543,
                  "Shared Hit Blocks": 7,
                  "Shared Read Blocks": 17735,
                  "Shared Dirtied Blocks": 0,
                  "Shared Written Blocks": 0,
                  "Local Hit Blocks": 0,
                  "Local Read Blocks": 0,
                  "Local Dirtied Blocks": 0,
                  "Local Written Blocks": 0,
                  "Temp Read Blocks": 0,
                  "Temp Written Blocks": 3345,
                  "Plans": [
                    {
                      "Node Type": "Hash Join",
                      "Parent Relationship": "Outer",
                      "Parallel Aware": false,
                      "Async Capable": false,
                      "Join Type": "Inner",
                      "Startup Cost": 408.01,
                      "Total Cost": 30523.57,
                      "Plan Rows": 160000,
                      "Plan Width": 172,
                      "Actual Startup Time": 4.445,
                      "Actual Total Time": 460.7,
                      "Actual Rows": 158960,
                      "Actual Loops": 1,
                      "Inner Unique": false,
                      "Hash Cond": "(ps.ps_suppkey = s.s_suppkey)",
                      "Shared Hit Blocks": 7,
                      "Shared Read Blocks": 17735,
                      "Shared Dirtied Blocks": 0,
                      "Shared Written Blocks": 0,
                      "Local Hit Blocks": 0,
                      "Local Read Blocks": 0,
                      "Local Dirtied Blocks": 0,
                      "Local Written Blocks": 0,
                      "Temp Read Blocks": 0,
                      "Temp Written Blocks": 0,
                      "Plans": [
                        {
                          "Node Type": "Seq Scan",
                          "Parent Relationship": "Outer",
                          "Parallel Aware": false,
                          "Async Capable": false,
                          "Relation Name": "partsupp",
                          "Alias": "ps",
                          "Startup Cost": 0.0,
                          "Total Cost": 25517.0,
                          "Plan Rows": 800000,
                          "Plan Width": 14,
                          "Actual Startup Time": 0.021,
                          "Actual Total Time": 257.167,
                          "Actual Rows": 800000,
                          "Actual Loops": 1,
                          "Shared Hit Blocks": 4,
                          "Shared Read Blocks": 17513,
                          "Shared Dirtied Blocks": 0,
                          "Shared Written Blocks": 0,
                          "Local Hit Blocks": 0,
                          "Local Read Blocks": 0,
                          "Local Dirtied Blocks": 0,
                          "Local Written Blocks": 0,
                          "Temp Read Blocks": 0,
                          "Temp Written Blocks": 0
                        },
                        {
                          "Node Type": "Hash",
                          "Parent Relationship": "Inner",
                          "Parallel Aware": false,
                          "Async Capable": false,
                          "Startup Cost": 383.01,
                          "Total Cost": 383.01,
                          "Plan Rows": 2000,
                          "Plan Width": 166,
                          "Actual Startup Time": 4.413,
                          "Actual Total Time": 4.417,
                          "Actual Rows": 1987,
                          "Actual Loops": 1,
                          "Hash Buckets": 2048,
                          "Original Hash Buckets": 2048,
                          "Hash Batches": 1,
                          "Original Hash Batches": 1,
                          "Peak Memory Usage": 409,
                          "Shared Hit Blocks": 3,
                          "Shared Read Blocks": 222,
                          "Shared Dirtied Blocks": 0,
                          "Shared Written Blocks": 0,
                          "Local Hit Blocks": 0,
                          "Local Read Blocks": 0,
                          "Local Dirtied Blocks": 0,
                          "Local Written Blocks": 0,
                          "Temp Read Blocks": 0,
                          "Temp Written Blocks": 0,
                          "Plans": [
                            {
                              "Node Type": "Hash Join",
                              "Parent Relationship": "Outer",
                              "Parallel Aware": false,
                              "Async Capable": false,
                              "Join Type": "Inner",
                              "Startup Cost": 2.51,
                              "Total Cost": 383.01,
                              "Plan Rows": 2000,
                              "Plan Width": 166,
                              "Actual Startup Time": 0.077,
                              "Actual Total Time": 3.672,
                              "Actual Rows": 1987,
                              "Actual Loops": 1,
                              "Inner Unique": false,
                              "Hash Cond": "(s.s_nationkey = n.n_nationkey)",
                              "Shared Hit Blocks": 3,
                              "Shared Read Blocks": 222,
                              "Shared Dirtied Blocks": 0,
                              "Shared Written Blocks": 0,
                              "Local Hit Blocks": 0,
                              "Local Read Blocks": 0,
                              "Local Dirtied Blocks": 0,
                              "Local Written Blocks": 0,
                              "Temp Read Blocks": 0,
                              "Temp Written Blocks": 0,
                              "Plans": [
                                {
                                  "Node Type": "Seq Scan",
                                  "Parent Relationship": "Outer",
                                  "Parallel Aware": false,
                                  "Async Capable": false,
                                  "Relation Name": "supplier",
                                  "Alias": "s",
                                  "Startup Cost": 0.0,
                                  "Total Cost": 323.0,
                                  "Plan Rows": 10000,
                                  "Plan Width": 144,
                                  "Actual Startup Time": 0.014,
                                  "Actual Total Time": 1.897,
                                  "Actual Rows": 10000,
                                  "Actual Loops": 1,
                                  "Shared Hit Blocks": 2,
                                  "Shared Read Blocks": 221,
                                  "Shared Dirtied Blocks": 0,
                                  "Shared Written Blocks": 0,
                                  "Local Hit Blocks": 0,
                                  "Local Read Blocks": 0,
                                  "Local Dirtied Blocks": 0,
                                  "Local Written Blocks": 0,
                                  "Temp Read Blocks": 0,
                                  "Temp Written Blocks": 0
                                },
                                {
                                  "Node Type": "Hash",
                                  "Parent Relationship": "Inner",
                                  "Parallel Aware": false,
                                  "Async Capable": false,
                                  "Startup Cost": 2.45,
                                  "Total Cost": 2.45,
                                  "Plan Rows": 5,
                                  "Plan Width": 30,
                                  "Actual Startup Time": 0.051,
                                  "Actual Total Time": 0.054,
                                  "Actual Rows": 5,
                                  "Actual Loops": 1,
                                  "Hash Buckets": 1024,
                                  "Original Hash Buckets": 1024,
                                  "Hash Batches": 1,
                                  "Original Hash Batches": 1,
                                  "Peak Memory Usage": 9,
                                  "Shared Hit Blocks": 1,
                                  "Shared Read Blocks": 1,
                                  "Shared Dirtied Blocks": 0,
                                  "Shared Written Blocks": 0,
                                  "Local Hit Blocks": 0,
                                  "Local Read Blocks": 0,
                                  "Local Dirtied Blocks": 0,
                                  "Local Written Blocks": 0,
                                  "Temp Read Blocks": 0,
                                  "Temp Written Blocks": 0,
                                  "Plans": [
                                    {
                                      "Node Type": "Hash Join",
                                      "Parent Relationship": "Outer",
                                      "Parallel Aware": false,
                                      "Async Capable": false,
                                      "Join Type": "Inner",
                                      "Startup Cost": 1.07,
                                      "Total Cost": 2.45,
                                      "Plan Rows": 5,
                                      "Plan Width": 30,
                                      "Actual Startup Time": 0.039,
                                      "Actual Total Time": 0.047,
                                      "Actual Rows": 5,
                                      "Actual Loops": 1,
                                      "Inner Unique": true,
                                      "Hash Cond": "(n.n_regionkey = r.r_regionkey)",
                                      "Shared Hit Blocks": 1,
                                      "Shared Read Blocks": 1,
                                      "Shared Dirtied Blocks": 0,
                                      "Shared Written Blocks": 0,
                                      "Local Hit Blocks": 0,
                                      "Local Read Blocks": 0,
                                      "Local Dirtied Blocks": 0,
                                      "Local Written Blocks": 0,
                                      "Temp Read Blocks": 0,
                                      "Temp Written Blocks": 0,
                                      "Plans": [
                                        {
                                          "Node Type": "Seq Scan",
                                          "Parent Relationship": "Outer",
                                          "Parallel Aware": false,
                                          "Async Capable": false,
                                          "Relation Name": "nation",
                                          "Alias": "n",
                                          "Startup Cost": 0.0,
                                          "Total Cost": 1.25,
                                          "Plan Rows": 25,
                                          "Plan Width": 34,
                                          "Actual Startup Time": 0.008,
                                          "Actual Total Time": 0.01,
                                          "Actual Rows": 25,
                                          "Actual Loops": 1,
                                          "Shared Hit Blocks": 1,
                                          "Shared Read Blocks": 0,
                                          "Shared Dirtied Blocks": 0,
                                          "Shared Written Blocks": 0,
                                          "Local Hit Blocks": 0,
                                          "Local Read Blocks": 0,
                                          "Local Dirtied Blocks": 0,
                                          "Local Written Blocks": 0,
                                          "Temp Read Blocks": 0,
                                          "Temp Written Blocks": 0
                                        },
                                        {
                                          "Node Type": "Hash",
                                          "Parent Relationship": "Inner",
                                          "Parallel Aware": false,
                                          "Async Capable": false,
                                          "Startup Cost": 1.06,
                                          "Total Cost": 1.06,
                                          "Plan Rows": 1,
                                          "Plan Width": 4,
                                          "Actual Startup Time": 0.019,
                                          "Actual Total Time": 0.02,
                                          "Actual Rows": 1,
                                          "Actual Loops": 1,
                                          "Hash Buckets": 1024,
                                          "Original Hash Buckets": 1024,
                                          "Hash Batches": 1,
                                          "Original Hash Batches": 1,
                                          "Peak Memory Usage": 9,
                                          "Shared Hit Blocks": 0,
                                          "Shared Read Blocks": 1,
                                          "Shared Dirtied Blocks": 0,
                                          "Shared Written Blocks": 0,
                                          "Local Hit Blocks": 0,
                                          "Local Read Blocks": 0,
                                          "Local Dirtied Blocks": 0,
                                          "Local Written Blocks": 0,
                                          "Temp Read Blocks": 0,
                                          "Temp Written Blocks": 0,
                                          "Plans": [
                                            {
                                              "Node Type": "Seq Scan",
                                              "Parent Relationship": "Outer",
                                              "Parallel Aware": false,
                                              "Async Capable": false,
                                              "Relation Name": "region",
                                              "Alias": "r",
                                              "Startup Cost": 0.0,
                                              "Total Cost": 1.06,
                                              "Plan Rows": 1,
                                              "Plan Width": 4,
                                              "Actual Startup Time": 0.014,
                                              "Actual Total Time": 0.015,
                                              "Actual Rows": 1,
                                              "Actual Loops": 1,
                                              "Filter": "(r_name = 'EUROPE'::bpchar)",
                                              "Rows Removed by Filter": 4,
                                              "Shared Hit Blocks": 0,
                                              "Shared Read Blocks": 1,
                                              "Shared Dirtied Blocks": 0,
                                              "Shared Written Blocks": 0,
                                              "Local Hit Blocks": 0,
                                              "Local Read Blocks": 0,
                                              "Local Dirtied Blocks": 0,
                                              "Local Written Blocks": 0,
                                              "Temp Read Blocks": 0,
                                              "Temp Written Blocks": 0
                                            }
                                          ]
                                        }
                                      ]
                                    }
                                  ]
                                }
                              ]
                            }
                          ]
                        }
                      ]
                    }
                  ]
                },
                {
                  "Node Type": "Aggregate",
                  "Strategy": "Plain",
                  "Partial Mode": "Simple",
                  "Parent Relationship": "SubPlan",
                  "Subplan Name": "SubPlan 1",
                  "Parallel Aware": false,
                  "Async Capable": false,
                  "Startup Cost": 48.7,
                  "Total Cost": 48.71,
                  "Plan Rows": 1,
                  "Plan Width": 32,
                  "Actual Startup Time": 0.043,
                  "Actual Total Time": 0.043,
                  "Actual Rows": 1,
                  "Actual Loops": 1178,
                  "Shared Hit Blocks": 28158,
                  "Shared Read Blocks": 1415,
                  "Shared Dirtied Blocks": 0,
                  "Shared Written Blocks": 0,
                  "Local Hit Blocks": 0,
                  "Local Read Blocks": 0,
                  "Local Dirtied Blocks": 0,
                  "Local Written Blocks": 0,
                  "Temp Read Blocks": 0,
                  "Temp Written Blocks": 0,
                  "Plans": [
                    {
                      "Node Type": "Nested Loop",
                      "Parent Relationship": "Outer",
                      "Parallel Aware": false,
                      "Async Capable": false,
                      "Join Type": "Inner",
                      "Startup Cost": 0.85,
                      "Total Cost": 48.7,
                      "Plan Rows": 1,
                      "Plan Width": 6,
                      "Actual Startup Time": 0.031,
                      "Actual Total Time": 0.038,
                      "Actual Rows": 1,
                      "Actual Loops": 1178,
                      "Inner Unique": false,
                      "Join Filter": "(r_min.r_regionkey = n_min.n_regionkey)",
                      "Rows Removed by Join Filter": 3,
                      "Shared Hit Blocks": 28158,
                      "Shared Read Blocks": 1415,
                      "Shared Dirtied Blocks": 0,
                      "Shared Written Blocks": 0,
                      "Local Hit Blocks": 0,
                      "Local Read Blocks": 0,
                      "Local Dirtied Blocks": 0,
                      "Local Written Blocks": 0,
                      "Temp Read Blocks": 0,
                      "Temp Written Blocks": 0,
                      "Plans": [
                        {
                          "Node Type": "Seq Scan",
                          "Parent Relationship": "Outer",
                          "Parallel Aware": false,
                          "Async Capable": false,
                          "Relation Name": "region",
                          "Alias": "r_min",
                          "Startup Cost": 0.0,
                          "Total Cost": 1.06,
                          "Plan Rows": 1,
                          "Plan Width": 4,
                          "Actual Startup Time": 0.001,
                          "Actual Total Time": 0.002,
                          "Actual Rows": 1,
                          "Actual Loops": 1178,
                          "Filter": "(r_name = 'EUROPE'::bpchar)",
                          "Rows Removed by Filter": 4,
                          "Shared Hit Blocks": 1178,
                          "Shared Read Blocks": 0,
                          "Shared Dirtied Blocks": 0,
                          "Shared Written Blocks": 0,
                          "Local Hit Blocks": 0,
                          "Local Read Blocks": 0,
                          "Local Dirtied Blocks": 0,
                          "Local Written Blocks": 0,
                          "Temp Read Blocks": 0,
                          "Temp Written Blocks": 0
                        },
                        {
                          "Node Type": "Nested Loop",
                          "Parent Relationship": "Inner",
                          "Parallel Aware": false,
                          "Async Capable": false,
                          "Join Type": "Inner",
                          "Startup Cost": 0.85,
                          "Total Cost": 47.58,
                          "Plan Rows": 4,
                          "Plan Width": 10,
                          "Actual Startup Time": 0.021,
                          "Actual Total Time": 0.036,
                          "Actual Rows": 4,
                          "Actual Loops": 1178,
                          "Inner Unique": true,
                          "Shared Hit Blocks": 26980,
                          "Shared Read Blocks": 1415,
                          "Shared Dirtied Blocks": 0,
                          "Shared Written Blocks": 0,
                          "Local Hit Blocks": 0,
                          "Local Read Blocks": 0,
                          "Local Dirtied Blocks": 0,
                          "Local Written Blocks": 0,
                          "Temp Read Blocks": 0,
                          "Temp Written Blocks": 0,
                          "Plans": [
                            {
                              "Node Type": "Nested Loop",
                              "Parent Relationship": "Outer",
                              "Parallel Aware": false,
                              "Async Capable": false,
                              "Join Type": "Inner",
                              "Startup Cost": 0.71,
                              "Total Cost": 46.96,
                              "Plan Rows": 4,
                              "Plan Width": 10,
                              "Actual Startup Time": 0.019,
                              "Actual Total Time": 0.03,
                              "Actual Rows": 4,
                              "Actual Loops": 1178,
                              "Inner Unique": true,
                              "Shared Hit Blocks": 17556,
                              "Shared Read Blocks": 1415,
                              "Shared Dirtied Blocks": 0,
                              "Shared Written Blocks": 0,
                              "Local Hit Blocks": 0,
                              "Local Read Blocks": 0,
                              "Local Dirtied Blocks": 0,
                              "Local Written Blocks": 0,
                              "Temp Read Blocks": 0,
                              "Temp Written Blocks": 0,
                              "Plans": [
                                {
                                  "Node Type": "Index Scan",
                                  "Parent Relationship": "Outer",
                                  "Parallel Aware": false,
                                  "Async Capable": false,
                                  "Scan Direction": "Forward",
                                  "Index Name": "pk_partsupp",
                                  "Relation Name": "partsupp",
                                  "Alias": "ps_min",
                                  "Startup Cost": 0.42,
                                  "Total Cost": 13.75,
                                  "Plan Rows": 4,
                                  "Plan Width": 10,
                                  "Actual Startup Time": 0.016,
                                  "Actual Total Time": 0.017,
                                  "Actual Rows": 4,
                                  "Actual Loops": 1178,
                                  "Index Cond": "(ps_partkey = p.p_partkey)",
                                  "Rows Removed by Index Recheck": 0,
                                  "Shared Hit Blocks": 3446,
                                  "Shared Read Blocks": 1389,
                                  "Shared Dirtied Blocks": 0,
                                  "Shared Written Blocks": 0,
                                  "Local Hit Blocks": 0,
                                  "Local Read Blocks": 0,
                                  "Local Dirtied Blocks": 0,
                                  "Local Written Blocks": 0,
                                  "Temp Read Blocks": 0,
                                  "Temp Written Blocks": 0
                                },
                                {
                                  "Node Type": "Index Scan",
                                  "Parent Relationship": "Inner",
                                  "Parallel Aware": false,
                                  "Async Capable": false,
                                  "Scan Direction": "Forward",
                                  "Index Name": "pk_supplier",
                                  "Relation Name": "supplier",
                                  "Alias": "s_min",
                                  "Startup Cost": 0.29,
                                  "Total Cost": 8.3,
                                  "Plan Rows": 1,
                                  "Plan Width": 8,
                                  "Actual Startup Time": 0.002,
                                  "Actual Total Time": 0.002,
                                  "Actual Rows": 1,
                                  "Actual Loops": 4712,
                                  "Index Cond": "(s_suppkey = ps_min.ps_suppkey)",
                                  "Rows Removed by Index Recheck": 0,
                                  "Shared Hit Blocks": 14110,
                                  "Shared Read Blocks": 26,
                                  "Shared Dirtied Blocks": 0,
                                  "Shared Written Blocks": 0,
                                  "Local Hit Blocks": 0,
                                  "Local Read Blocks": 0,
                                  "Local Dirtied Blocks": 0,
                                  "Local Written Blocks": 0,
                                  "Temp Read Blocks": 0,
                                  "Temp Written Blocks": 0
                                }
                              ]
                            },
                            {
                              "Node Type": "Index Scan",
                              "Parent Relationship": "Inner",
                              "Parallel Aware": false,
                              "Async Capable": false,
                              "Scan Direction": "Forward",
                              "Index Name": "pk_nation",
                              "Relation Name": "nation",
                              "Alias": "n_min",
                              "Startup Cost": 0.14,
                              "Total Cost": 0.16,
                              "Plan Rows": 1,
                              "Plan Width": 8,
                              "Actual Startup Time": 0.001,
                              "Actual Total Time": 0.001,
                              "Actual Rows": 1,
                              "Actual Loops": 4712,
                              "Index Cond": "(n_nationkey = s_min.s_nationkey)",
                              "Rows Removed by Index Recheck": 0,
                              "Shared Hit Blocks": 9424,
                              "Shared Read Blocks": 0,
                              "Shared Dirtied Blocks": 0,
                              "Shared Written Blocks": 0,
                              "Local Hit Blocks": 0,
                              "Local Read Blocks": 0,
                              "Local Dirtied Blocks": 0,
                              "Local Written Blocks": 0,
                              "Temp Read Blocks": 0,
                              "Temp Written Blocks": 0
                            }
                          ]
                        }
                      ]
                    }
                  ]
                }
              ]
            }
          ]
        }
      ]
    },
    "Planning": {
      "Shared Hit Blocks": 43,
      "Shared Read Blocks": 4,
      "Shared Dirtied Blocks": 0,
      "Shared Written Blocks": 0,
      "Local Hit Blocks": 0,
      "Local Read Blocks": 0,
      "Local Dirtied Blocks": 0,
      "Local Written Blocks": 0,
      "Temp Read Blocks": 0,
      "Temp Written Blocks": 0
    },
    "Planning Time": 1.205,
    "Triggers": [],
    "Execution Time": 784.382
  }
]