[
  {
    "Plan": {
      "Node Type": "Aggregate",
      "Strategy": "Sorted",
      "Partial Mode": "Simple",
      "Parallel Aware": false,
      "Async Capable": false,
      "Startup Cost": 52322.84,
      "Total Cost": 52331.7,
      "Plan Rows": 322,
      "Plan Width": 72,
      "Actual Startup Time": 525.634,
      "Actual Total Time": 530.697,
      "Actual Rows": 3,
      "Actual Loops": 1,
      "Group Key": [
        "(\"substring\"((c.c_phone)::text, 1, 2))"
      ],
      "Shared Hit Blocks": 4529,
      "Shared Read Blocks": 31493,
      "Shared Dirtied Blocks": 0,
      "Shared Written Blocks": 0,
      "Local Hit Blocks": 0,
      "Local Read Blocks": 0,
      "Local Dirtied Blocks": 0,
      "Local Written Blocks": 0,
      "Temp Read Blocks": 0,
      "Temp Written Blocks": 0,
      "Plans": [
        {
          "Node Type": "Sort",
          "Parent Relationship": "Outer",
          "Parallel Aware": false,
          "Async Capable": false,
          "Startup Cost": 52322.84,
          "Total Cost": 52323.65,
          "Plan Rows": 322,
          "Plan Width": 38,
          "Actual Startup Time": 525.386,
          "Actual Total Time": 530.101,
          "Actual Rows": 2709,
          "Actual Loops": 1,
          "Sort Key": [
            "(\"substring\"((c.c_phone)::text, 1, 2))"
          ],
          "Sort Method": "quicksort",
          "Sort Space Used": 181,
          "Sort Space Type": "Memory",
          "Shared Hit Blocks": 4529,
          "Shared Read Blocks": 31493,
          "Shared Dirtied Blocks": 0,
          "Shared Written Blocks": 0,
          "Local Hit Blocks": 0,
          "Local Read Blocks": 0,
          "Local Dirtied Blocks": 0,
          "Local Written Blocks": 0,
          "Temp Read Blocks": 0,
          "Temp Written Blocks": 0,
          "Plans": [
            {
              "Node Type": "Nested Loop",
              "Parent Relationship": "Outer",
              "Parallel Aware": false,
              "Async Capable": false,
              "Join Type": "Inner",
              "Startup Cost": 12004.08,
              "Total Cost": 52309.43,
              "Plan Rows": 322,
              "Plan Width": 38,
              "Actual Startup Time": 519.15,
              "Actual Total Time": 529.144,
              "Actual Rows": 2709,
              "Actual Loops": 1,
              "Inner Unique": false,
              "Join Filter": "(c.c_acctbal > (avg(customer.c_acctbal)))",
              "Rows Removed by Join Filter": 3282,
              "Shared Hit Blocks": 4529,
              "Shared Read Blocks": 31493,
              "Shared Dirtied Blocks": 0,
              "Shared Written Blocks": 0,
              "Local Hit Blocks": 0,
              "Local Read Blocks": 0,
              "Local Dirtied Blocks": 0,
              "Local Written Blocks": 0,
              "Temp Read Blocks": 0,
              "Temp Written Blocks": 0,
              "Plans": [
                {
                  "Node Type": "Aggregate",
                  "Strategy": "Plain",
                  "Partial Mode": "Finalize",
                  "Parent Relationship": "Outer",
                  "Parallel Aware": false,
                  "Async Capable": false,
                  "Startup Cost": 6075.48,
                  "Total Cost": 6075.49,
                  "Plan Rows": 1,
                  "Plan Width": 32,
                  "Actual Startup Time": 107.527,
                  "Actual Total Time": 107.573,
                  "Actual Rows": 1,
                  "Actual Loops": 1,
                  "Shared Hit Blocks": 70,
                  "Shared Read Blocks": 3675,
                  "Shared Dirtied Blocks": 0,
                  "Shared Written Blocks": 0,
                  "Local Hit Blocks": 0,
                  "Local Read Blocks": 0,
                  "Local Dirtied Blocks": 0,
                  "Local Written Blocks": 0,
                  "Temp Read Blocks": 0,
                  "Temp Written Blocks": 0,
                  "Plans": [
                    {
                      "Node Type": "Gather",
                      "Parent Relationship": "Outer",
                      "Parallel Aware": false,
                      "Async Capable": false,
                      "Startup Cost": 6075.26,
                      "Total Cost": 6075.47,
                      "Plan Rows": 2,
                      "Plan Width": 32,
                      "Actual Startup Time": 105.338,
                      "Actual Total Time": 107.554,
                      "Actual Rows": 3,
                      "Actual Loops": 1,
                      "Workers Planned": 2,
                      "Workers Launched": 2,
                      "Single Copy": false,
                      "Shared Hit Blocks": 70,
                      "Shared Read Blocks": 3675,
                      "Shared Dirtied Blocks": 0,
                      "Shared Written Blocks": 0,
                      "Local Hit Blocks": 0,
                      "Local Read Blocks": 0,
                      "Local Dirtied Blocks": 0,
                      "Local Written Blocks": 0,
                      "Temp Read Blocks": 0,
                      "Temp Written Blocks": 0,
                      "Plans": [
                        {
                          "Node Type": "Aggregate",
                          "Strategy": "Plain",
                          "Partial Mode": "Partial",
                          "Parent Relationship": "Outer",
                          "Parallel Aware": false,
                          "Async Capable": false,
                          "Startup Cost": 5075.26,
                          "Total Cost": 5075.27,
                          "Plan Rows": 1,
                          "Plan Width": 32,
                          "Actual Startup Time": 50.62,
                          "Actual Total Time": 50.621,
                          "Actual Rows": 1,
                          "Actual Loops": 3,
                          "Shared Hit Blocks": 70,
                          "Shared Read Blocks": 3675,
                          "Shared Dirtied Blocks": 0,
                          "Shared Written Blocks": 0,
                          "Local Hit Blocks": 0,
                          "Local Read Blocks": 0,
                          "Local Dirtied Blocks": 0,
                          "Local Written Blocks": 0,
                          "Temp Read Blocks": 0,
                          "Temp Written Blocks": 0,
                          "Workers": [],
                          "Plans": [
                            {
                              "Node Type": "Seq Scan",
                              "Parent Relationship": "Outer",
                              "Parallel Aware": true,
                              "Async Capable": false,
                              "Relation Name": "customer",
                              "Alias": "customer",
                              "Startup Cost": 0.0,
                              "Total Cost": 5073.12,
                              "Plan Rows": 852,
                              "Plan Width": 6,
                              "Actual Startup Time": 0.627,
                              "Actual Total Time": 49.735,
                              "Actual Rows": 5379,
                              "Actual Loops": 3,
                              "Filter": "((c_acctbal > 0.00) AND (\"substring\"((c_phone)::text, 1, 2) = ANY ('{10,20,30}'::text[])))",
                              "Rows Removed by Filter": 44621,
                              "Shared Hit Blocks": 70,
                              "Shared Read Blocks": 3675,
                              "Shared Dirtied Blocks": 0,
                              "Shared Written Blocks": 0,
                              "Local Hit Blocks": 0,
                              "Local Read Blocks": 0,
                              "Local Dirtied Blocks": 0,
                              "Local Written Blocks": 0,
                              "Temp Read Blocks": 0,
                              "Temp Written Blocks": 0,
                              "Workers": []
                            }
                          ]
                        }
                      ]
                    }
                  ]
                },
                {
                  "Node Type": "Gather",
                  "Parent Relationship": "Inner",
                  "Parallel Aware": false,
                  "Async Capable": false,
                  "Startup Cost": 5928.6,
                  "Total Cost": 46220.25,
                  "Plan Rows": 966,
                  "Plan Width": 22,
                  "Actual Startup Time": 411.61,
                  "Actual Total Time": 419.705,
                  "Actual Rows": 5991,
                  "Actual Loops": 1,
                  "Workers Planned": 2,
                  "Workers Launched": 2,
                  "Single Copy": false,
                  "Shared Hit Blocks": 4459,
                  "Shared Read Blocks": 27818,
                  "Shared Dirtied Blocks": 0,
                  "Shared Written Blocks": 0,
                  "Local Hit Blocks": 0,
                  "Local Read Blocks": 0,
                  "Local Dirtied Blocks": 0,
                  "Local Written Blocks": 0,
                  "Temp Read Blocks": 0,
                  "Temp Written Blocks": 0,
                  "Plans": [
                    {
                      "Node Type": "Hash Join",
                      "Parent Relationship": "Outer",
                      "Parallel Aware": true,
                      "Async Capable": false,
                      "Join Type": "Right Anti",
                      "Startup Cost": 4928.6,
                      "Total Cost": 45123.65,
                      "Plan Rows": 402,
                      "Plan Width": 22,
                      "Actual Startup Time": 363.009,
                      "Actual Total Time": 364.097,
                      "Actual Rows": 1997,
                      "Actual Loops": 3,
                      "Inner Unique": true,
                      "Hash Cond": "(o.o_custkey = c.c_custkey)",
                      "Shared Hit Blocks": 4459,
                      "Shared Read Blocks": 27818,
                      "Shared Dirtied Blocks": 0,
                      "Shared Written Blocks": 0,
                      "Local Hit Blocks": 0,
                      "Local Read Blocks": 0,
                      "Local Dirtied Blocks": 0,
                      "Local Written Blocks": 0,
                      "Temp Read Blocks": 0,
                      "Temp Written Blocks": 0,
                      "Workers": [],
                      "Plans": [
                        {
                          "Node Type": "Seq Scan",
                          "Parent Relationship": "Outer",
                          "Parallel Aware": true,
                          "Async Capable": false,
                          "Relation Name": "orders",
                          "Alias": "o",
                          "Startup Cost": 0.0,
                          "Total Cost": 34588.0,
                          "Plan Rows": 625000,
                          "Plan Width": 4,
                          "Actual Startup Time": 0.502,
                          "Actual Total Time": 186.99,
                          "Actual Rows": 500000,
                          "Actual Loops": 3,
                          "Shared Hit Blocks": 594,
                          "Shared Read Blocks": 27744,
                          "Shared Dirtied Blocks": 0,
                          "Shared Written Blocks": 0,
                          "Local Hit Blocks": 0,
                          "Local Read Blocks": 0,
                          "Local Dirtied Blocks": 0,
                          "Local Written Blocks": 0,
                          "Temp Read Blocks": 0,
                          "Temp Written Blocks": 0,
                          "Workers": []
                        },
                        {
                          "Node Type": "Hash",
                          "Parent Relationship": "Inner",
                          "Parallel Aware": true,
                          "Async Capable": false,
                          "Startup Cost": 4916.88,
                          "Total Cost": 4916.88,
                          "Plan Rows": 938,
                          "Plan Width": 26,
                          "Actual Startup Time": 43.914,
                          "Actual Total Time": 43.914,
                          "Actual Rows": 5946,
                          "Actual Loops": 3,
                          "Hash Buckets": 32768,
                          "Original Hash Buckets": 4096,
                          "Hash Batches": 1,
                          "Original Hash Batches": 1,
                          "Peak Memory Usage": 1664,
                          "Shared Hit Blocks": 3671,
                          "Shared Read Blocks": 74,
                          "Shared Dirtied Blocks": 0,
                          "Shared Written Blocks": 0,
                          "Local Hit Blocks": 0,
                          "Local Read Blocks": 0,
                          "Local Dirtied Blocks": 0,
                          "Local Written Blocks": 0,
                          "Temp Read Blocks": 0,
                          "Temp Written Blocks": 0,
                          "Workers": [],
                          "Plans": [
                            {
                              "Node Type": "Seq Scan",
                              "Parent Relationship": "Outer",
                              "Parallel Aware": true,
                              "Async Capable": false,
                              "Relation Name": "customer",
                              "Alias": "c",
                              "Startup Cost": 0.0,
                              "Total Cost": 4916.88,
                              "Plan Rows": 938,
                              "Plan Width": 26,
                              "Actual Startup Time": 0.03,
                              "Actual Total Time": 38.912,
                              "Actual Rows": 5946,
                              "Actual Loops": 3,
                              "Filter": "(\"substring\"((c_phone)::text, 1, 2) = ANY ('{10,20,30}'::text[]))",
                              "Rows Removed by Filter": 44054,
                              "Shared Hit Blocks": 3671,
                              "Shared Read Blocks": 74,
                              "Shared Dirtied Blocks": 0,
                              "Shared Written Blocks": 0,
                              "Local Hit Blocks": 0,
                              "Local Read Blocks": 0,
                              "Local Dirtied Blocks": 0,
                              "Local Written Blocks": 0,
                              "Temp Read Blocks": 0,
                              "Temp Written Blocks": 0,
                              "Workers": []
                            }
                          ]
                        }
                      ]
                    }
                  ]
                }
              ]
            }
          ]
        }
      ]
    },
    "Planning": {
      "Shared Hit Blocks": 8,
      "Shared Read Blocks": 0,
      "Shared Dirtied Blocks": 0,
      "Shared Written Blocks": 0,
      "Local Hit Blocks": 0,
      "Local Read Blocks": 0,
      "Local Dirtied Blocks": 0,
      "Local Written Blocks": 0,
      "Temp Read Blocks": 0,
      "Temp Written Blocks": 0
    },
    "Planning Time": 0.39,
    "Triggers": [],
    "Execution Time": 530.81
  }
]