[
  {
    "Plan": {
      "Node Type": "Sort",
      "Parallel Aware": false,
      "Async Capable": false,
      "Startup Cost": 53005.79,
      "Total Cost": 53032.46,
      "Plan Rows": 10667,
      "Plan Width": 62,
      "Actual Startup Time": 446.397,
      "Actual Total Time": 450.108,
      "Actual Rows": 21953,
      "Actual Loops": 1,
      "Sort Key": [
        "(sum((ps.ps_supplycost * (ps.ps_availqty)::numeric))) DESC"
      ],
      "Sort Method": "quicksort",
      "Sort Space Used": 1969,
      "Sort Space Type": "Memory",
      "Shared Hit Blocks": 1658,
      "Shared Read Blocks": 35018,
      "Shared Dirtied Blocks": 0,
      "Shared Written Blocks": 0,
      "Local Hit Blocks": 0,
      "Local Read Blocks": 0,
      "Local Dirtied Blocks": 0,
      "Local Written Blocks": 0,
      "Temp Read Blocks": 0,
      "Temp Written Blocks": 0,
      "Plans": [
        {
          "Node Type": "Aggregate",
          "Strategy": "Plain",
          "Partial Mode": "Finalize",
          "Parent Relationship": "InitPlan",
          "Subplan Name": "InitPlan 1",
          "Parallel Aware": false,
          "Async Capable": false,
          "Startup Cost": 23693.79,
          "Total Cost": 23693.8,
          "Plan Rows": 1,
          "Plan Width": 32,
          "Actual Startup Time": 176.3,
          "Actual Total Time": 176.4,
          "Actual Rows": 1,
          "Actual Loops": 1,
          "Shared Hit Blocks": 934,
          "Shared Read Blocks": 17419,
          "Shared Dirtied Blocks": 0,
          "Shared Written Blocks": 0,
          "Local Hit Blocks": 0,
          "Local Read Blocks": 0,
          "Local Dirtied Blocks": 0,
          "Local Written Blocks": 0,
          "Temp Read Blocks": 0,
          "Temp Written Blocks": 0,
          "Plans": [
            {
              "Node Type": "Gather",
              "Parent Relationship": "Outer",
              "Parallel Aware": false,
              "Async Capable": false,
              "Startup Cost": 23693.57,
              "Total Cost": 23693.78,
              "Plan Rows": 2,
              "Plan Width": 32,
              "Actual Startup Time": 175.838,
              "Actual Total Time": 176.384,
              "Actual Rows": 3,
              "Actual Loops": 1,
              "Workers Planned": 2,
              "Workers Launched": 2,
              "Single Copy": false,
              "Shared Hit Blocks": 934,
              "Shared Read Blocks": 17419,
              "Shared Dirtied Blocks": 0,
              "Shared Written Blocks": 0,
              "Local Hit Blocks": 0,
              "Local Read Blocks": 0,
              "Local Dirtied Blocks": 0,
              "Local Written Blocks": 0,
              "Temp Read Blocks": 0,
              "Temp Written Blocks": 0,
              "Plans": [
                {
                  "Node Type": "Aggregate",
                  "Strategy": "Plain",
                  "Partial Mode": "Partial",
                  "Parent Relationship": "Outer",
                  "Parallel Aware": false,
                  "Async Capable": false,
                  "Startup Cost": 22693.57,
                  "Total Cost": 22693.58,
                  "Plan Rows": 1,
                  "Plan Width": 32,
                  "Actual Startup Time": 133.865,
                  "Actual Total Time": 133.871,
                  "Actual Rows": 1,
                  "Actual Loops": 3,
                  "Shared Hit Blocks": 934,
                  "Shared Read Blocks": 17419,
                  "Shared Dirtied Blocks": 0,
                  "Shared Written Blocks": 0,
                  "Local Hit Blocks": 0,
                  "Local Read Blocks": 0,
                  "Local Dirtied Blocks": 0,
                  "Local Written Blocks": 0,
                  "Temp Read Blocks": 0,
                  "Temp Written Blocks": 0,
                  "Workers": [],
                  "Plans": [
                    {
                      "Node Type": "Hash Join",
                      "Parent Relationship": "Outer",
                      "Parallel Aware": false,
                      "Async Capable": false,
                      "Join Type": "Inner",
                      "Startup Cost": 360.02,
                      "Total Cost": 22593.57,
                      "Plan Rows": 13333,
                      "Plan Width": 10,
                      "Actual Startup Time": 5.186,
                      "Actual Total Time": 129.567,
                      "Actual Rows": 10560,
                      "Actual Loops": 3,
                      "Inner Unique": false,
                      "Hash Cond": "(ps_inner.ps_suppkey = s_inner.s_suppkey)",
                      "Shared Hit Blocks": 934,
                      "Shared Read Blocks": 17419,
                      "Shared Dirtied Blocks": 0,
                      "Shared Written Blocks": 0,
                      "Local Hit Blocks": 0,
                      "Local Read Blocks": 0,
                      "Local Dirtied Blocks": 0,
                      "Local Written Blocks": 0,
                      "Temp Read Blocks": 0,
                      "Temp Written Blocks": 0,
                      "Workers": [],
                      "Plans": [
                        {
                          "Node Type": "Seq Scan",
                          "Parent Relationship": "Outer",
                          "Parallel Aware": true,
                          "Async Capable": false,
                          "Relation Name": "partsupp",
                          "Alias": "ps_inner",
                          "Startup Cost": 0.0,
                          "Total Cost": 20850.33,
                          "Plan Rows": 333333,
                          "Plan Width": 14,
                          "Actual Startup Time": 0.508,
                          "Actual Total Time": 89.996,
                          "Actual Rows": 266667,
                          "Actual Loops": 3,
                          "Shared Hit Blocks": 98,
                          "Shared Read Blocks": 17419,
                          "Shared Dirtied Blocks": 0,
                          "Shared Written Blocks": 0,
                          "Local Hit Blocks": 0,
                          "Local Read Blocks": 0,
                          "Local Dirtied Blocks": 0,
                          "Local Written Blocks": 0,
                          "Temp Read Blocks": 0,
                          "Temp Written Blocks": 0,
                          "Workers": []
                        },
                        {
                          "Node Type": "Hash",
                          "Parent Relationship": "Inner",
                          "Parallel Aware": false,
                          "Async Capable": false,
                          "Startup Cost": 355.02,
                          "Total Cost": 355.02,
                          "Plan Rows": 400,
                          "Plan Width": 4,
                          "Actual Startup Time": 4.435,
                          "Actual Total Time": 4.438,
                          "Actual Rows": 396,
                          "Actual Loops": 3,
                          "Hash Buckets": 1024,
                          "Original Hash Buckets": 1024,
                          "Hash Batches": 1,
                          "Original Hash Batches": 1,
                          "Peak Memory Usage": 22,
                          "Shared Hit Blocks": 672,
                          "Shared Read Blocks": 0,
                          "Shared Dirtied Blocks": 0,
                          "Shared Written Blocks": 0,
                          "Local Hit Blocks": 0,
                          "Local Read Blocks": 0,
                          "Local Dirtied Blocks": 0,
                          "Local Written Blocks": 0,
                          "Temp Read Blocks": 0,
                          "Temp Written Blocks": 0,
                          "Workers": [],
                          "Plans": [
                            {
                              "Node Type": "Hash Join",
                              "Parent Relationship": "Outer",
                              "Parallel Aware": false,
                              "Async Capable": false,
                              "Join Type": "Inner",
                              "Startup Cost": 1.32,
                              "Total Cost": 355.02,
                              "Plan Rows": 400,
                              "Plan Width": 4,
                              "Actual Startup Time": 1.008,
                              "Actual Total Time": 4.34,
                              "Actual Rows": 396,
                              "Actual Loops": 3,
                              "Inner Unique": true,
                              "Hash Cond": "(s_inner.s_nationkey = n_inner.n_nationkey)",
                              "Shared Hit Blocks": 672,
                              "Shared Read Blocks": 0,
                              "Shared Dirtied Blocks": 0,
                              "Shared Written Blocks": 0,
                              "Local Hit Blocks": 0,
                              "Local Read Blocks": 0,
                              "Local Dirtied Blocks": 0,
                              "Local Written Blocks": 0,
                              "Temp Read Blocks": 0,
                              "Temp Written Blocks": 0,
                              "Workers": [],
                              "Plans": [
                                {
                                  "Node Type": "Seq Scan",
                                  "Parent Relationship": "Outer",
                                  "Parallel Aware": false,
                                  "Async Capable": false,
                                  "Relation Name": "supplier",
                                  "Alias": "s_inner",
                                  "Startup Cost": 0.0,
                                  "Total Cost": 323.0,
                                  "Plan Rows": 10000,
                                  "Plan Width": 8,
                                  "Actual Startup Time": 0.517,
                                  "Actual Total Time": 2.049,
                                  "Actual Rows": 10000,
                                  "Actual Loops": 3,
                                  "Shared Hit Blocks": 669,
                                  "Shared Read Blocks": 0,
                                  "Shared Dirtied Blocks": 0,
                                  "Shared Written Blocks": 0,
                                  "Local Hit Blocks": 0,
                                  "Local Read Blocks": 0,
                                  "Local Dirtied Blocks": 0,
                                  "Local Written Blocks": 0,
                                  "Temp Read Blocks": 0,
                                  "Temp Written Blocks": 0,
                                  "Workers": []
                                },
                                {
                                  "Node Type": "Hash",
                                  "Parent Relationship": "Inner",
                                  "Parallel Aware": false,
                                  "Async Capable": false,
                                  "Startup Cost": 1.31,
                                  "Total Cost": 1.31,
                                  "Plan Rows": 1,
                                  "Plan Width": 4,
                                  "Actual Startup Time": 0.463,
                                  "Actual Total Time": 0.464,
                                  "Actual Rows": 1,
                                  "Actual Loops": 3,
                                  "Hash Buckets": 1024,
                                  "Original Hash Buckets": 1024,
                                  "Hash Batches": 1,
                                  "Original Hash Batches": 1,
                                  "Peak Memory Usage": 9,
                                  "Shared Hit Blocks": 3,
                                  "Shared Read Blocks": 0,
                                  "Shared Dirtied Blocks": 0,
                                  "Shared Written Blocks": 0,
                                  "Local Hit Blocks": 0,
                                  "Local Read Blocks": 0,
                                  "Local Dirtied Blocks": 0,
                                  "Local Written Blocks": 0,
                                  "Temp Read Blocks": 0,
                                  "Temp Written Blocks": 0,
                                  "Workers": [],
                                  "Plans": [
                                    {
                                      "Node Type": "Seq Scan",
                                      "Parent Relationship": "Outer",
                                      "Parallel Aware": false,
                                      "Async Capable": false,
                                      "Relation Name": "nation",
                                      "Alias": "n_inner",
                                      "Startup Cost": 0.0,
                                      "Total Cost": 1.31,
                                      "Plan Rows": 1,
                                      "Plan Width": 4,
                                      "Actual Startup Time": 0.448,
                                      "Actual Total Time": 0.451,
                                      "Actual Rows": 1,
                                      "Actual Loops": 3,
                                      "Filter": "(n_name = 'GERMANY'::bpchar)",
                                      "Rows Removed by Filter": 24,
                                      "Shared Hit Blocks": 3,
                                      "Shared Read Blocks": 0,
                                      "Shared Dirtied Blocks": 0,
                                      "Shared Written Blocks": 0,
                                      "Local Hit Blocks": 0,
                                      "Local Read Blocks": 0,
                                      "Local Dirtied Blocks": 0,
                                      "Local Written Blocks": 0,
                                      "Temp Read Blocks": 0,
                                      "Temp Written Blocks": 0,
                                      "Workers": []
                                    }
                                  ]
                                }
                              ]
                            }
                          ]
                        }
                      ]
                    }
                  ]
                }
              ]
            }
          ]
        },
        {
          "Node Type": "Aggregate",
          "Strategy": "Sorted",
          "Partial Mode": "Finalize",
          "Parent Relationship": "Outer",
          "Parallel Aware": false,
          "Async Capable": false,
          "Startup Cost": 24507.08,
          "Total Cost": 28598.32,
          "Plan Rows": 10667,
          "Plan Width": 62,
          "Actual Startup Time": 376.707,
          "Actual Total Time": 433.29,
          "Actual Rows": 21953,
          "Actual Loops": 1,
          "Group Key": [
            "ps.ps_partkey"
          ],
          "Filter": "(sum((ps.ps_supplycost * (ps.ps_availqty)::numeric)) > (InitPlan 1).col1)",
          "Rows Removed by Filter": 7865,
          "Shared Hit Blocks": 1658,
          "Shared Read Blocks": 35018,
          "Shared Dirtied Blocks": 0,
          "Shared Written Blocks": 0,
          "Local Hit Blocks": 0,
          "Local Read Blocks": 0,
          "Local Dirtied Blocks": 0,
          "Local Written Blocks": 0,
          "Temp Read Blocks": 0,
          "Temp Written Blocks": 0,
          "Plans": [
            {
              "Node Type": "Gather Merge",
              "Parent Relationship": "Outer",
              "Parallel Aware": false,
              "Async Capable": false,
              "Startup Cost": 24507.08,
              "Total Cost": 27918.33,
              "Plan Rows": 26666,
              "Plan Width": 62,
              "Actual Startup Time": 200.39,
              "Actual Total Time": 228.281,
              "Actual Rows": 29828,
              "Actual Loops": 1,
              "Workers Planned": 2,
              "Workers Launched": 2,
              "Shared Hit Blocks": 724,
              "Shared Read Blocks": 17599,
              "Shared Dirtied Blocks": 0,
              "Shared Written Blocks": 0,
              "Local Hit Blocks": 0,
              "Local Read Blocks": 0,
              "Local Dirtied Blocks": 0,
              "Local Written Blocks": 0,
              "Temp Read Blocks": 0,
              "Temp Written Blocks": 0,
              "Plans": [
                {
                  "Node Type": "Aggregate",
                  "Strategy": "Sorted",
                  "Partial Mode": "Partial",
                  "Parent Relationship": "Outer",
                  "Parallel Aware": false,
                  "Async Capable": false,
                  "Startup Cost": 23507.06,
                  "Total Cost": 23840.38,
                  "Plan Rows": 13333,
                  "Plan Width": 62,
                  "Actual Startup Time": 137.743,
                  "Actual Total Time": 150.064,
                  "Actual Rows": 9943,
                  "Actual Loops": 3,
                  "Group Key": [
                    "ps.ps_partkey"
                  ],
                  "Shared Hit Blocks": 724,
                  "Shared Read Blocks": 17599,
                  "Shared Dirtied Blocks": 0,
                  "Shared Written Blocks": 0,
                  "Local Hit Blocks": 0,
                  "Local Read Blocks": 0,
                  "Local Dirtied Blocks": 0,
                  "Local Written Blocks": 0,
                  "Temp Read Blocks": 0,
                  "Temp Written Blocks": 0,
                  "Workers": [],
                  "Plans": [
                    {
                      "Node Type": "Sort",
                      "Parent Relationship": "Outer",
                      "Parallel Aware": false,
                      "Async Capable": false,
                      "Startup Cost": 23507.06,
                      "Total Cost": 23540.39,
                      "Plan Rows": 13333,
                      "Plan Width": 40,
                      "Actual Startup Time": 137.719,
                      "Actual Total Time": 138.55,
                      "Actual Rows": 10560,
                      "Actual Loops": 3,
                      "Sort Key": [
                        "ps.ps_partkey"
                      ],
                      "Sort Method": "quicksort",
                      "Sort Space Used": 1386,
                      "Sort Space Type": "Memory",
                      "Shared Hit Blocks": 724,
                      "Shared Read Blocks": 17599,
                      "Shared Dirtied Blocks": 0,
                      "Shared Written Blocks": 0,
                      "Local Hit Blocks": 0,
                      "Local Read Blocks": 0,
                      "Local Dirtied Blocks": 0,
                      "Local Written Blocks": 0,
                      "Temp Read Blocks": 0,
                      "Temp Written Blocks": 0,
                      "Workers": [
                        {
                          "Worker Number": 0,
                          "Sort Method": "quicksort",
                          "Sort Space Used": 691,
                          "Sort Space Type": "Memory"
                        },
                        {
                          "Worker Number": 1,
                          "Sort Method": "quicksort",
                          "Sort Space Used": 670,
                          "Sort Space Type": "Memory"
                        }
                      ],
                      "Plans": [
                        {
                          "Node Type": "Hash Join",
                          "Parent Relationship": "Outer",
                          "Parallel Aware": false,
                          "Async Capable": false,
                          "Join Type": "Inner",
                          "Startup Cost": 360.02,
                          "Total Cost": 22593.57,
                          "Plan Rows": 13333,
                          "Plan Width": 40,
                          "Actual Startup Time": 5.529,
                          "Actual Total Time": 132.801,
                          "Actual Rows": 10560,
                          "Actual Loops": 3,
                          "Inner Unique": false,
                          "Hash Cond": "(ps.ps_suppkey = s.s_suppkey)",
                          "Shared Hit Blocks": 621,
                          "Shared Read Blocks": 17590,
                          "Shared Dirtied Blocks": 0,
                          "Shared Written Blocks": 0,
                          "Local Hit Blocks": 0,
                          "Local Read Blocks": 0,
                          "Local Dirtied Blocks": 0,
                          "Local Written Blocks": 0,
                          "Temp Read Blocks": 0,
                          "Temp Written Blocks": 0,
                          "Workers": [],
                          "Plans": [
                            {
                              "Node Type": "Seq Scan",
                              "Parent Relationship": "Outer",
                              "Parallel Aware": true,
                              "Async Capable": false,
                              "Relation Name": "partsupp",
                              "Alias": "ps",
                              "Startup Cost": 0.0,
                              "Total Cost": 20850.33,
                              "Plan Rows": 333333,
                              "Plan Width": 18,
                              "Actual Startup Time": 0.636,
                              "Actual Total Time": 90.182,
                              "Actual Rows": 266667,
                              "Actual Loops": 3,
                              "Shared Hit Blocks": 2,
                              "Shared Read Blocks": 17515,
                              "Shared Dirtied Blocks": 0,
                              "Shared Written Blocks": 0,
                              "Local Hit Blocks": 0,
                              "Local Read Blocks": 0,
                              "Local Dirtied Blocks": 0,
                              "Local Written Blocks": 0,
                              "Temp Read Blocks": 0,
                              "Temp Written Blocks": 0,
                              "Workers": []
                            },
                            {
                              "Node Type": "Hash",
                              "Parent Relationship": "Inner",
                              "Parallel Aware": false,
                              "Async Capable": false,
                              "Startup Cost": 355.02,
                              "Total Cost": 355.02,
                              "Plan Rows": 400,
                              "Plan Width": 30,
                              "Actual Startup Time": 4.151,
                              "Actual Total Time": 4.153,
                              "Actual Rows": 396,
                              "Actual Loops": 3,
                              "Hash Buckets": 1024,
                              "Original Hash Buckets": 1024,
                              "Hash Batches": 1,
                              "Original Hash Batches": 1,
                              "Peak Memory Usage": 32,
                              "Shared Hit Blocks": 603,
                              "Shared Read Blocks": 69,
                              "Shared Dirtied Blocks": 0,
                              "Shared Written Blocks": 0,
                              "Local Hit Blocks": 0,
                              "Local Read Blocks": 0,
                              "Local Dirtied Blocks": 0,
                              "Local Written Blocks": 0,
                              "Temp Read Blocks": 0,
                              "Temp Written Blocks": 0,
                              "Workers": [],
                              "Plans": [
                                {
                                  "Node Type": "Hash Join",
                                  "Parent Relationship": "Outer",
                                  "Parallel Aware": false,
                                  "Async Capable": false,
                                  "Join Type": "Inner",
                                  "Startup Cost": 1.32,
                                  "Total Cost": 355.02,
                                  "Plan Rows": 400,
                                  "Plan Width": 30,
                                  "Actual Startup Time": 0.909,
                                  "Actual Total Time": 4.045,
                                  "Actual Rows": 396,
                                  "Actual Loops": 3,
                                  "Inner Unique": true,
                                  "Hash Cond": "(s.s_nationkey = n.n_nationkey)",
                                  "Shared Hit Blocks": 603,
                                  "Shared Read Blocks": 69,
                                  "Shared Dirtied Blocks": 0,
                                  "Shared Written Blocks": 0,
                                  "Local Hit Blocks": 0,
                                  "Local Read Blocks": 0,
                                  "Local Dirtied Blocks": 0,
                                  "Local Written Blocks": 0,
                                  "Temp Read Blocks": 0,
                                  "Temp Written Blocks": 0,
                                  "Workers": [],
                                  "Plans": [
                                    {
                                      "Node Type": "Seq Scan",
                                      "Parent Relationship": "Outer",
                                      "Parallel Aware": false,
                                      "Async Capable": false,
                                      "Relation Name": "supplier",
                                      "Alias": "s",
                                      "Startup Cost": 0.0,
                                      "Total Cost": 323.0,
                                      "Plan Rows": 10000,
                                      "Plan Width": 8,
                                      "Actual Startup Time": 0.541,
                                      "Actual Total Time": 2.231,
                                      "Actual Rows": 10000,
                                      "Actual Loops": 3,
                                      "Shared Hit Blocks": 601,
                                      "Shared Read Blocks": 68,
                                      "Shared Dirtied Blocks": 0,
                                      "Shared Written Blocks": 0,
                                      "Local Hit Blocks": 0,
                                      "Local Read Blocks": 0,
                                      "Local Dirtied Blocks": 0,
                                      "Local Written Blocks": 0,
                                      "Temp Read Blocks": 0,
                                      "Temp Written Blocks": 0,
                                      "Workers": []
                                    },
                                    {
                                      "Node Type": "Hash",
                                      "Parent Relationship": "Inner",
                                      "Parallel Aware": false,
                                      "Async Capable": false,
                                      "Startup Cost": 1.31,
                                      "Total Cost": 1.31,
                                      "Plan Rows": 1,
                                      "Plan Width": 30,
                                      "Actual Startup Time": 0.346,
                                      "Actual Total Time": 0.346,
                                      "Actual Rows": 1,
                                      "Actual Loops": 3,
                                      "Hash Buckets": 1024,
                                      "Original Hash Buckets": 1024,
                                      "Hash Batches": 1,
                                      "Original Hash Batches": 1,
                                      "Peak Memory Usage": 9,
                                      "Shared Hit Blocks": 2,
                                      "Shared Read Blocks": 1,
                                      "Shared Dirtied Blocks": 0,
                                      "Shared Written Blocks": 0,
                                      "Local Hit Blocks": 0,
                                      "Local Read Blocks": 0,
                                      "Local Dirtied Blocks": 0,
                                      "Local Written Blocks": 0,
                                      "Temp Read Blocks": 0,
                                      "Temp Written Blocks": 0,
                                      "Workers": [],
                                      "Plans": [
                                        {
                                          "Node Type": "Seq Scan",
                                          "Parent Relationship": "Outer",
                                          "Parallel Aware": false,
                                          "Async Capable": false,
                                          "Relation Name": "nation",
                                          "Alias": "n",
                                          "Startup Cost": 0.0,
                                          "Total Cost": 1.31,
                                          "Plan Rows": 1,
                                          "Plan Width": 30,
                                          "Actual Startup Time": 0.332,
                                          "Actual Total Time": 0.335,
                                          "Actual Rows": 1,
                                          "Actual Loops": 3,
                                          "Filter": "(n_name = 'GERMANY'::bpchar)",
                                          "Rows Removed by Filter": 24,
                                          "Shared Hit Blocks": 2,
                                          "Shared Read Blocks": 1,
                                          "Shared Dirtied Blocks": 0,
                                          "Shared Written Blocks": 0,
                                          "Local Hit Blocks": 0,
                                          "Local Read Blocks": 0,
                                          "Local Dirtied Blocks": 0,
                                          "Local Written Blocks": 0,
                                          "Temp Read Blocks": 0,
                                          "Temp Written Blocks": 0,
                                          "Workers": []
                                        }
                                      ]
                                    }
                                  ]
                                }
                              ]
                            }
                          ]
                        }
                      ]
                    }
                  ]
                }
              ]
            }
          ]
        }
      ]
    },
    "Planning": {
      "Shared Hit Blocks": 17,
      "Shared Read Blocks": 3,
      "Shared Dirtied Blocks": 0,
      "Shared Written Blocks": 0,
      "Local Hit Blocks": 0,
      "Local Read Blocks": 0,
      "Local Dirtied Blocks": 0,
      "Local Written Blocks": 0,
      "Temp Read Blocks": 0,
      "Temp Written Blocks": 0
    },
    "Planning Time": 0.88,
    "Triggers": [],
    "Execution Time": 452.345
  }
]