[
  {
    "Plan": {
      "Node Type": "Sort",
      "Parallel Aware": false,
      "Async Capable": false,
      "Startup Cost": 174926.82,
      "Total Cost": 174926.82,
      "Plan Rows": 1,
      "Plan Width": 34,
      "Actual Startup Time": 1964.171,
      "Actual Total Time": 1964.275,
      "Actual Rows": 412,
      "Actual Loops": 1,
      "Sort Key": [
        "(count(*)) DESC",
        "s.s_name"
      ],
      "Sort Method": "quicksort",
      "Sort Space Used": 47,
      "Sort Space Type": "Memory",
      "Shared Hit Blocks": 630299,
      "Shared Read Blocks": 154026,
      "Shared Dirtied Blocks": 0,
      "Shared Written Blocks": 0,
      "Local Hit Blocks": 0,
      "Local Read Blocks": 0,
      "Local Dirtied Blocks": 0,
      "Local Written Blocks": 0,
      "Temp Read Blocks": 0,
      "Temp Written Blocks": 0,
      "Plans": [
        {
          "Node Type": "Aggregate",
          "Strategy": "Sorted",
          "Partial Mode": "Simple",
          "Parent Relationship": "Outer",
          "Parallel Aware": false,
          "Async Capable": false,
          "Startup Cost": 174926.79,
          "Total Cost": 174926.81,
          "Plan Rows": 1,
          "Plan Width": 34,
          "Actual Startup Time": 1963.229,
          "Actual Total Time": 1963.699,
          "Actual Rows": 412,
          "Actual Loops": 1,
          "Group Key": [
            "s.s_name"
          ],
          "Shared Hit Blocks": 630299,
          "Shared Read Blocks": 154026,
          "Shared Dirtied Blocks": 0,
          "Shared Written Blocks": 0,
          "Local Hit Blocks": 0,
          "Local Read Blocks": 0,
          "Local Dirtied Blocks": 0,
          "Local Written Blocks": 0,
          "Temp Read Blocks": 0,
          "Temp Written Blocks": 0,
          "Plans": [
            {
              "Node Type": "Sort",
              "Parent Relationship": "Outer",
              "Parallel Aware": false,
              "Async Capable": false,
              "Startup Cost": 174926.79,
              "Total Cost": 174926.79,
              "Plan Rows": 1,
              "Plan Width": 26,
              "Actual Startup Time": 1963.219,
              "Actual Total Time": 1963.396,
              "Actual Rows": 2777,
              "Actual Loops": 1,
              "Sort Key": [
                "s.s_name"
              ],
              "Sort Method": "quicksort",
              "Sort Space Used": 97,
              "Sort Space Type": "Memory",
              "Shared Hit Blocks": 630299,
              "Shared Read Blocks": 154026,
              "Shared Dirtied Blocks": 0,
              "Shared Written Blocks": 0,
              "Local Hit Blocks": 0,
              "Local Read Blocks": 0,
              "Local Dirtied Blocks": 0,
              "Local Written Blocks": 0,
              "Temp Read Blocks": 0,
              "Temp Written Blocks": 0,
              "Plans": [
                {
                  "Node Type": "Nested Loop",
                  "Parent Relationship": "Outer",
                  "Parallel Aware": false,
                  "Async Capable": false,
                  "Join Type": "Anti",
                  "Startup Cost": 1361.32,
                  "Total Cost": 174926.78,
                  "Plan Rows": 1,
                  "Plan Width": 26,
                  "Actual Startup Time": 4.653,
                  "Actual Total Time": 1953.587,
                  "Actual Rows": 2777,
                  "Actual Loops": 1,
                  "Inner Unique": false,
                  "Shared Hit Blocks": 630299,
                  "Shared Read Blocks": 154026,
                  "Shared Dirtied Blocks": 0,
                  "Shared Written Blocks": 0,
                  "Local Hit Blocks": 0,
                  "Local Read Blocks": 0,
                  "Local Dirtied Blocks": 0,
                  "Local Written Blocks": 0,
                  "Temp Read Blocks": 0,
                  "Temp Written Blocks": 0,
                  "Plans": [
                    {
                      "Node Type": "Nested Loop",
                      "Parent Relationship": "Outer",
                      "Parallel Aware": false,
                      "Async Capable": false,
                      "Join Type": "Inner",
                      "Startup Cost": 1360.88,
                      "Total Cost": 174925.68,
                      "Plan Rows": 1,
                      "Plan Width": 38,
                      "Actual Startup Time": 4.641,
                      "Actual Total Time": 1830.823,
                      "Actual Rows": 2777,
                      "Actual Loops": 1,
                      "Inner Unique": true,
                      "Shared Hit Blocks": 620983,
                      "Shared Read Blocks": 152234,
                      "Shared Dirtied Blocks": 0,
                      "Shared Written Blocks": 0,
                      "Local Hit Blocks": 0,
                      "Local Read Blocks": 0,
                      "Local Dirtied Blocks": 0,
                      "Local Written Blocks": 0,
                      "Temp Read Blocks": 0,
                      "Temp Written Blocks": 0,
                      "Plans": [
                        {
                          "Node Type": "Gather",
                          "Parent Relationship": "Outer",
                          "Parallel Aware": false,
                          "Async Capable": false,
                          "Startup Cost": 1360.46,
                          "Total Cost": 174925.17,
                          "Plan Rows": 1,
                          "Plan Width": 38,
                          "Actual Startup Time": 4.13,
                          "Actual Total Time": 1639.462,
                          "Actual Rows": 5673,
                          "Actual Loops": 1,
                          "Workers Planned": 2,
                          "Workers Launched": 2,
                          "Single Copy": false,
                          "Shared Hit Blocks": 606440,
                          "Shared Read Blocks": 144085,
                          "Shared Dirtied Blocks": 0,
                          "Shared Written Blocks": 0,
                          "Local Hit Blocks": 0,
                          "Local Read Blocks": 0,
                          "Local Dirtied Blocks": 0,
                          "Local Written Blocks": 0,
                          "Temp Read Blocks": 0,
                          "Temp Written Blocks": 0,
                          "Plans": [
                            {
                              "Node Type": "Nested Loop",
                              "Parent Relationship": "Outer",
                              "Parallel Aware": false,
                              "Async Capable": false,
                              "Join Type": "Anti",
                              "Startup Cost": 360.46,
                              "Total Cost": 173925.07,
                              "Plan Rows": 1,
                              "Plan Width": 38,
                              "Actual Startup Time": 7.066,
                              "Actual Total Time": 1785.297,
                              "Actual Rows": 1891,
                              "Actual Loops": 3,
                              "Inner Unique": false,
                              "Shared Hit Blocks": 606440,
                              "Shared Read Blocks": 144085,
                              "Shared Dirtied Blocks": 0,
                              "Shared Written Blocks": 0,
                              "Local Hit Blocks": 0,
                              "Local Read Blocks": 0,
                              "Local Dirtied Blocks": 0,
                              "Local Written Blocks": 0,
                              "Temp Read Blocks": 0,
                              "Temp Written Blocks": 0,
                              "Workers": [],
                              "Plans": [
                                {
                                  "Node Type": "Hash Join",
                                  "Parent Relationship": "Outer",
                                  "Parallel Aware": false,
                                  "Async Capable": false,
                                  "Join Type": "Inner",
                                  "Startup Cost": 360.02,
                                  "Total Cost": 156563.37,
                                  "Plan Rows": 33342,
                                  "Plan Width": 38,
                                  "Actual Startup Time": 5.19,
                                  "Actual Total Time": 1435.071,
                                  "Actual Rows": 52299,
                                  "Actual Loops": 3,
                                  "Inner Unique": false,
                                  "Hash Cond": "(l1.l_suppkey = s.s_suppkey)",
                                  "Shared Hit Blocks": 1486,
                                  "Shared Read Blocks": 120768,
                                  "Shared Dirtied Blocks": 0,
                                  "Shared Written Blocks": 0,
                                  "Local Hit Blocks": 0,
                                  "Local Read Blocks": 0,
                                  "Local Dirtied Blocks": 0,
                                  "Local Written Blocks": 0,
                                  "Temp Read Blocks": 0,
                                  "Temp Written Blocks": 0,
                                  "Workers": [],
                                  "Plans": [
                                    {
                                      "Node Type": "Seq Scan",
                                      "Parent Relationship": "Outer",
                                      "Parallel Aware": true,
                                      "Async Capable": false,
                                      "Relation Name": "lineitem",
                                      "Alias": "l1",
                                      "Startup Cost": 0.0,
                                      "Total Cost": 152744.11,
                                      "Plan Rows": 833550,
                                      "Plan Width": 12,
                                      "Actual Startup Time": 0.554,
                                      "Actual Total Time": 1255.354,
                                      "Actual Rows": 1264432,
                                      "Actual Loops": 3,
                                      "Filter": "(l_receiptdate > l_commitdate)",
                                      "Rows Removed by Filter": 735973,
                                      "Shared Hit Blocks": 718,
                                      "Shared Read Blocks": 120768,
                                      "Shared Dirtied Blocks": 0,
                                      "Shared Written Blocks": 0,
                                      "Local Hit Blocks": 0,
                                      "Local Read Blocks": 0,
                                      "Local Dirtied Blocks": 0,
                                      "Local Written Blocks": 0,
                                      "Temp Read Blocks": 0,
                                      "Temp Written Blocks": 0,
                                      "Workers": []
                                    },
                                    {
                                      "Node Type": "Hash",
                                      "Parent Relationship": "Inner",
                                      "Parallel Aware": false,
                                      "Async Capable": false,
                                      "Startup Cost": 355.02,
                                      "Total Cost": 355.02,
                                      "Plan Rows": 400,
                                      "Plan Width": 30,
                                      "Actual Startup Time": 4.486,
                                      "Actual Total Time": 4.488,
                                      "Actual Rows": 413,
                                      "Actual Loops": 3,
                                      "Hash Buckets": 1024,
                                      "Original Hash Buckets": 1024,
                                      "Hash Batches": 1,
                                      "Original Hash Batches": 1,
                                      "Peak Memory Usage": 34,
                                      "Shared Hit Blocks": 672,
                                      "Shared Read Blocks": 0,
                                      "Shared Dirtied Blocks": 0,
                                      "Shared Written Blocks": 0,
                                      "Local Hit Blocks": 0,
                                      "Local Read Blocks": 0,
                                      "Local Dirtied Blocks": 0,
                                      "Local Written Blocks": 0,
                                      "Temp Read Blocks": 0,
                                      "Temp Written Blocks": 0,
                                      "Workers": [],
                                      "Plans": [
                                        {
                                          "Node Type": "Hash Join",
                                          "Parent Relationship": "Outer",
                                          "Parallel Aware": false,
                                          "Async Capable": false,
                                          "Join Type": "Inner",
                                          "Startup Cost": 1.32,
                                          "Total Cost": 355.02,
                                          "Plan Rows": 400,
                                          "Plan Width": 30,
                                          "Actual Startup Time": 0.906,
                                          "Actual Total Time": 4.377,
                                          "Actual Rows": 413,
                                          "Actual Loops": 3,
                                          "Inner Unique": true,
                                          "Hash Cond": "(s.s_nationkey = n.n_nationkey)",
                                          "Shared Hit Blocks": 672,
                                          "Shared Read Blocks": 0,
                                          "Shared Dirtied Blocks": 0,
                                          "Shared Written Blocks": 0,
                                          "Local Hit Blocks": 0,
                                          "Local Read Blocks": 0,
                                          "Local Dirtied Blocks": 0,
                                          "Local Written Blocks": 0,
                                          "Temp Read Blocks": 0,
                                          "Temp Written Blocks": 0,
                                          "Workers": [],
                                          "Plans": [
                                            {
                                              "Node Type": "Seq Scan",
                                              "Parent Relationship": "Outer",
                                              "Parallel Aware": false,
                                              "Async Capable": false,
                                              "Relation Name": "supplier",
                                              "Alias": "s",
                                              "Startup Cost": 0.0,
                                              "Total Cost": 323.0,
                                              "Plan Rows": 10000,
                                              "Plan Width": 34,
                                              "Actual Startup Time": 0.453,
                                              "Actual Total Time": 2.043,
                                              "Actual Rows": 10000,
                                              "Actual Loops": 3,
                                              "Shared Hit Blocks": 669,
                                              "Shared Read Blocks": 0,
                                              "Shared Dirtied Blocks": 0,
                                              "Shared Written Blocks": 0,
                                              "Local Hit Blocks": 0,
                                              "Local Read Blocks": 0,
                                              "Local Dirtied Blocks": 0,
                                              "Local Written Blocks": 0,
                                              "Temp Read Blocks": 0,
                                              "Temp Written Blocks": 0,
                                              "Workers": []
                                            },
                                            {
                                              "Node Type": "Hash",
                                              "Parent Relationship": "Inner",
                                              "Parallel Aware": false,
                                              "Async Capable": false,
                                              "Startup Cost": 1.31,
                                              "Total Cost": 1.31,
                                              "Plan Rows": 1,
                                              "Plan Width": 4,
                                              "Actual Startup Time": 0.423,
                                              "Actual Total Time": 0.423,
                                              "Actual Rows": 1,
                                              "Actual Loops": 3,
                                              "Hash Buckets": 1024,
                                              "Original Hash Buckets": 1024,
                                              "Hash Batches": 1,
                                              "Original Hash Batches": 1,
                                              "Peak Memory Usage": 9,
                                              "Shared Hit Blocks": 3,
                                              "Shared Read Blocks": 0,
                                              "Shared Dirtied Blocks": 0,
                                              "Shared Written Blocks": 0,
                                              "Local Hit Blocks": 0,
                                              "Local Read Blocks": 0,
                                              "Local Dirtied Blocks": 0,
                                              "Local Written Blocks": 0,
                                              "Temp Read Blocks": 0,
                                              "Temp Written Blocks": 0,
                                              "Workers": [],
                                              "Plans": [
                                                {
                                                  "Node Type": "Seq Scan",
                                                  "Parent Relationship": "Outer",
                                                  "Parallel Aware": false,
                                                  "Async Capable": false,
                                                  "Relation Name": "nation",
                                                  "Alias": "n",
                                                  "Startup Cost": 0.0,
                                                  "Total Cost": 1.31,
                                                  "Plan Rows": 1,
                                                  "Plan Width": 4,
                                                  "Actual Startup Time": 0.408,
                                                  "Actual Total Time": 0.412,
                                                  "Actual Rows": 1,
                                                  "Actual Loops": 3,
                                                  "Filter": "(n_name = 'ARGENTINA'::bpchar)",
                                                  "Rows Removed by Filter": 24,
                                                  "Shared Hit Blocks": 3,
                                                  "Shared Read Blocks": 0,
                                                  "Shared Dirtied Blocks": 0,
                                                  "Shared Written Blocks": 0,
                                                  "Local Hit Blocks": 0,
                                                  "Local Read Blocks": 0,
                                                  "Local Dirtied Blocks": 0,
                                                  "Local Written Blocks": 0,
                                                  "Temp Read Blocks": 0,
                                                  "Temp Written Blocks": 0,
                                                  "Workers": []
                                                }
                                              ]
                                            }
                                          ]
                                        }
                                      ]
                                    }
                                  ]
                                },
                                {
                                  "Node Type": "Index Scan",
                                  "Parent Relationship": "Inner",
                                  "Parallel Aware": false,
                                  "Async Capable": false,
                                  "Scan Direction": "Forward",
                                  "Index Name": "pk_lineitem",
                                  "Relation Name": "lineitem",
                                  "Alias": "l2",
                                  "Startup Cost": 0.43,
                                  "Total Cost": 1.04,
                                  "Plan Rows": 16,
                                  "Plan Width": 12,
                                  "Actual Startup Time": 0.006,
                                  "Actual Total Time": 0.006,
                                  "Actual Rows": 1,
                                  "Actual Loops": 156898,
                                  "Index Cond": "(l_orderkey = l1.l_orderkey)",
                                  "Rows Removed by Index Recheck": 0,
                                  "Filter": "(l_suppkey <> l1.l_suppkey)",
                                  "Rows Removed by Filter": 0,
                                  "Shared Hit Blocks": 604954,
                                  "Shared Read Blocks": 23317,
                                  "Shared Dirtied Blocks": 0,
                                  "Shared Written Blocks": 0,
                                  "Local Hit Blocks": 0,
                                  "Local Read Blocks": 0,
                                  "Local Dirtied Blocks": 0,
                                  "Local Written Blocks": 0,
                                  "Temp Read Blocks": 0,
                                  "Temp Written Blocks": 0,
                                  "Workers": []
                                }
                              ]
                            }
                          ]
                        },
                        {
                          "Node Type": "Index Scan",
                          "Parent Relationship": "Inner",
                          "Parallel Aware": false,
                          "Async Capable": false,
                          "Scan Direction": "Forward",
                          "Index Name": "pk_orders",
                          "Relation Name": "orders",
                          "Alias": "o",
                          "Startup Cost": 0.43,
                          "Total Cost": 0.51,
                          "Plan Rows": 1,
                          "Plan Width": 8,
                          "Actual Startup Time": 0.033,
                          "Actual Total Time": 0.033,
                          "Actual Rows": 0,
                          "Actual Loops": 5673,
                          "Index Cond": "(o_orderkey = l1.l_orderkey)",
                          "Rows Removed by Index Recheck": 0,
                          "Filter": "(o_orderstatus = 'F'::bpchar)",
                          "Rows Removed by Filter": 1,
                          "Shared Hit Blocks": 14543,
                          "Shared Read Blocks": 8149,
                          "Shared Dirtied Blocks": 0,
                          "Shared Written Blocks": 0,
                          "Local Hit Blocks": 0,
                          "Local Read Blocks": 0,
                          "Local Dirtied Blocks": 0,
                          "Local Written Blocks": 0,
                          "Temp Read Blocks": 0,
                          "Temp Written Blocks": 0
                        }
                      ]
                    },
                    {
                      "Node Type": "Index Scan",
                      "Parent Relationship": "Inner",
                      "Parallel Aware": false,
                      "Async Capable": false,
                      "Scan Direction": "Forward",
                      "Index Name": "pk_lineitem",
                      "Relation Name": "lineitem",
                      "Alias": "l3",
                      "Startup Cost": 0.43,
                      "Total Cost": 1.08,
                      "Plan Rows": 5,
                      "Plan Width": 12,
                      "Actual Startup Time": 0.043,
                      "Actual Total Time": 0.043,
                      "Actual Rows": 0,
                      "Actual Loops": 2777,
                      "Index Cond": "(l_orderkey = l1.l_orderkey)",
                      "Rows Removed by Index Recheck": 0,
                      "Filter": "((l_receiptdate > l_commitdate) AND (l_suppkey <> l1.l_suppkey))",
                      "Rows Removed by Filter": 1,
                      "Shared Hit Blocks": 9316,
                      "Shared Read Blocks": 1792,
                      "Shared Dirtied Blocks": 0,
                      "Shared Written Blocks": 0,
                      "Local Hit Blocks": 0,
                      "Local Read Blocks": 0,
                      "Local Dirtied Blocks": 0,
                      "Local Written Blocks": 0,
                      "Temp Read Blocks": 0,
                      "Temp Written Blocks": 0
                    }
                  ]
                }
              ]
            }
          ]
        }
      ]
    },
    "Planning": {
      "Shared Hit Blocks": 46,
      "Shared Read Blocks": 12,
      "Shared Dirtied Blocks": 0,
      "Shared Written Blocks": 0,
      "Local Hit Blocks": 0,
      "Local Read Blocks": 0,
      "Local Dirtied Blocks": 0,
      "Local Written Blocks": 0,
      "Temp Read Blocks": 0,
      "Temp Written Blocks": 0
    },
    "Planning Time": 1.305,
    "Triggers": [],
    "Execution Time": 1964.422
  }
]