[
  {
    "Plan": {
      "Node Type": "Sort",
      "Parallel Aware": false,
      "Async Capable": false,
      "Startup Cost": 109216.6,
      "Total Cost": 109216.67,
      "Plan Rows": 25,
      "Plan Width": 58,
      "Actual Startup Time": 1183.866,
      "Actual Total Time": 1194.336,
      "Actual Rows": 5,
      "Actual Loops": 1,
      "Sort Key": [
        "(sum((l.l_extendedprice * ('1'::numeric - l.l_discount)))) DESC",
        "n.n_name"
      ],
      "Sort Method": "quicksort",
      "Sort Space Used": 25,
      "Sort Space Type": "Memory",
      "Shared Hit Blocks": 126307,
      "Shared Read Blocks": 91847,
      "Shared Dirtied Blocks": 0,
      "Shared Written Blocks": 0,
      "Local Hit Blocks": 0,
      "Local Read Blocks": 0,
      "Local Dirtied Blocks": 0,
      "Local Written Blocks": 0,
      "Temp Read Blocks": 0,
      "Temp Written Blocks": 0,
      "Plans": [
        {
          "Node Type": "Aggregate",
          "Strategy": "Sorted",
          "Partial Mode": "Finalize",
          "Parent Relationship": "Outer",
          "Parallel Aware": false,
          "Async Capable": false,
          "Startup Cost": 109171.18,
          "Total Cost": 109216.02,
          "Plan Rows": 25,
          "Plan Width": 58,
          "Actual Startup Time": 1182.796,
          "Actual Total Time": 1194.324,
          "Actual Rows": 5,
          "Actual Loops": 1,
          "Group Key": [
            "n.n_name"
          ],
          "Shared Hit Blocks": 126307,
          "Shared Read Blocks": 91847,
          "Shared Dirtied Blocks": 0,
          "Shared Written Blocks": 0,
          "Local Hit Blocks": 0,
          "Local Read Blocks": 0,
          "Local Dirtied Blocks": 0,
          "Local Written Blocks": 0,
          "Temp Read Blocks": 0,
          "Temp Written Blocks": 0,
          "Plans": [
            {
              "Node Type": "Gather Merge",
              "Parent Relationship": "Outer",
              "Parallel Aware": false,
              "Async Capable": false,
              "Startup Cost": 109171.18,
              "Total Cost": 109215.34,
              "Plan Rows": 50,
              "Plan Width": 58,
              "Actual Startup Time": 1182.477,
              "Actual Total Time": 1194.298,
              "Actual Rows": 15,
              "Actual Loops": 1,
              "Workers Planned": 2,
              "Workers Launched": 2,
              "Shared Hit Blocks": 126307,
              "Shared Read Blocks": 91847,
              "Shared Dirtied Blocks": 0,
              "Shared Written Blocks": 0,
              "Local Hit Blocks": 0,
              "Local Read Blocks": 0,
              "Local Dirtied Blocks": 0,
              "Local Written Blocks": 0,
              "Temp Read Blocks": 0,
              "Temp Written Blocks": 0,
              "Plans": [
                {
                  "Node Type": "Aggregate",
                  "Strategy": "Sorted",
                  "Partial Mode": "Partial",
                  "Parent Relationship": "Outer",
                  "Parallel Aware": false,
                  "Async Capable": false,
                  "Startup Cost": 108171.15,
                  "Total Cost": 108209.54,
                  "Plan Rows": 25,
                  "Plan Width": 58,
                  "Actual Startup Time": 1126.414,
                  "Actual Total Time": 1127.624,
                  "Actual Rows": 5,
                  "Actual Loops": 3,
                  "Group Key": [
                    "n.n_name"
                  ],
                  "Shared Hit Blocks": 126307,
                  "Shared Read Blocks": 91847,
                  "Shared Dirtied Blocks": 0,
                  "Shared Written Blocks": 0,
                  "Local Hit Blocks": 0,
                  "Local Read Blocks": 0,
                  "Local Dirtied Blocks": 0,
                  "Local Written Blocks": 0,
                  "Temp Read Blocks": 0,
                  "Temp Written Blocks": 0,
                  "Workers": [],
                  "Plans": [
                    {
                      "Node Type": "Sort",
                      "Parent Relationship": "Outer",
                      "Parallel Aware": false,
                      "Async Capable": false,
                      "Startup Cost": 108171.15,
                      "Total Cost": 108178.77,
                      "Plan Rows": 3046,
                      "Plan Width": 38,
                      "Actual Startup Time": 1125.971,
                      "Actual Total Time": 1126.134,
                      "Actual Rows": 2456,
                      "Actual Loops": 3,
                      "Sort Key": [
                        "n.n_name"
                      ],
                      "Sort Method": "quicksort",
                      "Sort Space Used": 239,
                      "Sort Space Type": "Memory",
                      "Shared Hit Blocks": 126307,
                      "Shared Read Blocks": 91847,
                      "Shared Dirtied Blocks": 0,
                      "Shared Written Blocks": 0,
                      "Local Hit Blocks": 0,
                      "Local Read Blocks": 0,
                      "Local Dirtied Blocks": 0,
                      "Local Written Blocks": 0,
                      "Temp Read Blocks": 0,
                      "Temp Written Blocks": 0,
                      "Workers": [
                        {
                          "Worker Number": 0,
                          "Sort Method": "quicksort",
                          "Sort Space Used": 235,
                          "Sort Space Type": "Memory"
                        },
                        {
                          "Worker Number": 1,
                          "Sort Method": "quicksort",
                          "Sort Space Used": 218,
                          "Sort Space Type": "Memory"
                        }
                      ],
                      "Plans": [
                        {
                          "Node Type": "Hash Join",
                          "Parent Relationship": "Outer",
                          "Parallel Aware": false,
                          "Async Capable": false,
                          "Join Type": "Inner",
                          "Startup Cost": 5361.57,
                          "Total Cost": 107994.9,
                          "Plan Rows": 3046,
                          "Plan Width": 38,
                          "Actual Startup Time": 41.974,
                          "Actual Total Time": 1122.241,
                          "Actual Rows": 2456,
                          "Actual Loops": 3,
                          "Inner Unique": true,
                          "Hash Cond": "((l.l_suppkey = s.s_suppkey) AND (c.c_nationkey = s.s_nationkey))",
                          "Shared Hit Blocks": 126293,
                          "Shared Read Blocks": 91847,
                          "Shared Dirtied Blocks": 0,
                          "Shared Written Blocks": 0,
                          "Local Hit Blocks": 0,
                          "Local Read Blocks": 0,
                          "Local Dirtied Blocks": 0,
                          "Local Written Blocks": 0,
                          "Temp Read Blocks": 0,
                          "Temp Written Blocks": 0,
                          "Workers": [],
                          "Plans": [
                            {
                              "Node Type": "Nested Loop",
                              "Parent Relationship": "Outer",
                              "Parallel Aware": false,
                              "Async Capable": false,
                              "Join Type": "Inner",
                              "Startup Cost": 4888.57,
                              "Total Cost": 107122.28,
                              "Plan Rows": 76118,
                              "Plan Width": 50,
                              "Actual Startup Time": 35.568,
                              "Actual Total Time": 1088.179,
                              "Actual Rows": 60955,
                              "Actual Loops": 3,
                              "Inner Unique": false,
                              "Shared Hit Blocks": 125819,
                              "Shared Read Blocks": 91624,
                              "Shared Dirtied Blocks": 0,
                              "Shared Written Blocks": 0,
                              "Local Hit Blocks": 0,
                              "Local Read Blocks": 0,
                              "Local Dirtied Blocks": 0,
                              "Local Written Blocks": 0,
                              "Temp Read Blocks": 0,
                              "Temp Written Blocks": 0,
                              "Workers": [],
                              "Plans": [
                                {
                                  "Node Type": "Hash Join",
                                  "Parent Relationship": "Outer",
                                  "Parallel Aware": true,
                                  "Async Capable": false,
                                  "Join Type": "Inner",
                                  "Startup Cost": 4888.13,
                                  "Total Cost": 43037.11,
                                  "Plan Rows": 19025,
                                  "Plan Width": 42,
                                  "Actual Startup Time": 34.599,
                                  "Actual Total Time": 289.693,
                                  "Actual Rows": 15210,
                                  "Actual Loops": 3,
                                  "Inner Unique": false,
                                  "Hash Cond": "(o.o_custkey = c.c_custkey)",
                                  "Shared Hit Blocks": 104,
                                  "Shared Read Blocks": 31985,
                                  "Shared Dirtied Blocks": 0,
                                  "Shared Written Blocks": 0,
                                  "Local Hit Blocks": 0,
                                  "Local Read Blocks": 0,
                                  "Local Dirtied Blocks": 0,
                                  "Local Written Blocks": 0,
                                  "Temp Read Blocks": 0,
                                  "Temp Written Blocks": 0,
                                  "Workers": [],
                                  "Plans": [
                                    {
                                      "Node Type": "Seq Scan",
                                      "Parent Relationship": "Outer",
                                      "Parallel Aware": true,
                                      "Async Capable": false,
                                      "Relation Name": "orders",
                                      "Alias": "o",
                                      "Startup Cost": 0.0,
                                      "Total Cost": 37713.0,
                                      "Plan Rows": 95123,
                                      "Plan Width": 12,
                                      "Actual Startup Time": 0.843,
                                      "Actual Total Time": 209.044,
                                      "Actual Rows": 76212,
                                      "Actual Loops": 3,
                                      "Filter": "((o_orderdate >= '1995-01-01'::date) AND (o_orderdate <= '1995-12-31'::date))",
                                      "Rows Removed by Filter": 423788,
                                      "Shared Hit Blocks": 48,
                                      "Shared Read Blocks": 28290,
                                      "Shared Dirtied Blocks": 0,
                                      "Shared Written Blocks": 0,
                                      "Local Hit Blocks": 0,
                                      "Local Read Blocks": 0,
                                      "Local Dirtied Blocks": 0,
                                      "Local Written Blocks": 0,
                                      "Temp Read Blocks": 0,
                                      "Temp Written Blocks": 0,
                                      "Workers": []
                                    },
                                    {
                                      "Node Type": "Hash",
                                      "Parent Relationship": "Inner",
                                      "Parallel Aware": true,
                                      "Async Capable": false,
                                      "Startup Cost": 4731.88,
                                      "Total Cost": 4731.88,
                                      "Plan Rows": 12500,
                                      "Plan Width": 38,
                                      "Actual Startup Time": 33.608,
                                      "Actual Total Time": 33.612,
                                      "Actual Rows": 9984,
                                      "Actual Loops": 3,
                                      "Hash Buckets": 32768,
                                      "Original Hash Buckets": 32768,
                                      "Hash Batches": 1,
                                      "Original Hash Batches": 1,
                                      "Peak Memory Usage": 2400,
                                      "Shared Hit Blocks": 56,
                                      "Shared Read Blocks": 3695,
                                      "Shared Dirtied Blocks": 0,
                                      "Shared Written Blocks": 0,
                                      "Local Hit Blocks": 0,
                                      "Local Read Blocks": 0,
                                      "Local Dirtied Blocks": 0,
                                      "Local Written Blocks": 0,
                                      "Temp Read Blocks": 0,
                                      "Temp Written Blocks": 0,
                                      "Workers": [],
                                      "Plans": [
                                        {
                                          "Node Type": "Hash Join",
                                          "Parent Relationship": "Outer",
                                          "Parallel Aware": false,
                                          "Async Capable": false,
                                          "Join Type": "Inner",
                                          "Startup Cost": 2.51,
                                          "Total Cost": 4731.88,
                                          "Plan Rows": 12500,
                                          "Plan Width": 38,
                                          "Actual Startup Time": 2.756,
                                          "Actual Total Time": 27.882,
                                          "Actual Rows": 9984,
                                          "Actual Loops": 3,
                                          "Inner Unique": false,
                                          "Hash Cond": "(c.c_nationkey = n.n_nationkey)",
                                          "Shared Hit Blocks": 56,
                                          "Shared Read Blocks": 3695,
                                          "Shared Dirtied Blocks": 0,
                                          "Shared Written Blocks": 0,
                                          "Local Hit Blocks": 0,
                                          "Local Read Blocks": 0,
                                          "Local Dirtied Blocks": 0,
                                          "Local Written Blocks": 0,
                                          "Temp Read Blocks": 0,
                                          "Temp Written Blocks": 0,
                                          "Workers": [],
                                          "Plans": [
                                            {
                                              "Node Type": "Seq Scan",
                                              "Parent Relationship": "Outer",
                                              "Parallel Aware": true,
                                              "Async Capable": false,
                                              "Relation Name": "customer",
                                              "Alias": "c",
                                              "Startup Cost": 0.0,
                                              "Total Cost": 4370.0,
                                              "Plan Rows": 62500,
                                              "Plan Width": 8,
                                              "Actual Startup Time": 1.18,
                                              "Actual Total Time": 16.753,
                                              "Actual Rows": 50000,
                                              "Actual Loops": 3,
                                              "Shared Hit Blocks": 52,
                                              "Shared Read Blocks": 3693,
                                              "Shared Dirtied Blocks": 0,
                                              "Shared Written Blocks": 0,
                                              "Local Hit Blocks": 0,
                                              "Local Read Blocks": 0,
                                              "Local Dirtied Blocks": 0,
                                              "Local Written Blocks": 0,
                                              "Temp Read Blocks": 0,
                                              "Temp Written Blocks": 0,
                                              "Workers": []
                                            },
                                            {
                                              "Node Type": "Hash",
                                              "Parent Relationship": "Inner",
                                              "Parallel Aware": false,
                                              "Async Capable": false,
                                              "Startup Cost": 2.45,
                                              "Total Cost": 2.45,
                                              "Plan Rows": 5,
                                              "Plan Width": 30,
                                              "Actual Startup Time": 1.557,
                                              "Actual Total Time": 1.56,
                                              "Actual Rows": 5,
                                              "Actual Loops": 3,
                                              "Hash Buckets": 1024,
                                              "Original Hash Buckets": 1024,
                                              "Hash Batches": 1,
                                              "Original Hash Batches": 1,
                                              "Peak Memory Usage": 9,
                                              "Shared Hit Blocks": 4,
                                              "Shared Read Blocks": 2,
                                              "Shared Dirtied Blocks": 0,
                                              "Shared Written Blocks": 0,
                                              "Local Hit Blocks": 0,
                                              "Local Read Blocks": 0,
                                              "Local Dirtied Blocks": 0,
                                              "Local Written Blocks": 0,
                                              "Temp Read Blocks": 0,
                                              "Temp Written Blocks": 0,
                                              "Workers": [],
                                              "Plans": [
                                                {
                                                  "Node Type": "Hash Join",
                                                  "Parent Relationship": "Outer",
                                                  "Parallel Aware": false,
                                                  "Async Capable": false,
                                                  "Join Type": "Inner",
                                                  "Startup Cost": 1.07,
                                                  "Total Cost": 2.45,
                                                  "Plan Rows": 5,
                                                  "Plan Width": 30,
                                                  "Actual Startup Time": 1.542,
                                                  "Actual Total Time": 1.551,
                                                  "Actual Rows": 5,
                                                  "Actual Loops": 3,
                                                  "Inner Unique": true,
                                                  "Hash Cond": "(n.n_regionkey = r.r_regionkey)",
                                                  "Shared Hit Blocks": 4,
                                                  "Shared Read Blocks": 2,
                                                  "Shared Dirtied Blocks": 0,
                                                  "Shared Written Blocks": 0,
                                                  "Local Hit Blocks": 0,
                                                  "Local Read Blocks": 0,
                                                  "Local Dirtied Blocks": 0,
                                                  "Local Written Blocks": 0,
                                                  "Temp Read Blocks": 0,
                                                  "Temp Written Blocks": 0,
                                                  "Workers": [],
                                                  "Plans": [
                                                    {
                                                      "Node Type": "Seq Scan",
                                                      "Parent Relationship": "Outer",
                                                      "Parallel Aware": false,
                                                      "Async Capable": false,
                                                      "Relation Name": "nation",
                                                      "Alias": "n",
                                                      "Startup Cost": 0.0,
                                                      "Total Cost": 1.25,
                                                      "Plan Rows": 25,
                                                      "Plan Width": 34,
                                                      "Actual Startup Time": 0.66,
                                                      "Actual Total Time": 0.662,
                                                      "Actual Rows": 25,
                                                      "Actual Loops": 3,
                                                      "Shared Hit Blocks": 2,
                                                      "Shared Read Blocks": 1,
                                                      "Shared Dirtied Blocks": 0,
                                                      "Shared Written Blocks": 0,
                                                      "Local Hit Blocks": 0,
                                                      "Local Read Blocks": 0,
                                                      "Local Dirtied Blocks": 0,
                                                      "Local Written Blocks": 0,
                                                      "Temp Read Blocks": 0,
                                                      "Temp Written Blocks": 0,
                                                      "Workers": []
                                                    },
                                                    {
                                                      "Node Type": "Hash",
                                                      "Parent Relationship": "Inner",
                                                      "Parallel Aware": false,
                                                      "Async Capable": false,
                                                      "Startup Cost": 1.06,
                                                      "Total Cost": 1.06,
                                                      "Plan Rows": 1,
                                                      "Plan Width": 4,
                                                      "Actual Startup Time": 0.855,
                                                      "Actual Total Time": 0.856,
                                                      "Actual Rows": 1,
                                                      "Actual Loops": 3,
                                                      "Hash Buckets": 1024,
                                                      "Original Hash Buckets": 1024,
                                                      "Hash Batches": 1,
                                                      "Original Hash Batches": 1,
                                                      "Peak Memory Usage": 9,
                                                      "Shared Hit Blocks": 2,
                                                      "Shared Read Blocks": 1,
                                                      "Shared Dirtied Blocks": 0,
                                                      "Shared Written Blocks": 0,
                                                      "Local Hit Blocks": 0,
                                                      "Local Read Blocks": 0,
                                                      "Local Dirtied Blocks": 0,
                                                      "Local Written Blocks": 0,
                                                      "Temp Read Blocks": 0,
                                                      "Temp Written Blocks": 0,
                                                      "Workers": [],
                                                      "Plans": [
                                                        {
                                                          "Node Type": "Seq Scan",
                                                          "Parent Relationship": "Outer",
                                                          "Parallel Aware": false,
                                                          "Async Capable": false,
                                                          "Relation Name": "region",
                                                          "Alias": "r",
                                                          "Startup Cost": 0.0,
                                                          "Total Cost": 1.06,
                                                          "Plan Rows": 1,
                                                          "Plan Width": 4,
                                                          "Actual Startup Time": 0.834,
                                                          "Actual Total Time": 0.836,
                                                          "Actual Rows": 1,
                                                          "Actual Loops": 3,
                                                          "Filter": "(r_name = 'AMERICA'::bpchar)",
                                                          "Rows Removed by Filter": 4,
                                                          "Shared Hit Blocks": 2,
                                                          "Shared Read Blocks": 1,
                                                          "Shared Dirtied Blocks": 0,
                                                          "Shared Written Blocks": 0,
                                                          "Local Hit Blocks": 0,
                                                          "Local Read Blocks": 0,
                                                          "Local Dirtied Blocks": 0,
                                                          "Local Written Blocks": 0,
                                                          "Temp Read Blocks": 0,
                                                          "Temp Written Blocks": 0,
                                                          "Workers": []
                                                        }
                                                      ]
                                                    }
                                                  ]
                                                }
                                              ]
                                            }
                                          ]
                                        }
                                      ]
                                    }
                                  ]
                                },
                                {
                                  "Node Type": "Index Scan",
                                  "Parent Relationship": "Inner",
                                  "Parallel Aware": false,
                                  "Async Capable": false,
                                  "Scan Direction": "Forward",
                                  "Index Name": "pk_lineitem",
                                  "Relation Name": "lineitem",
                                  "Alias": "l",
                                  "Startup Cost": 0.43,
                                  "Total Cost": 3.21,
                                  "Plan Rows": 16,
                                  "Plan Width": 24,
                                  "Actual Startup Time": 0.048,
                                  "Actual Total Time": 0.051,
                                  "Actual Rows": 4,
                                  "Actual Loops": 45630,
                                  "Index Cond": "(l_orderkey = o.o_orderkey)",
                                  "Rows Removed by Index Recheck": 0,
                                  "Shared Hit Blocks": 125715,
                                  "Shared Read Blocks": 59639,
                                  "Shared Dirtied Blocks": 0,
                                  "Shared Written Blocks": 0,
                                  "Local Hit Blocks": 0,
                                  "Local Read Blocks": 0,
                                  "Local Dirtied Blocks": 0,
                                  "Local Written Blocks": 0,
                                  "Temp Read Blocks": 0,
                                  "Temp Written Blocks": 0,
                                  "Workers": []
                                }
                              ]
                            },
                            {
                              "Node Type": "Hash",
                              "Parent Relationship": "Inner",
                              "Parallel Aware": false,
                              "Async Capable": false,
                              "Startup Cost": 323.0,
                              "Total Cost": 323.0,
                              "Plan Rows": 10000,
                              "Plan Width": 8,
                              "Actual Startup Time": 5.652,
                              "Actual Total Time": 5.652,
                              "Actual Rows": 10000,
                              "Actual Loops": 3,
                              "Hash Buckets": 16384,
                              "Original Hash Buckets": 16384,
                              "Hash Batches": 1,
                              "Original Hash Batches": 1,
                              "Peak Memory Usage": 519,
                              "Shared Hit Blocks": 448,
                              "Shared Read Blocks": 221,
                              "Shared Dirtied Blocks": 0,
                              "Shared Written Blocks": 0,
                              "Local Hit Blocks": 0,
                              "Local Read Blocks": 0,
                              "Local Dirtied Blocks": 0,
                              "Local Written Blocks": 0,
                              "Temp Read Blocks": 0,
                              "Temp Written Blocks": 0,
                              "Workers": [],
                              "Plans": [
                                {
                                  "Node Type": "Seq Scan",
                                  "Parent Relationship": "Outer",
                                  "Parallel Aware": false,
                                  "Async Capable": false,
                                  "Relation Name": "supplier",
                                  "Alias": "s",
                                  "Startup Cost": 0.0,
                                  "Total Cost": 323.0,
                                  "Plan Rows": 10000,
                                  "Plan Width": 8,
                                  "Actual Startup Time": 1.023,
                                  "Actual Total Time": 3.733,
                                  "Actual Rows": 10000,
                                  "Actual Loops": 3,
                                  "Shared Hit Blocks": 448,
                                  "Shared Read Blocks": 221,
                                  "Shared Dirtied Blocks": 0,
                                  "Shared Written Blocks": 0,
                                  "Local Hit Blocks": 0,
                                  "Local Read Blocks": 0,
                                  "Local Dirtied Blocks": 0,
                                  "Local Written Blocks": 0,
                                  "Temp Read Blocks": 0,
                                  "Temp Written Blocks": 0,
                                  "Workers": []
                                }
                              ]
                            }
                          ]
                        }
                      ]
                    }
                  ]
                }
              ]
            }
          ]
        }
      ]
    },
    "Planning": {
      "Shared Hit Blocks": 28,
      "Shared Read Blocks": 14,
      "Shared Dirtied Blocks": 0,
      "Shared Written Blocks": 0,
      "Local Hit Blocks": 0,
      "Local Read Blocks": 0,
      "Local Dirtied Blocks": 0,
      "Local Written Blocks": 0,
      "Temp Read Blocks": 0,
      "Temp Written Blocks": 0
    },
    "Planning Time": 1.806,
    "Triggers": [],
    "Execution Time": 1194.651
  }
]