[
  {
    "Plan": {
      "Node Type": "Sort",
      "Parallel Aware": false,
      "Async Capable": false,
      "Startup Cost": 20601.17,
      "Total Cost": 20622.92,
      "Plan Rows": 8699,
      "Plan Width": 44,
      "Actual Startup Time": 329.824,
      "Actual Total Time": 330.534,
      "Actual Rows": 6878,
      "Actual Loops": 1,
      "Sort Key": [
        "(count(DISTINCT ps.ps_suppkey)) DESC",
        "p.p_brand",
        "p.p_type",
        "p.p_size"
      ],
      "Sort Method": "quicksort",
      "Sort Space Used": 622,
      "Sort Space Type": "Memory",
      "Shared Hit Blocks": 31679,
      "Shared Read Blocks": 6496,
      "Shared Dirtied Blocks": 0,
      "Shared Written Blocks": 0,
      "Local Hit Blocks": 0,
      "Local Read Blocks": 0,
      "Local Dirtied Blocks": 0,
      "Local Written Blocks": 0,
      "Temp Read Blocks": 0,
      "Temp Written Blocks": 0,
      "Plans": [
        {
          "Node Type": "Aggregate",
          "Strategy": "Sorted",
          "Partial Mode": "Simple",
          "Parent Relationship": "Outer",
          "Parallel Aware": false,
          "Async Capable": false,
          "Startup Cost": 14331.38,
          "Total Cost": 20031.97,
          "Plan Rows": 8699,
          "Plan Width": 44,
          "Actual Startup Time": 248.354,
          "Actual Total Time": 295.233,
          "Actual Rows": 6878,
          "Actual Loops": 1,
          "Group Key": [
            "p.p_brand",
            "p.p_type",
            "p.p_size"
          ],
          "Shared Hit Blocks": 31679,
          "Shared Read Blocks": 6496,
          "Shared Dirtied Blocks": 0,
          "Shared Written Blocks": 0,
          "Local Hit Blocks": 0,
          "Local Read Blocks": 0,
          "Local Dirtied Blocks": 0,
          "Local Written Blocks": 0,
          "Temp Read Blocks": 0,
          "Temp Written Blocks": 0,
          "Plans": [
            {
              "Node Type": "Gather Merge",
              "Parent Relationship": "Outer",
              "Parallel Aware": false,
              "Async Capable": false,
              "Startup Cost": 14331.38,
              "Total Cost": 19501.1,
              "Plan Rows": 44388,
              "Plan Width": 40,
              "Actual Startup Time": 248.335,
              "Actual Total Time": 280.876,
              "Actual Rows": 45096,
              "Actual Loops": 1,
              "Workers Planned": 2,
              "Workers Launched": 2,
              "Shared Hit Blocks": 31679,
              "Shared Read Blocks": 6496,
              "Shared Dirtied Blocks": 0,
              "Shared Written Blocks": 0,
              "Local Hit Blocks": 0,
              "Local Read Blocks": 0,
              "Local Dirtied Blocks": 0,
              "Local Written Blocks": 0,
              "Temp Read Blocks": 0,
              "Temp Written Blocks": 0,
              "Plans": [
                {
                  "Node Type": "Sort",
                  "Parent Relationship": "Outer",
                  "Parallel Aware": false,
                  "Async Capable": false,
                  "Startup Cost": 13331.36,
                  "Total Cost": 13377.6,
                  "Plan Rows": 18495,
                  "Plan Width": 40,
                  "Actual Startup Time": 142.535,
                  "Actual Total Time": 143.872,
                  "Actual Rows": 15032,
                  "Actual Loops": 3,
                  "Sort Key": [
                    "p.p_brand",
                    "p.p_type",
                    "p.p_size",
                    "ps.ps_suppkey"
                  ],
                  "Sort Method": "quicksort",
                  "Sort Space Used": 2312,
                  "Sort Space Type": "Memory",
                  "Shared Hit Blocks": 31679,
                  "Shared Read Blocks": 6496,
                  "Shared Dirtied Blocks": 0,
                  "Shared Written Blocks": 0,
                  "Local Hit Blocks": 0,
                  "Local Read Blocks": 0,
                  "Local Dirtied Blocks": 0,
                  "Local Written Blocks": 0,
                  "Temp Read Blocks": 0,
                  "Temp Written Blocks": 0,
                  "Workers": [
                    {
                      "Worker Number": 0,
                      "Sort Method": "quicksort",
                      "Sort Space Used": 993,
                      "Sort Space Type": "Memory"
                    },
                    {
                      "Worker Number": 1,
                      "Sort Method": "quicksort",
                      "Sort Space Used": 883,
                      "Sort Space Type": "Memory"
                    }
                  ],
                  "Plans": [
                    {
                      "Node Type": "Nested Loop",
                      "Parent Relationship": "Outer",
                      "Parallel Aware": false,
                      "Async Capable": false,
                      "Join Type": "Inner",
                      "Startup Cost": 0.42,
                      "Total Cost": 12020.54,
                      "Plan Rows": 18495,
                      "Plan Width": 40,
                      "Actual Startup Time": 1.076,
                      "Actual Total Time": 74.775,
                      "Actual Rows": 15032,
                      "Actual Loops": 3,
                      "Inner Unique": false,
                      "Shared Hit Blocks": 31640,
                      "Shared Read Blocks": 6491,
                      "Shared Dirtied Blocks": 0,
                      "Shared Written Blocks": 0,
                      "Local Hit Blocks": 0,
                      "Local Read Blocks": 0,
                      "Local Dirtied Blocks": 0,
                      "Local Written Blocks": 0,
                      "Temp Read Blocks": 0,
                      "Temp Written Blocks": 0,
                      "Workers": [],
                      "Plans": [
                        {
                          "Node Type": "Seq Scan",
                          "Parent Relationship": "Outer",
                          "Parallel Aware": true,
                          "Async Capable": false,
                          "Relation Name": "part",
                          "Alias": "p",
                          "Startup Cost": 0.0,
                          "Total Cost": 5866.5,
                          "Plan Rows": 4624,
                          "Plan Width": 40,
                          "Actual Startup Time": 0.666,
                          "Actual Total Time": 41.055,
                          "Actual Rows": 3758,
                          "Actual Loops": 3,
                          "Filter": "((p_brand <> 'Brand#23'::bpchar) AND ((p_type)::text !~~ 'MEDIUM POLISHED%'::text) AND (p_size = ANY ('{1,4,7}'::integer[])))",
                          "Rows Removed by Filter": 62909,
                          "Shared Hit Blocks": 0,
                          "Shared Read Blocks": 4304,
                          "Shared Dirtied Blocks": 0,
                          "Shared Written Blocks": 0,
                          "Local Hit Blocks": 0,
                          "Local Read Blocks": 0,
                          "Local Dirtied Blocks": 0,
                          "Local Written Blocks": 0,
                          "Temp Read Blocks": 0,
                          "Temp Written Blocks": 0,
                          "Workers": []
                        },
                        {
                          "Node Type": "Index Only Scan",
                          "Parent Relationship": "Inner",
                          "Parallel Aware": false,
                          "Async Capable": false,
                          "Scan Direction": "Forward",
                          "Index Name": "pk_partsupp",
                          "Relation Name": "partsupp",
                          "Alias": "ps",
                          "Startup Cost": 0.42,
                          "Total Cost": 1.29,
                          "Plan Rows": 4,
                          "Plan Width": 8,
                          "Actual Startup Time": 0.007,
                          "Actual Total Time": 0.008,
                          "Actual Rows": 4,
                          "Actual Loops": 11274,
                          "Index Cond": "(ps_partkey = p.p_partkey)",
                          "Rows Removed by Index Recheck": 0,
                          "Heap Fetches": 0,
                          "Shared Hit Blocks": 31640,
                          "Shared Read Blocks": 2187,
                          "Shared Dirtied Blocks": 0,
                          "Shared Written Blocks": 0,
                          "Local Hit Blocks": 0,
                          "Local Read Blocks": 0,
                          "Local Dirtied Blocks": 0,
                          "Local Written Blocks": 0,
                          "Temp Read Blocks": 0,
                          "Temp Written Blocks": 0,
                          "Workers": []
                        }
                      ]
                    }
                  ]
                }
              ]
            }
          ]
        }
      ]
    },
    "Planning": {
      "Shared Hit Blocks": 4,
      "Shared Read Blocks": 14,
      "Shared Dirtied Blocks": 0,
      "Shared Written Blocks": 0,
      "Local Hit Blocks": 0,
      "Local Read Blocks": 0,
      "Local Dirtied Blocks": 0,
      "Local Written Blocks": 0,
      "Temp Read Blocks": 0,
      "Temp Written Blocks": 0
    },
    "Planning Time": 0.689,
    "Triggers": [],
    "Execution Time": 331.544
  }
]