{
  "Node Type": "Aggregate",
  "Strategy": "Sorted",
  "Partial Mode": "Finalize",
  "Parallel Aware": false,
  "Async Capable": false,
  "Startup Cost": 221411.82,
  "Total Cost": 221598.4,
  "Plan Rows": 7,
  "Plan Width": 27,
  "Group Key": [
    "l.l_shipmode"
  ],
  "Plans": [
    {
      "Node Type": "Gather Merge",
      "Parent Relationship": "Outer",
      "Parallel Aware": false,
      "Async Capable": false,
      "Startup Cost": 221411.82,
      "Total Cost": 221598.23,
      "Plan Rows": 14,
      "Plan Width": 27,
      "Workers Planned": 2,
      "Workers Launched": 2,
      "Plans": [
        {
          "Node Type": "Aggregate",
          "Strategy": "Sorted",
          "Partial Mode": "Partial",
          "Parent Relationship": "Outer",
          "Parallel Aware": false,
          "Async Capable": false,
          "Startup Cost": 220411.79,
          "Total Cost": 220596.59,
          "Plan Rows": 7,
          "Plan Width": 27,
          "Group Key": [
            "l.l_shipmode"
          ],
          "Workers": [],
          "Plans": [
            {
              "Node Type": "Sort",
              "Parent Relationship": "Outer",
              "Parallel Aware": false,
              "Async Capable": false,
              "Startup Cost": 220411.79,
              "Total Cost": 220442.58,
              "Plan Rows": 12315,
              "Plan Width": 27,
              "Sort Key": [
                "l.l_shipmode"
              ],
              "Sort Method": "quicksort",
              "Sort Space Used": 880,
              "Sort Space Type": "Memory",
              "Workers": [
                {
                  "Worker Number": 0,
                  "Sort Method": "quicksort",
                  "Sort Space Used": 881,
                  "Sort Space Type": "Memory"
                },
                {
                  "Worker Number": 1,
                  "Sort Method": "quicksort",
                  "Sort Space Used": 856,
                  "Sort Space Type": "Memory"
                }
              ],
              "Plans": [
                {
                  "Node Type": "Hash Join",
                  "Parent Relationship": "Outer",
                  "Parallel Aware": true,
                  "Async Capable": false,
                  "Join Type": "Inner",
                  "Startup Cost": 177904.54,
                  "Total Cost": 219575.1,
                  "Plan Rows": 12315,
                  "Plan Width": 27,
                  "Inner Unique": false,
                  "Hash Cond": "(o.o_orderkey = l.l_orderkey)",
                  "Workers": [],
                  "Plans": [
                    {
                      "Node Type": "Seq Scan",
                      "Parent Relationship": "Outer",
                      "Parallel Aware": true,
                      "Async Capable": false,
                      "Relation Name": "orders",
                      "Alias": "o",
                      "Startup Cost": 0.0,
                      "Total Cost": 34588.0,
                      "Plan Rows": 625000,
                      "Plan Width": 24,
                      "Workers": []
                    },
                    {
                      "Node Type": "Hash",
                      "Parent Relationship": "Inner",
                      "Parallel Aware": true,
                      "Async Capable": false,
                      "Startup Cost": 177750.61,
                      "Total Cost": 177750.61,
                      "Plan Rows": 12315,
                      "Plan Width": 19,
                      "Hash Buckets": 32768,
                      "Original Hash Buckets": 32768,
                      "Hash Batches": 1,
                      "Original Hash Batches": 1,
                      "Peak Memory Usage": 2016,
                      "Workers": [],
                      "Plans": [
                        {
                          "Node Type": "Seq Scan",
                          "Parent Relationship": "Outer",
                          "Parallel Aware": true,
                          "Async Capable": false,
                          "Relation Name": "lineitem",
                          "Alias": "l",
                          "Startup Cost": 0.0,
                          "Total Cost": 177750.61,
                          "Plan Rows": 12315,
                          "Plan Width": 19,
                          "Filter": "((l_shipmode = ANY ('{FOB,\"REG AIR\"}'::bpchar[])) AND (l_commitdate < l_receiptdate) AND (l_shipdate < l_commitdate) AND (l_receiptdate >= '1995-01-01'::date) AND (l_receiptdate <= '1995-12-31'::date))",
                          "Rows Removed by Filter": 1989999,
                          "Workers": []
                        }
                      ]
                    }
                  ]
                }
              ]
            }
          ]
        }
      ]
    }
  ]
}