[
  {
    "Plan": {
      "Node Type": "Limit",
      "Parallel Aware": false,
      "Async Capable": false,
      "Startup Cost": 228351.51,
      "Total Cost": 228351.56,
      "Plan Rows": 20,
      "Plan Width": 201,
      "Actual Startup Time": 1798.423,
      "Actual Total Time": 1805.513,
      "Actual Rows": 20,
      "Actual Loops": 1,
      "Shared Hit Blocks": 10378,
      "Shared Read Blocks": 143372,
      "Shared Dirtied Blocks": 0,
      "Shared Written Blocks": 0,
      "Local Hit Blocks": 0,
      "Local Read Blocks": 0,
      "Local Dirtied Blocks": 0,
      "Local Written Blocks": 0,
      "Temp Read Blocks": 0,
      "Temp Written Blocks": 0,
      "Plans": [
        {
          "Node Type": "Sort",
          "Parent Relationship": "Outer",
          "Parallel Aware": false,
          "Async Capable": false,
          "Startup Cost": 228351.51,
          "Total Cost": 228647.63,
          "Plan Rows": 118448,
          "Plan Width": 201,
          "Actual Startup Time": 1798.421,
          "Actual Total Time": 1805.51,
          "Actual Rows": 20,
          "Actual Loops": 1,
          "Sort Key": [
            "(sum((l.l_extendedprice * ('1'::numeric - l.l_discount)))) DESC"
          ],
          "Sort Method": "top-N heapsort",
          "Sort Space Used": 33,
          "Sort Space Type": "Memory",
          "Shared Hit Blocks": 10378,
          "Shared Read Blocks": 143372,
          "Shared Dirtied Blocks": 0,
          "Shared Written Blocks": 0,
          "Local Hit Blocks": 0,
          "Local Read Blocks": 0,
          "Local Dirtied Blocks": 0,
          "Local Written Blocks": 0,
          "Temp Read Blocks": 0,
          "Temp Written Blocks": 0,
          "Plans": [
            {
              "Node Type": "Aggregate",
              "Strategy": "Sorted",
              "Partial Mode": "Finalize",
              "Parent Relationship": "Outer",
              "Parallel Aware": false,
              "Async Capable": false,
              "Startup Cost": 209981.67,
              "Total Cost": 225199.66,
              "Plan Rows": 118448,
              "Plan Width": 201,
              "Actual Startup Time": 1746.786,
              "Actual Total Time": 1797.653,
              "Actual Rows": 18742,
              "Actual Loops": 1,
              "Group Key": [
                "c.c_custkey",
                "n.n_name"
              ],
              "Shared Hit Blocks": 10378,
              "Shared Read Blocks": 143372,
              "Shared Dirtied Blocks": 0,
              "Shared Written Blocks": 0,
              "Local Hit Blocks": 0,
              "Local Read Blocks": 0,
              "Local Dirtied Blocks": 0,
              "Local Written Blocks": 0,
              "Temp Read Blocks": 0,
              "Temp Written Blocks": 0,
              "Plans": [
                {
                  "Node Type": "Gather Merge",
                  "Parent Relationship": "Outer",
                  "Parallel Aware": false,
                  "Async Capable": false,
                  "Startup Cost": 209981.67,
                  "Total Cost": 222732.0,
                  "Plan Rows": 98706,
                  "Plan Width": 201,
                  "Actual Startup Time": 1746.766,
                  "Actual Total Time": 1776.039,
                  "Actual Rows": 18742,
                  "Actual Loops": 1,
                  "Workers Planned": 2,
                  "Workers Launched": 2,
                  "Shared Hit Blocks": 10378,
                  "Shared Read Blocks": 143372,
                  "Shared Dirtied Blocks": 0,
                  "Shared Written Blocks": 0,
                  "Local Hit Blocks": 0,
                  "Local Read Blocks": 0,
                  "Local Dirtied Blocks": 0,
                  "Local Written Blocks": 0,
                  "Temp Read Blocks": 0,
                  "Temp Written Blocks": 0,
                  "Plans": [
                    {
                      "Node Type": "Aggregate",
                      "Strategy": "Sorted",
                      "Partial Mode": "Partial",
                      "Parent Relationship": "Outer",
                      "Parallel Aware": false,
                      "Async Capable": false,
                      "Startup Cost": 208981.64,
                      "Total Cost": 210338.85,
                      "Plan Rows": 49353,
                      "Plan Width": 201,
                      "Actual Startup Time": 1689.639,
                      "Actual Total Time": 1703.638,
                      "Actual Rows": 6247,
                      "Actual Loops": 3,
                      "Group Key": [
                        "c.c_custkey",
                        "n.n_name"
                      ],
                      "Shared Hit Blocks": 10378,
                      "Shared Read Blocks": 143372,
                      "Shared Dirtied Blocks": 0,
                      "Shared Written Blocks": 0,
                      "Local Hit Blocks": 0,
                      "Local Read Blocks": 0,
                      "Local Dirtied Blocks": 0,
                      "Local Written Blocks": 0,
                      "Temp Read Blocks": 0,
                      "Temp Written Blocks": 0,
                      "Workers": [],
                      "Plans": [
                        {
                          "Node Type": "Sort",
                          "Parent Relationship": "Outer",
                          "Parallel Aware": false,
                          "Async Capable": false,
                          "Startup Cost": 208981.64,
                          "Total Cost": 209105.03,
                          "Plan Rows": 49353,
                          "Plan Width": 181,
                          "Actual Startup Time": 1689.62,
                          "Actual Total Time": 1690.507,
                          "Actual Rows": 12110,
                          "Actual Loops": 3,
                          "Sort Key": [
                            "c.c_custkey",
                            "n.n_name"
                          ],
                          "Sort Method": "quicksort",
                          "Sort Space Used": 2953,
                          "Sort Space Type": "Memory",
                          "Shared Hit Blocks": 10378,
                          "Shared Read Blocks": 143372,
                          "Shared Dirtied Blocks": 0,
                          "Shared Written Blocks": 0,
                          "Local Hit Blocks": 0,
                          "Local Read Blocks": 0,
                          "Local Dirtied Blocks": 0,
                          "Local Written Blocks": 0,
                          "Temp Read Blocks": 0,
                          "Temp Written Blocks": 0,
                          "Workers": [
                            {
                              "Worker Number": 0,
                              "Sort Method": "quicksort",
                              "Sort Space Used": 2601,
                              "Sort Space Type": "Memory"
                            },
                            {
                              "Worker Number": 1,
                              "Sort Method": "quicksort",
                              "Sort Space Used": 2849,
                              "Sort Space Type": "Memory"
                            }
                          ],
                          "Plans": [
                            {
                              "Node Type": "Hash Join",
                              "Parent Relationship": "Outer",
                              "Parallel Aware": false,
                              "Async Capable": false,
                              "Join Type": "Inner",
                              "Startup Cost": 194690.09,
                              "Total Cost": 200745.37,
                              "Plan Rows": 49353,
                              "Plan Width": 181,
                              "Actual Startup Time": 1635.11,
                              "Actual Total Time": 1681.738,
                              "Actual Rows": 12110,
                              "Actual Loops": 3,
                              "Inner Unique": true,
                              "Hash Cond": "(c.c_nationkey = n.n_nationkey)",
                              "Shared Hit Blocks": 10256,
                              "Shared Read Blocks": 143368,
                              "Shared Dirtied Blocks": 0,
                              "Shared Written Blocks": 0,
                              "Local Hit Blocks": 0,
                              "Local Read Blocks": 0,
                              "Local Dirtied Blocks": 0,
                              "Local Written Blocks": 0,
                              "Temp Read Blocks": 0,
                              "Temp Written Blocks": 0,
                              "Workers": [],
                              "Plans": [
                                {
                                  "Node Type": "Hash Join",
                                  "Parent Relationship": "Outer",
                                  "Parallel Aware": true,
                                  "Async Capable": false,
                                  "Join Type": "Inner",
                                  "Startup Cost": 194688.53,
                                  "Total Cost": 200592.29,
                                  "Plan Rows": 49353,
                                  "Plan Width": 159,
                                  "Actual Startup Time": 1634.419,
                                  "Actual Total Time": 1677.305,
                                  "Actual Rows": 12110,
                                  "Actual Loops": 3,
                                  "Inner Unique": false,
                                  "Hash Cond": "(c.c_custkey = o.o_custkey)",
                                  "Shared Hit Blocks": 10232,
                                  "Shared Read Blocks": 143367,
                                  "Shared Dirtied Blocks": 0,
                                  "Shared Written Blocks": 0,
                                  "Local Hit Blocks": 0,
                                  "Local Read Blocks": 0,
                                  "Local Dirtied Blocks": 0,
                                  "Local Written Blocks": 0,
                                  "Temp Read Blocks": 0,
                                  "Temp Written Blocks": 0,
                                  "Workers": [],
                                  "Plans": [
                                    {
                                      "Node Type": "Seq Scan",
                                      "Parent Relationship": "Outer",
                                      "Parallel Aware": true,
                                      "Async Capable": false,
                                      "Relation Name": "customer",
                                      "Alias": "c",
                                      "Startup Cost": 0.0,
                                      "Total Cost": 4370.0,
                                      "Plan Rows": 62500,
                                      "Plan Width": 147,
                                      "Actual Startup Time": 0.837,
                                      "Actual Total Time": 23.843,
                                      "Actual Rows": 50000,
                                      "Actual Loops": 3,
                                      "Shared Hit Blocks": 56,
                                      "Shared Read Blocks": 3689,
                                      "Shared Dirtied Blocks": 0,
                                      "Shared Written Blocks": 0,
                                      "Local Hit Blocks": 0,
                                      "Local Read Blocks": 0,
                                      "Local Dirtied Blocks": 0,
                                      "Local Written Blocks": 0,
                                      "Temp Read Blocks": 0,
                                      "Temp Written Blocks": 0,
                                      "Workers": []
                                    },
                                    {
                                      "Node Type": "Hash",
                                      "Parent Relationship": "Inner",
                                      "Parallel Aware": true,
                                      "Async Capable": false,
                                      "Startup Cost": 194071.61,
                                      "Total Cost": 194071.61,
                                      "Plan Rows": 49353,
                                      "Plan Width": 16,
                                      "Actual Startup Time": 1633.227,
                                      "Actual Total Time": 1633.23,
                                      "Actual Rows": 12110,
                                      "Actual Loops": 3,
                                      "Hash Buckets": 131072,
                                      "Original Hash Buckets": 131072,
                                      "Hash Batches": 1,
                                      "Original Hash Batches": 1,
                                      "Peak Memory Usage": 2976,
                                      "Shared Hit Blocks": 10176,
                                      "Shared Read Blocks": 139678,
                                      "Shared Dirtied Blocks": 0,
                                      "Shared Written Blocks": 0,
                                      "Local Hit Blocks": 0,
                                      "Local Read Blocks": 0,
                                      "Local Dirtied Blocks": 0,
                                      "Local Written Blocks": 0,
                                      "Temp Read Blocks": 0,
                                      "Temp Written Blocks": 0,
                                      "Workers": [],
                                      "Plans": [
                                        {
                                          "Node Type": "Hash Join",
                                          "Parent Relationship": "Outer",
                                          "Parallel Aware": true,
                                          "Async Capable": false,
                                          "Join Type": "Inner",
                                          "Startup Cost": 38018.91,
                                          "Total Cost": 194071.61,
                                          "Plan Rows": 49353,
                                          "Plan Width": 16,
                                          "Actual Startup Time": 203.263,
                                          "Actual Total Time": 1623.457,
                                          "Actual Rows": 12110,
                                          "Actual Loops": 3,
                                          "Inner Unique": true,
                                          "Hash Cond": "(l.l_orderkey = o.o_orderkey)",
                                          "Shared Hit Blocks": 10176,
                                          "Shared Read Blocks": 139678,
                                          "Shared Dirtied Blocks": 0,
                                          "Shared Written Blocks": 0,
                                          "Local Hit Blocks": 0,
                                          "Local Read Blocks": 0,
                                          "Local Dirtied Blocks": 0,
                                          "Local Written Blocks": 0,
                                          "Temp Read Blocks": 0,
                                          "Temp Written Blocks": 0,
                                          "Workers": [],
                                          "Plans": [
                                            {
                                              "Node Type": "Seq Scan",
                                              "Parent Relationship": "Outer",
                                              "Parallel Aware": true,
                                              "Async Capable": false,
                                              "Relation Name": "lineitem",
                                              "Alias": "l",
                                              "Startup Cost": 0.0,
                                              "Total Cost": 152744.11,
                                              "Plan Rows": 1260410,
                                              "Plan Width": 20,
                                              "Actual Startup Time": 0.822,
                                              "Actual Total Time": 1209.067,
                                              "Actual Rows": 1014617,
                                              "Actual Loops": 3,
                                              "Filter": "(l_returnflag = 'N'::bpchar)",
                                              "Rows Removed by Filter": 985788,
                                              "Shared Hit Blocks": 9993,
                                              "Shared Read Blocks": 111493,
                                              "Shared Dirtied Blocks": 0,
                                              "Shared Written Blocks": 0,
                                              "Local Hit Blocks": 0,
                                              "Local Read Blocks": 0,
                                              "Local Dirtied Blocks": 0,
                                              "Local Written Blocks": 0,
                                              "Temp Read Blocks": 0,
                                              "Temp Written Blocks": 0,
                                              "Workers": []
                                            },
                                            {
                                              "Node Type": "Hash",
                                              "Parent Relationship": "Inner",
                                              "Parallel Aware": true,
                                              "Async Capable": false,
                                              "Startup Cost": 37713.0,
                                              "Total Cost": 37713.0,
                                              "Plan Rows": 24473,
                                              "Plan Width": 12,
                                              "Actual Startup Time": 201.752,
                                              "Actual Total Time": 201.753,
                                              "Actual Rows": 18835,
                                              "Actual Loops": 3,
                                              "Hash Buckets": 65536,
                                              "Original Hash Buckets": 65536,
                                              "Hash Batches": 1,
                                              "Original Hash Batches": 1,
                                              "Peak Memory Usage": 3200,
                                              "Shared Hit Blocks": 156,
                                              "Shared Read Blocks": 28182,
                                              "Shared Dirtied Blocks": 0,
                                              "Shared Written Blocks": 0,
                                              "Local Hit Blocks": 0,
                                              "Local Read Blocks": 0,
                                              "Local Dirtied Blocks": 0,
                                              "Local Written Blocks": 0,
                                              "Temp Read Blocks": 0,
                                              "Temp Written Blocks": 0,
                                              "Workers": [],
                                              "Plans": [
                                                {
                                                  "Node Type": "Seq Scan",
                                                  "Parent Relationship": "Outer",
                                                  "Parallel Aware": true,
                                                  "Async Capable": false,
                                                  "Relation Name": "orders",
                                                  "Alias": "o",
                                                  "Startup Cost": 0.0,
                                                  "Total Cost": 37713.0,
                                                  "Plan Rows": 24473,
                                                  "Plan Width": 12,
                                                  "Actual Startup Time": 0.793,
                                                  "Actual Total Time": 192.995,
                                                  "Actual Rows": 18835,
                                                  "Actual Loops": 3,
                                                  "Filter": "((o_orderdate >= '1995-01-01'::date) AND (o_orderdate < '1995-04-01'::date))",
                                                  "Rows Removed by Filter": 481165,
                                                  "Shared Hit Blocks": 156,
                                                  "Shared Read Blocks": 28182,
                                                  "Shared Dirtied Blocks": 0,
                                                  "Shared Written Blocks": 0,
                                                  "Local Hit Blocks": 0,
                                                  "Local Read Blocks": 0,
                                                  "Local Dirtied Blocks": 0,
                                                  "Local Written Blocks": 0,
                                                  "Temp Read Blocks": 0,
                                                  "Temp Written Blocks": 0,
                                                  "Workers": []
                                                }
                                              ]
                                            }
                                          ]
                                        }
                                      ]
                                    }
                                  ]
                                },
                                {
                                  "Node Type": "Hash",
                                  "Parent Relationship": "Inner",
                                  "Parallel Aware": false,
                                  "Async Capable": false,
                                  "Startup Cost": 1.25,
                                  "Total Cost": 1.25,
                                  "Plan Rows": 25,
                                  "Plan Width": 30,
                                  "Actual Startup Time": 0.657,
                                  "Actual Total Time": 0.658,
                                  "Actual Rows": 25,
                                  "Actual Loops": 3,
                                  "Hash Buckets": 1024,
                                  "Original Hash Buckets": 1024,
                                  "Hash Batches": 1,
                                  "Original Hash Batches": 1,
                                  "Peak Memory Usage": 10,
                                  "Shared Hit Blocks": 2,
                                  "Shared Read Blocks": 1,
                                  "Shared Dirtied Blocks": 0,
                                  "Shared Written Blocks": 0,
                                  "Local Hit Blocks": 0,
                                  "Local Read Blocks": 0,
                                  "Local Dirtied Blocks": 0,
                                  "Local Written Blocks": 0,
                                  "Temp Read Blocks": 0,
                                  "Temp Written Blocks": 0,
                                  "Workers": [],
                                  "Plans": [
                                    {
                                      "Node Type": "Seq Scan",
                                      "Parent Relationship": "Outer",
                                      "Parallel Aware": false,
                                      "Async Capable": false,
                                      "Relation Name": "nation",
                                      "Alias": "n",
                                      "Startup Cost": 0.0,
                                      "Total Cost": 1.25,
                                      "Plan Rows": 25,
                                      "Plan Width": 30,
                                      "Actual Startup Time": 0.635,
                                      "Actual Total Time": 0.639,
                                      "Actual Rows": 25,
                                      "Actual Loops": 3,
                                      "Shared Hit Blocks": 2,
                                      "Shared Read Blocks": 1,
                                      "Shared Dirtied Blocks": 0,
                                      "Shared Written Blocks": 0,
                                      "Local Hit Blocks": 0,
                                      "Local Read Blocks": 0,
                                      "Local Dirtied Blocks": 0,
                                      "Local Written Blocks": 0,
                                      "Temp Read Blocks": 0,
                                      "Temp Written Blocks": 0,
                                      "Workers": []
                                    }
                                  ]
                                }
                              ]
                            }
                          ]
                        }
                      ]
                    }
                  ]
                }
              ]
            }
          ]
        }
      ]
    },
    "Planning": {
      "Shared Hit Blocks": 22,
      "Shared Read Blocks": 9,
      "Shared Dirtied Blocks": 0,
      "Shared Written Blocks": 0,
      "Local Hit Blocks": 0,
      "Local Read Blocks": 0,
      "Local Dirtied Blocks": 0,
      "Local Written Blocks": 0,
      "Temp Read Blocks": 0,
      "Temp Written Blocks": 0
    },
    "Planning Time": 0.868,
    "Triggers": [],
    "Execution Time": 1806.101
  }
]