{
  "Node Type": "Aggregate",
  "Strategy": "Sorted",
  "Partial Mode": "Simple",
  "Parallel Aware": false,
  "Async Capable": false,
  "Startup Cost": 159518.18,
  "Total Cost": 159518.22,
  "Plan Rows": 1,
  "Plan Width": 90,
  "Group Key": [
    "n.n_name",
    "(EXTRACT(year FROM o.o_orderdate))"
  ],
  "Plans": [
    {
      "Node Type": "Sort",
      "Parent Relationship": "Outer",
      "Parallel Aware": false,
      "Async Capable": false,
      "Startup Cost": 159518.18,
      "Total Cost": 159518.19,
      "Plan Rows": 1,
      "Plan Width": 81,
      "Sort Key": [
        "n.n_name",
        "(EXTRACT(year FROM o.o_orderdate)) DESC"
      ],
      "Sort Method": "quicksort",
      "Sort Space Used": 25,
      "Sort Space Type": "Memory",
      "Plans": [
        {
          "Node Type": "Nested Loop",
          "Parent Relationship": "Outer",
          "Parallel Aware": false,
          "Async Capable": false,
          "Join Type": "Inner",
          "Startup Cost": 6347.04,
          "Total Cost": 159518.17,
          "Plan Rows": 1,
          "Plan Width": 81,
          "Inner Unique": true,
          "Plans": [
            {
              "Node Type": "Nested Loop",
              "Parent Relationship": "Outer",
              "Parallel Aware": false,
              "Async Capable": false,
              "Join Type": "Inner",
              "Startup Cost": 6346.9,
              "Total Cost": 159518.01,
              "Plan Rows": 1,
              "Plan Width": 31,
              "Inner Unique": true,
              "Plans": [
                {
                  "Node Type": "Nested Loop",
                  "Parent Relationship": "Outer",
                  "Parallel Aware": false,
                  "Async Capable": false,
                  "Join Type": "Inner",
                  "Startup Cost": 6346.48,
                  "Total Cost": 159517.55,
                  "Plan Rows": 1,
                  "Plan Width": 35,
                  "Inner Unique": true,
                  "Plans": [
                    {
                      "Node Type": "Gather",
                      "Parent Relationship": "Outer",
                      "Parallel Aware": false,
                      "Async Capable": false,
                      "Startup Cost": 6346.19,
                      "Total Cost": 159517.24,
                      "Plan Rows": 1,
                      "Plan Width": 39,
                      "Workers Planned": 2,
                      "Workers Launched": 2,
                      "Single Copy": false,
                      "Plans": [
                        {
                          "Node Type": "Nested Loop",
                          "Parent Relationship": "Outer",
                          "Parallel Aware": false,
                          "Async Capable": false,
                          "Join Type": "Inner",
                          "Startup Cost": 5346.19,
                          "Total Cost": 158517.14,
                          "Plan Rows": 1,
                          "Plan Width": 39,
                          "Inner Unique": true,
                          "Workers": [],
                          "Plans": [
                            {
                              "Node Type": "Hash Join",
                              "Parent Relationship": "Outer",
                              "Parallel Aware": true,
                              "Async Capable": false,
                              "Join Type": "Inner",
                              "Startup Cost": 5345.77,
                              "Total Cost": 158402.61,
                              "Plan Rows": 250,
                              "Plan Width": 37,
                              "Inner Unique": true,
                              "Hash Cond": "(l.l_partkey = p.p_partkey)",
                              "Workers": [],
                              "Plans": [
                                {
                                  "Node Type": "Seq Scan",
                                  "Parent Relationship": "Outer",
                                  "Parallel Aware": true,
                                  "Async Capable": false,
                                  "Relation Name": "lineitem",
                                  "Alias": "l",
                                  "Startup Cost": 0.0,
                                  "Total Cost": 146492.49,
                                  "Plan Rows": 2500649,
                                  "Plan Width": 33,
                                  "Workers": []
                                },
                                {
                                  "Node Type": "Hash",
                                  "Parent Relationship": "Inner",
                                  "Parallel Aware": true,
                                  "Async Capable": false,
                                  "Startup Cost": 5345.67,
                                  "Total Cost": 5345.67,
                                  "Plan Rows": 8,
                                  "Plan Width": 4,
                                  "Hash Buckets": 1024,
                                  "Original Hash Buckets": 1024,
                                  "Hash Batches": 1,
                                  "Original Hash Batches": 1,
                                  "Peak Memory Usage": 0,
                                  "Workers": [],
                                  "Plans": [
                                    {
                                      "Node Type": "Seq Scan",
                                      "Parent Relationship": "Outer",
                                      "Parallel Aware": true,
                                      "Async Capable": false,
                                      "Relation Name": "part",
                                      "Alias": "p",
                                      "Startup Cost": 0.0,
                                      "Total Cost": 5345.67,
                                      "Plan Rows": 8,
                                      "Plan Width": 4,
                                      "Filter": "((p_name)::text ~~ '%tin%'::text)",
                                      "Rows Removed by Filter": 200000,
                                      "Workers": []
                                    }
                                  ]
                                }
                              ]
                            },
                            {
                              "Node Type": "Index Scan",
                              "Parent Relationship": "Inner",
                              "Parallel Aware": false,
                              "Async Capable": false,
                              "Scan Direction": "Forward",
                              "Index Name": "pk_partsupp",
                              "Relation Name": "partsupp",
                              "Alias": "ps",
                              "Startup Cost": 0.42,
                              "Total Cost": 0.46,
                              "Plan Rows": 1,
                              "Plan Width": 14,
                              "Index Cond": "((ps_partkey = l.l_partkey) AND (ps_suppkey = l.l_suppkey))",
                              "Rows Removed by Index Recheck": 0,
                              "Workers": []
                            }
                          ]
                        }
                      ]
                    },
                    {
                      "Node Type": "Index Scan",
                      "Parent Relationship": "Inner",
                      "Parallel Aware": false,
                      "Async Capable": false,
                      "Scan Direction": "Forward",
                      "Index Name": "pk_supplier",
                      "Relation Name": "supplier",
                      "Alias": "s",
                      "Startup Cost": 0.29,
                      "Total Cost": 0.3,
                      "Plan Rows": 1,
                      "Plan Width": 8,
                      "Index Cond": "(s_suppkey = l.l_suppkey)",
                      "Rows Removed by Index Recheck": 0
                    }
                  ]
                },
                {
                  "Node Type": "Index Scan",
                  "Parent Relationship": "Inner",
                  "Parallel Aware": false,
                  "Async Capable": false,
                  "Scan Direction": "Forward",
                  "Index Name": "pk_orders",
                  "Relation Name": "orders",
                  "Alias": "o",
                  "Startup Cost": 0.43,
                  "Total Cost": 0.47,
                  "Plan Rows": 1,
                  "Plan Width": 12,
                  "Index Cond": "(o_orderkey = l.l_orderkey)",
                  "Rows Removed by Index Recheck": 0
                }
              ]
            },
            {
              "Node Type": "Index Scan",
              "Parent Relationship": "Inner",
              "Parallel Aware": false,
              "Async Capable": false,
              "Scan Direction": "Forward",
              "Index Name": "pk_nation",
              "Relation Name": "nation",
              "Alias": "n",
              "Startup Cost": 0.14,
              "Total Cost": 0.16,
              "Plan Rows": 1,
              "Plan Width": 30,
              "Index Cond": "(n_nationkey = s.s_nationkey)",
              "Rows Removed by Index Recheck": 0
            }
          ]
        }
      ]
    }
  ]
}