[
  {
    "Plan": {
      "Node Type": "Aggregate",
      "Strategy": "Sorted",
      "Partial Mode": "Finalize",
      "Parallel Aware": false,
      "Async Capable": false,
      "Startup Cost": 131940.71,
      "Total Cost": 132287.93,
      "Plan Rows": 2406,
      "Plan Width": 64,
      "Actual Startup Time": 1621.846,
      "Actual Total Time": 1632.015,
      "Actual Rows": 2,
      "Actual Loops": 1,
      "Group Key": [
        "(EXTRACT(year FROM o.o_orderdate))"
      ],
      "Shared Hit Blocks": 292507,
      "Shared Read Blocks": 123192,
      "Shared Dirtied Blocks": 0,
      "Shared Written Blocks": 0,
      "Local Hit Blocks": 0,
      "Local Read Blocks": 0,
      "Local Dirtied Blocks": 0,
      "Local Written Blocks": 0,
      "Temp Read Blocks": 0,
      "Temp Written Blocks": 0,
      "Plans": [
        {
          "Node Type": "Gather Merge",
          "Parent Relationship": "Outer",
          "Parallel Aware": false,
          "Async Capable": false,
          "Startup Cost": 131940.71,
          "Total Cost": 132214.54,
          "Plan Rows": 2022,
          "Plan Width": 96,
          "Actual Startup Time": 1621.561,
          "Actual Total Time": 1631.996,
          "Actual Rows": 6,
          "Actual Loops": 1,
          "Workers Planned": 2,
          "Workers Launched": 2,
          "Shared Hit Blocks": 292507,
          "Shared Read Blocks": 123192,
          "Shared Dirtied Blocks": 0,
          "Shared Written Blocks": 0,
          "Local Hit Blocks": 0,
          "Local Read Blocks": 0,
          "Local Dirtied Blocks": 0,
          "Local Written Blocks": 0,
          "Temp Read Blocks": 0,
          "Temp Written Blocks": 0,
          "Plans": [
            {
              "Node Type": "Aggregate",
              "Strategy": "Sorted",
              "Partial Mode": "Partial",
              "Parent Relationship": "Outer",
              "Parallel Aware": false,
              "Async Capable": false,
              "Startup Cost": 130940.69,
              "Total Cost": 130981.13,
              "Plan Rows": 1011,
              "Plan Width": 96,
              "Actual Startup Time": 1567.917,
              "Actual Total Time": 1568.191,
              "Actual Rows": 2,
              "Actual Loops": 3,
              "Group Key": [
                "(EXTRACT(year FROM o.o_orderdate))"
              ],
              "Shared Hit Blocks": 292507,
              "Shared Read Blocks": 123192,
              "Shared Dirtied Blocks": 0,
              "Shared Written Blocks": 0,
              "Local Hit Blocks": 0,
              "Local Read Blocks": 0,
              "Local Dirtied Blocks": 0,
              "Local Written Blocks": 0,
              "Temp Read Blocks": 0,
              "Temp Written Blocks": 0,
              "Workers": [],
              "Plans": [
                {
                  "Node Type": "Sort",
                  "Parent Relationship": "Outer",
                  "Parallel Aware": false,
                  "Async Capable": false,
                  "Startup Cost": 130940.69,
                  "Total Cost": 130943.21,
                  "Plan Rows": 1011,
                  "Plan Width": 70,
                  "Actual Startup Time": 1567.599,
                  "Actual Total Time": 1567.657,
                  "Actual Rows": 745,
                  "Actual Loops": 3,
                  "Sort Key": [
                    "(EXTRACT(year FROM o.o_orderdate))"
                  ],
                  "Sort Method": "quicksort",
                  "Sort Space Used": 73,
                  "Sort Space Type": "Memory",
                  "Shared Hit Blocks": 292507,
                  "Shared Read Blocks": 123192,
                  "Shared Dirtied Blocks": 0,
                  "Shared Written Blocks": 0,
                  "Local Hit Blocks": 0,
                  "Local Read Blocks": 0,
                  "Local Dirtied Blocks": 0,
                  "Local Written Blocks": 0,
                  "Temp Read Blocks": 0,
                  "Temp Written Blocks": 0,
                  "Workers": [
                    {
                      "Worker Number": 0,
                      "Sort Method": "quicksort",
                      "Sort Space Used": 69,
                      "Sort Space Type": "Memory"
                    },
                    {
                      "Worker Number": 1,
                      "Sort Method": "quicksort",
                      "Sort Space Used": 72,
                      "Sort Space Type": "Memory"
                    }
                  ],
                  "Plans": [
                    {
                      "Node Type": "Hash Join",
                      "Parent Relationship": "Outer",
                      "Parallel Aware": false,
                      "Async Capable": false,
                      "Join Type": "Inner",
                      "Startup Cost": 10243.01,
                      "Total Cost": 130890.23,
                      "Plan Rows": 1011,
                      "Plan Width": 70,
                      "Actual Startup Time": 53.042,
                      "Actual Total Time": 1565.5,
                      "Actual Rows": 745,
                      "Actual Loops": 3,
                      "Inner Unique": true,
                      "Hash Cond": "(s.s_nationkey = n2.n_nationkey)",
                      "Shared Hit Blocks": 292495,
                      "Shared Read Blocks": 123190,
                      "Shared Dirtied Blocks": 0,
                      "Shared Written Blocks": 0,
                      "Local Hit Blocks": 0,
                      "Local Read Blocks": 0,
                      "Local Dirtied Blocks": 0,
                      "Local Written Blocks": 0,
                      "Temp Read Blocks": 0,
                      "Temp Written Blocks": 0,
                      "Workers": [],
                      "Plans": [
                        {
                          "Node Type": "Nested Loop",
                          "Parent Relationship": "Outer",
                          "Parallel Aware": false,
                          "Async Capable": false,
                          "Join Type": "Inner",
                          "Startup Cost": 10241.44,
                          "Total Cost": 130883.04,
                          "Plan Rows": 1011,
                          "Plan Width": 20,
                          "Actual Startup Time": 52.244,
                          "Actual Total Time": 1561.805,
                          "Actual Rows": 745,
                          "Actual Loops": 3,
                          "Inner Unique": true,
                          "Shared Hit Blocks": 292464,
                          "Shared Read Blocks": 123190,
                          "Shared Dirtied Blocks": 0,
                          "Shared Written Blocks": 0,
                          "Local Hit Blocks": 0,
                          "Local Read Blocks": 0,
                          "Local Dirtied Blocks": 0,
                          "Local Written Blocks": 0,
                          "Temp Read Blocks": 0,
                          "Temp Written Blocks": 0,
                          "Workers": [],
                          "Plans": [
                            {
                              "Node Type": "Hash Join",
                              "Parent Relationship": "Outer",
                              "Parallel Aware": true,
                              "Async Capable": false,
                              "Join Type": "Inner",
                              "Startup Cost": 10241.16,
                              "Total Cost": 130577.04,
                              "Plan Rows": 1011,
                              "Plan Width": 20,
                              "Actual Startup Time": 51.984,
                              "Actual Total Time": 1551.831,
                              "Actual Rows": 745,
                              "Actual Loops": 3,
                              "Inner Unique": true,
                              "Hash Cond": "(l.l_partkey = p.p_partkey)",
                              "Shared Hit Blocks": 286176,
                              "Shared Read Blocks": 122774,
                              "Shared Dirtied Blocks": 0,
                              "Shared Written Blocks": 0,
                              "Local Hit Blocks": 0,
                              "Local Read Blocks": 0,
                              "Local Dirtied Blocks": 0,
                              "Local Written Blocks": 0,
                              "Temp Read Blocks": 0,
                              "Temp Written Blocks": 0,
                              "Workers": [],
                              "Plans": [
                                {
                                  "Node Type": "Nested Loop",
                                  "Parent Relationship": "Outer",
                                  "Parallel Aware": false,
                                  "Async Capable": false,
                                  "Join Type": "Inner",
                                  "Startup Cost": 4888.57,
                                  "Total Cost": 124825.3,
                                  "Plan Rows": 152054,
                                  "Plan Width": 24,
                                  "Actual Startup Time": 21.54,
                                  "Actual Total Time": 1489.349,
                                  "Actual Rows": 122382,
                                  "Actual Loops": 3,
                                  "Inner Unique": false,
                                  "Shared Hit Blocks": 286076,
                                  "Shared Read Blocks": 118570,
                                  "Shared Dirtied Blocks": 0,
                                  "Shared Written Blocks": 0,
                                  "Local Hit Blocks": 0,
                                  "Local Read Blocks": 0,
                                  "Local Dirtied Blocks": 0,
                                  "Local Written Blocks": 0,
                                  "Temp Read Blocks": 0,
                                  "Temp Written Blocks": 0,
                                  "Workers": [],
                                  "Plans": [
                                    {
                                      "Node Type": "Hash Join",
                                      "Parent Relationship": "Outer",
                                      "Parallel Aware": true,
                                      "Async Capable": false,
                                      "Join Type": "Inner",
                                      "Startup Cost": 4888.13,
                                      "Total Cost": 43472.05,
                                      "Plan Rows": 38004,
                                      "Plan Width": 12,
                                      "Actual Startup Time": 20.434,
                                      "Actual Total Time": 343.681,
                                      "Actual Rows": 30569,
                                      "Actual Loops": 3,
                                      "Inner Unique": false,
                                      "Hash Cond": "(o.o_custkey = c.c_custkey)",
                                      "Shared Hit Blocks": 3861,
                                      "Shared Read Blocks": 28228,
                                      "Shared Dirtied Blocks": 0,
                                      "Shared Written Blocks": 0,
                                      "Local Hit Blocks": 0,
                                      "Local Read Blocks": 0,
                                      "Local Dirtied Blocks": 0,
                                      "Local Written Blocks": 0,
                                      "Temp Read Blocks": 0,
                                      "Temp Written Blocks": 0,
                                      "Workers": [],
                                      "Plans": [
                                        {
                                          "Node Type": "Seq Scan",
                                          "Parent Relationship": "Outer",
                                          "Parallel Aware": true,
                                          "Async Capable": false,
                                          "Relation Name": "orders",
                                          "Alias": "o",
                                          "Startup Cost": 0.0,
                                          "Total Cost": 37713.0,
                                          "Plan Rows": 190018,
                                          "Plan Width": 16,
                                          "Actual Startup Time": 0.866,
                                          "Actual Total Time": 242.053,
                                          "Actual Rows": 152421,
                                          "Actual Loops": 3,
                                          "Filter": "((o_orderdate >= '1995-01-01'::date) AND (o_orderdate <= '1996-12-31'::date))",
                                          "Rows Removed by Filter": 347579,
                                          "Shared Hit Blocks": 110,
                                          "Shared Read Blocks": 28228,
                                          "Shared Dirtied Blocks": 0,
                                          "Shared Written Blocks": 0,
                                          "Local Hit Blocks": 0,
                                          "Local Read Blocks": 0,
                                          "Local Dirtied Blocks": 0,
                                          "Local Written Blocks": 0,
                                          "Temp Read Blocks": 0,
                                          "Temp Written Blocks": 0,
                                          "Workers": []
                                        },
                                        {
                                          "Node Type": "Hash",
                                          "Parent Relationship": "Inner",
                                          "Parallel Aware": true,
                                          "Async Capable": false,
                                          "Startup Cost": 4731.88,
                                          "Total Cost": 4731.88,
                                          "Plan Rows": 12500,
                                          "Plan Width": 4,
                                          "Actual Startup Time": 19.434,
                                          "Actual Total Time": 19.439,
                                          "Actual Rows": 10061,
                                          "Actual Loops": 3,
                                          "Hash Buckets": 32768,
                                          "Original Hash Buckets": 32768,
                                          "Hash Batches": 1,
                                          "Original Hash Batches": 1,
                                          "Peak Memory Usage": 1472,
                                          "Shared Hit Blocks": 3751,
                                          "Shared Read Blocks": 0,
                                          "Shared Dirtied Blocks": 0,
                                          "Shared Written Blocks": 0,
                                          "Local Hit Blocks": 0,
                                          "Local Read Blocks": 0,
                                          "Local Dirtied Blocks": 0,
                                          "Local Written Blocks": 0,
                                          "Temp Read Blocks": 0,
                                          "Temp Written Blocks": 0,
                                          "Workers": [],
                                          "Plans": [
                                            {
                                              "Node Type": "Hash Join",
                                              "Parent Relationship": "Outer",
                                              "Parallel Aware": false,
                                              "Async Capable": false,
                                              "Join Type": "Inner",
                                              "Startup Cost": 2.51,
                                              "Total Cost": 4731.88,
                                              "Plan Rows": 12500,
                                              "Plan Width": 4,
                                              "Actual Startup Time": 0.739,
                                              "Actual Total Time": 16.847,
                                              "Actual Rows": 10061,
                                              "Actual Loops": 3,
                                              "Inner Unique": false,
                                              "Hash Cond": "(c.c_nationkey = n1.n_nationkey)",
                                              "Shared Hit Blocks": 3751,
                                              "Shared Read Blocks": 0,
                                              "Shared Dirtied Blocks": 0,
                                              "Shared Written Blocks": 0,
                                              "Local Hit Blocks": 0,
                                              "Local Read Blocks": 0,
                                              "Local Dirtied Blocks": 0,
                                              "Local Written Blocks": 0,
                                              "Temp Read Blocks": 0,
                                              "Temp Written Blocks": 0,
                                              "Workers": [],
                                              "Plans": [
                                                {
                                                  "Node Type": "Seq Scan",
                                                  "Parent Relationship": "Outer",
                                                  "Parallel Aware": true,
                                                  "Async Capable": false,
                                                  "Relation Name": "customer",
                                                  "Alias": "c",
                                                  "Startup Cost": 0.0,
                                                  "Total Cost": 4370.0,
                                                  "Plan Rows": 62500,
                                                  "Plan Width": 8,
                                                  "Actual Startup Time": 0.01,
                                                  "Actual Total Time": 6.2,
                                                  "Actual Rows": 50000,
                                                  "Actual Loops": 3,
                                                  "Shared Hit Blocks": 3745,
                                                  "Shared Read Blocks": 0,
                                                  "Shared Dirtied Blocks": 0,
                                                  "Shared Written Blocks": 0,
                                                  "Local Hit Blocks": 0,
                                                  "Local Read Blocks": 0,
                                                  "Local Dirtied Blocks": 0,
                                                  "Local Written Blocks": 0,
                                                  "Temp Read Blocks": 0,
                                                  "Temp Written Blocks": 0,
                                                  "Workers": []
                                                },
                                                {
                                                  "Node Type": "Hash",
                                                  "Parent Relationship": "Inner",
                                                  "Parallel Aware": false,
                                                  "Async Capable": false,
                                                  "Startup Cost": 2.45,
                                                  "Total Cost": 2.45,
                                                  "Plan Rows": 5,
                                                  "Plan Width": 4,
                                                  "Actual Startup Time": 0.715,
                                                  "Actual Total Time": 0.718,
                                                  "Actual Rows": 5,
                                                  "Actual Loops": 3,
                                                  "Hash Buckets": 1024,
                                                  "Original Hash Buckets": 1024,
                                                  "Hash Batches": 1,
                                                  "Original Hash Batches": 1,
                                                  "Peak Memory Usage": 9,
                                                  "Shared Hit Blocks": 6,
                                                  "Shared Read Blocks": 0,
                                                  "Shared Dirtied Blocks": 0,
                                                  "Shared Written Blocks": 0,
                                                  "Local Hit Blocks": 0,
                                                  "Local Read Blocks": 0,
                                                  "Local Dirtied Blocks": 0,
                                                  "Local Written Blocks": 0,
                                                  "Temp Read Blocks": 0,
                                                  "Temp Written Blocks": 0,
                                                  "Workers": [],
                                                  "Plans": [
                                                    {
                                                      "Node Type": "Hash Join",
                                                      "Parent Relationship": "Outer",
                                                      "Parallel Aware": false,
                                                      "Async Capable": false,
                                                      "Join Type": "Inner",
                                                      "Startup Cost": 1.07,
                                                      "Total Cost": 2.45,
                                                      "Plan Rows": 5,
                                                      "Plan Width": 4,
                                                      "Actual Startup Time": 0.702,
                                                      "Actual Total Time": 0.71,
                                                      "Actual Rows": 5,
                                                      "Actual Loops": 3,
                                                      "Inner Unique": true,
                                                      "Hash Cond": "(n1.n_regionkey = r.r_regionkey)",
                                                      "Shared Hit Blocks": 6,
                                                      "Shared Read Blocks": 0,
                                                      "Shared Dirtied Blocks": 0,
                                                      "Shared Written Blocks": 0,
                                                      "Local Hit Blocks": 0,
                                                      "Local Read Blocks": 0,
                                                      "Local Dirtied Blocks": 0,
                                                      "Local Written Blocks": 0,
                                                      "Temp Read Blocks": 0,
                                                      "Temp Written Blocks": 0,
                                                      "Workers": [],
                                                      "Plans": [
                                                        {
                                                          "Node Type": "Seq Scan",
                                                          "Parent Relationship": "Outer",
                                                          "Parallel Aware": false,
                                                          "Async Capable": false,
                                                          "Relation Name": "nation",
                                                          "Alias": "n1",
                                                          "Startup Cost": 0.0,
                                                          "Total Cost": 1.25,
                                                          "Plan Rows": 25,
                                                          "Plan Width": 8,
                                                          "Actual Startup Time": 0.014,
                                                          "Actual Total Time": 0.017,
                                                          "Actual Rows": 25,
                                                          "Actual Loops": 3,
                                                          "Shared Hit Blocks": 3,
                                                          "Shared Read Blocks": 0,
                                                          "Shared Dirtied Blocks": 0,
                                                          "Shared Written Blocks": 0,
                                                          "Local Hit Blocks": 0,
                                                          "Local Read Blocks": 0,
                                                          "Local Dirtied Blocks": 0,
                                                          "Local Written Blocks": 0,
                                                          "Temp Read Blocks": 0,
                                                          "Temp Written Blocks": 0,
                                                          "Workers": []
                                                        },
                                                        {
                                                          "Node Type": "Hash",
                                                          "Parent Relationship": "Inner",
                                                          "Parallel Aware": false,
                                                          "Async Capable": false,
                                                          "Startup Cost": 1.06,
                                                          "Total Cost": 1.06,
                                                          "Plan Rows": 1,
                                                          "Plan Width": 4,
                                                          "Actual Startup Time": 0.671,
                                                          "Actual Total Time": 0.672,
                                                          "Actual Rows": 1,
                                                          "Actual Loops": 3,
                                                          "Hash Buckets": 1024,
                                                          "Original Hash Buckets": 1024,
                                                          "Hash Batches": 1,
                                                          "Original Hash Batches": 1,
                                                          "Peak Memory Usage": 9,
                                                          "Shared Hit Blocks": 3,
                                                          "Shared Read Blocks": 0,
                                                          "Shared Dirtied Blocks": 0,
                                                          "Shared Written Blocks": 0,
                                                          "Local Hit Blocks": 0,
                                                          "Local Read Blocks": 0,
                                                          "Local Dirtied Blocks": 0,
                                                          "Local Written Blocks": 0,
                                                          "Temp Read Blocks": 0,
                                                          "Temp Written Blocks": 0,
                                                          "Workers": [],
                                                          "Plans": [
                                                            {
                                                              "Node Type": "Seq Scan",
                                                              "Parent Relationship": "Outer",
                                                              "Parallel Aware": false,
                                                              "Async Capable": false,
                                                              "Relation Name": "region",
                                                              "Alias": "r",
                                                              "Startup Cost": 0.0,
                                                              "Total Cost": 1.06,
                                                              "Plan Rows": 1,
                                                              "Plan Width": 4,
                                                              "Actual Startup Time": 0.659,
                                                              "Actual Total Time": 0.661,
                                                              "Actual Rows": 1,
                                                              "Actual Loops": 3,
                                                              "Filter": "(r_name = 'ASIA'::bpchar)",
                                                              "Rows Removed by Filter": 4,
                                                              "Shared Hit Blocks": 3,
                                                              "Shared Read Blocks": 0,
                                                              "Shared Dirtied Blocks": 0,
                                                              "Shared Written Blocks": 0,
                                                              "Local Hit Blocks": 0,
                                                              "Local Read Blocks": 0,
                                                              "Local Dirtied Blocks": 0,
                                                              "Local Written Blocks": 0,
                                                              "Temp Read Blocks": 0,
                                                              "Temp Written Blocks": 0,
                                                              "Workers": []
                                                            }
                                                          ]
                                                        }
                                                      ]
                                                    }
                                                  ]
                                                }
                                              ]
                                            }
                                          ]
                                        }
                                      ]
                                    },
                                    {
                                      "Node Type": "Index Scan",
                                      "Parent Relationship": "Inner",
                                      "Parallel Aware": false,
                                      "Async Capable": false,
                                      "Scan Direction": "Forward",
                                      "Index Name": "pk_lineitem",
                                      "Relation Name": "lineitem",
                                      "Alias": "l",
                                      "Startup Cost": 0.43,
                                      "Total Cost": 1.98,
                                      "Plan Rows": 16,
                                      "Plan Width": 28,
                                      "Actual Startup Time": 0.033,
                                      "Actual Total Time": 0.036,
                                      "Actual Rows": 4,
                                      "Actual Loops": 91707,
                                      "Index Cond": "(l_orderkey = o.o_orderkey)",
                                      "Rows Removed by Index Recheck": 0,
                                      "Shared Hit Blocks": 282215,
                                      "Shared Read Blocks": 90342,
                                      "Shared Dirtied Blocks": 0,
                                      "Shared Written Blocks": 0,
                                      "Local Hit Blocks": 0,
                                      "Local Read Blocks": 0,
                                      "Local Dirtied Blocks": 0,
                                      "Local Written Blocks": 0,
                                      "Temp Read Blocks": 0,
                                      "Temp Written Blocks": 0,
                                      "Workers": []
                                    }
                                  ]
                                },
                                {
                                  "Node Type": "Hash",
                                  "Parent Relationship": "Inner",
                                  "Parallel Aware": true,
                                  "Async Capable": false,
                                  "Startup Cost": 5345.67,
                                  "Total Cost": 5345.67,
                                  "Plan Rows": 554,
                                  "Plan Width": 4,
                                  "Actual Startup Time": 27.277,
                                  "Actual Total Time": 27.278,
                                  "Actual Rows": 430,
                                  "Actual Loops": 3,
                                  "Hash Buckets": 2048,
                                  "Original Hash Buckets": 2048,
                                  "Hash Batches": 1,
                                  "Original Hash Batches": 1,
                                  "Peak Memory Usage": 112,
                                  "Shared Hit Blocks": 100,
                                  "Shared Read Blocks": 4204,
                                  "Shared Dirtied Blocks": 0,
                                  "Shared Written Blocks": 0,
                                  "Local Hit Blocks": 0,
                                  "Local Read Blocks": 0,
                                  "Local Dirtied Blocks": 0,
                                  "Local Written Blocks": 0,
                                  "Temp Read Blocks": 0,
                                  "Temp Written Blocks": 0,
                                  "Workers": [],
                                  "Plans": [
                                    {
                                      "Node Type": "Seq Scan",
                                      "Parent Relationship": "Outer",
                                      "Parallel Aware": true,
                                      "Async Capable": false,
                                      "Relation Name": "part",
                                      "Alias": "p",
                                      "Startup Cost": 0.0,
                                      "Total Cost": 5345.67,
                                      "Plan Rows": 554,
                                      "Plan Width": 4,
                                      "Actual Startup Time": 0.574,
                                      "Actual Total Time": 40.384,
                                      "Actual Rows": 645,
                                      "Actual Loops": 2,
                                      "Filter": "((p_type)::text = 'LARGE PLATED TIN'::text)",
                                      "Rows Removed by Filter": 99355,
                                      "Shared Hit Blocks": 100,
                                      "Shared Read Blocks": 4204,
                                      "Shared Dirtied Blocks": 0,
                                      "Shared Written Blocks": 0,
                                      "Local Hit Blocks": 0,
                                      "Local Read Blocks": 0,
                                      "Local Dirtied Blocks": 0,
                                      "Local Written Blocks": 0,
                                      "Temp Read Blocks": 0,
                                      "Temp Written Blocks": 0,
                                      "Workers": []
                                    }
                                  ]
                                }
                              ]
                            },
                            {
                              "Node Type": "Index Scan",
                              "Parent Relationship": "Inner",
                              "Parallel Aware": false,
                              "Async Capable": false,
                              "Scan Direction": "Forward",
                              "Index Name": "pk_supplier",
                              "Relation Name": "supplier",
                              "Alias": "s",
                              "Startup Cost": 0.29,
                              "Total Cost": 0.3,
                              "Plan Rows": 1,
                              "Plan Width": 8,
                              "Actual Startup Time": 0.011,
                              "Actual Total Time": 0.011,
                              "Actual Rows": 1,
                              "Actual Loops": 2234,
                              "Index Cond": "(s_suppkey = l.l_suppkey)",
                              "Rows Removed by Index Recheck": 0,
                              "Shared Hit Blocks": 6288,
                              "Shared Read Blocks": 416,
                              "Shared Dirtied Blocks": 0,
                              "Shared Written Blocks": 0,
                              "Local Hit Blocks": 0,
                              "Local Read Blocks": 0,
                              "Local Dirtied Blocks": 0,
                              "Local Written Blocks": 0,
                              "Temp Read Blocks": 0,
                              "Temp Written Blocks": 0,
                              "Workers": []
                            }
                          ]
                        },
                        {
                          "Node Type": "Hash",
                          "Parent Relationship": "Inner",
                          "Parallel Aware": false,
                          "Async Capable": false,
                          "Startup Cost": 1.25,
                          "Total Cost": 1.25,
                          "Plan Rows": 25,
                          "Plan Width": 30,
                          "Actual Startup Time": 0.737,
                          "Actual Total Time": 0.738,
                          "Actual Rows": 25,
                          "Actual Loops": 3,
                          "Hash Buckets": 1024,
                          "Original Hash Buckets": 1024,
                          "Hash Batches": 1,
                          "Original Hash Batches": 1,
                          "Peak Memory Usage": 10,
                          "Shared Hit Blocks": 3,
                          "Shared Read Blocks": 0,
                          "Shared Dirtied Blocks": 0,
                          "Shared Written Blocks": 0,
                          "Local Hit Blocks": 0,
                          "Local Read Blocks": 0,
                          "Local Dirtied Blocks": 0,
                          "Local Written Blocks": 0,
                          "Temp Read Blocks": 0,
                          "Temp Written Blocks": 0,
                          "Workers": [],
                          "Plans": [
                            {
                              "Node Type": "Seq Scan",
                              "Parent Relationship": "Outer",
                              "Parallel Aware": false,
                              "Async Capable": false,
                              "Relation Name": "nation",
                              "Alias": "n2",
                              "Startup Cost": 0.0,
                              "Total Cost": 1.25,
                              "Plan Rows": 25,
                              "Plan Width": 30,
                              "Actual Startup Time": 0.712,
                              "Actual Total Time": 0.717,
                              "Actual Rows": 25,
                              "Actual Loops": 3,
                              "Shared Hit Blocks": 3,
                              "Shared Read Blocks": 0,
                              "Shared Dirtied Blocks": 0,
                              "Shared Written Blocks": 0,
                              "Local Hit Blocks": 0,
                              "Local Read Blocks": 0,
                              "Local Dirtied Blocks": 0,
                              "Local Written Blocks": 0,
                              "Temp Read Blocks": 0,
                              "Temp Written Blocks": 0,
                              "Workers": []
                            }
                          ]
                        }
                      ]
                    }
                  ]
                }
              ]
            }
          ]
        }
      ]
    },
    "Planning": {
      "Shared Hit Blocks": 50,
      "Shared Read Blocks": 0,
      "Shared Dirtied Blocks": 0,
      "Shared Written Blocks": 0,
      "Local Hit Blocks": 0,
      "Local Read Blocks": 0,
      "Local Dirtied Blocks": 0,
      "Local Written Blocks": 0,
      "Temp Read Blocks": 0,
      "Temp Written Blocks": 0
    },
    "Planning Time": 1.565,
    "Triggers": [],
    "Execution Time": 1632.281
  }
]