[
  {
    "Plan": {
      "Node Type": "Group",
      "Parallel Aware": false,
      "Async Capable": false,
      "Startup Cost": 124073.46,
      "Total Cost": 124927.87,
      "Plan Rows": 7488,
      "Plan Width": 43,
      "Actual Startup Time": 2672.878,
      "Actual Total Time": 2842.645,
      "Actual Rows": 109124,
      "Actual Loops": 1,
      "Group Key": [
        "(\"substring\"((c.c_address)::text, (length((c.c_address)::text) - 4)))",
        "p.p_brand"
      ],
      "Shared Hit Blocks": 1255238,
      "Shared Read Blocks": 166640,
      "Shared Dirtied Blocks": 0,
      "Shared Written Blocks": 0,
      "Local Hit Blocks": 0,
      "Local Read Blocks": 0,
      "Local Dirtied Blocks": 0,
      "Local Written Blocks": 0,
      "Temp Read Blocks": 0,
      "Temp Written Blocks": 0,
      "Plans": [
        {
          "Node Type": "Gather Merge",
          "Parent Relationship": "Outer",
          "Parallel Aware": false,
          "Async Capable": false,
          "Startup Cost": 124073.46,
          "Total Cost": 124840.51,
          "Plan Rows": 6240,
          "Plan Width": 43,
          "Actual Startup Time": 2672.875,
          "Actual Total Time": 2812.101,
          "Actual Rows": 109125,
          "Actual Loops": 1,
          "Workers Planned": 2,
          "Workers Launched": 2,
          "Shared Hit Blocks": 1255238,
          "Shared Read Blocks": 166640,
          "Shared Dirtied Blocks": 0,
          "Shared Written Blocks": 0,
          "Local Hit Blocks": 0,
          "Local Read Blocks": 0,
          "Local Dirtied Blocks": 0,
          "Local Written Blocks": 0,
          "Temp Read Blocks": 0,
          "Temp Written Blocks": 0,
          "Plans": [
            {
              "Node Type": "Group",
              "Parent Relationship": "Outer",
              "Parallel Aware": false,
              "Async Capable": false,
              "Startup Cost": 123073.44,
              "Total Cost": 123120.24,
              "Plan Rows": 3120,
              "Plan Width": 43,
              "Actual Startup Time": 2592.054,
              "Actual Total Time": 2607.078,
              "Actual Rows": 36375,
              "Actual Loops": 3,
              "Group Key": [
                "(\"substring\"((c.c_address)::text, (length((c.c_address)::text) - 4)))",
                "p.p_brand"
              ],
              "Shared Hit Blocks": 1255238,
              "Shared Read Blocks": 166640,
              "Shared Dirtied Blocks": 0,
              "Shared Written Blocks": 0,
              "Local Hit Blocks": 0,
              "Local Read Blocks": 0,
              "Local Dirtied Blocks": 0,
              "Local Written Blocks": 0,
              "Temp Read Blocks": 0,
              "Temp Written Blocks": 0,
              "Workers": [],
              "Plans": [
                {
                  "Node Type": "Sort",
                  "Parent Relationship": "Outer",
                  "Parallel Aware": false,
                  "Async Capable": false,
                  "Startup Cost": 123073.44,
                  "Total Cost": 123081.24,
                  "Plan Rows": 3120,
                  "Plan Width": 43,
                  "Actual Startup Time": 2592.05,
                  "Actual Total Time": 2596.723,
                  "Actual Rows": 38406,
                  "Actual Loops": 3,
                  "Sort Key": [
                    "(\"substring\"((c.c_address)::text, (length((c.c_address)::text) - 4)))",
                    "p.p_brand"
                  ],
                  "Sort Method": "quicksort",
                  "Sort Space Used": 2937,
                  "Sort Space Type": "Memory",
                  "Shared Hit Blocks": 1255238,
                  "Shared Read Blocks": 166640,
                  "Shared Dirtied Blocks": 0,
                  "Shared Written Blocks": 0,
                  "Local Hit Blocks": 0,
                  "Local Read Blocks": 0,
                  "Local Dirtied Blocks": 0,
                  "Local Written Blocks": 0,
                  "Temp Read Blocks": 0,
                  "Temp Written Blocks": 0,
                  "Workers": [
                    {
                      "Worker Number": 0,
                      "Sort Method": "quicksort",
                      "Sort Space Used": 3017,
                      "Sort Space Type": "Memory"
                    },
                    {
                      "Worker Number": 1,
                      "Sort Method": "quicksort",
                      "Sort Space Used": 3156,
                      "Sort Space Type": "Memory"
                    }
                  ],
                  "Plans": [
                    {
                      "Node Type": "Nested Loop",
                      "Parent Relationship": "Outer",
                      "Parallel Aware": false,
                      "Async Capable": false,
                      "Join Type": "Inner",
                      "Startup Cost": 116377.8,
                      "Total Cost": 122892.36,
                      "Plan Rows": 3120,
                      "Plan Width": 43,
                      "Actual Startup Time": 2106.024,
                      "Actual Total Time": 2386.488,
                      "Actual Rows": 38406,
                      "Actual Loops": 3,
                      "Inner Unique": true,
                      "Shared Hit Blocks": 1255213,
                      "Shared Read Blocks": 166635,
                      "Shared Dirtied Blocks": 0,
                      "Shared Written Blocks": 0,
                      "Local Hit Blocks": 0,
                      "Local Read Blocks": 0,
                      "Local Dirtied Blocks": 0,
                      "Local Written Blocks": 0,
                      "Temp Read Blocks": 0,
                      "Temp Written Blocks": 0,
                      "Workers": [],
                      "Plans": [
                        {
                          "Node Type": "Hash Join",
                          "Parent Relationship": "Outer",
                          "Parallel Aware": true,
                          "Async Capable": false,
                          "Join Type": "Inner",
                          "Startup Cost": 116377.38,
                          "Total Cost": 121463.5,
                          "Plan Rows": 3120,
                          "Plan Width": 29,
                          "Actual Startup Time": 2105.115,
                          "Actual Total Time": 2162.0,
                          "Actual Rows": 38406,
                          "Actual Loops": 3,
                          "Inner Unique": false,
                          "Hash Cond": "(c.c_custkey = o.o_custkey)",
                          "Shared Hit Blocks": 799196,
                          "Shared Read Blocks": 161774,
                          "Shared Dirtied Blocks": 0,
                          "Shared Written Blocks": 0,
                          "Local Hit Blocks": 0,
                          "Local Read Blocks": 0,
                          "Local Dirtied Blocks": 0,
                          "Local Written Blocks": 0,
                          "Temp Read Blocks": 0,
                          "Temp Written Blocks": 0,
                          "Workers": [],
                          "Plans": [
                            {
                              "Node Type": "Seq Scan",
                              "Parent Relationship": "Outer",
                              "Parallel Aware": true,
                              "Async Capable": false,
                              "Relation Name": "customer",
                              "Alias": "c",
                              "Startup Cost": 0.0,
                              "Total Cost": 4370.0,
                              "Plan Rows": 62500,
                              "Plan Width": 29,
                              "Actual Startup Time": 1.066,
                              "Actual Total Time": 20.501,
                              "Actual Rows": 50000,
                              "Actual Loops": 3,
                              "Shared Hit Blocks": 40,
                              "Shared Read Blocks": 3705,
                              "Shared Dirtied Blocks": 0,
                              "Shared Written Blocks": 0,
                              "Local Hit Blocks": 0,
                              "Local Read Blocks": 0,
                              "Local Dirtied Blocks": 0,
                              "Local Written Blocks": 0,
                              "Temp Read Blocks": 0,
                              "Temp Written Blocks": 0,
                              "Workers": []
                            },
                            {
                              "Node Type": "Hash",
                              "Parent Relationship": "Inner",
                              "Parallel Aware": true,
                              "Async Capable": false,
                              "Startup Cost": 116338.38,
                              "Total Cost": 116338.38,
                              "Plan Rows": 3120,
                              "Plan Width": 8,
                              "Actual Startup Time": 2103.106,
                              "Actual Total Time": 2103.108,
                              "Actual Rows": 38406,
                              "Actual Loops": 3,
                              "Hash Buckets": 131072,
                              "Original Hash Buckets": 8192,
                              "Hash Batches": 1,
                              "Original Hash Batches": 1,
                              "Peak Memory Usage": 6560,
                              "Shared Hit Blocks": 799103,
                              "Shared Read Blocks": 158064,
                              "Shared Dirtied Blocks": 0,
                              "Shared Written Blocks": 0,
                              "Local Hit Blocks": 0,
                              "Local Read Blocks": 0,
                              "Local Dirtied Blocks": 0,
                              "Local Written Blocks": 0,
                              "Temp Read Blocks": 0,
                              "Temp Written Blocks": 0,
                              "Workers": [],
                              "Plans": [
                                {
                                  "Node Type": "Nested Loop",
                                  "Parent Relationship": "Outer",
                                  "Parallel Aware": false,
                                  "Async Capable": false,
                                  "Join Type": "Inner",
                                  "Startup Cost": 0.43,
                                  "Total Cost": 116338.38,
                                  "Plan Rows": 3120,
                                  "Plan Width": 8,
                                  "Actual Startup Time": 2.783,
                                  "Actual Total Time": 2042.794,
                                  "Actual Rows": 38406,
                                  "Actual Loops": 3,
                                  "Inner Unique": false,
                                  "Shared Hit Blocks": 799103,
                                  "Shared Read Blocks": 158064,
                                  "Shared Dirtied Blocks": 0,
                                  "Shared Written Blocks": 0,
                                  "Local Hit Blocks": 0,
                                  "Local Read Blocks": 0,
                                  "Local Dirtied Blocks": 0,
                                  "Local Written Blocks": 0,
                                  "Temp Read Blocks": 0,
                                  "Temp Written Blocks": 0,
                                  "Workers": [],
                                  "Plans": [
                                    {
                                      "Node Type": "Seq Scan",
                                      "Parent Relationship": "Outer",
                                      "Parallel Aware": true,
                                      "Async Capable": false,
                                      "Relation Name": "orders",
                                      "Alias": "o",
                                      "Startup Cost": 0.0,
                                      "Total Cost": 37713.0,
                                      "Plan Rows": 3125,
                                      "Plan Width": 12,
                                      "Actual Startup Time": 1.39,
                                      "Actual Total Time": 322.365,
                                      "Actual Rows": 76212,
                                      "Actual Loops": 3,
                                      "Filter": "(EXTRACT(year FROM o_orderdate) = '1995'::numeric)",
                                      "Rows Removed by Filter": 423788,
                                      "Shared Hit Blocks": 22,
                                      "Shared Read Blocks": 28316,
                                      "Shared Dirtied Blocks": 0,
                                      "Shared Written Blocks": 0,
                                      "Local Hit Blocks": 0,
                                      "Local Read Blocks": 0,
                                      "Local Dirtied Blocks": 0,
                                      "Local Written Blocks": 0,
                                      "Temp Read Blocks": 0,
                                      "Temp Written Blocks": 0,
                                      "Workers": []
                                    },
                                    {
                                      "Node Type": "Index Scan",
                                      "Parent Relationship": "Inner",
                                      "Parallel Aware": false,
                                      "Async Capable": false,
                                      "Scan Direction": "Forward",
                                      "Index Name": "pk_lineitem",
                                      "Relation Name": "lineitem",
                                      "Alias": "l",
                                      "Startup Cost": 0.43,
                                      "Total Cost": 25.12,
                                      "Plan Rows": 4,
                                      "Plan Width": 12,
                                      "Actual Startup Time": 0.021,
                                      "Actual Total Time": 0.022,
                                      "Actual Rows": 1,
                                      "Actual Loops": 228637,
                                      "Index Cond": "(l_orderkey = o.o_orderkey)",
                                      "Rows Removed by Index Recheck": 0,
                                      "Filter": "(l_returnflag = 'A'::bpchar)",
                                      "Rows Removed by Filter": 3,
                                      "Shared Hit Blocks": 799081,
                                      "Shared Read Blocks": 129748,
                                      "Shared Dirtied Blocks": 0,
                                      "Shared Written Blocks": 0,
                                      "Local Hit Blocks": 0,
                                      "Local Read Blocks": 0,
                                      "Local Dirtied Blocks": 0,
                                      "Local Written Blocks": 0,
                                      "Temp Read Blocks": 0,
                                      "Temp Written Blocks": 0,
                                      "Workers": []
                                    }
                                  ]
                                }
                              ]
                            }
                          ]
                        },
                        {
                          "Node Type": "Index Scan",
                          "Parent Relationship": "Inner",
                          "Parallel Aware": false,
                          "Async Capable": false,
                          "Scan Direction": "Forward",
                          "Index Name": "pk_part",
                          "Relation Name": "part",
                          "Alias": "p",
                          "Startup Cost": 0.42,
                          "Total Cost": 0.45,
                          "Plan Rows": 1,
                          "Plan Width": 15,
                          "Actual Startup Time": 0.005,
                          "Actual Total Time": 0.005,
                          "Actual Rows": 1,
                          "Actual Loops": 115219,
                          "Index Cond": "(p_partkey = l.l_partkey)",
                          "Rows Removed by Index Recheck": 0,
                          "Shared Hit Blocks": 456017,
                          "Shared Read Blocks": 4861,
                          "Shared Dirtied Blocks": 0,
                          "Shared Written Blocks": 0,
                          "Local Hit Blocks": 0,
                          "Local Read Blocks": 0,
                          "Local Dirtied Blocks": 0,
                          "Local Written Blocks": 0,
                          "Temp Read Blocks": 0,
                          "Temp Written Blocks": 0,
                          "Workers": []
                        }
                      ]
                    }
                  ]
                }
              ]
            }
          ]
        }
      ]
    },
    "Planning": {
      "Shared Hit Blocks": 11,
      "Shared Read Blocks": 21,
      "Shared Dirtied Blocks": 0,
      "Shared Written Blocks": 0,
      "Local Hit Blocks": 0,
      "Local Read Blocks": 0,
      "Local Dirtied Blocks": 0,
      "Local Written Blocks": 0,
      "Temp Read Blocks": 0,
      "Temp Written Blocks": 0
    },
    "Planning Time": 0.775,
    "Triggers": [],
    "Execution Time": 2849.792
  }
]