[
  {
    "Plan": {
      "Node Type": "Aggregate",
      "Strategy": "Plain",
      "Partial Mode": "Finalize",
      "Parallel Aware": false,
      "Async Capable": false,
      "Startup Cost": 179813.47,
      "Total Cost": 179813.48,
      "Plan Rows": 1,
      "Plan Width": 32,
      "Actual Startup Time": 1370.403,
      "Actual Total Time": 1379.514,
      "Actual Rows": 1,
      "Actual Loops": 1,
      "Shared Hit Blocks": 10263,
      "Shared Read Blocks": 111223,
      "Shared Dirtied Blocks": 0,
      "Shared Written Blocks": 0,
      "Local Hit Blocks": 0,
      "Local Read Blocks": 0,
      "Local Dirtied Blocks": 0,
      "Local Written Blocks": 0,
      "Temp Read Blocks": 0,
      "Temp Written Blocks": 0,
      "Plans": [
        {
          "Node Type": "Gather",
          "Parent Relationship": "Outer",
          "Parallel Aware": false,
          "Async Capable": false,
          "Startup Cost": 179813.25,
          "Total Cost": 179813.46,
          "Plan Rows": 2,
          "Plan Width": 32,
          "Actual Startup Time": 1368.464,
          "Actual Total Time": 1379.499,
          "Actual Rows": 3,
          "Actual Loops": 1,
          "Workers Planned": 2,
          "Workers Launched": 2,
          "Single Copy": false,
          "Shared Hit Blocks": 10263,
          "Shared Read Blocks": 111223,
          "Shared Dirtied Blocks": 0,
          "Shared Written Blocks": 0,
          "Local Hit Blocks": 0,
          "Local Read Blocks": 0,
          "Local Dirtied Blocks": 0,
          "Local Written Blocks": 0,
          "Temp Read Blocks": 0,
          "Temp Written Blocks": 0,
          "Plans": [
            {
              "Node Type": "Aggregate",
              "Strategy": "Plain",
              "Partial Mode": "Partial",
              "Parent Relationship": "Outer",
              "Parallel Aware": false,
              "Async Capable": false,
              "Startup Cost": 178813.25,
              "Total Cost": 178813.26,
              "Plan Rows": 1,
              "Plan Width": 32,
              "Actual Startup Time": 1311.228,
              "Actual Total Time": 1311.229,
              "Actual Rows": 1,
              "Actual Loops": 3,
              "Shared Hit Blocks": 10263,
              "Shared Read Blocks": 111223,
              "Shared Dirtied Blocks": 0,
              "Shared Written Blocks": 0,
              "Local Hit Blocks": 0,
              "Local Read Blocks": 0,
              "Local Dirtied Blocks": 0,
              "Local Written Blocks": 0,
              "Temp Read Blocks": 0,
              "Temp Written Blocks": 0,
              "Workers": [],
              "Plans": [
                {
                  "Node Type": "Seq Scan",
                  "Parent Relationship": "Outer",
                  "Parallel Aware": true,
                  "Async Capable": false,
                  "Relation Name": "lineitem",
                  "Alias": "lineitem",
                  "Startup Cost": 0.0,
                  "Total Cost": 177750.61,
                  "Plan Rows": 212528,
                  "Plan Width": 12,
                  "Actual Startup Time": 0.824,
                  "Actual Total Time": 1243.935,
                  "Actual Rows": 202506,
                  "Actual Loops": 3,
                  "Filter": "((l_shipdate >= '1993-01-01'::date) AND (l_shipdate < '1995-01-01'::date) AND (l_quantity < '24'::numeric) AND ((l_discount < 0.05) OR (l_discount > 0.07)))",
                  "Rows Removed by Filter": 1797899,
                  "Shared Hit Blocks": 10263,
                  "Shared Read Blocks": 111223,
                  "Shared Dirtied Blocks": 0,
                  "Shared Written Blocks": 0,
                  "Local Hit Blocks": 0,
                  "Local Read Blocks": 0,
                  "Local Dirtied Blocks": 0,
                  "Local Written Blocks": 0,
                  "Temp Read Blocks": 0,
                  "Temp Written Blocks": 0,
                  "Workers": []
                }
              ]
            }
          ]
        }
      ]
    },
    "Planning": {
      "Shared Hit Blocks": 0,
      "Shared Read Blocks": 0,
      "Shared Dirtied Blocks": 0,
      "Shared Written Blocks": 0,
      "Local Hit Blocks": 0,
      "Local Read Blocks": 0,
      "Local Dirtied Blocks": 0,
      "Local Written Blocks": 0,
      "Temp Read Blocks": 0,
      "Temp Written Blocks": 0
    },
    "Planning Time": 0.121,
    "Triggers": [],
    "Execution Time": 1379.553
  }
]