[
  {
    "Plan": {
      "Node Type": "Aggregate",
      "Strategy": "Sorted",
      "Partial Mode": "Finalize",
      "Parallel Aware": false,
      "Async Capable": false,
      "Startup Cost": 105011.24,
      "Total Cost": 105836.71,
      "Plan Rows": 6108,
      "Plan Width": 116,
      "Actual Startup Time": 2076.463,
      "Actual Total Time": 2095.484,
      "Actual Rows": 4,
      "Actual Loops": 1,
      "Group Key": [
        "supp_nation.n_name",
        "cust_nation.n_name",
        "(EXTRACT(year FROM l.l_shipdate))"
      ],
      "Shared Hit Blocks": 386986,
      "Shared Read Blocks": 135755,
      "Shared Dirtied Blocks": 0,
      "Shared Written Blocks": 0,
      "Local Hit Blocks": 0,
      "Local Read Blocks": 0,
      "Local Dirtied Blocks": 0,
      "Local Written Blocks": 0,
      "Temp Read Blocks": 0,
      "Temp Written Blocks": 0,
      "Plans": [
        {
          "Node Type": "Gather Merge",
          "Parent Relationship": "Outer",
          "Parallel Aware": false,
          "Async Capable": false,
          "Startup Cost": 105011.24,
          "Total Cost": 105681.47,
          "Plan Rows": 5090,
          "Plan Width": 116,
          "Actual Startup Time": 2076.094,
          "Actual Total Time": 2095.458,
          "Actual Rows": 12,
          "Actual Loops": 1,
          "Workers Planned": 2,
          "Workers Launched": 2,
          "Shared Hit Blocks": 386986,
          "Shared Read Blocks": 135755,
          "Shared Dirtied Blocks": 0,
          "Shared Written Blocks": 0,
          "Local Hit Blocks": 0,
          "Local Read Blocks": 0,
          "Local Dirtied Blocks": 0,
          "Local Written Blocks": 0,
          "Temp Read Blocks": 0,
          "Temp Written Blocks": 0,
          "Plans": [
            {
              "Node Type": "Aggregate",
              "Strategy": "Sorted",
              "Partial Mode": "Partial",
              "Parent Relationship": "Outer",
              "Parallel Aware": false,
              "Async Capable": false,
              "Startup Cost": 104011.22,
              "Total Cost": 104093.93,
              "Plan Rows": 2545,
              "Plan Width": 116,
              "Actual Startup Time": 2021.642,
              "Actual Total Time": 2022.794,
              "Actual Rows": 4,
              "Actual Loops": 3,
              "Group Key": [
                "supp_nation.n_name",
                "cust_nation.n_name",
                "(EXTRACT(year FROM l.l_shipdate))"
              ],
              "Shared Hit Blocks": 386986,
              "Shared Read Blocks": 135755,
              "Shared Dirtied Blocks": 0,
              "Shared Written Blocks": 0,
              "Local Hit Blocks": 0,
              "Local Read Blocks": 0,
              "Local Dirtied Blocks": 0,
              "Local Written Blocks": 0,
              "Temp Read Blocks": 0,
              "Temp Written Blocks": 0,
              "Workers": [],
              "Plans": [
                {
                  "Node Type": "Sort",
                  "Parent Relationship": "Outer",
                  "Parallel Aware": false,
                  "Async Capable": false,
                  "Startup Cost": 104011.22,
                  "Total Cost": 104017.58,
                  "Plan Rows": 2545,
                  "Plan Width": 96,
                  "Actual Startup Time": 2021.268,
                  "Actual Total Time": 2021.403,
                  "Actual Rows": 2004,
                  "Actual Loops": 3,
                  "Sort Key": [
                    "supp_nation.n_name",
                    "cust_nation.n_name",
                    "(EXTRACT(year FROM l.l_shipdate))"
                  ],
                  "Sort Method": "quicksort",
                  "Sort Space Used": 205,
                  "Sort Space Type": "Memory",
                  "Shared Hit Blocks": 386986,
                  "Shared Read Blocks": 135755,
                  "Shared Dirtied Blocks": 0,
                  "Shared Written Blocks": 0,
                  "Local Hit Blocks": 0,
                  "Local Read Blocks": 0,
                  "Local Dirtied Blocks": 0,
                  "Local Written Blocks": 0,
                  "Temp Read Blocks": 0,
                  "Temp Written Blocks": 0,
                  "Workers": [
                    {
                      "Worker Number": 0,
                      "Sort Method": "quicksort",
                      "Sort Space Used": 275,
                      "Sort Space Type": "Memory"
                    },
                    {
                      "Worker Number": 1,
                      "Sort Method": "quicksort",
                      "Sort Space Used": 278,
                      "Sort Space Type": "Memory"
                    }
                  ],
                  "Plans": [
                    {
                      "Node Type": "Hash Join",
                      "Parent Relationship": "Outer",
                      "Parallel Aware": false,
                      "Async Capable": false,
                      "Join Type": "Inner",
                      "Startup Cost": 4991.31,
                      "Total Cost": 103867.25,
                      "Plan Rows": 2545,
                      "Plan Width": 96,
                      "Actual Startup Time": 37.834,
                      "Actual Total Time": 2017.405,
                      "Actual Rows": 2004,
                      "Actual Loops": 3,
                      "Inner Unique": false,
                      "Hash Cond": "(l.l_suppkey = s.s_suppkey)",
                      "Join Filter": "(((supp_nation.n_name = 'CANADA'::bpchar) AND (cust_nation.n_name = 'BRAZIL'::bpchar)) OR ((supp_nation.n_name = 'BRAZIL'::bpchar) AND (cust_nation.n_name = 'CANADA'::bpchar)))",
                      "Rows Removed by Join Filter": 1972,
                      "Shared Hit Blocks": 386963,
                      "Shared Read Blocks": 135750,
                      "Shared Dirtied Blocks": 0,
                      "Shared Written Blocks": 0,
                      "Local Hit Blocks": 0,
                      "Local Read Blocks": 0,
                      "Local Dirtied Blocks": 0,
                      "Local Written Blocks": 0,
                      "Temp Read Blocks": 0,
                      "Temp Written Blocks": 0,
                      "Workers": [],
                      "Plans": [
                        {
                          "Node Type": "Nested Loop",
                          "Parent Relationship": "Outer",
                          "Parallel Aware": false,
                          "Async Capable": false,
                          "Join Type": "Inner",
                          "Startup Cost": 4626.21,
                          "Total Cost": 103168.59,
                          "Plan Rows": 61158,
                          "Plan Width": 46,
                          "Actual Startup Time": 29.088,
                          "Actual Total Time": 1982.057,
                          "Actual Rows": 48974,
                          "Actual Loops": 3,
                          "Inner Unique": false,
                          "Shared Hit Blocks": 386489,
                          "Shared Read Blocks": 135524,
                          "Shared Dirtied Blocks": 0,
                          "Shared Written Blocks": 0,
                          "Local Hit Blocks": 0,
                          "Local Read Blocks": 0,
                          "Local Dirtied Blocks": 0,
                          "Local Written Blocks": 0,
                          "Temp Read Blocks": 0,
                          "Temp Written Blocks": 0,
                          "Workers": [],
                          "Plans": [
                            {
                              "Node Type": "Hash Join",
                              "Parent Relationship": "Outer",
                              "Parallel Aware": true,
                              "Async Capable": false,
                              "Join Type": "Inner",
                              "Startup Cost": 4625.77,
                              "Total Cost": 41765.86,
                              "Plan Rows": 50000,
                              "Plan Width": 34,
                              "Actual Startup Time": 27.641,
                              "Actual Total Time": 405.811,
                              "Actual Rows": 40206,
                              "Actual Loops": 3,
                              "Inner Unique": false,
                              "Hash Cond": "(o.o_custkey = c.c_custkey)",
                              "Shared Hit Blocks": 144,
                              "Shared Read Blocks": 31940,
                              "Shared Dirtied Blocks": 0,
                              "Shared Written Blocks": 0,
                              "Local Hit Blocks": 0,
                              "Local Read Blocks": 0,
                              "Local Dirtied Blocks": 0,
                              "Local Written Blocks": 0,
                              "Temp Read Blocks": 0,
                              "Temp Written Blocks": 0,
                              "Workers": [],
                              "Plans": [
                                {
                                  "Node Type": "Seq Scan",
                                  "Parent Relationship": "Outer",
                                  "Parallel Aware": true,
                                  "Async Capable": false,
                                  "Relation Name": "orders",
                                  "Alias": "o",
                                  "Startup Cost": 0.0,
                                  "Total Cost": 34588.0,
                                  "Plan Rows": 625000,
                                  "Plan Width": 12,
                                  "Actual Startup Time": 0.687,
                                  "Actual Total Time": 169.455,
                                  "Actual Rows": 500000,
                                  "Actual Loops": 3,
                                  "Shared Hit Blocks": 76,
                                  "Shared Read Blocks": 28262,
                                  "Shared Dirtied Blocks": 0,
                                  "Shared Written Blocks": 0,
                                  "Local Hit Blocks": 0,
                                  "Local Read Blocks": 0,
                                  "Local Dirtied Blocks": 0,
                                  "Local Written Blocks": 0,
                                  "Temp Read Blocks": 0,
                                  "Temp Written Blocks": 0,
                                  "Workers": []
                                },
                                {
                                  "Node Type": "Hash",
                                  "Parent Relationship": "Inner",
                                  "Parallel Aware": true,
                                  "Async Capable": false,
                                  "Startup Cost": 4563.27,
                                  "Total Cost": 4563.27,
                                  "Plan Rows": 5000,
                                  "Plan Width": 30,
                                  "Actual Startup Time": 26.853,
                                  "Actual Total Time": 26.855,
                                  "Actual Rows": 4006,
                                  "Actual Loops": 3,
                                  "Hash Buckets": 16384,
                                  "Original Hash Buckets": 16384,
                                  "Hash Batches": 1,
                                  "Original Hash Batches": 1,
                                  "Peak Memory Usage": 896,
                                  "Shared Hit Blocks": 68,
                                  "Shared Read Blocks": 3678,
                                  "Shared Dirtied Blocks": 0,
                                  "Shared Written Blocks": 0,
                                  "Local Hit Blocks": 0,
                                  "Local Read Blocks": 0,
                                  "Local Dirtied Blocks": 0,
                                  "Local Written Blocks": 0,
                                  "Temp Read Blocks": 0,
                                  "Temp Written Blocks": 0,
                                  "Workers": [],
                                  "Plans": [
                                    {
                                      "Node Type": "Hash Join",
                                      "Parent Relationship": "Outer",
                                      "Parallel Aware": false,
                                      "Async Capable": false,
                                      "Join Type": "Inner",
                                      "Startup Cost": 1.4,
                                      "Total Cost": 4563.27,
                                      "Plan Rows": 5000,
                                      "Plan Width": 30,
                                      "Actual Startup Time": 0.074,
                                      "Actual Total Time": 74.897,
                                      "Actual Rows": 12019,
                                      "Actual Loops": 1,
                                      "Inner Unique": true,
                                      "Hash Cond": "(c.c_nationkey = cust_nation.n_nationkey)",
                                      "Shared Hit Blocks": 68,
                                      "Shared Read Blocks": 3678,
                                      "Shared Dirtied Blocks": 0,
                                      "Shared Written Blocks": 0,
                                      "Local Hit Blocks": 0,
                                      "Local Read Blocks": 0,
                                      "Local Dirtied Blocks": 0,
                                      "Local Written Blocks": 0,
                                      "Temp Read Blocks": 0,
                                      "Temp Written Blocks": 0,
                                      "Workers": [],
                                      "Plans": [
                                        {
                                          "Node Type": "Seq Scan",
                                          "Parent Relationship": "Outer",
                                          "Parallel Aware": true,
                                          "Async Capable": false,
                                          "Relation Name": "customer",
                                          "Alias": "c",
                                          "Startup Cost": 0.0,
                                          "Total Cost": 4370.0,
                                          "Plan Rows": 62500,
                                          "Plan Width": 8,
                                          "Actual Startup Time": 0.023,
                                          "Actual Total Time": 52.596,
                                          "Actual Rows": 150000,
                                          "Actual Loops": 1,
                                          "Shared Hit Blocks": 67,
                                          "Shared Read Blocks": 3678,
                                          "Shared Dirtied Blocks": 0,
                                          "Shared Written Blocks": 0,
                                          "Local Hit Blocks": 0,
                                          "Local Read Blocks": 0,
                                          "Local Dirtied Blocks": 0,
                                          "Local Written Blocks": 0,
                                          "Temp Read Blocks": 0,
                                          "Temp Written Blocks": 0,
                                          "Workers": []
                                        },
                                        {
                                          "Node Type": "Hash",
                                          "Parent Relationship": "Inner",
                                          "Parallel Aware": false,
                                          "Async Capable": false,
                                          "Startup Cost": 1.38,
                                          "Total Cost": 1.38,
                                          "Plan Rows": 2,
                                          "Plan Width": 30,
                                          "Actual Startup Time": 0.034,
                                          "Actual Total Time": 0.035,
                                          "Actual Rows": 2,
                                          "Actual Loops": 1,
                                          "Hash Buckets": 1024,
                                          "Original Hash Buckets": 1024,
                                          "Hash Batches": 1,
                                          "Original Hash Batches": 1,
                                          "Peak Memory Usage": 9,
                                          "Shared Hit Blocks": 1,
                                          "Shared Read Blocks": 0,
                                          "Shared Dirtied Blocks": 0,
                                          "Shared Written Blocks": 0,
                                          "Local Hit Blocks": 0,
                                          "Local Read Blocks": 0,
                                          "Local Dirtied Blocks": 0,
                                          "Local Written Blocks": 0,
                                          "Temp Read Blocks": 0,
                                          "Temp Written Blocks": 0,
                                          "Workers": [],
                                          "Plans": [
                                            {
                                              "Node Type": "Seq Scan",
                                              "Parent Relationship": "Outer",
                                              "Parallel Aware": false,
                                              "Async Capable": false,
                                              "Relation Name": "nation",
                                              "Alias": "cust_nation",
                                              "Startup Cost": 0.0,
                                              "Total Cost": 1.38,
                                              "Plan Rows": 2,
                                              "Plan Width": 30,
                                              "Actual Startup Time": 0.021,
                                              "Actual Total Time": 0.026,
                                              "Actual Rows": 2,
                                              "Actual Loops": 1,
                                              "Filter": "((n_name = 'BRAZIL'::bpchar) OR (n_name = 'CANADA'::bpchar))",
                                              "Rows Removed by Filter": 23,
                                              "Shared Hit Blocks": 1,
                                              "Shared Read Blocks": 0,
                                              "Shared Dirtied Blocks": 0,
                                              "Shared Written Blocks": 0,
                                              "Local Hit Blocks": 0,
                                              "Local Read Blocks": 0,
                                              "Local Dirtied Blocks": 0,
                                              "Local Written Blocks": 0,
                                              "Temp Read Blocks": 0,
                                              "Temp Written Blocks": 0,
                                              "Workers": []
                                            }
                                          ]
                                        }
                                      ]
                                    }
                                  ]
                                }
                              ]
                            },
                            {
                              "Node Type": "Index Scan",
                              "Parent Relationship": "Inner",
                              "Parallel Aware": false,
                              "Async Capable": false,
                              "Scan Direction": "Forward",
                              "Index Name": "pk_lineitem",
                              "Relation Name": "lineitem",
                              "Alias": "l",
                              "Startup Cost": 0.43,
                              "Total Cost": 1.18,
                              "Plan Rows": 5,
                              "Plan Width": 28,
                              "Actual Startup Time": 0.037,
                              "Actual Total Time": 0.038,
                              "Actual Rows": 1,
                              "Actual Loops": 120617,
                              "Index Cond": "(l_orderkey = o.o_orderkey)",
                              "Rows Removed by Index Recheck": 0,
                              "Filter": "((l_shipdate >= '1995-01-01'::date) AND (l_shipdate <= '1996-12-31'::date))",
                              "Rows Removed by Filter": 3,
                              "Shared Hit Blocks": 386345,
                              "Shared Read Blocks": 103584,
                              "Shared Dirtied Blocks": 0,
                              "Shared Written Blocks": 0,
                              "Local Hit Blocks": 0,
                              "Local Read Blocks": 0,
                              "Local Dirtied Blocks": 0,
                              "Local Written Blocks": 0,
                              "Temp Read Blocks": 0,
                              "Temp Written Blocks": 0,
                              "Workers": []
                            }
                          ]
                        },
                        {
                          "Node Type": "Hash",
                          "Parent Relationship": "Inner",
                          "Parallel Aware": false,
                          "Async Capable": false,
                          "Startup Cost": 355.1,
                          "Total Cost": 355.1,
                          "Plan Rows": 800,
                          "Plan Width": 30,
                          "Actual Startup Time": 5.964,
                          "Actual Total Time": 5.966,
                          "Actual Rows": 809,
                          "Actual Loops": 3,
                          "Hash Buckets": 1024,
                          "Original Hash Buckets": 1024,
                          "Hash Batches": 1,
                          "Original Hash Batches": 1,
                          "Peak Memory Usage": 57,
                          "Shared Hit Blocks": 450,
                          "Shared Read Blocks": 222,
                          "Shared Dirtied Blocks": 0,
                          "Shared Written Blocks": 0,
                          "Local Hit Blocks": 0,
                          "Local Read Blocks": 0,
                          "Local Dirtied Blocks": 0,
                          "Local Written Blocks": 0,
                          "Temp Read Blocks": 0,
                          "Temp Written Blocks": 0,
                          "Workers": [],
                          "Plans": [
                            {
                              "Node Type": "Hash Join",
                              "Parent Relationship": "Outer",
                              "Parallel Aware": false,
                              "Async Capable": false,
                              "Join Type": "Inner",
                              "Startup Cost": 1.4,
                              "Total Cost": 355.1,
                              "Plan Rows": 800,
                              "Plan Width": 30,
                              "Actual Startup Time": 1.699,
                              "Actual Total Time": 5.735,
                              "Actual Rows": 809,
                              "Actual Loops": 3,
                              "Inner Unique": true,
                              "Hash Cond": "(s.s_nationkey = supp_nation.n_nationkey)",
                              "Shared Hit Blocks": 450,
                              "Shared Read Blocks": 222,
                              "Shared Dirtied Blocks": 0,
                              "Shared Written Blocks": 0,
                              "Local Hit Blocks": 0,
                              "Local Read Blocks": 0,
                              "Local Dirtied Blocks": 0,
                              "Local Written Blocks": 0,
                              "Temp Read Blocks": 0,
                              "Temp Written Blocks": 0,
                              "Workers": [],
                              "Plans": [
                                {
                                  "Node Type": "Seq Scan",
                                  "Parent Relationship": "Outer",
                                  "Parallel Aware": false,
                                  "Async Capable": false,
                                  "Relation Name": "supplier",
                                  "Alias": "s",
                                  "Startup Cost": 0.0,
                                  "Total Cost": 323.0,
                                  "Plan Rows": 10000,
                                  "Plan Width": 8,
                                  "Actual Startup Time": 0.916,
                                  "Actual Total Time": 2.802,
                                  "Actual Rows": 10000,
                                  "Actual Loops": 3,
                                  "Shared Hit Blocks": 448,
                                  "Shared Read Blocks": 221,
                                  "Shared Dirtied Blocks": 0,
                                  "Shared Written Blocks": 0,
                                  "Local Hit Blocks": 0,
                                  "Local Read Blocks": 0,
                                  "Local Dirtied Blocks": 0,
                                  "Local Written Blocks": 0,
                                  "Temp Read Blocks": 0,
                                  "Temp Written Blocks": 0,
                                  "Workers": []
                                },
                                {
                                  "Node Type": "Hash",
                                  "Parent Relationship": "Inner",
                                  "Parallel Aware": false,
                                  "Async Capable": false,
                                  "Startup Cost": 1.38,
                                  "Total Cost": 1.38,
                                  "Plan Rows": 2,
                                  "Plan Width": 30,
                                  "Actual Startup Time": 0.747,
                                  "Actual Total Time": 0.748,
                                  "Actual Rows": 2,
                                  "Actual Loops": 3,
                                  "Hash Buckets": 1024,
                                  "Original Hash Buckets": 1024,
                                  "Hash Batches": 1,
                                  "Original Hash Batches": 1,
                                  "Peak Memory Usage": 9,
                                  "Shared Hit Blocks": 2,
                                  "Shared Read Blocks": 1,
                                  "Shared Dirtied Blocks": 0,
                                  "Shared Written Blocks": 0,
                                  "Local Hit Blocks": 0,
                                  "Local Read Blocks": 0,
                                  "Local Dirtied Blocks": 0,
                                  "Local Written Blocks": 0,
                                  "Temp Read Blocks": 0,
                                  "Temp Written Blocks": 0,
                                  "Workers": [],
                                  "Plans": [
                                    {
                                      "Node Type": "Seq Scan",
                                      "Parent Relationship": "Outer",
                                      "Parallel Aware": false,
                                      "Async Capable": false,
                                      "Relation Name": "nation",
                                      "Alias": "supp_nation",
                                      "Startup Cost": 0.0,
                                      "Total Cost": 1.38,
                                      "Plan Rows": 2,
                                      "Plan Width": 30,
                                      "Actual Startup Time": 0.727,
                                      "Actual Total Time": 0.733,
                                      "Actual Rows": 2,
                                      "Actual Loops": 3,
                                      "Filter": "((n_name = 'CANADA'::bpchar) OR (n_name = 'BRAZIL'::bpchar))",
                                      "Rows Removed by Filter": 23,
                                      "Shared Hit Blocks": 2,
                                      "Shared Read Blocks": 1,
                                      "Shared Dirtied Blocks": 0,
                                      "Shared Written Blocks": 0,
                                      "Local Hit Blocks": 0,
                                      "Local Read Blocks": 0,
                                      "Local Dirtied Blocks": 0,
                                      "Local Written Blocks": 0,
                                      "Temp Read Blocks": 0,
                                      "Temp Written Blocks": 0,
                                      "Workers": []
                                    }
                                  ]
                                }
                              ]
                            }
                          ]
                        }
                      ]
                    }
                  ]
                }
              ]
            }
          ]
        }
      ]
    },
    "Planning": {
      "Shared Hit Blocks": 14,
      "Shared Read Blocks": 24,
      "Shared Dirtied Blocks": 0,
      "Shared Written Blocks": 0,
      "Local Hit Blocks": 0,
      "Local Read Blocks": 0,
      "Local Dirtied Blocks": 0,
      "Local Written Blocks": 0,
      "Temp Read Blocks": 0,
      "Temp Written Blocks": 0
    },
    "Planning Time": 1.516,
    "Triggers": [],
    "Execution Time": 2095.72
  }
]