[
  {
    "Plan": {
      "Node Type": "Aggregate",
      "Strategy": "Plain",
      "Partial Mode": "Simple",
      "Parallel Aware": false,
      "Async Capable": false,
      "Startup Cost": 573408.25,
      "Total Cost": 573408.26,
      "Plan Rows": 1,
      "Plan Width": 32,
      "Actual Startup Time": 5917.637,
      "Actual Total Time": 5917.95,
      "Actual Rows": 1,
      "Actual Loops": 1,
      "Shared Hit Blocks": 22019,
      "Shared Read Blocks": 225465,
      "Shared Dirtied Blocks": 0,
      "Shared Written Blocks": 0,
      "Local Hit Blocks": 0,
      "Local Read Blocks": 0,
      "Local Dirtied Blocks": 0,
      "Local Written Blocks": 0,
      "Temp Read Blocks": 34785,
      "Temp Written Blocks": 56883,
      "Plans": [
        {
          "Node Type": "Hash Join",
          "Parent Relationship": "Outer",
          "Parallel Aware": false,
          "Async Capable": false,
          "Join Type": "Inner",
          "Startup Cost": 418153.72,
          "Total Cost": 573403.43,
          "Plan Rows": 1924,
          "Plan Width": 8,
          "Actual Startup Time": 5018.981,
          "Actual Total Time": 5917.693,
          "Actual Rows": 578,
          "Actual Loops": 1,
          "Inner Unique": true,
          "Hash Cond": "(p.p_partkey = lineitem.l_partkey)",
          "Join Filter": "(l.l_quantity < ((0.2 * avg(lineitem.l_quantity))))",
          "Rows Removed by Join Filter": 5835,
          "Shared Hit Blocks": 22019,
          "Shared Read Blocks": 225465,
          "Shared Dirtied Blocks": 0,
          "Shared Written Blocks": 0,
          "Local Hit Blocks": 0,
          "Local Read Blocks": 0,
          "Local Dirtied Blocks": 0,
          "Local Written Blocks": 0,
          "Temp Read Blocks": 34785,
          "Temp Written Blocks": 56883,
          "Plans": [
            {
              "Node Type": "Gather",
              "Parent Relationship": "Outer",
              "Parallel Aware": false,
              "Async Capable": false,
              "Startup Cost": 6555.04,
              "Total Cost": 160209.08,
              "Plan Rows": 5972,
              "Plan Width": 21,
              "Actual Startup Time": 63.928,
              "Actual Total Time": 926.604,
              "Actual Rows": 6413,
              "Actual Loops": 1,
              "Workers Planned": 2,
              "Workers Launched": 2,
              "Single Copy": false,
              "Shared Hit Blocks": 10756,
              "Shared Read Blocks": 115228,
              "Shared Dirtied Blocks": 0,
              "Shared Written Blocks": 0,
              "Local Hit Blocks": 0,
              "Local Read Blocks": 0,
              "Local Dirtied Blocks": 0,
              "Local Written Blocks": 0,
              "Temp Read Blocks": 0,
              "Temp Written Blocks": 0,
              "Plans": [
                {
                  "Node Type": "Hash Join",
                  "Parent Relationship": "Outer",
                  "Parallel Aware": true,
                  "Async Capable": false,
                  "Join Type": "Inner",
                  "Startup Cost": 5555.04,
                  "Total Cost": 158611.88,
                  "Plan Rows": 2488,
                  "Plan Width": 21,
                  "Actual Startup Time": 24.75,
                  "Actual Total Time": 1468.282,
                  "Actual Rows": 2138,
                  "Actual Loops": 3,
                  "Inner Unique": true,
                  "Hash Cond": "(l.l_partkey = p.p_partkey)",
                  "Shared Hit Blocks": 10756,
                  "Shared Read Blocks": 115228,
                  "Shared Dirtied Blocks": 0,
                  "Shared Written Blocks": 0,
                  "Local Hit Blocks": 0,
                  "Local Read Blocks": 0,
                  "Local Dirtied Blocks": 0,
                  "Local Written Blocks": 0,
                  "Temp Read Blocks": 0,
                  "Temp Written Blocks": 0,
                  "Workers": [],
                  "Plans": [
                    {
                      "Node Type": "Seq Scan",
                      "Parent Relationship": "Outer",
                      "Parallel Aware": true,
                      "Async Capable": false,
                      "Relation Name": "lineitem",
                      "Alias": "l",
                      "Startup Cost": 0.0,
                      "Total Cost": 146492.49,
                      "Plan Rows": 2500649,
                      "Plan Width": 17,
                      "Actual Startup Time": 0.456,
                      "Actual Total Time": 1102.973,
                      "Actual Rows": 2000405,
                      "Actual Loops": 3,
                      "Shared Hit Blocks": 10466,
                      "Shared Read Blocks": 111020,
                      "Shared Dirtied Blocks": 0,
                      "Shared Written Blocks": 0,
                      "Local Hit Blocks": 0,
                      "Local Read Blocks": 0,
                      "Local Dirtied Blocks": 0,
                      "Local Written Blocks": 0,
                      "Temp Read Blocks": 0,
                      "Temp Written Blocks": 0,
                      "Workers": []
                    },
                    {
                      "Node Type": "Hash",
                      "Parent Relationship": "Inner",
                      "Parallel Aware": true,
                      "Async Capable": false,
                      "Startup Cost": 5554.0,
                      "Total Cost": 5554.0,
                      "Plan Rows": 83,
                      "Plan Width": 4,
                      "Actual Startup Time": 23.434,
                      "Actual Total Time": 23.435,
                      "Actual Rows": 71,
                      "Actual Loops": 3,
                      "Hash Buckets": 1024,
                      "Original Hash Buckets": 1024,
                      "Hash Batches": 1,
                      "Original Hash Batches": 1,
                      "Peak Memory Usage": 72,
                      "Shared Hit Blocks": 96,
                      "Shared Read Blocks": 4208,
                      "Shared Dirtied Blocks": 0,
                      "Shared Written Blocks": 0,
                      "Local Hit Blocks": 0,
                      "Local Read Blocks": 0,
                      "Local Dirtied Blocks": 0,
                      "Local Written Blocks": 0,
                      "Temp Read Blocks": 0,
                      "Temp Written Blocks": 0,
                      "Workers": [],
                      "Plans": [
                        {
                          "Node Type": "Seq Scan",
                          "Parent Relationship": "Outer",
                          "Parallel Aware": true,
                          "Async Capable": false,
                          "Relation Name": "part",
                          "Alias": "p",
                          "Startup Cost": 0.0,
                          "Total Cost": 5554.0,
                          "Plan Rows": 83,
                          "Plan Width": 4,
                          "Actual Startup Time": 1.764,
                          "Actual Total Time": 34.987,
                          "Actual Rows": 107,
                          "Actual Loops": 2,
                          "Filter": "((p_brand = 'Brand#53'::bpchar) AND (p_container = 'MED BAG'::bpchar))",
                          "Rows Removed by Filter": 99893,
                          "Shared Hit Blocks": 96,
                          "Shared Read Blocks": 4208,
                          "Shared Dirtied Blocks": 0,
                          "Shared Written Blocks": 0,
                          "Local Hit Blocks": 0,
                          "Local Read Blocks": 0,
                          "Local Dirtied Blocks": 0,
                          "Local Written Blocks": 0,
                          "Temp Read Blocks": 0,
                          "Temp Written Blocks": 0,
                          "Workers": []
                        }
                      ]
                    }
                  ]
                }
              ]
            },
            {
              "Node Type": "Hash",
              "Parent Relationship": "Inner",
              "Parallel Aware": false,
              "Async Capable": false,
              "Startup Cost": 407672.99,
              "Total Cost": 407672.99,
              "Plan Rows": 193255,
              "Plan Width": 36,
              "Actual Startup Time": 4954.031,
              "Actual Total Time": 4954.089,
              "Actual Rows": 200000,
              "Actual Loops": 1,
              "Hash Buckets": 131072,
              "Original Hash Buckets": 131072,
              "Hash Batches": 2,
              "Original Hash Batches": 2,
              "Peak Memory Usage": 5815,
              "Shared Hit Blocks": 11263,
              "Shared Read Blocks": 110237,
              "Shared Dirtied Blocks": 0,
              "Shared Written Blocks": 0,
              "Local Hit Blocks": 0,
              "Local Read Blocks": 0,
              "Local Dirtied Blocks": 0,
              "Local Written Blocks": 0,
              "Temp Read Blocks": 34313,
              "Temp Written Blocks": 56862,
              "Plans": [
                {
                  "Node Type": "Aggregate",
                  "Strategy": "Sorted",
                  "Partial Mode": "Finalize",
                  "Parent Relationship": "Outer",
                  "Parallel Aware": false,
                  "Async Capable": false,
                  "Startup Cost": 356779.36,
                  "Total Cost": 407672.99,
                  "Plan Rows": 193255,
                  "Plan Width": 36,
                  "Actual Startup Time": 4195.893,
                  "Actual Total Time": 4865.944,
                  "Actual Rows": 200000,
                  "Actual Loops": 1,
                  "Group Key": [
                    "lineitem.l_partkey"
                  ],
                  "Shared Hit Blocks": 11263,
                  "Shared Read Blocks": 110237,
                  "Shared Dirtied Blocks": 0,
                  "Shared Written Blocks": 0,
                  "Local Hit Blocks": 0,
                  "Local Read Blocks": 0,
                  "Local Dirtied Blocks": 0,
                  "Local Written Blocks": 0,
                  "Temp Read Blocks": 34313,
                  "Temp Written Blocks": 56411,
                  "Plans": [
                    {
                      "Node Type": "Gather Merge",
                      "Parent Relationship": "Outer",
                      "Parallel Aware": false,
                      "Async Capable": false,
                      "Startup Cost": 356779.36,
                      "Total Cost": 401875.34,
                      "Plan Rows": 386510,
                      "Plan Width": 36,
                      "Actual Startup Time": 4195.871,
                      "Actual Total Time": 4432.176,
                      "Actual Rows": 599975,
                      "Actual Loops": 1,
                      "Workers Planned": 2,
                      "Workers Launched": 2,
                      "Shared Hit Blocks": 11263,
                      "Shared Read Blocks": 110237,
                      "Shared Dirtied Blocks": 0,
                      "Shared Written Blocks": 0,
                      "Local Hit Blocks": 0,
                      "Local Read Blocks": 0,
                      "Local Dirtied Blocks": 0,
                      "Local Written Blocks": 0,
                      "Temp Read Blocks": 34313,
                      "Temp Written Blocks": 56411,
                      "Plans": [
                        {
                          "Node Type": "Sort",
                          "Parent Relationship": "Outer",
                          "Parallel Aware": false,
                          "Async Capable": false,
                          "Startup Cost": 355779.34,
                          "Total Cost": 356262.47,
                          "Plan Rows": 193255,
                          "Plan Width": 36,
                          "Actual Startup Time": 4132.972,
                          "Actual Total Time": 4184.077,
                          "Actual Rows": 199992,
                          "Actual Loops": 3,
                          "Sort Key": [
                            "lineitem.l_partkey"
                          ],
                          "Sort Method": "external merge",
                          "Sort Space Used": 15088,
                          "Sort Space Type": "Disk",
                          "Shared Hit Blocks": 11263,
                          "Shared Read Blocks": 110237,
                          "Shared Dirtied Blocks": 0,
                          "Shared Written Blocks": 0,
                          "Local Hit Blocks": 0,
                          "Local Read Blocks": 0,
                          "Local Dirtied Blocks": 0,
                          "Local Written Blocks": 0,
                          "Temp Read Blocks": 34313,
                          "Temp Written Blocks": 56411,
                          "Workers": [
                            {
                              "Worker Number": 0,
                              "Sort Method": "external merge",
                              "Sort Space Used": 15088,
                              "Sort Space Type": "Disk"
                            },
                            {
                              "Worker Number": 1,
                              "Sort Method": "external merge",
                              "Sort Space Used": 15088,
                              "Sort Space Type": "Disk"
                            }
                          ],
                          "Plans": [
                            {
                              "Node Type": "Aggregate",
                              "Strategy": "Hashed",
                              "Partial Mode": "Partial",
                              "Parent Relationship": "Outer",
                              "Parallel Aware": false,
                              "Async Capable": false,
                              "Startup Cost": 306690.32,
                              "Total Cost": 333526.41,
                              "Plan Rows": 193255,
                              "Plan Width": 36,
                              "Actual Startup Time": 2651.914,
                              "Actual Total Time": 4005.873,
                              "Actual Rows": 199992,
                              "Actual Loops": 3,
                              "Group Key": [
                                "lineitem.l_partkey"
                              ],
                              "Planned Partitions": 8,
                              "HashAgg Batches": 41,
                              "Peak Memory Usage": 8273,
                              "Disk Usage": 64760,
                              "Shared Hit Blocks": 11249,
                              "Shared Read Blocks": 110237,
                              "Shared Dirtied Blocks": 0,
                              "Shared Written Blocks": 0,
                              "Local Hit Blocks": 0,
                              "Local Read Blocks": 0,
                              "Local Dirtied Blocks": 0,
                              "Local Written Blocks": 0,
                              "Temp Read Blocks": 28655,
                              "Temp Written Blocks": 50738,
                              "Workers": [
                                {
                                  "Worker Number": 0,
                                  "HashAgg Batches": 41,
                                  "Peak Memory Usage": 8273,
                                  "Disk Usage": 64768
                                },
                                {
                                  "Worker Number": 1,
                                  "HashAgg Batches": 41,
                                  "Peak Memory Usage": 8273,
                                  "Disk Usage": 72200
                                }
                              ],
                              "Plans": [
                                {
                                  "Node Type": "Seq Scan",
                                  "Parent Relationship": "Outer",
                                  "Parallel Aware": true,
                                  "Async Capable": false,
                                  "Relation Name": "lineitem",
                                  "Alias": "lineitem",
                                  "Startup Cost": 0.0,
                                  "Total Cost": 146492.49,
                                  "Plan Rows": 2500649,
                                  "Plan Width": 9,
                                  "Actual Startup Time": 0.822,
                                  "Actual Total Time": 1108.519,
                                  "Actual Rows": 2000405,
                                  "Actual Loops": 3,
                                  "Shared Hit Blocks": 11249,
                                  "Shared Read Blocks": 110237,
                                  "Shared Dirtied Blocks": 0,
                                  "Shared Written Blocks": 0,
                                  "Local Hit Blocks": 0,
                                  "Local Read Blocks": 0,
                                  "Local Dirtied Blocks": 0,
                                  "Local Written Blocks": 0,
                                  "Temp Read Blocks": 0,
                                  "Temp Written Blocks": 0,
                                  "Workers": []
                                }
                              ]
                            }
                          ]
                        }
                      ]
                    }
                  ]
                }
              ]
            }
          ]
        }
      ]
    },
    "Planning": {
      "Shared Hit Blocks": 8,
      "Shared Read Blocks": 0,
      "Shared Dirtied Blocks": 0,
      "Shared Written Blocks": 0,
      "Local Hit Blocks": 0,
      "Local Read Blocks": 0,
      "Local Dirtied Blocks": 0,
      "Local Written Blocks": 0,
      "Temp Read Blocks": 0,
      "Temp Written Blocks": 0
    },
    "Planning Time": 0.4,
    "Triggers": [],
    "Execution Time": 5940.061
  }
]