[
  {
    "Plan": {
      "Node Type": "Aggregate",
      "Strategy": "Sorted",
      "Partial Mode": "Simple",
      "Parallel Aware": false,
      "Async Capable": false,
      "Startup Cost": 196396.84,
      "Total Cost": 205907.59,
      "Plan Rows": 5,
      "Plan Width": 24,
      "Actual Startup Time": 1829.98,
      "Actual Total Time": 1870.05,
      "Actual Rows": 5,
      "Actual Loops": 1,
      "Group Key": [
        "o.o_orderpriority"
      ],
      "Shared Hit Blocks": 10609,
      "Shared Read Blocks": 139441,
      "Shared Dirtied Blocks": 0,
      "Shared Written Blocks": 0,
      "Local Hit Blocks": 0,
      "Local Read Blocks": 0,
      "Local Dirtied Blocks": 0,
      "Local Written Blocks": 0,
      "Temp Read Blocks": 0,
      "Temp Written Blocks": 0,
      "Plans": [
        {
          "Node Type": "Gather Merge",
          "Parent Relationship": "Outer",
          "Parallel Aware": false,
          "Async Capable": false,
          "Startup Cost": 196396.84,
          "Total Cost": 205516.05,
          "Plan Rows": 78299,
          "Plan Width": 24,
          "Actual Startup Time": 1821.319,
          "Actual Total Time": 1855.608,
          "Actual Rows": 81521,
          "Actual Loops": 1,
          "Workers Planned": 2,
          "Workers Launched": 2,
          "Shared Hit Blocks": 10609,
          "Shared Read Blocks": 139441,
          "Shared Dirtied Blocks": 0,
          "Shared Written Blocks": 0,
          "Local Hit Blocks": 0,
          "Local Read Blocks": 0,
          "Local Dirtied Blocks": 0,
          "Local Written Blocks": 0,
          "Temp Read Blocks": 0,
          "Temp Written Blocks": 0,
          "Plans": [
            {
              "Node Type": "Sort",
              "Parent Relationship": "Outer",
              "Parallel Aware": false,
              "Async Capable": false,
              "Startup Cost": 195396.82,
              "Total Cost": 195478.38,
              "Plan Rows": 32625,
              "Plan Width": 24,
              "Actual Startup Time": 1765.484,
              "Actual Total Time": 1767.731,
              "Actual Rows": 27174,
              "Actual Loops": 3,
              "Sort Key": [
                "o.o_orderpriority",
                "o.o_orderkey"
              ],
              "Sort Method": "quicksort",
              "Sort Space Used": 1843,
              "Sort Space Type": "Memory",
              "Shared Hit Blocks": 10609,
              "Shared Read Blocks": 139441,
              "Shared Dirtied Blocks": 0,
              "Shared Written Blocks": 0,
              "Local Hit Blocks": 0,
              "Local Read Blocks": 0,
              "Local Dirtied Blocks": 0,
              "Local Written Blocks": 0,
              "Temp Read Blocks": 0,
              "Temp Written Blocks": 0,
              "Workers": [
                {
                  "Worker Number": 0,
                  "Sort Method": "quicksort",
                  "Sort Space Used": 1788,
                  "Sort Space Type": "Memory"
                },
                {
                  "Worker Number": 1,
                  "Sort Method": "quicksort",
                  "Sort Space Used": 1859,
                  "Sort Space Type": "Memory"
                }
              ],
              "Plans": [
                {
                  "Node Type": "Hash Join",
                  "Parent Relationship": "Outer",
                  "Parallel Aware": true,
                  "Async Capable": false,
                  "Join Type": "Inner",
                  "Startup Cost": 38018.78,
                  "Total Cost": 192950.97,
                  "Plan Rows": 32625,
                  "Plan Width": 24,
                  "Actual Startup Time": 210.522,
                  "Actual Total Time": 1709.6,
                  "Actual Rows": 27174,
                  "Actual Loops": 3,
                  "Inner Unique": true,
                  "Hash Cond": "(l.l_orderkey = o.o_orderkey)",
                  "Shared Hit Blocks": 10496,
                  "Shared Read Blocks": 139426,
                  "Shared Dirtied Blocks": 0,
                  "Shared Written Blocks": 0,
                  "Local Hit Blocks": 0,
                  "Local Read Blocks": 0,
                  "Local Dirtied Blocks": 0,
                  "Local Written Blocks": 0,
                  "Temp Read Blocks": 0,
                  "Temp Written Blocks": 0,
                  "Workers": [],
                  "Plans": [
                    {
                      "Node Type": "Seq Scan",
                      "Parent Relationship": "Outer",
                      "Parallel Aware": true,
                      "Async Capable": false,
                      "Relation Name": "lineitem",
                      "Alias": "l",
                      "Startup Cost": 0.0,
                      "Total Cost": 152744.11,
                      "Plan Rows": 833550,
                      "Plan Width": 8,
                      "Actual Startup Time": 0.791,
                      "Actual Total Time": 1297.633,
                      "Actual Rows": 719394,
                      "Actual Loops": 3,
                      "Filter": "(l_commitdate > l_receiptdate)",
                      "Rows Removed by Filter": 1281011,
                      "Shared Hit Blocks": 10288,
                      "Shared Read Blocks": 111198,
                      "Shared Dirtied Blocks": 0,
                      "Shared Written Blocks": 0,
                      "Local Hit Blocks": 0,
                      "Local Read Blocks": 0,
                      "Local Dirtied Blocks": 0,
                      "Local Written Blocks": 0,
                      "Temp Read Blocks": 0,
                      "Temp Written Blocks": 0,
                      "Workers": []
                    },
                    {
                      "Node Type": "Hash",
                      "Parent Relationship": "Inner",
                      "Parallel Aware": true,
                      "Async Capable": false,
                      "Startup Cost": 37713.0,
                      "Total Cost": 37713.0,
                      "Plan Rows": 24462,
                      "Plan Width": 24,
                      "Actual Startup Time": 206.928,
                      "Actual Total Time": 206.929,
                      "Actual Rows": 18835,
                      "Actual Loops": 3,
                      "Hash Buckets": 65536,
                      "Original Hash Buckets": 65536,
                      "Hash Batches": 1,
                      "Original Hash Batches": 1,
                      "Peak Memory Usage": 3648,
                      "Shared Hit Blocks": 128,
                      "Shared Read Blocks": 28210,
                      "Shared Dirtied Blocks": 0,
                      "Shared Written Blocks": 0,
                      "Local Hit Blocks": 0,
                      "Local Read Blocks": 0,
                      "Local Dirtied Blocks": 0,
                      "Local Written Blocks": 0,
                      "Temp Read Blocks": 0,
                      "Temp Written Blocks": 0,
                      "Workers": [],
                      "Plans": [
                        {
                          "Node Type": "Seq Scan",
                          "Parent Relationship": "Outer",
                          "Parallel Aware": true,
                          "Async Capable": false,
                          "Relation Name": "orders",
                          "Alias": "o",
                          "Startup Cost": 0.0,
                          "Total Cost": 37713.0,
                          "Plan Rows": 24462,
                          "Plan Width": 24,
                          "Actual Startup Time": 0.704,
                          "Actual Total Time": 196.813,
                          "Actual Rows": 18835,
                          "Actual Loops": 3,
                          "Filter": "((o_orderdate >= '1995-01-01'::date) AND (o_orderdate <= '1995-03-31'::date))",
                          "Rows Removed by Filter": 481165,
                          "Shared Hit Blocks": 128,
                          "Shared Read Blocks": 28210,
                          "Shared Dirtied Blocks": 0,
                          "Shared Written Blocks": 0,
                          "Local Hit Blocks": 0,
                          "Local Read Blocks": 0,
                          "Local Dirtied Blocks": 0,
                          "Local Written Blocks": 0,
                          "Temp Read Blocks": 0,
                          "Temp Written Blocks": 0,
                          "Workers": []
                        }
                      ]
                    }
                  ]
                }
              ]
            }
          ]
        }
      ]
    },
    "Planning": {
      "Shared Hit Blocks": 7,
      "Shared Read Blocks": 9,
      "Shared Dirtied Blocks": 0,
      "Shared Written Blocks": 0,
      "Local Hit Blocks": 0,
      "Local Read Blocks": 0,
      "Local Dirtied Blocks": 0,
      "Local Written Blocks": 0,
      "Temp Read Blocks": 0,
      "Temp Written Blocks": 0
    },
    "Planning Time": 0.38,
    "Triggers": [],
    "Execution Time": 1870.505
  }
]