[
  {
    "Plan": {
      "Node Type": "Aggregate",
      "Strategy": "Sorted",
      "Partial Mode": "Finalize",
      "Parallel Aware": false,
      "Async Capable": false,
      "Startup Cost": 153759.52,
      "Total Cost": 153766.73,
      "Plan Rows": 6,
      "Plan Width": 76,
      "Actual Startup Time": 1240.419,
      "Actual Total Time": 1249.206,
      "Actual Rows": 1,
      "Actual Loops": 1,
      "Group Key": [
        "l_returnflag",
        "l_linestatus"
      ],
      "Shared Hit Blocks": 6753,
      "Shared Read Blocks": 114845,
      "Shared Dirtied Blocks": 0,
      "Shared Written Blocks": 0,
      "Local Hit Blocks": 0,
      "Local Read Blocks": 0,
      "Local Dirtied Blocks": 0,
      "Local Written Blocks": 0,
      "Temp Read Blocks": 0,
      "Temp Written Blocks": 0,
      "Plans": [
        {
          "Node Type": "Gather Merge",
          "Parent Relationship": "Outer",
          "Parallel Aware": false,
          "Async Capable": false,
          "Startup Cost": 153759.52,
          "Total Cost": 153766.43,
          "Plan Rows": 12,
          "Plan Width": 76,
          "Actual Startup Time": 1240.403,
          "Actual Total Time": 1249.19,
          "Actual Rows": 3,
          "Actual Loops": 1,
          "Workers Planned": 2,
          "Workers Launched": 2,
          "Shared Hit Blocks": 6753,
          "Shared Read Blocks": 114845,
          "Shared Dirtied Blocks": 0,
          "Shared Written Blocks": 0,
          "Local Hit Blocks": 0,
          "Local Read Blocks": 0,
          "Local Dirtied Blocks": 0,
          "Local Written Blocks": 0,
          "Temp Read Blocks": 0,
          "Temp Written Blocks": 0,
          "Plans": [
            {
              "Node Type": "Aggregate",
              "Strategy": "Sorted",
              "Partial Mode": "Partial",
              "Parent Relationship": "Outer",
              "Parallel Aware": false,
              "Async Capable": false,
              "Startup Cost": 152759.5,
              "Total Cost": 152765.02,
              "Plan Rows": 6,
              "Plan Width": 76,
              "Actual Startup Time": 1184.973,
              "Actual Total Time": 1184.974,
              "Actual Rows": 1,
              "Actual Loops": 3,
              "Group Key": [
                "l_returnflag",
                "l_linestatus"
              ],
              "Shared Hit Blocks": 6753,
              "Shared Read Blocks": 114845,
              "Shared Dirtied Blocks": 0,
              "Shared Written Blocks": 0,
              "Local Hit Blocks": 0,
              "Local Read Blocks": 0,
              "Local Dirtied Blocks": 0,
              "Local Written Blocks": 0,
              "Temp Read Blocks": 0,
              "Temp Written Blocks": 0,
              "Workers": [],
              "Plans": [
                {
                  "Node Type": "Sort",
                  "Parent Relationship": "Outer",
                  "Parallel Aware": false,
                  "Async Capable": false,
                  "Startup Cost": 152759.5,
                  "Total Cost": 152760.4,
                  "Plan Rows": 362,
                  "Plan Width": 17,
                  "Actual Startup Time": 1184.943,
                  "Actual Total Time": 1184.946,
                  "Actual Rows": 33,
                  "Actual Loops": 3,
                  "Sort Key": [
                    "l_returnflag",
                    "l_linestatus"
                  ],
                  "Sort Method": "quicksort",
                  "Sort Space Used": 26,
                  "Sort Space Type": "Memory",
                  "Shared Hit Blocks": 6753,
                  "Shared Read Blocks": 114845,
                  "Shared Dirtied Blocks": 0,
                  "Shared Written Blocks": 0,
                  "Local Hit Blocks": 0,
                  "Local Read Blocks": 0,
                  "Local Dirtied Blocks": 0,
                  "Local Written Blocks": 0,
                  "Temp Read Blocks": 0,
                  "Temp Written Blocks": 0,
                  "Workers": [
                    {
                      "Worker Number": 0,
                      "Sort Method": "quicksort",
                      "Sort Space Used": 26,
                      "Sort Space Type": "Memory"
                    },
                    {
                      "Worker Number": 1,
                      "Sort Method": "quicksort",
                      "Sort Space Used": 26,
                      "Sort Space Type": "Memory"
                    }
                  ],
                  "Plans": [
                    {
                      "Node Type": "Seq Scan",
                      "Parent Relationship": "Outer",
                      "Parallel Aware": true,
                      "Async Capable": false,
                      "Relation Name": "lineitem",
                      "Alias": "lineitem",
                      "Startup Cost": 0.0,
                      "Total Cost": 152744.11,
                      "Plan Rows": 362,
                      "Plan Width": 17,
                      "Actual Startup Time": 13.905,
                      "Actual Total Time": 1184.664,
                      "Actual Rows": 33,
                      "Actual Loops": 3,
                      "Filter": "(l_shipdate > '1998-11-28 00:00:00'::timestamp without time zone)",
                      "Rows Removed by Filter": 2000372,
                      "Shared Hit Blocks": 6641,
                      "Shared Read Blocks": 114845,
                      "Shared Dirtied Blocks": 0,
                      "Shared Written Blocks": 0,
                      "Local Hit Blocks": 0,
                      "Local Read Blocks": 0,
                      "Local Dirtied Blocks": 0,
                      "Local Written Blocks": 0,
                      "Temp Read Blocks": 0,
                      "Temp Written Blocks": 0,
                      "Workers": []
                    }
                  ]
                }
              ]
            }
          ]
        }
      ]
    },
    "Planning": {
      "Shared Hit Blocks": 3,
      "Shared Read Blocks": 2,
      "Shared Dirtied Blocks": 0,
      "Shared Written Blocks": 0,
      "Local Hit Blocks": 0,
      "Local Read Blocks": 0,
      "Local Dirtied Blocks": 0,
      "Local Written Blocks": 0,
      "Temp Read Blocks": 0,
      "Temp Written Blocks": 0
    },
    "Planning Time": 0.153,
    "Triggers": [],
    "Execution Time": 1249.265
  }
]