[
  {
    "Plan": {
      "Node Type": "Aggregate",
      "Strategy": "Plain",
      "Partial Mode": "Finalize",
      "Parallel Aware": false,
      "Async Capable": false,
      "Startup Cost": 178984.84,
      "Total Cost": 178984.85,
      "Plan Rows": 1,
      "Plan Width": 32,
      "Actual Startup Time": 1747.312,
      "Actual Total Time": 1756.03,
      "Actual Rows": 1,
      "Actual Loops": 1,
      "Shared Hit Blocks": 10743,
      "Shared Read Blocks": 110743,
      "Shared Dirtied Blocks": 0,
      "Shared Written Blocks": 0,
      "Local Hit Blocks": 0,
      "Local Read Blocks": 0,
      "Local Dirtied Blocks": 0,
      "Local Written Blocks": 0,
      "Temp Read Blocks": 0,
      "Temp Written Blocks": 0,
      "Plans": [
        {
          "Node Type": "Gather",
          "Parent Relationship": "Outer",
          "Parallel Aware": false,
          "Async Capable": false,
          "Startup Cost": 178984.61,
          "Total Cost": 178984.82,
          "Plan Rows": 2,
          "Plan Width": 32,
          "Actual Startup Time": 1746.196,
          "Actual Total Time": 1756.014,
          "Actual Rows": 3,
          "Actual Loops": 1,
          "Workers Planned": 2,
          "Workers Launched": 2,
          "Single Copy": false,
          "Shared Hit Blocks": 10743,
          "Shared Read Blocks": 110743,
          "Shared Dirtied Blocks": 0,
          "Shared Written Blocks": 0,
          "Local Hit Blocks": 0,
          "Local Read Blocks": 0,
          "Local Dirtied Blocks": 0,
          "Local Written Blocks": 0,
          "Temp Read Blocks": 0,
          "Temp Written Blocks": 0,
          "Plans": [
            {
              "Node Type": "Aggregate",
              "Strategy": "Plain",
              "Partial Mode": "Partial",
              "Parent Relationship": "Outer",
              "Parallel Aware": false,
              "Async Capable": false,
              "Startup Cost": 177984.61,
              "Total Cost": 177984.62,
              "Plan Rows": 1,
              "Plan Width": 32,
              "Actual Startup Time": 1706.564,
              "Actual Total Time": 1706.565,
              "Actual Rows": 1,
              "Actual Loops": 3,
              "Shared Hit Blocks": 10743,
              "Shared Read Blocks": 110743,
              "Shared Dirtied Blocks": 0,
              "Shared Written Blocks": 0,
              "Local Hit Blocks": 0,
              "Local Read Blocks": 0,
              "Local Dirtied Blocks": 0,
              "Local Written Blocks": 0,
              "Temp Read Blocks": 0,
              "Temp Written Blocks": 0,
              "Workers": [],
              "Plans": [
                {
                  "Node Type": "Seq Scan",
                  "Parent Relationship": "Outer",
                  "Parallel Aware": true,
                  "Async Capable": false,
                  "Relation Name": "lineitem",
                  "Alias": "lineitem",
                  "Startup Cost": 0.0,
                  "Total Cost": 177750.61,
                  "Plan Rows": 93602,
                  "Plan Width": 8,
                  "Actual Startup Time": 0.562,
                  "Actual Total Time": 1690.767,
                  "Actual Rows": 76068,
                  "Actual Loops": 3,
                  "Filter": "((l_quantity < '24'::numeric) AND (l_discount >= 0.05) AND (l_discount <= 0.07) AND (l_shipdate >= '1993-01-01'::date) AND (l_shipdate < '1995-01-01'::date))",
                  "Rows Removed by Filter": 1924337,
                  "Shared Hit Blocks": 10743,
                  "Shared Read Blocks": 110743,
                  "Shared Dirtied Blocks": 0,
                  "Shared Written Blocks": 0,
                  "Local Hit Blocks": 0,
                  "Local Read Blocks": 0,
                  "Local Dirtied Blocks": 0,
                  "Local Written Blocks": 0,
                  "Temp Read Blocks": 0,
                  "Temp Written Blocks": 0,
                  "Workers": []
                }
              ]
            }
          ]
        }
      ]
    },
    "Planning": {
      "Shared Hit Blocks": 0,
      "Shared Read Blocks": 0,
      "Shared Dirtied Blocks": 0,
      "Shared Written Blocks": 0,
      "Local Hit Blocks": 0,
      "Local Read Blocks": 0,
      "Local Dirtied Blocks": 0,
      "Local Written Blocks": 0,
      "Temp Read Blocks": 0,
      "Temp Written Blocks": 0
    },
    "Planning Time": 0.15,
    "Triggers": [],
    "Execution Time": 1756.069
  }
]