[
  {
    "Plan": {
      "Node Type": "Unique",
      "Parallel Aware": false,
      "Async Capable": false,
      "Startup Cost": 223034.25,
      "Total Cost": 259370.85,
      "Plan Rows": 150000,
      "Plan Width": 25,
      "Actual Startup Time": 3403.363,
      "Actual Total Time": 3729.777,
      "Actual Rows": 82017,
      "Actual Loops": 1,
      "Shared Hit Blocks": 10134,
      "Shared Read Blocks": 143637,
      "Shared Dirtied Blocks": 0,
      "Shared Written Blocks": 0,
      "Local Hit Blocks": 0,
      "Local Read Blocks": 0,
      "Local Dirtied Blocks": 0,
      "Local Written Blocks": 0,
      "Temp Read Blocks": 2517,
      "Temp Written Blocks": 2520,
      "Plans": [
        {
          "Node Type": "Gather Merge",
          "Parent Relationship": "Outer",
          "Parallel Aware": false,
          "Async Capable": false,
          "Startup Cost": 223034.25,
          "Total Cost": 258620.85,
          "Plan Rows": 300000,
          "Plan Width": 25,
          "Actual Startup Time": 3403.362,
          "Actual Total Time": 3700.907,
          "Actual Rows": 137826,
          "Actual Loops": 1,
          "Workers Planned": 2,
          "Workers Launched": 2,
          "Shared Hit Blocks": 10134,
          "Shared Read Blocks": 143637,
          "Shared Dirtied Blocks": 0,
          "Shared Written Blocks": 0,
          "Local Hit Blocks": 0,
          "Local Read Blocks": 0,
          "Local Dirtied Blocks": 0,
          "Local Written Blocks": 0,
          "Temp Read Blocks": 2517,
          "Temp Written Blocks": 2520,
          "Plans": [
            {
              "Node Type": "Unique",
              "Parent Relationship": "Outer",
              "Parallel Aware": false,
              "Async Capable": false,
              "Startup Cost": 222034.22,
              "Total Cost": 222993.38,
              "Plan Rows": 150000,
              "Plan Width": 25,
              "Actual Startup Time": 3289.118,
              "Actual Total Time": 3409.211,
              "Actual Rows": 45942,
              "Actual Loops": 3,
              "Shared Hit Blocks": 10134,
              "Shared Read Blocks": 143637,
              "Shared Dirtied Blocks": 0,
              "Shared Written Blocks": 0,
              "Local Hit Blocks": 0,
              "Local Read Blocks": 0,
              "Local Dirtied Blocks": 0,
              "Local Written Blocks": 0,
              "Temp Read Blocks": 2517,
              "Temp Written Blocks": 2520,
              "Workers": [],
              "Plans": [
                {
                  "Node Type": "Sort",
                  "Parent Relationship": "Outer",
                  "Parallel Aware": false,
                  "Async Capable": false,
                  "Startup Cost": 222034.22,
                  "Total Cost": 222513.8,
                  "Plan Rows": 191831,
                  "Plan Width": 25,
                  "Actual Startup Time": 3289.115,
                  "Actual Total Time": 3369.5,
                  "Actual Rows": 227772,
                  "Actual Loops": 3,
                  "Sort Key": [
                    "c.c_address"
                  ],
                  "Sort Method": "external merge",
                  "Sort Space Used": 6408,
                  "Sort Space Type": "Disk",
                  "Shared Hit Blocks": 10134,
                  "Shared Read Blocks": 143637,
                  "Shared Dirtied Blocks": 0,
                  "Shared Written Blocks": 0,
                  "Local Hit Blocks": 0,
                  "Local Read Blocks": 0,
                  "Local Dirtied Blocks": 0,
                  "Local Written Blocks": 0,
                  "Temp Read Blocks": 2517,
                  "Temp Written Blocks": 2520,
                  "Workers": [
                    {
                      "Worker Number": 0,
                      "Sort Method": "external merge",
                      "Sort Space Used": 7016,
                      "Sort Space Type": "Disk"
                    },
                    {
                      "Worker Number": 1,
                      "Sort Method": "external merge",
                      "Sort Space Used": 6712,
                      "Sort Space Type": "Disk"
                    }
                  ],
                  "Plans": [
                    {
                      "Node Type": "Hash Join",
                      "Parent Relationship": "Outer",
                      "Parallel Aware": true,
                      "Async Capable": false,
                      "Join Type": "Inner",
                      "Startup Cost": 44053.29,
                      "Total Cost": 200609.56,
                      "Plan Rows": 191831,
                      "Plan Width": 25,
                      "Actual Startup Time": 275.782,
                      "Actual Total Time": 1992.847,
                      "Actual Rows": 227772,
                      "Actual Loops": 3,
                      "Inner Unique": true,
                      "Hash Cond": "(o.o_custkey = c.c_custkey)",
                      "Shared Hit Blocks": 10031,
                      "Shared Read Blocks": 143626,
                      "Shared Dirtied Blocks": 0,
                      "Shared Written Blocks": 0,
                      "Local Hit Blocks": 0,
                      "Local Read Blocks": 0,
                      "Local Dirtied Blocks": 0,
                      "Local Written Blocks": 0,
                      "Temp Read Blocks": 0,
                      "Temp Written Blocks": 0,
                      "Workers": [],
                      "Plans": [
                        {
                          "Node Type": "Hash Join",
                          "Parent Relationship": "Outer",
                          "Parallel Aware": true,
                          "Async Capable": false,
                          "Join Type": "Inner",
                          "Startup Cost": 38902.04,
                          "Total Cost": 194954.74,
                          "Plan Rows": 191831,
                          "Plan Width": 4,
                          "Actual Startup Time": 239.874,
                          "Actual Total Time": 1863.757,
                          "Actual Rows": 227772,
                          "Actual Loops": 3,
                          "Inner Unique": true,
                          "Hash Cond": "(l.l_orderkey = o.o_orderkey)",
                          "Shared Hit Blocks": 6331,
                          "Shared Read Blocks": 143523,
                          "Shared Dirtied Blocks": 0,
                          "Shared Written Blocks": 0,
                          "Local Hit Blocks": 0,
                          "Local Read Blocks": 0,
                          "Local Dirtied Blocks": 0,
                          "Local Written Blocks": 0,
                          "Temp Read Blocks": 0,
                          "Temp Written Blocks": 0,
                          "Workers": [],
                          "Plans": [
                            {
                              "Node Type": "Seq Scan",
                              "Parent Relationship": "Outer",
                              "Parallel Aware": true,
                              "Async Capable": false,
                              "Relation Name": "lineitem",
                              "Alias": "l",
                              "Startup Cost": 0.0,
                              "Total Cost": 152744.11,
                              "Plan Rows": 1260410,
                              "Plan Width": 8,
                              "Actual Startup Time": 1.006,
                              "Actual Total Time": 1367.305,
                              "Actual Rows": 1014617,
                              "Actual Loops": 3,
                              "Filter": "(l_returnflag = 'N'::bpchar)",
                              "Rows Removed by Filter": 985788,
                              "Shared Hit Blocks": 6202,
                              "Shared Read Blocks": 115284,
                              "Shared Dirtied Blocks": 0,
                              "Shared Written Blocks": 0,
                              "Local Hit Blocks": 0,
                              "Local Read Blocks": 0,
                              "Local Dirtied Blocks": 0,
                              "Local Written Blocks": 0,
                              "Temp Read Blocks": 0,
                              "Temp Written Blocks": 0,
                              "Workers": []
                            },
                            {
                              "Node Type": "Hash",
                              "Parent Relationship": "Inner",
                              "Parallel Aware": true,
                              "Async Capable": false,
                              "Startup Cost": 37713.0,
                              "Total Cost": 37713.0,
                              "Plan Rows": 95123,
                              "Plan Width": 12,
                              "Actual Startup Time": 238.21,
                              "Actual Total Time": 238.211,
                              "Actual Rows": 76212,
                              "Actual Loops": 3,
                              "Hash Buckets": 262144,
                              "Original Hash Buckets": 262144,
                              "Hash Batches": 1,
                              "Original Hash Batches": 1,
                              "Peak Memory Usage": 12832,
                              "Shared Hit Blocks": 100,
                              "Shared Read Blocks": 28238,
                              "Shared Dirtied Blocks": 0,
                              "Shared Written Blocks": 0,
                              "Local Hit Blocks": 0,
                              "Local Read Blocks": 0,
                              "Local Dirtied Blocks": 0,
                              "Local Written Blocks": 0,
                              "Temp Read Blocks": 0,
                              "Temp Written Blocks": 0,
                              "Workers": [],
                              "Plans": [
                                {
                                  "Node Type": "Seq Scan",
                                  "Parent Relationship": "Outer",
                                  "Parallel Aware": true,
                                  "Async Capable": false,
                                  "Relation Name": "orders",
                                  "Alias": "o",
                                  "Startup Cost": 0.0,
                                  "Total Cost": 37713.0,
                                  "Plan Rows": 95123,
                                  "Plan Width": 12,
                                  "Actual Startup Time": 0.801,
                                  "Actual Total Time": 206.585,
                                  "Actual Rows": 76212,
                                  "Actual Loops": 3,
                                  "Filter": "((o_orderdate >= '1995-01-01'::date) AND (o_orderdate <= '1995-12-31'::date))",
                                  "Rows Removed by Filter": 423788,
                                  "Shared Hit Blocks": 100,
                                  "Shared Read Blocks": 28238,
                                  "Shared Dirtied Blocks": 0,
                                  "Shared Written Blocks": 0,
                                  "Local Hit Blocks": 0,
                                  "Local Read Blocks": 0,
                                  "Local Dirtied Blocks": 0,
                                  "Local Written Blocks": 0,
                                  "Temp Read Blocks": 0,
                                  "Temp Written Blocks": 0,
                                  "Workers": []
                                }
                              ]
                            }
                          ]
                        },
                        {
                          "Node Type": "Hash",
                          "Parent Relationship": "Inner",
                          "Parallel Aware": true,
                          "Async Capable": false,
                          "Startup Cost": 4370.0,
                          "Total Cost": 4370.0,
                          "Plan Rows": 62500,
                          "Plan Width": 29,
                          "Actual Startup Time": 34.18,
                          "Actual Total Time": 34.181,
                          "Actual Rows": 50000,
                          "Actual Loops": 3,
                          "Hash Buckets": 262144,
                          "Original Hash Buckets": 262144,
                          "Hash Batches": 1,
                          "Original Hash Batches": 1,
                          "Peak Memory Usage": 11712,
                          "Shared Hit Blocks": 3654,
                          "Shared Read Blocks": 91,
                          "Shared Dirtied Blocks": 0,
                          "Shared Written Blocks": 0,
                          "Local Hit Blocks": 0,
                          "Local Read Blocks": 0,
                          "Local Dirtied Blocks": 0,
                          "Local Written Blocks": 0,
                          "Temp Read Blocks": 0,
                          "Temp Written Blocks": 0,
                          "Workers": [],
                          "Plans": [
                            {
                              "Node Type": "Seq Scan",
                              "Parent Relationship": "Outer",
                              "Parallel Aware": true,
                              "Async Capable": false,
                              "Relation Name": "customer",
                              "Alias": "c",
                              "Startup Cost": 0.0,
                              "Total Cost": 4370.0,
                              "Plan Rows": 62500,
                              "Plan Width": 29,
                              "Actual Startup Time": 0.022,
                              "Actual Total Time": 12.985,
                              "Actual Rows": 50000,
                              "Actual Loops": 3,
                              "Shared Hit Blocks": 3654,
                              "Shared Read Blocks": 91,
                              "Shared Dirtied Blocks": 0,
                              "Shared Written Blocks": 0,
                              "Local Hit Blocks": 0,
                              "Local Read Blocks": 0,
                              "Local Dirtied Blocks": 0,
                              "Local Written Blocks": 0,
                              "Temp Read Blocks": 0,
                              "Temp Written Blocks": 0,
                              "Workers": []
                            }
                          ]
                        }
                      ]
                    }
                  ]
                }
              ]
            }
          ]
        }
      ]
    },
    "Planning": {
      "Shared Hit Blocks": 6,
      "Shared Read Blocks": 18,
      "Shared Dirtied Blocks": 0,
      "Shared Written Blocks": 0,
      "Local Hit Blocks": 0,
      "Local Read Blocks": 0,
      "Local Dirtied Blocks": 0,
      "Local Written Blocks": 0,
      "Temp Read Blocks": 0,
      "Temp Written Blocks": 0
    },
    "Planning Time": 0.542,
    "Triggers": [],
    "Execution Time": 3742.302
  }
]