[
  {
    "Plan": {
      "Node Type": "Sort",
      "Parallel Aware": false,
      "Async Capable": false,
      "Startup Cost": 761431.08,
      "Total Cost": 762648.15,
      "Plan Rows": 486826,
      "Plan Width": 75,
      "Actual Startup Time": 8963.549,
      "Actual Total Time": 8974.391,
      "Actual Rows": 41815,
      "Actual Loops": 1,
      "Sort Key": [
        "orders.o_totalprice DESC",
        "orders.o_orderdate"
      ],
      "Sort Method": "quicksort",
      "Sort Space Used": 3797,
      "Sort Space Type": "Memory",
      "Shared Hit Blocks": 311231,
      "Shared Read Blocks": 330691,
      "Shared Dirtied Blocks": 0,
      "Shared Written Blocks": 0,
      "Local Hit Blocks": 0,
      "Local Read Blocks": 0,
      "Local Dirtied Blocks": 0,
      "Local Written Blocks": 0,
      "Temp Read Blocks": 0,
      "Temp Written Blocks": 0,
      "Plans": [
        {
          "Node Type": "Aggregate",
          "Strategy": "Sorted",
          "Partial Mode": "Finalize",
          "Parent Relationship": "Outer",
          "Parallel Aware": false,
          "Async Capable": false,
          "Startup Cost": 632276.8,
          "Total Cost": 693809.45,
          "Plan Rows": 486826,
          "Plan Width": 75,
          "Actual Startup Time": 8865.231,
          "Actual Total Time": 8940.958,
          "Actual Rows": 41815,
          "Actual Loops": 1,
          "Group Key": [
            "customer.c_custkey",
            "orders.o_orderkey"
          ],
          "Shared Hit Blocks": 311231,
          "Shared Read Blocks": 330691,
          "Shared Dirtied Blocks": 0,
          "Shared Written Blocks": 0,
          "Local Hit Blocks": 0,
          "Local Read Blocks": 0,
          "Local Dirtied Blocks": 0,
          "Local Written Blocks": 0,
          "Temp Read Blocks": 0,
          "Temp Written Blocks": 0,
          "Plans": [
            {
              "Node Type": "Gather Merge",
              "Parent Relationship": "Outer",
              "Parallel Aware": false,
              "Async Capable": false,
              "Startup Cost": 632276.8,
              "Total Cost": 683667.25,
              "Plan Rows": 405688,
              "Plan Width": 75,
              "Actual Startup Time": 8865.218,
              "Actual Total Time": 8901.651,
              "Actual Rows": 41815,
              "Actual Loops": 1,
              "Workers Planned": 2,
              "Workers Launched": 2,
              "Shared Hit Blocks": 311231,
              "Shared Read Blocks": 330691,
              "Shared Dirtied Blocks": 0,
              "Shared Written Blocks": 0,
              "Local Hit Blocks": 0,
              "Local Read Blocks": 0,
              "Local Dirtied Blocks": 0,
              "Local Written Blocks": 0,
              "Temp Read Blocks": 0,
              "Temp Written Blocks": 0,
              "Plans": [
                {
                  "Node Type": "Aggregate",
                  "Strategy": "Sorted",
                  "Partial Mode": "Partial",
                  "Parent Relationship": "Outer",
                  "Parallel Aware": false,
                  "Async Capable": false,
                  "Startup Cost": 631276.77,
                  "Total Cost": 635840.76,
                  "Plan Rows": 202844,
                  "Plan Width": 75,
                  "Actual Startup Time": 8810.479,
                  "Actual Total Time": 8827.406,
                  "Actual Rows": 13938,
                  "Actual Loops": 3,
                  "Group Key": [
                    "customer.c_custkey",
                    "orders.o_orderkey"
                  ],
                  "Shared Hit Blocks": 311231,
                  "Shared Read Blocks": 330691,
                  "Shared Dirtied Blocks": 0,
                  "Shared Written Blocks": 0,
                  "Local Hit Blocks": 0,
                  "Local Read Blocks": 0,
                  "Local Dirtied Blocks": 0,
                  "Local Written Blocks": 0,
                  "Temp Read Blocks": 0,
                  "Temp Written Blocks": 0,
                  "Workers": [],
                  "Plans": [
                    {
                      "Node Type": "Sort",
                      "Parent Relationship": "Outer",
                      "Parallel Aware": false,
                      "Async Capable": false,
                      "Startup Cost": 631276.77,
                      "Total Cost": 631783.88,
                      "Plan Rows": 202844,
                      "Plan Width": 48,
                      "Actual Startup Time": 8810.464,
                      "Actual Total Time": 8813.399,
                      "Actual Rows": 15077,
                      "Actual Loops": 3,
                      "Sort Key": [
                        "customer.c_custkey",
                        "orders.o_orderkey"
                      ],
                      "Sort Method": "quicksort",
                      "Sort Space Used": 1430,
                      "Sort Space Type": "Memory",
                      "Shared Hit Blocks": 311231,
                      "Shared Read Blocks": 330691,
                      "Shared Dirtied Blocks": 0,
                      "Shared Written Blocks": 0,
                      "Local Hit Blocks": 0,
                      "Local Read Blocks": 0,
                      "Local Dirtied Blocks": 0,
                      "Local Written Blocks": 0,
                      "Temp Read Blocks": 0,
                      "Temp Written Blocks": 0,
                      "Workers": [
                        {
                          "Worker Number": 0,
                          "Sort Method": "quicksort",
                          "Sort Space Used": 1416,
                          "Sort Space Type": "Memory"
                        },
                        {
                          "Worker Number": 1,
                          "Sort Method": "quicksort",
                          "Sort Space Used": 1488,
                          "Sort Space Type": "Memory"
                        }
                      ],
                      "Plans": [
                        {
                          "Node Type": "Nested Loop",
                          "Parent Relationship": "Outer",
                          "Parallel Aware": false,
                          "Async Capable": false,
                          "Join Type": "Inner",
                          "Startup Cost": 505505.85,
                          "Total Cost": 607155.56,
                          "Plan Rows": 202844,
                          "Plan Width": 48,
                          "Actual Startup Time": 7440.482,
                          "Actual Total Time": 8796.734,
                          "Actual Rows": 15077,
                          "Actual Loops": 3,
                          "Inner Unique": false,
                          "Shared Hit Blocks": 311201,
                          "Shared Read Blocks": 330691,
                          "Shared Dirtied Blocks": 0,
                          "Shared Written Blocks": 0,
                          "Local Hit Blocks": 0,
                          "Local Read Blocks": 0,
                          "Local Dirtied Blocks": 0,
                          "Local Written Blocks": 0,
                          "Temp Read Blocks": 0,
                          "Temp Written Blocks": 0,
                          "Workers": [],
                          "Plans": [
                            {
                              "Node Type": "Hash Join",
                              "Parent Relationship": "Outer",
                              "Parallel Aware": false,
                              "Async Capable": false,
                              "Join Type": "Inner",
                              "Startup Cost": 505505.41,
                              "Total Cost": 543374.71,
                              "Plan Rows": 50698,
                              "Plan Width": 51,
                              "Actual Startup Time": 7440.432,
                              "Actual Total Time": 8103.221,
                              "Actual Rows": 13938,
                              "Actual Loops": 3,
                              "Inner Unique": true,
                              "Hash Cond": "(orders.o_orderkey = lineitem.l_orderkey)",
                              "Shared Hit Blocks": 198196,
                              "Shared Read Blocks": 276366,
                              "Shared Dirtied Blocks": 0,
                              "Shared Written Blocks": 0,
                              "Local Hit Blocks": 0,
                              "Local Read Blocks": 0,
                              "Local Dirtied Blocks": 0,
                              "Local Written Blocks": 0,
                              "Temp Read Blocks": 0,
                              "Temp Written Blocks": 0,
                              "Workers": [],
                              "Plans": [
                                {
                                  "Node Type": "Hash Join",
                                  "Parent Relationship": "Outer",
                                  "Parallel Aware": true,
                                  "Async Capable": false,
                                  "Join Type": "Inner",
                                  "Startup Cost": 5151.25,
                                  "Total Cost": 41379.92,
                                  "Plan Rows": 625000,
                                  "Plan Width": 43,
                                  "Actual Startup Time": 63.409,
                                  "Actual Total Time": 580.079,
                                  "Actual Rows": 500000,
                                  "Actual Loops": 3,
                                  "Inner Unique": true,
                                  "Hash Cond": "(orders.o_custkey = customer.c_custkey)",
                                  "Shared Hit Blocks": 93,
                                  "Shared Read Blocks": 32012,
                                  "Shared Dirtied Blocks": 0,
                                  "Shared Written Blocks": 0,
                                  "Local Hit Blocks": 0,
                                  "Local Read Blocks": 0,
                                  "Local Dirtied Blocks": 0,
                                  "Local Written Blocks": 0,
                                  "Temp Read Blocks": 0,
                                  "Temp Written Blocks": 0,
                                  "Workers": [],
                                  "Plans": [
                                    {
                                      "Node Type": "Seq Scan",
                                      "Parent Relationship": "Outer",
                                      "Parallel Aware": true,
                                      "Async Capable": false,
                                      "Relation Name": "orders",
                                      "Alias": "orders",
                                      "Startup Cost": 0.0,
                                      "Total Cost": 34588.0,
                                      "Plan Rows": 625000,
                                      "Plan Width": 24,
                                      "Actual Startup Time": 0.034,
                                      "Actual Total Time": 164.096,
                                      "Actual Rows": 500000,
                                      "Actual Loops": 3,
                                      "Shared Hit Blocks": 4,
                                      "Shared Read Blocks": 28334,
                                      "Shared Dirtied Blocks": 0,
                                      "Shared Written Blocks": 0,
                                      "Local Hit Blocks": 0,
                                      "Local Read Blocks": 0,
                                      "Local Dirtied Blocks": 0,
                                      "Local Written Blocks": 0,
                                      "Temp Read Blocks": 0,
                                      "Temp Written Blocks": 0,
                                      "Workers": []
                                    },
                                    {
                                      "Node Type": "Hash",
                                      "Parent Relationship": "Inner",
                                      "Parallel Aware": true,
                                      "Async Capable": false,
                                      "Startup Cost": 4370.0,
                                      "Total Cost": 4370.0,
                                      "Plan Rows": 62500,
                                      "Plan Width": 23,
                                      "Actual Startup Time": 62.892,
                                      "Actual Total Time": 62.894,
                                      "Actual Rows": 50000,
                                      "Actual Loops": 3,
                                      "Hash Buckets": 262144,
                                      "Original Hash Buckets": 262144,
                                      "Hash Batches": 1,
                                      "Original Hash Batches": 1,
                                      "Peak Memory Usage": 10304,
                                      "Shared Hit Blocks": 67,
                                      "Shared Read Blocks": 3678,
                                      "Shared Dirtied Blocks": 0,
                                      "Shared Written Blocks": 0,
                                      "Local Hit Blocks": 0,
                                      "Local Read Blocks": 0,
                                      "Local Dirtied Blocks": 0,
                                      "Local Written Blocks": 0,
                                      "Temp Read Blocks": 0,
                                      "Temp Written Blocks": 0,
                                      "Workers": [],
                                      "Plans": [
                                        {
                                          "Node Type": "Seq Scan",
                                          "Parent Relationship": "Outer",
                                          "Parallel Aware": true,
                                          "Async Capable": false,
                                          "Relation Name": "customer",
                                          "Alias": "customer",
                                          "Startup Cost": 0.0,
                                          "Total Cost": 4370.0,
                                          "Plan Rows": 62500,
                                          "Plan Width": 23,
                                          "Actual Startup Time": 0.268,
                                          "Actual Total Time": 40.743,
                                          "Actual Rows": 50000,
                                          "Actual Loops": 3,
                                          "Shared Hit Blocks": 67,
                                          "Shared Read Blocks": 3678,
                                          "Shared Dirtied Blocks": 0,
                                          "Shared Written Blocks": 0,
                                          "Local Hit Blocks": 0,
                                          "Local Read Blocks": 0,
                                          "Local Dirtied Blocks": 0,
                                          "Local Written Blocks": 0,
                                          "Temp Read Blocks": 0,
                                          "Temp Written Blocks": 0,
                                          "Workers": []
                                        }
                                      ]
                                    }
                                  ]
                                },
                                {
                                  "Node Type": "Hash",
                                  "Parent Relationship": "Inner",
                                  "Parallel Aware": false,
                                  "Async Capable": false,
                                  "Startup Cost": 498833.23,
                                  "Total Cost": 498833.23,
                                  "Plan Rows": 121675,
                                  "Plan Width": 8,
                                  "Actual Startup Time": 7375.831,
                                  "Actual Total Time": 7375.832,
                                  "Actual Rows": 41815,
                                  "Actual Loops": 3,
                                  "Hash Buckets": 131072,
                                  "Original Hash Buckets": 131072,
                                  "Hash Batches": 1,
                                  "Original Hash Batches": 1,
                                  "Peak Memory Usage": 2658,
                                  "Shared Hit Blocks": 198081,
                                  "Shared Read Blocks": 244352,
                                  "Shared Dirtied Blocks": 0,
                                  "Shared Written Blocks": 0,
                                  "Local Hit Blocks": 0,
                                  "Local Read Blocks": 0,
                                  "Local Dirtied Blocks": 0,
                                  "Local Written Blocks": 0,
                                  "Temp Read Blocks": 0,
                                  "Temp Written Blocks": 0,
                                  "Workers": [],
                                  "Plans": [
                                    {
                                      "Node Type": "Aggregate",
                                      "Strategy": "Sorted",
                                      "Partial Mode": "Simple",
                                      "Parent Relationship": "Outer",
                                      "Parallel Aware": false,
                                      "Async Capable": false,
                                      "Startup Cost": 0.43,
                                      "Total Cost": 498833.23,
                                      "Plan Rows": 121675,
                                      "Plan Width": 8,
                                      "Actual Startup Time": 0.631,
                                      "Actual Total Time": 7349.194,
                                      "Actual Rows": 41815,
                                      "Actual Loops": 3,
                                      "Group Key": [
                                        "lineitem.l_orderkey"
                                      ],
                                      "Filter": "(sum(lineitem.l_quantity) < '10'::numeric)",
                                      "Rows Removed by Filter": 1458185,
                                      "Shared Hit Blocks": 198081,
                                      "Shared Read Blocks": 244352,
                                      "Shared Dirtied Blocks": 0,
                                      "Shared Written Blocks": 0,
                                      "Local Hit Blocks": 0,
                                      "Local Read Blocks": 0,
                                      "Local Dirtied Blocks": 0,
                                      "Local Written Blocks": 0,
                                      "Temp Read Blocks": 0,
                                      "Temp Written Blocks": 0,
                                      "Workers": [],
                                      "Plans": [
                                        {
                                          "Node Type": "Index Scan",
                                          "Parent Relationship": "Outer",
                                          "Parallel Aware": false,
                                          "Async Capable": false,
                                          "Scan Direction": "Forward",
                                          "Index Name": "pk_lineitem",
                                          "Relation Name": "lineitem",
                                          "Alias": "lineitem",
                                          "Startup Cost": 0.43,
                                          "Total Cost": 463350.06,
                                          "Plan Rows": 6001558,
                                          "Plan Width": 13,
                                          "Actual Startup Time": 0.524,
                                          "Actual Total Time": 5140.941,
                                          "Actual Rows": 6001215,
                                          "Actual Loops": 3,
                                          "Shared Hit Blocks": 198081,
                                          "Shared Read Blocks": 244352,
                                          "Shared Dirtied Blocks": 0,
                                          "Shared Written Blocks": 0,
                                          "Local Hit Blocks": 0,
                                          "Local Read Blocks": 0,
                                          "Local Dirtied Blocks": 0,
                                          "Local Written Blocks": 0,
                                          "Temp Read Blocks": 0,
                                          "Temp Written Blocks": 0,
                                          "Workers": []
                                        }
                                      ]
                                    }
                                  ]
                                }
                              ]
                            },
                            {
                              "Node Type": "Index Scan",
                              "Parent Relationship": "Inner",
                              "Parallel Aware": false,
                              "Async Capable": false,
                              "Scan Direction": "Forward",
                              "Index Name": "pk_lineitem",
                              "Relation Name": "lineitem",
                              "Alias": "l",
                              "Startup Cost": 0.43,
                              "Total Cost": 1.1,
                              "Plan Rows": 16,
                              "Plan Width": 13,
                              "Actual Startup Time": 0.048,
                              "Actual Total Time": 0.049,
                              "Actual Rows": 1,
                              "Actual Loops": 41815,
                              "Index Cond": "(l_orderkey = orders.o_orderkey)",
                              "Rows Removed by Index Recheck": 0,
                              "Shared Hit Blocks": 113005,
                              "Shared Read Blocks": 54325,
                              "Shared Dirtied Blocks": 0,
                              "Shared Written Blocks": 0,
                              "Local Hit Blocks": 0,
                              "Local Read Blocks": 0,
                              "Local Dirtied Blocks": 0,
                              "Local Written Blocks": 0,
                              "Temp Read Blocks": 0,
                              "Temp Written Blocks": 0,
                              "Workers": []
                            }
                          ]
                        }
                      ]
                    }
                  ]
                }
              ]
            }
          ]
        }
      ]
    },
    "Planning": {
      "Shared Hit Blocks": 18,
      "Shared Read Blocks": 12,
      "Shared Dirtied Blocks": 0,
      "Shared Written Blocks": 0,
      "Local Hit Blocks": 0,
      "Local Read Blocks": 0,
      "Local Dirtied Blocks": 0,
      "Local Written Blocks": 0,
      "Temp Read Blocks": 0,
      "Temp Written Blocks": 0
    },
    "Planning Time": 0.838,
    "Triggers": [],
    "Execution Time": 8978.127
  }
]