[
  {
    "Plan": {
      "Node Type": "Sort",
      "Parallel Aware": false,
      "Async Capable": false,
      "Startup Cost": 298466.17,
      "Total Cost": 298466.18,
      "Plan Rows": 1,
      "Plan Width": 51,
      "Actual Startup Time": 5047.519,
      "Actual Total Time": 5047.58,
      "Actual Rows": 1143,
      "Actual Loops": 1,
      "Sort Key": [
        "s.s_name"
      ],
      "Sort Method": "quicksort",
      "Sort Space Used": 129,
      "Sort Space Type": "Memory",
      "Shared Hit Blocks": 16350,
      "Shared Read Blocks": 114240,
      "Shared Dirtied Blocks": 0,
      "Shared Written Blocks": 0,
      "Local Hit Blocks": 0,
      "Local Read Blocks": 0,
      "Local Dirtied Blocks": 0,
      "Local Written Blocks": 0,
      "Temp Read Blocks": 4394,
      "Temp Written Blocks": 12011,
      "Plans": [
        {
          "Node Type": "Nested Loop",
          "Parent Relationship": "Outer",
          "Parallel Aware": false,
          "Async Capable": false,
          "Join Type": "Inner",
          "Startup Cost": 280392.51,
          "Total Cost": 298466.16,
          "Plan Rows": 1,
          "Plan Width": 51,
          "Actual Startup Time": 3915.289,
          "Actual Total Time": 5042.957,
          "Actual Rows": 1143,
          "Actual Loops": 1,
          "Inner Unique": true,
          "Join Filter": "((s.s_suppkey = ps.ps_suppkey) AND (ps.ps_partkey = p.p_partkey))",
          "Rows Removed by Join Filter": 0,
          "Shared Hit Blocks": 16350,
          "Shared Read Blocks": 114240,
          "Shared Dirtied Blocks": 0,
          "Shared Written Blocks": 0,
          "Local Hit Blocks": 0,
          "Local Read Blocks": 0,
          "Local Dirtied Blocks": 0,
          "Local Written Blocks": 0,
          "Temp Read Blocks": 4394,
          "Temp Written Blocks": 12011,
          "Plans": [
            {
              "Node Type": "Hash Join",
              "Parent Relationship": "Outer",
              "Parallel Aware": false,
              "Async Capable": false,
              "Join Type": "Inner",
              "Startup Cost": 280392.09,
              "Total Cost": 298095.76,
              "Plan Rows": 591,
              "Plan Width": 99,
              "Actual Startup Time": 3915.246,
              "Actual Total Time": 5005.14,
              "Actual Rows": 1144,
              "Actual Loops": 1,
              "Inner Unique": false,
              "Hash Cond": "(lineitem.l_suppkey = s.s_suppkey)",
              "Shared Hit Blocks": 12880,
              "Shared Read Blocks": 113134,
              "Shared Dirtied Blocks": 0,
              "Shared Written Blocks": 0,
              "Local Hit Blocks": 0,
              "Local Read Blocks": 0,
              "Local Dirtied Blocks": 0,
              "Local Written Blocks": 0,
              "Temp Read Blocks": 4394,
              "Temp Written Blocks": 12011,
              "Plans": [
                {
                  "Node Type": "Hash Join",
                  "Parent Relationship": "Outer",
                  "Parallel Aware": false,
                  "Async Capable": false,
                  "Join Type": "Inner",
                  "Startup Cost": 280032.06,
                  "Total Cost": 297674.39,
                  "Plan Rows": 14784,
                  "Plan Width": 44,
                  "Actual Startup Time": 3913.258,
                  "Actual Total Time": 4996.499,
                  "Actual Rows": 29303,
                  "Actual Loops": 1,
                  "Inner Unique": true,
                  "Hash Cond": "(lineitem.l_partkey = p.p_partkey)",
                  "Shared Hit Blocks": 12656,
                  "Shared Read Blocks": 113134,
                  "Shared Dirtied Blocks": 0,
                  "Shared Written Blocks": 0,
                  "Local Hit Blocks": 0,
                  "Local Read Blocks": 0,
                  "Local Dirtied Blocks": 0,
                  "Local Written Blocks": 0,
                  "Temp Read Blocks": 4394,
                  "Temp Written Blocks": 12011,
                  "Plans": [
                    {
                      "Node Type": "Aggregate",
                      "Strategy": "Hashed",
                      "Partial Mode": "Simple",
                      "Parent Relationship": "Outer",
                      "Parallel Aware": false,
                      "Async Capable": false,
                      "Startup Cost": 273152.3,
                      "Total Cost": 289513.98,
                      "Plan Rows": 487855,
                      "Plan Width": 40,
                      "Actual Startup Time": 3814.23,
                      "Actual Total Time": 4778.857,
                      "Actual Rows": 545699,
                      "Actual Loops": 1,
                      "Group Key": [
                        "lineitem.l_partkey",
                        "lineitem.l_suppkey"
                      ],
                      "Planned Partitions": 32,
                      "HashAgg Batches": 33,
                      "Peak Memory Usage": 8209,
                      "Disk Usage": 62584,
                      "Shared Hit Blocks": 12401,
                      "Shared Read Blocks": 109085,
                      "Shared Dirtied Blocks": 0,
                      "Shared Written Blocks": 0,
                      "Local Hit Blocks": 0,
                      "Local Read Blocks": 0,
                      "Local Dirtied Blocks": 0,
                      "Local Written Blocks": 0,
                      "Temp Read Blocks": 4394,
                      "Temp Written Blocks": 12011,
                      "Plans": [
                        {
                          "Node Type": "Seq Scan",
                          "Parent Relationship": "Outer",
                          "Parallel Aware": false,
                          "Async Capable": false,
                          "Relation Name": "lineitem",
                          "Alias": "lineitem",
                          "Startup Cost": 0.0,
                          "Total Cost": 211509.37,
                          "Plan Rows": 926091,
                          "Plan Width": 13,
                          "Actual Startup Time": 0.032,
                          "Actual Total Time": 2969.411,
                          "Actual Rows": 914963,
                          "Actual Loops": 1,
                          "Filter": "((l_shipdate >= '1995-01-01'::date) AND (l_shipdate < '1996-01-01 00:00:00'::timestamp without time zone))",
                          "Rows Removed by Filter": 5086252,
                          "Shared Hit Blocks": 12401,
                          "Shared Read Blocks": 109085,
                          "Shared Dirtied Blocks": 0,
                          "Shared Written Blocks": 0,
                          "Local Hit Blocks": 0,
                          "Local Read Blocks": 0,
                          "Local Dirtied Blocks": 0,
                          "Local Written Blocks": 0,
                          "Temp Read Blocks": 0,
                          "Temp Written Blocks": 0
                        }
                      ]
                    },
                    {
                      "Node Type": "Hash",
                      "Parent Relationship": "Inner",
                      "Parallel Aware": false,
                      "Async Capable": false,
                      "Startup Cost": 6804.0,
                      "Total Cost": 6804.0,
                      "Plan Rows": 6061,
                      "Plan Width": 4,
                      "Actual Startup Time": 98.974,
                      "Actual Total Time": 98.975,
                      "Actual Rows": 10748,
                      "Actual Loops": 1,
                      "Hash Buckets": 16384,
                      "Original Hash Buckets": 8192,
                      "Hash Batches": 1,
                      "Original Hash Batches": 1,
                      "Peak Memory Usage": 506,
                      "Shared Hit Blocks": 255,
                      "Shared Read Blocks": 4049,
                      "Shared Dirtied Blocks": 0,
                      "Shared Written Blocks": 0,
                      "Local Hit Blocks": 0,
                      "Local Read Blocks": 0,
                      "Local Dirtied Blocks": 0,
                      "Local Written Blocks": 0,
                      "Temp Read Blocks": 0,
                      "Temp Written Blocks": 0,
                      "Plans": [
                        {
                          "Node Type": "Seq Scan",
                          "Parent Relationship": "Outer",
                          "Parallel Aware": false,
                          "Async Capable": false,
                          "Relation Name": "part",
                          "Alias": "p",
                          "Startup Cost": 0.0,
                          "Total Cost": 6804.0,
                          "Plan Rows": 6061,
                          "Plan Width": 4,
                          "Actual Startup Time": 0.038,
                          "Actual Total Time": 95.293,
                          "Actual Rows": 10748,
                          "Actual Loops": 1,
                          "Filter": "((p_name)::text ~~ '%steel%'::text)",
                          "Rows Removed by Filter": 189252,
                          "Shared Hit Blocks": 255,
                          "Shared Read Blocks": 4049,
                          "Shared Dirtied Blocks": 0,
                          "Shared Written Blocks": 0,
                          "Local Hit Blocks": 0,
                          "Local Read Blocks": 0,
                          "Local Dirtied Blocks": 0,
                          "Local Written Blocks": 0,
                          "Temp Read Blocks": 0,
                          "Temp Written Blocks": 0
                        }
                      ]
                    }
                  ]
                },
                {
                  "Node Type": "Hash",
                  "Parent Relationship": "Inner",
                  "Parallel Aware": false,
                  "Async Capable": false,
                  "Startup Cost": 355.02,
                  "Total Cost": 355.02,
                  "Plan Rows": 400,
                  "Plan Width": 55,
                  "Actual Startup Time": 1.982,
                  "Actual Total Time": 1.984,
                  "Actual Rows": 402,
                  "Actual Loops": 1,
                  "Hash Buckets": 1024,
                  "Original Hash Buckets": 1024,
                  "Hash Batches": 1,
                  "Original Hash Batches": 1,
                  "Peak Memory Usage": 44,
                  "Shared Hit Blocks": 224,
                  "Shared Read Blocks": 0,
                  "Shared Dirtied Blocks": 0,
                  "Shared Written Blocks": 0,
                  "Local Hit Blocks": 0,
                  "Local Read Blocks": 0,
                  "Local Dirtied Blocks": 0,
                  "Local Written Blocks": 0,
                  "Temp Read Blocks": 0,
                  "Temp Written Blocks": 0,
                  "Plans": [
                    {
                      "Node Type": "Hash Join",
                      "Parent Relationship": "Outer",
                      "Parallel Aware": false,
                      "Async Capable": false,
                      "Join Type": "Inner",
                      "Startup Cost": 1.32,
                      "Total Cost": 355.02,
                      "Plan Rows": 400,
                      "Plan Width": 55,
                      "Actual Startup Time": 0.042,
                      "Actual Total Time": 1.876,
                      "Actual Rows": 402,
                      "Actual Loops": 1,
                      "Inner Unique": true,
                      "Hash Cond": "(s.s_nationkey = n.n_nationkey)",
                      "Shared Hit Blocks": 224,
                      "Shared Read Blocks": 0,
                      "Shared Dirtied Blocks": 0,
                      "Shared Written Blocks": 0,
                      "Local Hit Blocks": 0,
                      "Local Read Blocks": 0,
                      "Local Dirtied Blocks": 0,
                      "Local Written Blocks": 0,
                      "Temp Read Blocks": 0,
                      "Temp Written Blocks": 0,
                      "Plans": [
                        {
                          "Node Type": "Seq Scan",
                          "Parent Relationship": "Outer",
                          "Parallel Aware": false,
                          "Async Capable": false,
                          "Relation Name": "supplier",
                          "Alias": "s",
                          "Startup Cost": 0.0,
                          "Total Cost": 323.0,
                          "Plan Rows": 10000,
                          "Plan Width": 59,
                          "Actual Startup Time": 0.015,
                          "Actual Total Time": 0.73,
                          "Actual Rows": 10000,
                          "Actual Loops": 1,
                          "Shared Hit Blocks": 223,
                          "Shared Read Blocks": 0,
                          "Shared Dirtied Blocks": 0,
                          "Shared Written Blocks": 0,
                          "Local Hit Blocks": 0,
                          "Local Read Blocks": 0,
                          "Local Dirtied Blocks": 0,
                          "Local Written Blocks": 0,
                          "Temp Read Blocks": 0,
                          "Temp Written Blocks": 0
                        },
                        {
                          "Node Type": "Hash",
                          "Parent Relationship": "Inner",
                          "Parallel Aware": false,
                          "Async Capable": false,
                          "Startup Cost": 1.31,
                          "Total Cost": 1.31,
                          "Plan Rows": 1,
                          "Plan Width": 4,
                          "Actual Startup Time": 0.012,
                          "Actual Total Time": 0.012,
                          "Actual Rows": 1,
                          "Actual Loops": 1,
                          "Hash Buckets": 1024,
                          "Original Hash Buckets": 1024,
                          "Hash Batches": 1,
                          "Original Hash Batches": 1,
                          "Peak Memory Usage": 9,
                          "Shared Hit Blocks": 1,
                          "Shared Read Blocks": 0,
                          "Shared Dirtied Blocks": 0,
                          "Shared Written Blocks": 0,
                          "Local Hit Blocks": 0,
                          "Local Read Blocks": 0,
                          "Local Dirtied Blocks": 0,
                          "Local Written Blocks": 0,
                          "Temp Read Blocks": 0,
                          "Temp Written Blocks": 0,
                          "Plans": [
                            {
                              "Node Type": "Seq Scan",
                              "Parent Relationship": "Outer",
                              "Parallel Aware": false,
                              "Async Capable": false,
                              "Relation Name": "nation",
                              "Alias": "n",
                              "Startup Cost": 0.0,
                              "Total Cost": 1.31,
                              "Plan Rows": 1,
                              "Plan Width": 4,
                              "Actual Startup Time": 0.008,
                              "Actual Total Time": 0.01,
                              "Actual Rows": 1,
                              "Actual Loops": 1,
                              "Filter": "(n_name = 'FRANCE'::bpchar)",
                              "Rows Removed by Filter": 24,
                              "Shared Hit Blocks": 1,
                              "Shared Read Blocks": 0,
                              "Shared Dirtied Blocks": 0,
                              "Shared Written Blocks": 0,
                              "Local Hit Blocks": 0,
                              "Local Read Blocks": 0,
                              "Local Dirtied Blocks": 0,
                              "Local Written Blocks": 0,
                              "Temp Read Blocks": 0,
                              "Temp Written Blocks": 0
                            }
                          ]
                        }
                      ]
                    }
                  ]
                }
              ]
            },
            {
              "Node Type": "Index Scan",
              "Parent Relationship": "Inner",
              "Parallel Aware": false,
              "Async Capable": false,
              "Scan Direction": "Forward",
              "Index Name": "pk_partsupp",
              "Relation Name": "partsupp",
              "Alias": "ps",
              "Startup Cost": 0.42,
              "Total Cost": 0.61,
              "Plan Rows": 1,
              "Plan Width": 12,
              "Actual Startup Time": 0.031,
              "Actual Total Time": 0.031,
              "Actual Rows": 1,
              "Actual Loops": 1144,
              "Index Cond": "((ps_partkey = lineitem.l_partkey) AND (ps_suppkey = lineitem.l_suppkey))",
              "Rows Removed by Index Recheck": 0,
              "Filter": "((ps_availqty)::numeric > ((0.5 * sum(lineitem.l_quantity))))",
              "Rows Removed by Filter": 0,
              "Shared Hit Blocks": 3470,
              "Shared Read Blocks": 1106,
              "Shared Dirtied Blocks": 0,
              "Shared Written Blocks": 0,
              "Local Hit Blocks": 0,
              "Local Read Blocks": 0,
              "Local Dirtied Blocks": 0,
              "Local Written Blocks": 0,
              "Temp Read Blocks": 0,
              "Temp Written Blocks": 0
            }
          ]
        }
      ]
    },
    "Planning": {
      "Shared Hit Blocks": 26,
      "Shared Read Blocks": 2,
      "Shared Dirtied Blocks": 0,
      "Shared Written Blocks": 0,
      "Local Hit Blocks": 0,
      "Local Read Blocks": 0,
      "Local Dirtied Blocks": 0,
      "Local Written Blocks": 0,
      "Temp Read Blocks": 0,
      "Temp Written Blocks": 0
    },
    "Planning Time": 1.436,
    "Triggers": [],
    "Execution Time": 5061.013
  }
]