[
  {
    "Plan": {
      "Node Type": "Aggregate",
      "Strategy": "Plain",
      "Partial Mode": "Finalize",
      "Parallel Aware": false,
      "Async Capable": false,
      "Startup Cost": 167019.34,
      "Total Cost": 167019.35,
      "Plan Rows": 1,
      "Plan Width": 32,
      "Actual Startup Time": 1396.06,
      "Actual Total Time": 1406.631,
      "Actual Rows": 1,
      "Actual Loops": 1,
      "Shared Hit Blocks": 10872,
      "Shared Read Blocks": 110614,
      "Shared Dirtied Blocks": 0,
      "Shared Written Blocks": 0,
      "Local Hit Blocks": 0,
      "Local Read Blocks": 0,
      "Local Dirtied Blocks": 0,
      "Local Written Blocks": 0,
      "Temp Read Blocks": 0,
      "Temp Written Blocks": 0,
      "Plans": [
        {
          "Node Type": "Gather",
          "Parent Relationship": "Outer",
          "Parallel Aware": false,
          "Async Capable": false,
          "Startup Cost": 167019.12,
          "Total Cost": 167019.33,
          "Plan Rows": 2,
          "Plan Width": 32,
          "Actual Startup Time": 1395.79,
          "Actual Total Time": 1406.618,
          "Actual Rows": 3,
          "Actual Loops": 1,
          "Workers Planned": 2,
          "Workers Launched": 2,
          "Single Copy": false,
          "Shared Hit Blocks": 10872,
          "Shared Read Blocks": 110614,
          "Shared Dirtied Blocks": 0,
          "Shared Written Blocks": 0,
          "Local Hit Blocks": 0,
          "Local Read Blocks": 0,
          "Local Dirtied Blocks": 0,
          "Local Written Blocks": 0,
          "Temp Read Blocks": 0,
          "Temp Written Blocks": 0,
          "Plans": [
            {
              "Node Type": "Aggregate",
              "Strategy": "Plain",
              "Partial Mode": "Partial",
              "Parent Relationship": "Outer",
              "Parallel Aware": false,
              "Async Capable": false,
              "Startup Cost": 166019.12,
              "Total Cost": 166019.13,
              "Plan Rows": 1,
              "Plan Width": 32,
              "Actual Startup Time": 1348.289,
              "Actual Total Time": 1348.29,
              "Actual Rows": 1,
              "Actual Loops": 3,
              "Shared Hit Blocks": 10872,
              "Shared Read Blocks": 110614,
              "Shared Dirtied Blocks": 0,
              "Shared Written Blocks": 0,
              "Local Hit Blocks": 0,
              "Local Read Blocks": 0,
              "Local Dirtied Blocks": 0,
              "Local Written Blocks": 0,
              "Temp Read Blocks": 0,
              "Temp Written Blocks": 0,
              "Workers": [],
              "Plans": [
                {
                  "Node Type": "Seq Scan",
                  "Parent Relationship": "Outer",
                  "Parallel Aware": true,
                  "Async Capable": false,
                  "Relation Name": "lineitem",
                  "Alias": "lineitem",
                  "Startup Cost": 0.0,
                  "Total Cost": 165247.36,
                  "Plan Rows": 154351,
                  "Plan Width": 12,
                  "Actual Startup Time": 0.498,
                  "Actual Total Time": 1305.404,
                  "Actual Rows": 121051,
                  "Actual Loops": 3,
                  "Filter": "((l_shipdate < '1995-01-01'::date) AND (l_shipdate >= '1993-01-01'::date) AND (l_quantity > '40'::numeric))",
                  "Rows Removed by Filter": 1879354,
                  "Shared Hit Blocks": 10872,
                  "Shared Read Blocks": 110614,
                  "Shared Dirtied Blocks": 0,
                  "Shared Written Blocks": 0,
                  "Local Hit Blocks": 0,
                  "Local Read Blocks": 0,
                  "Local Dirtied Blocks": 0,
                  "Local Written Blocks": 0,
                  "Temp Read Blocks": 0,
                  "Temp Written Blocks": 0,
                  "Workers": []
                }
              ]
            }
          ]
        }
      ]
    },
    "Planning": {
      "Shared Hit Blocks": 0,
      "Shared Read Blocks": 0,
      "Shared Dirtied Blocks": 0,
      "Shared Written Blocks": 0,
      "Local Hit Blocks": 0,
      "Local Read Blocks": 0,
      "Local Dirtied Blocks": 0,
      "Local Written Blocks": 0,
      "Temp Read Blocks": 0,
      "Temp Written Blocks": 0
    },
    "Planning Time": 0.127,
    "Triggers": [],
    "Execution Time": 1406.67
  }
]