[
  {
    "Plan": {
      "Node Type": "Sort",
      "Parallel Aware": false,
      "Async Capable": false,
      "Startup Cost": 60362.83,
      "Total Cost": 60400.33,
      "Plan Rows": 15000,
      "Plan Width": 20,
      "Actual Startup Time": 582.806,
      "Actual Total Time": 583.307,
      "Actual Rows": 2406,
      "Actual Loops": 1,
      "Sort Key": [
        "(count(*)) DESC",
        "(count(orders.o_orderkey)) DESC"
      ],
      "Sort Method": "quicksort",
      "Sort Space Used": 190,
      "Sort Space Type": "Memory",
      "Shared Hit Blocks": 485,
      "Shared Read Blocks": 28266,
      "Shared Dirtied Blocks": 0,
      "Shared Written Blocks": 0,
      "Local Hit Blocks": 0,
      "Local Read Blocks": 0,
      "Local Dirtied Blocks": 0,
      "Local Written Blocks": 0,
      "Temp Read Blocks": 0,
      "Temp Written Blocks": 0,
      "Plans": [
        {
          "Node Type": "Aggregate",
          "Strategy": "Hashed",
          "Partial Mode": "Simple",
          "Parent Relationship": "Outer",
          "Parallel Aware": false,
          "Async Capable": false,
          "Startup Cost": 59172.38,
          "Total Cost": 59322.38,
          "Plan Rows": 15000,
          "Plan Width": 20,
          "Actual Startup Time": 581.74,
          "Actual Total Time": 582.562,
          "Actual Rows": 2406,
          "Actual Loops": 1,
          "Group Key": [
            "count(orders.o_orderkey)",
            "orders.o_orderdate"
          ],
          "Planned Partitions": 0,
          "HashAgg Batches": 1,
          "Peak Memory Usage": 1041,
          "Disk Usage": 0,
          "Shared Hit Blocks": 485,
          "Shared Read Blocks": 28266,
          "Shared Dirtied Blocks": 0,
          "Shared Written Blocks": 0,
          "Local Hit Blocks": 0,
          "Local Read Blocks": 0,
          "Local Dirtied Blocks": 0,
          "Local Written Blocks": 0,
          "Temp Read Blocks": 0,
          "Temp Written Blocks": 0,
          "Plans": [
            {
              "Node Type": "Aggregate",
              "Strategy": "Sorted",
              "Partial Mode": "Simple",
              "Parent Relationship": "Outer",
              "Parallel Aware": false,
              "Async Capable": false,
              "Startup Cost": 42436.91,
              "Total Cost": 56547.38,
              "Plan Rows": 150000,
              "Plan Width": 16,
              "Actual Startup Time": 379.458,
              "Actual Total Time": 543.636,
              "Actual Rows": 151327,
              "Actual Loops": 1,
              "Group Key": [
                "customer.c_custkey",
                "orders.o_orderdate"
              ],
              "Shared Hit Blocks": 485,
              "Shared Read Blocks": 28266,
              "Shared Dirtied Blocks": 0,
              "Shared Written Blocks": 0,
              "Local Hit Blocks": 0,
              "Local Read Blocks": 0,
              "Local Dirtied Blocks": 0,
              "Local Written Blocks": 0,
              "Temp Read Blocks": 0,
              "Temp Written Blocks": 0,
              "Plans": [
                {
                  "Node Type": "Incremental Sort",
                  "Parent Relationship": "Outer",
                  "Parallel Aware": false,
                  "Async Capable": false,
                  "Startup Cost": 42436.91,
                  "Total Cost": 53922.38,
                  "Plan Rows": 150000,
                  "Plan Width": 16,
                  "Actual Startup Time": 379.452,
                  "Actual Total Time": 476.808,
                  "Actual Rows": 151329,
                  "Actual Loops": 1,
                  "Sort Key": [
                    "customer.c_custkey",
                    "orders.o_orderdate"
                  ],
                  "Presorted Key": [
                    "customer.c_custkey"
                  ],
                  "Full-sort Groups": {
                    "Group Count": 4728,
                    "Sort Methods Used": [
                      "quicksort"
                    ],
                    "Sort Space Memory": {
                      "Average Sort Space Used": 25,
                      "Peak Sort Space Used": 25
                    }
                  },
                  "Shared Hit Blocks": 485,
                  "Shared Read Blocks": 28266,
                  "Shared Dirtied Blocks": 0,
                  "Shared Written Blocks": 0,
                  "Local Hit Blocks": 0,
                  "Local Read Blocks": 0,
                  "Local Dirtied Blocks": 0,
                  "Local Written Blocks": 0,
                  "Temp Read Blocks": 0,
                  "Temp Written Blocks": 0,
                  "Plans": [
                    {
                      "Node Type": "Merge Join",
                      "Parent Relationship": "Outer",
                      "Parallel Aware": false,
                      "Async Capable": false,
                      "Join Type": "Left",
                      "Startup Cost": 42436.87,
                      "Total Cost": 47172.38,
                      "Plan Rows": 150000,
                      "Plan Width": 16,
                      "Actual Startup Time": 379.419,
                      "Actual Total Time": 440.725,
                      "Actual Rows": 151329,
                      "Actual Loops": 1,
                      "Inner Unique": false,
                      "Merge Cond": "(customer.c_custkey = orders.o_custkey)",
                      "Shared Hit Blocks": 485,
                      "Shared Read Blocks": 28266,
                      "Shared Dirtied Blocks": 0,
                      "Shared Written Blocks": 0,
                      "Local Hit Blocks": 0,
                      "Local Read Blocks": 0,
                      "Local Dirtied Blocks": 0,
                      "Local Written Blocks": 0,
                      "Temp Read Blocks": 0,
                      "Temp Written Blocks": 0,
                      "Plans": [
                        {
                          "Node Type": "Index Only Scan",
                          "Parent Relationship": "Outer",
                          "Parallel Aware": false,
                          "Async Capable": false,
                          "Scan Direction": "Forward",
                          "Index Name": "pk_customer",
                          "Relation Name": "customer",
                          "Alias": "customer",
                          "Startup Cost": 0.42,
                          "Total Cost": 3906.42,
                          "Plan Rows": 150000,
                          "Plan Width": 4,
                          "Actual Startup Time": 0.018,
                          "Actual Total Time": 27.894,
                          "Actual Rows": 150000,
                          "Actual Loops": 1,
                          "Heap Fetches": 0,
                          "Shared Hit Blocks": 5,
                          "Shared Read Blocks": 408,
                          "Shared Dirtied Blocks": 0,
                          "Shared Written Blocks": 0,
                          "Local Hit Blocks": 0,
                          "Local Read Blocks": 0,
                          "Local Dirtied Blocks": 0,
                          "Local Written Blocks": 0,
                          "Temp Read Blocks": 0,
                          "Temp Written Blocks": 0
                        },
                        {
                          "Node Type": "Sort",
                          "Parent Relationship": "Inner",
                          "Parallel Aware": false,
                          "Async Capable": false,
                          "Startup Cost": 42436.43,
                          "Total Cost": 42512.19,
                          "Plan Rows": 30303,
                          "Plan Width": 16,
                          "Actual Startup Time": 379.395,
                          "Actual Total Time": 383.931,
                          "Actual Rows": 16082,
                          "Actual Loops": 1,
                          "Sort Key": [
                            "orders.o_custkey"
                          ],
                          "Sort Method": "quicksort",
                          "Sort Space Used": 1013,
                          "Sort Space Type": "Memory",
                          "Shared Hit Blocks": 480,
                          "Shared Read Blocks": 27858,
                          "Shared Dirtied Blocks": 0,
                          "Shared Written Blocks": 0,
                          "Local Hit Blocks": 0,
                          "Local Read Blocks": 0,
                          "Local Dirtied Blocks": 0,
                          "Local Written Blocks": 0,
                          "Temp Read Blocks": 0,
                          "Temp Written Blocks": 0,
                          "Plans": [
                            {
                              "Node Type": "Gather",
                              "Parent Relationship": "Outer",
                              "Parallel Aware": false,
                              "Async Capable": false,
                              "Startup Cost": 1000.0,
                              "Total Cost": 40180.8,
                              "Plan Rows": 30303,
                              "Plan Width": 16,
                              "Actual Startup Time": 0.606,
                              "Actual Total Time": 373.141,
                              "Actual Rows": 16082,
                              "Actual Loops": 1,
                              "Workers Planned": 2,
                              "Workers Launched": 2,
                              "Single Copy": false,
                              "Shared Hit Blocks": 480,
                              "Shared Read Blocks": 27858,
                              "Shared Dirtied Blocks": 0,
                              "Shared Written Blocks": 0,
                              "Local Hit Blocks": 0,
                              "Local Read Blocks": 0,
                              "Local Dirtied Blocks": 0,
                              "Local Written Blocks": 0,
                              "Temp Read Blocks": 0,
                              "Temp Written Blocks": 0,
                              "Plans": [
                                {
                                  "Node Type": "Seq Scan",
                                  "Parent Relationship": "Outer",
                                  "Parallel Aware": true,
                                  "Async Capable": false,
                                  "Relation Name": "orders",
                                  "Alias": "orders",
                                  "Startup Cost": 0.0,
                                  "Total Cost": 36150.5,
                                  "Plan Rows": 12626,
                                  "Plan Width": 16,
                                  "Actual Startup Time": 0.43,
                                  "Actual Total Time": 326.397,
                                  "Actual Rows": 5361,
                                  "Actual Loops": 3,
                                  "Filter": "((o_comment)::text ~~ '%special%requests%'::text)",
                                  "Rows Removed by Filter": 494639,
                                  "Shared Hit Blocks": 480,
                                  "Shared Read Blocks": 27858,
                                  "Shared Dirtied Blocks": 0,
                                  "Shared Written Blocks": 0,
                                  "Local Hit Blocks": 0,
                                  "Local Read Blocks": 0,
                                  "Local Dirtied Blocks": 0,
                                  "Local Written Blocks": 0,
                                  "Temp Read Blocks": 0,
                                  "Temp Written Blocks": 0,
                                  "Workers": []
                                }
                              ]
                            }
                          ]
                        }
                      ]
                    }
                  ]
                }
              ]
            }
          ]
        }
      ]
    },
    "Planning": {
      "Shared Hit Blocks": 4,
      "Shared Read Blocks": 4,
      "Shared Dirtied Blocks": 0,
      "Shared Written Blocks": 0,
      "Local Hit Blocks": 0,
      "Local Read Blocks": 0,
      "Local Dirtied Blocks": 0,
      "Local Written Blocks": 0,
      "Temp Read Blocks": 0,
      "Temp Written Blocks": 0
    },
    "Planning Time": 0.332,
    "Triggers": [],
    "Execution Time": 584.411
  }
]