[
  {
    "Plan": {
      "Node Type": "Append",
      "Parallel Aware": false,
      "Async Capable": false,
      "Startup Cost": 5572.21,
      "Total Cost": 121803.05,
      "Plan Rows": 380,
      "Plan Width": 50,
      "Actual Startup Time": 119.8,
      "Actual Total Time": 1060.462,
      "Actual Rows": 25,
      "Actual Loops": 1,
      "Shared Hit Blocks": 22440,
      "Shared Read Blocks": 50196,
      "Shared Dirtied Blocks": 0,
      "Shared Written Blocks": 0,
      "Local Hit Blocks": 0,
      "Local Read Blocks": 0,
      "Local Dirtied Blocks": 0,
      "Local Written Blocks": 0,
      "Temp Read Blocks": 0,
      "Temp Written Blocks": 0,
      "Subplans Removed": 0,
      "Plans": [
        {
          "Node Type": "Gather",
          "Parent Relationship": "Member",
          "Parallel Aware": false,
          "Async Capable": false,
          "Startup Cost": 5572.21,
          "Total Cost": 43534.38,
          "Plan Rows": 360,
          "Plan Width": 25,
          "Actual Startup Time": 119.799,
          "Actual Total Time": 262.642,
          "Actual Rows": 5,
          "Actual Loops": 1,
          "Workers Planned": 2,
          "Workers Launched": 2,
          "Single Copy": false,
          "Shared Hit Blocks": 8955,
          "Shared Read Blocks": 23324,
          "Shared Dirtied Blocks": 0,
          "Shared Written Blocks": 0,
          "Local Hit Blocks": 0,
          "Local Read Blocks": 0,
          "Local Dirtied Blocks": 0,
          "Local Written Blocks": 0,
          "Temp Read Blocks": 0,
          "Temp Written Blocks": 0,
          "Plans": [
            {
              "Node Type": "Hash Join",
              "Parent Relationship": "Outer",
              "Parallel Aware": true,
              "Async Capable": false,
              "Join Type": "Inner",
              "Startup Cost": 4572.21,
              "Total Cost": 42498.38,
              "Plan Rows": 150,
              "Plan Width": 25,
              "Actual Startup Time": 82.58,
              "Actual Total Time": 217.776,
              "Actual Rows": 2,
              "Actual Loops": 3,
              "Inner Unique": false,
              "Hash Cond": "(orders.o_custkey = customer.c_custkey)",
              "Join Filter": "(orders.o_totalprice <= customer.c_acctbal)",
              "Rows Removed by Join Filter": 348,
              "Shared Hit Blocks": 8955,
              "Shared Read Blocks": 23324,
              "Shared Dirtied Blocks": 0,
              "Shared Written Blocks": 0,
              "Local Hit Blocks": 0,
              "Local Read Blocks": 0,
              "Local Dirtied Blocks": 0,
              "Local Written Blocks": 0,
              "Temp Read Blocks": 0,
              "Temp Written Blocks": 0,
              "Workers": [],
              "Plans": [
                {
                  "Node Type": "Seq Scan",
                  "Parent Relationship": "Outer",
                  "Parallel Aware": true,
                  "Async Capable": false,
                  "Relation Name": "orders",
                  "Alias": "orders",
                  "Startup Cost": 0.0,
                  "Total Cost": 37713.0,
                  "Plan Rows": 56223,
                  "Plan Width": 12,
                  "Actual Startup Time": 0.233,
                  "Actual Total Time": 186.864,
                  "Actual Rows": 44541,
                  "Actual Loops": 3,
                  "Filter": "((o_orderdate >= '1998-01-01'::date) AND (o_orderdate <= '1998-12-05'::date))",
                  "Rows Removed by Filter": 455459,
                  "Shared Hit Blocks": 8569,
                  "Shared Read Blocks": 19769,
                  "Shared Dirtied Blocks": 0,
                  "Shared Written Blocks": 0,
                  "Local Hit Blocks": 0,
                  "Local Read Blocks": 0,
                  "Local Dirtied Blocks": 0,
                  "Local Written Blocks": 0,
                  "Temp Read Blocks": 0,
                  "Temp Written Blocks": 0,
                  "Workers": []
                },
                {
                  "Node Type": "Hash",
                  "Parent Relationship": "Inner",
                  "Parallel Aware": true,
                  "Async Capable": false,
                  "Startup Cost": 4565.96,
                  "Total Cost": 4565.96,
                  "Plan Rows": 500,
                  "Plan Width": 29,
                  "Actual Startup Time": 20.906,
                  "Actual Total Time": 20.908,
                  "Actual Rows": 383,
                  "Actual Loops": 3,
                  "Hash Buckets": 2048,
                  "Original Hash Buckets": 2048,
                  "Hash Batches": 1,
                  "Original Hash Batches": 1,
                  "Peak Memory Usage": 144,
                  "Shared Hit Blocks": 192,
                  "Shared Read Blocks": 3555,
                  "Shared Dirtied Blocks": 0,
                  "Shared Written Blocks": 0,
                  "Local Hit Blocks": 0,
                  "Local Read Blocks": 0,
                  "Local Dirtied Blocks": 0,
                  "Local Written Blocks": 0,
                  "Temp Read Blocks": 0,
                  "Temp Written Blocks": 0,
                  "Workers": [],
                  "Plans": [
                    {
                      "Node Type": "Hash Join",
                      "Parent Relationship": "Outer",
                      "Parallel Aware": false,
                      "Async Capable": false,
                      "Join Type": "Inner",
                      "Startup Cost": 1.32,
                      "Total Cost": 4565.96,
                      "Plan Rows": 500,
                      "Plan Width": 29,
                      "Actual Startup Time": 0.937,
                      "Actual Total Time": 30.865,
                      "Actual Rows": 575,
                      "Actual Loops": 2,
                      "Inner Unique": true,
                      "Hash Cond": "(customer.c_nationkey = nation.n_nationkey)",
                      "Shared Hit Blocks": 192,
                      "Shared Read Blocks": 3555,
                      "Shared Dirtied Blocks": 0,
                      "Shared Written Blocks": 0,
                      "Local Hit Blocks": 0,
                      "Local Read Blocks": 0,
                      "Local Dirtied Blocks": 0,
                      "Local Written Blocks": 0,
                      "Temp Read Blocks": 0,
                      "Temp Written Blocks": 0,
                      "Workers": [],
                      "Plans": [
                        {
                          "Node Type": "Seq Scan",
                          "Parent Relationship": "Outer",
                          "Parallel Aware": true,
                          "Async Capable": false,
                          "Relation Name": "customer",
                          "Alias": "customer",
                          "Startup Cost": 0.0,
                          "Total Cost": 4526.25,
                          "Plan Rows": 12502,
                          "Plan Width": 33,
                          "Actual Startup Time": 0.416,
                          "Actual Total Time": 28.797,
                          "Actual Rows": 14984,
                          "Actual Loops": 2,
                          "Filter": "(c_mktsegment = 'FURNITURE'::bpchar)",
                          "Rows Removed by Filter": 60016,
                          "Shared Hit Blocks": 190,
                          "Shared Read Blocks": 3555,
                          "Shared Dirtied Blocks": 0,
                          "Shared Written Blocks": 0,
                          "Local Hit Blocks": 0,
                          "Local Read Blocks": 0,
                          "Local Dirtied Blocks": 0,
                          "Local Written Blocks": 0,
                          "Temp Read Blocks": 0,
                          "Temp Written Blocks": 0,
                          "Workers": []
                        },
                        {
                          "Node Type": "Hash",
                          "Parent Relationship": "Inner",
                          "Parallel Aware": false,
                          "Async Capable": false,
                          "Startup Cost": 1.31,
                          "Total Cost": 1.31,
                          "Plan Rows": 1,
                          "Plan Width": 4,
                          "Actual Startup Time": 0.375,
                          "Actual Total Time": 0.376,
                          "Actual Rows": 1,
                          "Actual Loops": 2,
                          "Hash Buckets": 1024,
                          "Original Hash Buckets": 1024,
                          "Hash Batches": 1,
                          "Original Hash Batches": 1,
                          "Peak Memory Usage": 9,
                          "Shared Hit Blocks": 2,
                          "Shared Read Blocks": 0,
                          "Shared Dirtied Blocks": 0,
                          "Shared Written Blocks": 0,
                          "Local Hit Blocks": 0,
                          "Local Read Blocks": 0,
                          "Local Dirtied Blocks": 0,
                          "Local Written Blocks": 0,
                          "Temp Read Blocks": 0,
                          "Temp Written Blocks": 0,
                          "Workers": [],
                          "Plans": [
                            {
                              "Node Type": "Seq Scan",
                              "Parent Relationship": "Outer",
                              "Parallel Aware": false,
                              "Async Capable": false,
                              "Relation Name": "nation",
                              "Alias": "nation",
                              "Startup Cost": 0.0,
                              "Total Cost": 1.31,
                              "Plan Rows": 1,
                              "Plan Width": 4,
                              "Actual Startup Time": 0.359,
                              "Actual Total Time": 0.362,
                              "Actual Rows": 1,
                              "Actual Loops": 2,
                              "Filter": "(n_name = 'CHINA'::bpchar)",
                              "Rows Removed by Filter": 24,
                              "Shared Hit Blocks": 2,
                              "Shared Read Blocks": 0,
                              "Shared Dirtied Blocks": 0,
                              "Shared Written Blocks": 0,
                              "Local Hit Blocks": 0,
                              "Local Read Blocks": 0,
                              "Local Dirtied Blocks": 0,
                              "Local Written Blocks": 0,
                              "Temp Read Blocks": 0,
                              "Temp Written Blocks": 0,
                              "Workers": []
                            }
                          ]
                        }
                      ]
                    }
                  ]
                }
              ]
            }
          ]
        },
        {
          "Node Type": "Subquery Scan",
          "Parent Relationship": "Member",
          "Parallel Aware": false,
          "Async Capable": false,
          "Alias": "*SELECT* 2",
          "Startup Cost": 78264.19,
          "Total Cost": 78266.77,
          "Plan Rows": 20,
          "Plan Width": 38,
          "Actual Startup Time": 797.711,
          "Actual Total Time": 797.812,
          "Actual Rows": 20,
          "Actual Loops": 1,
          "Shared Hit Blocks": 13485,
          "Shared Read Blocks": 26872,
          "Shared Dirtied Blocks": 0,
          "Shared Written Blocks": 0,
          "Local Hit Blocks": 0,
          "Local Read Blocks": 0,
          "Local Dirtied Blocks": 0,
          "Local Written Blocks": 0,
          "Temp Read Blocks": 0,
          "Temp Written Blocks": 0,
          "Plans": [
            {
              "Node Type": "Limit",
              "Parent Relationship": "Subquery",
              "Parallel Aware": false,
              "Async Capable": false,
              "Startup Cost": 78264.19,
              "Total Cost": 78266.52,
              "Plan Rows": 20,
              "Plan Width": 32,
              "Actual Startup Time": 797.707,
              "Actual Total Time": 797.799,
              "Actual Rows": 20,
              "Actual Loops": 1,
              "Shared Hit Blocks": 13485,
              "Shared Read Blocks": 26872,
              "Shared Dirtied Blocks": 0,
              "Shared Written Blocks": 0,
              "Local Hit Blocks": 0,
              "Local Read Blocks": 0,
              "Local Dirtied Blocks": 0,
              "Local Written Blocks": 0,
              "Temp Read Blocks": 0,
              "Temp Written Blocks": 0,
              "Plans": [
                {
                  "Node Type": "Gather Merge",
                  "Parent Relationship": "Outer",
                  "Parallel Aware": false,
                  "Async Capable": false,
                  "Startup Cost": 78264.19,
                  "Total Cost": 78279.59,
                  "Plan Rows": 132,
                  "Plan Width": 32,
                  "Actual Startup Time": 797.705,
                  "Actual Total Time": 797.795,
                  "Actual Rows": 20,
                  "Actual Loops": 1,
                  "Workers Planned": 2,
                  "Workers Launched": 0,
                  "Shared Hit Blocks": 13485,
                  "Shared Read Blocks": 26872,
                  "Shared Dirtied Blocks": 0,
                  "Shared Written Blocks": 0,
                  "Local Hit Blocks": 0,
                  "Local Read Blocks": 0,
                  "Local Dirtied Blocks": 0,
                  "Local Written Blocks": 0,
                  "Temp Read Blocks": 0,
                  "Temp Written Blocks": 0,
                  "Plans": [
                    {
                      "Node Type": "Sort",
                      "Parent Relationship": "Outer",
                      "Parallel Aware": false,
                      "Async Capable": false,
                      "Startup Cost": 77264.16,
                      "Total Cost": 77264.33,
                      "Plan Rows": 66,
                      "Plan Width": 32,
                      "Actual Startup Time": 797.287,
                      "Actual Total Time": 797.294,
                      "Actual Rows": 20,
                      "Actual Loops": 1,
                      "Sort Key": [
                        "supplier.s_acctbal DESC"
                      ],
                      "Sort Method": "top-N heapsort",
                      "Sort Space Used": 27,
                      "Sort Space Type": "Memory",
                      "Shared Hit Blocks": 13485,
                      "Shared Read Blocks": 26872,
                      "Shared Dirtied Blocks": 0,
                      "Shared Written Blocks": 0,
                      "Local Hit Blocks": 0,
                      "Local Read Blocks": 0,
                      "Local Dirtied Blocks": 0,
                      "Local Written Blocks": 0,
                      "Temp Read Blocks": 0,
                      "Temp Written Blocks": 0,
                      "Workers": [],
                      "Plans": [
                        {
                          "Node Type": "Hash Join",
                          "Parent Relationship": "Outer",
                          "Parallel Aware": false,
                          "Async Capable": false,
                          "Join Type": "Inner",
                          "Startup Cost": 385.45,
                          "Total Cost": 77262.41,
                          "Plan Rows": 66,
                          "Plan Width": 32,
                          "Actual Startup Time": 4.206,
                          "Actual Total Time": 795.99,
                          "Actual Rows": 517,
                          "Actual Loops": 1,
                          "Inner Unique": false,
                          "Hash Cond": "(lineitem.l_suppkey = supplier.s_suppkey)",
                          "Join Filter": "(orders_1.o_totalprice > supplier.s_acctbal)",
                          "Rows Removed by Join Filter": 0,
                          "Shared Hit Blocks": 13485,
                          "Shared Read Blocks": 26872,
                          "Shared Dirtied Blocks": 0,
                          "Shared Written Blocks": 0,
                          "Local Hit Blocks": 0,
                          "Local Read Blocks": 0,
                          "Local Dirtied Blocks": 0,
                          "Local Written Blocks": 0,
                          "Temp Read Blocks": 0,
                          "Temp Written Blocks": 0,
                          "Workers": [],
                          "Plans": [
                            {
                              "Node Type": "Nested Loop",
                              "Parent Relationship": "Outer",
                              "Parallel Aware": false,
                              "Async Capable": false,
                              "Join Type": "Inner",
                              "Startup Cost": 0.43,
                              "Total Cost": 76856.26,
                              "Plan Rows": 4971,
                              "Plan Width": 12,
                              "Actual Startup Time": 0.775,
                              "Actual Total Time": 785.741,
                              "Actual Rows": 12260,
                              "Actual Loops": 1,
                              "Inner Unique": false,
                              "Shared Hit Blocks": 13261,
                              "Shared Read Blocks": 26872,
                              "Shared Dirtied Blocks": 0,
                              "Shared Written Blocks": 0,
                              "Local Hit Blocks": 0,
                              "Local Read Blocks": 0,
                              "Local Dirtied Blocks": 0,
                              "Local Written Blocks": 0,
                              "Temp Read Blocks": 0,
                              "Temp Written Blocks": 0,
                              "Workers": [],
                              "Plans": [
                                {
                                  "Node Type": "Seq Scan",
                                  "Parent Relationship": "Outer",
                                  "Parallel Aware": true,
                                  "Async Capable": false,
                                  "Relation Name": "orders",
                                  "Alias": "orders_1",
                                  "Startup Cost": 0.0,
                                  "Total Cost": 39275.5,
                                  "Plan Rows": 1242,
                                  "Plan Width": 16,
                                  "Actual Startup Time": 0.702,
                                  "Actual Total Time": 505.26,
                                  "Actual Rows": 2899,
                                  "Actual Loops": 1,
                                  "Filter": "((o_orderdate >= '1998-01-01'::date) AND (o_orderdate <= '1998-01-05'::date) AND (o_totalprice >= '30000'::numeric))",
                                  "Rows Removed by Filter": 1497101,
                                  "Shared Hit Blocks": 7299,
                                  "Shared Read Blocks": 21039,
                                  "Shared Dirtied Blocks": 0,
                                  "Shared Written Blocks": 0,
                                  "Local Hit Blocks": 0,
                                  "Local Read Blocks": 0,
                                  "Local Dirtied Blocks": 0,
                                  "Local Written Blocks": 0,
                                  "Temp Read Blocks": 0,
                                  "Temp Written Blocks": 0,
                                  "Workers": []
                                },
                                {
                                  "Node Type": "Index Scan",
                                  "Parent Relationship": "Inner",
                                  "Parallel Aware": false,
                                  "Async Capable": false,
                                  "Scan Direction": "Forward",
                                  "Index Name": "pk_lineitem",
                                  "Relation Name": "lineitem",
                                  "Alias": "lineitem",
                                  "Startup Cost": 0.43,
                                  "Total Cost": 30.1,
                                  "Plan Rows": 16,
                                  "Plan Width": 12,
                                  "Actual Startup Time": 0.091,
                                  "Actual Total Time": 0.094,
                                  "Actual Rows": 4,
                                  "Actual Loops": 2899,
                                  "Index Cond": "(l_orderkey = orders_1.o_orderkey)",
                                  "Rows Removed by Index Recheck": 0,
                                  "Shared Hit Blocks": 5962,
                                  "Shared Read Blocks": 5833,
                                  "Shared Dirtied Blocks": 0,
                                  "Shared Written Blocks": 0,
                                  "Local Hit Blocks": 0,
                                  "Local Read Blocks": 0,
                                  "Local Dirtied Blocks": 0,
                                  "Local Written Blocks": 0,
                                  "Temp Read Blocks": 0,
                                  "Temp Written Blocks": 0,
                                  "Workers": []
                                }
                              ]
                            },
                            {
                              "Node Type": "Hash",
                              "Parent Relationship": "Inner",
                              "Parallel Aware": false,
                              "Async Capable": false,
                              "Startup Cost": 380.02,
                              "Total Cost": 380.02,
                              "Plan Rows": 400,
                              "Plan Width": 36,
                              "Actual Startup Time": 3.407,
                              "Actual Total Time": 3.41,
                              "Actual Rows": 413,
                              "Actual Loops": 1,
                              "Hash Buckets": 1024,
                              "Original Hash Buckets": 1024,
                              "Hash Batches": 1,
                              "Original Hash Batches": 1,
                              "Peak Memory Usage": 38,
                              "Shared Hit Blocks": 224,
                              "Shared Read Blocks": 0,
                              "Shared Dirtied Blocks": 0,
                              "Shared Written Blocks": 0,
                              "Local Hit Blocks": 0,
                              "Local Read Blocks": 0,
                              "Local Dirtied Blocks": 0,
                              "Local Written Blocks": 0,
                              "Temp Read Blocks": 0,
                              "Temp Written Blocks": 0,
                              "Workers": [],
                              "Plans": [
                                {
                                  "Node Type": "Hash Join",
                                  "Parent Relationship": "Outer",
                                  "Parallel Aware": false,
                                  "Async Capable": false,
                                  "Join Type": "Inner",
                                  "Startup Cost": 1.32,
                                  "Total Cost": 380.02,
                                  "Plan Rows": 400,
                                  "Plan Width": 36,
                                  "Actual Startup Time": 0.108,
                                  "Actual Total Time": 3.268,
                                  "Actual Rows": 413,
                                  "Actual Loops": 1,
                                  "Inner Unique": true,
                                  "Hash Cond": "(supplier.s_nationkey = nation_1.n_nationkey)",
                                  "Shared Hit Blocks": 224,
                                  "Shared Read Blocks": 0,
                                  "Shared Dirtied Blocks": 0,
                                  "Shared Written Blocks": 0,
                                  "Local Hit Blocks": 0,
                                  "Local Read Blocks": 0,
                                  "Local Dirtied Blocks": 0,
                                  "Local Written Blocks": 0,
                                  "Temp Read Blocks": 0,
                                  "Temp Written Blocks": 0,
                                  "Workers": [],
                                  "Plans": [
                                    {
                                      "Node Type": "Seq Scan",
                                      "Parent Relationship": "Outer",
                                      "Parallel Aware": false,
                                      "Async Capable": false,
                                      "Relation Name": "supplier",
                                      "Alias": "supplier",
                                      "Startup Cost": 0.0,
                                      "Total Cost": 348.0,
                                      "Plan Rows": 9999,
                                      "Plan Width": 40,
                                      "Actual Startup Time": 0.015,
                                      "Actual Total Time": 2.248,
                                      "Actual Rows": 10000,
                                      "Actual Loops": 1,
                                      "Filter": "('50000'::numeric >= s_acctbal)",
                                      "Rows Removed by Filter": 0,
                                      "Shared Hit Blocks": 223,
                                      "Shared Read Blocks": 0,
                                      "Shared Dirtied Blocks": 0,
                                      "Shared Written Blocks": 0,
                                      "Local Hit Blocks": 0,
                                      "Local Read Blocks": 0,
                                      "Local Dirtied Blocks": 0,
                                      "Local Written Blocks": 0,
                                      "Temp Read Blocks": 0,
                                      "Temp Written Blocks": 0,
                                      "Workers": []
                                    },
                                    {
                                      "Node Type": "Hash",
                                      "Parent Relationship": "Inner",
                                      "Parallel Aware": false,
                                      "Async Capable": false,
                                      "Startup Cost": 1.31,
                                      "Total Cost": 1.31,
                                      "Plan Rows": 1,
                                      "Plan Width": 4,
                                      "Actual Startup Time": 0.021,
                                      "Actual Total Time": 0.022,
                                      "Actual Rows": 1,
                                      "Actual Loops": 1,
                                      "Hash Buckets": 1024,
                                      "Original Hash Buckets": 1024,
                                      "Hash Batches": 1,
                                      "Original Hash Batches": 1,
                                      "Peak Memory Usage": 9,
                                      "Shared Hit Blocks": 1,
                                      "Shared Read Blocks": 0,
                                      "Shared Dirtied Blocks": 0,
                                      "Shared Written Blocks": 0,
                                      "Local Hit Blocks": 0,
                                      "Local Read Blocks": 0,
                                      "Local Dirtied Blocks": 0,
                                      "Local Written Blocks": 0,
                                      "Temp Read Blocks": 0,
                                      "Temp Written Blocks": 0,
                                      "Workers": [],
                                      "Plans": [
                                        {
                                          "Node Type": "Seq Scan",
                                          "Parent Relationship": "Outer",
                                          "Parallel Aware": false,
                                          "Async Capable": false,
                                          "Relation Name": "nation",
                                          "Alias": "nation_1",
                                          "Startup Cost": 0.0,
                                          "Total Cost": 1.31,
                                          "Plan Rows": 1,
                                          "Plan Width": 4,
                                          "Actual Startup Time": 0.013,
                                          "Actual Total Time": 0.016,
                                          "Actual Rows": 1,
                                          "Actual Loops": 1,
                                          "Filter": "(n_name = 'ARGENTINA'::bpchar)",
                                          "Rows Removed by Filter": 24,
                                          "Shared Hit Blocks": 1,
                                          "Shared Read Blocks": 0,
                                          "Shared Dirtied Blocks": 0,
                                          "Shared Written Blocks": 0,
                                          "Local Hit Blocks": 0,
                                          "Local Read Blocks": 0,
                                          "Local Dirtied Blocks": 0,
                                          "Local Written Blocks": 0,
                                          "Temp Read Blocks": 0,
                                          "Temp Written Blocks": 0,
                                          "Workers": []
                                        }
                                      ]
                                    }
                                  ]
                                }
                              ]
                            }
                          ]
                        }
                      ]
                    }
                  ]
                }
              ]
            }
          ]
        }
      ]
    },
    "Planning": {
      "Shared Hit Blocks": 35,
      "Shared Read Blocks": 6,
      "Shared Dirtied Blocks": 0,
      "Shared Written Blocks": 0,
      "Local Hit Blocks": 0,
      "Local Read Blocks": 0,
      "Local Dirtied Blocks": 0,
      "Local Written Blocks": 0,
      "Temp Read Blocks": 0,
      "Temp Written Blocks": 0
    },
    "Planning Time": 1.05,
    "Triggers": [],
    "Execution Time": 1060.625
  }
]