[
  {
    "Plan": {
      "Node Type": "Append",
      "Parallel Aware": false,
      "Async Capable": false,
      "Startup Cost": 88615.11,
      "Total Cost": 282654.14,
      "Plan Rows": 15,
      "Plan Width": 45,
      "Actual Startup Time": 1860.034,
      "Actual Total Time": 6035.987,
      "Actual Rows": 15,
      "Actual Loops": 1,
      "Shared Hit Blocks": 162171,
      "Shared Read Blocks": 217739,
      "Shared Dirtied Blocks": 0,
      "Shared Written Blocks": 0,
      "Local Hit Blocks": 0,
      "Local Read Blocks": 0,
      "Local Dirtied Blocks": 0,
      "Local Written Blocks": 0,
      "Temp Read Blocks": 1363,
      "Temp Written Blocks": 4882,
      "Subplans Removed": 0,
      "Plans": [
        {
          "Node Type": "Limit",
          "Parent Relationship": "Member",
          "Parallel Aware": false,
          "Async Capable": false,
          "Startup Cost": 88615.11,
          "Total Cost": 117632.87,
          "Plan Rows": 5,
          "Plan Width": 38,
          "Actual Startup Time": 1860.033,
          "Actual Total Time": 4663.437,
          "Actual Rows": 5,
          "Actual Loops": 1,
          "Shared Hit Blocks": 151449,
          "Shared Read Blocks": 105093,
          "Shared Dirtied Blocks": 0,
          "Shared Written Blocks": 0,
          "Local Hit Blocks": 0,
          "Local Read Blocks": 0,
          "Local Dirtied Blocks": 0,
          "Local Written Blocks": 0,
          "Temp Read Blocks": 1363,
          "Temp Written Blocks": 4882,
          "Plans": [
            {
              "Node Type": "Nested Loop",
              "Parent Relationship": "Outer",
              "Parallel Aware": false,
              "Async Capable": false,
              "Join Type": "Inner",
              "Startup Cost": 88615.11,
              "Total Cost": 2061822.97,
              "Plan Rows": 340,
              "Plan Width": 38,
              "Actual Startup Time": 1860.032,
              "Actual Total Time": 4663.431,
              "Actual Rows": 5,
              "Actual Loops": 1,
              "Inner Unique": true,
              "Shared Hit Blocks": 151449,
              "Shared Read Blocks": 105093,
              "Shared Dirtied Blocks": 0,
              "Shared Written Blocks": 0,
              "Local Hit Blocks": 0,
              "Local Read Blocks": 0,
              "Local Dirtied Blocks": 0,
              "Local Written Blocks": 0,
              "Temp Read Blocks": 1363,
              "Temp Written Blocks": 4882,
              "Plans": [
                {
                  "Node Type": "Nested Loop",
                  "Parent Relationship": "Outer",
                  "Parallel Aware": false,
                  "Async Capable": false,
                  "Join Type": "Inner",
                  "Startup Cost": 88614.69,
                  "Total Cost": 1694951.12,
                  "Plan Rows": 796352,
                  "Plan Width": 39,
                  "Actual Startup Time": 1753.162,
                  "Actual Total Time": 4509.877,
                  "Actual Rows": 158791,
                  "Actual Loops": 1,
                  "Inner Unique": false,
                  "Shared Hit Blocks": 120517,
                  "Shared Read Blocks": 104849,
                  "Shared Dirtied Blocks": 0,
                  "Shared Written Blocks": 0,
                  "Local Hit Blocks": 0,
                  "Local Read Blocks": 0,
                  "Local Dirtied Blocks": 0,
                  "Local Written Blocks": 0,
                  "Temp Read Blocks": 1363,
                  "Temp Written Blocks": 4882,
                  "Plans": [
                    {
                      "Node Type": "Gather Merge",
                      "Parent Relationship": "Outer",
                      "Parallel Aware": false,
                      "Async Capable": false,
                      "Startup Cost": 88614.25,
                      "Total Cost": 210914.77,
                      "Plan Rows": 1050092,
                      "Plan Width": 28,
                      "Actual Startup Time": 1752.512,
                      "Actual Total Time": 1818.941,
                      "Actual Rows": 48475,
                      "Actual Loops": 1,
                      "Workers Planned": 2,
                      "Workers Launched": 2,
                      "Shared Hit Blocks": 7501,
                      "Shared Read Blocks": 20949,
                      "Shared Dirtied Blocks": 0,
                      "Shared Written Blocks": 0,
                      "Local Hit Blocks": 0,
                      "Local Read Blocks": 0,
                      "Local Dirtied Blocks": 0,
                      "Local Written Blocks": 0,
                      "Temp Read Blocks": 1363,
                      "Temp Written Blocks": 4882,
                      "Plans": [
                        {
                          "Node Type": "Sort",
                          "Parent Relationship": "Outer",
                          "Parallel Aware": false,
                          "Async Capable": false,
                          "Startup Cost": 87614.23,
                          "Total Cost": 88708.07,
                          "Plan Rows": 437538,
                          "Plan Width": 28,
                          "Actual Startup Time": 1662.729,
                          "Actual Total Time": 1670.603,
                          "Actual Rows": 16853,
                          "Actual Loops": 3,
                          "Sort Key": [
                            "orders.o_clerk"
                          ],
                          "Sort Method": "external merge",
                          "Sort Space Used": 13592,
                          "Sort Space Type": "Disk",
                          "Shared Hit Blocks": 7501,
                          "Shared Read Blocks": 20949,
                          "Shared Dirtied Blocks": 0,
                          "Shared Written Blocks": 0,
                          "Local Hit Blocks": 0,
                          "Local Read Blocks": 0,
                          "Local Dirtied Blocks": 0,
                          "Local Written Blocks": 0,
                          "Temp Read Blocks": 1363,
                          "Temp Written Blocks": 4882,
                          "Workers": [
                            {
                              "Worker Number": 0,
                              "Sort Method": "external merge",
                              "Sort Space Used": 12560,
                              "Sort Space Type": "Disk"
                            },
                            {
                              "Worker Number": 1,
                              "Sort Method": "external merge",
                              "Sort Space Used": 12760,
                              "Sort Space Type": "Disk"
                            }
                          ],
                          "Plans": [
                            {
                              "Node Type": "Seq Scan",
                              "Parent Relationship": "Outer",
                              "Parallel Aware": true,
                              "Async Capable": false,
                              "Relation Name": "orders",
                              "Alias": "orders",
                              "Startup Cost": 0.0,
                              "Total Cost": 36150.5,
                              "Plan Rows": 437538,
                              "Plan Width": 28,
                              "Actual Startup Time": 0.519,
                              "Actual Total Time": 201.891,
                              "Actual Rows": 348544,
                              "Actual Loops": 3,
                              "Filter": "(o_orderdate > '1994-01-01'::date)",
                              "Rows Removed by Filter": 151456,
                              "Shared Hit Blocks": 7389,
                              "Shared Read Blocks": 20949,
                              "Shared Dirtied Blocks": 0,
                              "Shared Written Blocks": 0,
                              "Local Hit Blocks": 0,
                              "Local Read Blocks": 0,
                              "Local Dirtied Blocks": 0,
                              "Local Written Blocks": 0,
                              "Temp Read Blocks": 0,
                              "Temp Written Blocks": 0,
                              "Workers": []
                            }
                          ]
                        }
                      ]
                    },
                    {
                      "Node Type": "Index Scan",
                      "Parent Relationship": "Inner",
                      "Parallel Aware": false,
                      "Async Capable": false,
                      "Scan Direction": "Forward",
                      "Index Name": "pk_lineitem",
                      "Relation Name": "lineitem",
                      "Alias": "lineitem",
                      "Startup Cost": 0.43,
                      "Total Cost": 1.38,
                      "Plan Rows": 3,
                      "Plan Width": 35,
                      "Actual Startup Time": 0.052,
                      "Actual Total Time": 0.054,
                      "Actual Rows": 3,
                      "Actual Loops": 48475,
                      "Index Cond": "(l_orderkey = orders.o_orderkey)",
                      "Rows Removed by Index Recheck": 0,
                      "Filter": "((l_shipdate > '1995-01-01'::date) AND (l_suppkey < 10000) AND (l_shipdate >= orders.o_orderdate))",
                      "Rows Removed by Filter": 1,
                      "Shared Hit Blocks": 113016,
                      "Shared Read Blocks": 83900,
                      "Shared Dirtied Blocks": 0,
                      "Shared Written Blocks": 0,
                      "Local Hit Blocks": 0,
                      "Local Read Blocks": 0,
                      "Local Dirtied Blocks": 0,
                      "Local Written Blocks": 0,
                      "Temp Read Blocks": 0,
                      "Temp Written Blocks": 0
                    }
                  ]
                },
                {
                  "Node Type": "Index Scan",
                  "Parent Relationship": "Inner",
                  "Parallel Aware": false,
                  "Async Capable": false,
                  "Scan Direction": "Forward",
                  "Index Name": "pk_part",
                  "Relation Name": "part",
                  "Alias": "part",
                  "Startup Cost": 0.42,
                  "Total Cost": 0.45,
                  "Plan Rows": 1,
                  "Plan Width": 21,
                  "Actual Startup Time": 0.001,
                  "Actual Total Time": 0.001,
                  "Actual Rows": 0,
                  "Actual Loops": 158791,
                  "Index Cond": "((p_partkey = lineitem.l_partkey) AND (p_partkey < 10000))",
                  "Rows Removed by Index Recheck": 0,
                  "Filter": "((p_container = 'SM JAR'::bpchar) AND (p_retailprice >= lineitem.l_extendedprice))",
                  "Rows Removed by Filter": 0,
                  "Shared Hit Blocks": 30932,
                  "Shared Read Blocks": 244,
                  "Shared Dirtied Blocks": 0,
                  "Shared Written Blocks": 0,
                  "Local Hit Blocks": 0,
                  "Local Read Blocks": 0,
                  "Local Dirtied Blocks": 0,
                  "Local Written Blocks": 0,
                  "Temp Read Blocks": 0,
                  "Temp Written Blocks": 0
                }
              ]
            }
          ]
        },
        {
          "Node Type": "Limit",
          "Parent Relationship": "Member",
          "Parallel Aware": false,
          "Async Capable": false,
          "Startup Cost": 165020.03,
          "Total Cost": 165021.19,
          "Plan Rows": 10,
          "Plan Width": 48,
          "Actual Startup Time": 1372.462,
          "Actual Total Time": 1372.542,
          "Actual Rows": 10,
          "Actual Loops": 1,
          "Shared Hit Blocks": 10722,
          "Shared Read Blocks": 112646,
          "Shared Dirtied Blocks": 0,
          "Shared Written Blocks": 0,
          "Local Hit Blocks": 0,
          "Local Read Blocks": 0,
          "Local Dirtied Blocks": 0,
          "Local Written Blocks": 0,
          "Temp Read Blocks": 0,
          "Temp Written Blocks": 0,
          "Plans": [
            {
              "Node Type": "Gather Merge",
              "Parent Relationship": "Outer",
              "Parallel Aware": false,
              "Async Capable": false,
              "Startup Cost": 165020.03,
              "Total Cost": 165236.34,
              "Plan Rows": 1854,
              "Plan Width": 48,
              "Actual Startup Time": 1372.46,
              "Actual Total Time": 1372.538,
              "Actual Rows": 10,
              "Actual Loops": 1,
              "Workers Planned": 2,
              "Workers Launched": 2,
              "Shared Hit Blocks": 10722,
              "Shared Read Blocks": 112646,
              "Shared Dirtied Blocks": 0,
              "Shared Written Blocks": 0,
              "Local Hit Blocks": 0,
              "Local Read Blocks": 0,
              "Local Dirtied Blocks": 0,
              "Local Written Blocks": 0,
              "Temp Read Blocks": 0,
              "Temp Written Blocks": 0,
              "Plans": [
                {
                  "Node Type": "Sort",
                  "Parent Relationship": "Outer",
                  "Parallel Aware": false,
                  "Async Capable": false,
                  "Startup Cost": 164020.0,
                  "Total Cost": 164022.32,
                  "Plan Rows": 927,
                  "Plan Width": 48,
                  "Actual Startup Time": 1322.804,
                  "Actual Total Time": 1322.808,
                  "Actual Rows": 7,
                  "Actual Loops": 3,
                  "Sort Key": [
                    "supplier.s_name"
                  ],
                  "Sort Method": "top-N heapsort",
                  "Sort Space Used": 26,
                  "Sort Space Type": "Memory",
                  "Shared Hit Blocks": 10722,
                  "Shared Read Blocks": 112646,
                  "Shared Dirtied Blocks": 0,
                  "Shared Written Blocks": 0,
                  "Local Hit Blocks": 0,
                  "Local Read Blocks": 0,
                  "Local Dirtied Blocks": 0,
                  "Local Written Blocks": 0,
                  "Temp Read Blocks": 0,
                  "Temp Written Blocks": 0,
                  "Workers": [
                    {
                      "Worker Number": 0,
                      "Sort Method": "top-N heapsort",
                      "Sort Space Used": 26,
                      "Sort Space Type": "Memory"
                    },
                    {
                      "Worker Number": 1,
                      "Sort Method": "top-N heapsort",
                      "Sort Space Used": 26,
                      "Sort Space Type": "Memory"
                    }
                  ],
                  "Plans": [
                    {
                      "Node Type": "Hash Join",
                      "Parent Relationship": "Outer",
                      "Parallel Aware": false,
                      "Async Capable": false,
                      "Join Type": "Inner",
                      "Startup Cost": 1264.28,
                      "Total Cost": 163999.97,
                      "Plan Rows": 927,
                      "Plan Width": 48,
                      "Actual Startup Time": 19.526,
                      "Actual Total Time": 1321.204,
                      "Actual Rows": 120,
                      "Actual Loops": 3,
                      "Inner Unique": true,
                      "Hash Cond": "(lineitem_1.l_suppkey = supplier.s_suppkey)",
                      "Join Filter": "(supplier.s_acctbal >= lineitem_1.l_extendedprice)",
                      "Rows Removed by Join Filter": 1942,
                      "Shared Hit Blocks": 10710,
                      "Shared Read Blocks": 112644,
                      "Shared Dirtied Blocks": 0,
                      "Shared Written Blocks": 0,
                      "Local Hit Blocks": 0,
                      "Local Read Blocks": 0,
                      "Local Dirtied Blocks": 0,
                      "Local Written Blocks": 0,
                      "Temp Read Blocks": 0,
                      "Temp Written Blocks": 0,
                      "Workers": [],
                      "Plans": [
                        {
                          "Node Type": "Hash Join",
                          "Parent Relationship": "Outer",
                          "Parallel Aware": false,
                          "Async Capable": false,
                          "Join Type": "Inner",
                          "Startup Cost": 816.28,
                          "Total Cost": 163544.67,
                          "Plan Rows": 2780,
                          "Plan Width": 34,
                          "Actual Startup Time": 8.585,
                          "Actual Total Time": 1309.381,
                          "Actual Rows": 2062,
                          "Actual Loops": 3,
                          "Inner Unique": true,
                          "Hash Cond": "(lineitem_1.l_partkey = part_1.p_partkey)",
                          "Shared Hit Blocks": 10180,
                          "Shared Read Blocks": 112409,
                          "Shared Dirtied Blocks": 0,
                          "Shared Written Blocks": 0,
                          "Local Hit Blocks": 0,
                          "Local Read Blocks": 0,
                          "Local Dirtied Blocks": 0,
                          "Local Written Blocks": 0,
                          "Temp Read Blocks": 0,
                          "Temp Written Blocks": 0,
                          "Workers": [],
                          "Plans": [
                            {
                              "Node Type": "Seq Scan",
                              "Parent Relationship": "Outer",
                              "Parallel Aware": true,
                              "Async Capable": false,
                              "Relation Name": "lineitem",
                              "Alias": "lineitem_1",
                              "Startup Cost": 0.0,
                              "Total Cost": 158995.74,
                              "Plan Rows": 1421933,
                              "Plan Width": 27,
                              "Actual Startup Time": 0.545,
                              "Actual Total Time": 1172.235,
                              "Actual Rows": 1141399,
                              "Actual Loops": 3,
                              "Filter": "((l_shipdate > '1995-01-01'::date) AND (l_suppkey < 14000))",
                              "Rows Removed by Filter": 859006,
                              "Shared Hit Blocks": 9199,
                              "Shared Read Blocks": 112287,
                              "Shared Dirtied Blocks": 0,
                              "Shared Written Blocks": 0,
                              "Local Hit Blocks": 0,
                              "Local Read Blocks": 0,
                              "Local Dirtied Blocks": 0,
                              "Local Written Blocks": 0,
                              "Temp Read Blocks": 0,
                              "Temp Written Blocks": 0,
                              "Workers": []
                            },
                            {
                              "Node Type": "Hash",
                              "Parent Relationship": "Inner",
                              "Parallel Aware": false,
                              "Async Capable": false,
                              "Startup Cost": 811.4,
                              "Total Cost": 811.4,
                              "Plan Rows": 391,
                              "Plan Width": 15,
                              "Actual Startup Time": 7.4,
                              "Actual Total Time": 7.401,
                              "Actual Rows": 368,
                              "Actual Loops": 3,
                              "Hash Buckets": 1024,
                              "Original Hash Buckets": 1024,
                              "Hash Batches": 1,
                              "Original Hash Batches": 1,
                              "Peak Memory Usage": 26,
                              "Shared Hit Blocks": 981,
                              "Shared Read Blocks": 122,
                              "Shared Dirtied Blocks": 0,
                              "Shared Written Blocks": 0,
                              "Local Hit Blocks": 0,
                              "Local Read Blocks": 0,
                              "Local Dirtied Blocks": 0,
                              "Local Written Blocks": 0,
                              "Temp Read Blocks": 0,
                              "Temp Written Blocks": 0,
                              "Workers": [],
                              "Plans": [
                                {
                                  "Node Type": "Index Scan",
                                  "Parent Relationship": "Outer",
                                  "Parallel Aware": false,
                                  "Async Capable": false,
                                  "Scan Direction": "Forward",
                                  "Index Name": "pk_part",
                                  "Relation Name": "part",
                                  "Alias": "part_1",
                                  "Startup Cost": 0.42,
                                  "Total Cost": 811.4,
                                  "Plan Rows": 391,
                                  "Plan Width": 15,
                                  "Actual Startup Time": 0.263,
                                  "Actual Total Time": 7.248,
                                  "Actual Rows": 368,
                                  "Actual Loops": 3,
                                  "Index Cond": "(p_partkey < 15000)",
                                  "Rows Removed by Index Recheck": 0,
                                  "Filter": "(p_container = 'SM JAR'::bpchar)",
                                  "Rows Removed by Filter": 14631,
                                  "Shared Hit Blocks": 981,
                                  "Shared Read Blocks": 122,
                                  "Shared Dirtied Blocks": 0,
                                  "Shared Written Blocks": 0,
                                  "Local Hit Blocks": 0,
                                  "Local Read Blocks": 0,
                                  "Local Dirtied Blocks": 0,
                                  "Local Written Blocks": 0,
                                  "Temp Read Blocks": 0,
                                  "Temp Written Blocks": 0,
                                  "Workers": []
                                }
                              ]
                            }
                          ]
                        },
                        {
                          "Node Type": "Hash",
                          "Parent Relationship": "Inner",
                          "Parallel Aware": false,
                          "Async Capable": false,
                          "Startup Cost": 323.0,
                          "Total Cost": 323.0,
                          "Plan Rows": 10000,
                          "Plan Width": 36,
                          "Actual Startup Time": 5.818,
                          "Actual Total Time": 5.819,
                          "Actual Rows": 10000,
                          "Actual Loops": 3,
                          "Hash Buckets": 16384,
                          "Original Hash Buckets": 16384,
                          "Hash Batches": 1,
                          "Original Hash Batches": 1,
                          "Peak Memory Usage": 822,
                          "Shared Hit Blocks": 448,
                          "Shared Read Blocks": 221,
                          "Shared Dirtied Blocks": 0,
                          "Shared Written Blocks": 0,
                          "Local Hit Blocks": 0,
                          "Local Read Blocks": 0,
                          "Local Dirtied Blocks": 0,
                          "Local Written Blocks": 0,
                          "Temp Read Blocks": 0,
                          "Temp Written Blocks": 0,
                          "Workers": [],
                          "Plans": [
                            {
                              "Node Type": "Seq Scan",
                              "Parent Relationship": "Outer",
                              "Parallel Aware": false,
                              "Async Capable": false,
                              "Relation Name": "supplier",
                              "Alias": "supplier",
                              "Startup Cost": 0.0,
                              "Total Cost": 323.0,
                              "Plan Rows": 10000,
                              "Plan Width": 36,
                              "Actual Startup Time": 0.613,
                              "Actual Total Time": 3.554,
                              "Actual Rows": 10000,
                              "Actual Loops": 3,
                              "Shared Hit Blocks": 448,
                              "Shared Read Blocks": 221,
                              "Shared Dirtied Blocks": 0,
                              "Shared Written Blocks": 0,
                              "Local Hit Blocks": 0,
                              "Local Read Blocks": 0,
                              "Local Dirtied Blocks": 0,
                              "Local Written Blocks": 0,
                              "Temp Read Blocks": 0,
                              "Temp Written Blocks": 0,
                              "Workers": []
                            }
                          ]
                        }
                      ]
                    }
                  ]
                }
              ]
            }
          ]
        }
      ]
    },
    "Planning": {
      "Shared Hit Blocks": 40,
      "Shared Read Blocks": 1,
      "Shared Dirtied Blocks": 0,
      "Shared Written Blocks": 0,
      "Local Hit Blocks": 0,
      "Local Read Blocks": 0,
      "Local Dirtied Blocks": 0,
      "Local Written Blocks": 0,
      "Temp Read Blocks": 0,
      "Temp Written Blocks": 0
    },
    "Planning Time": 0.832,
    "Triggers": [],
    "Execution Time": 6041.195
  }
]