[
  {
    "Plan": {
      "Node Type": "Append",
      "Parallel Aware": false,
      "Async Capable": false,
      "Startup Cost": 30.58,
      "Total Cost": 40254.16,
      "Plan Rows": 176,
      "Plan Width": 19,
      "Actual Startup Time": 1578.656,
      "Actual Total Time": 4623.717,
      "Actual Rows": 188,
      "Actual Loops": 1,
      "Shared Hit Blocks": 9247,
      "Shared Read Blocks": 166761,
      "Shared Dirtied Blocks": 0,
      "Shared Written Blocks": 0,
      "Local Hit Blocks": 0,
      "Local Read Blocks": 0,
      "Local Dirtied Blocks": 0,
      "Local Written Blocks": 0,
      "Temp Read Blocks": 0,
      "Temp Written Blocks": 0,
      "Subplans Removed": 0,
      "Plans": [
        {
          "Node Type": "Limit",
          "Parent Relationship": "Member",
          "Parallel Aware": false,
          "Async Capable": false,
          "Startup Cost": 30.58,
          "Total Cost": 3005.97,
          "Plan Rows": 100,
          "Plan Width": 20,
          "Actual Startup Time": 1578.655,
          "Actual Total Time": 4276.338,
          "Actual Rows": 100,
          "Actual Loops": 1,
          "Shared Hit Blocks": 9071,
          "Shared Read Blocks": 138442,
          "Shared Dirtied Blocks": 0,
          "Shared Written Blocks": 0,
          "Local Hit Blocks": 0,
          "Local Read Blocks": 0,
          "Local Dirtied Blocks": 0,
          "Local Written Blocks": 0,
          "Temp Read Blocks": 0,
          "Temp Written Blocks": 0,
          "Plans": [
            {
              "Node Type": "Incremental Sort",
              "Parent Relationship": "Outer",
              "Parallel Aware": false,
              "Async Capable": false,
              "Startup Cost": 30.58,
              "Total Cost": 529292.48,
              "Plan Rows": 17788,
              "Plan Width": 20,
              "Actual Startup Time": 1578.654,
              "Actual Total Time": 4276.324,
              "Actual Rows": 100,
              "Actual Loops": 1,
              "Sort Key": [
                "lineitem.l_orderkey",
                "lineitem.l_extendedprice DESC"
              ],
              "Presorted Key": [
                "lineitem.l_orderkey"
              ],
              "Full-sort Groups": {
                "Group Count": 4,
                "Sort Methods Used": [
                  "quicksort"
                ],
                "Sort Space Memory": {
                  "Average Sort Space Used": 27,
                  "Peak Sort Space Used": 27
                }
              },
              "Shared Hit Blocks": 9071,
              "Shared Read Blocks": 138442,
              "Shared Dirtied Blocks": 0,
              "Shared Written Blocks": 0,
              "Local Hit Blocks": 0,
              "Local Read Blocks": 0,
              "Local Dirtied Blocks": 0,
              "Local Written Blocks": 0,
              "Temp Read Blocks": 0,
              "Temp Written Blocks": 0,
              "Plans": [
                {
                  "Node Type": "Nested Loop",
                  "Parent Relationship": "Outer",
                  "Parallel Aware": false,
                  "Async Capable": false,
                  "Join Type": "Inner",
                  "Startup Cost": 0.86,
                  "Total Cost": 528492.02,
                  "Plan Rows": 17788,
                  "Plan Width": 20,
                  "Actual Startup Time": 5.936,
                  "Actual Total Time": 4275.873,
                  "Actual Rows": 100,
                  "Actual Loops": 1,
                  "Inner Unique": true,
                  "Shared Hit Blocks": 9071,
                  "Shared Read Blocks": 138442,
                  "Shared Dirtied Blocks": 0,
                  "Shared Written Blocks": 0,
                  "Local Hit Blocks": 0,
                  "Local Read Blocks": 0,
                  "Local Dirtied Blocks": 0,
                  "Local Written Blocks": 0,
                  "Temp Read Blocks": 0,
                  "Temp Written Blocks": 0,
                  "Plans": [
                    {
                      "Node Type": "Index Scan",
                      "Parent Relationship": "Outer",
                      "Parallel Aware": false,
                      "Async Capable": false,
                      "Scan Direction": "Forward",
                      "Index Name": "pk_lineitem",
                      "Relation Name": "lineitem",
                      "Alias": "lineitem",
                      "Startup Cost": 0.43,
                      "Total Cost": 478353.96,
                      "Plan Rows": 90905,
                      "Plan Width": 20,
                      "Actual Startup Time": 0.062,
                      "Actual Total Time": 4154.156,
                      "Actual Rows": 90292,
                      "Actual Loops": 1,
                      "Filter": "(l_partkey < 3010)",
                      "Rows Removed by Filter": 5910923,
                      "Shared Hit Blocks": 9035,
                      "Shared Read Blocks": 138442,
                      "Shared Dirtied Blocks": 0,
                      "Shared Written Blocks": 0,
                      "Local Hit Blocks": 0,
                      "Local Read Blocks": 0,
                      "Local Dirtied Blocks": 0,
                      "Local Written Blocks": 0,
                      "Temp Read Blocks": 0,
                      "Temp Written Blocks": 0
                    },
                    {
                      "Node Type": "Memoize",
                      "Parent Relationship": "Inner",
                      "Parallel Aware": false,
                      "Async Capable": false,
                      "Startup Cost": 0.43,
                      "Total Cost": 0.67,
                      "Plan Rows": 1,
                      "Plan Width": 4,
                      "Actual Startup Time": 0.001,
                      "Actual Total Time": 0.001,
                      "Actual Rows": 0,
                      "Actual Loops": 90292,
                      "Cache Key": "lineitem.l_partkey",
                      "Cache Mode": "logical",
                      "Cache Hits": 87283,
                      "Cache Misses": 3009,
                      "Cache Evictions": 0,
                      "Cache Overflows": 0,
                      "Peak Memory Usage": 200,
                      "Shared Hit Blocks": 36,
                      "Shared Read Blocks": 0,
                      "Shared Dirtied Blocks": 0,
                      "Shared Written Blocks": 0,
                      "Local Hit Blocks": 0,
                      "Local Read Blocks": 0,
                      "Local Dirtied Blocks": 0,
                      "Local Written Blocks": 0,
                      "Temp Read Blocks": 0,
                      "Temp Written Blocks": 0,
                      "Plans": [
                        {
                          "Node Type": "Index Scan",
                          "Parent Relationship": "Outer",
                          "Parallel Aware": false,
                          "Async Capable": false,
                          "Scan Direction": "Forward",
                          "Index Name": "pk_part",
                          "Relation Name": "part",
                          "Alias": "part",
                          "Startup Cost": 0.42,
                          "Total Cost": 0.66,
                          "Plan Rows": 1,
                          "Plan Width": 4,
                          "Actual Startup Time": 0.001,
                          "Actual Total Time": 0.001,
                          "Actual Rows": 0,
                          "Actual Loops": 3009,
                          "Index Cond": "((p_partkey = lineitem.l_partkey) AND (p_partkey > 3000))",
                          "Rows Removed by Index Recheck": 0,
                          "Filter": "(p_container ~~ 'JUMBO%'::text)",
                          "Rows Removed by Filter": 0,
                          "Shared Hit Blocks": 36,
                          "Shared Read Blocks": 0,
                          "Shared Dirtied Blocks": 0,
                          "Shared Written Blocks": 0,
                          "Local Hit Blocks": 0,
                          "Local Read Blocks": 0,
                          "Local Dirtied Blocks": 0,
                          "Local Written Blocks": 0,
                          "Temp Read Blocks": 0,
                          "Temp Written Blocks": 0
                        }
                      ]
                    }
                  ]
                }
              ]
            }
          ]
        },
        {
          "Node Type": "Limit",
          "Parent Relationship": "Member",
          "Parallel Aware": false,
          "Async Capable": false,
          "Startup Cost": 37238.44,
          "Total Cost": 37247.31,
          "Plan Rows": 76,
          "Plan Width": 18,
          "Actual Startup Time": 340.195,
          "Actual Total Time": 347.199,
          "Actual Rows": 88,
          "Actual Loops": 1,
          "Shared Hit Blocks": 176,
          "Shared Read Blocks": 28319,
          "Shared Dirtied Blocks": 0,
          "Shared Written Blocks": 0,
          "Local Hit Blocks": 0,
          "Local Read Blocks": 0,
          "Local Dirtied Blocks": 0,
          "Local Written Blocks": 0,
          "Temp Read Blocks": 0,
          "Temp Written Blocks": 0,
          "Plans": [
            {
              "Node Type": "Gather Merge",
              "Parent Relationship": "Outer",
              "Parallel Aware": false,
              "Async Capable": false,
              "Startup Cost": 37238.44,
              "Total Cost": 37247.31,
              "Plan Rows": 76,
              "Plan Width": 18,
              "Actual Startup Time": 340.193,
              "Actual Total Time": 347.188,
              "Actual Rows": 88,
              "Actual Loops": 1,
              "Workers Planned": 2,
              "Workers Launched": 2,
              "Shared Hit Blocks": 176,
              "Shared Read Blocks": 28319,
              "Shared Dirtied Blocks": 0,
              "Shared Written Blocks": 0,
              "Local Hit Blocks": 0,
              "Local Read Blocks": 0,
              "Local Dirtied Blocks": 0,
              "Local Written Blocks": 0,
              "Temp Read Blocks": 0,
              "Temp Written Blocks": 0,
              "Plans": [
                {
                  "Node Type": "Sort",
                  "Parent Relationship": "Outer",
                  "Parallel Aware": false,
                  "Async Capable": false,
                  "Startup Cost": 36238.42,
                  "Total Cost": 36238.51,
                  "Plan Rows": 38,
                  "Plan Width": 18,
                  "Actual Startup Time": 286.881,
                  "Actual Total Time": 286.885,
                  "Actual Rows": 29,
                  "Actual Loops": 3,
                  "Sort Key": [
                    "customer.c_acctbal DESC",
                    "orders.o_orderkey",
                    "customer.c_custkey"
                  ],
                  "Sort Method": "quicksort",
                  "Sort Space Used": 28,
                  "Sort Space Type": "Memory",
                  "Shared Hit Blocks": 176,
                  "Shared Read Blocks": 28319,
                  "Shared Dirtied Blocks": 0,
                  "Shared Written Blocks": 0,
                  "Local Hit Blocks": 0,
                  "Local Read Blocks": 0,
                  "Local Dirtied Blocks": 0,
                  "Local Written Blocks": 0,
                  "Temp Read Blocks": 0,
                  "Temp Written Blocks": 0,
                  "Workers": [
                    {
                      "Worker Number": 0,
                      "Sort Method": "quicksort",
                      "Sort Space Used": 26,
                      "Sort Space Type": "Memory"
                    },
                    {
                      "Worker Number": 1,
                      "Sort Method": "quicksort",
                      "Sort Space Used": 26,
                      "Sort Space Type": "Memory"
                    }
                  ],
                  "Plans": [
                    {
                      "Node Type": "Hash Join",
                      "Parent Relationship": "Outer",
                      "Parallel Aware": false,
                      "Async Capable": false,
                      "Join Type": "Inner",
                      "Startup Cost": 8.75,
                      "Total Cost": 36237.42,
                      "Plan Rows": 38,
                      "Plan Width": 18,
                      "Actual Startup Time": 13.729,
                      "Actual Total Time": 286.624,
                      "Actual Rows": 29,
                      "Actual Loops": 3,
                      "Inner Unique": true,
                      "Hash Cond": "(orders.o_custkey = customer.c_custkey)",
                      "Shared Hit Blocks": 138,
                      "Shared Read Blocks": 28313,
                      "Shared Dirtied Blocks": 0,
                      "Shared Written Blocks": 0,
                      "Local Hit Blocks": 0,
                      "Local Read Blocks": 0,
                      "Local Dirtied Blocks": 0,
                      "Local Written Blocks": 0,
                      "Temp Read Blocks": 0,
                      "Temp Written Blocks": 0,
                      "Workers": [],
                      "Plans": [
                        {
                          "Node Type": "Seq Scan",
                          "Parent Relationship": "Outer",
                          "Parallel Aware": true,
                          "Async Capable": false,
                          "Relation Name": "orders",
                          "Alias": "orders",
                          "Startup Cost": 0.0,
                          "Total Cost": 34588.0,
                          "Plan Rows": 625000,
                          "Plan Width": 12,
                          "Actual Startup Time": 0.608,
                          "Actual Total Time": 222.372,
                          "Actual Rows": 500000,
                          "Actual Loops": 3,
                          "Shared Hit Blocks": 47,
                          "Shared Read Blocks": 28291,
                          "Shared Dirtied Blocks": 0,
                          "Shared Written Blocks": 0,
                          "Local Hit Blocks": 0,
                          "Local Read Blocks": 0,
                          "Local Dirtied Blocks": 0,
                          "Local Written Blocks": 0,
                          "Temp Read Blocks": 0,
                          "Temp Written Blocks": 0,
                          "Workers": []
                        },
                        {
                          "Node Type": "Hash",
                          "Parent Relationship": "Inner",
                          "Parallel Aware": false,
                          "Async Capable": false,
                          "Startup Cost": 8.64,
                          "Total Cost": 8.64,
                          "Plan Rows": 9,
                          "Plan Width": 10,
                          "Actual Startup Time": 0.524,
                          "Actual Total Time": 0.525,
                          "Actual Rows": 9,
                          "Actual Loops": 3,
                          "Hash Buckets": 1024,
                          "Original Hash Buckets": 1024,
                          "Hash Batches": 1,
                          "Original Hash Batches": 1,
                          "Peak Memory Usage": 9,
                          "Shared Hit Blocks": 10,
                          "Shared Read Blocks": 7,
                          "Shared Dirtied Blocks": 0,
                          "Shared Written Blocks": 0,
                          "Local Hit Blocks": 0,
                          "Local Read Blocks": 0,
                          "Local Dirtied Blocks": 0,
                          "Local Written Blocks": 0,
                          "Temp Read Blocks": 0,
                          "Temp Written Blocks": 0,
                          "Workers": [],
                          "Plans": [
                            {
                              "Node Type": "Index Scan",
                              "Parent Relationship": "Outer",
                              "Parallel Aware": false,
                              "Async Capable": false,
                              "Scan Direction": "Forward",
                              "Index Name": "pk_customer",
                              "Relation Name": "customer",
                              "Alias": "customer",
                              "Startup Cost": 0.42,
                              "Total Cost": 8.64,
                              "Plan Rows": 9,
                              "Plan Width": 10,
                              "Actual Startup Time": 0.506,
                              "Actual Total Time": 0.514,
                              "Actual Rows": 9,
                              "Actual Loops": 3,
                              "Index Cond": "((c_custkey > 1000) AND (c_custkey < 1010))",
                              "Rows Removed by Index Recheck": 0,
                              "Shared Hit Blocks": 10,
                              "Shared Read Blocks": 7,
                              "Shared Dirtied Blocks": 0,
                              "Shared Written Blocks": 0,
                              "Local Hit Blocks": 0,
                              "Local Read Blocks": 0,
                              "Local Dirtied Blocks": 0,
                              "Local Written Blocks": 0,
                              "Temp Read Blocks": 0,
                              "Temp Written Blocks": 0,
                              "Workers": []
                            }
                          ]
                        }
                      ]
                    }
                  ]
                }
              ]
            }
          ]
        }
      ]
    },
    "Planning": {
      "Shared Hit Blocks": 15,
      "Shared Read Blocks": 9,
      "Shared Dirtied Blocks": 0,
      "Shared Written Blocks": 0,
      "Local Hit Blocks": 0,
      "Local Read Blocks": 0,
      "Local Dirtied Blocks": 0,
      "Local Written Blocks": 0,
      "Temp Read Blocks": 0,
      "Temp Written Blocks": 0
    },
    "Planning Time": 0.782,
    "Triggers": [],
    "Execution Time": 4624.183
  }
]