[
  {
    "Plan": {
      "Node Type": "Aggregate",
      "Strategy": "Sorted",
      "Partial Mode": "Finalize",
      "Parallel Aware": false,
      "Async Capable": false,
      "Startup Cost": 237298.59,
      "Total Cost": 237300.55,
      "Plan Rows": 6,
      "Plan Width": 236,
      "Actual Startup Time": 4112.78,
      "Actual Total Time": 4122.956,
      "Actual Rows": 4,
      "Actual Loops": 1,
      "Group Key": [
        "l_returnflag",
        "l_linestatus"
      ],
      "Shared Hit Blocks": 13561,
      "Shared Read Blocks": 107939,
      "Shared Dirtied Blocks": 0,
      "Shared Written Blocks": 0,
      "Local Hit Blocks": 0,
      "Local Read Blocks": 0,
      "Local Dirtied Blocks": 0,
      "Local Written Blocks": 0,
      "Temp Read Blocks": 0,
      "Temp Written Blocks": 0,
      "Plans": [
        {
          "Node Type": "Gather Merge",
          "Parent Relationship": "Outer",
          "Parallel Aware": false,
          "Async Capable": false,
          "Startup Cost": 237298.59,
          "Total Cost": 237299.99,
          "Plan Rows": 12,
          "Plan Width": 236,
          "Actual Startup Time": 4112.749,
          "Actual Total Time": 4122.899,
          "Actual Rows": 12,
          "Actual Loops": 1,
          "Workers Planned": 2,
          "Workers Launched": 2,
          "Shared Hit Blocks": 13561,
          "Shared Read Blocks": 107939,
          "Shared Dirtied Blocks": 0,
          "Shared Written Blocks": 0,
          "Local Hit Blocks": 0,
          "Local Read Blocks": 0,
          "Local Dirtied Blocks": 0,
          "Local Written Blocks": 0,
          "Temp Read Blocks": 0,
          "Temp Written Blocks": 0,
          "Plans": [
            {
              "Node Type": "Sort",
              "Parent Relationship": "Outer",
              "Parallel Aware": false,
              "Async Capable": false,
              "Startup Cost": 236298.57,
              "Total Cost": 236298.58,
              "Plan Rows": 6,
              "Plan Width": 236,
              "Actual Startup Time": 4070.132,
              "Actual Total Time": 4070.134,
              "Actual Rows": 4,
              "Actual Loops": 3,
              "Sort Key": [
                "l_returnflag",
                "l_linestatus"
              ],
              "Sort Method": "quicksort",
              "Sort Space Used": 26,
              "Sort Space Type": "Memory",
              "Shared Hit Blocks": 13561,
              "Shared Read Blocks": 107939,
              "Shared Dirtied Blocks": 0,
              "Shared Written Blocks": 0,
              "Local Hit Blocks": 0,
              "Local Read Blocks": 0,
              "Local Dirtied Blocks": 0,
              "Local Written Blocks": 0,
              "Temp Read Blocks": 0,
              "Temp Written Blocks": 0,
              "Workers": [
                {
                  "Worker Number": 0,
                  "Sort Method": "quicksort",
                  "Sort Space Used": 26,
                  "Sort Space Type": "Memory"
                },
                {
                  "Worker Number": 1,
                  "Sort Method": "quicksort",
                  "Sort Space Used": 26,
                  "Sort Space Type": "Memory"
                }
              ],
              "Plans": [
                {
                  "Node Type": "Aggregate",
                  "Strategy": "Hashed",
                  "Partial Mode": "Partial",
                  "Parent Relationship": "Outer",
                  "Parallel Aware": false,
                  "Async Capable": false,
                  "Startup Cost": 236298.35,
                  "Total Cost": 236298.49,
                  "Plan Rows": 6,
                  "Plan Width": 236,
                  "Actual Startup Time": 4070.071,
                  "Actual Total Time": 4070.078,
                  "Actual Rows": 4,
                  "Actual Loops": 3,
                  "Group Key": [
                    "l_returnflag",
                    "l_linestatus"
                  ],
                  "Planned Partitions": 0,
                  "HashAgg Batches": 1,
                  "Peak Memory Usage": 24,
                  "Disk Usage": 0,
                  "Shared Hit Blocks": 13547,
                  "Shared Read Blocks": 107939,
                  "Shared Dirtied Blocks": 0,
                  "Shared Written Blocks": 0,
                  "Local Hit Blocks": 0,
                  "Local Read Blocks": 0,
                  "Local Dirtied Blocks": 0,
                  "Local Written Blocks": 0,
                  "Temp Read Blocks": 0,
                  "Temp Written Blocks": 0,
                  "Workers": [
                    {
                      "Worker Number": 0,
                      "HashAgg Batches": 1,
                      "Peak Memory Usage": 24,
                      "Disk Usage": 0
                    },
                    {
                      "Worker Number": 1,
                      "HashAgg Batches": 1,
                      "Peak Memory Usage": 24,
                      "Disk Usage": 0
                    }
                  ],
                  "Plans": [
                    {
                      "Node Type": "Seq Scan",
                      "Parent Relationship": "Outer",
                      "Parallel Aware": true,
                      "Async Capable": false,
                      "Relation Name": "lineitem",
                      "Alias": "lineitem",
                      "Startup Cost": 0.0,
                      "Total Cost": 152744.11,
                      "Plan Rows": 2387264,
                      "Plan Width": 25,
                      "Actual Startup Time": 0.474,
                      "Actual Total Time": 1242.784,
                      "Actual Rows": 1907898,
                      "Actual Loops": 3,
                      "Filter": "(l_shipdate <= '1998-06-13 00:00:00'::timestamp without time zone)",
                      "Rows Removed by Filter": 92507,
                      "Shared Hit Blocks": 13547,
                      "Shared Read Blocks": 107939,
                      "Shared Dirtied Blocks": 0,
                      "Shared Written Blocks": 0,
                      "Local Hit Blocks": 0,
                      "Local Read Blocks": 0,
                      "Local Dirtied Blocks": 0,
                      "Local Written Blocks": 0,
                      "Temp Read Blocks": 0,
                      "Temp Written Blocks": 0,
                      "Workers": []
                    }
                  ]
                }
              ]
            }
          ]
        }
      ]
    },
    "Planning": {
      "Shared Hit Blocks": 3,
      "Shared Read Blocks": 2,
      "Shared Dirtied Blocks": 0,
      "Shared Written Blocks": 0,
      "Local Hit Blocks": 0,
      "Local Read Blocks": 0,
      "Local Dirtied Blocks": 0,
      "Local Written Blocks": 0,
      "Temp Read Blocks": 0,
      "Temp Written Blocks": 0
    },
    "Planning Time": 0.336,
    "Triggers": [],
    "Execution Time": 4123.024
  }
]