[
  {
    "Plan": {
      "Node Type": "Limit",
      "Parallel Aware": false,
      "Async Capable": false,
      "Startup Cost": 212828.01,
      "Total Cost": 212828.06,
      "Plan Rows": 20,
      "Plan Width": 197,
      "Actual Startup Time": 2138.614,
      "Actual Total Time": 2152.839,
      "Actual Rows": 20,
      "Actual Loops": 1,
      "Shared Hit Blocks": 10027,
      "Shared Read Blocks": 143745,
      "Shared Dirtied Blocks": 0,
      "Shared Written Blocks": 0,
      "Local Hit Blocks": 0,
      "Local Read Blocks": 0,
      "Local Dirtied Blocks": 0,
      "Local Written Blocks": 0,
      "Temp Read Blocks": 2642,
      "Temp Written Blocks": 2648,
      "Plans": [
        {
          "Node Type": "Sort",
          "Parent Relationship": "Outer",
          "Parallel Aware": false,
          "Async Capable": false,
          "Startup Cost": 212828.01,
          "Total Cost": 212975.48,
          "Plan Rows": 58986,
          "Plan Width": 197,
          "Actual Startup Time": 2138.613,
          "Actual Total Time": 2152.836,
          "Actual Rows": 20,
          "Actual Loops": 1,
          "Sort Key": [
            "(sum((lineitem.l_extendedprice * ('1'::numeric - lineitem.l_discount)))) DESC"
          ],
          "Sort Method": "top-N heapsort",
          "Sort Space Used": 33,
          "Sort Space Type": "Memory",
          "Shared Hit Blocks": 10027,
          "Shared Read Blocks": 143745,
          "Shared Dirtied Blocks": 0,
          "Shared Written Blocks": 0,
          "Local Hit Blocks": 0,
          "Local Read Blocks": 0,
          "Local Dirtied Blocks": 0,
          "Local Written Blocks": 0,
          "Temp Read Blocks": 2642,
          "Temp Written Blocks": 2648,
          "Plans": [
            {
              "Node Type": "Aggregate",
              "Strategy": "Sorted",
              "Partial Mode": "Finalize",
              "Parent Relationship": "Outer",
              "Parallel Aware": false,
              "Async Capable": false,
              "Startup Cost": 202942.47,
              "Total Cost": 211258.42,
              "Plan Rows": 58986,
              "Plan Width": 197,
              "Actual Startup Time": 1918.532,
              "Actual Total Time": 2132.762,
              "Actual Rows": 37580,
              "Actual Loops": 1,
              "Group Key": [
                "customer.c_name",
                "customer.c_acctbal",
                "customer.c_phone",
                "nation.n_name",
                "customer.c_address",
                "customer.c_comment"
              ],
              "Shared Hit Blocks": 10027,
              "Shared Read Blocks": 143745,
              "Shared Dirtied Blocks": 0,
              "Shared Written Blocks": 0,
              "Local Hit Blocks": 0,
              "Local Read Blocks": 0,
              "Local Dirtied Blocks": 0,
              "Local Written Blocks": 0,
              "Temp Read Blocks": 2642,
              "Temp Written Blocks": 2648,
              "Plans": [
                {
                  "Node Type": "Gather Merge",
                  "Parent Relationship": "Outer",
                  "Parallel Aware": false,
                  "Async Capable": false,
                  "Startup Cost": 202942.47,
                  "Total Cost": 209537.97,
                  "Plan Rows": 49156,
                  "Plan Width": 197,
                  "Actual Startup Time": 1918.522,
                  "Actual Total Time": 2081.881,
                  "Actual Rows": 37580,
                  "Actual Loops": 1,
                  "Workers Planned": 2,
                  "Workers Launched": 2,
                  "Shared Hit Blocks": 10027,
                  "Shared Read Blocks": 143745,
                  "Shared Dirtied Blocks": 0,
                  "Shared Written Blocks": 0,
                  "Local Hit Blocks": 0,
                  "Local Read Blocks": 0,
                  "Local Dirtied Blocks": 0,
                  "Local Written Blocks": 0,
                  "Temp Read Blocks": 2642,
                  "Temp Written Blocks": 2648,
                  "Plans": [
                    {
                      "Node Type": "Aggregate",
                      "Strategy": "Sorted",
                      "Partial Mode": "Partial",
                      "Parent Relationship": "Outer",
                      "Parallel Aware": false,
                      "Async Capable": false,
                      "Startup Cost": 201942.45,
                      "Total Cost": 202864.13,
                      "Plan Rows": 24578,
                      "Plan Width": 197,
                      "Actual Startup Time": 1870.576,
                      "Actual Total Time": 1958.772,
                      "Actual Rows": 12527,
                      "Actual Loops": 3,
                      "Group Key": [
                        "customer.c_name",
                        "customer.c_acctbal",
                        "customer.c_phone",
                        "nation.n_name",
                        "customer.c_address",
                        "customer.c_comment"
                      ],
                      "Shared Hit Blocks": 10027,
                      "Shared Read Blocks": 143745,
                      "Shared Dirtied Blocks": 0,
                      "Shared Written Blocks": 0,
                      "Local Hit Blocks": 0,
                      "Local Read Blocks": 0,
                      "Local Dirtied Blocks": 0,
                      "Local Written Blocks": 0,
                      "Temp Read Blocks": 2642,
                      "Temp Written Blocks": 2648,
                      "Workers": [],
                      "Plans": [
                        {
                          "Node Type": "Sort",
                          "Parent Relationship": "Outer",
                          "Parallel Aware": false,
                          "Async Capable": false,
                          "Startup Cost": 201942.45,
                          "Total Cost": 202003.9,
                          "Plan Rows": 24578,
                          "Plan Width": 177,
                          "Actual Startup Time": 1870.548,
                          "Actual Total Time": 1908.537,
                          "Actual Rows": 37633,
                          "Actual Loops": 3,
                          "Sort Key": [
                            "customer.c_name",
                            "customer.c_acctbal",
                            "customer.c_phone",
                            "nation.n_name",
                            "customer.c_address",
                            "customer.c_comment"
                          ],
                          "Sort Method": "external merge",
                          "Sort Space Used": 6904,
                          "Sort Space Type": "Disk",
                          "Shared Hit Blocks": 10027,
                          "Shared Read Blocks": 143745,
                          "Shared Dirtied Blocks": 0,
                          "Shared Written Blocks": 0,
                          "Local Hit Blocks": 0,
                          "Local Read Blocks": 0,
                          "Local Dirtied Blocks": 0,
                          "Local Written Blocks": 0,
                          "Temp Read Blocks": 2642,
                          "Temp Written Blocks": 2648,
                          "Workers": [
                            {
                              "Worker Number": 0,
                              "Sort Method": "external merge",
                              "Sort Space Used": 7320,
                              "Sort Space Type": "Disk"
                            },
                            {
                              "Worker Number": 1,
                              "Sort Method": "external merge",
                              "Sort Space Used": 6912,
                              "Sort Space Type": "Disk"
                            }
                          ],
                          "Plans": [
                            {
                              "Node Type": "Hash Join",
                              "Parent Relationship": "Outer",
                              "Parallel Aware": false,
                              "Async Capable": false,
                              "Join Type": "Inner",
                              "Startup Cost": 192711.6,
                              "Total Cost": 197962.59,
                              "Plan Rows": 24578,
                              "Plan Width": 177,
                              "Actual Startup Time": 1681.68,
                              "Actual Total Time": 1743.67,
                              "Actual Rows": 37633,
                              "Actual Loops": 3,
                              "Inner Unique": true,
                              "Hash Cond": "(customer.c_nationkey = nation.n_nationkey)",
                              "Shared Hit Blocks": 9890,
                              "Shared Read Blocks": 143740,
                              "Shared Dirtied Blocks": 0,
                              "Shared Written Blocks": 0,
                              "Local Hit Blocks": 0,
                              "Local Read Blocks": 0,
                              "Local Dirtied Blocks": 0,
                              "Local Written Blocks": 0,
                              "Temp Read Blocks": 0,
                              "Temp Written Blocks": 0,
                              "Workers": [],
                              "Plans": [
                                {
                                  "Node Type": "Hash Join",
                                  "Parent Relationship": "Outer",
                                  "Parallel Aware": true,
                                  "Async Capable": false,
                                  "Join Type": "Inner",
                                  "Startup Cost": 192710.04,
                                  "Total Cost": 197885.57,
                                  "Plan Rows": 24578,
                                  "Plan Width": 155,
                                  "Actual Startup Time": 1680.742,
                                  "Actual Total Time": 1732.844,
                                  "Actual Rows": 37633,
                                  "Actual Loops": 3,
                                  "Inner Unique": false,
                                  "Hash Cond": "(customer.c_custkey = orders.o_custkey)",
                                  "Shared Hit Blocks": 9863,
                                  "Shared Read Blocks": 143736,
                                  "Shared Dirtied Blocks": 0,
                                  "Shared Written Blocks": 0,
                                  "Local Hit Blocks": 0,
                                  "Local Read Blocks": 0,
                                  "Local Dirtied Blocks": 0,
                                  "Local Written Blocks": 0,
                                  "Temp Read Blocks": 0,
                                  "Temp Written Blocks": 0,
                                  "Workers": [],
                                  "Plans": [
                                    {
                                      "Node Type": "Seq Scan",
                                      "Parent Relationship": "Outer",
                                      "Parallel Aware": true,
                                      "Async Capable": false,
                                      "Relation Name": "customer",
                                      "Alias": "customer",
                                      "Startup Cost": 0.0,
                                      "Total Cost": 4370.0,
                                      "Plan Rows": 62500,
                                      "Plan Width": 147,
                                      "Actual Startup Time": 0.931,
                                      "Actual Total Time": 22.373,
                                      "Actual Rows": 50000,
                                      "Actual Loops": 3,
                                      "Shared Hit Blocks": 66,
                                      "Shared Read Blocks": 3679,
                                      "Shared Dirtied Blocks": 0,
                                      "Shared Written Blocks": 0,
                                      "Local Hit Blocks": 0,
                                      "Local Read Blocks": 0,
                                      "Local Dirtied Blocks": 0,
                                      "Local Written Blocks": 0,
                                      "Temp Read Blocks": 0,
                                      "Temp Written Blocks": 0,
                                      "Workers": []
                                    },
                                    {
                                      "Node Type": "Hash",
                                      "Parent Relationship": "Inner",
                                      "Parallel Aware": true,
                                      "Async Capable": false,
                                      "Startup Cost": 192402.81,
                                      "Total Cost": 192402.81,
                                      "Plan Rows": 24578,
                                      "Plan Width": 16,
                                      "Actual Startup Time": 1679.639,
                                      "Actual Total Time": 1679.643,
                                      "Actual Rows": 37633,
                                      "Actual Loops": 3,
                                      "Hash Buckets": 131072,
                                      "Original Hash Buckets": 65536,
                                      "Hash Batches": 1,
                                      "Original Hash Batches": 1,
                                      "Peak Memory Usage": 7552,
                                      "Shared Hit Blocks": 9797,
                                      "Shared Read Blocks": 140057,
                                      "Shared Dirtied Blocks": 0,
                                      "Shared Written Blocks": 0,
                                      "Local Hit Blocks": 0,
                                      "Local Read Blocks": 0,
                                      "Local Dirtied Blocks": 0,
                                      "Local Written Blocks": 0,
                                      "Temp Read Blocks": 0,
                                      "Temp Written Blocks": 0,
                                      "Workers": [],
                                      "Plans": [
                                        {
                                          "Node Type": "Hash Join",
                                          "Parent Relationship": "Outer",
                                          "Parallel Aware": true,
                                          "Async Capable": false,
                                          "Join Type": "Inner",
                                          "Startup Cost": 38020.71,
                                          "Total Cost": 192402.81,
                                          "Plan Rows": 24578,
                                          "Plan Width": 16,
                                          "Actual Startup Time": 202.993,
                                          "Actual Total Time": 1652.439,
                                          "Actual Rows": 37633,
                                          "Actual Loops": 3,
                                          "Inner Unique": true,
                                          "Hash Cond": "(lineitem.l_orderkey = orders.o_orderkey)",
                                          "Shared Hit Blocks": 9797,
                                          "Shared Read Blocks": 140057,
                                          "Shared Dirtied Blocks": 0,
                                          "Shared Written Blocks": 0,
                                          "Local Hit Blocks": 0,
                                          "Local Read Blocks": 0,
                                          "Local Dirtied Blocks": 0,
                                          "Local Written Blocks": 0,
                                          "Temp Read Blocks": 0,
                                          "Temp Written Blocks": 0,
                                          "Workers": [],
                                          "Plans": [
                                            {
                                              "Node Type": "Seq Scan",
                                              "Parent Relationship": "Outer",
                                              "Parallel Aware": true,
                                              "Async Capable": false,
                                              "Relation Name": "lineitem",
                                              "Alias": "lineitem",
                                              "Startup Cost": 0.0,
                                              "Total Cost": 152744.11,
                                              "Plan Rows": 623995,
                                              "Plan Width": 20,
                                              "Actual Startup Time": 0.349,
                                              "Actual Total Time": 1309.582,
                                              "Actual Rows": 492831,
                                              "Actual Loops": 3,
                                              "Filter": "(l_returnflag = 'A'::bpchar)",
                                              "Rows Removed by Filter": 1507574,
                                              "Shared Hit Blocks": 9593,
                                              "Shared Read Blocks": 111893,
                                              "Shared Dirtied Blocks": 0,
                                              "Shared Written Blocks": 0,
                                              "Local Hit Blocks": 0,
                                              "Local Read Blocks": 0,
                                              "Local Dirtied Blocks": 0,
                                              "Local Written Blocks": 0,
                                              "Temp Read Blocks": 0,
                                              "Temp Written Blocks": 0,
                                              "Workers": []
                                            },
                                            {
                                              "Node Type": "Hash",
                                              "Parent Relationship": "Inner",
                                              "Parallel Aware": true,
                                              "Async Capable": false,
                                              "Startup Cost": 37713.0,
                                              "Total Cost": 37713.0,
                                              "Plan Rows": 24617,
                                              "Plan Width": 12,
                                              "Actual Startup Time": 202.341,
                                              "Actual Total Time": 202.342,
                                              "Actual Rows": 18783,
                                              "Actual Loops": 3,
                                              "Hash Buckets": 65536,
                                              "Original Hash Buckets": 65536,
                                              "Hash Batches": 1,
                                              "Original Hash Batches": 1,
                                              "Peak Memory Usage": 3200,
                                              "Shared Hit Blocks": 175,
                                              "Shared Read Blocks": 28163,
                                              "Shared Dirtied Blocks": 0,
                                              "Shared Written Blocks": 0,
                                              "Local Hit Blocks": 0,
                                              "Local Read Blocks": 0,
                                              "Local Dirtied Blocks": 0,
                                              "Local Written Blocks": 0,
                                              "Temp Read Blocks": 0,
                                              "Temp Written Blocks": 0,
                                              "Workers": [],
                                              "Plans": [
                                                {
                                                  "Node Type": "Seq Scan",
                                                  "Parent Relationship": "Outer",
                                                  "Parallel Aware": true,
                                                  "Async Capable": false,
                                                  "Relation Name": "orders",
                                                  "Alias": "orders",
                                                  "Startup Cost": 0.0,
                                                  "Total Cost": 37713.0,
                                                  "Plan Rows": 24617,
                                                  "Plan Width": 12,
                                                  "Actual Startup Time": 0.538,
                                                  "Actual Total Time": 193.935,
                                                  "Actual Rows": 18783,
                                                  "Actual Loops": 3,
                                                  "Filter": "((o_orderdate >= '1994-01-01'::date) AND (o_orderdate < '1994-04-01 00:00:00'::timestamp without time zone))",
                                                  "Rows Removed by Filter": 481217,
                                                  "Shared Hit Blocks": 175,
                                                  "Shared Read Blocks": 28163,
                                                  "Shared Dirtied Blocks": 0,
                                                  "Shared Written Blocks": 0,
                                                  "Local Hit Blocks": 0,
                                                  "Local Read Blocks": 0,
                                                  "Local Dirtied Blocks": 0,
                                                  "Local Written Blocks": 0,
                                                  "Temp Read Blocks": 0,
                                                  "Temp Written Blocks": 0,
                                                  "Workers": []
                                                }
                                              ]
                                            }
                                          ]
                                        }
                                      ]
                                    }
                                  ]
                                },
                                {
                                  "Node Type": "Hash",
                                  "Parent Relationship": "Inner",
                                  "Parallel Aware": false,
                                  "Async Capable": false,
                                  "Startup Cost": 1.25,
                                  "Total Cost": 1.25,
                                  "Plan Rows": 25,
                                  "Plan Width": 30,
                                  "Actual Startup Time": 0.489,
                                  "Actual Total Time": 0.49,
                                  "Actual Rows": 25,
                                  "Actual Loops": 3,
                                  "Hash Buckets": 1024,
                                  "Original Hash Buckets": 1024,
                                  "Hash Batches": 1,
                                  "Original Hash Batches": 1,
                                  "Peak Memory Usage": 10,
                                  "Shared Hit Blocks": 2,
                                  "Shared Read Blocks": 1,
                                  "Shared Dirtied Blocks": 0,
                                  "Shared Written Blocks": 0,
                                  "Local Hit Blocks": 0,
                                  "Local Read Blocks": 0,
                                  "Local Dirtied Blocks": 0,
                                  "Local Written Blocks": 0,
                                  "Temp Read Blocks": 0,
                                  "Temp Written Blocks": 0,
                                  "Workers": [],
                                  "Plans": [
                                    {
                                      "Node Type": "Seq Scan",
                                      "Parent Relationship": "Outer",
                                      "Parallel Aware": false,
                                      "Async Capable": false,
                                      "Relation Name": "nation",
                                      "Alias": "nation",
                                      "Startup Cost": 0.0,
                                      "Total Cost": 1.25,
                                      "Plan Rows": 25,
                                      "Plan Width": 30,
                                      "Actual Startup Time": 0.464,
                                      "Actual Total Time": 0.469,
                                      "Actual Rows": 25,
                                      "Actual Loops": 3,
                                      "Shared Hit Blocks": 2,
                                      "Shared Read Blocks": 1,
                                      "Shared Dirtied Blocks": 0,
                                      "Shared Written Blocks": 0,
                                      "Local Hit Blocks": 0,
                                      "Local Read Blocks": 0,
                                      "Local Dirtied Blocks": 0,
                                      "Local Written Blocks": 0,
                                      "Temp Read Blocks": 0,
                                      "Temp Written Blocks": 0,
                                      "Workers": []
                                    }
                                  ]
                                }
                              ]
                            }
                          ]
                        }
                      ]
                    }
                  ]
                }
              ]
            }
          ]
        }
      ]
    },
    "Planning": {
      "Shared Hit Blocks": 18,
      "Shared Read Blocks": 26,
      "Shared Dirtied Blocks": 0,
      "Shared Written Blocks": 0,
      "Local Hit Blocks": 0,
      "Local Read Blocks": 0,
      "Local Dirtied Blocks": 0,
      "Local Written Blocks": 0,
      "Temp Read Blocks": 0,
      "Temp Written Blocks": 0
    },
    "Planning Time": 1.043,
    "Triggers": [],
    "Execution Time": 2156.281
  }
]