[
  {
    "Plan": {
      "Node Type": "Limit",
      "Parallel Aware": false,
      "Async Capable": false,
      "Startup Cost": 29741.34,
      "Total Cost": 29741.59,
      "Plan Rows": 100,
      "Plan Width": 157,
      "Actual Startup Time": 448.388,
      "Actual Total Time": 451.422,
      "Actual Rows": 100,
      "Actual Loops": 1,
      "Shared Hit Blocks": 595,
      "Shared Read Blocks": 17736,
      "Shared Dirtied Blocks": 0,
      "Shared Written Blocks": 0,
      "Local Hit Blocks": 0,
      "Local Read Blocks": 0,
      "Local Dirtied Blocks": 0,
      "Local Written Blocks": 0,
      "Temp Read Blocks": 0,
      "Temp Written Blocks": 0,
      "Plans": [
        {
          "Node Type": "Sort",
          "Parent Relationship": "Outer",
          "Parallel Aware": false,
          "Async Capable": false,
          "Startup Cost": 29741.34,
          "Total Cost": 29821.34,
          "Plan Rows": 32000,
          "Plan Width": 157,
          "Actual Startup Time": 448.385,
          "Actual Total Time": 451.411,
          "Actual Rows": 100,
          "Actual Loops": 1,
          "Sort Key": [
            "(sum((partsupp.ps_supplycost * (partsupp.ps_availqty)::numeric))) DESC"
          ],
          "Sort Method": "top-N heapsort",
          "Sort Space Used": 62,
          "Sort Space Type": "Memory",
          "Shared Hit Blocks": 595,
          "Shared Read Blocks": 17736,
          "Shared Dirtied Blocks": 0,
          "Shared Written Blocks": 0,
          "Local Hit Blocks": 0,
          "Local Read Blocks": 0,
          "Local Dirtied Blocks": 0,
          "Local Written Blocks": 0,
          "Temp Read Blocks": 0,
          "Temp Written Blocks": 0,
          "Plans": [
            {
              "Node Type": "Aggregate",
              "Strategy": "Sorted",
              "Partial Mode": "Finalize",
              "Parent Relationship": "Outer",
              "Parallel Aware": false,
              "Async Capable": false,
              "Startup Cost": 24507.08,
              "Total Cost": 28518.32,
              "Plan Rows": 32000,
              "Plan Width": 157,
              "Actual Startup Time": 304.203,
              "Actual Total Time": 437.846,
              "Actual Rows": 31758,
              "Actual Loops": 1,
              "Group Key": [
                "partsupp.ps_comment"
              ],
              "Shared Hit Blocks": 595,
              "Shared Read Blocks": 17736,
              "Shared Dirtied Blocks": 0,
              "Shared Written Blocks": 0,
              "Local Hit Blocks": 0,
              "Local Read Blocks": 0,
              "Local Dirtied Blocks": 0,
              "Local Written Blocks": 0,
              "Temp Read Blocks": 0,
              "Temp Written Blocks": 0,
              "Plans": [
                {
                  "Node Type": "Gather Merge",
                  "Parent Relationship": "Outer",
                  "Parallel Aware": false,
                  "Async Capable": false,
                  "Startup Cost": 24507.08,
                  "Total Cost": 27918.33,
                  "Plan Rows": 26666,
                  "Plan Width": 157,
                  "Actual Startup Time": 304.188,
                  "Actual Total Time": 400.728,
                  "Actual Rows": 31759,
                  "Actual Loops": 1,
                  "Workers Planned": 2,
                  "Workers Launched": 2,
                  "Shared Hit Blocks": 595,
                  "Shared Read Blocks": 17736,
                  "Shared Dirtied Blocks": 0,
                  "Shared Written Blocks": 0,
                  "Local Hit Blocks": 0,
                  "Local Read Blocks": 0,
                  "Local Dirtied Blocks": 0,
                  "Local Written Blocks": 0,
                  "Temp Read Blocks": 0,
                  "Temp Written Blocks": 0,
                  "Plans": [
                    {
                      "Node Type": "Aggregate",
                      "Strategy": "Sorted",
                      "Partial Mode": "Partial",
                      "Parent Relationship": "Outer",
                      "Parallel Aware": false,
                      "Async Capable": false,
                      "Startup Cost": 23507.06,
                      "Total Cost": 23840.38,
                      "Plan Rows": 13333,
                      "Plan Width": 157,
                      "Actual Startup Time": 223.399,
                      "Actual Total Time": 239.253,
                      "Actual Rows": 10586,
                      "Actual Loops": 3,
                      "Group Key": [
                        "partsupp.ps_comment"
                      ],
                      "Shared Hit Blocks": 595,
                      "Shared Read Blocks": 17736,
                      "Shared Dirtied Blocks": 0,
                      "Shared Written Blocks": 0,
                      "Local Hit Blocks": 0,
                      "Local Read Blocks": 0,
                      "Local Dirtied Blocks": 0,
                      "Local Written Blocks": 0,
                      "Temp Read Blocks": 0,
                      "Temp Written Blocks": 0,
                      "Workers": [],
                      "Plans": [
                        {
                          "Node Type": "Sort",
                          "Parent Relationship": "Outer",
                          "Parallel Aware": false,
                          "Async Capable": false,
                          "Startup Cost": 23507.06,
                          "Total Cost": 23540.39,
                          "Plan Rows": 13333,
                          "Plan Width": 135,
                          "Actual Startup Time": 223.381,
                          "Actual Total Time": 225.715,
                          "Actual Rows": 10587,
                          "Actual Loops": 3,
                          "Sort Key": [
                            "partsupp.ps_comment"
                          ],
                          "Sort Method": "quicksort",
                          "Sort Space Used": 2569,
                          "Sort Space Type": "Memory",
                          "Shared Hit Blocks": 595,
                          "Shared Read Blocks": 17736,
                          "Shared Dirtied Blocks": 0,
                          "Shared Written Blocks": 0,
                          "Local Hit Blocks": 0,
                          "Local Read Blocks": 0,
                          "Local Dirtied Blocks": 0,
                          "Local Written Blocks": 0,
                          "Temp Read Blocks": 0,
                          "Temp Written Blocks": 0,
                          "Workers": [
                            {
                              "Worker Number": 0,
                              "Sort Method": "quicksort",
                              "Sort Space Used": 1898,
                              "Sort Space Type": "Memory"
                            },
                            {
                              "Worker Number": 1,
                              "Sort Method": "quicksort",
                              "Sort Space Used": 1339,
                              "Sort Space Type": "Memory"
                            }
                          ],
                          "Plans": [
                            {
                              "Node Type": "Hash Join",
                              "Parent Relationship": "Outer",
                              "Parallel Aware": false,
                              "Async Capable": false,
                              "Join Type": "Inner",
                              "Startup Cost": 360.02,
                              "Total Cost": 22593.57,
                              "Plan Rows": 13333,
                              "Plan Width": 135,
                              "Actual Startup Time": 4.505,
                              "Actual Total Time": 127.189,
                              "Actual Rows": 10587,
                              "Actual Loops": 3,
                              "Inner Unique": false,
                              "Hash Cond": "(partsupp.ps_suppkey = supplier.s_suppkey)",
                              "Shared Hit Blocks": 481,
                              "Shared Read Blocks": 17736,
                              "Shared Dirtied Blocks": 0,
                              "Shared Written Blocks": 0,
                              "Local Hit Blocks": 0,
                              "Local Read Blocks": 0,
                              "Local Dirtied Blocks": 0,
                              "Local Written Blocks": 0,
                              "Temp Read Blocks": 0,
                              "Temp Written Blocks": 0,
                              "Workers": [],
                              "Plans": [
                                {
                                  "Node Type": "Seq Scan",
                                  "Parent Relationship": "Outer",
                                  "Parallel Aware": true,
                                  "Async Capable": false,
                                  "Relation Name": "partsupp",
                                  "Alias": "partsupp",
                                  "Startup Cost": 0.0,
                                  "Total Cost": 20850.33,
                                  "Plan Rows": 333333,
                                  "Plan Width": 139,
                                  "Actual Startup Time": 0.455,
                                  "Actual Total Time": 88.949,
                                  "Actual Rows": 266667,
                                  "Actual Loops": 3,
                                  "Shared Hit Blocks": 2,
                                  "Shared Read Blocks": 17515,
                                  "Shared Dirtied Blocks": 0,
                                  "Shared Written Blocks": 0,
                                  "Local Hit Blocks": 0,
                                  "Local Read Blocks": 0,
                                  "Local Dirtied Blocks": 0,
                                  "Local Written Blocks": 0,
                                  "Temp Read Blocks": 0,
                                  "Temp Written Blocks": 0,
                                  "Workers": []
                                },
                                {
                                  "Node Type": "Hash",
                                  "Parent Relationship": "Inner",
                                  "Parallel Aware": false,
                                  "Async Capable": false,
                                  "Startup Cost": 355.02,
                                  "Total Cost": 355.02,
                                  "Plan Rows": 400,
                                  "Plan Width": 4,
                                  "Actual Startup Time": 3.942,
                                  "Actual Total Time": 3.945,
                                  "Actual Rows": 397,
                                  "Actual Loops": 3,
                                  "Hash Buckets": 1024,
                                  "Original Hash Buckets": 1024,
                                  "Hash Batches": 1,
                                  "Original Hash Batches": 1,
                                  "Peak Memory Usage": 22,
                                  "Shared Hit Blocks": 451,
                                  "Shared Read Blocks": 221,
                                  "Shared Dirtied Blocks": 0,
                                  "Shared Written Blocks": 0,
                                  "Local Hit Blocks": 0,
                                  "Local Read Blocks": 0,
                                  "Local Dirtied Blocks": 0,
                                  "Local Written Blocks": 0,
                                  "Temp Read Blocks": 0,
                                  "Temp Written Blocks": 0,
                                  "Workers": [],
                                  "Plans": [
                                    {
                                      "Node Type": "Hash Join",
                                      "Parent Relationship": "Outer",
                                      "Parallel Aware": false,
                                      "Async Capable": false,
                                      "Join Type": "Inner",
                                      "Startup Cost": 1.32,
                                      "Total Cost": 355.02,
                                      "Plan Rows": 400,
                                      "Plan Width": 4,
                                      "Actual Startup Time": 0.886,
                                      "Actual Total Time": 3.859,
                                      "Actual Rows": 397,
                                      "Actual Loops": 3,
                                      "Inner Unique": true,
                                      "Hash Cond": "(supplier.s_nationkey = nation.n_nationkey)",
                                      "Shared Hit Blocks": 451,
                                      "Shared Read Blocks": 221,
                                      "Shared Dirtied Blocks": 0,
                                      "Shared Written Blocks": 0,
                                      "Local Hit Blocks": 0,
                                      "Local Read Blocks": 0,
                                      "Local Dirtied Blocks": 0,
                                      "Local Written Blocks": 0,
                                      "Temp Read Blocks": 0,
                                      "Temp Written Blocks": 0,
                                      "Workers": [],
                                      "Plans": [
                                        {
                                          "Node Type": "Seq Scan",
                                          "Parent Relationship": "Outer",
                                          "Parallel Aware": false,
                                          "Async Capable": false,
                                          "Relation Name": "supplier",
                                          "Alias": "supplier",
                                          "Startup Cost": 0.0,
                                          "Total Cost": 323.0,
                                          "Plan Rows": 10000,
                                          "Plan Width": 8,
                                          "Actual Startup Time": 0.423,
                                          "Actual Total Time": 1.948,
                                          "Actual Rows": 10000,
                                          "Actual Loops": 3,
                                          "Shared Hit Blocks": 448,
                                          "Shared Read Blocks": 221,
                                          "Shared Dirtied Blocks": 0,
                                          "Shared Written Blocks": 0,
                                          "Local Hit Blocks": 0,
                                          "Local Read Blocks": 0,
                                          "Local Dirtied Blocks": 0,
                                          "Local Written Blocks": 0,
                                          "Temp Read Blocks": 0,
                                          "Temp Written Blocks": 0,
                                          "Workers": []
                                        },
                                        {
                                          "Node Type": "Hash",
                                          "Parent Relationship": "Inner",
                                          "Parallel Aware": false,
                                          "Async Capable": false,
                                          "Startup Cost": 1.31,
                                          "Total Cost": 1.31,
                                          "Plan Rows": 1,
                                          "Plan Width": 4,
                                          "Actual Startup Time": 0.443,
                                          "Actual Total Time": 0.444,
                                          "Actual Rows": 1,
                                          "Actual Loops": 3,
                                          "Hash Buckets": 1024,
                                          "Original Hash Buckets": 1024,
                                          "Hash Batches": 1,
                                          "Original Hash Batches": 1,
                                          "Peak Memory Usage": 9,
                                          "Shared Hit Blocks": 3,
                                          "Shared Read Blocks": 0,
                                          "Shared Dirtied Blocks": 0,
                                          "Shared Written Blocks": 0,
                                          "Local Hit Blocks": 0,
                                          "Local Read Blocks": 0,
                                          "Local Dirtied Blocks": 0,
                                          "Local Written Blocks": 0,
                                          "Temp Read Blocks": 0,
                                          "Temp Written Blocks": 0,
                                          "Workers": [],
                                          "Plans": [
                                            {
                                              "Node Type": "Seq Scan",
                                              "Parent Relationship": "Outer",
                                              "Parallel Aware": false,
                                              "Async Capable": false,
                                              "Relation Name": "nation",
                                              "Alias": "nation",
                                              "Startup Cost": 0.0,
                                              "Total Cost": 1.31,
                                              "Plan Rows": 1,
                                              "Plan Width": 4,
                                              "Actual Startup Time": 0.43,
                                              "Actual Total Time": 0.433,
                                              "Actual Rows": 1,
                                              "Actual Loops": 3,
                                              "Filter": "(n_name = 'BRAZIL'::bpchar)",
                                              "Rows Removed by Filter": 24,
                                              "Shared Hit Blocks": 3,
                                              "Shared Read Blocks": 0,
                                              "Shared Dirtied Blocks": 0,
                                              "Shared Written Blocks": 0,
                                              "Local Hit Blocks": 0,
                                              "Local Read Blocks": 0,
                                              "Local Dirtied Blocks": 0,
                                              "Local Written Blocks": 0,
                                              "Temp Read Blocks": 0,
                                              "Temp Written Blocks": 0,
                                              "Workers": []
                                            }
                                          ]
                                        }
                                      ]
                                    }
                                  ]
                                }
                              ]
                            }
                          ]
                        }
                      ]
                    }
                  ]
                }
              ]
            }
          ]
        }
      ]
    },
    "Planning": {
      "Shared Hit Blocks": 11,
      "Shared Read Blocks": 5,
      "Shared Dirtied Blocks": 0,
      "Shared Written Blocks": 0,
      "Local Hit Blocks": 0,
      "Local Read Blocks": 0,
      "Local Dirtied Blocks": 0,
      "Local Written Blocks": 0,
      "Temp Read Blocks": 0,
      "Temp Written Blocks": 0
    },
    "Planning Time": 0.4,
    "Triggers": [],
    "Execution Time": 451.865
  }
]