[
  {
    "Plan": {
      "Node Type": "Limit",
      "Parallel Aware": false,
      "Async Capable": false,
      "Startup Cost": 43633.54,
      "Total Cost": 43670.14,
      "Plan Rows": 100,
      "Plan Width": 63,
      "Actual Startup Time": 377.798,
      "Actual Total Time": 390.081,
      "Actual Rows": 100,
      "Actual Loops": 1,
      "Shared Hit Blocks": 4444,
      "Shared Read Blocks": 28291,
      "Shared Dirtied Blocks": 0,
      "Shared Written Blocks": 0,
      "Local Hit Blocks": 0,
      "Local Read Blocks": 0,
      "Local Dirtied Blocks": 0,
      "Local Written Blocks": 0,
      "Temp Read Blocks": 0,
      "Temp Written Blocks": 0,
      "Plans": [
        {
          "Node Type": "Aggregate",
          "Strategy": "Sorted",
          "Partial Mode": "Simple",
          "Parent Relationship": "Outer",
          "Parallel Aware": false,
          "Async Capable": false,
          "Startup Cost": 43633.54,
          "Total Cost": 132399.15,
          "Plan Rows": 242503,
          "Plan Width": 63,
          "Actual Startup Time": 377.797,
          "Actual Total Time": 390.067,
          "Actual Rows": 100,
          "Actual Loops": 1,
          "Group Key": [
            "orders.o_orderdate",
            "orders.o_totalprice",
            "customer.c_name"
          ],
          "Shared Hit Blocks": 4444,
          "Shared Read Blocks": 28291,
          "Shared Dirtied Blocks": 0,
          "Shared Written Blocks": 0,
          "Local Hit Blocks": 0,
          "Local Read Blocks": 0,
          "Local Dirtied Blocks": 0,
          "Local Written Blocks": 0,
          "Temp Read Blocks": 0,
          "Temp Written Blocks": 0,
          "Plans": [
            {
              "Node Type": "Nested Loop",
              "Parent Relationship": "Outer",
              "Parallel Aware": false,
              "Async Capable": false,
              "Join Type": "Inner",
              "Startup Cost": 43633.54,
              "Total Cost": 126942.83,
              "Plan Rows": 242503,
              "Plan Width": 36,
              "Actual Startup Time": 377.717,
              "Actual Total Time": 389.794,
              "Actual Rows": 383,
              "Actual Loops": 1,
              "Inner Unique": false,
              "Shared Hit Blocks": 4444,
              "Shared Read Blocks": 28291,
              "Shared Dirtied Blocks": 0,
              "Shared Written Blocks": 0,
              "Local Hit Blocks": 0,
              "Local Read Blocks": 0,
              "Local Dirtied Blocks": 0,
              "Local Written Blocks": 0,
              "Temp Read Blocks": 0,
              "Temp Written Blocks": 0,
              "Plans": [
                {
                  "Node Type": "Gather Merge",
                  "Parent Relationship": "Outer",
                  "Parallel Aware": false,
                  "Async Capable": false,
                  "Startup Cost": 43633.11,
                  "Total Cost": 50692.14,
                  "Plan Rows": 60610,
                  "Plan Width": 39,
                  "Actual Startup Time": 377.487,
                  "Actual Total Time": 385.534,
                  "Actual Rows": 101,
                  "Actual Loops": 1,
                  "Workers Planned": 2,
                  "Workers Launched": 2,
                  "Shared Hit Blocks": 4260,
                  "Shared Read Blocks": 28063,
                  "Shared Dirtied Blocks": 0,
                  "Shared Written Blocks": 0,
                  "Local Hit Blocks": 0,
                  "Local Read Blocks": 0,
                  "Local Dirtied Blocks": 0,
                  "Local Written Blocks": 0,
                  "Temp Read Blocks": 0,
                  "Temp Written Blocks": 0,
                  "Plans": [
                    {
                      "Node Type": "Sort",
                      "Parent Relationship": "Outer",
                      "Parallel Aware": false,
                      "Async Capable": false,
                      "Startup Cost": 42633.08,
                      "Total Cost": 42696.22,
                      "Plan Rows": 25254,
                      "Plan Width": 39,
                      "Actual Startup Time": 336.615,
                      "Actual Total Time": 336.689,
                      "Actual Rows": 619,
                      "Actual Loops": 3,
                      "Sort Key": [
                        "orders.o_orderdate",
                        "orders.o_totalprice DESC",
                        "customer.c_name"
                      ],
                      "Sort Method": "quicksort",
                      "Sort Space Used": 2058,
                      "Sort Space Type": "Memory",
                      "Shared Hit Blocks": 4260,
                      "Shared Read Blocks": 28063,
                      "Shared Dirtied Blocks": 0,
                      "Shared Written Blocks": 0,
                      "Local Hit Blocks": 0,
                      "Local Read Blocks": 0,
                      "Local Dirtied Blocks": 0,
                      "Local Written Blocks": 0,
                      "Temp Read Blocks": 0,
                      "Temp Written Blocks": 0,
                      "Workers": [
                        {
                          "Worker Number": 0,
                          "Sort Method": "quicksort",
                          "Sort Space Used": 1970,
                          "Sort Space Type": "Memory"
                        },
                        {
                          "Worker Number": 1,
                          "Sort Method": "quicksort",
                          "Sort Space Used": 2035,
                          "Sort Space Type": "Memory"
                        }
                      ],
                      "Plans": [
                        {
                          "Node Type": "Hash Join",
                          "Parent Relationship": "Outer",
                          "Parallel Aware": true,
                          "Async Capable": false,
                          "Join Type": "Inner",
                          "Startup Cost": 4557.81,
                          "Total Cost": 40786.48,
                          "Plan Rows": 25254,
                          "Plan Width": 39,
                          "Actual Startup Time": 10.123,
                          "Actual Total Time": 317.335,
                          "Actual Rows": 20116,
                          "Actual Loops": 3,
                          "Inner Unique": true,
                          "Hash Cond": "(orders.o_custkey = customer.c_custkey)",
                          "Shared Hit Blocks": 4116,
                          "Shared Read Blocks": 28063,
                          "Shared Dirtied Blocks": 0,
                          "Shared Written Blocks": 0,
                          "Local Hit Blocks": 0,
                          "Local Read Blocks": 0,
                          "Local Dirtied Blocks": 0,
                          "Local Written Blocks": 0,
                          "Temp Read Blocks": 0,
                          "Temp Written Blocks": 0,
                          "Workers": [],
                          "Plans": [
                            {
                              "Node Type": "Seq Scan",
                              "Parent Relationship": "Outer",
                              "Parallel Aware": true,
                              "Async Capable": false,
                              "Relation Name": "orders",
                              "Alias": "orders",
                              "Startup Cost": 0.0,
                              "Total Cost": 34588.0,
                              "Plan Rows": 625000,
                              "Plan Width": 24,
                              "Actual Startup Time": 0.467,
                              "Actual Total Time": 204.723,
                              "Actual Rows": 500000,
                              "Actual Loops": 3,
                              "Shared Hit Blocks": 276,
                              "Shared Read Blocks": 28062,
                              "Shared Dirtied Blocks": 0,
                              "Shared Written Blocks": 0,
                              "Local Hit Blocks": 0,
                              "Local Read Blocks": 0,
                              "Local Dirtied Blocks": 0,
                              "Local Written Blocks": 0,
                              "Temp Read Blocks": 0,
                              "Temp Written Blocks": 0,
                              "Workers": []
                            },
                            {
                              "Node Type": "Hash",
                              "Parent Relationship": "Inner",
                              "Parallel Aware": true,
                              "Async Capable": false,
                              "Startup Cost": 4526.25,
                              "Total Cost": 4526.25,
                              "Plan Rows": 2525,
                              "Plan Width": 23,
                              "Actual Startup Time": 9.481,
                              "Actual Total Time": 9.482,
                              "Actual Rows": 2003,
                              "Actual Loops": 3,
                              "Hash Buckets": 8192,
                              "Original Hash Buckets": 8192,
                              "Hash Batches": 1,
                              "Original Hash Batches": 1,
                              "Peak Memory Usage": 416,
                              "Shared Hit Blocks": 3744,
                              "Shared Read Blocks": 1,
                              "Shared Dirtied Blocks": 0,
                              "Shared Written Blocks": 0,
                              "Local Hit Blocks": 0,
                              "Local Read Blocks": 0,
                              "Local Dirtied Blocks": 0,
                              "Local Written Blocks": 0,
                              "Temp Read Blocks": 0,
                              "Temp Written Blocks": 0,
                              "Workers": [],
                              "Plans": [
                                {
                                  "Node Type": "Seq Scan",
                                  "Parent Relationship": "Outer",
                                  "Parallel Aware": true,
                                  "Async Capable": false,
                                  "Relation Name": "customer",
                                  "Alias": "customer",
                                  "Startup Cost": 0.0,
                                  "Total Cost": 4526.25,
                                  "Plan Rows": 2525,
                                  "Plan Width": 23,
                                  "Actual Startup Time": 0.011,
                                  "Actual Total Time": 26.501,
                                  "Actual Rows": 6008,
                                  "Actual Loops": 1,
                                  "Filter": "(c_phone ~~ '31-%'::text)",
                                  "Rows Removed by Filter": 143992,
                                  "Shared Hit Blocks": 3744,
                                  "Shared Read Blocks": 1,
                                  "Shared Dirtied Blocks": 0,
                                  "Shared Written Blocks": 0,
                                  "Local Hit Blocks": 0,
                                  "Local Read Blocks": 0,
                                  "Local Dirtied Blocks": 0,
                                  "Local Written Blocks": 0,
                                  "Temp Read Blocks": 0,
                                  "Temp Written Blocks": 0,
                                  "Workers": []
                                }
                              ]
                            }
                          ]
                        }
                      ]
                    }
                  ]
                },
                {
                  "Node Type": "Index Scan",
                  "Parent Relationship": "Inner",
                  "Parallel Aware": false,
                  "Async Capable": false,
                  "Scan Direction": "Forward",
                  "Index Name": "pk_lineitem",
                  "Relation Name": "lineitem",
                  "Alias": "lineitem",
                  "Startup Cost": 0.43,
                  "Total Cost": 1.1,
                  "Plan Rows": 16,
                  "Plan Width": 13,
                  "Actual Startup Time": 0.039,
                  "Actual Total Time": 0.041,
                  "Actual Rows": 4,
                  "Actual Loops": 101,
                  "Index Cond": "(l_orderkey = orders.o_orderkey)",
                  "Rows Removed by Index Recheck": 0,
                  "Shared Hit Blocks": 184,
                  "Shared Read Blocks": 228,
                  "Shared Dirtied Blocks": 0,
                  "Shared Written Blocks": 0,
                  "Local Hit Blocks": 0,
                  "Local Read Blocks": 0,
                  "Local Dirtied Blocks": 0,
                  "Local Written Blocks": 0,
                  "Temp Read Blocks": 0,
                  "Temp Written Blocks": 0
                }
              ]
            }
          ]
        }
      ]
    },
    "Planning": {
      "Shared Hit Blocks": 27,
      "Shared Read Blocks": 0,
      "Shared Dirtied Blocks": 0,
      "Shared Written Blocks": 0,
      "Local Hit Blocks": 0,
      "Local Read Blocks": 0,
      "Local Dirtied Blocks": 0,
      "Local Written Blocks": 0,
      "Temp Read Blocks": 0,
      "Temp Written Blocks": 0
    },
    "Planning Time": 0.458,
    "Triggers": [],
    "Execution Time": 390.507
  }
]