{
  "Node Type": "Limit",
  "Parallel Aware": false,
  "Async Capable": false,
  "Startup Cost": 208181.18,
  "Total Cost": 208181.2,
  "Plan Rows": 10,
  "Plan Width": 48,
  "Plans": [
    {
      "Node Type": "Sort",
      "Parent Relationship": "Outer",
      "Parallel Aware": false,
      "Async Capable": false,
      "Startup Cost": 208181.18,
      "Total Cost": 208985.2,
      "Plan Rows": 321610,
      "Plan Width": 48,
      "Sort Key": [
        "(sum((lineitem.l_extendedprice * ('1'::numeric - lineitem.l_discount)))) DESC",
        "orders.o_orderdate"
      ],
      "Sort Method": "top-N heapsort",
      "Sort Space Used": 26,
      "Sort Space Type": "Memory",
      "Plans": [
        {
          "Node Type": "Aggregate",
          "Strategy": "Sorted",
          "Partial Mode": "Finalize",
          "Parent Relationship": "Outer",
          "Parallel Aware": false,
          "Async Capable": false,
          "Startup Cost": 158906.18,
          "Total Cost": 201231.3,
          "Plan Rows": 321610,
          "Plan Width": 48,
          "Group Key": [
            "lineitem.l_orderkey",
            "orders.o_orderdate",
            "orders.o_shippriority"
          ],
          "Plans": [
            {
              "Node Type": "Gather Merge",
              "Parent Relationship": "Outer",
              "Parallel Aware": false,
              "Async Capable": false,
              "Startup Cost": 158906.18,
              "Total Cost": 193861.08,
              "Plan Rows": 268008,
              "Plan Width": 48,
              "Workers Planned": 2,
              "Workers Launched": 2,
              "Plans": [
                {
                  "Node Type": "Aggregate",
                  "Strategy": "Sorted",
                  "Partial Mode": "Partial",
                  "Parent Relationship": "Outer",
                  "Parallel Aware": false,
                  "Async Capable": false,
                  "Startup Cost": 157906.16,
                  "Total Cost": 161926.28,
                  "Plan Rows": 134004,
                  "Plan Width": 48,
                  "Group Key": [
                    "lineitem.l_orderkey",
                    "orders.o_orderdate",
                    "orders.o_shippriority"
                  ],
                  "Workers": [],
                  "Plans": [
                    {
                      "Node Type": "Sort",
                      "Parent Relationship": "Outer",
                      "Parallel Aware": false,
                      "Async Capable": false,
                      "Startup Cost": 157906.16,
                      "Total Cost": 158241.17,
                      "Plan Rows": 134004,
                      "Plan Width": 28,
                      "Sort Key": [
                        "lineitem.l_orderkey",
                        "orders.o_orderdate",
                        "orders.o_shippriority"
                      ],
                      "Sort Method": "quicksort",
                      "Sort Space Used": 850,
                      "Sort Space Type": "Memory",
                      "Workers": [
                        {
                          "Worker Number": 0,
                          "Sort Method": "quicksort",
                          "Sort Space Used": 902,
                          "Sort Space Type": "Memory"
                        },
                        {
                          "Worker Number": 1,
                          "Sort Method": "quicksort",
                          "Sort Space Used": 822,
                          "Sort Space Type": "Memory"
                        }
                      ],
                      "Plans": [
                        {
                          "Node Type": "Nested Loop",
                          "Parent Relationship": "Outer",
                          "Parallel Aware": false,
                          "Async Capable": false,
                          "Join Type": "Inner",
                          "Startup Cost": 4686.42,
                          "Total Cost": 143284.93,
                          "Plan Rows": 134004,
                          "Plan Width": 28,
                          "Inner Unique": false,
                          "Workers": [],
                          "Plans": [
                            {
                              "Node Type": "Hash Join",
                              "Parent Relationship": "Outer",
                              "Parallel Aware": true,
                              "Async Capable": false,
                              "Join Type": "Inner",
                              "Startup Cost": 4685.99,
                              "Total Cost": 41634.7,
                              "Plan Rows": 62172,
                              "Plan Width": 16,
                              "Inner Unique": true,
                              "Hash Cond": "(orders.o_custkey = customer.c_custkey)",
                              "Workers": [],
                              "Plans": [
                                {
                                  "Node Type": "Seq Scan",
                                  "Parent Relationship": "Outer",
                                  "Parallel Aware": true,
                                  "Async Capable": false,
                                  "Relation Name": "orders",
                                  "Alias": "orders",
                                  "Startup Cost": 0.0,
                                  "Total Cost": 36150.5,
                                  "Plan Rows": 304071,
                                  "Plan Width": 20,
                                  "Filter": "(o_orderdate < '1995-03-15'::date)",
                                  "Rows Removed by Filter": 257565,
                                  "Workers": []
                                },
                                {
                                  "Node Type": "Hash",
                                  "Parent Relationship": "Inner",
                                  "Parallel Aware": true,
                                  "Async Capable": false,
                                  "Startup Cost": 4526.25,
                                  "Total Cost": 4526.25,
                                  "Plan Rows": 12779,
                                  "Plan Width": 4,
                                  "Hash Buckets": 32768,
                                  "Original Hash Buckets": 32768,
                                  "Hash Batches": 1,
                                  "Original Hash Batches": 1,
                                  "Peak Memory Usage": 1472,
                                  "Workers": [],
                                  "Plans": [
                                    {
                                      "Node Type": "Seq Scan",
                                      "Parent Relationship": "Outer",
                                      "Parallel Aware": true,
                                      "Async Capable": false,
                                      "Relation Name": "customer",
                                      "Alias": "customer",
                                      "Startup Cost": 0.0,
                                      "Total Cost": 4526.25,
                                      "Plan Rows": 12779,
                                      "Plan Width": 4,
                                      "Filter": "(c_mktsegment = 'HOUSEHOLD'::bpchar)",
                                      "Rows Removed by Filter": 59906,
                                      "Workers": []
                                    }
                                  ]
                                }
                              ]
                            },
                            {
                              "Node Type": "Index Scan",
                              "Parent Relationship": "Inner",
                              "Parallel Aware": false,
                              "Async Capable": false,
                              "Scan Direction": "Forward",
                              "Index Name": "pk_lineitem",
                              "Relation Name": "lineitem",
                              "Alias": "lineitem",
                              "Startup Cost": 0.43,
                              "Total Cost": 1.54,
                              "Plan Rows": 9,
                              "Plan Width": 20,
                              "Index Cond": "(l_orderkey = orders.o_orderkey)",
                              "Rows Removed by Index Recheck": 0,
                              "Filter": "(l_shipdate > '1995-03-15'::date)",
                              "Rows Removed by Filter": 4,
                              "Workers": []
                            }
                          ]
                        }
                      ]
                    }
                  ]
                }
              ]
            }
          ]
        }
      ]
    }
  ]
}