[
  {
    "Plan": {
      "Node Type": "Limit",
      "Parallel Aware": false,
      "Async Capable": false,
      "Startup Cost": 39264.67,
      "Total Cost": 39267.06,
      "Plan Rows": 10,
      "Plan Width": 28,
      "Actual Startup Time": 233.262,
      "Actual Total Time": 239.008,
      "Actual Rows": 10,
      "Actual Loops": 1,
      "Shared Hit Blocks": 257,
      "Shared Read Blocks": 28209,
      "Shared Dirtied Blocks": 0,
      "Shared Written Blocks": 0,
      "Local Hit Blocks": 0,
      "Local Read Blocks": 0,
      "Local Dirtied Blocks": 0,
      "Local Written Blocks": 0,
      "Temp Read Blocks": 0,
      "Temp Written Blocks": 0,
      "Plans": [
        {
          "Node Type": "Aggregate",
          "Strategy": "Sorted",
          "Partial Mode": "Finalize",
          "Parent Relationship": "Outer",
          "Parallel Aware": false,
          "Async Capable": false,
          "Startup Cost": 39264.67,
          "Total Cost": 41611.25,
          "Plan Rows": 9829,
          "Plan Width": 28,
          "Actual Startup Time": 233.239,
          "Actual Total Time": 238.983,
          "Actual Rows": 10,
          "Actual Loops": 1,
          "Group Key": [
            "o_orderpriority",
            "o_orderdate"
          ],
          "Shared Hit Blocks": 257,
          "Shared Read Blocks": 28209,
          "Shared Dirtied Blocks": 0,
          "Shared Written Blocks": 0,
          "Local Hit Blocks": 0,
          "Local Read Blocks": 0,
          "Local Dirtied Blocks": 0,
          "Local Written Blocks": 0,
          "Temp Read Blocks": 0,
          "Temp Written Blocks": 0,
          "Plans": [
            {
              "Node Type": "Gather Merge",
              "Parent Relationship": "Outer",
              "Parallel Aware": false,
              "Async Capable": false,
              "Startup Cost": 39264.67,
              "Total Cost": 41386.11,
              "Plan Rows": 16914,
              "Plan Width": 28,
              "Actual Startup Time": 233.219,
              "Actual Total Time": 238.966,
              "Actual Rows": 31,
              "Actual Loops": 1,
              "Workers Planned": 2,
              "Workers Launched": 2,
              "Shared Hit Blocks": 257,
              "Shared Read Blocks": 28209,
              "Shared Dirtied Blocks": 0,
              "Shared Written Blocks": 0,
              "Local Hit Blocks": 0,
              "Local Read Blocks": 0,
              "Local Dirtied Blocks": 0,
              "Local Written Blocks": 0,
              "Temp Read Blocks": 0,
              "Temp Written Blocks": 0,
              "Plans": [
                {
                  "Node Type": "Aggregate",
                  "Strategy": "Sorted",
                  "Partial Mode": "Partial",
                  "Parent Relationship": "Outer",
                  "Parallel Aware": false,
                  "Async Capable": false,
                  "Startup Cost": 38264.65,
                  "Total Cost": 38433.79,
                  "Plan Rows": 8457,
                  "Plan Width": 28,
                  "Actual Startup Time": 181.699,
                  "Actual Total Time": 182.688,
                  "Actual Rows": 114,
                  "Actual Loops": 3,
                  "Group Key": [
                    "o_orderpriority",
                    "o_orderdate"
                  ],
                  "Shared Hit Blocks": 257,
                  "Shared Read Blocks": 28209,
                  "Shared Dirtied Blocks": 0,
                  "Shared Written Blocks": 0,
                  "Local Hit Blocks": 0,
                  "Local Read Blocks": 0,
                  "Local Dirtied Blocks": 0,
                  "Local Written Blocks": 0,
                  "Temp Read Blocks": 0,
                  "Temp Written Blocks": 0,
                  "Workers": [],
                  "Plans": [
                    {
                      "Node Type": "Sort",
                      "Parent Relationship": "Outer",
                      "Parallel Aware": false,
                      "Async Capable": false,
                      "Startup Cost": 38264.65,
                      "Total Cost": 38285.79,
                      "Plan Rows": 8457,
                      "Plan Width": 20,
                      "Actual Startup Time": 181.678,
                      "Actual Total Time": 181.907,
                      "Actual Rows": 4249,
                      "Actual Loops": 3,
                      "Sort Key": [
                        "o_orderpriority",
                        "o_orderdate"
                      ],
                      "Sort Method": "quicksort",
                      "Sort Space Used": 713,
                      "Sort Space Type": "Memory",
                      "Shared Hit Blocks": 257,
                      "Shared Read Blocks": 28209,
                      "Shared Dirtied Blocks": 0,
                      "Shared Written Blocks": 0,
                      "Local Hit Blocks": 0,
                      "Local Read Blocks": 0,
                      "Local Dirtied Blocks": 0,
                      "Local Written Blocks": 0,
                      "Temp Read Blocks": 0,
                      "Temp Written Blocks": 0,
                      "Workers": [
                        {
                          "Worker Number": 0,
                          "Sort Method": "quicksort",
                          "Sort Space Used": 389,
                          "Sort Space Type": "Memory"
                        },
                        {
                          "Worker Number": 1,
                          "Sort Method": "quicksort",
                          "Sort Space Used": 471,
                          "Sort Space Type": "Memory"
                        }
                      ],
                      "Plans": [
                        {
                          "Node Type": "Seq Scan",
                          "Parent Relationship": "Outer",
                          "Parallel Aware": true,
                          "Async Capable": false,
                          "Relation Name": "orders",
                          "Alias": "orders",
                          "Startup Cost": 0.0,
                          "Total Cost": 37713.0,
                          "Plan Rows": 8457,
                          "Plan Width": 20,
                          "Actual Startup Time": 0.707,
                          "Actual Total Time": 172.979,
                          "Actual Rows": 6857,
                          "Actual Loops": 3,
                          "Filter": "((o_orderdate >= '1998-07-01'::date) AND (o_orderdate < '1998-10-01 00:00:00'::timestamp without time zone))",
                          "Rows Removed by Filter": 493143,
                          "Shared Hit Blocks": 135,
                          "Shared Read Blocks": 28203,
                          "Shared Dirtied Blocks": 0,
                          "Shared Written Blocks": 0,
                          "Local Hit Blocks": 0,
                          "Local Read Blocks": 0,
                          "Local Dirtied Blocks": 0,
                          "Local Written Blocks": 0,
                          "Temp Read Blocks": 0,
                          "Temp Written Blocks": 0,
                          "Workers": []
                        }
                      ]
                    }
                  ]
                }
              ]
            }
          ]
        }
      ]
    },
    "Planning": {
      "Shared Hit Blocks": 0,
      "Shared Read Blocks": 6,
      "Shared Dirtied Blocks": 0,
      "Shared Written Blocks": 0,
      "Local Hit Blocks": 0,
      "Local Read Blocks": 0,
      "Local Dirtied Blocks": 0,
      "Local Written Blocks": 0,
      "Temp Read Blocks": 0,
      "Temp Written Blocks": 0
    },
    "Planning Time": 0.303,
    "Triggers": [],
    "Execution Time": 239.263
  }
]