{
  "Node Type": "Limit",
  "Parallel Aware": false,
  "Async Capable": false,
  "Startup Cost": 167323.57,
  "Total Cost": 167480.13,
  "Plan Rows": 7,
  "Plan Width": 43,
  "Plans": [
    {
      "Node Type": "Aggregate",
      "Strategy": "Sorted",
      "Partial Mode": "Finalize",
      "Parent Relationship": "Outer",
      "Parallel Aware": false,
      "Async Capable": false,
      "Startup Cost": 167323.57,
      "Total Cost": 167480.13,
      "Plan Rows": 7,
      "Plan Width": 43,
      "Group Key": [
        "l_shipmode"
      ],
      "Plans": [
        {
          "Node Type": "Gather Merge",
          "Parent Relationship": "Outer",
          "Parallel Aware": false,
          "Async Capable": false,
          "Startup Cost": 167323.57,
          "Total Cost": 167479.93,
          "Plan Rows": 14,
          "Plan Width": 43,
          "Workers Planned": 2,
          "Workers Launched": 2,
          "Plans": [
            {
              "Node Type": "Aggregate",
              "Strategy": "Sorted",
              "Partial Mode": "Partial",
              "Parent Relationship": "Outer",
              "Parallel Aware": false,
              "Async Capable": false,
              "Startup Cost": 166323.55,
              "Total Cost": 166478.3,
              "Plan Rows": 7,
              "Plan Width": 43,
              "Group Key": [
                "l_shipmode"
              ],
              "Workers": [],
              "Plans": [
                {
                  "Node Type": "Sort",
                  "Parent Relationship": "Outer",
                  "Parallel Aware": false,
                  "Async Capable": false,
                  "Startup Cost": 166323.55,
                  "Total Cost": 166362.21,
                  "Plan Rows": 15466,
                  "Plan Width": 23,
                  "Sort Key": [
                    "l_shipmode"
                  ],
                  "Sort Method": "quicksort",
                  "Sort Space Used": 910,
                  "Sort Space Type": "Memory",
                  "Workers": [
                    {
                      "Worker Number": 0,
                      "Sort Method": "quicksort",
                      "Sort Space Used": 906,
                      "Sort Space Type": "Memory"
                    },
                    {
                      "Worker Number": 1,
                      "Sort Method": "quicksort",
                      "Sort Space Used": 948,
                      "Sort Space Type": "Memory"
                    }
                  ],
                  "Plans": [
                    {
                      "Node Type": "Seq Scan",
                      "Parent Relationship": "Outer",
                      "Parallel Aware": true,
                      "Async Capable": false,
                      "Relation Name": "lineitem",
                      "Alias": "lineitem",
                      "Startup Cost": 0.0,
                      "Total Cost": 165247.36,
                      "Plan Rows": 15466,
                      "Plan Width": 23,
                      "Filter": "((l_shipdate >= '1994-01-01'::date) AND (l_shipdate < '1995-01-01 00:00:00'::timestamp without time zone) AND (l_quantity > '48'::numeric))",
                      "Rows Removed by Filter": 1988307,
                      "Workers": []
                    }
                  ]
                }
              ]
            }
          ]
        }
      ]
    }
  ]
}