[
  {
    "Plan": {
      "Node Type": "Sort",
      "Parallel Aware": false,
      "Async Capable": false,
      "Startup Cost": 11645.06,
      "Total Cost": 11650.93,
      "Plan Rows": 2349,
      "Plan Width": 44,
      "Actual Startup Time": 123.283,
      "Actual Total Time": 123.599,
      "Actual Rows": 2298,
      "Actual Loops": 1,
      "Sort Key": [
        "(count(*)) DESC",
        "part.p_brand",
        "part.p_type"
      ],
      "Sort Method": "quicksort",
      "Sort Space Used": 240,
      "Sort Space Type": "Memory",
      "Shared Hit Blocks": 9700,
      "Shared Read Blocks": 5844,
      "Shared Dirtied Blocks": 0,
      "Shared Written Blocks": 0,
      "Local Hit Blocks": 0,
      "Local Read Blocks": 0,
      "Local Dirtied Blocks": 0,
      "Local Written Blocks": 0,
      "Temp Read Blocks": 0,
      "Temp Written Blocks": 0,
      "Plans": [
        {
          "Node Type": "Aggregate",
          "Strategy": "Hashed",
          "Partial Mode": "Finalize",
          "Parent Relationship": "Outer",
          "Parallel Aware": false,
          "Async Capable": false,
          "Startup Cost": 11490.05,
          "Total Cost": 11513.54,
          "Plan Rows": 2349,
          "Plan Width": 44,
          "Actual Startup Time": 111.658,
          "Actual Total Time": 112.309,
          "Actual Rows": 2298,
          "Actual Loops": 1,
          "Group Key": [
            "part.p_brand",
            "part.p_type"
          ],
          "Planned Partitions": 0,
          "HashAgg Batches": 1,
          "Peak Memory Usage": 369,
          "Disk Usage": 0,
          "Shared Hit Blocks": 9700,
          "Shared Read Blocks": 5844,
          "Shared Dirtied Blocks": 0,
          "Shared Written Blocks": 0,
          "Local Hit Blocks": 0,
          "Local Read Blocks": 0,
          "Local Dirtied Blocks": 0,
          "Local Written Blocks": 0,
          "Temp Read Blocks": 0,
          "Temp Written Blocks": 0,
          "Plans": [
            {
              "Node Type": "Gather",
              "Parent Relationship": "Outer",
              "Parallel Aware": false,
              "Async Capable": false,
              "Startup Cost": 10961.52,
              "Total Cost": 11454.81,
              "Plan Rows": 4698,
              "Plan Width": 44,
              "Actual Startup Time": 107.964,
              "Actual Total Time": 109.997,
              "Actual Rows": 2977,
              "Actual Loops": 1,
              "Workers Planned": 2,
              "Workers Launched": 2,
              "Single Copy": false,
              "Shared Hit Blocks": 9700,
              "Shared Read Blocks": 5844,
              "Shared Dirtied Blocks": 0,
              "Shared Written Blocks": 0,
              "Local Hit Blocks": 0,
              "Local Read Blocks": 0,
              "Local Dirtied Blocks": 0,
              "Local Written Blocks": 0,
              "Temp Read Blocks": 0,
              "Temp Written Blocks": 0,
              "Plans": [
                {
                  "Node Type": "Aggregate",
                  "Strategy": "Hashed",
                  "Partial Mode": "Partial",
                  "Parent Relationship": "Outer",
                  "Parallel Aware": false,
                  "Async Capable": false,
                  "Startup Cost": 9961.52,
                  "Total Cost": 9985.01,
                  "Plan Rows": 2349,
                  "Plan Width": 44,
                  "Actual Startup Time": 57.19,
                  "Actual Total Time": 57.81,
                  "Actual Rows": 992,
                  "Actual Loops": 3,
                  "Group Key": [
                    "part.p_brand",
                    "part.p_type"
                  ],
                  "Planned Partitions": 0,
                  "HashAgg Batches": 1,
                  "Peak Memory Usage": 369,
                  "Disk Usage": 0,
                  "Shared Hit Blocks": 9700,
                  "Shared Read Blocks": 5844,
                  "Shared Dirtied Blocks": 0,
                  "Shared Written Blocks": 0,
                  "Local Hit Blocks": 0,
                  "Local Read Blocks": 0,
                  "Local Dirtied Blocks": 0,
                  "Local Written Blocks": 0,
                  "Temp Read Blocks": 0,
                  "Temp Written Blocks": 0,
                  "Workers": [
                    {
                      "Worker Number": 0,
                      "HashAgg Batches": 1,
                      "Peak Memory Usage": 241,
                      "Disk Usage": 0
                    },
                    {
                      "Worker Number": 1,
                      "HashAgg Batches": 1,
                      "Peak Memory Usage": 177,
                      "Disk Usage": 0
                    }
                  ],
                  "Plans": [
                    {
                      "Node Type": "Nested Loop",
                      "Parent Relationship": "Outer",
                      "Parallel Aware": false,
                      "Async Capable": false,
                      "Join Type": "Inner",
                      "Startup Cost": 0.42,
                      "Total Cost": 9915.79,
                      "Plan Rows": 6098,
                      "Plan Width": 36,
                      "Actual Startup Time": 1.592,
                      "Actual Total Time": 53.796,
                      "Actual Rows": 4993,
                      "Actual Loops": 3,
                      "Inner Unique": false,
                      "Shared Hit Blocks": 9700,
                      "Shared Read Blocks": 5844,
                      "Shared Dirtied Blocks": 0,
                      "Shared Written Blocks": 0,
                      "Local Hit Blocks": 0,
                      "Local Read Blocks": 0,
                      "Local Dirtied Blocks": 0,
                      "Local Written Blocks": 0,
                      "Temp Read Blocks": 0,
                      "Temp Written Blocks": 0,
                      "Workers": [],
                      "Plans": [
                        {
                          "Node Type": "Seq Scan",
                          "Parent Relationship": "Outer",
                          "Parallel Aware": true,
                          "Async Capable": false,
                          "Relation Name": "part",
                          "Alias": "part",
                          "Startup Cost": 0.0,
                          "Total Cost": 5762.33,
                          "Plan Rows": 1525,
                          "Plan Width": 40,
                          "Actual Startup Time": 0.652,
                          "Actual Total Time": 35.288,
                          "Actual Rows": 1248,
                          "Actual Loops": 3,
                          "Filter": "(((p_type)::text !~~ 'SMALL PLATED%'::text) AND (p_brand <> 'Brand#45'::bpchar) AND (p_size = 1))",
                          "Rows Removed by Filter": 65418,
                          "Shared Hit Blocks": 156,
                          "Shared Read Blocks": 4148,
                          "Shared Dirtied Blocks": 0,
                          "Shared Written Blocks": 0,
                          "Local Hit Blocks": 0,
                          "Local Read Blocks": 0,
                          "Local Dirtied Blocks": 0,
                          "Local Written Blocks": 0,
                          "Temp Read Blocks": 0,
                          "Temp Written Blocks": 0,
                          "Workers": []
                        },
                        {
                          "Node Type": "Index Only Scan",
                          "Parent Relationship": "Inner",
                          "Parallel Aware": false,
                          "Async Capable": false,
                          "Scan Direction": "Forward",
                          "Index Name": "pk_partsupp",
                          "Relation Name": "partsupp",
                          "Alias": "partsupp",
                          "Startup Cost": 0.42,
                          "Total Cost": 2.68,
                          "Plan Rows": 4,
                          "Plan Width": 4,
                          "Actual Startup Time": 0.013,
                          "Actual Total Time": 0.014,
                          "Actual Rows": 4,
                          "Actual Loops": 3745,
                          "Index Cond": "(ps_partkey = part.p_partkey)",
                          "Rows Removed by Index Recheck": 0,
                          "Heap Fetches": 0,
                          "Shared Hit Blocks": 9544,
                          "Shared Read Blocks": 1696,
                          "Shared Dirtied Blocks": 0,
                          "Shared Written Blocks": 0,
                          "Local Hit Blocks": 0,
                          "Local Read Blocks": 0,
                          "Local Dirtied Blocks": 0,
                          "Local Written Blocks": 0,
                          "Temp Read Blocks": 0,
                          "Temp Written Blocks": 0,
                          "Workers": []
                        }
                      ]
                    }
                  ]
                }
              ]
            }
          ]
        }
      ]
    },
    "Planning": {
      "Shared Hit Blocks": 19,
      "Shared Read Blocks": 2,
      "Shared Dirtied Blocks": 0,
      "Shared Written Blocks": 0,
      "Local Hit Blocks": 0,
      "Local Read Blocks": 0,
      "Local Dirtied Blocks": 0,
      "Local Written Blocks": 0,
      "Temp Read Blocks": 0,
      "Temp Written Blocks": 0
    },
    "Planning Time": 0.381,
    "Triggers": [],
    "Execution Time": 124.087
  }
]