[
  {
    "Plan": {
      "Node Type": "Limit",
      "Parallel Aware": false,
      "Async Capable": false,
      "Startup Cost": 6774.93,
      "Total Cost": 6774.95,
      "Plan Rows": 10,
      "Plan Width": 53,
      "Actual Startup Time": 100.308,
      "Actual Total Time": 100.314,
      "Actual Rows": 10,
      "Actual Loops": 1,
      "Shared Hit Blocks": 3741,
      "Shared Read Blocks": 5,
      "Shared Dirtied Blocks": 0,
      "Shared Written Blocks": 0,
      "Local Hit Blocks": 0,
      "Local Read Blocks": 0,
      "Local Dirtied Blocks": 0,
      "Local Written Blocks": 0,
      "Temp Read Blocks": 0,
      "Temp Written Blocks": 0,
      "Plans": [
        {
          "Node Type": "Sort",
          "Parent Relationship": "Outer",
          "Parallel Aware": false,
          "Async Capable": false,
          "Startup Cost": 6774.93,
          "Total Cost": 6843.29,
          "Plan Rows": 27344,
          "Plan Width": 53,
          "Actual Startup Time": 100.306,
          "Actual Total Time": 100.311,
          "Actual Rows": 10,
          "Actual Loops": 1,
          "Sort Key": [
            "customer.c_name",
            "nation.n_name DESC"
          ],
          "Sort Method": "top-N heapsort",
          "Sort Space Used": 27,
          "Sort Space Type": "Memory",
          "Shared Hit Blocks": 3741,
          "Shared Read Blocks": 5,
          "Shared Dirtied Blocks": 0,
          "Shared Written Blocks": 0,
          "Local Hit Blocks": 0,
          "Local Read Blocks": 0,
          "Local Dirtied Blocks": 0,
          "Local Written Blocks": 0,
          "Temp Read Blocks": 0,
          "Temp Written Blocks": 0,
          "Plans": [
            {
              "Node Type": "Aggregate",
              "Strategy": "Hashed",
              "Partial Mode": "Simple",
              "Parent Relationship": "Outer",
              "Parallel Aware": false,
              "Async Capable": false,
              "Startup Cost": 5910.59,
              "Total Cost": 6184.03,
              "Plan Rows": 27344,
              "Plan Width": 53,
              "Actual Startup Time": 72.38,
              "Actual Total Time": 81.317,
              "Actual Rows": 27119,
              "Actual Loops": 1,
              "Group Key": [
                "customer.c_name",
                "nation.n_name"
              ],
              "Planned Partitions": 0,
              "HashAgg Batches": 1,
              "Peak Memory Usage": 4113,
              "Disk Usage": 0,
              "Shared Hit Blocks": 3741,
              "Shared Read Blocks": 5,
              "Shared Dirtied Blocks": 0,
              "Shared Written Blocks": 0,
              "Local Hit Blocks": 0,
              "Local Read Blocks": 0,
              "Local Dirtied Blocks": 0,
              "Local Written Blocks": 0,
              "Temp Read Blocks": 0,
              "Temp Written Blocks": 0,
              "Plans": [
                {
                  "Node Type": "Hash Join",
                  "Parent Relationship": "Outer",
                  "Parallel Aware": false,
                  "Async Capable": false,
                  "Join Type": "Right",
                  "Startup Cost": 1.56,
                  "Total Cost": 5705.51,
                  "Plan Rows": 27344,
                  "Plan Width": 45,
                  "Actual Startup Time": 0.045,
                  "Actual Total Time": 54.884,
                  "Actual Rows": 27119,
                  "Actual Loops": 1,
                  "Inner Unique": true,
                  "Hash Cond": "(customer.c_nationkey = nation.n_nationkey)",
                  "Shared Hit Blocks": 3741,
                  "Shared Read Blocks": 5,
                  "Shared Dirtied Blocks": 0,
                  "Shared Written Blocks": 0,
                  "Local Hit Blocks": 0,
                  "Local Read Blocks": 0,
                  "Local Dirtied Blocks": 0,
                  "Local Written Blocks": 0,
                  "Temp Read Blocks": 0,
                  "Temp Written Blocks": 0,
                  "Plans": [
                    {
                      "Node Type": "Seq Scan",
                      "Parent Relationship": "Outer",
                      "Parallel Aware": false,
                      "Async Capable": false,
                      "Relation Name": "customer",
                      "Alias": "customer",
                      "Startup Cost": 0.0,
                      "Total Cost": 5620.0,
                      "Plan Rows": 27344,
                      "Plan Width": 23,
                      "Actual Startup Time": 0.009,
                      "Actual Total Time": 46.291,
                      "Actual Rows": 27119,
                      "Actual Loops": 1,
                      "Filter": "(c_acctbal < '1000'::numeric)",
                      "Rows Removed by Filter": 122881,
                      "Shared Hit Blocks": 3740,
                      "Shared Read Blocks": 5,
                      "Shared Dirtied Blocks": 0,
                      "Shared Written Blocks": 0,
                      "Local Hit Blocks": 0,
                      "Local Read Blocks": 0,
                      "Local Dirtied Blocks": 0,
                      "Local Written Blocks": 0,
                      "Temp Read Blocks": 0,
                      "Temp Written Blocks": 0
                    },
                    {
                      "Node Type": "Hash",
                      "Parent Relationship": "Inner",
                      "Parallel Aware": false,
                      "Async Capable": false,
                      "Startup Cost": 1.25,
                      "Total Cost": 1.25,
                      "Plan Rows": 25,
                      "Plan Width": 30,
                      "Actual Startup Time": 0.029,
                      "Actual Total Time": 0.03,
                      "Actual Rows": 25,
                      "Actual Loops": 1,
                      "Hash Buckets": 1024,
                      "Original Hash Buckets": 1024,
                      "Hash Batches": 1,
                      "Original Hash Batches": 1,
                      "Peak Memory Usage": 10,
                      "Shared Hit Blocks": 1,
                      "Shared Read Blocks": 0,
                      "Shared Dirtied Blocks": 0,
                      "Shared Written Blocks": 0,
                      "Local Hit Blocks": 0,
                      "Local Read Blocks": 0,
                      "Local Dirtied Blocks": 0,
                      "Local Written Blocks": 0,
                      "Temp Read Blocks": 0,
                      "Temp Written Blocks": 0,
                      "Plans": [
                        {
                          "Node Type": "Seq Scan",
                          "Parent Relationship": "Outer",
                          "Parallel Aware": false,
                          "Async Capable": false,
                          "Relation Name": "nation",
                          "Alias": "nation",
                          "Startup Cost": 0.0,
                          "Total Cost": 1.25,
                          "Plan Rows": 25,
                          "Plan Width": 30,
                          "Actual Startup Time": 0.017,
                          "Actual Total Time": 0.022,
                          "Actual Rows": 25,
                          "Actual Loops": 1,
                          "Shared Hit Blocks": 1,
                          "Shared Read Blocks": 0,
                          "Shared Dirtied Blocks": 0,
                          "Shared Written Blocks": 0,
                          "Local Hit Blocks": 0,
                          "Local Read Blocks": 0,
                          "Local Dirtied Blocks": 0,
                          "Local Written Blocks": 0,
                          "Temp Read Blocks": 0,
                          "Temp Written Blocks": 0
                        }
                      ]
                    }
                  ]
                }
              ]
            }
          ]
        }
      ]
    },
    "Planning": {
      "Shared Hit Blocks": 9,
      "Shared Read Blocks": 0,
      "Shared Dirtied Blocks": 0,
      "Shared Written Blocks": 0,
      "Local Hit Blocks": 0,
      "Local Read Blocks": 0,
      "Local Dirtied Blocks": 0,
      "Local Written Blocks": 0,
      "Temp Read Blocks": 0,
      "Temp Written Blocks": 0
    },
    "Planning Time": 0.262,
    "Triggers": [],
    "Execution Time": 101.43
  }
]