[
  {
    "Plan": {
      "Node Type": "Limit",
      "Parallel Aware": false,
      "Async Capable": false,
      "Startup Cost": 198271.45,
      "Total Cost": 198272.75,
      "Plan Rows": 5,
      "Plan Width": 23,
      "Actual Startup Time": 2562.15,
      "Actual Total Time": 2569.42,
      "Actual Rows": 5,
      "Actual Loops": 1,
      "Shared Hit Blocks": 11684,
      "Shared Read Blocks": 138198,
      "Shared Dirtied Blocks": 0,
      "Shared Written Blocks": 0,
      "Local Hit Blocks": 0,
      "Local Read Blocks": 0,
      "Local Dirtied Blocks": 0,
      "Local Written Blocks": 0,
      "Temp Read Blocks": 0,
      "Temp Written Blocks": 0,
      "Plans": [
        {
          "Node Type": "Aggregate",
          "Strategy": "Sorted",
          "Partial Mode": "Finalize",
          "Parent Relationship": "Outer",
          "Parallel Aware": false,
          "Async Capable": false,
          "Startup Cost": 198271.45,
          "Total Cost": 198273.26,
          "Plan Rows": 7,
          "Plan Width": 23,
          "Actual Startup Time": 2562.149,
          "Actual Total Time": 2569.418,
          "Actual Rows": 5,
          "Actual Loops": 1,
          "Group Key": [
            "lineitem.l_shipmode",
            "orders.o_shippriority"
          ],
          "Shared Hit Blocks": 11684,
          "Shared Read Blocks": 138198,
          "Shared Dirtied Blocks": 0,
          "Shared Written Blocks": 0,
          "Local Hit Blocks": 0,
          "Local Read Blocks": 0,
          "Local Dirtied Blocks": 0,
          "Local Written Blocks": 0,
          "Temp Read Blocks": 0,
          "Temp Written Blocks": 0,
          "Plans": [
            {
              "Node Type": "Gather Merge",
              "Parent Relationship": "Outer",
              "Parallel Aware": false,
              "Async Capable": false,
              "Startup Cost": 198271.45,
              "Total Cost": 198273.09,
              "Plan Rows": 14,
              "Plan Width": 23,
              "Actual Startup Time": 2562.138,
              "Actual Total Time": 2569.404,
              "Actual Rows": 16,
              "Actual Loops": 1,
              "Workers Planned": 2,
              "Workers Launched": 2,
              "Shared Hit Blocks": 11684,
              "Shared Read Blocks": 138198,
              "Shared Dirtied Blocks": 0,
              "Shared Written Blocks": 0,
              "Local Hit Blocks": 0,
              "Local Read Blocks": 0,
              "Local Dirtied Blocks": 0,
              "Local Written Blocks": 0,
              "Temp Read Blocks": 0,
              "Temp Written Blocks": 0,
              "Plans": [
                {
                  "Node Type": "Sort",
                  "Parent Relationship": "Outer",
                  "Parallel Aware": false,
                  "Async Capable": false,
                  "Startup Cost": 197271.43,
                  "Total Cost": 197271.45,
                  "Plan Rows": 7,
                  "Plan Width": 23,
                  "Actual Startup Time": 2491.674,
                  "Actual Total Time": 2491.678,
                  "Actual Rows": 7,
                  "Actual Loops": 3,
                  "Sort Key": [
                    "lineitem.l_shipmode",
                    "orders.o_shippriority"
                  ],
                  "Sort Method": "quicksort",
                  "Sort Space Used": 25,
                  "Sort Space Type": "Memory",
                  "Shared Hit Blocks": 11684,
                  "Shared Read Blocks": 138198,
                  "Shared Dirtied Blocks": 0,
                  "Shared Written Blocks": 0,
                  "Local Hit Blocks": 0,
                  "Local Read Blocks": 0,
                  "Local Dirtied Blocks": 0,
                  "Local Written Blocks": 0,
                  "Temp Read Blocks": 0,
                  "Temp Written Blocks": 0,
                  "Workers": [
                    {
                      "Worker Number": 0,
                      "Sort Method": "quicksort",
                      "Sort Space Used": 25,
                      "Sort Space Type": "Memory"
                    },
                    {
                      "Worker Number": 1,
                      "Sort Method": "quicksort",
                      "Sort Space Used": 25,
                      "Sort Space Type": "Memory"
                    }
                  ],
                  "Plans": [
                    {
                      "Node Type": "Aggregate",
                      "Strategy": "Hashed",
                      "Partial Mode": "Partial",
                      "Parent Relationship": "Outer",
                      "Parallel Aware": false,
                      "Async Capable": false,
                      "Startup Cost": 197271.26,
                      "Total Cost": 197271.33,
                      "Plan Rows": 7,
                      "Plan Width": 23,
                      "Actual Startup Time": 2491.593,
                      "Actual Total Time": 2491.598,
                      "Actual Rows": 7,
                      "Actual Loops": 3,
                      "Group Key": [
                        "lineitem.l_shipmode",
                        "orders.o_shippriority"
                      ],
                      "Planned Partitions": 0,
                      "HashAgg Batches": 1,
                      "Peak Memory Usage": 24,
                      "Disk Usage": 0,
                      "Shared Hit Blocks": 11656,
                      "Shared Read Blocks": 138198,
                      "Shared Dirtied Blocks": 0,
                      "Shared Written Blocks": 0,
                      "Local Hit Blocks": 0,
                      "Local Read Blocks": 0,
                      "Local Dirtied Blocks": 0,
                      "Local Written Blocks": 0,
                      "Temp Read Blocks": 0,
                      "Temp Written Blocks": 0,
                      "Workers": [
                        {
                          "Worker Number": 0,
                          "HashAgg Batches": 1,
                          "Peak Memory Usage": 24,
                          "Disk Usage": 0
                        },
                        {
                          "Worker Number": 1,
                          "HashAgg Batches": 1,
                          "Peak Memory Usage": 24,
                          "Disk Usage": 0
                        }
                      ],
                      "Plans": [
                        {
                          "Node Type": "Hash Join",
                          "Parent Relationship": "Outer",
                          "Parallel Aware": true,
                          "Async Capable": false,
                          "Join Type": "Right",
                          "Startup Cost": 159440.8,
                          "Total Cost": 197004.22,
                          "Plan Rows": 35605,
                          "Plan Width": 15,
                          "Actual Startup Time": 1884.266,
                          "Actual Total Time": 2475.536,
                          "Actual Rows": 28558,
                          "Actual Loops": 3,
                          "Inner Unique": true,
                          "Hash Cond": "(orders.o_orderkey = lineitem.l_orderkey)",
                          "Shared Hit Blocks": 11656,
                          "Shared Read Blocks": 138198,
                          "Shared Dirtied Blocks": 0,
                          "Shared Written Blocks": 0,
                          "Local Hit Blocks": 0,
                          "Local Read Blocks": 0,
                          "Local Dirtied Blocks": 0,
                          "Local Written Blocks": 0,
                          "Temp Read Blocks": 0,
                          "Temp Written Blocks": 0,
                          "Workers": [],
                          "Plans": [
                            {
                              "Node Type": "Seq Scan",
                              "Parent Relationship": "Outer",
                              "Parallel Aware": true,
                              "Async Capable": false,
                              "Relation Name": "orders",
                              "Alias": "orders",
                              "Startup Cost": 0.0,
                              "Total Cost": 36150.5,
                              "Plan Rows": 538257,
                              "Plan Width": 12,
                              "Actual Startup Time": 0.336,
                              "Actual Total Time": 385.55,
                              "Actual Rows": 429618,
                              "Actual Loops": 3,
                              "Filter": "(o_totalprice > '50000'::numeric)",
                              "Rows Removed by Filter": 70382,
                              "Shared Hit Blocks": 10721,
                              "Shared Read Blocks": 17617,
                              "Shared Dirtied Blocks": 0,
                              "Shared Written Blocks": 0,
                              "Local Hit Blocks": 0,
                              "Local Read Blocks": 0,
                              "Local Dirtied Blocks": 0,
                              "Local Written Blocks": 0,
                              "Temp Read Blocks": 0,
                              "Temp Written Blocks": 0,
                              "Workers": []
                            },
                            {
                              "Node Type": "Hash",
                              "Parent Relationship": "Inner",
                              "Parallel Aware": true,
                              "Async Capable": false,
                              "Startup Cost": 158995.74,
                              "Total Cost": 158995.74,
                              "Plan Rows": 35605,
                              "Plan Width": 19,
                              "Actual Startup Time": 1883.588,
                              "Actual Total Time": 1883.589,
                              "Actual Rows": 28558,
                              "Actual Loops": 3,
                              "Hash Buckets": 131072,
                              "Original Hash Buckets": 131072,
                              "Hash Batches": 1,
                              "Original Hash Batches": 1,
                              "Peak Memory Usage": 5760,
                              "Shared Hit Blocks": 905,
                              "Shared Read Blocks": 120581,
                              "Shared Dirtied Blocks": 0,
                              "Shared Written Blocks": 0,
                              "Local Hit Blocks": 0,
                              "Local Read Blocks": 0,
                              "Local Dirtied Blocks": 0,
                              "Local Written Blocks": 0,
                              "Temp Read Blocks": 0,
                              "Temp Written Blocks": 0,
                              "Workers": [],
                              "Plans": [
                                {
                                  "Node Type": "Seq Scan",
                                  "Parent Relationship": "Outer",
                                  "Parallel Aware": true,
                                  "Async Capable": false,
                                  "Relation Name": "lineitem",
                                  "Alias": "lineitem",
                                  "Startup Cost": 0.0,
                                  "Total Cost": 158995.74,
                                  "Plan Rows": 35605,
                                  "Plan Width": 19,
                                  "Actual Startup Time": 0.501,
                                  "Actual Total Time": 1866.154,
                                  "Actual Rows": 28558,
                                  "Actual Loops": 3,
                                  "Filter": "((l_quantity > '45'::numeric) AND (l_linenumber = 4))",
                                  "Rows Removed by Filter": 1971847,
                                  "Shared Hit Blocks": 905,
                                  "Shared Read Blocks": 120581,
                                  "Shared Dirtied Blocks": 0,
                                  "Shared Written Blocks": 0,
                                  "Local Hit Blocks": 0,
                                  "Local Read Blocks": 0,
                                  "Local Dirtied Blocks": 0,
                                  "Local Written Blocks": 0,
                                  "Temp Read Blocks": 0,
                                  "Temp Written Blocks": 0,
                                  "Workers": []
                                }
                              ]
                            }
                          ]
                        }
                      ]
                    }
                  ]
                }
              ]
            }
          ]
        }
      ]
    },
    "Planning": {
      "Shared Hit Blocks": 17,
      "Shared Read Blocks": 11,
      "Shared Dirtied Blocks": 0,
      "Shared Written Blocks": 0,
      "Local Hit Blocks": 0,
      "Local Read Blocks": 0,
      "Local Dirtied Blocks": 0,
      "Local Written Blocks": 0,
      "Temp Read Blocks": 0,
      "Temp Written Blocks": 0
    },
    "Planning Time": 0.467,
    "Triggers": [],
    "Execution Time": 2569.491
  }
]