[
  {
    "Plan": {
      "Node Type": "Limit",
      "Parallel Aware": false,
      "Async Capable": false,
      "Startup Cost": 121776.1,
      "Total Cost": 121780.64,
      "Plan Rows": 35,
      "Plan Width": 71,
      "Actual Startup Time": 1878.358,
      "Actual Total Time": 1896.921,
      "Actual Rows": 35,
      "Actual Loops": 1,
      "Shared Hit Blocks": 15166,
      "Shared Read Blocks": 17081,
      "Shared Dirtied Blocks": 0,
      "Shared Written Blocks": 0,
      "Local Hit Blocks": 0,
      "Local Read Blocks": 0,
      "Local Dirtied Blocks": 0,
      "Local Written Blocks": 0,
      "Temp Read Blocks": 1470,
      "Temp Written Blocks": 8088,
      "Plans": [
        {
          "Node Type": "Aggregate",
          "Strategy": "Sorted",
          "Partial Mode": "Finalize",
          "Parent Relationship": "Outer",
          "Parallel Aware": false,
          "Async Capable": false,
          "Startup Cost": 121776.1,
          "Total Cost": 316057.12,
          "Plan Rows": 1500000,
          "Plan Width": 71,
          "Actual Startup Time": 1878.357,
          "Actual Total Time": 1896.913,
          "Actual Rows": 35,
          "Actual Loops": 1,
          "Group Key": [
            "orders.o_custkey",
            "orders.o_clerk",
            "customer.c_name"
          ],
          "Shared Hit Blocks": 15166,
          "Shared Read Blocks": 17081,
          "Shared Dirtied Blocks": 0,
          "Shared Written Blocks": 0,
          "Local Hit Blocks": 0,
          "Local Read Blocks": 0,
          "Local Dirtied Blocks": 0,
          "Local Written Blocks": 0,
          "Temp Read Blocks": 1470,
          "Temp Written Blocks": 8088,
          "Plans": [
            {
              "Node Type": "Gather Merge",
              "Parent Relationship": "Outer",
              "Parallel Aware": false,
              "Async Capable": false,
              "Startup Cost": 121776.1,
              "Total Cost": 281682.12,
              "Plan Rows": 1250000,
              "Plan Width": 71,
              "Actual Startup Time": 1878.346,
              "Actual Total Time": 1896.856,
              "Actual Rows": 36,
              "Actual Loops": 1,
              "Workers Planned": 2,
              "Workers Launched": 2,
              "Shared Hit Blocks": 15166,
              "Shared Read Blocks": 17081,
              "Shared Dirtied Blocks": 0,
              "Shared Written Blocks": 0,
              "Local Hit Blocks": 0,
              "Local Read Blocks": 0,
              "Local Dirtied Blocks": 0,
              "Local Written Blocks": 0,
              "Temp Read Blocks": 1470,
              "Temp Written Blocks": 8088,
              "Plans": [
                {
                  "Node Type": "Aggregate",
                  "Strategy": "Sorted",
                  "Partial Mode": "Partial",
                  "Parent Relationship": "Outer",
                  "Parallel Aware": false,
                  "Async Capable": false,
                  "Startup Cost": 120776.08,
                  "Total Cost": 136401.08,
                  "Plan Rows": 625000,
                  "Plan Width": 71,
                  "Actual Startup Time": 1470.954,
                  "Actual Total Time": 1472.145,
                  "Actual Rows": 368,
                  "Actual Loops": 3,
                  "Group Key": [
                    "orders.o_custkey",
                    "orders.o_clerk",
                    "customer.c_name"
                  ],
                  "Shared Hit Blocks": 15166,
                  "Shared Read Blocks": 17081,
                  "Shared Dirtied Blocks": 0,
                  "Shared Written Blocks": 0,
                  "Local Hit Blocks": 0,
                  "Local Read Blocks": 0,
                  "Local Dirtied Blocks": 0,
                  "Local Written Blocks": 0,
                  "Temp Read Blocks": 1470,
                  "Temp Written Blocks": 8088,
                  "Workers": [],
                  "Plans": [
                    {
                      "Node Type": "Sort",
                      "Parent Relationship": "Outer",
                      "Parallel Aware": false,
                      "Async Capable": false,
                      "Startup Cost": 120776.08,
                      "Total Cost": 122338.58,
                      "Plan Rows": 625000,
                      "Plan Width": 45,
                      "Actual Startup Time": 1470.896,
                      "Actual Total Time": 1471.689,
                      "Actual Rows": 370,
                      "Actual Loops": 3,
                      "Sort Key": [
                        "orders.o_custkey",
                        "orders.o_clerk",
                        "customer.c_name"
                      ],
                      "Sort Method": "external merge",
                      "Sort Space Used": 21840,
                      "Sort Space Type": "Disk",
                      "Shared Hit Blocks": 15166,
                      "Shared Read Blocks": 17081,
                      "Shared Dirtied Blocks": 0,
                      "Shared Written Blocks": 0,
                      "Local Hit Blocks": 0,
                      "Local Read Blocks": 0,
                      "Local Dirtied Blocks": 0,
                      "Local Written Blocks": 0,
                      "Temp Read Blocks": 1470,
                      "Temp Written Blocks": 8088,
                      "Workers": [
                        {
                          "Worker Number": 0,
                          "Sort Method": "external merge",
                          "Sort Space Used": 21128,
                          "Sort Space Type": "Disk"
                        },
                        {
                          "Worker Number": 1,
                          "Sort Method": "external merge",
                          "Sort Space Used": 21520,
                          "Sort Space Type": "Disk"
                        }
                      ],
                      "Plans": [
                        {
                          "Node Type": "Hash Join",
                          "Parent Relationship": "Outer",
                          "Parallel Aware": true,
                          "Async Capable": false,
                          "Join Type": "Full",
                          "Startup Cost": 5151.25,
                          "Total Cost": 41379.9,
                          "Plan Rows": 625000,
                          "Plan Width": 45,
                          "Actual Startup Time": 52.895,
                          "Actual Total Time": 869.128,
                          "Actual Rows": 516793,
                          "Actual Loops": 3,
                          "Inner Unique": true,
                          "Hash Cond": "(orders.o_custkey = customer.c_custkey)",
                          "Join Filter": "(orders.o_orderstatus = 'O'::bpchar)",
                          "Rows Removed by Join Filter": 255985,
                          "Shared Hit Blocks": 15024,
                          "Shared Read Blocks": 17081,
                          "Shared Dirtied Blocks": 0,
                          "Shared Written Blocks": 0,
                          "Local Hit Blocks": 0,
                          "Local Read Blocks": 0,
                          "Local Dirtied Blocks": 0,
                          "Local Written Blocks": 0,
                          "Temp Read Blocks": 0,
                          "Temp Written Blocks": 0,
                          "Workers": [],
                          "Plans": [
                            {
                              "Node Type": "Seq Scan",
                              "Parent Relationship": "Outer",
                              "Parallel Aware": true,
                              "Async Capable": false,
                              "Relation Name": "orders",
                              "Alias": "orders",
                              "Startup Cost": 0.0,
                              "Total Cost": 34588.0,
                              "Plan Rows": 625000,
                              "Plan Width": 22,
                              "Actual Startup Time": 0.016,
                              "Actual Total Time": 288.813,
                              "Actual Rows": 500000,
                              "Actual Loops": 3,
                              "Shared Hit Blocks": 11472,
                              "Shared Read Blocks": 16866,
                              "Shared Dirtied Blocks": 0,
                              "Shared Written Blocks": 0,
                              "Local Hit Blocks": 0,
                              "Local Read Blocks": 0,
                              "Local Dirtied Blocks": 0,
                              "Local Written Blocks": 0,
                              "Temp Read Blocks": 0,
                              "Temp Written Blocks": 0,
                              "Workers": []
                            },
                            {
                              "Node Type": "Hash",
                              "Parent Relationship": "Inner",
                              "Parallel Aware": true,
                              "Async Capable": false,
                              "Startup Cost": 4370.0,
                              "Total Cost": 4370.0,
                              "Plan Rows": 62500,
                              "Plan Width": 29,
                              "Actual Startup Time": 52.071,
                              "Actual Total Time": 52.072,
                              "Actual Rows": 50000,
                              "Actual Loops": 3,
                              "Hash Buckets": 262144,
                              "Original Hash Buckets": 262144,
                              "Hash Batches": 1,
                              "Original Hash Batches": 1,
                              "Peak Memory Usage": 11488,
                              "Shared Hit Blocks": 3531,
                              "Shared Read Blocks": 214,
                              "Shared Dirtied Blocks": 0,
                              "Shared Written Blocks": 0,
                              "Local Hit Blocks": 0,
                              "Local Read Blocks": 0,
                              "Local Dirtied Blocks": 0,
                              "Local Written Blocks": 0,
                              "Temp Read Blocks": 0,
                              "Temp Written Blocks": 0,
                              "Workers": [],
                              "Plans": [
                                {
                                  "Node Type": "Seq Scan",
                                  "Parent Relationship": "Outer",
                                  "Parallel Aware": true,
                                  "Async Capable": false,
                                  "Relation Name": "customer",
                                  "Alias": "customer",
                                  "Startup Cost": 0.0,
                                  "Total Cost": 4370.0,
                                  "Plan Rows": 62500,
                                  "Plan Width": 29,
                                  "Actual Startup Time": 0.016,
                                  "Actual Total Time": 25.004,
                                  "Actual Rows": 75000,
                                  "Actual Loops": 2,
                                  "Shared Hit Blocks": 3531,
                                  "Shared Read Blocks": 214,
                                  "Shared Dirtied Blocks": 0,
                                  "Shared Written Blocks": 0,
                                  "Local Hit Blocks": 0,
                                  "Local Read Blocks": 0,
                                  "Local Dirtied Blocks": 0,
                                  "Local Written Blocks": 0,
                                  "Temp Read Blocks": 0,
                                  "Temp Written Blocks": 0,
                                  "Workers": []
                                }
                              ]
                            }
                          ]
                        }
                      ]
                    }
                  ]
                }
              ]
            }
          ]
        }
      ]
    },
    "Planning": {
      "Shared Hit Blocks": 0,
      "Shared Read Blocks": 3,
      "Shared Dirtied Blocks": 0,
      "Shared Written Blocks": 0,
      "Local Hit Blocks": 0,
      "Local Read Blocks": 0,
      "Local Dirtied Blocks": 0,
      "Local Written Blocks": 0,
      "Temp Read Blocks": 0,
      "Temp Written Blocks": 0
    },
    "Planning Time": 0.317,
    "Triggers": [],
    "Execution Time": 1903.145
  }
]