[
  {
    "Plan": {
      "Node Type": "Limit",
      "Parallel Aware": false,
      "Async Capable": false,
      "Startup Cost": 65768.67,
      "Total Cost": 65768.8,
      "Plan Rows": 50,
      "Plan Width": 52,
      "Actual Startup Time": 1269.13,
      "Actual Total Time": 1269.143,
      "Actual Rows": 50,
      "Actual Loops": 1,
      "Shared Hit Blocks": 9,
      "Shared Read Blocks": 22036,
      "Shared Dirtied Blocks": 0,
      "Shared Written Blocks": 0,
      "Local Hit Blocks": 0,
      "Local Read Blocks": 0,
      "Local Dirtied Blocks": 0,
      "Local Written Blocks": 0,
      "Temp Read Blocks": 0,
      "Temp Written Blocks": 0,
      "Plans": [
        {
          "Node Type": "Sort",
          "Parent Relationship": "Outer",
          "Parallel Aware": false,
          "Async Capable": false,
          "Startup Cost": 65768.67,
          "Total Cost": 67768.67,
          "Plan Rows": 800000,
          "Plan Width": 52,
          "Actual Startup Time": 1269.127,
          "Actual Total Time": 1269.135,
          "Actual Rows": 50,
          "Actual Loops": 1,
          "Sort Key": [
            "partsupp.ps_supplycost"
          ],
          "Sort Method": "top-N heapsort",
          "Sort Space Used": 29,
          "Sort Space Type": "Memory",
          "Shared Hit Blocks": 9,
          "Shared Read Blocks": 22036,
          "Shared Dirtied Blocks": 0,
          "Shared Written Blocks": 0,
          "Local Hit Blocks": 0,
          "Local Read Blocks": 0,
          "Local Dirtied Blocks": 0,
          "Local Written Blocks": 0,
          "Temp Read Blocks": 0,
          "Temp Written Blocks": 0,
          "Plans": [
            {
              "Node Type": "Hash Join",
              "Parent Relationship": "Outer",
              "Parallel Aware": false,
              "Async Capable": false,
              "Join Type": "Full",
              "Startup Cost": 7288.11,
              "Total Cost": 39193.25,
              "Plan Rows": 800000,
              "Plan Width": 52,
              "Actual Startup Time": 98.618,
              "Actual Total Time": 1050.337,
              "Actual Rows": 800020,
              "Actual Loops": 1,
              "Inner Unique": true,
              "Hash Cond": "(supplier.s_nationkey = nation.n_nationkey)",
              "Join Filter": "(nation.n_regionkey > 3)",
              "Rows Removed by Join Filter": 172640,
              "Shared Hit Blocks": 9,
              "Shared Read Blocks": 22036,
              "Shared Dirtied Blocks": 0,
              "Shared Written Blocks": 0,
              "Local Hit Blocks": 0,
              "Local Read Blocks": 0,
              "Local Dirtied Blocks": 0,
              "Local Written Blocks": 0,
              "Temp Read Blocks": 0,
              "Temp Written Blocks": 0,
              "Plans": [
                {
                  "Node Type": "Hash Join",
                  "Parent Relationship": "Outer",
                  "Parallel Aware": false,
                  "Async Capable": false,
                  "Join Type": "Left",
                  "Startup Cost": 7286.55,
                  "Total Cost": 37004.48,
                  "Plan Rows": 800000,
                  "Plan Width": 30,
                  "Actual Startup Time": 98.544,
                  "Actual Total Time": 871.483,
                  "Actual Rows": 800000,
                  "Actual Loops": 1,
                  "Inner Unique": true,
                  "Hash Cond": "(partsupp.ps_suppkey = supplier.s_suppkey)",
                  "Shared Hit Blocks": 8,
                  "Shared Read Blocks": 22036,
                  "Shared Dirtied Blocks": 0,
                  "Shared Written Blocks": 0,
                  "Local Hit Blocks": 0,
                  "Local Read Blocks": 0,
                  "Local Dirtied Blocks": 0,
                  "Local Written Blocks": 0,
                  "Temp Read Blocks": 0,
                  "Temp Written Blocks": 0,
                  "Plans": [
                    {
                      "Node Type": "Hash Join",
                      "Parent Relationship": "Outer",
                      "Parallel Aware": false,
                      "Async Capable": false,
                      "Join Type": "Left",
                      "Startup Cost": 6904.91,
                      "Total Cost": 34521.96,
                      "Plan Rows": 800000,
                      "Plan Width": 14,
                      "Actual Startup Time": 91.11,
                      "Actual Total Time": 621.476,
                      "Actual Rows": 800000,
                      "Actual Loops": 1,
                      "Inner Unique": true,
                      "Hash Cond": "(partsupp.ps_partkey = part.p_partkey)",
                      "Shared Hit Blocks": 6,
                      "Shared Read Blocks": 21815,
                      "Shared Dirtied Blocks": 0,
                      "Shared Written Blocks": 0,
                      "Local Hit Blocks": 0,
                      "Local Read Blocks": 0,
                      "Local Dirtied Blocks": 0,
                      "Local Written Blocks": 0,
                      "Temp Read Blocks": 0,
                      "Temp Written Blocks": 0,
                      "Plans": [
                        {
                          "Node Type": "Seq Scan",
                          "Parent Relationship": "Outer",
                          "Parallel Aware": false,
                          "Async Capable": false,
                          "Relation Name": "partsupp",
                          "Alias": "partsupp",
                          "Startup Cost": 0.0,
                          "Total Cost": 25517.0,
                          "Plan Rows": 800000,
                          "Plan Width": 14,
                          "Actual Startup Time": 0.055,
                          "Actual Total Time": 278.006,
                          "Actual Rows": 800000,
                          "Actual Loops": 1,
                          "Shared Hit Blocks": 6,
                          "Shared Read Blocks": 17511,
                          "Shared Dirtied Blocks": 0,
                          "Shared Written Blocks": 0,
                          "Local Hit Blocks": 0,
                          "Local Read Blocks": 0,
                          "Local Dirtied Blocks": 0,
                          "Local Written Blocks": 0,
                          "Temp Read Blocks": 0,
                          "Temp Written Blocks": 0
                        },
                        {
                          "Node Type": "Hash",
                          "Parent Relationship": "Inner",
                          "Parallel Aware": false,
                          "Async Capable": false,
                          "Startup Cost": 6804.0,
                          "Total Cost": 6804.0,
                          "Plan Rows": 8073,
                          "Plan Width": 8,
                          "Actual Startup Time": 91.013,
                          "Actual Total Time": 91.015,
                          "Actual Rows": 8080,
                          "Actual Loops": 1,
                          "Hash Buckets": 8192,
                          "Original Hash Buckets": 8192,
                          "Hash Batches": 1,
                          "Original Hash Batches": 1,
                          "Peak Memory Usage": 380,
                          "Shared Hit Blocks": 0,
                          "Shared Read Blocks": 4304,
                          "Shared Dirtied Blocks": 0,
                          "Shared Written Blocks": 0,
                          "Local Hit Blocks": 0,
                          "Local Read Blocks": 0,
                          "Local Dirtied Blocks": 0,
                          "Local Written Blocks": 0,
                          "Temp Read Blocks": 0,
                          "Temp Written Blocks": 0,
                          "Plans": [
                            {
                              "Node Type": "Seq Scan",
                              "Parent Relationship": "Outer",
                              "Parallel Aware": false,
                              "Async Capable": false,
                              "Relation Name": "part",
                              "Alias": "part",
                              "Startup Cost": 0.0,
                              "Total Cost": 6804.0,
                              "Plan Rows": 8073,
                              "Plan Width": 8,
                              "Actual Startup Time": 0.043,
                              "Actual Total Time": 86.318,
                              "Actual Rows": 8080,
                              "Actual Loops": 1,
                              "Filter": "(p_size < 3)",
                              "Rows Removed by Filter": 191920,
                              "Shared Hit Blocks": 0,
                              "Shared Read Blocks": 4304,
                              "Shared Dirtied Blocks": 0,
                              "Shared Written Blocks": 0,
                              "Local Hit Blocks": 0,
                              "Local Read Blocks": 0,
                              "Local Dirtied Blocks": 0,
                              "Local Written Blocks": 0,
                              "Temp Read Blocks": 0,
                              "Temp Written Blocks": 0
                            }
                          ]
                        }
                      ]
                    },
                    {
                      "Node Type": "Hash",
                      "Parent Relationship": "Inner",
                      "Parallel Aware": false,
                      "Async Capable": false,
                      "Startup Cost": 348.0,
                      "Total Cost": 348.0,
                      "Plan Rows": 2691,
                      "Plan Width": 24,
                      "Actual Startup Time": 7.398,
                      "Actual Total Time": 7.398,
                      "Actual Rows": 2691,
                      "Actual Loops": 1,
                      "Hash Buckets": 4096,
                      "Original Hash Buckets": 4096,
                      "Hash Batches": 1,
                      "Original Hash Batches": 1,
                      "Peak Memory Usage": 180,
                      "Shared Hit Blocks": 2,
                      "Shared Read Blocks": 221,
                      "Shared Dirtied Blocks": 0,
                      "Shared Written Blocks": 0,
                      "Local Hit Blocks": 0,
                      "Local Read Blocks": 0,
                      "Local Dirtied Blocks": 0,
                      "Local Written Blocks": 0,
                      "Temp Read Blocks": 0,
                      "Temp Written Blocks": 0,
                      "Plans": [
                        {
                          "Node Type": "Seq Scan",
                          "Parent Relationship": "Outer",
                          "Parallel Aware": false,
                          "Async Capable": false,
                          "Relation Name": "supplier",
                          "Alias": "supplier",
                          "Startup Cost": 0.0,
                          "Total Cost": 348.0,
                          "Plan Rows": 2691,
                          "Plan Width": 24,
                          "Actual Startup Time": 0.036,
                          "Actual Total Time": 6.415,
                          "Actual Rows": 2691,
                          "Actual Loops": 1,
                          "Filter": "(s_acctbal < '2000'::numeric)",
                          "Rows Removed by Filter": 7309,
                          "Shared Hit Blocks": 2,
                          "Shared Read Blocks": 221,
                          "Shared Dirtied Blocks": 0,
                          "Shared Written Blocks": 0,
                          "Local Hit Blocks": 0,
                          "Local Read Blocks": 0,
                          "Local Dirtied Blocks": 0,
                          "Local Written Blocks": 0,
                          "Temp Read Blocks": 0,
                          "Temp Written Blocks": 0
                        }
                      ]
                    }
                  ]
                },
                {
                  "Node Type": "Hash",
                  "Parent Relationship": "Inner",
                  "Parallel Aware": false,
                  "Async Capable": false,
                  "Startup Cost": 1.25,
                  "Total Cost": 1.25,
                  "Plan Rows": 25,
                  "Plan Width": 34,
                  "Actual Startup Time": 0.049,
                  "Actual Total Time": 0.049,
                  "Actual Rows": 25,
                  "Actual Loops": 1,
                  "Hash Buckets": 1024,
                  "Original Hash Buckets": 1024,
                  "Hash Batches": 1,
                  "Original Hash Batches": 1,
                  "Peak Memory Usage": 10,
                  "Shared Hit Blocks": 1,
                  "Shared Read Blocks": 0,
                  "Shared Dirtied Blocks": 0,
                  "Shared Written Blocks": 0,
                  "Local Hit Blocks": 0,
                  "Local Read Blocks": 0,
                  "Local Dirtied Blocks": 0,
                  "Local Written Blocks": 0,
                  "Temp Read Blocks": 0,
                  "Temp Written Blocks": 0,
                  "Plans": [
                    {
                      "Node Type": "Seq Scan",
                      "Parent Relationship": "Outer",
                      "Parallel Aware": false,
                      "Async Capable": false,
                      "Relation Name": "nation",
                      "Alias": "nation",
                      "Startup Cost": 0.0,
                      "Total Cost": 1.25,
                      "Plan Rows": 25,
                      "Plan Width": 34,
                      "Actual Startup Time": 0.026,
                      "Actual Total Time": 0.033,
                      "Actual Rows": 25,
                      "Actual Loops": 1,
                      "Shared Hit Blocks": 1,
                      "Shared Read Blocks": 0,
                      "Shared Dirtied Blocks": 0,
                      "Shared Written Blocks": 0,
                      "Local Hit Blocks": 0,
                      "Local Read Blocks": 0,
                      "Local Dirtied Blocks": 0,
                      "Local Written Blocks": 0,
                      "Temp Read Blocks": 0,
                      "Temp Written Blocks": 0
                    }
                  ]
                }
              ]
            }
          ]
        }
      ]
    },
    "Planning": {
      "Shared Hit Blocks": 16,
      "Shared Read Blocks": 15,
      "Shared Dirtied Blocks": 0,
      "Shared Written Blocks": 0,
      "Local Hit Blocks": 0,
      "Local Read Blocks": 0,
      "Local Dirtied Blocks": 0,
      "Local Written Blocks": 0,
      "Temp Read Blocks": 0,
      "Temp Written Blocks": 0
    },
    "Planning Time": 0.771,
    "Triggers": [],
    "Execution Time": 1269.475
  }
]