[
  {
    "Plan": {
      "Node Type": "Limit",
      "Parallel Aware": false,
      "Async Capable": false,
      "Startup Cost": 41767.08,
      "Total Cost": 41778.75,
      "Plan Rows": 100,
      "Plan Width": 58,
      "Actual Startup Time": 427.878,
      "Actual Total Time": 435.791,
      "Actual Rows": 100,
      "Actual Loops": 1,
      "Shared Hit Blocks": 278,
      "Shared Read Blocks": 21751,
      "Shared Dirtied Blocks": 0,
      "Shared Written Blocks": 0,
      "Local Hit Blocks": 0,
      "Local Read Blocks": 0,
      "Local Dirtied Blocks": 0,
      "Local Written Blocks": 0,
      "Temp Read Blocks": 0,
      "Temp Written Blocks": 0,
      "Plans": [
        {
          "Node Type": "Gather Merge",
          "Parent Relationship": "Outer",
          "Parallel Aware": false,
          "Async Capable": false,
          "Startup Cost": 41767.08,
          "Total Cost": 119550.21,
          "Plan Rows": 666666,
          "Plan Width": 58,
          "Actual Startup Time": 427.877,
          "Actual Total Time": 435.782,
          "Actual Rows": 100,
          "Actual Loops": 1,
          "Workers Planned": 2,
          "Workers Launched": 2,
          "Shared Hit Blocks": 278,
          "Shared Read Blocks": 21751,
          "Shared Dirtied Blocks": 0,
          "Shared Written Blocks": 0,
          "Local Hit Blocks": 0,
          "Local Read Blocks": 0,
          "Local Dirtied Blocks": 0,
          "Local Written Blocks": 0,
          "Temp Read Blocks": 0,
          "Temp Written Blocks": 0,
          "Plans": [
            {
              "Node Type": "Sort",
              "Parent Relationship": "Outer",
              "Parallel Aware": false,
              "Async Capable": false,
              "Startup Cost": 40767.06,
              "Total Cost": 41600.39,
              "Plan Rows": 333333,
              "Plan Width": 58,
              "Actual Startup Time": 375.416,
              "Actual Total Time": 375.423,
              "Actual Rows": 76,
              "Actual Loops": 3,
              "Sort Key": [
                "partsupp.ps_suppkey"
              ],
              "Sort Method": "top-N heapsort",
              "Sort Space Used": 31,
              "Sort Space Type": "Memory",
              "Shared Hit Blocks": 278,
              "Shared Read Blocks": 21751,
              "Shared Dirtied Blocks": 0,
              "Shared Written Blocks": 0,
              "Local Hit Blocks": 0,
              "Local Read Blocks": 0,
              "Local Dirtied Blocks": 0,
              "Local Written Blocks": 0,
              "Temp Read Blocks": 0,
              "Temp Written Blocks": 0,
              "Workers": [
                {
                  "Worker Number": 0,
                  "Sort Method": "top-N heapsort",
                  "Sort Space Used": 31,
                  "Sort Space Type": "Memory"
                },
                {
                  "Worker Number": 1,
                  "Sort Method": "top-N heapsort",
                  "Sort Space Used": 31,
                  "Sort Space Type": "Memory"
                }
              ],
              "Plans": [
                {
                  "Node Type": "Hash Join",
                  "Parent Relationship": "Outer",
                  "Parallel Aware": true,
                  "Async Capable": false,
                  "Join Type": "Left",
                  "Startup Cost": 6301.98,
                  "Total Cost": 28027.31,
                  "Plan Rows": 333333,
                  "Plan Width": 58,
                  "Actual Startup Time": 73.933,
                  "Actual Total Time": 327.422,
                  "Actual Rows": 266667,
                  "Actual Loops": 3,
                  "Inner Unique": true,
                  "Hash Cond": "(partsupp.ps_partkey = part.p_partkey)",
                  "Join Filter": "(partsupp.ps_availqty < 100)",
                  "Rows Removed by Join Filter": 242609,
                  "Shared Hit Blocks": 166,
                  "Shared Read Blocks": 21751,
                  "Shared Dirtied Blocks": 0,
                  "Shared Written Blocks": 0,
                  "Local Hit Blocks": 0,
                  "Local Read Blocks": 0,
                  "Local Dirtied Blocks": 0,
                  "Local Written Blocks": 0,
                  "Temp Read Blocks": 0,
                  "Temp Written Blocks": 0,
                  "Workers": [],
                  "Plans": [
                    {
                      "Node Type": "Seq Scan",
                      "Parent Relationship": "Outer",
                      "Parallel Aware": true,
                      "Async Capable": false,
                      "Relation Name": "partsupp",
                      "Alias": "partsupp",
                      "Startup Cost": 0.0,
                      "Total Cost": 20850.33,
                      "Plan Rows": 333333,
                      "Plan Width": 12,
                      "Actual Startup Time": 1.151,
                      "Actual Total Time": 119.763,
                      "Actual Rows": 266667,
                      "Actual Loops": 3,
                      "Shared Hit Blocks": 38,
                      "Shared Read Blocks": 17479,
                      "Shared Dirtied Blocks": 0,
                      "Shared Written Blocks": 0,
                      "Local Hit Blocks": 0,
                      "Local Read Blocks": 0,
                      "Local Dirtied Blocks": 0,
                      "Local Written Blocks": 0,
                      "Temp Read Blocks": 0,
                      "Temp Written Blocks": 0,
                      "Workers": []
                    },
                    {
                      "Node Type": "Hash",
                      "Parent Relationship": "Inner",
                      "Parallel Aware": true,
                      "Async Capable": false,
                      "Startup Cost": 5345.67,
                      "Total Cost": 5345.67,
                      "Plan Rows": 76505,
                      "Plan Width": 58,
                      "Actual Startup Time": 72.074,
                      "Actual Total Time": 72.074,
                      "Actual Rows": 61264,
                      "Actual Loops": 3,
                      "Hash Buckets": 262144,
                      "Original Hash Buckets": 262144,
                      "Hash Batches": 1,
                      "Original Hash Batches": 1,
                      "Peak Memory Usage": 19168,
                      "Shared Hit Blocks": 32,
                      "Shared Read Blocks": 4272,
                      "Shared Dirtied Blocks": 0,
                      "Shared Written Blocks": 0,
                      "Local Hit Blocks": 0,
                      "Local Read Blocks": 0,
                      "Local Dirtied Blocks": 0,
                      "Local Written Blocks": 0,
                      "Temp Read Blocks": 0,
                      "Temp Written Blocks": 0,
                      "Workers": [],
                      "Plans": [
                        {
                          "Node Type": "Seq Scan",
                          "Parent Relationship": "Outer",
                          "Parallel Aware": true,
                          "Async Capable": false,
                          "Relation Name": "part",
                          "Alias": "part",
                          "Startup Cost": 0.0,
                          "Total Cost": 5345.67,
                          "Plan Rows": 76505,
                          "Plan Width": 58,
                          "Actual Startup Time": 0.517,
                          "Actual Total Time": 38.735,
                          "Actual Rows": 61264,
                          "Actual Loops": 3,
                          "Filter": "(p_size > 4)",
                          "Rows Removed by Filter": 5403,
                          "Shared Hit Blocks": 32,
                          "Shared Read Blocks": 4272,
                          "Shared Dirtied Blocks": 0,
                          "Shared Written Blocks": 0,
                          "Local Hit Blocks": 0,
                          "Local Read Blocks": 0,
                          "Local Dirtied Blocks": 0,
                          "Local Written Blocks": 0,
                          "Temp Read Blocks": 0,
                          "Temp Written Blocks": 0,
                          "Workers": []
                        }
                      ]
                    }
                  ]
                }
              ]
            }
          ]
        }
      ]
    },
    "Planning": {
      "Shared Hit Blocks": 19,
      "Shared Read Blocks": 0,
      "Shared Dirtied Blocks": 0,
      "Shared Written Blocks": 0,
      "Local Hit Blocks": 0,
      "Local Read Blocks": 0,
      "Local Dirtied Blocks": 0,
      "Local Written Blocks": 0,
      "Temp Read Blocks": 0,
      "Temp Written Blocks": 0
    },
    "Planning Time": 0.318,
    "Triggers": [],
    "Execution Time": 435.832
  }
]