[
  {
    "Plan": {
      "Node Type": "Limit",
      "Parallel Aware": false,
      "Async Capable": false,
      "Startup Cost": 73013.88,
      "Total Cost": 73013.93,
      "Plan Rows": 20,
      "Plan Width": 81,
      "Actual Startup Time": 2011.413,
      "Actual Total Time": 2011.421,
      "Actual Rows": 20,
      "Actual Loops": 1,
      "Shared Hit Blocks": 487,
      "Shared Read Blocks": 21558,
      "Shared Dirtied Blocks": 0,
      "Shared Written Blocks": 0,
      "Local Hit Blocks": 0,
      "Local Read Blocks": 0,
      "Local Dirtied Blocks": 0,
      "Local Written Blocks": 0,
      "Temp Read Blocks": 2377,
      "Temp Written Blocks": 2377,
      "Plans": [
        {
          "Node Type": "Sort",
          "Parent Relationship": "Outer",
          "Parallel Aware": false,
          "Async Capable": false,
          "Startup Cost": 73013.88,
          "Total Cost": 75013.88,
          "Plan Rows": 800000,
          "Plan Width": 81,
          "Actual Startup Time": 2011.411,
          "Actual Total Time": 2011.417,
          "Actual Rows": 20,
          "Actual Loops": 1,
          "Sort Key": [
            "part.p_name",
            "supplier.s_phone",
            "partsupp.ps_supplycost",
            "nation.n_name DESC"
          ],
          "Sort Method": "top-N heapsort",
          "Sort Space Used": 27,
          "Sort Space Type": "Memory",
          "Shared Hit Blocks": 487,
          "Shared Read Blocks": 21558,
          "Shared Dirtied Blocks": 0,
          "Shared Written Blocks": 0,
          "Local Hit Blocks": 0,
          "Local Read Blocks": 0,
          "Local Dirtied Blocks": 0,
          "Local Written Blocks": 0,
          "Temp Read Blocks": 2377,
          "Temp Written Blocks": 2377,
          "Plans": [
            {
              "Node Type": "Hash Join",
              "Parent Relationship": "Outer",
              "Parallel Aware": false,
              "Async Capable": false,
              "Join Type": "Full",
              "Startup Cost": 10668.04,
              "Total Cost": 51726.17,
              "Plan Rows": 800000,
              "Plan Width": 81,
              "Actual Startup Time": 153.857,
              "Actual Total Time": 1619.224,
              "Actual Rows": 800020,
              "Actual Loops": 1,
              "Inner Unique": true,
              "Hash Cond": "(supplier.s_nationkey = nation.n_nationkey)",
              "Join Filter": "(nation.n_regionkey = 1)",
              "Rows Removed by Join Filter": 172800,
              "Shared Hit Blocks": 487,
              "Shared Read Blocks": 21558,
              "Shared Dirtied Blocks": 0,
              "Shared Written Blocks": 0,
              "Local Hit Blocks": 0,
              "Local Read Blocks": 0,
              "Local Dirtied Blocks": 0,
              "Local Written Blocks": 0,
              "Temp Read Blocks": 2377,
              "Temp Written Blocks": 2377,
              "Plans": [
                {
                  "Node Type": "Hash Join",
                  "Parent Relationship": "Outer",
                  "Parallel Aware": false,
                  "Async Capable": false,
                  "Join Type": "Left",
                  "Startup Cost": 10666.48,
                  "Total Cost": 49537.41,
                  "Plan Rows": 800000,
                  "Plan Width": 59,
                  "Actual Startup Time": 153.809,
                  "Actual Total Time": 1368.458,
                  "Actual Rows": 800000,
                  "Actual Loops": 1,
                  "Inner Unique": true,
                  "Hash Cond": "(partsupp.ps_suppkey = supplier.s_suppkey)",
                  "Shared Hit Blocks": 486,
                  "Shared Read Blocks": 21558,
                  "Shared Dirtied Blocks": 0,
                  "Shared Written Blocks": 0,
                  "Local Hit Blocks": 0,
                  "Local Read Blocks": 0,
                  "Local Dirtied Blocks": 0,
                  "Local Written Blocks": 0,
                  "Temp Read Blocks": 2377,
                  "Temp Written Blocks": 2377,
                  "Plans": [
                    {
                      "Node Type": "Hash Join",
                      "Parent Relationship": "Outer",
                      "Parallel Aware": false,
                      "Async Capable": false,
                      "Join Type": "Left",
                      "Startup Cost": 10284.84,
                      "Total Cost": 47054.88,
                      "Plan Rows": 800000,
                      "Plan Width": 43,
                      "Actual Startup Time": 149.889,
                      "Actual Total Time": 1070.913,
                      "Actual Rows": 800000,
                      "Actual Loops": 1,
                      "Inner Unique": true,
                      "Hash Cond": "(partsupp.ps_partkey = part.p_partkey)",
                      "Shared Hit Blocks": 263,
                      "Shared Read Blocks": 21558,
                      "Shared Dirtied Blocks": 0,
                      "Shared Written Blocks": 0,
                      "Local Hit Blocks": 0,
                      "Local Read Blocks": 0,
                      "Local Dirtied Blocks": 0,
                      "Local Written Blocks": 0,
                      "Temp Read Blocks": 2377,
                      "Temp Written Blocks": 2377,
                      "Plans": [
                        {
                          "Node Type": "Seq Scan",
                          "Parent Relationship": "Outer",
                          "Parallel Aware": false,
                          "Async Capable": false,
                          "Relation Name": "partsupp",
                          "Alias": "partsupp",
                          "Startup Cost": 0.0,
                          "Total Cost": 25517.0,
                          "Plan Rows": 800000,
                          "Plan Width": 14,
                          "Actual Startup Time": 0.026,
                          "Actual Total Time": 375.394,
                          "Actual Rows": 800000,
                          "Actual Loops": 1,
                          "Shared Hit Blocks": 135,
                          "Shared Read Blocks": 17382,
                          "Shared Dirtied Blocks": 0,
                          "Shared Written Blocks": 0,
                          "Local Hit Blocks": 0,
                          "Local Read Blocks": 0,
                          "Local Dirtied Blocks": 0,
                          "Local Written Blocks": 0,
                          "Temp Read Blocks": 0,
                          "Temp Written Blocks": 0
                        },
                        {
                          "Node Type": "Hash",
                          "Parent Relationship": "Inner",
                          "Parallel Aware": false,
                          "Async Capable": false,
                          "Startup Cost": 6804.0,
                          "Total Cost": 6804.0,
                          "Plan Rows": 171347,
                          "Plan Width": 37,
                          "Actual Startup Time": 148.785,
                          "Actual Total Time": 148.786,
                          "Actual Rows": 171686,
                          "Actual Loops": 1,
                          "Hash Buckets": 131072,
                          "Original Hash Buckets": 131072,
                          "Hash Batches": 2,
                          "Original Hash Batches": 2,
                          "Peak Memory Usage": 7006,
                          "Shared Hit Blocks": 128,
                          "Shared Read Blocks": 4176,
                          "Shared Dirtied Blocks": 0,
                          "Shared Written Blocks": 0,
                          "Local Hit Blocks": 0,
                          "Local Read Blocks": 0,
                          "Local Dirtied Blocks": 0,
                          "Local Written Blocks": 0,
                          "Temp Read Blocks": 0,
                          "Temp Written Blocks": 619,
                          "Plans": [
                            {
                              "Node Type": "Seq Scan",
                              "Parent Relationship": "Outer",
                              "Parallel Aware": false,
                              "Async Capable": false,
                              "Relation Name": "part",
                              "Alias": "part",
                              "Startup Cost": 0.0,
                              "Total Cost": 6804.0,
                              "Plan Rows": 171347,
                              "Plan Width": 37,
                              "Actual Startup Time": 0.032,
                              "Actual Total Time": 83.573,
                              "Actual Rows": 171686,
                              "Actual Loops": 1,
                              "Filter": "(p_size > 7)",
                              "Rows Removed by Filter": 28314,
                              "Shared Hit Blocks": 128,
                              "Shared Read Blocks": 4176,
                              "Shared Dirtied Blocks": 0,
                              "Shared Written Blocks": 0,
                              "Local Hit Blocks": 0,
                              "Local Read Blocks": 0,
                              "Local Dirtied Blocks": 0,
                              "Local Written Blocks": 0,
                              "Temp Read Blocks": 0,
                              "Temp Written Blocks": 0
                            }
                          ]
                        }
                      ]
                    },
                    {
                      "Node Type": "Hash",
                      "Parent Relationship": "Inner",
                      "Parallel Aware": false,
                      "Async Capable": false,
                      "Startup Cost": 348.0,
                      "Total Cost": 348.0,
                      "Plan Rows": 2691,
                      "Plan Width": 24,
                      "Actual Startup Time": 3.872,
                      "Actual Total Time": 3.872,
                      "Actual Rows": 2691,
                      "Actual Loops": 1,
                      "Hash Buckets": 4096,
                      "Original Hash Buckets": 4096,
                      "Hash Batches": 1,
                      "Original Hash Batches": 1,
                      "Peak Memory Usage": 180,
                      "Shared Hit Blocks": 223,
                      "Shared Read Blocks": 0,
                      "Shared Dirtied Blocks": 0,
                      "Shared Written Blocks": 0,
                      "Local Hit Blocks": 0,
                      "Local Read Blocks": 0,
                      "Local Dirtied Blocks": 0,
                      "Local Written Blocks": 0,
                      "Temp Read Blocks": 0,
                      "Temp Written Blocks": 0,
                      "Plans": [
                        {
                          "Node Type": "Seq Scan",
                          "Parent Relationship": "Outer",
                          "Parallel Aware": false,
                          "Async Capable": false,
                          "Relation Name": "supplier",
                          "Alias": "supplier",
                          "Startup Cost": 0.0,
                          "Total Cost": 348.0,
                          "Plan Rows": 2691,
                          "Plan Width": 24,
                          "Actual Startup Time": 0.03,
                          "Actual Total Time": 3.132,
                          "Actual Rows": 2691,
                          "Actual Loops": 1,
                          "Filter": "(s_acctbal < '2000'::numeric)",
                          "Rows Removed by Filter": 7309,
                          "Shared Hit Blocks": 223,
                          "Shared Read Blocks": 0,
                          "Shared Dirtied Blocks": 0,
                          "Shared Written Blocks": 0,
                          "Local Hit Blocks": 0,
                          "Local Read Blocks": 0,
                          "Local Dirtied Blocks": 0,
                          "Local Written Blocks": 0,
                          "Temp Read Blocks": 0,
                          "Temp Written Blocks": 0
                        }
                      ]
                    }
                  ]
                },
                {
                  "Node Type": "Hash",
                  "Parent Relationship": "Inner",
                  "Parallel Aware": false,
                  "Async Capable": false,
                  "Startup Cost": 1.25,
                  "Total Cost": 1.25,
                  "Plan Rows": 25,
                  "Plan Width": 34,
                  "Actual Startup Time": 0.022,
                  "Actual Total Time": 0.023,
                  "Actual Rows": 25,
                  "Actual Loops": 1,
                  "Hash Buckets": 1024,
                  "Original Hash Buckets": 1024,
                  "Hash Batches": 1,
                  "Original Hash Batches": 1,
                  "Peak Memory Usage": 10,
                  "Shared Hit Blocks": 1,
                  "Shared Read Blocks": 0,
                  "Shared Dirtied Blocks": 0,
                  "Shared Written Blocks": 0,
                  "Local Hit Blocks": 0,
                  "Local Read Blocks": 0,
                  "Local Dirtied Blocks": 0,
                  "Local Written Blocks": 0,
                  "Temp Read Blocks": 0,
                  "Temp Written Blocks": 0,
                  "Plans": [
                    {
                      "Node Type": "Seq Scan",
                      "Parent Relationship": "Outer",
                      "Parallel Aware": false,
                      "Async Capable": false,
                      "Relation Name": "nation",
                      "Alias": "nation",
                      "Startup Cost": 0.0,
                      "Total Cost": 1.25,
                      "Plan Rows": 25,
                      "Plan Width": 34,
                      "Actual Startup Time": 0.012,
                      "Actual Total Time": 0.016,
                      "Actual Rows": 25,
                      "Actual Loops": 1,
                      "Shared Hit Blocks": 1,
                      "Shared Read Blocks": 0,
                      "Shared Dirtied Blocks": 0,
                      "Shared Written Blocks": 0,
                      "Local Hit Blocks": 0,
                      "Local Read Blocks": 0,
                      "Local Dirtied Blocks": 0,
                      "Local Written Blocks": 0,
                      "Temp Read Blocks": 0,
                      "Temp Written Blocks": 0
                    }
                  ]
                }
              ]
            }
          ]
        }
      ]
    },
    "Planning": {
      "Shared Hit Blocks": 22,
      "Shared Read Blocks": 0,
      "Shared Dirtied Blocks": 0,
      "Shared Written Blocks": 0,
      "Local Hit Blocks": 0,
      "Local Read Blocks": 0,
      "Local Dirtied Blocks": 0,
      "Local Written Blocks": 0,
      "Temp Read Blocks": 0,
      "Temp Written Blocks": 0
    },
    "Planning Time": 0.469,
    "Triggers": [],
    "Execution Time": 2012.545
  }
]