[
  {
    "Plan": {
      "Node Type": "Append",
      "Parallel Aware": false,
      "Async Capable": false,
      "Startup Cost": 41904.32,
      "Total Cost": 252501.76,
      "Plan Rows": 63058,
      "Plan Width": 168,
      "Actual Startup Time": 308.274,
      "Actual Total Time": 2099.27,
      "Actual Rows": 10164,
      "Actual Loops": 1,
      "Shared Hit Blocks": 11701,
      "Shared Read Blocks": 171262,
      "Shared Dirtied Blocks": 0,
      "Shared Written Blocks": 0,
      "Local Hit Blocks": 0,
      "Local Read Blocks": 0,
      "Local Dirtied Blocks": 0,
      "Local Written Blocks": 0,
      "Temp Read Blocks": 0,
      "Temp Written Blocks": 0,
      "Subplans Removed": 0,
      "Plans": [
        {
          "Node Type": "Group",
          "Parent Relationship": "Member",
          "Parallel Aware": false,
          "Async Capable": false,
          "Startup Cost": 41904.32,
          "Total Cost": 41934.0,
          "Plan Rows": 279,
          "Plan Width": 53,
          "Actual Startup Time": 308.273,
          "Actual Total Time": 309.084,
          "Actual Rows": 503,
          "Actual Loops": 1,
          "Group Key": [
            "orders.o_totalprice",
            "nation.n_name",
            "customer.c_name"
          ],
          "Shared Hit Blocks": 4106,
          "Shared Read Blocks": 28180,
          "Shared Dirtied Blocks": 0,
          "Shared Written Blocks": 0,
          "Local Hit Blocks": 0,
          "Local Read Blocks": 0,
          "Local Dirtied Blocks": 0,
          "Local Written Blocks": 0,
          "Temp Read Blocks": 0,
          "Temp Written Blocks": 0,
          "Plans": [
            {
              "Node Type": "Gather Merge",
              "Parent Relationship": "Outer",
              "Parallel Aware": false,
              "Async Capable": false,
              "Startup Cost": 41904.32,
              "Total Cost": 41932.26,
              "Plan Rows": 232,
              "Plan Width": 53,
              "Actual Startup Time": 308.271,
              "Actual Total Time": 308.942,
              "Actual Rows": 503,
              "Actual Loops": 1,
              "Workers Planned": 2,
              "Workers Launched": 2,
              "Shared Hit Blocks": 4106,
              "Shared Read Blocks": 28180,
              "Shared Dirtied Blocks": 0,
              "Shared Written Blocks": 0,
              "Local Hit Blocks": 0,
              "Local Read Blocks": 0,
              "Local Dirtied Blocks": 0,
              "Local Written Blocks": 0,
              "Temp Read Blocks": 0,
              "Temp Written Blocks": 0,
              "Plans": [
                {
                  "Node Type": "Group",
                  "Parent Relationship": "Outer",
                  "Parallel Aware": false,
                  "Async Capable": false,
                  "Startup Cost": 40904.3,
                  "Total Cost": 40905.46,
                  "Plan Rows": 116,
                  "Plan Width": 53,
                  "Actual Startup Time": 259.01,
                  "Actual Total Time": 259.08,
                  "Actual Rows": 168,
                  "Actual Loops": 3,
                  "Group Key": [
                    "orders.o_totalprice",
                    "nation.n_name",
                    "customer.c_name"
                  ],
                  "Shared Hit Blocks": 4106,
                  "Shared Read Blocks": 28180,
                  "Shared Dirtied Blocks": 0,
                  "Shared Written Blocks": 0,
                  "Local Hit Blocks": 0,
                  "Local Read Blocks": 0,
                  "Local Dirtied Blocks": 0,
                  "Local Written Blocks": 0,
                  "Temp Read Blocks": 0,
                  "Temp Written Blocks": 0,
                  "Workers": [],
                  "Plans": [
                    {
                      "Node Type": "Sort",
                      "Parent Relationship": "Outer",
                      "Parallel Aware": false,
                      "Async Capable": false,
                      "Startup Cost": 40904.3,
                      "Total Cost": 40904.59,
                      "Plan Rows": 116,
                      "Plan Width": 53,
                      "Actual Startup Time": 259.008,
                      "Actual Total Time": 259.028,
                      "Actual Rows": 168,
                      "Actual Loops": 3,
                      "Sort Key": [
                        "orders.o_totalprice",
                        "nation.n_name",
                        "customer.c_name"
                      ],
                      "Sort Method": "quicksort",
                      "Sort Space Used": 38,
                      "Sort Space Type": "Memory",
                      "Shared Hit Blocks": 4106,
                      "Shared Read Blocks": 28180,
                      "Shared Dirtied Blocks": 0,
                      "Shared Written Blocks": 0,
                      "Local Hit Blocks": 0,
                      "Local Read Blocks": 0,
                      "Local Dirtied Blocks": 0,
                      "Local Written Blocks": 0,
                      "Temp Read Blocks": 0,
                      "Temp Written Blocks": 0,
                      "Workers": [
                        {
                          "Worker Number": 0,
                          "Sort Method": "quicksort",
                          "Sort Space Used": 37,
                          "Sort Space Type": "Memory"
                        },
                        {
                          "Worker Number": 1,
                          "Sort Method": "quicksort",
                          "Sort Space Used": 34,
                          "Sort Space Type": "Memory"
                        }
                      ],
                      "Plans": [
                        {
                          "Node Type": "Hash Join",
                          "Parent Relationship": "Outer",
                          "Parallel Aware": false,
                          "Async Capable": false,
                          "Join Type": "Inner",
                          "Startup Cost": 4697.98,
                          "Total Cost": 40900.32,
                          "Plan Rows": 116,
                          "Plan Width": 53,
                          "Actual Startup Time": 18.799,
                          "Actual Total Time": 258.149,
                          "Actual Rows": 168,
                          "Actual Loops": 3,
                          "Inner Unique": true,
                          "Hash Cond": "(customer.c_nationkey = nation.n_nationkey)",
                          "Shared Hit Blocks": 3969,
                          "Shared Read Blocks": 28175,
                          "Shared Dirtied Blocks": 0,
                          "Shared Written Blocks": 0,
                          "Local Hit Blocks": 0,
                          "Local Read Blocks": 0,
                          "Local Dirtied Blocks": 0,
                          "Local Written Blocks": 0,
                          "Temp Read Blocks": 0,
                          "Temp Written Blocks": 0,
                          "Workers": [],
                          "Plans": [
                            {
                              "Node Type": "Hash Join",
                              "Parent Relationship": "Outer",
                              "Parallel Aware": true,
                              "Async Capable": false,
                              "Join Type": "Inner",
                              "Startup Cost": 4696.41,
                              "Total Cost": 40898.4,
                              "Plan Rows": 116,
                              "Plan Width": 31,
                              "Actual Startup Time": 17.754,
                              "Actual Total Time": 256.837,
                              "Actual Rows": 168,
                              "Actual Loops": 3,
                              "Inner Unique": true,
                              "Hash Cond": "(orders.o_custkey = customer.c_custkey)",
                              "Join Filter": "(orders.o_totalprice <= customer.c_acctbal)",
                              "Rows Removed by Join Filter": 123,
                              "Shared Hit Blocks": 3911,
                              "Shared Read Blocks": 28172,
                              "Shared Dirtied Blocks": 0,
                              "Shared Written Blocks": 0,
                              "Local Hit Blocks": 0,
                              "Local Read Blocks": 0,
                              "Local Dirtied Blocks": 0,
                              "Local Written Blocks": 0,
                              "Temp Read Blocks": 0,
                              "Temp Written Blocks": 0,
                              "Workers": [],
                              "Plans": [
                                {
                                  "Node Type": "Seq Scan",
                                  "Parent Relationship": "Outer",
                                  "Parallel Aware": true,
                                  "Async Capable": false,
                                  "Relation Name": "orders",
                                  "Alias": "orders",
                                  "Startup Cost": 0.0,
                                  "Total Cost": 36150.5,
                                  "Plan Rows": 19613,
                                  "Plan Width": 12,
                                  "Actual Startup Time": 0.502,
                                  "Actual Total Time": 240.525,
                                  "Actual Rows": 15802,
                                  "Actual Loops": 3,
                                  "Filter": "(o_totalprice <= '15000'::numeric)",
                                  "Rows Removed by Filter": 484198,
                                  "Shared Hit Blocks": 166,
                                  "Shared Read Blocks": 28172,
                                  "Shared Dirtied Blocks": 0,
                                  "Shared Written Blocks": 0,
                                  "Local Hit Blocks": 0,
                                  "Local Read Blocks": 0,
                                  "Local Dirtied Blocks": 0,
                                  "Local Written Blocks": 0,
                                  "Temp Read Blocks": 0,
                                  "Temp Written Blocks": 0,
                                  "Workers": []
                                },
                                {
                                  "Node Type": "Hash",
                                  "Parent Relationship": "Inner",
                                  "Parallel Aware": true,
                                  "Async Capable": false,
                                  "Startup Cost": 4682.5,
                                  "Total Cost": 4682.5,
                                  "Plan Rows": 1113,
                                  "Plan Width": 33,
                                  "Actual Startup Time": 10.96,
                                  "Actual Total Time": 10.961,
                                  "Actual Rows": 900,
                                  "Actual Loops": 3,
                                  "Hash Buckets": 4096,
                                  "Original Hash Buckets": 4096,
                                  "Hash Batches": 1,
                                  "Original Hash Batches": 1,
                                  "Peak Memory Usage": 224,
                                  "Shared Hit Blocks": 3745,
                                  "Shared Read Blocks": 0,
                                  "Shared Dirtied Blocks": 0,
                                  "Shared Written Blocks": 0,
                                  "Local Hit Blocks": 0,
                                  "Local Read Blocks": 0,
                                  "Local Dirtied Blocks": 0,
                                  "Local Written Blocks": 0,
                                  "Temp Read Blocks": 0,
                                  "Temp Written Blocks": 0,
                                  "Workers": [],
                                  "Plans": [
                                    {
                                      "Node Type": "Seq Scan",
                                      "Parent Relationship": "Outer",
                                      "Parallel Aware": true,
                                      "Async Capable": false,
                                      "Relation Name": "customer",
                                      "Alias": "customer",
                                      "Startup Cost": 0.0,
                                      "Total Cost": 4682.5,
                                      "Plan Rows": 1113,
                                      "Plan Width": 33,
                                      "Actual Startup Time": 0.024,
                                      "Actual Total Time": 31.658,
                                      "Actual Rows": 2699,
                                      "Actual Loops": 1,
                                      "Filter": "((c_acctbal >= '9000'::numeric) AND (c_mktsegment = 'FURNITURE'::bpchar))",
                                      "Rows Removed by Filter": 147301,
                                      "Shared Hit Blocks": 3745,
                                      "Shared Read Blocks": 0,
                                      "Shared Dirtied Blocks": 0,
                                      "Shared Written Blocks": 0,
                                      "Local Hit Blocks": 0,
                                      "Local Read Blocks": 0,
                                      "Local Dirtied Blocks": 0,
                                      "Local Written Blocks": 0,
                                      "Temp Read Blocks": 0,
                                      "Temp Written Blocks": 0,
                                      "Workers": []
                                    }
                                  ]
                                }
                              ]
                            },
                            {
                              "Node Type": "Hash",
                              "Parent Relationship": "Inner",
                              "Parallel Aware": false,
                              "Async Capable": false,
                              "Startup Cost": 1.25,
                              "Total Cost": 1.25,
                              "Plan Rows": 25,
                              "Plan Width": 30,
                              "Actual Startup Time": 0.533,
                              "Actual Total Time": 0.534,
                              "Actual Rows": 25,
                              "Actual Loops": 3,
                              "Hash Buckets": 1024,
                              "Original Hash Buckets": 1024,
                              "Hash Batches": 1,
                              "Original Hash Batches": 1,
                              "Peak Memory Usage": 10,
                              "Shared Hit Blocks": 2,
                              "Shared Read Blocks": 1,
                              "Shared Dirtied Blocks": 0,
                              "Shared Written Blocks": 0,
                              "Local Hit Blocks": 0,
                              "Local Read Blocks": 0,
                              "Local Dirtied Blocks": 0,
                              "Local Written Blocks": 0,
                              "Temp Read Blocks": 0,
                              "Temp Written Blocks": 0,
                              "Workers": [],
                              "Plans": [
                                {
                                  "Node Type": "Seq Scan",
                                  "Parent Relationship": "Outer",
                                  "Parallel Aware": false,
                                  "Async Capable": false,
                                  "Relation Name": "nation",
                                  "Alias": "nation",
                                  "Startup Cost": 0.0,
                                  "Total Cost": 1.25,
                                  "Plan Rows": 25,
                                  "Plan Width": 30,
                                  "Actual Startup Time": 0.513,
                                  "Actual Total Time": 0.517,
                                  "Actual Rows": 25,
                                  "Actual Loops": 3,
                                  "Shared Hit Blocks": 2,
                                  "Shared Read Blocks": 1,
                                  "Shared Dirtied Blocks": 0,
                                  "Shared Written Blocks": 0,
                                  "Local Hit Blocks": 0,
                                  "Local Read Blocks": 0,
                                  "Local Dirtied Blocks": 0,
                                  "Local Written Blocks": 0,
                                  "Temp Read Blocks": 0,
                                  "Temp Written Blocks": 0,
                                  "Workers": []
                                }
                              ]
                            }
                          ]
                        }
                      ]
                    }
                  ]
                }
              ]
            }
          ]
        },
        {
          "Node Type": "Subquery Scan",
          "Parent Relationship": "Member",
          "Parallel Aware": false,
          "Async Capable": false,
          "Alias": "*SELECT* 2",
          "Startup Cost": 209310.79,
          "Total Cost": 210252.47,
          "Plan Rows": 62779,
          "Plan Width": 90,
          "Actual Startup Time": 1782.826,
          "Actual Total Time": 1789.172,
          "Actual Rows": 9661,
          "Actual Loops": 1,
          "Shared Hit Blocks": 7595,
          "Shared Read Blocks": 143082,
          "Shared Dirtied Blocks": 0,
          "Shared Written Blocks": 0,
          "Local Hit Blocks": 0,
          "Local Read Blocks": 0,
          "Local Dirtied Blocks": 0,
          "Local Written Blocks": 0,
          "Temp Read Blocks": 0,
          "Temp Written Blocks": 0,
          "Plans": [
            {
              "Node Type": "Sort",
              "Parent Relationship": "Subquery",
              "Parallel Aware": false,
              "Async Capable": false,
              "Startup Cost": 209310.79,
              "Total Cost": 209467.74,
              "Plan Rows": 62779,
              "Plan Width": 84,
              "Actual Startup Time": 1782.82,
              "Actual Total Time": 1785.202,
              "Actual Rows": 9661,
              "Actual Loops": 1,
              "Sort Key": [
                "(avg((lineitem.l_extendedprice * ('1'::numeric - lineitem.l_discount)))) DESC",
                "nation_1.n_name DESC",
                "supplier.s_name"
              ],
              "Sort Method": "quicksort",
              "Sort Space Used": 1157,
              "Sort Space Type": "Memory",
              "Shared Hit Blocks": 7595,
              "Shared Read Blocks": 143082,
              "Shared Dirtied Blocks": 0,
              "Shared Written Blocks": 0,
              "Local Hit Blocks": 0,
              "Local Read Blocks": 0,
              "Local Dirtied Blocks": 0,
              "Local Written Blocks": 0,
              "Temp Read Blocks": 0,
              "Temp Written Blocks": 0,
              "Plans": [
                {
                  "Node Type": "Aggregate",
                  "Strategy": "Sorted",
                  "Partial Mode": "Finalize",
                  "Parent Relationship": "Outer",
                  "Parallel Aware": false,
                  "Async Capable": false,
                  "Startup Cost": 193235.62,
                  "Total Cost": 201301.43,
                  "Plan Rows": 62779,
                  "Plan Width": 84,
                  "Actual Startup Time": 1706.455,
                  "Actual Total Time": 1777.626,
                  "Actual Rows": 9661,
                  "Actual Loops": 1,
                  "Group Key": [
                    "nation_1.n_name",
                    "supplier.s_name"
                  ],
                  "Shared Hit Blocks": 7595,
                  "Shared Read Blocks": 143082,
                  "Shared Dirtied Blocks": 0,
                  "Shared Written Blocks": 0,
                  "Local Hit Blocks": 0,
                  "Local Read Blocks": 0,
                  "Local Dirtied Blocks": 0,
                  "Local Written Blocks": 0,
                  "Temp Read Blocks": 0,
                  "Temp Written Blocks": 0,
                  "Plans": [
                    {
                      "Node Type": "Gather Merge",
                      "Parent Relationship": "Outer",
                      "Parallel Aware": false,
                      "Async Capable": false,
                      "Startup Cost": 193235.62,
                      "Total Cost": 199993.53,
                      "Plan Rows": 52316,
                      "Plan Width": 84,
                      "Actual Startup Time": 1706.418,
                      "Actual Total Time": 1753.493,
                      "Actual Rows": 21346,
                      "Actual Loops": 1,
                      "Workers Planned": 2,
                      "Workers Launched": 2,
                      "Shared Hit Blocks": 7595,
                      "Shared Read Blocks": 143082,
                      "Shared Dirtied Blocks": 0,
                      "Shared Written Blocks": 0,
                      "Local Hit Blocks": 0,
                      "Local Read Blocks": 0,
                      "Local Dirtied Blocks": 0,
                      "Local Written Blocks": 0,
                      "Temp Read Blocks": 0,
                      "Temp Written Blocks": 0,
                      "Plans": [
                        {
                          "Node Type": "Aggregate",
                          "Strategy": "Sorted",
                          "Partial Mode": "Partial",
                          "Parent Relationship": "Outer",
                          "Parallel Aware": false,
                          "Async Capable": false,
                          "Startup Cost": 192235.6,
                          "Total Cost": 192954.95,
                          "Plan Rows": 26158,
                          "Plan Width": 84,
                          "Actual Startup Time": 1656.425,
                          "Actual Total Time": 1673.068,
                          "Actual Rows": 7115,
                          "Actual Loops": 3,
                          "Group Key": [
                            "nation_1.n_name",
                            "supplier.s_name"
                          ],
                          "Shared Hit Blocks": 7595,
                          "Shared Read Blocks": 143082,
                          "Shared Dirtied Blocks": 0,
                          "Shared Written Blocks": 0,
                          "Local Hit Blocks": 0,
                          "Local Read Blocks": 0,
                          "Local Dirtied Blocks": 0,
                          "Local Written Blocks": 0,
                          "Temp Read Blocks": 0,
                          "Temp Written Blocks": 0,
                          "Workers": [],
                          "Plans": [
                            {
                              "Node Type": "Sort",
                              "Parent Relationship": "Outer",
                              "Parallel Aware": false,
                              "Async Capable": false,
                              "Startup Cost": 192235.6,
                              "Total Cost": 192301.0,
                              "Plan Rows": 26158,
                              "Plan Width": 64,
                              "Actual Startup Time": 1656.406,
                              "Actual Total Time": 1658.775,
                              "Actual Rows": 13062,
                              "Actual Loops": 3,
                              "Sort Key": [
                                "nation_1.n_name DESC",
                                "supplier.s_name"
                              ],
                              "Sort Method": "quicksort",
                              "Sort Space Used": 1361,
                              "Sort Space Type": "Memory",
                              "Shared Hit Blocks": 7595,
                              "Shared Read Blocks": 143082,
                              "Shared Dirtied Blocks": 0,
                              "Shared Written Blocks": 0,
                              "Local Hit Blocks": 0,
                              "Local Read Blocks": 0,
                              "Local Dirtied Blocks": 0,
                              "Local Written Blocks": 0,
                              "Temp Read Blocks": 0,
                              "Temp Written Blocks": 0,
                              "Workers": [
                                {
                                  "Worker Number": 0,
                                  "Sort Method": "quicksort",
                                  "Sort Space Used": 1541,
                                  "Sort Space Type": "Memory"
                                },
                                {
                                  "Worker Number": 1,
                                  "Sort Method": "quicksort",
                                  "Sort Space Used": 1427,
                                  "Sort Space Type": "Memory"
                                }
                              ],
                              "Plans": [
                                {
                                  "Node Type": "Hash Join",
                                  "Parent Relationship": "Outer",
                                  "Parallel Aware": false,
                                  "Async Capable": false,
                                  "Join Type": "Inner",
                                  "Startup Cost": 36846.34,
                                  "Total Cost": 190316.26,
                                  "Plan Rows": 26158,
                                  "Plan Width": 64,
                                  "Actual Startup Time": 214.43,
                                  "Actual Total Time": 1577.03,
                                  "Actual Rows": 13062,
                                  "Actual Loops": 3,
                                  "Inner Unique": true,
                                  "Hash Cond": "(nation_1.n_regionkey = region.r_regionkey)",
                                  "Shared Hit Blocks": 7475,
                                  "Shared Read Blocks": 143082,
                                  "Shared Dirtied Blocks": 0,
                                  "Shared Written Blocks": 0,
                                  "Local Hit Blocks": 0,
                                  "Local Read Blocks": 0,
                                  "Local Dirtied Blocks": 0,
                                  "Local Written Blocks": 0,
                                  "Temp Read Blocks": 0,
                                  "Temp Written Blocks": 0,
                                  "Workers": [],
                                  "Plans": [
                                    {
                                      "Node Type": "Hash Join",
                                      "Parent Relationship": "Outer",
                                      "Parallel Aware": false,
                                      "Async Capable": false,
                                      "Join Type": "Inner",
                                      "Startup Cost": 36845.22,
                                      "Total Cost": 190188.28,
                                      "Plan Rows": 26158,
                                      "Plan Width": 68,
                                      "Actual Startup Time": 213.972,
                                      "Actual Total Time": 1571.392,
                                      "Actual Rows": 13062,
                                      "Actual Loops": 3,
                                      "Inner Unique": true,
                                      "Hash Cond": "(supplier.s_nationkey = nation_1.n_nationkey)",
                                      "Shared Hit Blocks": 7445,
                                      "Shared Read Blocks": 143081,
                                      "Shared Dirtied Blocks": 0,
                                      "Shared Written Blocks": 0,
                                      "Local Hit Blocks": 0,
                                      "Local Read Blocks": 0,
                                      "Local Dirtied Blocks": 0,
                                      "Local Written Blocks": 0,
                                      "Temp Read Blocks": 0,
                                      "Temp Written Blocks": 0,
                                      "Workers": [],
                                      "Plans": [
                                        {
                                          "Node Type": "Hash Join",
                                          "Parent Relationship": "Outer",
                                          "Parallel Aware": false,
                                          "Async Capable": false,
                                          "Join Type": "Inner",
                                          "Startup Cost": 36843.66,
                                          "Total Cost": 190106.42,
                                          "Plan Rows": 26158,
                                          "Plan Width": 42,
                                          "Actual Startup Time": 213.545,
                                          "Actual Total Time": 1564.391,
                                          "Actual Rows": 13062,
                                          "Actual Loops": 3,
                                          "Inner Unique": true,
                                          "Hash Cond": "(lineitem.l_suppkey = supplier.s_suppkey)",
                                          "Join Filter": "(supplier.s_acctbal <= orders_1.o_totalprice)",
                                          "Rows Removed by Join Filter": 4212,
                                          "Shared Hit Blocks": 7442,
                                          "Shared Read Blocks": 143081,
                                          "Shared Dirtied Blocks": 0,
                                          "Shared Written Blocks": 0,
                                          "Local Hit Blocks": 0,
                                          "Local Read Blocks": 0,
                                          "Local Dirtied Blocks": 0,
                                          "Local Written Blocks": 0,
                                          "Temp Read Blocks": 0,
                                          "Temp Written Blocks": 0,
                                          "Workers": [],
                                          "Plans": [
                                            {
                                              "Node Type": "Hash Join",
                                              "Parent Relationship": "Outer",
                                              "Parallel Aware": true,
                                              "Async Capable": false,
                                              "Join Type": "Inner",
                                              "Startup Cost": 36395.66,
                                              "Total Cost": 189452.38,
                                              "Plan Rows": 78474,
                                              "Plan Width": 24,
                                              "Actual Startup Time": 207.535,
                                              "Actual Total Time": 1538.685,
                                              "Actual Rows": 17274,
                                              "Actual Loops": 3,
                                              "Inner Unique": true,
                                              "Hash Cond": "(lineitem.l_orderkey = orders_1.o_orderkey)",
                                              "Shared Hit Blocks": 6994,
                                              "Shared Read Blocks": 142860,
                                              "Shared Dirtied Blocks": 0,
                                              "Shared Written Blocks": 0,
                                              "Local Hit Blocks": 0,
                                              "Local Read Blocks": 0,
                                              "Local Dirtied Blocks": 0,
                                              "Local Written Blocks": 0,
                                              "Temp Read Blocks": 0,
                                              "Temp Written Blocks": 0,
                                              "Workers": [],
                                              "Plans": [
                                                {
                                                  "Node Type": "Seq Scan",
                                                  "Parent Relationship": "Outer",
                                                  "Parallel Aware": true,
                                                  "Async Capable": false,
                                                  "Relation Name": "lineitem",
                                                  "Alias": "lineitem",
                                                  "Startup Cost": 0.0,
                                                  "Total Cost": 146492.49,
                                                  "Plan Rows": 2500649,
                                                  "Plan Width": 24,
                                                  "Actual Startup Time": 0.864,
                                                  "Actual Total Time": 927.16,
                                                  "Actual Rows": 2000405,
                                                  "Actual Loops": 3,
                                                  "Shared Hit Blocks": 6667,
                                                  "Shared Read Blocks": 114819,
                                                  "Shared Dirtied Blocks": 0,
                                                  "Shared Written Blocks": 0,
                                                  "Local Hit Blocks": 0,
                                                  "Local Read Blocks": 0,
                                                  "Local Dirtied Blocks": 0,
                                                  "Local Written Blocks": 0,
                                                  "Temp Read Blocks": 0,
                                                  "Temp Written Blocks": 0,
                                                  "Workers": []
                                                },
                                                {
                                                  "Node Type": "Hash",
                                                  "Parent Relationship": "Inner",
                                                  "Parallel Aware": true,
                                                  "Async Capable": false,
                                                  "Startup Cost": 36150.5,
                                                  "Total Cost": 36150.5,
                                                  "Plan Rows": 19613,
                                                  "Plan Width": 16,
                                                  "Actual Startup Time": 206.086,
                                                  "Actual Total Time": 206.087,
                                                  "Actual Rows": 15802,
                                                  "Actual Loops": 3,
                                                  "Hash Buckets": 65536,
                                                  "Original Hash Buckets": 65536,
                                                  "Hash Batches": 1,
                                                  "Original Hash Batches": 1,
                                                  "Peak Memory Usage": 2912,
                                                  "Shared Hit Blocks": 298,
                                                  "Shared Read Blocks": 28040,
                                                  "Shared Dirtied Blocks": 0,
                                                  "Shared Written Blocks": 0,
                                                  "Local Hit Blocks": 0,
                                                  "Local Read Blocks": 0,
                                                  "Local Dirtied Blocks": 0,
                                                  "Local Written Blocks": 0,
                                                  "Temp Read Blocks": 0,
                                                  "Temp Written Blocks": 0,
                                                  "Workers": [],
                                                  "Plans": [
                                                    {
                                                      "Node Type": "Seq Scan",
                                                      "Parent Relationship": "Outer",
                                                      "Parallel Aware": true,
                                                      "Async Capable": false,
                                                      "Relation Name": "orders",
                                                      "Alias": "orders_1",
                                                      "Startup Cost": 0.0,
                                                      "Total Cost": 36150.5,
                                                      "Plan Rows": 19613,
                                                      "Plan Width": 16,
                                                      "Actual Startup Time": 0.558,
                                                      "Actual Total Time": 198.443,
                                                      "Actual Rows": 15802,
                                                      "Actual Loops": 3,
                                                      "Filter": "(o_totalprice <= '15000'::numeric)",
                                                      "Rows Removed by Filter": 484198,
                                                      "Shared Hit Blocks": 298,
                                                      "Shared Read Blocks": 28040,
                                                      "Shared Dirtied Blocks": 0,
                                                      "Shared Written Blocks": 0,
                                                      "Local Hit Blocks": 0,
                                                      "Local Read Blocks": 0,
                                                      "Local Dirtied Blocks": 0,
                                                      "Local Written Blocks": 0,
                                                      "Temp Read Blocks": 0,
                                                      "Temp Written Blocks": 0,
                                                      "Workers": []
                                                    }
                                                  ]
                                                }
                                              ]
                                            },
                                            {
                                              "Node Type": "Hash",
                                              "Parent Relationship": "Inner",
                                              "Parallel Aware": false,
                                              "Async Capable": false,
                                              "Startup Cost": 323.0,
                                              "Total Cost": 323.0,
                                              "Plan Rows": 10000,
                                              "Plan Width": 40,
                                              "Actual Startup Time": 5.852,
                                              "Actual Total Time": 5.853,
                                              "Actual Rows": 10000,
                                              "Actual Loops": 3,
                                              "Hash Buckets": 16384,
                                              "Original Hash Buckets": 16384,
                                              "Hash Batches": 1,
                                              "Original Hash Batches": 1,
                                              "Peak Memory Usage": 861,
                                              "Shared Hit Blocks": 448,
                                              "Shared Read Blocks": 221,
                                              "Shared Dirtied Blocks": 0,
                                              "Shared Written Blocks": 0,
                                              "Local Hit Blocks": 0,
                                              "Local Read Blocks": 0,
                                              "Local Dirtied Blocks": 0,
                                              "Local Written Blocks": 0,
                                              "Temp Read Blocks": 0,
                                              "Temp Written Blocks": 0,
                                              "Workers": [],
                                              "Plans": [
                                                {
                                                  "Node Type": "Seq Scan",
                                                  "Parent Relationship": "Outer",
                                                  "Parallel Aware": false,
                                                  "Async Capable": false,
                                                  "Relation Name": "supplier",
                                                  "Alias": "supplier",
                                                  "Startup Cost": 0.0,
                                                  "Total Cost": 323.0,
                                                  "Plan Rows": 10000,
                                                  "Plan Width": 40,
                                                  "Actual Startup Time": 0.433,
                                                  "Actual Total Time": 3.302,
                                                  "Actual Rows": 10000,
                                                  "Actual Loops": 3,
                                                  "Shared Hit Blocks": 448,
                                                  "Shared Read Blocks": 221,
                                                  "Shared Dirtied Blocks": 0,
                                                  "Shared Written Blocks": 0,
                                                  "Local Hit Blocks": 0,
                                                  "Local Read Blocks": 0,
                                                  "Local Dirtied Blocks": 0,
                                                  "Local Written Blocks": 0,
                                                  "Temp Read Blocks": 0,
                                                  "Temp Written Blocks": 0,
                                                  "Workers": []
                                                }
                                              ]
                                            }
                                          ]
                                        },
                                        {
                                          "Node Type": "Hash",
                                          "Parent Relationship": "Inner",
                                          "Parallel Aware": false,
                                          "Async Capable": false,
                                          "Startup Cost": 1.25,
                                          "Total Cost": 1.25,
                                          "Plan Rows": 25,
                                          "Plan Width": 34,
                                          "Actual Startup Time": 0.415,
                                          "Actual Total Time": 0.416,
                                          "Actual Rows": 25,
                                          "Actual Loops": 3,
                                          "Hash Buckets": 1024,
                                          "Original Hash Buckets": 1024,
                                          "Hash Batches": 1,
                                          "Original Hash Batches": 1,
                                          "Peak Memory Usage": 10,
                                          "Shared Hit Blocks": 3,
                                          "Shared Read Blocks": 0,
                                          "Shared Dirtied Blocks": 0,
                                          "Shared Written Blocks": 0,
                                          "Local Hit Blocks": 0,
                                          "Local Read Blocks": 0,
                                          "Local Dirtied Blocks": 0,
                                          "Local Written Blocks": 0,
                                          "Temp Read Blocks": 0,
                                          "Temp Written Blocks": 0,
                                          "Workers": [],
                                          "Plans": [
                                            {
                                              "Node Type": "Seq Scan",
                                              "Parent Relationship": "Outer",
                                              "Parallel Aware": false,
                                              "Async Capable": false,
                                              "Relation Name": "nation",
                                              "Alias": "nation_1",
                                              "Startup Cost": 0.0,
                                              "Total Cost": 1.25,
                                              "Plan Rows": 25,
                                              "Plan Width": 34,
                                              "Actual Startup Time": 0.397,
                                              "Actual Total Time": 0.401,
                                              "Actual Rows": 25,
                                              "Actual Loops": 3,
                                              "Shared Hit Blocks": 3,
                                              "Shared Read Blocks": 0,
                                              "Shared Dirtied Blocks": 0,
                                              "Shared Written Blocks": 0,
                                              "Local Hit Blocks": 0,
                                              "Local Read Blocks": 0,
                                              "Local Dirtied Blocks": 0,
                                              "Local Written Blocks": 0,
                                              "Temp Read Blocks": 0,
                                              "Temp Written Blocks": 0,
                                              "Workers": []
                                            }
                                          ]
                                        }
                                      ]
                                    },
                                    {
                                      "Node Type": "Hash",
                                      "Parent Relationship": "Inner",
                                      "Parallel Aware": false,
                                      "Async Capable": false,
                                      "Startup Cost": 1.05,
                                      "Total Cost": 1.05,
                                      "Plan Rows": 5,
                                      "Plan Width": 4,
                                      "Actual Startup Time": 0.413,
                                      "Actual Total Time": 0.413,
                                      "Actual Rows": 5,
                                      "Actual Loops": 3,
                                      "Hash Buckets": 1024,
                                      "Original Hash Buckets": 1024,
                                      "Hash Batches": 1,
                                      "Original Hash Batches": 1,
                                      "Peak Memory Usage": 9,
                                      "Shared Hit Blocks": 2,
                                      "Shared Read Blocks": 1,
                                      "Shared Dirtied Blocks": 0,
                                      "Shared Written Blocks": 0,
                                      "Local Hit Blocks": 0,
                                      "Local Read Blocks": 0,
                                      "Local Dirtied Blocks": 0,
                                      "Local Written Blocks": 0,
                                      "Temp Read Blocks": 0,
                                      "Temp Written Blocks": 0,
                                      "Workers": [],
                                      "Plans": [
                                        {
                                          "Node Type": "Seq Scan",
                                          "Parent Relationship": "Outer",
                                          "Parallel Aware": false,
                                          "Async Capable": false,
                                          "Relation Name": "region",
                                          "Alias": "region",
                                          "Startup Cost": 0.0,
                                          "Total Cost": 1.05,
                                          "Plan Rows": 5,
                                          "Plan Width": 4,
                                          "Actual Startup Time": 0.401,
                                          "Actual Total Time": 0.402,
                                          "Actual Rows": 5,
                                          "Actual Loops": 3,
                                          "Shared Hit Blocks": 2,
                                          "Shared Read Blocks": 1,
                                          "Shared Dirtied Blocks": 0,
                                          "Shared Written Blocks": 0,
                                          "Local Hit Blocks": 0,
                                          "Local Read Blocks": 0,
                                          "Local Dirtied Blocks": 0,
                                          "Local Written Blocks": 0,
                                          "Temp Read Blocks": 0,
                                          "Temp Written Blocks": 0,
                                          "Workers": []
                                        }
                                      ]
                                    }
                                  ]
                                }
                              ]
                            }
                          ]
                        }
                      ]
                    }
                  ]
                }
              ]
            }
          ]
        }
      ]
    },
    "Planning": {
      "Shared Hit Blocks": 24,
      "Shared Read Blocks": 18,
      "Shared Dirtied Blocks": 0,
      "Shared Written Blocks": 0,
      "Local Hit Blocks": 0,
      "Local Read Blocks": 0,
      "Local Dirtied Blocks": 0,
      "Local Written Blocks": 0,
      "Temp Read Blocks": 0,
      "Temp Written Blocks": 0
    },
    "Planning Time": 1.177,
    "Triggers": [],
    "Execution Time": 2101.099
  }
]