[
  {
    "Plan": {
      "Node Type": "Sort",
      "Parallel Aware": false,
      "Async Capable": false,
      "Startup Cost": 24812.0,
      "Total Cost": 24813.14,
      "Plan Rows": 457,
      "Plan Width": 44,
      "Actual Startup Time": 200.084,
      "Actual Total Time": 208.779,
      "Actual Rows": 264,
      "Actual Loops": 1,
      "Sort Key": [
        "(count(DISTINCT partsupp.ps_suppkey)) DESC",
        "part.p_type",
        "part.p_size"
      ],
      "Sort Method": "quicksort",
      "Sort Space Used": 41,
      "Sort Space Type": "Memory",
      "Shared Hit Blocks": 963,
      "Shared Read Blocks": 6280,
      "Shared Dirtied Blocks": 0,
      "Shared Written Blocks": 0,
      "Local Hit Blocks": 0,
      "Local Read Blocks": 0,
      "Local Dirtied Blocks": 0,
      "Local Written Blocks": 0,
      "Temp Read Blocks": 0,
      "Temp Written Blocks": 0,
      "Plans": [
        {
          "Node Type": "Aggregate",
          "Strategy": "Sorted",
          "Partial Mode": "Simple",
          "Parent Relationship": "Outer",
          "Parallel Aware": false,
          "Async Capable": false,
          "Startup Cost": 24670.46,
          "Total Cost": 24791.81,
          "Plan Rows": 457,
          "Plan Width": 44,
          "Actual Startup Time": 197.806,
          "Actual Total Time": 207.995,
          "Actual Rows": 264,
          "Actual Loops": 1,
          "Group Key": [
            "part.p_type",
            "part.p_size"
          ],
          "Shared Hit Blocks": 963,
          "Shared Read Blocks": 6280,
          "Shared Dirtied Blocks": 0,
          "Shared Written Blocks": 0,
          "Local Hit Blocks": 0,
          "Local Read Blocks": 0,
          "Local Dirtied Blocks": 0,
          "Local Written Blocks": 0,
          "Temp Read Blocks": 0,
          "Temp Written Blocks": 0,
          "Plans": [
            {
              "Node Type": "Gather Merge",
              "Parent Relationship": "Outer",
              "Parallel Aware": false,
              "Async Capable": false,
              "Startup Cost": 24670.46,
              "Total Cost": 24780.17,
              "Plan Rows": 942,
              "Plan Width": 40,
              "Actual Startup Time": 197.793,
              "Actual Total Time": 207.512,
              "Actual Rows": 1699,
              "Actual Loops": 1,
              "Workers Planned": 2,
              "Workers Launched": 2,
              "Shared Hit Blocks": 963,
              "Shared Read Blocks": 6280,
              "Shared Dirtied Blocks": 0,
              "Shared Written Blocks": 0,
              "Local Hit Blocks": 0,
              "Local Read Blocks": 0,
              "Local Dirtied Blocks": 0,
              "Local Written Blocks": 0,
              "Temp Read Blocks": 0,
              "Temp Written Blocks": 0,
              "Plans": [
                {
                  "Node Type": "Sort",
                  "Parent Relationship": "Outer",
                  "Parallel Aware": false,
                  "Async Capable": false,
                  "Startup Cost": 23670.44,
                  "Total Cost": 23671.42,
                  "Plan Rows": 392,
                  "Plan Width": 40,
                  "Actual Startup Time": 152.067,
                  "Actual Total Time": 152.103,
                  "Actual Rows": 566,
                  "Actual Loops": 3,
                  "Sort Key": [
                    "part.p_type",
                    "part.p_size",
                    "partsupp.ps_suppkey"
                  ],
                  "Sort Method": "quicksort",
                  "Sort Space Used": 59,
                  "Sort Space Type": "Memory",
                  "Shared Hit Blocks": 963,
                  "Shared Read Blocks": 6280,
                  "Shared Dirtied Blocks": 0,
                  "Shared Written Blocks": 0,
                  "Local Hit Blocks": 0,
                  "Local Read Blocks": 0,
                  "Local Dirtied Blocks": 0,
                  "Local Written Blocks": 0,
                  "Temp Read Blocks": 0,
                  "Temp Written Blocks": 0,
                  "Workers": [
                    {
                      "Worker Number": 0,
                      "Sort Method": "quicksort",
                      "Sort Space Used": 59,
                      "Sort Space Type": "Memory"
                    },
                    {
                      "Worker Number": 1,
                      "Sort Method": "quicksort",
                      "Sort Space Used": 58,
                      "Sort Space Type": "Memory"
                    }
                  ],
                  "Plans": [
                    {
                      "Node Type": "Hash Join",
                      "Parent Relationship": "Outer",
                      "Parallel Aware": true,
                      "Async Capable": false,
                      "Join Type": "Inner",
                      "Startup Cost": 6217.38,
                      "Total Cost": 23653.56,
                      "Plan Rows": 392,
                      "Plan Width": 40,
                      "Actual Startup Time": 36.648,
                      "Actual Total Time": 149.973,
                      "Actual Rows": 566,
                      "Actual Loops": 3,
                      "Inner Unique": true,
                      "Hash Cond": "(partsupp.ps_partkey = part.p_partkey)",
                      "Shared Hit Blocks": 934,
                      "Shared Read Blocks": 6279,
                      "Shared Dirtied Blocks": 0,
                      "Shared Written Blocks": 0,
                      "Local Hit Blocks": 0,
                      "Local Read Blocks": 0,
                      "Local Dirtied Blocks": 0,
                      "Local Written Blocks": 0,
                      "Temp Read Blocks": 0,
                      "Temp Written Blocks": 0,
                      "Workers": [],
                      "Plans": [
                        {
                          "Node Type": "Index Only Scan",
                          "Parent Relationship": "Outer",
                          "Parallel Aware": true,
                          "Async Capable": false,
                          "Scan Direction": "Forward",
                          "Index Name": "pk_partsupp",
                          "Relation Name": "partsupp",
                          "Alias": "partsupp",
                          "Startup Cost": 348.43,
                          "Total Cost": 17347.09,
                          "Plan Rows": 166667,
                          "Plan Width": 8,
                          "Actual Startup Time": 5.396,
                          "Actual Total Time": 87.066,
                          "Actual Rows": 266560,
                          "Actual Loops": 3,
                          "Filter": "(NOT (ANY (ps_suppkey = (hashed SubPlan 1).col1)))",
                          "Rows Removed by Filter": 107,
                          "Heap Fetches": 0,
                          "Shared Hit Blocks": 802,
                          "Shared Read Blocks": 2071,
                          "Shared Dirtied Blocks": 0,
                          "Shared Written Blocks": 0,
                          "Local Hit Blocks": 0,
                          "Local Read Blocks": 0,
                          "Local Dirtied Blocks": 0,
                          "Local Written Blocks": 0,
                          "Temp Read Blocks": 0,
                          "Temp Written Blocks": 0,
                          "Workers": [],
                          "Plans": [
                            {
                              "Node Type": "Seq Scan",
                              "Parent Relationship": "SubPlan",
                              "Subplan Name": "SubPlan 1",
                              "Parallel Aware": false,
                              "Async Capable": false,
                              "Relation Name": "supplier",
                              "Alias": "supplier",
                              "Startup Cost": 0.0,
                              "Total Cost": 348.0,
                              "Plan Rows": 1,
                              "Plan Width": 4,
                              "Actual Startup Time": 0.49,
                              "Actual Total Time": 3.635,
                              "Actual Rows": 4,
                              "Actual Loops": 3,
                              "Filter": "((s_comment)::text ~~ '%Customer%Complaints%'::text)",
                              "Rows Removed by Filter": 9996,
                              "Shared Hit Blocks": 669,
                              "Shared Read Blocks": 0,
                              "Shared Dirtied Blocks": 0,
                              "Shared Written Blocks": 0,
                              "Local Hit Blocks": 0,
                              "Local Read Blocks": 0,
                              "Local Dirtied Blocks": 0,
                              "Local Written Blocks": 0,
                              "Temp Read Blocks": 0,
                              "Temp Written Blocks": 0,
                              "Workers": []
                            }
                          ]
                        },
                        {
                          "Node Type": "Hash",
                          "Parent Relationship": "Inner",
                          "Parallel Aware": true,
                          "Async Capable": false,
                          "Startup Cost": 5866.5,
                          "Total Cost": 5866.5,
                          "Plan Rows": 196,
                          "Plan Width": 40,
                          "Actual Startup Time": 30.52,
                          "Actual Total Time": 30.521,
                          "Actual Rows": 142,
                          "Actual Loops": 3,
                          "Hash Buckets": 1024,
                          "Original Hash Buckets": 1024,
                          "Hash Batches": 1,
                          "Original Hash Batches": 1,
                          "Peak Memory Usage": 104,
                          "Shared Hit Blocks": 96,
                          "Shared Read Blocks": 4208,
                          "Shared Dirtied Blocks": 0,
                          "Shared Written Blocks": 0,
                          "Local Hit Blocks": 0,
                          "Local Read Blocks": 0,
                          "Local Dirtied Blocks": 0,
                          "Local Written Blocks": 0,
                          "Temp Read Blocks": 0,
                          "Temp Written Blocks": 0,
                          "Workers": [],
                          "Plans": [
                            {
                              "Node Type": "Seq Scan",
                              "Parent Relationship": "Outer",
                              "Parallel Aware": true,
                              "Async Capable": false,
                              "Relation Name": "part",
                              "Alias": "part",
                              "Startup Cost": 0.0,
                              "Total Cost": 5866.5,
                              "Plan Rows": 196,
                              "Plan Width": 40,
                              "Actual Startup Time": 0.612,
                              "Actual Total Time": 30.201,
                              "Actual Rows": 142,
                              "Actual Loops": 3,
                              "Filter": "(((p_type)::text !~~ 'MEDIUM POLISHED%'::text) AND (p_brand = 'Brand#23'::bpchar) AND (p_size = ANY ('{1,4,7}'::integer[])))",
                              "Rows Removed by Filter": 66525,
                              "Shared Hit Blocks": 96,
                              "Shared Read Blocks": 4208,
                              "Shared Dirtied Blocks": 0,
                              "Shared Written Blocks": 0,
                              "Local Hit Blocks": 0,
                              "Local Read Blocks": 0,
                              "Local Dirtied Blocks": 0,
                              "Local Written Blocks": 0,
                              "Temp Read Blocks": 0,
                              "Temp Written Blocks": 0,
                              "Workers": []
                            }
                          ]
                        }
                      ]
                    }
                  ]
                }
              ]
            }
          ]
        }
      ]
    },
    "Planning": {
      "Shared Hit Blocks": 10,
      "Shared Read Blocks": 8,
      "Shared Dirtied Blocks": 0,
      "Shared Written Blocks": 0,
      "Local Hit Blocks": 0,
      "Local Read Blocks": 0,
      "Local Dirtied Blocks": 0,
      "Local Written Blocks": 0,
      "Temp Read Blocks": 0,
      "Temp Written Blocks": 0
    },
    "Planning Time": 0.544,
    "Triggers": [],
    "Execution Time": 208.926
  }
]