[
  {
    "Plan": {
      "Node Type": "Aggregate",
      "Strategy": "Plain",
      "Partial Mode": "Simple",
      "Parallel Aware": false,
      "Async Capable": false,
      "Startup Cost": 573451.54,
      "Total Cost": 573451.55,
      "Plan Rows": 1,
      "Plan Width": 32,
      "Actual Startup Time": 5756.176,
      "Actual Total Time": 5756.58,
      "Actual Rows": 1,
      "Actual Loops": 1,
      "Shared Hit Blocks": 2293,
      "Shared Read Blocks": 245191,
      "Shared Dirtied Blocks": 0,
      "Shared Written Blocks": 0,
      "Local Hit Blocks": 0,
      "Local Read Blocks": 0,
      "Local Dirtied Blocks": 0,
      "Local Written Blocks": 0,
      "Temp Read Blocks": 34696,
      "Temp Written Blocks": 56443,
      "Plans": [
        {
          "Node Type": "Hash Join",
          "Parent Relationship": "Outer",
          "Parallel Aware": false,
          "Async Capable": false,
          "Join Type": "Inner",
          "Startup Cost": 418153.78,
          "Total Cost": 573446.44,
          "Plan Rows": 2039,
          "Plan Width": 8,
          "Actual Startup Time": 5036.413,
          "Actual Total Time": 5755.954,
          "Actual Rows": 1826,
          "Actual Loops": 1,
          "Inner Unique": true,
          "Hash Cond": "(p.p_partkey = lineitem.l_partkey)",
          "Join Filter": "(l.l_quantity < ((0.7 * avg(lineitem.l_quantity))))",
          "Rows Removed by Join Filter": 3398,
          "Shared Hit Blocks": 2293,
          "Shared Read Blocks": 245191,
          "Shared Dirtied Blocks": 0,
          "Shared Written Blocks": 0,
          "Local Hit Blocks": 0,
          "Local Read Blocks": 0,
          "Local Dirtied Blocks": 0,
          "Local Written Blocks": 0,
          "Temp Read Blocks": 34696,
          "Temp Written Blocks": 56443,
          "Plans": [
            {
              "Node Type": "Gather",
              "Parent Relationship": "Outer",
              "Parallel Aware": false,
              "Async Capable": false,
              "Startup Cost": 6555.1,
              "Total Cost": 160245.14,
              "Plan Rows": 6332,
              "Plan Width": 21,
              "Actual Startup Time": 68.789,
              "Actual Total Time": 762.014,
              "Actual Rows": 5224,
              "Actual Loops": 1,
              "Workers Planned": 2,
              "Workers Launched": 2,
              "Single Copy": false,
              "Shared Hit Blocks": 1250,
              "Shared Read Blocks": 124734,
              "Shared Dirtied Blocks": 0,
              "Shared Written Blocks": 0,
              "Local Hit Blocks": 0,
              "Local Read Blocks": 0,
              "Local Dirtied Blocks": 0,
              "Local Written Blocks": 0,
              "Temp Read Blocks": 0,
              "Temp Written Blocks": 0,
              "Plans": [
                {
                  "Node Type": "Hash Join",
                  "Parent Relationship": "Outer",
                  "Parallel Aware": true,
                  "Async Capable": false,
                  "Join Type": "Inner",
                  "Startup Cost": 5555.1,
                  "Total Cost": 158611.94,
                  "Plan Rows": 2638,
                  "Plan Width": 21,
                  "Actual Startup Time": 25.117,
                  "Actual Total Time": 1497.366,
                  "Actual Rows": 1741,
                  "Actual Loops": 3,
                  "Inner Unique": true,
                  "Hash Cond": "(l.l_partkey = p.p_partkey)",
                  "Shared Hit Blocks": 1250,
                  "Shared Read Blocks": 124734,
                  "Shared Dirtied Blocks": 0,
                  "Shared Written Blocks": 0,
                  "Local Hit Blocks": 0,
                  "Local Read Blocks": 0,
                  "Local Dirtied Blocks": 0,
                  "Local Written Blocks": 0,
                  "Temp Read Blocks": 0,
                  "Temp Written Blocks": 0,
                  "Workers": [],
                  "Plans": [
                    {
                      "Node Type": "Seq Scan",
                      "Parent Relationship": "Outer",
                      "Parallel Aware": true,
                      "Async Capable": false,
                      "Relation Name": "lineitem",
                      "Alias": "l",
                      "Startup Cost": 0.0,
                      "Total Cost": 146492.49,
                      "Plan Rows": 2500649,
                      "Plan Width": 17,
                      "Actual Startup Time": 0.783,
                      "Actual Total Time": 1158.81,
                      "Actual Rows": 2000405,
                      "Actual Loops": 3,
                      "Shared Hit Blocks": 874,
                      "Shared Read Blocks": 120612,
                      "Shared Dirtied Blocks": 0,
                      "Shared Written Blocks": 0,
                      "Local Hit Blocks": 0,
                      "Local Read Blocks": 0,
                      "Local Dirtied Blocks": 0,
                      "Local Written Blocks": 0,
                      "Temp Read Blocks": 0,
                      "Temp Written Blocks": 0,
                      "Workers": []
                    },
                    {
                      "Node Type": "Hash",
                      "Parent Relationship": "Inner",
                      "Parallel Aware": true,
                      "Async Capable": false,
                      "Startup Cost": 5554.0,
                      "Total Cost": 5554.0,
                      "Plan Rows": 88,
                      "Plan Width": 4,
                      "Actual Startup Time": 23.389,
                      "Actual Total Time": 23.39,
                      "Actual Rows": 58,
                      "Actual Loops": 3,
                      "Hash Buckets": 1024,
                      "Original Hash Buckets": 1024,
                      "Hash Batches": 1,
                      "Original Hash Batches": 1,
                      "Peak Memory Usage": 72,
                      "Shared Hit Blocks": 182,
                      "Shared Read Blocks": 4122,
                      "Shared Dirtied Blocks": 0,
                      "Shared Written Blocks": 0,
                      "Local Hit Blocks": 0,
                      "Local Read Blocks": 0,
                      "Local Dirtied Blocks": 0,
                      "Local Written Blocks": 0,
                      "Temp Read Blocks": 0,
                      "Temp Written Blocks": 0,
                      "Workers": [],
                      "Plans": [
                        {
                          "Node Type": "Seq Scan",
                          "Parent Relationship": "Outer",
                          "Parallel Aware": true,
                          "Async Capable": false,
                          "Relation Name": "part",
                          "Alias": "p",
                          "Startup Cost": 0.0,
                          "Total Cost": 5554.0,
                          "Plan Rows": 88,
                          "Plan Width": 4,
                          "Actual Startup Time": 0.71,
                          "Actual Total Time": 34.937,
                          "Actual Rows": 87,
                          "Actual Loops": 2,
                          "Filter": "((p_brand = 'Brand#53'::bpchar) AND (p_container = 'LG BOX'::bpchar))",
                          "Rows Removed by Filter": 99913,
                          "Shared Hit Blocks": 182,
                          "Shared Read Blocks": 4122,
                          "Shared Dirtied Blocks": 0,
                          "Shared Written Blocks": 0,
                          "Local Hit Blocks": 0,
                          "Local Read Blocks": 0,
                          "Local Dirtied Blocks": 0,
                          "Local Written Blocks": 0,
                          "Temp Read Blocks": 0,
                          "Temp Written Blocks": 0,
                          "Workers": []
                        }
                      ]
                    }
                  ]
                }
              ]
            },
            {
              "Node Type": "Hash",
              "Parent Relationship": "Inner",
              "Parallel Aware": false,
              "Async Capable": false,
              "Startup Cost": 407672.99,
              "Total Cost": 407672.99,
              "Plan Rows": 193255,
              "Plan Width": 36,
              "Actual Startup Time": 4963.054,
              "Actual Total Time": 4963.138,
              "Actual Rows": 200000,
              "Actual Loops": 1,
              "Hash Buckets": 131072,
              "Original Hash Buckets": 131072,
              "Hash Batches": 2,
              "Original Hash Batches": 2,
              "Peak Memory Usage": 5832,
              "Shared Hit Blocks": 1043,
              "Shared Read Blocks": 120457,
              "Shared Dirtied Blocks": 0,
              "Shared Written Blocks": 0,
              "Local Hit Blocks": 0,
              "Local Read Blocks": 0,
              "Local Dirtied Blocks": 0,
              "Local Written Blocks": 0,
              "Temp Read Blocks": 34226,
              "Temp Written Blocks": 56426,
              "Plans": [
                {
                  "Node Type": "Aggregate",
                  "Strategy": "Sorted",
                  "Partial Mode": "Finalize",
                  "Parent Relationship": "Outer",
                  "Parallel Aware": false,
                  "Async Capable": false,
                  "Startup Cost": 356779.36,
                  "Total Cost": 407672.99,
                  "Plan Rows": 193255,
                  "Plan Width": 36,
                  "Actual Startup Time": 4201.801,
                  "Actual Total Time": 4875.914,
                  "Actual Rows": 200000,
                  "Actual Loops": 1,
                  "Group Key": [
                    "lineitem.l_partkey"
                  ],
                  "Shared Hit Blocks": 1043,
                  "Shared Read Blocks": 120457,
                  "Shared Dirtied Blocks": 0,
                  "Shared Written Blocks": 0,
                  "Local Hit Blocks": 0,
                  "Local Read Blocks": 0,
                  "Local Dirtied Blocks": 0,
                  "Local Written Blocks": 0,
                  "Temp Read Blocks": 34226,
                  "Temp Written Blocks": 55973,
                  "Plans": [
                    {
                      "Node Type": "Gather Merge",
                      "Parent Relationship": "Outer",
                      "Parallel Aware": false,
                      "Async Capable": false,
                      "Startup Cost": 356779.36,
                      "Total Cost": 401875.34,
                      "Plan Rows": 386510,
                      "Plan Width": 36,
                      "Actual Startup Time": 4201.779,
                      "Actual Total Time": 4440.908,
                      "Actual Rows": 599968,
                      "Actual Loops": 1,
                      "Workers Planned": 2,
                      "Workers Launched": 2,
                      "Shared Hit Blocks": 1043,
                      "Shared Read Blocks": 120457,
                      "Shared Dirtied Blocks": 0,
                      "Shared Written Blocks": 0,
                      "Local Hit Blocks": 0,
                      "Local Read Blocks": 0,
                      "Local Dirtied Blocks": 0,
                      "Local Written Blocks": 0,
                      "Temp Read Blocks": 34226,
                      "Temp Written Blocks": 55973,
                      "Plans": [
                        {
                          "Node Type": "Sort",
                          "Parent Relationship": "Outer",
                          "Parallel Aware": false,
                          "Async Capable": false,
                          "Startup Cost": 355779.34,
                          "Total Cost": 356262.47,
                          "Plan Rows": 193255,
                          "Plan Width": 36,
                          "Actual Startup Time": 4101.441,
                          "Actual Total Time": 4152.405,
                          "Actual Rows": 199989,
                          "Actual Loops": 3,
                          "Sort Key": [
                            "lineitem.l_partkey"
                          ],
                          "Sort Method": "external merge",
                          "Sort Space Used": 15088,
                          "Sort Space Type": "Disk",
                          "Shared Hit Blocks": 1043,
                          "Shared Read Blocks": 120457,
                          "Shared Dirtied Blocks": 0,
                          "Shared Written Blocks": 0,
                          "Local Hit Blocks": 0,
                          "Local Read Blocks": 0,
                          "Local Dirtied Blocks": 0,
                          "Local Written Blocks": 0,
                          "Temp Read Blocks": 34226,
                          "Temp Written Blocks": 55973,
                          "Workers": [
                            {
                              "Worker Number": 0,
                              "Sort Method": "external merge",
                              "Sort Space Used": 15088,
                              "Sort Space Type": "Disk"
                            },
                            {
                              "Worker Number": 1,
                              "Sort Method": "external merge",
                              "Sort Space Used": 15088,
                              "Sort Space Type": "Disk"
                            }
                          ],
                          "Plans": [
                            {
                              "Node Type": "Aggregate",
                              "Strategy": "Hashed",
                              "Partial Mode": "Partial",
                              "Parent Relationship": "Outer",
                              "Parallel Aware": false,
                              "Async Capable": false,
                              "Startup Cost": 306690.32,
                              "Total Cost": 333526.41,
                              "Plan Rows": 193255,
                              "Plan Width": 36,
                              "Actual Startup Time": 2619.877,
                              "Actual Total Time": 3976.299,
                              "Actual Rows": 199989,
                              "Actual Loops": 3,
                              "Group Key": [
                                "lineitem.l_partkey"
                              ],
                              "Planned Partitions": 8,
                              "HashAgg Batches": 41,
                              "Peak Memory Usage": 8273,
                              "Disk Usage": 68104,
                              "Shared Hit Blocks": 1029,
                              "Shared Read Blocks": 120457,
                              "Shared Dirtied Blocks": 0,
                              "Shared Written Blocks": 0,
                              "Local Hit Blocks": 0,
                              "Local Read Blocks": 0,
                              "Local Dirtied Blocks": 0,
                              "Local Written Blocks": 0,
                              "Temp Read Blocks": 28568,
                              "Temp Written Blocks": 50300,
                              "Workers": [
                                {
                                  "Worker Number": 0,
                                  "HashAgg Batches": 41,
                                  "Peak Memory Usage": 8273,
                                  "Disk Usage": 66088
                                },
                                {
                                  "Worker Number": 1,
                                  "HashAgg Batches": 41,
                                  "Peak Memory Usage": 8273,
                                  "Disk Usage": 64720
                                }
                              ],
                              "Plans": [
                                {
                                  "Node Type": "Seq Scan",
                                  "Parent Relationship": "Outer",
                                  "Parallel Aware": true,
                                  "Async Capable": false,
                                  "Relation Name": "lineitem",
                                  "Alias": "lineitem",
                                  "Startup Cost": 0.0,
                                  "Total Cost": 146492.49,
                                  "Plan Rows": 2500649,
                                  "Plan Width": 9,
                                  "Actual Startup Time": 1.281,
                                  "Actual Total Time": 1144.298,
                                  "Actual Rows": 2000405,
                                  "Actual Loops": 3,
                                  "Shared Hit Blocks": 1029,
                                  "Shared Read Blocks": 120457,
                                  "Shared Dirtied Blocks": 0,
                                  "Shared Written Blocks": 0,
                                  "Local Hit Blocks": 0,
                                  "Local Read Blocks": 0,
                                  "Local Dirtied Blocks": 0,
                                  "Local Written Blocks": 0,
                                  "Temp Read Blocks": 0,
                                  "Temp Written Blocks": 0,
                                  "Workers": []
                                }
                              ]
                            }
                          ]
                        }
                      ]
                    }
                  ]
                }
              ]
            }
          ]
        }
      ]
    },
    "Planning": {
      "Shared Hit Blocks": 8,
      "Shared Read Blocks": 0,
      "Shared Dirtied Blocks": 0,
      "Shared Written Blocks": 0,
      "Local Hit Blocks": 0,
      "Local Read Blocks": 0,
      "Local Dirtied Blocks": 0,
      "Local Written Blocks": 0,
      "Temp Read Blocks": 0,
      "Temp Written Blocks": 0
    },
    "Planning Time": 0.382,
    "Triggers": [],
    "Execution Time": 5776.573
  }
]