{
  "Node Type": "Aggregate",
  "Strategy": "Sorted",
  "Partial Mode": "Finalize",
  "Parallel Aware": false,
  "Async Capable": false,
  "Startup Cost": 1000.43,
  "Total Cost": 208189.52,
  "Plan Rows": 1,
  "Plan Width": 27,
  "Plans": [
    {
      "Node Type": "Gather",
      "Parent Relationship": "Outer",
      "Parallel Aware": false,
      "Async Capable": false,
      "Startup Cost": 1000.43,
      "Total Cost": 208189.5,
      "Plan Rows": 2,
      "Plan Width": 27,
      "Workers Planned": 2,
      "Workers Launched": 2,
      "Single Copy": false,
      "Plans": [
        {
          "Node Type": "Aggregate",
          "Strategy": "Sorted",
          "Partial Mode": "Partial",
          "Parent Relationship": "Outer",
          "Parallel Aware": false,
          "Async Capable": false,
          "Startup Cost": 0.43,
          "Total Cost": 207189.3,
          "Plan Rows": 1,
          "Plan Width": 27,
          "Workers": [],
          "Plans": [
            {
              "Node Type": "Nested Loop",
              "Parent Relationship": "Outer",
              "Parallel Aware": false,
              "Async Capable": false,
              "Join Type": "Inner",
              "Startup Cost": 0.43,
              "Total Cost": 207095.87,
              "Plan Rows": 6228,
              "Plan Width": 27,
              "Inner Unique": true,
              "Workers": [],
              "Plans": [
                {
                  "Node Type": "Seq Scan",
                  "Parent Relationship": "Outer",
                  "Parallel Aware": true,
                  "Async Capable": false,
                  "Relation Name": "lineitem",
                  "Alias": "lineitem",
                  "Startup Cost": 0.0,
                  "Total Cost": 177750.61,
                  "Plan Rows": 6228,
                  "Plan Width": 19,
                  "Filter": "((l_commitdate < l_receiptdate) AND (l_shipdate < l_commitdate) AND (l_receiptdate >= '1995-01-01'::date) AND (l_receiptdate < '1996-01-01 00:00:00'::timestamp without time zone) AND (l_shipmode = 'MAIL'::bpchar))",
                  "Rows Removed by Filter": 1995274,
                  "Workers": []
                },
                {
                  "Node Type": "Index Scan",
                  "Parent Relationship": "Inner",
                  "Parallel Aware": false,
                  "Async Capable": false,
                  "Scan Direction": "Forward",
                  "Index Name": "pk_orders",
                  "Relation Name": "orders",
                  "Alias": "orders",
                  "Startup Cost": 0.43,
                  "Total Cost": 4.71,
                  "Plan Rows": 1,
                  "Plan Width": 24,
                  "Index Cond": "(o_orderkey = lineitem.l_orderkey)",
                  "Rows Removed by Index Recheck": 0,
                  "Workers": []
                }
              ]
            }
          ]
        }
      ]
    }
  ]
}