{
  "Node Type": "Sort",
  "Parallel Aware": false,
  "Async Capable": false,
  "Startup Cost": 212780.91,
  "Total Cost": 212880.91,
  "Plan Rows": 40000,
  "Plan Width": 20,
  "Sort Key": [
    "(count(*)) DESC",
    "orders.o_orderdate DESC"
  ],
  "Sort Method": "quicksort",
  "Sort Space Used": 368,
  "Sort Space Type": "Memory",
  "Plans": [
    {
      "Node Type": "Aggregate",
      "Strategy": "Hashed",
      "Partial Mode": "Simple",
      "Parent Relationship": "Outer",
      "Parallel Aware": false,
      "Async Capable": false,
      "Startup Cost": 209323.37,
      "Total Cost": 209723.37,
      "Plan Rows": 40000,
      "Plan Width": 20,
      "Group Key": [
        "orders.o_orderdate",
        "count(orders.o_orderkey)"
      ],
      "Planned Partitions": 0,
      "HashAgg Batches": 1,
      "Peak Memory Usage": 2065,
      "Disk Usage": 0,
      "Plans": [
        {
          "Node Type": "Aggregate",
          "Strategy": "Hashed",
          "Partial Mode": "Simple",
          "Parent Relationship": "Outer",
          "Parallel Aware": false,
          "Async Capable": false,
          "Startup Cost": 154554.19,
          "Total Cost": 183603.67,
          "Plan Rows": 1469697,
          "Plan Width": 16,
          "Group Key": [
            "customer.c_custkey",
            "orders.o_orderdate"
          ],
          "Planned Partitions": 32,
          "HashAgg Batches": 33,
          "Peak Memory Usage": 8209,
          "Disk Usage": 63088,
          "Plans": [
            {
              "Node Type": "Hash Join",
              "Parent Relationship": "Outer",
              "Parallel Aware": false,
              "Async Capable": false,
              "Join Type": "Right",
              "Startup Cost": 5781.42,
              "Total Cost": 56727.49,
              "Plan Rows": 1469697,
              "Plan Width": 16,
              "Inner Unique": true,
              "Hash Cond": "(orders.o_custkey = customer.c_custkey)",
              "Plans": [
                {
                  "Node Type": "Seq Scan",
                  "Parent Relationship": "Outer",
                  "Parallel Aware": false,
                  "Async Capable": false,
                  "Relation Name": "orders",
                  "Alias": "orders",
                  "Startup Cost": 0.0,
                  "Total Cost": 47088.0,
                  "Plan Rows": 1469697,
                  "Plan Width": 16,
                  "Filter": "((o_comment)::text !~~ '%special%requests%'::text)",
                  "Rows Removed by Filter": 16082
                },
                {
                  "Node Type": "Hash",
                  "Parent Relationship": "Inner",
                  "Parallel Aware": false,
                  "Async Capable": false,
                  "Startup Cost": 3906.42,
                  "Total Cost": 3906.42,
                  "Plan Rows": 150000,
                  "Plan Width": 4,
                  "Hash Buckets": 262144,
                  "Original Hash Buckets": 262144,
                  "Hash Batches": 1,
                  "Original Hash Batches": 1,
                  "Peak Memory Usage": 7322,
                  "Plans": [
                    {
                      "Node Type": "Index Only Scan",
                      "Parent Relationship": "Outer",
                      "Parallel Aware": false,
                      "Async Capable": false,
                      "Scan Direction": "Forward",
                      "Index Name": "pk_customer",
                      "Relation Name": "customer",
                      "Alias": "customer",
                      "Startup Cost": 0.42,
                      "Total Cost": 3906.42,
                      "Plan Rows": 150000,
                      "Plan Width": 4,
                      "Heap Fetches": 0
                    }
                  ]
                }
              ]
            }
          ]
        }
      ]
    }
  ]
}