[
  {
    "Plan": {
      "Node Type": "Aggregate",
      "Strategy": "Plain",
      "Partial Mode": "Finalize",
      "Parallel Aware": false,
      "Async Capable": false,
      "Startup Cost": 170004.57,
      "Total Cost": 170004.59,
      "Plan Rows": 1,
      "Plan Width": 32,
      "Actual Startup Time": 1548.663,
      "Actual Total Time": 1556.468,
      "Actual Rows": 1,
      "Actual Loops": 1,
      "Shared Hit Blocks": 569,
      "Shared Read Blocks": 125385,
      "Shared Dirtied Blocks": 0,
      "Shared Written Blocks": 0,
      "Local Hit Blocks": 0,
      "Local Read Blocks": 0,
      "Local Dirtied Blocks": 0,
      "Local Written Blocks": 0,
      "Temp Read Blocks": 0,
      "Temp Written Blocks": 0,
      "Plans": [
        {
          "Node Type": "Gather",
          "Parent Relationship": "Outer",
          "Parallel Aware": false,
          "Async Capable": false,
          "Startup Cost": 170004.34,
          "Total Cost": 170004.55,
          "Plan Rows": 2,
          "Plan Width": 64,
          "Actual Startup Time": 1547.295,
          "Actual Total Time": 1556.452,
          "Actual Rows": 3,
          "Actual Loops": 1,
          "Workers Planned": 2,
          "Workers Launched": 2,
          "Single Copy": false,
          "Shared Hit Blocks": 569,
          "Shared Read Blocks": 125385,
          "Shared Dirtied Blocks": 0,
          "Shared Written Blocks": 0,
          "Local Hit Blocks": 0,
          "Local Read Blocks": 0,
          "Local Dirtied Blocks": 0,
          "Local Written Blocks": 0,
          "Temp Read Blocks": 0,
          "Temp Written Blocks": 0,
          "Plans": [
            {
              "Node Type": "Aggregate",
              "Strategy": "Plain",
              "Partial Mode": "Partial",
              "Parent Relationship": "Outer",
              "Parallel Aware": false,
              "Async Capable": false,
              "Startup Cost": 169004.34,
              "Total Cost": 169004.35,
              "Plan Rows": 1,
              "Plan Width": 64,
              "Actual Startup Time": 1496.936,
              "Actual Total Time": 1496.938,
              "Actual Rows": 1,
              "Actual Loops": 3,
              "Shared Hit Blocks": 569,
              "Shared Read Blocks": 125385,
              "Shared Dirtied Blocks": 0,
              "Shared Written Blocks": 0,
              "Local Hit Blocks": 0,
              "Local Read Blocks": 0,
              "Local Dirtied Blocks": 0,
              "Local Written Blocks": 0,
              "Temp Read Blocks": 0,
              "Temp Written Blocks": 0,
              "Workers": [],
              "Plans": [
                {
                  "Node Type": "Hash Join",
                  "Parent Relationship": "Outer",
                  "Parallel Aware": true,
                  "Async Capable": false,
                  "Join Type": "Inner",
                  "Startup Cost": 6179.0,
                  "Total Cost": 165674.26,
                  "Plan Rows": 190290,
                  "Plan Width": 33,
                  "Actual Startup Time": 59.734,
                  "Actual Total Time": 1396.686,
                  "Actual Rows": 151411,
                  "Actual Loops": 3,
                  "Inner Unique": true,
                  "Hash Cond": "(lineitem.l_partkey = part.p_partkey)",
                  "Shared Hit Blocks": 569,
                  "Shared Read Blocks": 125385,
                  "Shared Dirtied Blocks": 0,
                  "Shared Written Blocks": 0,
                  "Local Hit Blocks": 0,
                  "Local Read Blocks": 0,
                  "Local Dirtied Blocks": 0,
                  "Local Written Blocks": 0,
                  "Temp Read Blocks": 0,
                  "Temp Written Blocks": 0,
                  "Workers": [],
                  "Plans": [
                    {
                      "Node Type": "Seq Scan",
                      "Parent Relationship": "Outer",
                      "Parallel Aware": true,
                      "Async Capable": false,
                      "Relation Name": "lineitem",
                      "Alias": "lineitem",
                      "Startup Cost": 0.0,
                      "Total Cost": 158995.74,
                      "Plan Rows": 190290,
                      "Plan Width": 16,
                      "Actual Startup Time": 0.889,
                      "Actual Total Time": 1223.292,
                      "Actual Rows": 151411,
                      "Actual Loops": 3,
                      "Filter": "((l_shipdate >= '1995-01-01'::date) AND (l_shipdate < '1995-07-01 00:00:00'::timestamp without time zone))",
                      "Rows Removed by Filter": 1848994,
                      "Shared Hit Blocks": 411,
                      "Shared Read Blocks": 121075,
                      "Shared Dirtied Blocks": 0,
                      "Shared Written Blocks": 0,
                      "Local Hit Blocks": 0,
                      "Local Read Blocks": 0,
                      "Local Dirtied Blocks": 0,
                      "Local Written Blocks": 0,
                      "Temp Read Blocks": 0,
                      "Temp Written Blocks": 0,
                      "Workers": []
                    },
                    {
                      "Node Type": "Hash",
                      "Parent Relationship": "Inner",
                      "Parallel Aware": true,
                      "Async Capable": false,
                      "Startup Cost": 5137.33,
                      "Total Cost": 5137.33,
                      "Plan Rows": 83333,
                      "Plan Width": 25,
                      "Actual Startup Time": 57.121,
                      "Actual Total Time": 57.121,
                      "Actual Rows": 66667,
                      "Actual Loops": 3,
                      "Hash Buckets": 262144,
                      "Original Hash Buckets": 262144,
                      "Hash Batches": 1,
                      "Original Hash Batches": 1,
                      "Peak Memory Usage": 14208,
                      "Shared Hit Blocks": 0,
                      "Shared Read Blocks": 4304,
                      "Shared Dirtied Blocks": 0,
                      "Shared Written Blocks": 0,
                      "Local Hit Blocks": 0,
                      "Local Read Blocks": 0,
                      "Local Dirtied Blocks": 0,
                      "Local Written Blocks": 0,
                      "Temp Read Blocks": 0,
                      "Temp Written Blocks": 0,
                      "Workers": [],
                      "Plans": [
                        {
                          "Node Type": "Seq Scan",
                          "Parent Relationship": "Outer",
                          "Parallel Aware": true,
                          "Async Capable": false,
                          "Relation Name": "part",
                          "Alias": "part",
                          "Startup Cost": 0.0,
                          "Total Cost": 5137.33,
                          "Plan Rows": 83333,
                          "Plan Width": 25,
                          "Actual Startup Time": 0.505,
                          "Actual Total Time": 30.331,
                          "Actual Rows": 66667,
                          "Actual Loops": 3,
                          "Shared Hit Blocks": 0,
                          "Shared Read Blocks": 4304,
                          "Shared Dirtied Blocks": 0,
                          "Shared Written Blocks": 0,
                          "Local Hit Blocks": 0,
                          "Local Read Blocks": 0,
                          "Local Dirtied Blocks": 0,
                          "Local Written Blocks": 0,
                          "Temp Read Blocks": 0,
                          "Temp Written Blocks": 0,
                          "Workers": []
                        }
                      ]
                    }
                  ]
                }
              ]
            }
          ]
        }
      ]
    },
    "Planning": {
      "Shared Hit Blocks": 2,
      "Shared Read Blocks": 6,
      "Shared Dirtied Blocks": 0,
      "Shared Written Blocks": 0,
      "Local Hit Blocks": 0,
      "Local Read Blocks": 0,
      "Local Dirtied Blocks": 0,
      "Local Written Blocks": 0,
      "Temp Read Blocks": 0,
      "Temp Written Blocks": 0
    },
    "Planning Time": 0.305,
    "Triggers": [],
    "Execution Time": 1556.513
  }
]