[
  {
    "Plan": {
      "Node Type": "Aggregate",
      "Strategy": "Sorted",
      "Partial Mode": "Finalize",
      "Parallel Aware": false,
      "Async Capable": false,
      "Startup Cost": 182583.42,
      "Total Cost": 182589.86,
      "Plan Rows": 48,
      "Plan Width": 90,
      "Actual Startup Time": 2900.559,
      "Actual Total Time": 2952.965,
      "Actual Rows": 175,
      "Actual Loops": 1,
      "Group Key": [
        "nation.n_name",
        "(EXTRACT(year FROM orders.o_orderdate))"
      ],
      "Shared Hit Blocks": 1366996,
      "Shared Read Blocks": 163988,
      "Shared Dirtied Blocks": 0,
      "Shared Written Blocks": 0,
      "Local Hit Blocks": 0,
      "Local Read Blocks": 0,
      "Local Dirtied Blocks": 0,
      "Local Written Blocks": 0,
      "Temp Read Blocks": 1043,
      "Temp Written Blocks": 1046,
      "Plans": [
        {
          "Node Type": "Gather Merge",
          "Parent Relationship": "Outer",
          "Parallel Aware": false,
          "Async Capable": false,
          "Startup Cost": 182583.42,
          "Total Cost": 182588.74,
          "Plan Rows": 40,
          "Plan Width": 90,
          "Actual Startup Time": 2900.209,
          "Actual Total Time": 2952.424,
          "Actual Rows": 525,
          "Actual Loops": 1,
          "Workers Planned": 2,
          "Workers Launched": 2,
          "Shared Hit Blocks": 1366996,
          "Shared Read Blocks": 163988,
          "Shared Dirtied Blocks": 0,
          "Shared Written Blocks": 0,
          "Local Hit Blocks": 0,
          "Local Read Blocks": 0,
          "Local Dirtied Blocks": 0,
          "Local Written Blocks": 0,
          "Temp Read Blocks": 1043,
          "Temp Written Blocks": 1046,
          "Plans": [
            {
              "Node Type": "Aggregate",
              "Strategy": "Sorted",
              "Partial Mode": "Partial",
              "Parent Relationship": "Outer",
              "Parallel Aware": false,
              "Async Capable": false,
              "Startup Cost": 181583.4,
              "Total Cost": 181584.1,
              "Plan Rows": 20,
              "Plan Width": 90,
              "Actual Startup Time": 2804.249,
              "Actual Total Time": 2855.334,
              "Actual Rows": 175,
              "Actual Loops": 3,
              "Group Key": [
                "nation.n_name",
                "(EXTRACT(year FROM orders.o_orderdate))"
              ],
              "Shared Hit Blocks": 1366996,
              "Shared Read Blocks": 163988,
              "Shared Dirtied Blocks": 0,
              "Shared Written Blocks": 0,
              "Local Hit Blocks": 0,
              "Local Read Blocks": 0,
              "Local Dirtied Blocks": 0,
              "Local Written Blocks": 0,
              "Temp Read Blocks": 1043,
              "Temp Written Blocks": 1046,
              "Workers": [],
              "Plans": [
                {
                  "Node Type": "Sort",
                  "Parent Relationship": "Outer",
                  "Parallel Aware": false,
                  "Async Capable": false,
                  "Startup Cost": 181583.4,
                  "Total Cost": 181583.45,
                  "Plan Rows": 20,
                  "Plan Width": 81,
                  "Actual Startup Time": 2804.045,
                  "Actual Total Time": 2816.838,
                  "Actual Rows": 42580,
                  "Actual Loops": 3,
                  "Sort Key": [
                    "nation.n_name",
                    "(EXTRACT(year FROM orders.o_orderdate)) DESC"
                  ],
                  "Sort Method": "external merge",
                  "Sort Space Used": 2696,
                  "Sort Space Type": "Disk",
                  "Shared Hit Blocks": 1366996,
                  "Shared Read Blocks": 163988,
                  "Shared Dirtied Blocks": 0,
                  "Shared Written Blocks": 0,
                  "Local Hit Blocks": 0,
                  "Local Read Blocks": 0,
                  "Local Dirtied Blocks": 0,
                  "Local Written Blocks": 0,
                  "Temp Read Blocks": 1043,
                  "Temp Written Blocks": 1046,
                  "Workers": [
                    {
                      "Worker Number": 0,
                      "Sort Method": "external merge",
                      "Sort Space Used": 2816,
                      "Sort Space Type": "Disk"
                    },
                    {
                      "Worker Number": 1,
                      "Sort Method": "external merge",
                      "Sort Space Used": 2832,
                      "Sort Space Type": "Disk"
                    }
                  ],
                  "Plans": [
                    {
                      "Node Type": "Hash Join",
                      "Parent Relationship": "Outer",
                      "Parallel Aware": false,
                      "Async Capable": false,
                      "Join Type": "Inner",
                      "Startup Cost": 5369.4,
                      "Total Cost": 181582.96,
                      "Plan Rows": 20,
                      "Plan Width": 81,
                      "Actual Startup Time": 32.136,
                      "Actual Total Time": 2688.874,
                      "Actual Rows": 42580,
                      "Actual Loops": 3,
                      "Inner Unique": true,
                      "Hash Cond": "(supplier.s_nationkey = nation.n_nationkey)",
                      "Shared Hit Blocks": 1366968,
                      "Shared Read Blocks": 163988,
                      "Shared Dirtied Blocks": 0,
                      "Shared Written Blocks": 0,
                      "Local Hit Blocks": 0,
                      "Local Read Blocks": 0,
                      "Local Dirtied Blocks": 0,
                      "Local Written Blocks": 0,
                      "Temp Read Blocks": 0,
                      "Temp Written Blocks": 0,
                      "Workers": [],
                      "Plans": [
                        {
                          "Node Type": "Nested Loop",
                          "Parent Relationship": "Outer",
                          "Parallel Aware": false,
                          "Async Capable": false,
                          "Join Type": "Inner",
                          "Startup Cost": 5367.84,
                          "Total Cost": 181581.29,
                          "Plan Rows": 20,
                          "Plan Width": 31,
                          "Actual Startup Time": 31.273,
                          "Actual Total Time": 2644.297,
                          "Actual Rows": 42580,
                          "Actual Loops": 3,
                          "Inner Unique": true,
                          "Shared Hit Blocks": 1366937,
                          "Shared Read Blocks": 163988,
                          "Shared Dirtied Blocks": 0,
                          "Shared Written Blocks": 0,
                          "Local Hit Blocks": 0,
                          "Local Read Blocks": 0,
                          "Local Dirtied Blocks": 0,
                          "Local Written Blocks": 0,
                          "Temp Read Blocks": 0,
                          "Temp Written Blocks": 0,
                          "Workers": [],
                          "Plans": [
                            {
                              "Node Type": "Nested Loop",
                              "Parent Relationship": "Outer",
                              "Parallel Aware": false,
                              "Async Capable": false,
                              "Join Type": "Inner",
                              "Startup Cost": 5367.41,
                              "Total Cost": 181571.96,
                              "Plan Rows": 20,
                              "Plan Width": 35,
                              "Actual Startup Time": 30.418,
                              "Actual Total Time": 2153.807,
                              "Actual Rows": 42580,
                              "Actual Loops": 3,
                              "Inner Unique": true,
                              "Shared Hit Blocks": 888036,
                              "Shared Read Blocks": 131931,
                              "Shared Dirtied Blocks": 0,
                              "Shared Written Blocks": 0,
                              "Local Hit Blocks": 0,
                              "Local Read Blocks": 0,
                              "Local Dirtied Blocks": 0,
                              "Local Written Blocks": 0,
                              "Temp Read Blocks": 0,
                              "Temp Written Blocks": 0,
                              "Workers": [],
                              "Plans": [
                                {
                                  "Node Type": "Nested Loop",
                                  "Parent Relationship": "Outer",
                                  "Parallel Aware": false,
                                  "Async Capable": false,
                                  "Join Type": "Inner",
                                  "Startup Cost": 5367.13,
                                  "Total Cost": 181565.9,
                                  "Plan Rows": 20,
                                  "Plan Width": 39,
                                  "Actual Startup Time": 30.211,
                                  "Actual Total Time": 1942.446,
                                  "Actual Rows": 42580,
                                  "Actual Loops": 3,
                                  "Inner Unique": true,
                                  "Shared Hit Blocks": 504844,
                                  "Shared Read Blocks": 131904,
                                  "Shared Dirtied Blocks": 0,
                                  "Shared Written Blocks": 0,
                                  "Local Hit Blocks": 0,
                                  "Local Read Blocks": 0,
                                  "Local Dirtied Blocks": 0,
                                  "Local Written Blocks": 0,
                                  "Temp Read Blocks": 0,
                                  "Temp Written Blocks": 0,
                                  "Workers": [],
                                  "Plans": [
                                    {
                                      "Node Type": "Hash Join",
                                      "Parent Relationship": "Outer",
                                      "Parallel Aware": true,
                                      "Async Capable": false,
                                      "Join Type": "Inner",
                                      "Startup Cost": 5366.7,
                                      "Total Cost": 158423.54,
                                      "Plan Rows": 50513,
                                      "Plan Width": 37,
                                      "Actual Startup Time": 29.075,
                                      "Actual Total Time": 1571.246,
                                      "Actual Rows": 42580,
                                      "Actual Loops": 3,
                                      "Inner Unique": true,
                                      "Hash Cond": "(lineitem.l_partkey = part.p_partkey)",
                                      "Shared Hit Blocks": 549,
                                      "Shared Read Blocks": 125241,
                                      "Shared Dirtied Blocks": 0,
                                      "Shared Written Blocks": 0,
                                      "Local Hit Blocks": 0,
                                      "Local Read Blocks": 0,
                                      "Local Dirtied Blocks": 0,
                                      "Local Written Blocks": 0,
                                      "Temp Read Blocks": 0,
                                      "Temp Written Blocks": 0,
                                      "Workers": [],
                                      "Plans": [
                                        {
                                          "Node Type": "Seq Scan",
                                          "Parent Relationship": "Outer",
                                          "Parallel Aware": true,
                                          "Async Capable": false,
                                          "Relation Name": "lineitem",
                                          "Alias": "lineitem",
                                          "Startup Cost": 0.0,
                                          "Total Cost": 146492.49,
                                          "Plan Rows": 2500649,
                                          "Plan Width": 33,
                                          "Actual Startup Time": 0.568,
                                          "Actual Total Time": 1080.456,
                                          "Actual Rows": 2000405,
                                          "Actual Loops": 3,
                                          "Shared Hit Blocks": 485,
                                          "Shared Read Blocks": 121001,
                                          "Shared Dirtied Blocks": 0,
                                          "Shared Written Blocks": 0,
                                          "Local Hit Blocks": 0,
                                          "Local Read Blocks": 0,
                                          "Local Dirtied Blocks": 0,
                                          "Local Written Blocks": 0,
                                          "Temp Read Blocks": 0,
                                          "Temp Written Blocks": 0,
                                          "Workers": []
                                        },
                                        {
                                          "Node Type": "Hash",
                                          "Parent Relationship": "Inner",
                                          "Parallel Aware": true,
                                          "Async Capable": false,
                                          "Startup Cost": 5345.67,
                                          "Total Cost": 5345.67,
                                          "Plan Rows": 1683,
                                          "Plan Width": 4,
                                          "Actual Startup Time": 28.35,
                                          "Actual Total Time": 28.351,
                                          "Actual Rows": 1417,
                                          "Actual Loops": 3,
                                          "Hash Buckets": 4096,
                                          "Original Hash Buckets": 4096,
                                          "Hash Batches": 1,
                                          "Original Hash Batches": 1,
                                          "Peak Memory Usage": 224,
                                          "Shared Hit Blocks": 64,
                                          "Shared Read Blocks": 4240,
                                          "Shared Dirtied Blocks": 0,
                                          "Shared Written Blocks": 0,
                                          "Local Hit Blocks": 0,
                                          "Local Read Blocks": 0,
                                          "Local Dirtied Blocks": 0,
                                          "Local Written Blocks": 0,
                                          "Temp Read Blocks": 0,
                                          "Temp Written Blocks": 0,
                                          "Workers": [],
                                          "Plans": [
                                            {
                                              "Node Type": "Seq Scan",
                                              "Parent Relationship": "Outer",
                                              "Parallel Aware": true,
                                              "Async Capable": false,
                                              "Relation Name": "part",
                                              "Alias": "part",
                                              "Startup Cost": 0.0,
                                              "Total Cost": 5345.67,
                                              "Plan Rows": 1683,
                                              "Plan Width": 4,
                                              "Actual Startup Time": 0.361,
                                              "Actual Total Time": 41.565,
                                              "Actual Rows": 2126,
                                              "Actual Loops": 2,
                                              "Filter": "((p_name)::text ~~ 'gr%'::text)",
                                              "Rows Removed by Filter": 97874,
                                              "Shared Hit Blocks": 64,
                                              "Shared Read Blocks": 4240,
                                              "Shared Dirtied Blocks": 0,
                                              "Shared Written Blocks": 0,
                                              "Local Hit Blocks": 0,
                                              "Local Read Blocks": 0,
                                              "Local Dirtied Blocks": 0,
                                              "Local Written Blocks": 0,
                                              "Temp Read Blocks": 0,
                                              "Temp Written Blocks": 0,
                                              "Workers": []
                                            }
                                          ]
                                        }
                                      ]
                                    },
                                    {
                                      "Node Type": "Index Scan",
                                      "Parent Relationship": "Inner",
                                      "Parallel Aware": false,
                                      "Async Capable": false,
                                      "Scan Direction": "Forward",
                                      "Index Name": "pk_partsupp",
                                      "Relation Name": "partsupp",
                                      "Alias": "partsupp",
                                      "Startup Cost": 0.42,
                                      "Total Cost": 0.46,
                                      "Plan Rows": 1,
                                      "Plan Width": 14,
                                      "Actual Startup Time": 0.008,
                                      "Actual Total Time": 0.008,
                                      "Actual Rows": 1,
                                      "Actual Loops": 127739,
                                      "Index Cond": "((ps_partkey = lineitem.l_partkey) AND (ps_suppkey = lineitem.l_suppkey))",
                                      "Rows Removed by Index Recheck": 0,
                                      "Shared Hit Blocks": 504295,
                                      "Shared Read Blocks": 6663,
                                      "Shared Dirtied Blocks": 0,
                                      "Shared Written Blocks": 0,
                                      "Local Hit Blocks": 0,
                                      "Local Read Blocks": 0,
                                      "Local Dirtied Blocks": 0,
                                      "Local Written Blocks": 0,
                                      "Temp Read Blocks": 0,
                                      "Temp Written Blocks": 0,
                                      "Workers": []
                                    }
                                  ]
                                },
                                {
                                  "Node Type": "Index Scan",
                                  "Parent Relationship": "Inner",
                                  "Parallel Aware": false,
                                  "Async Capable": false,
                                  "Scan Direction": "Forward",
                                  "Index Name": "pk_supplier",
                                  "Relation Name": "supplier",
                                  "Alias": "supplier",
                                  "Startup Cost": 0.29,
                                  "Total Cost": 0.3,
                                  "Plan Rows": 1,
                                  "Plan Width": 8,
                                  "Actual Startup Time": 0.004,
                                  "Actual Total Time": 0.004,
                                  "Actual Rows": 1,
                                  "Actual Loops": 127739,
                                  "Index Cond": "(s_suppkey = lineitem.l_suppkey)",
                                  "Rows Removed by Index Recheck": 0,
                                  "Shared Hit Blocks": 383192,
                                  "Shared Read Blocks": 27,
                                  "Shared Dirtied Blocks": 0,
                                  "Shared Written Blocks": 0,
                                  "Local Hit Blocks": 0,
                                  "Local Read Blocks": 0,
                                  "Local Dirtied Blocks": 0,
                                  "Local Written Blocks": 0,
                                  "Temp Read Blocks": 0,
                                  "Temp Written Blocks": 0,
                                  "Workers": []
                                }
                              ]
                            },
                            {
                              "Node Type": "Index Scan",
                              "Parent Relationship": "Inner",
                              "Parallel Aware": false,
                              "Async Capable": false,
                              "Scan Direction": "Forward",
                              "Index Name": "pk_orders",
                              "Relation Name": "orders",
                              "Alias": "orders",
                              "Startup Cost": 0.43,
                              "Total Cost": 0.47,
                              "Plan Rows": 1,
                              "Plan Width": 12,
                              "Actual Startup Time": 0.011,
                              "Actual Total Time": 0.011,
                              "Actual Rows": 1,
                              "Actual Loops": 127739,
                              "Index Cond": "(o_orderkey = lineitem.l_orderkey)",
                              "Rows Removed by Index Recheck": 0,
                              "Shared Hit Blocks": 478901,
                              "Shared Read Blocks": 32057,
                              "Shared Dirtied Blocks": 0,
                              "Shared Written Blocks": 0,
                              "Local Hit Blocks": 0,
                              "Local Read Blocks": 0,
                              "Local Dirtied Blocks": 0,
                              "Local Written Blocks": 0,
                              "Temp Read Blocks": 0,
                              "Temp Written Blocks": 0,
                              "Workers": []
                            }
                          ]
                        },
                        {
                          "Node Type": "Hash",
                          "Parent Relationship": "Inner",
                          "Parallel Aware": false,
                          "Async Capable": false,
                          "Startup Cost": 1.25,
                          "Total Cost": 1.25,
                          "Plan Rows": 25,
                          "Plan Width": 30,
                          "Actual Startup Time": 0.812,
                          "Actual Total Time": 0.813,
                          "Actual Rows": 25,
                          "Actual Loops": 3,
                          "Hash Buckets": 1024,
                          "Original Hash Buckets": 1024,
                          "Hash Batches": 1,
                          "Original Hash Batches": 1,
                          "Peak Memory Usage": 10,
                          "Shared Hit Blocks": 3,
                          "Shared Read Blocks": 0,
                          "Shared Dirtied Blocks": 0,
                          "Shared Written Blocks": 0,
                          "Local Hit Blocks": 0,
                          "Local Read Blocks": 0,
                          "Local Dirtied Blocks": 0,
                          "Local Written Blocks": 0,
                          "Temp Read Blocks": 0,
                          "Temp Written Blocks": 0,
                          "Workers": [],
                          "Plans": [
                            {
                              "Node Type": "Seq Scan",
                              "Parent Relationship": "Outer",
                              "Parallel Aware": false,
                              "Async Capable": false,
                              "Relation Name": "nation",
                              "Alias": "nation",
                              "Startup Cost": 0.0,
                              "Total Cost": 1.25,
                              "Plan Rows": 25,
                              "Plan Width": 30,
                              "Actual Startup Time": 0.789,
                              "Actual Total Time": 0.793,
                              "Actual Rows": 25,
                              "Actual Loops": 3,
                              "Shared Hit Blocks": 3,
                              "Shared Read Blocks": 0,
                              "Shared Dirtied Blocks": 0,
                              "Shared Written Blocks": 0,
                              "Local Hit Blocks": 0,
                              "Local Read Blocks": 0,
                              "Local Dirtied Blocks": 0,
                              "Local Written Blocks": 0,
                              "Temp Read Blocks": 0,
                              "Temp Written Blocks": 0,
                              "Workers": []
                            }
                          ]
                        }
                      ]
                    }
                  ]
                }
              ]
            }
          ]
        }
      ]
    },
    "Planning": {
      "Shared Hit Blocks": 58,
      "Shared Read Blocks": 6,
      "Shared Dirtied Blocks": 0,
      "Shared Written Blocks": 0,
      "Local Hit Blocks": 0,
      "Local Read Blocks": 0,
      "Local Dirtied Blocks": 0,
      "Local Written Blocks": 0,
      "Temp Read Blocks": 0,
      "Temp Written Blocks": 0
    },
    "Planning Time": 2.852,
    "Triggers": [],
    "Execution Time": 2955.316
  }
]