[
  {
    "Plan": {
      "Node Type": "Append",
      "Parallel Aware": false,
      "Async Capable": false,
      "Startup Cost": 0.84,
      "Total Cost": 2154.15,
      "Plan Rows": 12,
      "Plan Width": 36,
      "Actual Startup Time": 0.251,
      "Actual Total Time": 160.35,
      "Actual Rows": 12,
      "Actual Loops": 1,
      "Shared Hit Blocks": 29,
      "Shared Read Blocks": 17523,
      "Shared Dirtied Blocks": 0,
      "Shared Written Blocks": 0,
      "Local Hit Blocks": 0,
      "Local Read Blocks": 0,
      "Local Dirtied Blocks": 0,
      "Local Written Blocks": 0,
      "Temp Read Blocks": 0,
      "Temp Written Blocks": 0,
      "Subplans Removed": 0,
      "Plans": [
        {
          "Node Type": "Limit",
          "Parent Relationship": "Member",
          "Parallel Aware": false,
          "Async Capable": false,
          "Startup Cost": 0.84,
          "Total Cost": 85.28,
          "Plan Rows": 5,
          "Plan Width": 37,
          "Actual Startup Time": 0.251,
          "Actual Total Time": 0.749,
          "Actual Rows": 5,
          "Actual Loops": 1,
          "Shared Hit Blocks": 6,
          "Shared Read Blocks": 26,
          "Shared Dirtied Blocks": 0,
          "Shared Written Blocks": 0,
          "Local Hit Blocks": 0,
          "Local Read Blocks": 0,
          "Local Dirtied Blocks": 0,
          "Local Written Blocks": 0,
          "Temp Read Blocks": 0,
          "Temp Written Blocks": 0,
          "Plans": [
            {
              "Node Type": "Merge Join",
              "Parent Relationship": "Outer",
              "Parallel Aware": false,
              "Async Capable": false,
              "Join Type": "Inner",
              "Startup Cost": 0.84,
              "Total Cost": 73411.79,
              "Plan Rows": 4347,
              "Plan Width": 37,
              "Actual Startup Time": 0.249,
              "Actual Total Time": 0.746,
              "Actual Rows": 5,
              "Actual Loops": 1,
              "Inner Unique": false,
              "Merge Cond": "(part.p_partkey = partsupp.ps_partkey)",
              "Shared Hit Blocks": 6,
              "Shared Read Blocks": 26,
              "Shared Dirtied Blocks": 0,
              "Shared Written Blocks": 0,
              "Local Hit Blocks": 0,
              "Local Read Blocks": 0,
              "Local Dirtied Blocks": 0,
              "Local Written Blocks": 0,
              "Temp Read Blocks": 0,
              "Temp Written Blocks": 0,
              "Plans": [
                {
                  "Node Type": "Index Scan",
                  "Parent Relationship": "Outer",
                  "Parallel Aware": false,
                  "Async Capable": false,
                  "Scan Direction": "Forward",
                  "Index Name": "pk_part",
                  "Relation Name": "part",
                  "Alias": "part",
                  "Startup Cost": 0.42,
                  "Total Cost": 9512.52,
                  "Plan Rows": 200000,
                  "Plan Width": 37,
                  "Actual Startup Time": 0.092,
                  "Actual Total Time": 0.181,
                  "Actual Rows": 217,
                  "Actual Loops": 1,
                  "Shared Hit Blocks": 3,
                  "Shared Read Blocks": 5,
                  "Shared Dirtied Blocks": 0,
                  "Shared Written Blocks": 0,
                  "Local Hit Blocks": 0,
                  "Local Read Blocks": 0,
                  "Local Dirtied Blocks": 0,
                  "Local Written Blocks": 0,
                  "Temp Read Blocks": 0,
                  "Temp Written Blocks": 0
                },
                {
                  "Node Type": "Index Scan",
                  "Parent Relationship": "Inner",
                  "Parallel Aware": false,
                  "Async Capable": false,
                  "Scan Direction": "Forward",
                  "Index Name": "pk_partsupp",
                  "Relation Name": "partsupp",
                  "Alias": "partsupp",
                  "Startup Cost": 0.42,
                  "Total Cost": 63344.94,
                  "Plan Rows": 4347,
                  "Plan Width": 4,
                  "Actual Startup Time": 0.127,
                  "Actual Total Time": 0.536,
                  "Actual Rows": 5,
                  "Actual Loops": 1,
                  "Filter": "(ps_availqty < 50)",
                  "Rows Removed by Filter": 860,
                  "Shared Hit Blocks": 3,
                  "Shared Read Blocks": 21,
                  "Shared Dirtied Blocks": 0,
                  "Shared Written Blocks": 0,
                  "Local Hit Blocks": 0,
                  "Local Read Blocks": 0,
                  "Local Dirtied Blocks": 0,
                  "Local Written Blocks": 0,
                  "Temp Read Blocks": 0,
                  "Temp Written Blocks": 0
                }
              ]
            }
          ]
        },
        {
          "Node Type": "Subquery Scan",
          "Parent Relationship": "Member",
          "Parallel Aware": false,
          "Async Capable": false,
          "Alias": "*SELECT* 2",
          "Startup Cost": 1000.28,
          "Total Cost": 2068.81,
          "Plan Rows": 7,
          "Plan Width": 36,
          "Actual Startup Time": 53.417,
          "Actual Total Time": 159.594,
          "Actual Rows": 7,
          "Actual Loops": 1,
          "Shared Hit Blocks": 23,
          "Shared Read Blocks": 17497,
          "Shared Dirtied Blocks": 0,
          "Shared Written Blocks": 0,
          "Local Hit Blocks": 0,
          "Local Read Blocks": 0,
          "Local Dirtied Blocks": 0,
          "Local Written Blocks": 0,
          "Temp Read Blocks": 0,
          "Temp Written Blocks": 0,
          "Plans": [
            {
              "Node Type": "Limit",
              "Parent Relationship": "Subquery",
              "Parallel Aware": false,
              "Async Capable": false,
              "Startup Cost": 1000.28,
              "Total Cost": 2068.72,
              "Plan Rows": 7,
              "Plan Width": 30,
              "Actual Startup Time": 53.413,
              "Actual Total Time": 159.552,
              "Actual Rows": 7,
              "Actual Loops": 1,
              "Shared Hit Blocks": 23,
              "Shared Read Blocks": 17497,
              "Shared Dirtied Blocks": 0,
              "Shared Written Blocks": 0,
              "Local Hit Blocks": 0,
              "Local Read Blocks": 0,
              "Local Dirtied Blocks": 0,
              "Local Written Blocks": 0,
              "Temp Read Blocks": 0,
              "Temp Written Blocks": 0,
              "Plans": [
                {
                  "Node Type": "Nested Loop",
                  "Parent Relationship": "Outer",
                  "Parallel Aware": false,
                  "Async Capable": false,
                  "Join Type": "Inner",
                  "Startup Cost": 1000.28,
                  "Total Cost": 1338378.55,
                  "Plan Rows": 8762,
                  "Plan Width": 30,
                  "Actual Startup Time": 53.411,
                  "Actual Total Time": 159.546,
                  "Actual Rows": 7,
                  "Actual Loops": 1,
                  "Inner Unique": false,
                  "Join Filter": "(supplier.s_suppkey = partsupp_1.ps_suppkey)",
                  "Rows Removed by Join Filter": 76937,
                  "Shared Hit Blocks": 23,
                  "Shared Read Blocks": 17497,
                  "Shared Dirtied Blocks": 0,
                  "Shared Written Blocks": 0,
                  "Local Hit Blocks": 0,
                  "Local Read Blocks": 0,
                  "Local Dirtied Blocks": 0,
                  "Local Written Blocks": 0,
                  "Temp Read Blocks": 0,
                  "Temp Written Blocks": 0,
                  "Plans": [
                    {
                      "Node Type": "Index Scan",
                      "Parent Relationship": "Outer",
                      "Parallel Aware": false,
                      "Async Capable": false,
                      "Scan Direction": "Forward",
                      "Index Name": "pk_supplier",
                      "Relation Name": "supplier",
                      "Alias": "supplier",
                      "Startup Cost": 0.29,
                      "Total Cost": 496.78,
                      "Plan Rows": 10000,
                      "Plan Width": 30,
                      "Actual Startup Time": 0.041,
                      "Actual Total Time": 0.069,
                      "Actual Rows": 10,
                      "Actual Loops": 1,
                      "Shared Hit Blocks": 2,
                      "Shared Read Blocks": 1,
                      "Shared Dirtied Blocks": 0,
                      "Shared Written Blocks": 0,
                      "Local Hit Blocks": 0,
                      "Local Read Blocks": 0,
                      "Local Dirtied Blocks": 0,
                      "Local Written Blocks": 0,
                      "Temp Read Blocks": 0,
                      "Temp Written Blocks": 0
                    },
                    {
                      "Node Type": "Materialize",
                      "Parent Relationship": "Inner",
                      "Parallel Aware": false,
                      "Async Capable": false,
                      "Startup Cost": 1000.0,
                      "Total Cost": 23603.68,
                      "Plan Rows": 8762,
                      "Plan Width": 4,
                      "Actual Startup Time": 0.071,
                      "Actual Total Time": 15.158,
                      "Actual Rows": 7694,
                      "Actual Loops": 10,
                      "Shared Hit Blocks": 21,
                      "Shared Read Blocks": 17496,
                      "Shared Dirtied Blocks": 0,
                      "Shared Written Blocks": 0,
                      "Local Hit Blocks": 0,
                      "Local Read Blocks": 0,
                      "Local Dirtied Blocks": 0,
                      "Local Written Blocks": 0,
                      "Temp Read Blocks": 0,
                      "Temp Written Blocks": 0,
                      "Plans": [
                        {
                          "Node Type": "Gather",
                          "Parent Relationship": "Outer",
                          "Parallel Aware": false,
                          "Async Capable": false,
                          "Startup Cost": 1000.0,
                          "Total Cost": 23559.87,
                          "Plan Rows": 8762,
                          "Plan Width": 4,
                          "Actual Startup Time": 0.706,
                          "Actual Total Time": 145.904,
                          "Actual Rows": 8005,
                          "Actual Loops": 1,
                          "Workers Planned": 2,
                          "Workers Launched": 2,
                          "Single Copy": false,
                          "Shared Hit Blocks": 21,
                          "Shared Read Blocks": 17496,
                          "Shared Dirtied Blocks": 0,
                          "Shared Written Blocks": 0,
                          "Local Hit Blocks": 0,
                          "Local Read Blocks": 0,
                          "Local Dirtied Blocks": 0,
                          "Local Written Blocks": 0,
                          "Temp Read Blocks": 0,
                          "Temp Written Blocks": 0,
                          "Plans": [
                            {
                              "Node Type": "Seq Scan",
                              "Parent Relationship": "Outer",
                              "Parallel Aware": true,
                              "Async Capable": false,
                              "Relation Name": "partsupp",
                              "Alias": "partsupp_1",
                              "Startup Cost": 0.0,
                              "Total Cost": 21683.67,
                              "Plan Rows": 3651,
                              "Plan Width": 4,
                              "Actual Startup Time": 0.454,
                              "Actual Total Time": 96.752,
                              "Actual Rows": 2668,
                              "Actual Loops": 3,
                              "Filter": "(ps_availqty < 100)",
                              "Rows Removed by Filter": 263998,
                              "Shared Hit Blocks": 21,
                              "Shared Read Blocks": 17496,
                              "Shared Dirtied Blocks": 0,
                              "Shared Written Blocks": 0,
                              "Local Hit Blocks": 0,
                              "Local Read Blocks": 0,
                              "Local Dirtied Blocks": 0,
                              "Local Written Blocks": 0,
                              "Temp Read Blocks": 0,
                              "Temp Written Blocks": 0,
                              "Workers": []
                            }
                          ]
                        }
                      ]
                    }
                  ]
                }
              ]
            }
          ]
        }
      ]
    },
    "Planning": {
      "Shared Hit Blocks": 130,
      "Shared Read Blocks": 46,
      "Shared Dirtied Blocks": 0,
      "Shared Written Blocks": 0,
      "Local Hit Blocks": 0,
      "Local Read Blocks": 0,
      "Local Dirtied Blocks": 0,
      "Local Written Blocks": 0,
      "Temp Read Blocks": 0,
      "Temp Written Blocks": 0
    },
    "Planning Time": 11.981,
    "Triggers": [],
    "Execution Time": 160.581
  }
]