[
  {
    "Plan": {
      "Node Type": "Append",
      "Parallel Aware": false,
      "Async Capable": false,
      "Startup Cost": 1000.88,
      "Total Cost": 21092.57,
      "Plan Rows": 25,
      "Plan Width": 33,
      "Actual Startup Time": 1707.742,
      "Actual Total Time": 1721.931,
      "Actual Rows": 25,
      "Actual Loops": 1,
      "Shared Hit Blocks": 800960,
      "Shared Read Blocks": 27420,
      "Shared Dirtied Blocks": 0,
      "Shared Written Blocks": 0,
      "Local Hit Blocks": 0,
      "Local Read Blocks": 0,
      "Local Dirtied Blocks": 0,
      "Local Written Blocks": 0,
      "Temp Read Blocks": 0,
      "Temp Written Blocks": 0,
      "Subplans Removed": 0,
      "Plans": [
        {
          "Node Type": "Limit",
          "Parent Relationship": "Member",
          "Parallel Aware": false,
          "Async Capable": false,
          "Startup Cost": 1000.88,
          "Total Cost": 21087.6,
          "Plan Rows": 20,
          "Plan Width": 38,
          "Actual Startup Time": 1707.741,
          "Actual Total Time": 1721.794,
          "Actual Rows": 20,
          "Actual Loops": 1,
          "Shared Hit Blocks": 800959,
          "Shared Read Blocks": 27413,
          "Shared Dirtied Blocks": 0,
          "Shared Written Blocks": 0,
          "Local Hit Blocks": 0,
          "Local Read Blocks": 0,
          "Local Dirtied Blocks": 0,
          "Local Written Blocks": 0,
          "Temp Read Blocks": 0,
          "Temp Written Blocks": 0,
          "Plans": [
            {
              "Node Type": "Nested Loop",
              "Parent Relationship": "Outer",
              "Parallel Aware": false,
              "Async Capable": false,
              "Join Type": "Inner",
              "Startup Cost": 1000.88,
              "Total Cost": 115495.18,
              "Plan Rows": 114,
              "Plan Width": 38,
              "Actual Startup Time": 1707.74,
              "Actual Total Time": 1721.789,
              "Actual Rows": 20,
              "Actual Loops": 1,
              "Inner Unique": true,
              "Join Filter": "(nation.n_nationkey = customer.c_nationkey)",
              "Rows Removed by Join Filter": 187,
              "Shared Hit Blocks": 800959,
              "Shared Read Blocks": 27413,
              "Shared Dirtied Blocks": 0,
              "Shared Written Blocks": 0,
              "Local Hit Blocks": 0,
              "Local Read Blocks": 0,
              "Local Dirtied Blocks": 0,
              "Local Written Blocks": 0,
              "Temp Read Blocks": 0,
              "Temp Written Blocks": 0,
              "Plans": [
                {
                  "Node Type": "Gather Merge",
                  "Parent Relationship": "Outer",
                  "Parallel Aware": false,
                  "Async Capable": false,
                  "Startup Cost": 1000.88,
                  "Total Cost": 115452.84,
                  "Plan Rows": 114,
                  "Plan Width": 16,
                  "Actual Startup Time": 1707.684,
                  "Actual Total Time": 1721.7,
                  "Actual Rows": 20,
                  "Actual Loops": 1,
                  "Workers Planned": 2,
                  "Workers Launched": 2,
                  "Shared Hit Blocks": 800959,
                  "Shared Read Blocks": 27412,
                  "Shared Dirtied Blocks": 0,
                  "Shared Written Blocks": 0,
                  "Local Hit Blocks": 0,
                  "Local Read Blocks": 0,
                  "Local Dirtied Blocks": 0,
                  "Local Written Blocks": 0,
                  "Temp Read Blocks": 0,
                  "Temp Written Blocks": 0,
                  "Plans": [
                    {
                      "Node Type": "Nested Loop",
                      "Parent Relationship": "Outer",
                      "Parallel Aware": false,
                      "Async Capable": false,
                      "Join Type": "Inner",
                      "Startup Cost": 0.86,
                      "Total Cost": 114439.66,
                      "Plan Rows": 48,
                      "Plan Width": 16,
                      "Actual Startup Time": 34.071,
                      "Actual Total Time": 1071.01,
                      "Actual Rows": 270,
                      "Actual Loops": 3,
                      "Inner Unique": true,
                      "Shared Hit Blocks": 800959,
                      "Shared Read Blocks": 27412,
                      "Shared Dirtied Blocks": 0,
                      "Shared Written Blocks": 0,
                      "Local Hit Blocks": 0,
                      "Local Read Blocks": 0,
                      "Local Dirtied Blocks": 0,
                      "Local Written Blocks": 0,
                      "Temp Read Blocks": 0,
                      "Temp Written Blocks": 0,
                      "Workers": [],
                      "Plans": [
                        {
                          "Node Type": "Index Scan",
                          "Parent Relationship": "Outer",
                          "Parallel Aware": true,
                          "Async Capable": false,
                          "Scan Direction": "Forward",
                          "Index Name": "pk_orders",
                          "Relation Name": "orders",
                          "Alias": "orders",
                          "Startup Cost": 0.43,
                          "Total Cost": 60114.92,
                          "Plan Rows": 474207,
                          "Plan Width": 16,
                          "Actual Startup Time": 1.005,
                          "Actual Total Time": 438.859,
                          "Actual Rows": 379531,
                          "Actual Loops": 3,
                          "Filter": "(o_orderdate < '1997-01-01'::date)",
                          "Rows Removed by Filter": 120469,
                          "Shared Hit Blocks": 13245,
                          "Shared Read Blocks": 23316,
                          "Shared Dirtied Blocks": 0,
                          "Shared Written Blocks": 0,
                          "Local Hit Blocks": 0,
                          "Local Read Blocks": 0,
                          "Local Dirtied Blocks": 0,
                          "Local Written Blocks": 0,
                          "Temp Read Blocks": 0,
                          "Temp Written Blocks": 0,
                          "Workers": []
                        },
                        {
                          "Node Type": "Memoize",
                          "Parent Relationship": "Inner",
                          "Parallel Aware": false,
                          "Async Capable": false,
                          "Startup Cost": 0.43,
                          "Total Cost": 0.46,
                          "Plan Rows": 1,
                          "Plan Width": 8,
                          "Actual Startup Time": 0.001,
                          "Actual Total Time": 0.001,
                          "Actual Rows": 0,
                          "Actual Loops": 1138594,
                          "Cache Key": "orders.o_custkey",
                          "Cache Mode": "logical",
                          "Cache Hits": 1,
                          "Cache Misses": 278,
                          "Cache Evictions": 0,
                          "Cache Overflows": 0,
                          "Peak Memory Usage": 19,
                          "Shared Hit Blocks": 787714,
                          "Shared Read Blocks": 4096,
                          "Shared Dirtied Blocks": 0,
                          "Shared Written Blocks": 0,
                          "Local Hit Blocks": 0,
                          "Local Read Blocks": 0,
                          "Local Dirtied Blocks": 0,
                          "Local Written Blocks": 0,
                          "Temp Read Blocks": 0,
                          "Temp Written Blocks": 0,
                          "Workers": [
                            {
                              "Worker Number": 0,
                              "Cache Hits": 479445,
                              "Cache Misses": 98876,
                              "Cache Evictions": 0,
                              "Cache Overflows": 0,
                              "Peak Memory Usage": 6569
                            },
                            {
                              "Worker Number": 1,
                              "Cache Hits": 461196,
                              "Cache Misses": 98798,
                              "Cache Evictions": 0,
                              "Cache Overflows": 0,
                              "Peak Memory Usage": 6564
                            }
                          ],
                          "Plans": [
                            {
                              "Node Type": "Index Scan",
                              "Parent Relationship": "Outer",
                              "Parallel Aware": false,
                              "Async Capable": false,
                              "Scan Direction": "Forward",
                              "Index Name": "pk_customer",
                              "Relation Name": "customer",
                              "Alias": "customer",
                              "Startup Cost": 0.42,
                              "Total Cost": 0.45,
                              "Plan Rows": 1,
                              "Plan Width": 8,
                              "Actual Startup Time": 0.005,
                              "Actual Total Time": 0.005,
                              "Actual Rows": 0,
                              "Actual Loops": 197952,
                              "Index Cond": "(c_custkey = orders.o_custkey)",
                              "Rows Removed by Index Recheck": 0,
                              "Filter": "((c_name)::text ~~ '%0001248%'::text)",
                              "Rows Removed by Filter": 1,
                              "Shared Hit Blocks": 787714,
                              "Shared Read Blocks": 4096,
                              "Shared Dirtied Blocks": 0,
                              "Shared Written Blocks": 0,
                              "Local Hit Blocks": 0,
                              "Local Read Blocks": 0,
                              "Local Dirtied Blocks": 0,
                              "Local Written Blocks": 0,
                              "Temp Read Blocks": 0,
                              "Temp Written Blocks": 0,
                              "Workers": []
                            }
                          ]
                        }
                      ]
                    }
                  ]
                },
                {
                  "Node Type": "Materialize",
                  "Parent Relationship": "Inner",
                  "Parallel Aware": false,
                  "Async Capable": false,
                  "Startup Cost": 0.0,
                  "Total Cost": 1.38,
                  "Plan Rows": 25,
                  "Plan Width": 30,
                  "Actual Startup Time": 0.002,
                  "Actual Total Time": 0.003,
                  "Actual Rows": 10,
                  "Actual Loops": 20,
                  "Shared Hit Blocks": 0,
                  "Shared Read Blocks": 1,
                  "Shared Dirtied Blocks": 0,
                  "Shared Written Blocks": 0,
                  "Local Hit Blocks": 0,
                  "Local Read Blocks": 0,
                  "Local Dirtied Blocks": 0,
                  "Local Written Blocks": 0,
                  "Temp Read Blocks": 0,
                  "Temp Written Blocks": 0,
                  "Plans": [
                    {
                      "Node Type": "Seq Scan",
                      "Parent Relationship": "Outer",
                      "Parallel Aware": false,
                      "Async Capable": false,
                      "Relation Name": "nation",
                      "Alias": "nation",
                      "Startup Cost": 0.0,
                      "Total Cost": 1.25,
                      "Plan Rows": 25,
                      "Plan Width": 30,
                      "Actual Startup Time": 0.03,
                      "Actual Total Time": 0.034,
                      "Actual Rows": 23,
                      "Actual Loops": 1,
                      "Shared Hit Blocks": 0,
                      "Shared Read Blocks": 1,
                      "Shared Dirtied Blocks": 0,
                      "Shared Written Blocks": 0,
                      "Local Hit Blocks": 0,
                      "Local Read Blocks": 0,
                      "Local Dirtied Blocks": 0,
                      "Local Written Blocks": 0,
                      "Temp Read Blocks": 0,
                      "Temp Written Blocks": 0
                    }
                  ]
                }
              ]
            }
          ]
        },
        {
          "Node Type": "Limit",
          "Parent Relationship": "Member",
          "Parallel Aware": false,
          "Async Capable": false,
          "Startup Cost": 2.15,
          "Total Cost": 4.85,
          "Plan Rows": 5,
          "Plan Width": 14,
          "Actual Startup Time": 0.127,
          "Actual Total Time": 0.132,
          "Actual Rows": 5,
          "Actual Loops": 1,
          "Shared Hit Blocks": 1,
          "Shared Read Blocks": 7,
          "Shared Dirtied Blocks": 0,
          "Shared Written Blocks": 0,
          "Local Hit Blocks": 0,
          "Local Read Blocks": 0,
          "Local Dirtied Blocks": 0,
          "Local Written Blocks": 0,
          "Temp Read Blocks": 0,
          "Temp Written Blocks": 0,
          "Plans": [
            {
              "Node Type": "Merge Join",
              "Parent Relationship": "Outer",
              "Parallel Aware": false,
              "Async Capable": false,
              "Join Type": "Inner",
              "Startup Cost": 2.15,
              "Total Cost": 585365.74,
              "Plan Rows": 1083161,
              "Plan Width": 14,
              "Actual Startup Time": 0.125,
              "Actual Total Time": 0.129,
              "Actual Rows": 5,
              "Actual Loops": 1,
              "Inner Unique": true,
              "Merge Cond": "(lineitem.l_orderkey = orders_1.o_orderkey)",
              "Shared Hit Blocks": 1,
              "Shared Read Blocks": 7,
              "Shared Dirtied Blocks": 0,
              "Shared Written Blocks": 0,
              "Local Hit Blocks": 0,
              "Local Read Blocks": 0,
              "Local Dirtied Blocks": 0,
              "Local Written Blocks": 0,
              "Temp Read Blocks": 0,
              "Temp Written Blocks": 0,
              "Plans": [
                {
                  "Node Type": "Index Scan",
                  "Parent Relationship": "Outer",
                  "Parallel Aware": false,
                  "Async Capable": false,
                  "Scan Direction": "Forward",
                  "Index Name": "pk_lineitem",
                  "Relation Name": "lineitem",
                  "Alias": "lineitem",
                  "Startup Cost": 0.43,
                  "Total Cost": 493357.85,
                  "Plan Rows": 3616259,
                  "Plan Width": 12,
                  "Actual Startup Time": 0.071,
                  "Actual Total Time": 0.075,
                  "Actual Rows": 10,
                  "Actual Loops": 1,
                  "Filter": "((l_quantity > '20'::numeric) AND (l_extendedprice > '1000'::numeric))",
                  "Rows Removed by Filter": 3,
                  "Shared Hit Blocks": 0,
                  "Shared Read Blocks": 4,
                  "Shared Dirtied Blocks": 0,
                  "Shared Written Blocks": 0,
                  "Local Hit Blocks": 0,
                  "Local Read Blocks": 0,
                  "Local Dirtied Blocks": 0,
                  "Local Written Blocks": 0,
                  "Temp Read Blocks": 0,
                  "Temp Written Blocks": 0
                },
                {
                  "Node Type": "Index Scan",
                  "Parent Relationship": "Inner",
                  "Parallel Aware": false,
                  "Async Capable": false,
                  "Scan Direction": "Forward",
                  "Index Name": "pk_orders",
                  "Relation Name": "orders",
                  "Alias": "orders_1",
                  "Startup Cost": 0.43,
                  "Total Cost": 71052.42,
                  "Plan Rows": 449288,
                  "Plan Width": 10,
                  "Actual Startup Time": 0.047,
                  "Actual Total Time": 0.048,
                  "Actual Rows": 1,
                  "Actual Loops": 1,
                  "Filter": "(o_orderdate < '1994-01-01'::date)",
                  "Rows Removed by Filter": 2,
                  "Shared Hit Blocks": 1,
                  "Shared Read Blocks": 3,
                  "Shared Dirtied Blocks": 0,
                  "Shared Written Blocks": 0,
                  "Local Hit Blocks": 0,
                  "Local Read Blocks": 0,
                  "Local Dirtied Blocks": 0,
                  "Local Written Blocks": 0,
                  "Temp Read Blocks": 0,
                  "Temp Written Blocks": 0
                }
              ]
            }
          ]
        }
      ]
    },
    "Planning": {
      "Shared Hit Blocks": 50,
      "Shared Read Blocks": 20,
      "Shared Dirtied Blocks": 0,
      "Shared Written Blocks": 0,
      "Local Hit Blocks": 0,
      "Local Read Blocks": 0,
      "Local Dirtied Blocks": 0,
      "Local Written Blocks": 0,
      "Temp Read Blocks": 0,
      "Temp Written Blocks": 0
    },
    "Planning Time": 2.517,
    "Triggers": [],
    "Execution Time": 1722.311
  }
]