[
  {
    "Plan": {
      "Node Type": "Append",
      "Parallel Aware": false,
      "Async Capable": false,
      "Startup Cost": 227553.68,
      "Total Cost": 227910.81,
      "Plan Rows": 11,
      "Plan Width": 49,
      "Actual Startup Time": 3724.591,
      "Actual Total Time": 3894.932,
      "Actual Rows": 12,
      "Actual Loops": 1,
      "Shared Hit Blocks": 11721,
      "Shared Read Blocks": 138374,
      "Shared Dirtied Blocks": 0,
      "Shared Written Blocks": 0,
      "Local Hit Blocks": 0,
      "Local Read Blocks": 0,
      "Local Dirtied Blocks": 0,
      "Local Written Blocks": 0,
      "Temp Read Blocks": 34483,
      "Temp Written Blocks": 34552,
      "Subplans Removed": 0,
      "Plans": [
        {
          "Node Type": "Limit",
          "Parent Relationship": "Member",
          "Parallel Aware": false,
          "Async Capable": false,
          "Startup Cost": 227553.68,
          "Total Cost": 227553.7,
          "Plan Rows": 10,
          "Plan Width": 48,
          "Actual Startup Time": 3724.59,
          "Actual Total Time": 3872.481,
          "Actual Rows": 10,
          "Actual Loops": 1,
          "Shared Hit Blocks": 11718,
          "Shared Read Blocks": 138153,
          "Shared Dirtied Blocks": 0,
          "Shared Written Blocks": 0,
          "Local Hit Blocks": 0,
          "Local Read Blocks": 0,
          "Local Dirtied Blocks": 0,
          "Local Written Blocks": 0,
          "Temp Read Blocks": 34483,
          "Temp Written Blocks": 34552,
          "Plans": [
            {
              "Node Type": "Sort",
              "Parent Relationship": "Outer",
              "Parallel Aware": false,
              "Async Capable": false,
              "Startup Cost": 227553.68,
              "Total Cost": 227556.18,
              "Plan Rows": 1000,
              "Plan Width": 48,
              "Actual Startup Time": 3724.588,
              "Actual Total Time": 3872.477,
              "Actual Rows": 10,
              "Actual Loops": 1,
              "Sort Key": [
                "(avg(lineitem.l_extendedprice)) DESC"
              ],
              "Sort Method": "top-N heapsort",
              "Sort Space Used": 26,
              "Sort Space Type": "Memory",
              "Shared Hit Blocks": 11718,
              "Shared Read Blocks": 138153,
              "Shared Dirtied Blocks": 0,
              "Shared Written Blocks": 0,
              "Local Hit Blocks": 0,
              "Local Read Blocks": 0,
              "Local Dirtied Blocks": 0,
              "Local Written Blocks": 0,
              "Temp Read Blocks": 34483,
              "Temp Written Blocks": 34552,
              "Plans": [
                {
                  "Node Type": "Aggregate",
                  "Strategy": "Sorted",
                  "Partial Mode": "Finalize",
                  "Parent Relationship": "Outer",
                  "Parallel Aware": false,
                  "Async Capable": false,
                  "Startup Cost": 227271.22,
                  "Total Cost": 227532.07,
                  "Plan Rows": 1000,
                  "Plan Width": 48,
                  "Actual Startup Time": 3718.602,
                  "Actual Total Time": 3872.014,
                  "Actual Rows": 1000,
                  "Actual Loops": 1,
                  "Group Key": [
                    "orders.o_clerk"
                  ],
                  "Shared Hit Blocks": 11715,
                  "Shared Read Blocks": 138153,
                  "Shared Dirtied Blocks": 0,
                  "Shared Written Blocks": 0,
                  "Local Hit Blocks": 0,
                  "Local Read Blocks": 0,
                  "Local Dirtied Blocks": 0,
                  "Local Written Blocks": 0,
                  "Temp Read Blocks": 34483,
                  "Temp Written Blocks": 34552,
                  "Plans": [
                    {
                      "Node Type": "Gather Merge",
                      "Parent Relationship": "Outer",
                      "Parallel Aware": false,
                      "Async Capable": false,
                      "Startup Cost": 227271.22,
                      "Total Cost": 227504.57,
                      "Plan Rows": 2000,
                      "Plan Width": 48,
                      "Actual Startup Time": 3718.582,
                      "Actual Total Time": 3869.037,
                      "Actual Rows": 3000,
                      "Actual Loops": 1,
                      "Workers Planned": 2,
                      "Workers Launched": 2,
                      "Shared Hit Blocks": 11715,
                      "Shared Read Blocks": 138153,
                      "Shared Dirtied Blocks": 0,
                      "Shared Written Blocks": 0,
                      "Local Hit Blocks": 0,
                      "Local Read Blocks": 0,
                      "Local Dirtied Blocks": 0,
                      "Local Written Blocks": 0,
                      "Temp Read Blocks": 34483,
                      "Temp Written Blocks": 34552,
                      "Plans": [
                        {
                          "Node Type": "Sort",
                          "Parent Relationship": "Outer",
                          "Parallel Aware": false,
                          "Async Capable": false,
                          "Startup Cost": 226271.2,
                          "Total Cost": 226273.7,
                          "Plan Rows": 1000,
                          "Plan Width": 48,
                          "Actual Startup Time": 3652.657,
                          "Actual Total Time": 3652.771,
                          "Actual Rows": 1000,
                          "Actual Loops": 3,
                          "Sort Key": [
                            "orders.o_clerk"
                          ],
                          "Sort Method": "quicksort",
                          "Sort Space Used": 126,
                          "Sort Space Type": "Memory",
                          "Shared Hit Blocks": 11715,
                          "Shared Read Blocks": 138153,
                          "Shared Dirtied Blocks": 0,
                          "Shared Written Blocks": 0,
                          "Local Hit Blocks": 0,
                          "Local Read Blocks": 0,
                          "Local Dirtied Blocks": 0,
                          "Local Written Blocks": 0,
                          "Temp Read Blocks": 34483,
                          "Temp Written Blocks": 34552,
                          "Workers": [
                            {
                              "Worker Number": 0,
                              "Sort Method": "quicksort",
                              "Sort Space Used": 126,
                              "Sort Space Type": "Memory"
                            },
                            {
                              "Worker Number": 1,
                              "Sort Method": "quicksort",
                              "Sort Space Used": 126,
                              "Sort Space Type": "Memory"
                            }
                          ],
                          "Plans": [
                            {
                              "Node Type": "Aggregate",
                              "Strategy": "Hashed",
                              "Partial Mode": "Partial",
                              "Parent Relationship": "Outer",
                              "Parallel Aware": false,
                              "Async Capable": false,
                              "Startup Cost": 226208.87,
                              "Total Cost": 226221.37,
                              "Plan Rows": 1000,
                              "Plan Width": 48,
                              "Actual Startup Time": 3647.727,
                              "Actual Total Time": 3648.193,
                              "Actual Rows": 1000,
                              "Actual Loops": 3,
                              "Group Key": [
                                "orders.o_clerk"
                              ],
                              "Planned Partitions": 0,
                              "HashAgg Batches": 1,
                              "Peak Memory Usage": 577,
                              "Disk Usage": 0,
                              "Shared Hit Blocks": 11701,
                              "Shared Read Blocks": 138153,
                              "Shared Dirtied Blocks": 0,
                              "Shared Written Blocks": 0,
                              "Local Hit Blocks": 0,
                              "Local Read Blocks": 0,
                              "Local Dirtied Blocks": 0,
                              "Local Written Blocks": 0,
                              "Temp Read Blocks": 34483,
                              "Temp Written Blocks": 34552,
                              "Workers": [
                                {
                                  "Worker Number": 0,
                                  "HashAgg Batches": 1,
                                  "Peak Memory Usage": 577,
                                  "Disk Usage": 0
                                },
                                {
                                  "Worker Number": 1,
                                  "HashAgg Batches": 1,
                                  "Peak Memory Usage": 577,
                                  "Disk Usage": 0
                                }
                              ],
                              "Plans": [
                                {
                                  "Node Type": "Hash Join",
                                  "Parent Relationship": "Outer",
                                  "Parallel Aware": true,
                                  "Async Capable": false,
                                  "Join Type": "Inner",
                                  "Startup Cost": 41372.95,
                                  "Total Cost": 220518.67,
                                  "Plan Rows": 1138040,
                                  "Plan Width": 24,
                                  "Actual Startup Time": 2523.679,
                                  "Actual Total Time": 3298.335,
                                  "Actual Rows": 909742,
                                  "Actual Loops": 3,
                                  "Inner Unique": true,
                                  "Hash Cond": "(lineitem.l_orderkey = orders.o_orderkey)",
                                  "Shared Hit Blocks": 11701,
                                  "Shared Read Blocks": 138153,
                                  "Shared Dirtied Blocks": 0,
                                  "Shared Written Blocks": 0,
                                  "Local Hit Blocks": 0,
                                  "Local Read Blocks": 0,
                                  "Local Dirtied Blocks": 0,
                                  "Local Written Blocks": 0,
                                  "Temp Read Blocks": 34483,
                                  "Temp Written Blocks": 34552,
                                  "Workers": [],
                                  "Plans": [
                                    {
                                      "Node Type": "Seq Scan",
                                      "Parent Relationship": "Outer",
                                      "Parallel Aware": true,
                                      "Async Capable": false,
                                      "Relation Name": "lineitem",
                                      "Alias": "lineitem",
                                      "Startup Cost": 0.0,
                                      "Total Cost": 146492.49,
                                      "Plan Rows": 2500649,
                                      "Plan Width": 16,
                                      "Actual Startup Time": 0.245,
                                      "Actual Total Time": 1660.576,
                                      "Actual Rows": 2000405,
                                      "Actual Loops": 3,
                                      "Shared Hit Blocks": 1045,
                                      "Shared Read Blocks": 120441,
                                      "Shared Dirtied Blocks": 0,
                                      "Shared Written Blocks": 0,
                                      "Local Hit Blocks": 0,
                                      "Local Read Blocks": 0,
                                      "Local Dirtied Blocks": 0,
                                      "Local Written Blocks": 0,
                                      "Temp Read Blocks": 0,
                                      "Temp Written Blocks": 0,
                                      "Workers": []
                                    },
                                    {
                                      "Node Type": "Hash",
                                      "Parent Relationship": "Inner",
                                      "Parallel Aware": true,
                                      "Async Capable": false,
                                      "Startup Cost": 36150.5,
                                      "Total Cost": 36150.5,
                                      "Plan Rows": 284436,
                                      "Plan Width": 24,
                                      "Actual Startup Time": 278.79,
                                      "Actual Total Time": 278.791,
                                      "Actual Rows": 227314,
                                      "Actual Loops": 3,
                                      "Hash Buckets": 131072,
                                      "Original Hash Buckets": 131072,
                                      "Hash Batches": 8,
                                      "Original Hash Batches": 8,
                                      "Peak Memory Usage": 5728,
                                      "Shared Hit Blocks": 10637,
                                      "Shared Read Blocks": 17701,
                                      "Shared Dirtied Blocks": 0,
                                      "Shared Written Blocks": 0,
                                      "Local Hit Blocks": 0,
                                      "Local Read Blocks": 0,
                                      "Local Dirtied Blocks": 0,
                                      "Local Written Blocks": 0,
                                      "Temp Read Blocks": 0,
                                      "Temp Written Blocks": 3248,
                                      "Workers": [],
                                      "Plans": [
                                        {
                                          "Node Type": "Seq Scan",
                                          "Parent Relationship": "Outer",
                                          "Parallel Aware": true,
                                          "Async Capable": false,
                                          "Relation Name": "orders",
                                          "Alias": "orders",
                                          "Startup Cost": 0.0,
                                          "Total Cost": 36150.5,
                                          "Plan Rows": 284436,
                                          "Plan Width": 24,
                                          "Actual Startup Time": 0.47,
                                          "Actual Total Time": 196.272,
                                          "Actual Rows": 227314,
                                          "Actual Loops": 3,
                                          "Filter": "(o_orderdate <= '1995-01-01'::date)",
                                          "Rows Removed by Filter": 272686,
                                          "Shared Hit Blocks": 10637,
                                          "Shared Read Blocks": 17701,
                                          "Shared Dirtied Blocks": 0,
                                          "Shared Written Blocks": 0,
                                          "Local Hit Blocks": 0,
                                          "Local Read Blocks": 0,
                                          "Local Dirtied Blocks": 0,
                                          "Local Written Blocks": 0,
                                          "Temp Read Blocks": 0,
                                          "Temp Written Blocks": 0,
                                          "Workers": []
                                        }
                                      ]
                                    }
                                  ]
                                }
                              ]
                            }
                          ]
                        }
                      ]
                    }
                  ]
                }
              ]
            }
          ]
        },
        {
          "Node Type": "Limit",
          "Parent Relationship": "Member",
          "Parallel Aware": false,
          "Async Capable": false,
          "Startup Cost": 357.05,
          "Total Cost": 357.05,
          "Plan Rows": 1,
          "Plan Width": 58,
          "Actual Startup Time": 22.439,
          "Actual Total Time": 22.444,
          "Actual Rows": 2,
          "Actual Loops": 1,
          "Shared Hit Blocks": 3,
          "Shared Read Blocks": 221,
          "Shared Dirtied Blocks": 0,
          "Shared Written Blocks": 0,
          "Local Hit Blocks": 0,
          "Local Read Blocks": 0,
          "Local Dirtied Blocks": 0,
          "Local Written Blocks": 0,
          "Temp Read Blocks": 0,
          "Temp Written Blocks": 0,
          "Plans": [
            {
              "Node Type": "Sort",
              "Parent Relationship": "Outer",
              "Parallel Aware": false,
              "Async Capable": false,
              "Startup Cost": 357.05,
              "Total Cost": 357.05,
              "Plan Rows": 1,
              "Plan Width": 58,
              "Actual Startup Time": 22.437,
              "Actual Total Time": 22.442,
              "Actual Rows": 2,
              "Actual Loops": 1,
              "Sort Key": [
                "nation.n_name DESC"
              ],
              "Sort Method": "quicksort",
              "Sort Space Used": 25,
              "Sort Space Type": "Memory",
              "Shared Hit Blocks": 3,
              "Shared Read Blocks": 221,
              "Shared Dirtied Blocks": 0,
              "Shared Written Blocks": 0,
              "Local Hit Blocks": 0,
              "Local Read Blocks": 0,
              "Local Dirtied Blocks": 0,
              "Local Written Blocks": 0,
              "Temp Read Blocks": 0,
              "Temp Written Blocks": 0,
              "Plans": [
                {
                  "Node Type": "Aggregate",
                  "Strategy": "Hashed",
                  "Partial Mode": "Simple",
                  "Parent Relationship": "Outer",
                  "Parallel Aware": false,
                  "Async Capable": false,
                  "Startup Cost": 357.02,
                  "Total Cost": 357.04,
                  "Plan Rows": 1,
                  "Plan Width": 58,
                  "Actual Startup Time": 22.397,
                  "Actual Total Time": 22.402,
                  "Actual Rows": 2,
                  "Actual Loops": 1,
                  "Group Key": [
                    "nation.n_name"
                  ],
                  "Planned Partitions": 0,
                  "HashAgg Batches": 1,
                  "Peak Memory Usage": 24,
                  "Disk Usage": 0,
                  "Shared Hit Blocks": 3,
                  "Shared Read Blocks": 221,
                  "Shared Dirtied Blocks": 0,
                  "Shared Written Blocks": 0,
                  "Local Hit Blocks": 0,
                  "Local Read Blocks": 0,
                  "Local Dirtied Blocks": 0,
                  "Local Written Blocks": 0,
                  "Temp Read Blocks": 0,
                  "Temp Written Blocks": 0,
                  "Plans": [
                    {
                      "Node Type": "Hash Join",
                      "Parent Relationship": "Outer",
                      "Parallel Aware": false,
                      "Async Capable": false,
                      "Join Type": "Inner",
                      "Startup Cost": 1.32,
                      "Total Cost": 355.02,
                      "Plan Rows": 400,
                      "Plan Width": 32,
                      "Actual Startup Time": 0.124,
                      "Actual Total Time": 21.952,
                      "Actual Rows": 783,
                      "Actual Loops": 1,
                      "Inner Unique": true,
                      "Hash Cond": "(supplier.s_nationkey = nation.n_nationkey)",
                      "Shared Hit Blocks": 3,
                      "Shared Read Blocks": 221,
                      "Shared Dirtied Blocks": 0,
                      "Shared Written Blocks": 0,
                      "Local Hit Blocks": 0,
                      "Local Read Blocks": 0,
                      "Local Dirtied Blocks": 0,
                      "Local Written Blocks": 0,
                      "Temp Read Blocks": 0,
                      "Temp Written Blocks": 0,
                      "Plans": [
                        {
                          "Node Type": "Seq Scan",
                          "Parent Relationship": "Outer",
                          "Parallel Aware": false,
                          "Async Capable": false,
                          "Relation Name": "supplier",
                          "Alias": "supplier",
                          "Startup Cost": 0.0,
                          "Total Cost": 323.0,
                          "Plan Rows": 10000,
                          "Plan Width": 10,
                          "Actual Startup Time": 0.066,
                          "Actual Total Time": 20.081,
                          "Actual Rows": 10000,
                          "Actual Loops": 1,
                          "Shared Hit Blocks": 2,
                          "Shared Read Blocks": 221,
                          "Shared Dirtied Blocks": 0,
                          "Shared Written Blocks": 0,
                          "Local Hit Blocks": 0,
                          "Local Read Blocks": 0,
                          "Local Dirtied Blocks": 0,
                          "Local Written Blocks": 0,
                          "Temp Read Blocks": 0,
                          "Temp Written Blocks": 0
                        },
                        {
                          "Node Type": "Hash",
                          "Parent Relationship": "Inner",
                          "Parallel Aware": false,
                          "Async Capable": false,
                          "Startup Cost": 1.31,
                          "Total Cost": 1.31,
                          "Plan Rows": 1,
                          "Plan Width": 30,
                          "Actual Startup Time": 0.031,
                          "Actual Total Time": 0.032,
                          "Actual Rows": 2,
                          "Actual Loops": 1,
                          "Hash Buckets": 1024,
                          "Original Hash Buckets": 1024,
                          "Hash Batches": 1,
                          "Original Hash Batches": 1,
                          "Peak Memory Usage": 9,
                          "Shared Hit Blocks": 1,
                          "Shared Read Blocks": 0,
                          "Shared Dirtied Blocks": 0,
                          "Shared Written Blocks": 0,
                          "Local Hit Blocks": 0,
                          "Local Read Blocks": 0,
                          "Local Dirtied Blocks": 0,
                          "Local Written Blocks": 0,
                          "Temp Read Blocks": 0,
                          "Temp Written Blocks": 0,
                          "Plans": [
                            {
                              "Node Type": "Seq Scan",
                              "Parent Relationship": "Outer",
                              "Parallel Aware": false,
                              "Async Capable": false,
                              "Relation Name": "nation",
                              "Alias": "nation",
                              "Startup Cost": 0.0,
                              "Total Cost": 1.31,
                              "Plan Rows": 1,
                              "Plan Width": 30,
                              "Actual Startup Time": 0.025,
                              "Actual Total Time": 0.026,
                              "Actual Rows": 2,
                              "Actual Loops": 1,
                              "Filter": "(n_name ~~ '%UNITED%'::text)",
                              "Rows Removed by Filter": 23,
                              "Shared Hit Blocks": 1,
                              "Shared Read Blocks": 0,
                              "Shared Dirtied Blocks": 0,
                              "Shared Written Blocks": 0,
                              "Local Hit Blocks": 0,
                              "Local Read Blocks": 0,
                              "Local Dirtied Blocks": 0,
                              "Local Written Blocks": 0,
                              "Temp Read Blocks": 0,
                              "Temp Written Blocks": 0
                            }
                          ]
                        }
                      ]
                    }
                  ]
                }
              ]
            }
          ]
        }
      ]
    },
    "Planning": {
      "Shared Hit Blocks": 40,
      "Shared Read Blocks": 26,
      "Shared Dirtied Blocks": 0,
      "Shared Written Blocks": 0,
      "Local Hit Blocks": 0,
      "Local Read Blocks": 0,
      "Local Dirtied Blocks": 0,
      "Local Written Blocks": 0,
      "Temp Read Blocks": 0,
      "Temp Written Blocks": 0
    },
    "Planning Time": 0.885,
    "Triggers": [],
    "Execution Time": 3895.258
  }
]