[
  {
    "Plan": {
      "Node Type": "Append",
      "Parallel Aware": false,
      "Async Capable": false,
      "Startup Cost": 0.43,
      "Total Cost": 13030.04,
      "Plan Rows": 40,
      "Plan Width": 30,
      "Actual Startup Time": 0.022,
      "Actual Total Time": 162.005,
      "Actual Rows": 40,
      "Actual Loops": 1,
      "Shared Hit Blocks": 276,
      "Shared Read Blocks": 4343,
      "Shared Dirtied Blocks": 0,
      "Shared Written Blocks": 0,
      "Local Hit Blocks": 0,
      "Local Read Blocks": 0,
      "Local Dirtied Blocks": 0,
      "Local Written Blocks": 0,
      "Temp Read Blocks": 326,
      "Temp Written Blocks": 327,
      "Subplans Removed": 0,
      "Plans": [
        {
          "Node Type": "Limit",
          "Parent Relationship": "Member",
          "Parallel Aware": false,
          "Async Capable": false,
          "Startup Cost": 0.43,
          "Total Cost": 28.12,
          "Plan Rows": 20,
          "Plan Width": 20,
          "Actual Startup Time": 0.022,
          "Actual Total Time": 0.163,
          "Actual Rows": 20,
          "Actual Loops": 1,
          "Shared Hit Blocks": 4,
          "Shared Read Blocks": 5,
          "Shared Dirtied Blocks": 0,
          "Shared Written Blocks": 0,
          "Local Hit Blocks": 0,
          "Local Read Blocks": 0,
          "Local Dirtied Blocks": 0,
          "Local Written Blocks": 0,
          "Temp Read Blocks": 0,
          "Temp Written Blocks": 0,
          "Plans": [
            {
              "Node Type": "Index Scan",
              "Parent Relationship": "Outer",
              "Parallel Aware": false,
              "Async Capable": false,
              "Scan Direction": "Forward",
              "Index Name": "pk_lineitem",
              "Relation Name": "lineitem",
              "Alias": "lineitem",
              "Startup Cost": 0.43,
              "Total Cost": 508361.75,
              "Plan Rows": 367174,
              "Plan Width": 20,
              "Actual Startup Time": 0.02,
              "Actual Total Time": 0.159,
              "Actual Rows": 20,
              "Actual Loops": 1,
              "Filter": "((l_shipdate >= '1994-01-01'::date) AND (l_shipdate < '1995-01-01'::date) AND (l_quantity > '30'::numeric))",
              "Rows Removed by Filter": 231,
              "Shared Hit Blocks": 4,
              "Shared Read Blocks": 5,
              "Shared Dirtied Blocks": 0,
              "Shared Written Blocks": 0,
              "Local Hit Blocks": 0,
              "Local Read Blocks": 0,
              "Local Dirtied Blocks": 0,
              "Local Written Blocks": 0,
              "Temp Read Blocks": 0,
              "Temp Written Blocks": 0
            }
          ]
        },
        {
          "Node Type": "Subquery Scan",
          "Parent Relationship": "Member",
          "Parallel Aware": false,
          "Async Capable": false,
          "Alias": "*SELECT* 2",
          "Startup Cost": 12949.13,
          "Total Cost": 13001.71,
          "Plan Rows": 20,
          "Plan Width": 18,
          "Actual Startup Time": 153.449,
          "Actual Total Time": 161.834,
          "Actual Rows": 20,
          "Actual Loops": 1,
          "Shared Hit Blocks": 272,
          "Shared Read Blocks": 4338,
          "Shared Dirtied Blocks": 0,
          "Shared Written Blocks": 0,
          "Local Hit Blocks": 0,
          "Local Read Blocks": 0,
          "Local Dirtied Blocks": 0,
          "Local Written Blocks": 0,
          "Temp Read Blocks": 326,
          "Temp Written Blocks": 327,
          "Plans": [
            {
              "Node Type": "Limit",
              "Parent Relationship": "Subquery",
              "Parallel Aware": false,
              "Async Capable": false,
              "Startup Cost": 12949.13,
              "Total Cost": 13001.46,
              "Plan Rows": 20,
              "Plan Width": 14,
              "Actual Startup Time": 153.448,
              "Actual Total Time": 161.826,
              "Actual Rows": 20,
              "Actual Loops": 1,
              "Shared Hit Blocks": 272,
              "Shared Read Blocks": 4338,
              "Shared Dirtied Blocks": 0,
              "Shared Written Blocks": 0,
              "Local Hit Blocks": 0,
              "Local Read Blocks": 0,
              "Local Dirtied Blocks": 0,
              "Local Written Blocks": 0,
              "Temp Read Blocks": 326,
              "Temp Written Blocks": 327,
              "Plans": [
                {
                  "Node Type": "Nested Loop",
                  "Parent Relationship": "Outer",
                  "Parallel Aware": false,
                  "Async Capable": false,
                  "Join Type": "Inner",
                  "Startup Cost": 12949.13,
                  "Total Cost": 223192.74,
                  "Plan Rows": 80354,
                  "Plan Width": 14,
                  "Actual Startup Time": 153.447,
                  "Actual Total Time": 161.82,
                  "Actual Rows": 20,
                  "Actual Loops": 1,
                  "Inner Unique": true,
                  "Shared Hit Blocks": 272,
                  "Shared Read Blocks": 4338,
                  "Shared Dirtied Blocks": 0,
                  "Shared Written Blocks": 0,
                  "Local Hit Blocks": 0,
                  "Local Read Blocks": 0,
                  "Local Dirtied Blocks": 0,
                  "Local Written Blocks": 0,
                  "Temp Read Blocks": 326,
                  "Temp Written Blocks": 327,
                  "Plans": [
                    {
                      "Node Type": "Nested Loop",
                      "Parent Relationship": "Outer",
                      "Parallel Aware": false,
                      "Async Capable": false,
                      "Join Type": "Inner",
                      "Startup Cost": 12948.84,
                      "Total Cost": 218141.71,
                      "Plan Rows": 80354,
                      "Plan Width": 14,
                      "Actual Startup Time": 153.227,
                      "Actual Total Time": 161.343,
                      "Actual Rows": 20,
                      "Actual Loops": 1,
                      "Inner Unique": false,
                      "Shared Hit Blocks": 245,
                      "Shared Read Blocks": 4326,
                      "Shared Dirtied Blocks": 0,
                      "Shared Written Blocks": 0,
                      "Local Hit Blocks": 0,
                      "Local Read Blocks": 0,
                      "Local Dirtied Blocks": 0,
                      "Local Written Blocks": 0,
                      "Temp Read Blocks": 326,
                      "Temp Written Blocks": 327,
                      "Plans": [
                        {
                          "Node Type": "Gather Merge",
                          "Parent Relationship": "Outer",
                          "Parallel Aware": false,
                          "Async Capable": false,
                          "Startup Cost": 12948.41,
                          "Total Cost": 36241.71,
                          "Plan Rows": 200000,
                          "Plan Width": 10,
                          "Actual Startup Time": 153.164,
                          "Actual Total Time": 160.595,
                          "Actual Rows": 38,
                          "Actual Loops": 1,
                          "Workers Planned": 2,
                          "Workers Launched": 2,
                          "Shared Hit Blocks": 112,
                          "Shared Read Blocks": 4304,
                          "Shared Dirtied Blocks": 0,
                          "Shared Written Blocks": 0,
                          "Local Hit Blocks": 0,
                          "Local Read Blocks": 0,
                          "Local Dirtied Blocks": 0,
                          "Local Written Blocks": 0,
                          "Temp Read Blocks": 326,
                          "Temp Written Blocks": 327,
                          "Plans": [
                            {
                              "Node Type": "Sort",
                              "Parent Relationship": "Outer",
                              "Parallel Aware": false,
                              "Async Capable": false,
                              "Startup Cost": 11948.39,
                              "Total Cost": 12156.72,
                              "Plan Rows": 83333,
                              "Plan Width": 10,
                              "Actual Startup Time": 79.885,
                              "Actual Total Time": 79.956,
                              "Actual Rows": 1105,
                              "Actual Loops": 3,
                              "Sort Key": [
                                "part.p_retailprice"
                              ],
                              "Sort Method": "external merge",
                              "Sort Space Used": 2608,
                              "Sort Space Type": "Disk",
                              "Shared Hit Blocks": 112,
                              "Shared Read Blocks": 4304,
                              "Shared Dirtied Blocks": 0,
                              "Shared Written Blocks": 0,
                              "Local Hit Blocks": 0,
                              "Local Read Blocks": 0,
                              "Local Dirtied Blocks": 0,
                              "Local Written Blocks": 0,
                              "Temp Read Blocks": 326,
                              "Temp Written Blocks": 327,
                              "Workers": [
                                {
                                  "Worker Number": 0,
                                  "Sort Method": "quicksort",
                                  "Sort Space Used": 3081,
                                  "Sort Space Type": "Memory"
                                },
                                {
                                  "Worker Number": 1,
                                  "Sort Method": "quicksort",
                                  "Sort Space Used": 1705,
                                  "Sort Space Type": "Memory"
                                }
                              ],
                              "Plans": [
                                {
                                  "Node Type": "Seq Scan",
                                  "Parent Relationship": "Outer",
                                  "Parallel Aware": true,
                                  "Async Capable": false,
                                  "Relation Name": "part",
                                  "Alias": "part",
                                  "Startup Cost": 0.0,
                                  "Total Cost": 5137.33,
                                  "Plan Rows": 83333,
                                  "Plan Width": 10,
                                  "Actual Startup Time": 0.436,
                                  "Actual Total Time": 37.749,
                                  "Actual Rows": 66667,
                                  "Actual Loops": 3,
                                  "Shared Hit Blocks": 0,
                                  "Shared Read Blocks": 4304,
                                  "Shared Dirtied Blocks": 0,
                                  "Shared Written Blocks": 0,
                                  "Local Hit Blocks": 0,
                                  "Local Read Blocks": 0,
                                  "Local Dirtied Blocks": 0,
                                  "Local Written Blocks": 0,
                                  "Temp Read Blocks": 0,
                                  "Temp Written Blocks": 0,
                                  "Workers": []
                                }
                              ]
                            }
                          ]
                        },
                        {
                          "Node Type": "Index Scan",
                          "Parent Relationship": "Inner",
                          "Parallel Aware": false,
                          "Async Capable": false,
                          "Scan Direction": "Forward",
                          "Index Name": "pk_partsupp",
                          "Relation Name": "partsupp",
                          "Alias": "partsupp",
                          "Startup Cost": 0.42,
                          "Total Cost": 0.9,
                          "Plan Rows": 1,
                          "Plan Width": 8,
                          "Actual Startup Time": 0.018,
                          "Actual Total Time": 0.019,
                          "Actual Rows": 1,
                          "Actual Loops": 38,
                          "Index Cond": "(ps_partkey = part.p_partkey)",
                          "Rows Removed by Index Recheck": 0,
                          "Filter": "(ps_supplycost > '900'::numeric)",
                          "Rows Removed by Filter": 3,
                          "Shared Hit Blocks": 133,
                          "Shared Read Blocks": 22,
                          "Shared Dirtied Blocks": 0,
                          "Shared Written Blocks": 0,
                          "Local Hit Blocks": 0,
                          "Local Read Blocks": 0,
                          "Local Dirtied Blocks": 0,
                          "Local Written Blocks": 0,
                          "Temp Read Blocks": 0,
                          "Temp Written Blocks": 0
                        }
                      ]
                    },
                    {
                      "Node Type": "Memoize",
                      "Parent Relationship": "Inner",
                      "Parallel Aware": false,
                      "Async Capable": false,
                      "Startup Cost": 0.3,
                      "Total Cost": 0.31,
                      "Plan Rows": 1,
                      "Plan Width": 4,
                      "Actual Startup Time": 0.023,
                      "Actual Total Time": 0.023,
                      "Actual Rows": 1,
                      "Actual Loops": 20,
                      "Cache Key": "partsupp.ps_suppkey",
                      "Cache Mode": "logical",
                      "Cache Hits": 1,
                      "Cache Misses": 19,
                      "Cache Evictions": 0,
                      "Cache Overflows": 0,
                      "Peak Memory Usage": 2,
                      "Shared Hit Blocks": 27,
                      "Shared Read Blocks": 12,
                      "Shared Dirtied Blocks": 0,
                      "Shared Written Blocks": 0,
                      "Local Hit Blocks": 0,
                      "Local Read Blocks": 0,
                      "Local Dirtied Blocks": 0,
                      "Local Written Blocks": 0,
                      "Temp Read Blocks": 0,
                      "Temp Written Blocks": 0,
                      "Plans": [
                        {
                          "Node Type": "Index Only Scan",
                          "Parent Relationship": "Outer",
                          "Parallel Aware": false,
                          "Async Capable": false,
                          "Scan Direction": "Forward",
                          "Index Name": "pk_supplier",
                          "Relation Name": "supplier",
                          "Alias": "supplier",
                          "Startup Cost": 0.29,
                          "Total Cost": 0.3,
                          "Plan Rows": 1,
                          "Plan Width": 4,
                          "Actual Startup Time": 0.013,
                          "Actual Total Time": 0.013,
                          "Actual Rows": 1,
                          "Actual Loops": 19,
                          "Index Cond": "(s_suppkey = partsupp.ps_suppkey)",
                          "Rows Removed by Index Recheck": 0,
                          "Heap Fetches": 0,
                          "Shared Hit Blocks": 27,
                          "Shared Read Blocks": 12,
                          "Shared Dirtied Blocks": 0,
                          "Shared Written Blocks": 0,
                          "Local Hit Blocks": 0,
                          "Local Read Blocks": 0,
                          "Local Dirtied Blocks": 0,
                          "Local Written Blocks": 0,
                          "Temp Read Blocks": 0,
                          "Temp Written Blocks": 0
                        }
                      ]
                    }
                  ]
                }
              ]
            }
          ]
        }
      ]
    },
    "Planning": {
      "Shared Hit Blocks": 11,
      "Shared Read Blocks": 17,
      "Shared Dirtied Blocks": 0,
      "Shared Written Blocks": 0,
      "Local Hit Blocks": 0,
      "Local Read Blocks": 0,
      "Local Dirtied Blocks": 0,
      "Local Written Blocks": 0,
      "Temp Read Blocks": 0,
      "Temp Written Blocks": 0
    },
    "Planning Time": 0.779,
    "Triggers": [],
    "Execution Time": 164.155
  }
]