[
  {
    "Plan": {
      "Node Type": "Append",
      "Parallel Aware": false,
      "Async Capable": false,
      "Startup Cost": 112159.56,
      "Total Cost": 612538.93,
      "Plan Rows": 20,
      "Plan Width": 40,
      "Actual Startup Time": 1587.124,
      "Actual Total Time": 8236.251,
      "Actual Rows": 20,
      "Actual Loops": 1,
      "Shared Hit Blocks": 23258,
      "Shared Read Blocks": 155339,
      "Shared Dirtied Blocks": 0,
      "Shared Written Blocks": 0,
      "Local Hit Blocks": 0,
      "Local Read Blocks": 0,
      "Local Dirtied Blocks": 0,
      "Local Written Blocks": 0,
      "Temp Read Blocks": 54507,
      "Temp Written Blocks": 71725,
      "Subplans Removed": 0,
      "Plans": [
        {
          "Node Type": "Subquery Scan",
          "Parent Relationship": "Member",
          "Parallel Aware": false,
          "Async Capable": false,
          "Alias": "*SELECT* 1",
          "Startup Cost": 112159.56,
          "Total Cost": 112159.74,
          "Plan Rows": 10,
          "Plan Width": 40,
          "Actual Startup Time": 1587.122,
          "Actual Total Time": 1587.131,
          "Actual Rows": 10,
          "Actual Loops": 1,
          "Shared Hit Blocks": 11065,
          "Shared Read Blocks": 17686,
          "Shared Dirtied Blocks": 0,
          "Shared Written Blocks": 0,
          "Local Hit Blocks": 0,
          "Local Read Blocks": 0,
          "Local Dirtied Blocks": 0,
          "Local Written Blocks": 0,
          "Temp Read Blocks": 355,
          "Temp Written Blocks": 708,
          "Plans": [
            {
              "Node Type": "Limit",
              "Parent Relationship": "Subquery",
              "Parallel Aware": false,
              "Async Capable": false,
              "Startup Cost": 112159.56,
              "Total Cost": 112159.59,
              "Plan Rows": 10,
              "Plan Width": 12,
              "Actual Startup Time": 1587.119,
              "Actual Total Time": 1587.125,
              "Actual Rows": 10,
              "Actual Loops": 1,
              "Shared Hit Blocks": 11065,
              "Shared Read Blocks": 17686,
              "Shared Dirtied Blocks": 0,
              "Shared Written Blocks": 0,
              "Local Hit Blocks": 0,
              "Local Read Blocks": 0,
              "Local Dirtied Blocks": 0,
              "Local Written Blocks": 0,
              "Temp Read Blocks": 355,
              "Temp Written Blocks": 708,
              "Plans": [
                {
                  "Node Type": "Sort",
                  "Parent Relationship": "Outer",
                  "Parallel Aware": false,
                  "Async Capable": false,
                  "Startup Cost": 112159.56,
                  "Total Cost": 112534.56,
                  "Plan Rows": 150000,
                  "Plan Width": 12,
                  "Actual Startup Time": 1587.117,
                  "Actual Total Time": 1587.121,
                  "Actual Rows": 10,
                  "Actual Loops": 1,
                  "Sort Key": [
                    "(count(*))"
                  ],
                  "Sort Method": "top-N heapsort",
                  "Sort Space Used": 25,
                  "Sort Space Type": "Memory",
                  "Shared Hit Blocks": 11065,
                  "Shared Read Blocks": 17686,
                  "Shared Dirtied Blocks": 0,
                  "Shared Written Blocks": 0,
                  "Local Hit Blocks": 0,
                  "Local Read Blocks": 0,
                  "Local Dirtied Blocks": 0,
                  "Local Written Blocks": 0,
                  "Temp Read Blocks": 355,
                  "Temp Written Blocks": 708,
                  "Plans": [
                    {
                      "Node Type": "Aggregate",
                      "Strategy": "Hashed",
                      "Partial Mode": "Simple",
                      "Parent Relationship": "Outer",
                      "Parallel Aware": false,
                      "Async Capable": false,
                      "Startup Cost": 101027.69,
                      "Total Cost": 108918.12,
                      "Plan Rows": 150000,
                      "Plan Width": 12,
                      "Actual Startup Time": 1517.268,
                      "Actual Total Time": 1573.625,
                      "Actual Rows": 99806,
                      "Actual Loops": 1,
                      "Group Key": [
                        "customer.c_custkey"
                      ],
                      "Planned Partitions": 4,
                      "HashAgg Batches": 5,
                      "Peak Memory Usage": 8241,
                      "Disk Usage": 3576,
                      "Shared Hit Blocks": 11065,
                      "Shared Read Blocks": 17686,
                      "Shared Dirtied Blocks": 0,
                      "Shared Written Blocks": 0,
                      "Local Hit Blocks": 0,
                      "Local Read Blocks": 0,
                      "Local Dirtied Blocks": 0,
                      "Local Written Blocks": 0,
                      "Temp Read Blocks": 355,
                      "Temp Written Blocks": 708,
                      "Plans": [
                        {
                          "Node Type": "Hash Join",
                          "Parent Relationship": "Outer",
                          "Parallel Aware": false,
                          "Async Capable": false,
                          "Join Type": "Inner",
                          "Startup Cost": 5781.42,
                          "Total Cost": 55016.66,
                          "Plan Rows": 817974,
                          "Plan Width": 4,
                          "Actual Startup Time": 59.014,
                          "Actual Total Time": 1107.197,
                          "Actual Rows": 818669,
                          "Actual Loops": 1,
                          "Inner Unique": true,
                          "Hash Cond": "(orders.o_custkey = customer.c_custkey)",
                          "Shared Hit Blocks": 11065,
                          "Shared Read Blocks": 17686,
                          "Shared Dirtied Blocks": 0,
                          "Shared Written Blocks": 0,
                          "Local Hit Blocks": 0,
                          "Local Read Blocks": 0,
                          "Local Dirtied Blocks": 0,
                          "Local Written Blocks": 0,
                          "Temp Read Blocks": 0,
                          "Temp Written Blocks": 0,
                          "Plans": [
                            {
                              "Node Type": "Seq Scan",
                              "Parent Relationship": "Outer",
                              "Parallel Aware": false,
                              "Async Capable": false,
                              "Relation Name": "orders",
                              "Alias": "orders",
                              "Startup Cost": 0.0,
                              "Total Cost": 47088.0,
                              "Plan Rows": 817974,
                              "Plan Width": 4,
                              "Actual Startup Time": 0.025,
                              "Actual Total Time": 604.655,
                              "Actual Rows": 818669,
                              "Actual Loops": 1,
                              "Filter": "(o_orderdate >= '1995-01-01'::date)",
                              "Rows Removed by Filter": 681331,
                              "Shared Hit Blocks": 10652,
                              "Shared Read Blocks": 17686,
                              "Shared Dirtied Blocks": 0,
                              "Shared Written Blocks": 0,
                              "Local Hit Blocks": 0,
                              "Local Read Blocks": 0,
                              "Local Dirtied Blocks": 0,
                              "Local Written Blocks": 0,
                              "Temp Read Blocks": 0,
                              "Temp Written Blocks": 0
                            },
                            {
                              "Node Type": "Hash",
                              "Parent Relationship": "Inner",
                              "Parallel Aware": false,
                              "Async Capable": false,
                              "Startup Cost": 3906.42,
                              "Total Cost": 3906.42,
                              "Plan Rows": 150000,
                              "Plan Width": 4,
                              "Actual Startup Time": 58.352,
                              "Actual Total Time": 58.353,
                              "Actual Rows": 150000,
                              "Actual Loops": 1,
                              "Hash Buckets": 262144,
                              "Original Hash Buckets": 262144,
                              "Hash Batches": 1,
                              "Original Hash Batches": 1,
                              "Peak Memory Usage": 7322,
                              "Shared Hit Blocks": 413,
                              "Shared Read Blocks": 0,
                              "Shared Dirtied Blocks": 0,
                              "Shared Written Blocks": 0,
                              "Local Hit Blocks": 0,
                              "Local Read Blocks": 0,
                              "Local Dirtied Blocks": 0,
                              "Local Written Blocks": 0,
                              "Temp Read Blocks": 0,
                              "Temp Written Blocks": 0,
                              "Plans": [
                                {
                                  "Node Type": "Index Only Scan",
                                  "Parent Relationship": "Outer",
                                  "Parallel Aware": false,
                                  "Async Capable": false,
                                  "Scan Direction": "Forward",
                                  "Index Name": "pk_customer",
                                  "Relation Name": "customer",
                                  "Alias": "customer",
                                  "Startup Cost": 0.42,
                                  "Total Cost": 3906.42,
                                  "Plan Rows": 150000,
                                  "Plan Width": 4,
                                  "Actual Startup Time": 0.027,
                                  "Actual Total Time": 19.489,
                                  "Actual Rows": 150000,
                                  "Actual Loops": 1,
                                  "Heap Fetches": 0,
                                  "Shared Hit Blocks": 413,
                                  "Shared Read Blocks": 0,
                                  "Shared Dirtied Blocks": 0,
                                  "Shared Written Blocks": 0,
                                  "Local Hit Blocks": 0,
                                  "Local Read Blocks": 0,
                                  "Local Dirtied Blocks": 0,
                                  "Local Written Blocks": 0,
                                  "Temp Read Blocks": 0,
                                  "Temp Written Blocks": 0
                                }
                              ]
                            }
                          ]
                        }
                      ]
                    }
                  ]
                }
              ]
            }
          ]
        },
        {
          "Node Type": "Limit",
          "Parent Relationship": "Member",
          "Parallel Aware": false,
          "Async Capable": false,
          "Startup Cost": 500379.07,
          "Total Cost": 500379.09,
          "Plan Rows": 10,
          "Plan Width": 40,
          "Actual Startup Time": 6464.905,
          "Actual Total Time": 6649.11,
          "Actual Rows": 10,
          "Actual Loops": 1,
          "Shared Hit Blocks": 12193,
          "Shared Read Blocks": 137653,
          "Shared Dirtied Blocks": 0,
          "Shared Written Blocks": 0,
          "Local Hit Blocks": 0,
          "Local Read Blocks": 0,
          "Local Dirtied Blocks": 0,
          "Local Written Blocks": 0,
          "Temp Read Blocks": 54152,
          "Temp Written Blocks": 71017,
          "Plans": [
            {
              "Node Type": "Sort",
              "Parent Relationship": "Outer",
              "Parallel Aware": false,
              "Async Capable": false,
              "Startup Cost": 500379.07,
              "Total Cost": 501291.63,
              "Plan Rows": 365025,
              "Plan Width": 40,
              "Actual Startup Time": 6464.903,
              "Actual Total Time": 6649.107,
              "Actual Rows": 10,
              "Actual Loops": 1,
              "Sort Key": [
                "(sum(lineitem.l_quantity)) DESC"
              ],
              "Sort Method": "top-N heapsort",
              "Sort Space Used": 25,
              "Sort Space Type": "Memory",
              "Shared Hit Blocks": 12193,
              "Shared Read Blocks": 137653,
              "Shared Dirtied Blocks": 0,
              "Shared Written Blocks": 0,
              "Local Hit Blocks": 0,
              "Local Read Blocks": 0,
              "Local Dirtied Blocks": 0,
              "Local Written Blocks": 0,
              "Temp Read Blocks": 54152,
              "Temp Written Blocks": 71017,
              "Plans": [
                {
                  "Node Type": "Aggregate",
                  "Strategy": "Sorted",
                  "Partial Mode": "Finalize",
                  "Parent Relationship": "Outer",
                  "Parallel Aware": false,
                  "Async Capable": false,
                  "Startup Cost": 397274.37,
                  "Total Cost": 492491.01,
                  "Plan Rows": 365025,
                  "Plan Width": 40,
                  "Actual Startup Time": 5001.724,
                  "Actual Total Time": 6416.779,
                  "Actual Rows": 1023311,
                  "Actual Loops": 1,
                  "Group Key": [
                    "lineitem.l_orderkey"
                  ],
                  "Shared Hit Blocks": 12193,
                  "Shared Read Blocks": 137653,
                  "Shared Dirtied Blocks": 0,
                  "Shared Written Blocks": 0,
                  "Local Hit Blocks": 0,
                  "Local Read Blocks": 0,
                  "Local Dirtied Blocks": 0,
                  "Local Written Blocks": 0,
                  "Temp Read Blocks": 54152,
                  "Temp Written Blocks": 71017,
                  "Plans": [
                    {
                      "Node Type": "Gather Merge",
                      "Parent Relationship": "Outer",
                      "Parallel Aware": false,
                      "Async Capable": false,
                      "Startup Cost": 397274.37,
                      "Total Cost": 482452.82,
                      "Plan Rows": 730050,
                      "Plan Width": 40,
                      "Actual Startup Time": 5001.711,
                      "Actual Total Time": 5601.448,
                      "Actual Rows": 1023813,
                      "Actual Loops": 1,
                      "Workers Planned": 2,
                      "Workers Launched": 2,
                      "Shared Hit Blocks": 12193,
                      "Shared Read Blocks": 137653,
                      "Shared Dirtied Blocks": 0,
                      "Shared Written Blocks": 0,
                      "Local Hit Blocks": 0,
                      "Local Read Blocks": 0,
                      "Local Dirtied Blocks": 0,
                      "Local Written Blocks": 0,
                      "Temp Read Blocks": 54152,
                      "Temp Written Blocks": 71017,
                      "Plans": [
                        {
                          "Node Type": "Sort",
                          "Parent Relationship": "Outer",
                          "Parallel Aware": false,
                          "Async Capable": false,
                          "Startup Cost": 396274.35,
                          "Total Cost": 397186.91,
                          "Plan Rows": 365025,
                          "Plan Width": 40,
                          "Actual Startup Time": 4890.502,
                          "Actual Total Time": 4977.162,
                          "Actual Rows": 341271,
                          "Actual Loops": 3,
                          "Sort Key": [
                            "lineitem.l_orderkey"
                          ],
                          "Sort Method": "external merge",
                          "Sort Space Used": 26816,
                          "Sort Space Type": "Disk",
                          "Shared Hit Blocks": 12193,
                          "Shared Read Blocks": 137653,
                          "Shared Dirtied Blocks": 0,
                          "Shared Written Blocks": 0,
                          "Local Hit Blocks": 0,
                          "Local Read Blocks": 0,
                          "Local Dirtied Blocks": 0,
                          "Local Written Blocks": 0,
                          "Temp Read Blocks": 54152,
                          "Temp Written Blocks": 71017,
                          "Workers": [
                            {
                              "Worker Number": 0,
                              "Sort Method": "external merge",
                              "Sort Space Used": 27880,
                              "Sort Space Type": "Disk"
                            },
                            {
                              "Worker Number": 1,
                              "Sort Method": "external merge",
                              "Sort Space Used": 26640,
                              "Sort Space Type": "Disk"
                            }
                          ],
                          "Plans": [
                            {
                              "Node Type": "Aggregate",
                              "Strategy": "Hashed",
                              "Partial Mode": "Partial",
                              "Parent Relationship": "Outer",
                              "Parallel Aware": false,
                              "Async Capable": false,
                              "Startup Cost": 331374.62,
                              "Total Cost": 352568.36,
                              "Plan Rows": 365025,
                              "Plan Width": 40,
                              "Actual Startup Time": 3844.185,
                              "Actual Total Time": 4662.446,
                              "Actual Rows": 341271,
                              "Actual Loops": 3,
                              "Group Key": [
                                "lineitem.l_orderkey"
                              ],
                              "Planned Partitions": 16,
                              "HashAgg Batches": 17,
                              "Peak Memory Usage": 8337,
                              "Disk Usage": 47648,
                              "Shared Hit Blocks": 12177,
                              "Shared Read Blocks": 137653,
                              "Shared Dirtied Blocks": 0,
                              "Shared Written Blocks": 0,
                              "Local Hit Blocks": 0,
                              "Local Read Blocks": 0,
                              "Local Dirtied Blocks": 0,
                              "Local Written Blocks": 0,
                              "Temp Read Blocks": 43985,
                              "Temp Written Blocks": 60823,
                              "Workers": [
                                {
                                  "Worker Number": 0,
                                  "HashAgg Batches": 81,
                                  "Peak Memory Usage": 8337,
                                  "Disk Usage": 47768
                                },
                                {
                                  "Worker Number": 1,
                                  "HashAgg Batches": 17,
                                  "Peak Memory Usage": 8337,
                                  "Disk Usage": 47640
                                }
                              ],
                              "Plans": [
                                {
                                  "Node Type": "Hash Join",
                                  "Parent Relationship": "Outer",
                                  "Parallel Aware": true,
                                  "Async Capable": false,
                                  "Join Type": "Inner",
                                  "Startup Cost": 43134.01,
                                  "Total Cost": 222275.73,
                                  "Plan Rows": 1703007,
                                  "Plan Width": 13,
                                  "Actual Startup Time": 2424.382,
                                  "Actual Total Time": 3242.872,
                                  "Actual Rows": 1364710,
                                  "Actual Loops": 3,
                                  "Inner Unique": true,
                                  "Hash Cond": "(lineitem.l_orderkey = orders_1.o_orderkey)",
                                  "Shared Hit Blocks": 12177,
                                  "Shared Read Blocks": 137653,
                                  "Shared Dirtied Blocks": 0,
                                  "Shared Written Blocks": 0,
                                  "Local Hit Blocks": 0,
                                  "Local Read Blocks": 0,
                                  "Local Dirtied Blocks": 0,
                                  "Local Written Blocks": 0,
                                  "Temp Read Blocks": 27279,
                                  "Temp Written Blocks": 27344,
                                  "Workers": [],
                                  "Plans": [
                                    {
                                      "Node Type": "Seq Scan",
                                      "Parent Relationship": "Outer",
                                      "Parallel Aware": true,
                                      "Async Capable": false,
                                      "Relation Name": "lineitem",
                                      "Alias": "lineitem",
                                      "Startup Cost": 0.0,
                                      "Total Cost": 146492.49,
                                      "Plan Rows": 2500649,
                                      "Plan Width": 13,
                                      "Actual Startup Time": 0.651,
                                      "Actual Total Time": 1596.385,
                                      "Actual Rows": 2000405,
                                      "Actual Loops": 3,
                                      "Shared Hit Blocks": 1092,
                                      "Shared Read Blocks": 120394,
                                      "Shared Dirtied Blocks": 0,
                                      "Shared Written Blocks": 0,
                                      "Local Hit Blocks": 0,
                                      "Local Read Blocks": 0,
                                      "Local Dirtied Blocks": 0,
                                      "Local Written Blocks": 0,
                                      "Temp Read Blocks": 0,
                                      "Temp Written Blocks": 0,
                                      "Workers": []
                                    },
                                    {
                                      "Node Type": "Hash",
                                      "Parent Relationship": "Inner",
                                      "Parallel Aware": true,
                                      "Async Capable": false,
                                      "Startup Cost": 36150.5,
                                      "Total Cost": 36150.5,
                                      "Plan Rows": 425641,
                                      "Plan Width": 8,
                                      "Actual Startup Time": 305.726,
                                      "Actual Total Time": 305.726,
                                      "Actual Rows": 341104,
                                      "Actual Loops": 3,
                                      "Hash Buckets": 262144,
                                      "Original Hash Buckets": 262144,
                                      "Hash Batches": 8,
                                      "Original Hash Batches": 8,
                                      "Peak Memory Usage": 7072,
                                      "Shared Hit Blocks": 11079,
                                      "Shared Read Blocks": 17259,
                                      "Shared Dirtied Blocks": 0,
                                      "Shared Written Blocks": 0,
                                      "Local Hit Blocks": 0,
                                      "Local Read Blocks": 0,
                                      "Local Dirtied Blocks": 0,
                                      "Local Written Blocks": 0,
                                      "Temp Read Blocks": 0,
                                      "Temp Written Blocks": 3096,
                                      "Workers": [],
                                      "Plans": [
                                        {
                                          "Node Type": "Seq Scan",
                                          "Parent Relationship": "Outer",
                                          "Parallel Aware": true,
                                          "Async Capable": false,
                                          "Relation Name": "orders",
                                          "Alias": "orders_1",
                                          "Startup Cost": 0.0,
                                          "Total Cost": 36150.5,
                                          "Plan Rows": 425641,
                                          "Plan Width": 8,
                                          "Actual Startup Time": 0.905,
                                          "Actual Total Time": 211.24,
                                          "Actual Rows": 341104,
                                          "Actual Loops": 3,
                                          "Filter": "(o_orderdate < '1996-07-01'::date)",
                                          "Rows Removed by Filter": 158896,
                                          "Shared Hit Blocks": 11079,
                                          "Shared Read Blocks": 17259,
                                          "Shared Dirtied Blocks": 0,
                                          "Shared Written Blocks": 0,
                                          "Local Hit Blocks": 0,
                                          "Local Read Blocks": 0,
                                          "Local Dirtied Blocks": 0,
                                          "Local Written Blocks": 0,
                                          "Temp Read Blocks": 0,
                                          "Temp Written Blocks": 0,
                                          "Workers": []
                                        }
                                      ]
                                    }
                                  ]
                                }
                              ]
                            }
                          ]
                        }
                      ]
                    }
                  ]
                }
              ]
            }
          ]
        }
      ]
    },
    "Planning": {
      "Shared Hit Blocks": 31,
      "Shared Read Blocks": 2,
      "Shared Dirtied Blocks": 0,
      "Shared Written Blocks": 0,
      "Local Hit Blocks": 0,
      "Local Read Blocks": 0,
      "Local Dirtied Blocks": 0,
      "Local Written Blocks": 0,
      "Temp Read Blocks": 0,
      "Temp Written Blocks": 0
    },
    "Planning Time": 0.572,
    "Triggers": [],
    "Execution Time": 8268.218
  }
]