[
  {
    "Plan": {
      "Node Type": "Append",
      "Parallel Aware": false,
      "Async Capable": false,
      "Startup Cost": 1.56,
      "Total Cost": 6671.72,
      "Plan Rows": 31865,
      "Plan Width": 136,
      "Actual Startup Time": 0.043,
      "Actual Total Time": 76.41,
      "Actual Rows": 32273,
      "Actual Loops": 1,
      "Shared Hit Blocks": 2737,
      "Shared Read Blocks": 1233,
      "Shared Dirtied Blocks": 0,
      "Shared Written Blocks": 0,
      "Local Hit Blocks": 0,
      "Local Read Blocks": 0,
      "Local Dirtied Blocks": 0,
      "Local Written Blocks": 0,
      "Temp Read Blocks": 0,
      "Temp Written Blocks": 0,
      "Subplans Removed": 0,
      "Plans": [
        {
          "Node Type": "Hash Join",
          "Parent Relationship": "Member",
          "Parallel Aware": false,
          "Async Capable": false,
          "Join Type": "Inner",
          "Startup Cost": 1.56,
          "Total Cost": 6077.58,
          "Plan Rows": 26390,
          "Plan Width": 45,
          "Actual Startup Time": 0.042,
          "Actual Total Time": 66.486,
          "Actual Rows": 26801,
          "Actual Loops": 1,
          "Inner Unique": true,
          "Hash Cond": "(customer.c_nationkey = nation.n_nationkey)",
          "Shared Hit Blocks": 2734,
          "Shared Read Blocks": 1012,
          "Shared Dirtied Blocks": 0,
          "Shared Written Blocks": 0,
          "Local Hit Blocks": 0,
          "Local Read Blocks": 0,
          "Local Dirtied Blocks": 0,
          "Local Written Blocks": 0,
          "Temp Read Blocks": 0,
          "Temp Written Blocks": 0,
          "Plans": [
            {
              "Node Type": "Seq Scan",
              "Parent Relationship": "Outer",
              "Parallel Aware": false,
              "Async Capable": false,
              "Relation Name": "customer",
              "Alias": "customer",
              "Startup Cost": 0.0,
              "Total Cost": 5995.0,
              "Plan Rows": 26390,
              "Plan Width": 23,
              "Actual Startup Time": 0.011,
              "Actual Total Time": 59.413,
              "Actual Rows": 26801,
              "Actual Loops": 1,
              "Filter": "((c_acctbal > '100'::numeric) AND (c_mktsegment = 'AUTOMOBILE'::bpchar))",
              "Rows Removed by Filter": 123199,
              "Shared Hit Blocks": 2734,
              "Shared Read Blocks": 1011,
              "Shared Dirtied Blocks": 0,
              "Shared Written Blocks": 0,
              "Local Hit Blocks": 0,
              "Local Read Blocks": 0,
              "Local Dirtied Blocks": 0,
              "Local Written Blocks": 0,
              "Temp Read Blocks": 0,
              "Temp Written Blocks": 0
            },
            {
              "Node Type": "Hash",
              "Parent Relationship": "Inner",
              "Parallel Aware": false,
              "Async Capable": false,
              "Startup Cost": 1.25,
              "Total Cost": 1.25,
              "Plan Rows": 25,
              "Plan Width": 30,
              "Actual Startup Time": 0.024,
              "Actual Total Time": 0.025,
              "Actual Rows": 25,
              "Actual Loops": 1,
              "Hash Buckets": 1024,
              "Original Hash Buckets": 1024,
              "Hash Batches": 1,
              "Original Hash Batches": 1,
              "Peak Memory Usage": 10,
              "Shared Hit Blocks": 0,
              "Shared Read Blocks": 1,
              "Shared Dirtied Blocks": 0,
              "Shared Written Blocks": 0,
              "Local Hit Blocks": 0,
              "Local Read Blocks": 0,
              "Local Dirtied Blocks": 0,
              "Local Written Blocks": 0,
              "Temp Read Blocks": 0,
              "Temp Written Blocks": 0,
              "Plans": [
                {
                  "Node Type": "Seq Scan",
                  "Parent Relationship": "Outer",
                  "Parallel Aware": false,
                  "Async Capable": false,
                  "Relation Name": "nation",
                  "Alias": "nation",
                  "Startup Cost": 0.0,
                  "Total Cost": 1.25,
                  "Plan Rows": 25,
                  "Plan Width": 30,
                  "Actual Startup Time": 0.014,
                  "Actual Total Time": 0.018,
                  "Actual Rows": 25,
                  "Actual Loops": 1,
                  "Shared Hit Blocks": 0,
                  "Shared Read Blocks": 1,
                  "Shared Dirtied Blocks": 0,
                  "Shared Written Blocks": 0,
                  "Local Hit Blocks": 0,
                  "Local Read Blocks": 0,
                  "Local Dirtied Blocks": 0,
                  "Local Written Blocks": 0,
                  "Temp Read Blocks": 0,
                  "Temp Written Blocks": 0
                }
              ]
            }
          ]
        },
        {
          "Node Type": "Subquery Scan",
          "Parent Relationship": "Member",
          "Parallel Aware": false,
          "Async Capable": false,
          "Alias": "*SELECT* 2",
          "Startup Cost": 1.56,
          "Total Cost": 434.81,
          "Plan Rows": 5475,
          "Plan Width": 58,
          "Actual Startup Time": 0.091,
          "Actual Total Time": 7.078,
          "Actual Rows": 5472,
          "Actual Loops": 1,
          "Shared Hit Blocks": 3,
          "Shared Read Blocks": 221,
          "Shared Dirtied Blocks": 0,
          "Shared Written Blocks": 0,
          "Local Hit Blocks": 0,
          "Local Read Blocks": 0,
          "Local Dirtied Blocks": 0,
          "Local Written Blocks": 0,
          "Temp Read Blocks": 0,
          "Temp Written Blocks": 0,
          "Plans": [
            {
              "Node Type": "Hash Join",
              "Parent Relationship": "Subquery",
              "Parallel Aware": false,
              "Async Capable": false,
              "Join Type": "Inner",
              "Startup Cost": 1.56,
              "Total Cost": 366.37,
              "Plan Rows": 5475,
              "Plan Width": 52,
              "Actual Startup Time": 0.088,
              "Actual Total Time": 4.992,
              "Actual Rows": 5472,
              "Actual Loops": 1,
              "Inner Unique": true,
              "Hash Cond": "(supplier.s_nationkey = nation_1.n_nationkey)",
              "Shared Hit Blocks": 3,
              "Shared Read Blocks": 221,
              "Shared Dirtied Blocks": 0,
              "Shared Written Blocks": 0,
              "Local Hit Blocks": 0,
              "Local Read Blocks": 0,
              "Local Dirtied Blocks": 0,
              "Local Written Blocks": 0,
              "Temp Read Blocks": 0,
              "Temp Written Blocks": 0,
              "Plans": [
                {
                  "Node Type": "Seq Scan",
                  "Parent Relationship": "Outer",
                  "Parallel Aware": false,
                  "Async Capable": false,
                  "Relation Name": "supplier",
                  "Alias": "supplier",
                  "Startup Cost": 0.0,
                  "Total Cost": 348.0,
                  "Plan Rows": 5475,
                  "Plan Width": 30,
                  "Actual Startup Time": 0.038,
                  "Actual Total Time": 3.587,
                  "Actual Rows": 5472,
                  "Actual Loops": 1,
                  "Filter": "(s_acctbal > '4000'::numeric)",
                  "Rows Removed by Filter": 4528,
                  "Shared Hit Blocks": 2,
                  "Shared Read Blocks": 221,
                  "Shared Dirtied Blocks": 0,
                  "Shared Written Blocks": 0,
                  "Local Hit Blocks": 0,
                  "Local Read Blocks": 0,
                  "Local Dirtied Blocks": 0,
                  "Local Written Blocks": 0,
                  "Temp Read Blocks": 0,
                  "Temp Written Blocks": 0
                },
                {
                  "Node Type": "Hash",
                  "Parent Relationship": "Inner",
                  "Parallel Aware": false,
                  "Async Capable": false,
                  "Startup Cost": 1.25,
                  "Total Cost": 1.25,
                  "Plan Rows": 25,
                  "Plan Width": 30,
                  "Actual Startup Time": 0.033,
                  "Actual Total Time": 0.034,
                  "Actual Rows": 25,
                  "Actual Loops": 1,
                  "Hash Buckets": 1024,
                  "Original Hash Buckets": 1024,
                  "Hash Batches": 1,
                  "Original Hash Batches": 1,
                  "Peak Memory Usage": 10,
                  "Shared Hit Blocks": 1,
                  "Shared Read Blocks": 0,
                  "Shared Dirtied Blocks": 0,
                  "Shared Written Blocks": 0,
                  "Local Hit Blocks": 0,
                  "Local Read Blocks": 0,
                  "Local Dirtied Blocks": 0,
                  "Local Written Blocks": 0,
                  "Temp Read Blocks": 0,
                  "Temp Written Blocks": 0,
                  "Plans": [
                    {
                      "Node Type": "Seq Scan",
                      "Parent Relationship": "Outer",
                      "Parallel Aware": false,
                      "Async Capable": false,
                      "Relation Name": "nation",
                      "Alias": "nation_1",
                      "Startup Cost": 0.0,
                      "Total Cost": 1.25,
                      "Plan Rows": 25,
                      "Plan Width": 30,
                      "Actual Startup Time": 0.012,
                      "Actual Total Time": 0.016,
                      "Actual Rows": 25,
                      "Actual Loops": 1,
                      "Shared Hit Blocks": 1,
                      "Shared Read Blocks": 0,
                      "Shared Dirtied Blocks": 0,
                      "Shared Written Blocks": 0,
                      "Local Hit Blocks": 0,
                      "Local Read Blocks": 0,
                      "Local Dirtied Blocks": 0,
                      "Local Written Blocks": 0,
                      "Temp Read Blocks": 0,
                      "Temp Written Blocks": 0
                    }
                  ]
                }
              ]
            }
          ]
        }
      ]
    },
    "Planning": {
      "Shared Hit Blocks": 11,
      "Shared Read Blocks": 3,
      "Shared Dirtied Blocks": 0,
      "Shared Written Blocks": 0,
      "Local Hit Blocks": 0,
      "Local Read Blocks": 0,
      "Local Dirtied Blocks": 0,
      "Local Written Blocks": 0,
      "Temp Read Blocks": 0,
      "Temp Written Blocks": 0
    },
    "Planning Time": 0.373,
    "Triggers": [],
    "Execution Time": 78.215
  }
]